[2023-07-18T19:05:34.738+0000] {processor.py:157} INFO - Started process (PID=31) to work on /opt/airflow/dags/first_dag.py
[2023-07-18T19:05:34.743+0000] {processor.py:826} INFO - Processing file /opt/airflow/dags/first_dag.py for tasks to queue
[2023-07-18T19:05:34.748+0000] {logging_mixin.py:150} INFO - [2023-07-18T19:05:34.747+0000] {dagbag.py:541} INFO - Filling up the DagBag from /opt/airflow/dags/first_dag.py
[2023-07-18T19:05:37.007+0000] {logging_mixin.py:150} INFO - All Dag modules are ok ......
[2023-07-18T19:05:37.063+0000] {processor.py:836} INFO - DAG(s) dict_keys(['first_dag']) retrieved from /opt/airflow/dags/first_dag.py
[2023-07-18T19:05:37.479+0000] {logging_mixin.py:150} INFO - [2023-07-18T19:05:37.477+0000] {dag.py:2742} INFO - Sync 1 DAGs
[2023-07-18T19:05:37.584+0000] {logging_mixin.py:150} INFO - [2023-07-18T19:05:37.584+0000] {dag.py:3508} INFO - Setting next_dagrun for first_dag to 2023-07-18T00:00:00+00:00, run_after=2023-07-19T00:00:00+00:00
[2023-07-18T19:05:37.652+0000] {processor.py:179} INFO - Processing /opt/airflow/dags/first_dag.py took 2.923 seconds
[2023-07-18T19:06:08.938+0000] {processor.py:157} INFO - Started process (PID=95) to work on /opt/airflow/dags/first_dag.py
[2023-07-18T19:06:08.970+0000] {processor.py:826} INFO - Processing file /opt/airflow/dags/first_dag.py for tasks to queue
[2023-07-18T19:06:08.980+0000] {logging_mixin.py:150} INFO - [2023-07-18T19:06:08.978+0000] {dagbag.py:541} INFO - Filling up the DagBag from /opt/airflow/dags/first_dag.py
[2023-07-18T19:06:10.388+0000] {logging_mixin.py:150} INFO - All Dag modules are ok ......
[2023-07-18T19:06:10.446+0000] {processor.py:836} INFO - DAG(s) dict_keys(['first_dag']) retrieved from /opt/airflow/dags/first_dag.py
[2023-07-18T19:06:10.616+0000] {logging_mixin.py:150} INFO - [2023-07-18T19:06:10.616+0000] {dag.py:2742} INFO - Sync 1 DAGs
[2023-07-18T19:06:10.714+0000] {logging_mixin.py:150} INFO - [2023-07-18T19:06:10.714+0000] {dag.py:3508} INFO - Setting next_dagrun for first_dag to 2023-07-18T00:00:00+00:00, run_after=2023-07-19T00:00:00+00:00
[2023-07-18T19:06:10.766+0000] {processor.py:179} INFO - Processing /opt/airflow/dags/first_dag.py took 1.901 seconds
[2023-07-18T19:06:42.014+0000] {processor.py:157} INFO - Started process (PID=157) to work on /opt/airflow/dags/first_dag.py
[2023-07-18T19:06:42.017+0000] {processor.py:826} INFO - Processing file /opt/airflow/dags/first_dag.py for tasks to queue
[2023-07-18T19:06:42.019+0000] {logging_mixin.py:150} INFO - [2023-07-18T19:06:42.019+0000] {dagbag.py:541} INFO - Filling up the DagBag from /opt/airflow/dags/first_dag.py
[2023-07-18T19:06:42.767+0000] {logging_mixin.py:150} INFO - All Dag modules are ok ......
[2023-07-18T19:06:42.967+0000] {processor.py:836} INFO - DAG(s) dict_keys(['first_dag']) retrieved from /opt/airflow/dags/first_dag.py
[2023-07-18T19:06:43.227+0000] {logging_mixin.py:150} INFO - [2023-07-18T19:06:43.226+0000] {dag.py:2742} INFO - Sync 1 DAGs
[2023-07-18T19:06:43.354+0000] {logging_mixin.py:150} INFO - [2023-07-18T19:06:43.354+0000] {dag.py:3508} INFO - Setting next_dagrun for first_dag to 2023-07-18T00:00:00+00:00, run_after=2023-07-19T00:00:00+00:00
[2023-07-18T19:06:43.419+0000] {processor.py:179} INFO - Processing /opt/airflow/dags/first_dag.py took 1.435 seconds
[2023-07-18T19:07:47.051+0000] {processor.py:157} INFO - Started process (PID=31) to work on /opt/airflow/dags/first_dag.py
[2023-07-18T19:07:47.054+0000] {processor.py:826} INFO - Processing file /opt/airflow/dags/first_dag.py for tasks to queue
[2023-07-18T19:07:47.067+0000] {logging_mixin.py:150} INFO - [2023-07-18T19:07:47.058+0000] {dagbag.py:541} INFO - Filling up the DagBag from /opt/airflow/dags/first_dag.py
[2023-07-18T19:07:49.261+0000] {logging_mixin.py:150} INFO - All Dag modules are ok ......
[2023-07-18T19:07:49.293+0000] {processor.py:836} INFO - DAG(s) dict_keys(['first_dag']) retrieved from /opt/airflow/dags/first_dag.py
[2023-07-18T19:07:49.412+0000] {logging_mixin.py:150} INFO - [2023-07-18T19:07:49.411+0000] {dag.py:2742} INFO - Sync 1 DAGs
[2023-07-18T19:07:49.463+0000] {logging_mixin.py:150} INFO - [2023-07-18T19:07:49.462+0000] {dag.py:3508} INFO - Setting next_dagrun for first_dag to 2023-07-18T00:00:00+00:00, run_after=2023-07-19T00:00:00+00:00
[2023-07-18T19:07:49.496+0000] {processor.py:179} INFO - Processing /opt/airflow/dags/first_dag.py took 2.452 seconds
[2023-07-18T19:08:19.741+0000] {processor.py:157} INFO - Started process (PID=95) to work on /opt/airflow/dags/first_dag.py
[2023-07-18T19:08:19.744+0000] {processor.py:826} INFO - Processing file /opt/airflow/dags/first_dag.py for tasks to queue
[2023-07-18T19:08:19.749+0000] {logging_mixin.py:150} INFO - [2023-07-18T19:08:19.748+0000] {dagbag.py:541} INFO - Filling up the DagBag from /opt/airflow/dags/first_dag.py
[2023-07-18T19:08:23.191+0000] {logging_mixin.py:150} INFO - All Dag modules are ok ......
[2023-07-18T19:08:23.324+0000] {processor.py:836} INFO - DAG(s) dict_keys(['first_dag']) retrieved from /opt/airflow/dags/first_dag.py
[2023-07-18T19:08:23.707+0000] {logging_mixin.py:150} INFO - [2023-07-18T19:08:23.705+0000] {dag.py:2742} INFO - Sync 1 DAGs
[2023-07-18T19:08:23.919+0000] {logging_mixin.py:150} INFO - [2023-07-18T19:08:23.918+0000] {dag.py:3508} INFO - Setting next_dagrun for first_dag to 2023-07-18T00:00:00+00:00, run_after=2023-07-19T00:00:00+00:00
[2023-07-18T19:08:24.092+0000] {processor.py:179} INFO - Processing /opt/airflow/dags/first_dag.py took 4.357 seconds
[2023-07-18T19:08:54.979+0000] {processor.py:157} INFO - Started process (PID=159) to work on /opt/airflow/dags/first_dag.py
[2023-07-18T19:08:54.984+0000] {processor.py:826} INFO - Processing file /opt/airflow/dags/first_dag.py for tasks to queue
[2023-07-18T19:08:54.989+0000] {logging_mixin.py:150} INFO - [2023-07-18T19:08:54.988+0000] {dagbag.py:541} INFO - Filling up the DagBag from /opt/airflow/dags/first_dag.py
[2023-07-18T19:08:55.708+0000] {logging_mixin.py:150} INFO - All Dag modules are ok ......
[2023-07-18T19:08:55.743+0000] {processor.py:836} INFO - DAG(s) dict_keys(['first_dag']) retrieved from /opt/airflow/dags/first_dag.py
[2023-07-18T19:08:55.814+0000] {logging_mixin.py:150} INFO - [2023-07-18T19:08:55.814+0000] {dag.py:2742} INFO - Sync 1 DAGs
[2023-07-18T19:08:55.856+0000] {logging_mixin.py:150} INFO - [2023-07-18T19:08:55.856+0000] {dag.py:3508} INFO - Setting next_dagrun for first_dag to 2023-07-18T00:00:00+00:00, run_after=2023-07-19T00:00:00+00:00
[2023-07-18T19:08:55.902+0000] {processor.py:179} INFO - Processing /opt/airflow/dags/first_dag.py took 0.934 seconds
[2023-07-18T19:10:02.803+0000] {processor.py:157} INFO - Started process (PID=226) to work on /opt/airflow/dags/first_dag.py
[2023-07-18T19:10:02.818+0000] {processor.py:826} INFO - Processing file /opt/airflow/dags/first_dag.py for tasks to queue
[2023-07-18T19:10:02.860+0000] {logging_mixin.py:150} INFO - [2023-07-18T19:10:02.826+0000] {dagbag.py:541} INFO - Filling up the DagBag from /opt/airflow/dags/first_dag.py
[2023-07-18T19:10:06.964+0000] {logging_mixin.py:150} INFO - All Dag modules are ok ......
[2023-07-18T19:10:08.021+0000] {processor.py:836} INFO - DAG(s) dict_keys(['first_dag']) retrieved from /opt/airflow/dags/first_dag.py
[2023-07-18T19:10:08.542+0000] {logging_mixin.py:150} INFO - [2023-07-18T19:10:08.540+0000] {dag.py:2742} INFO - Sync 1 DAGs
[2023-07-18T19:10:08.876+0000] {logging_mixin.py:150} INFO - [2023-07-18T19:10:08.875+0000] {dag.py:3508} INFO - Setting next_dagrun for first_dag to 2023-07-18T00:00:00+00:00, run_after=2023-07-19T00:00:00+00:00
[2023-07-18T19:10:09.175+0000] {processor.py:179} INFO - Processing /opt/airflow/dags/first_dag.py took 6.457 seconds
[2023-07-18T19:10:39.658+0000] {processor.py:157} INFO - Started process (PID=290) to work on /opt/airflow/dags/first_dag.py
[2023-07-18T19:10:39.671+0000] {processor.py:826} INFO - Processing file /opt/airflow/dags/first_dag.py for tasks to queue
[2023-07-18T19:10:39.674+0000] {logging_mixin.py:150} INFO - [2023-07-18T19:10:39.673+0000] {dagbag.py:541} INFO - Filling up the DagBag from /opt/airflow/dags/first_dag.py
[2023-07-18T19:10:40.447+0000] {logging_mixin.py:150} INFO - All Dag modules are ok ......
[2023-07-18T19:10:40.483+0000] {processor.py:836} INFO - DAG(s) dict_keys(['first_dag']) retrieved from /opt/airflow/dags/first_dag.py
[2023-07-18T19:10:40.554+0000] {logging_mixin.py:150} INFO - [2023-07-18T19:10:40.553+0000] {dag.py:2742} INFO - Sync 1 DAGs
[2023-07-18T19:10:40.608+0000] {logging_mixin.py:150} INFO - [2023-07-18T19:10:40.608+0000] {dag.py:3508} INFO - Setting next_dagrun for first_dag to 2023-07-18T00:00:00+00:00, run_after=2023-07-19T00:00:00+00:00
[2023-07-18T19:10:40.634+0000] {processor.py:179} INFO - Processing /opt/airflow/dags/first_dag.py took 0.985 seconds
[2023-07-18T19:11:10.847+0000] {processor.py:157} INFO - Started process (PID=354) to work on /opt/airflow/dags/first_dag.py
[2023-07-18T19:11:10.849+0000] {processor.py:826} INFO - Processing file /opt/airflow/dags/first_dag.py for tasks to queue
[2023-07-18T19:11:10.850+0000] {logging_mixin.py:150} INFO - [2023-07-18T19:11:10.850+0000] {dagbag.py:541} INFO - Filling up the DagBag from /opt/airflow/dags/first_dag.py
[2023-07-18T19:11:11.409+0000] {logging_mixin.py:150} INFO - All Dag modules are ok ......
[2023-07-18T19:11:11.433+0000] {processor.py:836} INFO - DAG(s) dict_keys(['first_dag']) retrieved from /opt/airflow/dags/first_dag.py
[2023-07-18T19:11:11.499+0000] {logging_mixin.py:150} INFO - [2023-07-18T19:11:11.498+0000] {dag.py:2742} INFO - Sync 1 DAGs
[2023-07-18T19:11:11.530+0000] {logging_mixin.py:150} INFO - [2023-07-18T19:11:11.530+0000] {dag.py:3508} INFO - Setting next_dagrun for first_dag to 2023-07-18T00:00:00+00:00, run_after=2023-07-19T00:00:00+00:00
[2023-07-18T19:11:11.582+0000] {processor.py:179} INFO - Processing /opt/airflow/dags/first_dag.py took 0.738 seconds
[2023-07-18T19:11:42.549+0000] {processor.py:157} INFO - Started process (PID=420) to work on /opt/airflow/dags/first_dag.py
[2023-07-18T19:11:42.552+0000] {processor.py:826} INFO - Processing file /opt/airflow/dags/first_dag.py for tasks to queue
[2023-07-18T19:11:42.557+0000] {logging_mixin.py:150} INFO - [2023-07-18T19:11:42.556+0000] {dagbag.py:541} INFO - Filling up the DagBag from /opt/airflow/dags/first_dag.py
[2023-07-18T19:11:43.182+0000] {logging_mixin.py:150} INFO - All Dag modules are ok ......
[2023-07-18T19:11:43.226+0000] {processor.py:836} INFO - DAG(s) dict_keys(['first_dag']) retrieved from /opt/airflow/dags/first_dag.py
[2023-07-18T19:11:43.310+0000] {logging_mixin.py:150} INFO - [2023-07-18T19:11:43.310+0000] {dag.py:2742} INFO - Sync 1 DAGs
[2023-07-18T19:11:43.365+0000] {logging_mixin.py:150} INFO - [2023-07-18T19:11:43.365+0000] {dag.py:3508} INFO - Setting next_dagrun for first_dag to 2023-07-18T00:00:00+00:00, run_after=2023-07-19T00:00:00+00:00
[2023-07-18T19:11:43.396+0000] {processor.py:179} INFO - Processing /opt/airflow/dags/first_dag.py took 0.855 seconds
[2023-07-18T19:12:17.491+0000] {processor.py:157} INFO - Started process (PID=461) to work on /opt/airflow/dags/first_dag.py
[2023-07-18T19:12:17.507+0000] {processor.py:826} INFO - Processing file /opt/airflow/dags/first_dag.py for tasks to queue
[2023-07-18T19:12:17.518+0000] {logging_mixin.py:150} INFO - [2023-07-18T19:12:17.517+0000] {dagbag.py:541} INFO - Filling up the DagBag from /opt/airflow/dags/first_dag.py
[2023-07-18T19:12:28.479+0000] {logging_mixin.py:150} INFO - All Dag modules are ok ......
[2023-07-18T19:12:28.969+0000] {processor.py:836} INFO - DAG(s) dict_keys(['first_dag']) retrieved from /opt/airflow/dags/first_dag.py
[2023-07-18T19:12:29.627+0000] {logging_mixin.py:150} INFO - [2023-07-18T19:12:29.619+0000] {dag.py:2742} INFO - Sync 1 DAGs
[2023-07-18T19:12:29.825+0000] {logging_mixin.py:150} INFO - [2023-07-18T19:12:29.825+0000] {dag.py:3508} INFO - Setting next_dagrun for first_dag to 2023-07-18T00:00:00+00:00, run_after=2023-07-19T00:00:00+00:00
[2023-07-18T19:12:29.996+0000] {processor.py:179} INFO - Processing /opt/airflow/dags/first_dag.py took 12.632 seconds
[2023-07-18T19:13:47.796+0000] {processor.py:157} INFO - Started process (PID=536) to work on /opt/airflow/dags/first_dag.py
[2023-07-18T19:13:47.807+0000] {processor.py:826} INFO - Processing file /opt/airflow/dags/first_dag.py for tasks to queue
[2023-07-18T19:13:47.813+0000] {logging_mixin.py:150} INFO - [2023-07-18T19:13:47.812+0000] {dagbag.py:541} INFO - Filling up the DagBag from /opt/airflow/dags/first_dag.py
[2023-07-18T19:14:23.168+0000] {logging_mixin.py:150} INFO - [2023-07-18T19:14:18.298+0000] {timeout.py:68} ERROR - Process timed out, PID: 536
[2023-07-18T19:14:24.034+0000] {logging_mixin.py:150} INFO - Error  DagBag import timeout for /opt/airflow/dags/first_dag.py after 30.0s.
Please take a look at these docs to improve your DAG import time:
* https://airflow.apache.org/docs/apache-airflow/2.6.3/best-practices.html#top-level-python-code
* https://airflow.apache.org/docs/apache-airflow/2.6.3/best-practices.html#reducing-dag-complexity, PID: 536 
[2023-07-18T19:14:31.604+0000] {processor.py:836} INFO - DAG(s) dict_keys(['first_dag']) retrieved from /opt/airflow/dags/first_dag.py
[2023-07-18T19:17:43.423+0000] {processor.py:157} INFO - Started process (PID=621) to work on /opt/airflow/dags/first_dag.py
[2023-07-18T19:17:43.476+0000] {processor.py:826} INFO - Processing file /opt/airflow/dags/first_dag.py for tasks to queue
[2023-07-18T19:17:43.499+0000] {logging_mixin.py:150} INFO - [2023-07-18T19:17:43.497+0000] {dagbag.py:541} INFO - Filling up the DagBag from /opt/airflow/dags/first_dag.py
[2023-07-18T19:17:55.098+0000] {logging_mixin.py:150} INFO - All Dag modules are ok ......
[2023-07-18T19:17:55.886+0000] {processor.py:836} INFO - DAG(s) dict_keys(['first_dag']) retrieved from /opt/airflow/dags/first_dag.py
[2023-07-18T19:18:04.648+0000] {logging_mixin.py:150} INFO - [2023-07-18T19:18:04.576+0000] {dag.py:2742} INFO - Sync 1 DAGs
[2023-07-18T19:18:10.503+0000] {logging_mixin.py:150} INFO - [2023-07-18T19:18:10.481+0000] {dag.py:3508} INFO - Setting next_dagrun for first_dag to 2023-07-18T00:00:00+00:00, run_after=2023-07-19T00:00:00+00:00
[2023-07-18T19:18:13.429+0000] {processor.py:179} INFO - Processing /opt/airflow/dags/first_dag.py took 30.362 seconds
