[2023-07-18T19:05:55.690+0000] {processor.py:157} INFO - Started process (PID=73) to work on /home/airflow/.local/lib/python3.7/site-packages/airflow/example_dags/example_short_circuit_decorator.py
[2023-07-18T19:05:55.695+0000] {processor.py:826} INFO - Processing file /home/airflow/.local/lib/python3.7/site-packages/airflow/example_dags/example_short_circuit_decorator.py for tasks to queue
[2023-07-18T19:05:55.698+0000] {logging_mixin.py:150} INFO - [2023-07-18T19:05:55.698+0000] {dagbag.py:541} INFO - Filling up the DagBag from /home/airflow/.local/lib/python3.7/site-packages/airflow/example_dags/example_short_circuit_decorator.py
[2023-07-18T19:05:55.743+0000] {processor.py:836} INFO - DAG(s) dict_keys(['example_short_circuit_decorator']) retrieved from /home/airflow/.local/lib/python3.7/site-packages/airflow/example_dags/example_short_circuit_decorator.py
[2023-07-18T19:05:55.822+0000] {logging_mixin.py:150} INFO - [2023-07-18T19:05:55.821+0000] {dag.py:2742} INFO - Sync 1 DAGs
[2023-07-18T19:05:55.867+0000] {logging_mixin.py:150} INFO - [2023-07-18T19:05:55.865+0000] {dag.py:3508} INFO - Setting next_dagrun for example_short_circuit_decorator to 2023-07-17T19:05:55.865515+00:00, run_after=2023-07-18T19:05:55.865515+00:00
[2023-07-18T19:05:55.895+0000] {processor.py:179} INFO - Processing /home/airflow/.local/lib/python3.7/site-packages/airflow/example_dags/example_short_circuit_decorator.py took 0.209 seconds
[2023-07-18T19:06:26.845+0000] {processor.py:157} INFO - Started process (PID=135) to work on /home/airflow/.local/lib/python3.7/site-packages/airflow/example_dags/example_short_circuit_decorator.py
[2023-07-18T19:06:26.848+0000] {processor.py:826} INFO - Processing file /home/airflow/.local/lib/python3.7/site-packages/airflow/example_dags/example_short_circuit_decorator.py for tasks to queue
[2023-07-18T19:06:26.849+0000] {logging_mixin.py:150} INFO - [2023-07-18T19:06:26.849+0000] {dagbag.py:541} INFO - Filling up the DagBag from /home/airflow/.local/lib/python3.7/site-packages/airflow/example_dags/example_short_circuit_decorator.py
[2023-07-18T19:06:26.883+0000] {processor.py:836} INFO - DAG(s) dict_keys(['example_short_circuit_decorator']) retrieved from /home/airflow/.local/lib/python3.7/site-packages/airflow/example_dags/example_short_circuit_decorator.py
[2023-07-18T19:06:26.962+0000] {logging_mixin.py:150} INFO - [2023-07-18T19:06:26.961+0000] {dag.py:2742} INFO - Sync 1 DAGs
[2023-07-18T19:06:27.000+0000] {logging_mixin.py:150} INFO - [2023-07-18T19:06:27.000+0000] {dag.py:3508} INFO - Setting next_dagrun for example_short_circuit_decorator to 2023-07-17T19:06:26.998673+00:00, run_after=2023-07-18T19:06:26.998673+00:00
[2023-07-18T19:06:27.031+0000] {processor.py:179} INFO - Processing /home/airflow/.local/lib/python3.7/site-packages/airflow/example_dags/example_short_circuit_decorator.py took 0.191 seconds
[2023-07-18T19:08:00.908+0000] {processor.py:157} INFO - Started process (PID=73) to work on /home/airflow/.local/lib/python3.7/site-packages/airflow/example_dags/example_short_circuit_decorator.py
[2023-07-18T19:08:00.933+0000] {processor.py:826} INFO - Processing file /home/airflow/.local/lib/python3.7/site-packages/airflow/example_dags/example_short_circuit_decorator.py for tasks to queue
[2023-07-18T19:08:00.943+0000] {logging_mixin.py:150} INFO - [2023-07-18T19:08:00.942+0000] {dagbag.py:541} INFO - Filling up the DagBag from /home/airflow/.local/lib/python3.7/site-packages/airflow/example_dags/example_short_circuit_decorator.py
[2023-07-18T19:08:01.098+0000] {processor.py:836} INFO - DAG(s) dict_keys(['example_short_circuit_decorator']) retrieved from /home/airflow/.local/lib/python3.7/site-packages/airflow/example_dags/example_short_circuit_decorator.py
[2023-07-18T19:08:01.225+0000] {logging_mixin.py:150} INFO - [2023-07-18T19:08:01.225+0000] {dag.py:2742} INFO - Sync 1 DAGs
[2023-07-18T19:08:01.300+0000] {logging_mixin.py:150} INFO - [2023-07-18T19:08:01.300+0000] {dag.py:3508} INFO - Setting next_dagrun for example_short_circuit_decorator to 2023-07-17T19:08:01.299889+00:00, run_after=2023-07-18T19:08:01.299889+00:00
[2023-07-18T19:08:01.359+0000] {processor.py:179} INFO - Processing /home/airflow/.local/lib/python3.7/site-packages/airflow/example_dags/example_short_circuit_decorator.py took 0.475 seconds
[2023-07-18T19:08:34.105+0000] {processor.py:157} INFO - Started process (PID=135) to work on /home/airflow/.local/lib/python3.7/site-packages/airflow/example_dags/example_short_circuit_decorator.py
[2023-07-18T19:08:34.112+0000] {processor.py:826} INFO - Processing file /home/airflow/.local/lib/python3.7/site-packages/airflow/example_dags/example_short_circuit_decorator.py for tasks to queue
[2023-07-18T19:08:34.117+0000] {logging_mixin.py:150} INFO - [2023-07-18T19:08:34.115+0000] {dagbag.py:541} INFO - Filling up the DagBag from /home/airflow/.local/lib/python3.7/site-packages/airflow/example_dags/example_short_circuit_decorator.py
[2023-07-18T19:08:34.157+0000] {processor.py:836} INFO - DAG(s) dict_keys(['example_short_circuit_decorator']) retrieved from /home/airflow/.local/lib/python3.7/site-packages/airflow/example_dags/example_short_circuit_decorator.py
[2023-07-18T19:08:34.238+0000] {logging_mixin.py:150} INFO - [2023-07-18T19:08:34.237+0000] {dag.py:2742} INFO - Sync 1 DAGs
[2023-07-18T19:08:34.290+0000] {logging_mixin.py:150} INFO - [2023-07-18T19:08:34.290+0000] {dag.py:3508} INFO - Setting next_dagrun for example_short_circuit_decorator to 2023-07-17T19:08:34.289861+00:00, run_after=2023-07-18T19:08:34.289861+00:00
[2023-07-18T19:08:34.344+0000] {processor.py:179} INFO - Processing /home/airflow/.local/lib/python3.7/site-packages/airflow/example_dags/example_short_circuit_decorator.py took 0.263 seconds
[2023-07-18T19:09:38.669+0000] {processor.py:157} INFO - Started process (PID=207) to work on /home/airflow/.local/lib/python3.7/site-packages/airflow/example_dags/example_short_circuit_decorator.py
[2023-07-18T19:09:38.680+0000] {processor.py:826} INFO - Processing file /home/airflow/.local/lib/python3.7/site-packages/airflow/example_dags/example_short_circuit_decorator.py for tasks to queue
[2023-07-18T19:09:38.695+0000] {logging_mixin.py:150} INFO - [2023-07-18T19:09:38.694+0000] {dagbag.py:541} INFO - Filling up the DagBag from /home/airflow/.local/lib/python3.7/site-packages/airflow/example_dags/example_short_circuit_decorator.py
[2023-07-18T19:09:38.906+0000] {processor.py:836} INFO - DAG(s) dict_keys(['example_short_circuit_decorator']) retrieved from /home/airflow/.local/lib/python3.7/site-packages/airflow/example_dags/example_short_circuit_decorator.py
[2023-07-18T19:09:39.356+0000] {logging_mixin.py:150} INFO - [2023-07-18T19:09:39.353+0000] {dag.py:2742} INFO - Sync 1 DAGs
[2023-07-18T19:09:39.628+0000] {logging_mixin.py:150} INFO - [2023-07-18T19:09:39.623+0000] {dag.py:3508} INFO - Setting next_dagrun for example_short_circuit_decorator to 2023-07-17T19:09:39.616336+00:00, run_after=2023-07-18T19:09:39.616336+00:00
[2023-07-18T19:09:39.886+0000] {processor.py:179} INFO - Processing /home/airflow/.local/lib/python3.7/site-packages/airflow/example_dags/example_short_circuit_decorator.py took 1.303 seconds
[2023-07-18T19:10:23.483+0000] {processor.py:157} INFO - Started process (PID=269) to work on /home/airflow/.local/lib/python3.7/site-packages/airflow/example_dags/example_short_circuit_decorator.py
[2023-07-18T19:10:23.501+0000] {processor.py:826} INFO - Processing file /home/airflow/.local/lib/python3.7/site-packages/airflow/example_dags/example_short_circuit_decorator.py for tasks to queue
[2023-07-18T19:10:23.538+0000] {logging_mixin.py:150} INFO - [2023-07-18T19:10:23.536+0000] {dagbag.py:541} INFO - Filling up the DagBag from /home/airflow/.local/lib/python3.7/site-packages/airflow/example_dags/example_short_circuit_decorator.py
[2023-07-18T19:10:23.645+0000] {processor.py:836} INFO - DAG(s) dict_keys(['example_short_circuit_decorator']) retrieved from /home/airflow/.local/lib/python3.7/site-packages/airflow/example_dags/example_short_circuit_decorator.py
[2023-07-18T19:10:23.947+0000] {logging_mixin.py:150} INFO - [2023-07-18T19:10:23.944+0000] {dag.py:2742} INFO - Sync 1 DAGs
[2023-07-18T19:10:24.134+0000] {logging_mixin.py:150} INFO - [2023-07-18T19:10:24.133+0000] {dag.py:3508} INFO - Setting next_dagrun for example_short_circuit_decorator to 2023-07-17T19:10:24.122129+00:00, run_after=2023-07-18T19:10:24.122129+00:00
[2023-07-18T19:10:24.178+0000] {processor.py:179} INFO - Processing /home/airflow/.local/lib/python3.7/site-packages/airflow/example_dags/example_short_circuit_decorator.py took 0.730 seconds
[2023-07-18T19:10:55.821+0000] {processor.py:157} INFO - Started process (PID=332) to work on /home/airflow/.local/lib/python3.7/site-packages/airflow/example_dags/example_short_circuit_decorator.py
[2023-07-18T19:10:55.830+0000] {processor.py:826} INFO - Processing file /home/airflow/.local/lib/python3.7/site-packages/airflow/example_dags/example_short_circuit_decorator.py for tasks to queue
[2023-07-18T19:10:55.839+0000] {logging_mixin.py:150} INFO - [2023-07-18T19:10:55.837+0000] {dagbag.py:541} INFO - Filling up the DagBag from /home/airflow/.local/lib/python3.7/site-packages/airflow/example_dags/example_short_circuit_decorator.py
[2023-07-18T19:10:55.895+0000] {processor.py:836} INFO - DAG(s) dict_keys(['example_short_circuit_decorator']) retrieved from /home/airflow/.local/lib/python3.7/site-packages/airflow/example_dags/example_short_circuit_decorator.py
[2023-07-18T19:10:56.096+0000] {logging_mixin.py:150} INFO - [2023-07-18T19:10:56.095+0000] {dag.py:2742} INFO - Sync 1 DAGs
[2023-07-18T19:10:56.173+0000] {logging_mixin.py:150} INFO - [2023-07-18T19:10:56.172+0000] {dag.py:3508} INFO - Setting next_dagrun for example_short_circuit_decorator to 2023-07-17T19:10:56.172085+00:00, run_after=2023-07-18T19:10:56.172085+00:00
[2023-07-18T19:10:56.284+0000] {processor.py:179} INFO - Processing /home/airflow/.local/lib/python3.7/site-packages/airflow/example_dags/example_short_circuit_decorator.py took 0.496 seconds
[2023-07-18T19:11:37.108+0000] {processor.py:157} INFO - Started process (PID=405) to work on /home/airflow/.local/lib/python3.7/site-packages/airflow/example_dags/example_short_circuit_decorator.py
[2023-07-18T19:11:37.120+0000] {processor.py:826} INFO - Processing file /home/airflow/.local/lib/python3.7/site-packages/airflow/example_dags/example_short_circuit_decorator.py for tasks to queue
[2023-07-18T19:11:37.125+0000] {logging_mixin.py:150} INFO - [2023-07-18T19:11:37.124+0000] {dagbag.py:541} INFO - Filling up the DagBag from /home/airflow/.local/lib/python3.7/site-packages/airflow/example_dags/example_short_circuit_decorator.py
[2023-07-18T19:11:37.166+0000] {processor.py:836} INFO - DAG(s) dict_keys(['example_short_circuit_decorator']) retrieved from /home/airflow/.local/lib/python3.7/site-packages/airflow/example_dags/example_short_circuit_decorator.py
[2023-07-18T19:11:37.603+0000] {logging_mixin.py:150} INFO - [2023-07-18T19:11:37.603+0000] {dag.py:2742} INFO - Sync 1 DAGs
[2023-07-18T19:11:37.654+0000] {logging_mixin.py:150} INFO - [2023-07-18T19:11:37.653+0000] {dag.py:3508} INFO - Setting next_dagrun for example_short_circuit_decorator to 2023-07-17T19:11:37.652456+00:00, run_after=2023-07-18T19:11:37.652456+00:00
[2023-07-18T19:11:37.691+0000] {processor.py:179} INFO - Processing /home/airflow/.local/lib/python3.7/site-packages/airflow/example_dags/example_short_circuit_decorator.py took 0.600 seconds
[2023-07-18T19:12:44.983+0000] {processor.py:157} INFO - Started process (PID=490) to work on /home/airflow/.local/lib/python3.7/site-packages/airflow/example_dags/example_short_circuit_decorator.py
[2023-07-18T19:12:44.986+0000] {processor.py:826} INFO - Processing file /home/airflow/.local/lib/python3.7/site-packages/airflow/example_dags/example_short_circuit_decorator.py for tasks to queue
[2023-07-18T19:12:44.988+0000] {logging_mixin.py:150} INFO - [2023-07-18T19:12:44.987+0000] {dagbag.py:541} INFO - Filling up the DagBag from /home/airflow/.local/lib/python3.7/site-packages/airflow/example_dags/example_short_circuit_decorator.py
[2023-07-18T19:12:45.031+0000] {processor.py:836} INFO - DAG(s) dict_keys(['example_short_circuit_decorator']) retrieved from /home/airflow/.local/lib/python3.7/site-packages/airflow/example_dags/example_short_circuit_decorator.py
[2023-07-18T19:12:45.132+0000] {logging_mixin.py:150} INFO - [2023-07-18T19:12:45.131+0000] {dag.py:2742} INFO - Sync 1 DAGs
[2023-07-18T19:12:45.252+0000] {logging_mixin.py:150} INFO - [2023-07-18T19:12:45.252+0000] {dag.py:3508} INFO - Setting next_dagrun for example_short_circuit_decorator to 2023-07-17T19:12:45.251798+00:00, run_after=2023-07-18T19:12:45.251798+00:00
[2023-07-18T19:12:45.301+0000] {processor.py:179} INFO - Processing /home/airflow/.local/lib/python3.7/site-packages/airflow/example_dags/example_short_circuit_decorator.py took 0.325 seconds
[2023-07-18T19:17:25.257+0000] {processor.py:157} INFO - Started process (PID=603) to work on /home/airflow/.local/lib/python3.7/site-packages/airflow/example_dags/example_short_circuit_decorator.py
[2023-07-18T19:17:25.263+0000] {processor.py:826} INFO - Processing file /home/airflow/.local/lib/python3.7/site-packages/airflow/example_dags/example_short_circuit_decorator.py for tasks to queue
[2023-07-18T19:17:25.269+0000] {logging_mixin.py:150} INFO - [2023-07-18T19:17:25.267+0000] {dagbag.py:541} INFO - Filling up the DagBag from /home/airflow/.local/lib/python3.7/site-packages/airflow/example_dags/example_short_circuit_decorator.py
[2023-07-18T19:17:25.503+0000] {processor.py:836} INFO - DAG(s) dict_keys(['example_short_circuit_decorator']) retrieved from /home/airflow/.local/lib/python3.7/site-packages/airflow/example_dags/example_short_circuit_decorator.py
[2023-07-18T19:17:26.556+0000] {logging_mixin.py:150} INFO - [2023-07-18T19:17:26.555+0000] {dag.py:2742} INFO - Sync 1 DAGs
[2023-07-18T19:17:26.798+0000] {logging_mixin.py:150} INFO - [2023-07-18T19:17:26.798+0000] {dag.py:3508} INFO - Setting next_dagrun for example_short_circuit_decorator to 2023-07-17T19:17:26.797704+00:00, run_after=2023-07-18T19:17:26.797704+00:00
[2023-07-18T19:17:26.881+0000] {processor.py:179} INFO - Processing /home/airflow/.local/lib/python3.7/site-packages/airflow/example_dags/example_short_circuit_decorator.py took 1.653 seconds
