[2023-07-18T19:05:40.410+0000] {processor.py:157} INFO - Started process (PID=42) to work on /home/airflow/.local/lib/python3.7/site-packages/airflow/example_dags/example_branch_day_of_week_operator.py
[2023-07-18T19:05:40.426+0000] {processor.py:826} INFO - Processing file /home/airflow/.local/lib/python3.7/site-packages/airflow/example_dags/example_branch_day_of_week_operator.py for tasks to queue
[2023-07-18T19:05:40.428+0000] {logging_mixin.py:150} INFO - [2023-07-18T19:05:40.428+0000] {dagbag.py:541} INFO - Filling up the DagBag from /home/airflow/.local/lib/python3.7/site-packages/airflow/example_dags/example_branch_day_of_week_operator.py
[2023-07-18T19:05:40.449+0000] {processor.py:836} INFO - DAG(s) dict_keys(['example_weekday_branch_operator']) retrieved from /home/airflow/.local/lib/python3.7/site-packages/airflow/example_dags/example_branch_day_of_week_operator.py
[2023-07-18T19:05:40.546+0000] {logging_mixin.py:150} INFO - [2023-07-18T19:05:40.545+0000] {dag.py:2742} INFO - Sync 1 DAGs
[2023-07-18T19:05:41.034+0000] {logging_mixin.py:150} INFO - [2023-07-18T19:05:41.033+0000] {dag.py:3508} INFO - Setting next_dagrun for example_weekday_branch_operator to 2023-07-17T00:00:00+00:00, run_after=2023-07-18T00:00:00+00:00
[2023-07-18T19:05:41.147+0000] {processor.py:179} INFO - Processing /home/airflow/.local/lib/python3.7/site-packages/airflow/example_dags/example_branch_day_of_week_operator.py took 0.743 seconds
[2023-07-18T19:06:12.198+0000] {processor.py:157} INFO - Started process (PID=104) to work on /home/airflow/.local/lib/python3.7/site-packages/airflow/example_dags/example_branch_day_of_week_operator.py
[2023-07-18T19:06:12.201+0000] {processor.py:826} INFO - Processing file /home/airflow/.local/lib/python3.7/site-packages/airflow/example_dags/example_branch_day_of_week_operator.py for tasks to queue
[2023-07-18T19:06:12.204+0000] {logging_mixin.py:150} INFO - [2023-07-18T19:06:12.203+0000] {dagbag.py:541} INFO - Filling up the DagBag from /home/airflow/.local/lib/python3.7/site-packages/airflow/example_dags/example_branch_day_of_week_operator.py
[2023-07-18T19:06:12.247+0000] {processor.py:836} INFO - DAG(s) dict_keys(['example_weekday_branch_operator']) retrieved from /home/airflow/.local/lib/python3.7/site-packages/airflow/example_dags/example_branch_day_of_week_operator.py
[2023-07-18T19:06:12.310+0000] {logging_mixin.py:150} INFO - [2023-07-18T19:06:12.310+0000] {dag.py:2742} INFO - Sync 1 DAGs
[2023-07-18T19:06:12.365+0000] {logging_mixin.py:150} INFO - [2023-07-18T19:06:12.365+0000] {dag.py:3508} INFO - Setting next_dagrun for example_weekday_branch_operator to 2023-07-17T00:00:00+00:00, run_after=2023-07-18T00:00:00+00:00
[2023-07-18T19:06:12.426+0000] {processor.py:179} INFO - Processing /home/airflow/.local/lib/python3.7/site-packages/airflow/example_dags/example_branch_day_of_week_operator.py took 0.237 seconds
[2023-07-18T19:06:43.893+0000] {processor.py:157} INFO - Started process (PID=166) to work on /home/airflow/.local/lib/python3.7/site-packages/airflow/example_dags/example_branch_day_of_week_operator.py
[2023-07-18T19:06:43.906+0000] {processor.py:826} INFO - Processing file /home/airflow/.local/lib/python3.7/site-packages/airflow/example_dags/example_branch_day_of_week_operator.py for tasks to queue
[2023-07-18T19:06:43.910+0000] {logging_mixin.py:150} INFO - [2023-07-18T19:06:43.909+0000] {dagbag.py:541} INFO - Filling up the DagBag from /home/airflow/.local/lib/python3.7/site-packages/airflow/example_dags/example_branch_day_of_week_operator.py
[2023-07-18T19:06:43.994+0000] {processor.py:836} INFO - DAG(s) dict_keys(['example_weekday_branch_operator']) retrieved from /home/airflow/.local/lib/python3.7/site-packages/airflow/example_dags/example_branch_day_of_week_operator.py
[2023-07-18T19:06:44.240+0000] {logging_mixin.py:150} INFO - [2023-07-18T19:06:44.237+0000] {dag.py:2742} INFO - Sync 1 DAGs
[2023-07-18T19:07:50.867+0000] {processor.py:157} INFO - Started process (PID=42) to work on /home/airflow/.local/lib/python3.7/site-packages/airflow/example_dags/example_branch_day_of_week_operator.py
[2023-07-18T19:07:50.877+0000] {processor.py:826} INFO - Processing file /home/airflow/.local/lib/python3.7/site-packages/airflow/example_dags/example_branch_day_of_week_operator.py for tasks to queue
[2023-07-18T19:07:50.878+0000] {logging_mixin.py:150} INFO - [2023-07-18T19:07:50.878+0000] {dagbag.py:541} INFO - Filling up the DagBag from /home/airflow/.local/lib/python3.7/site-packages/airflow/example_dags/example_branch_day_of_week_operator.py
[2023-07-18T19:07:50.894+0000] {processor.py:836} INFO - DAG(s) dict_keys(['example_weekday_branch_operator']) retrieved from /home/airflow/.local/lib/python3.7/site-packages/airflow/example_dags/example_branch_day_of_week_operator.py
[2023-07-18T19:07:50.979+0000] {logging_mixin.py:150} INFO - [2023-07-18T19:07:50.979+0000] {dag.py:2742} INFO - Sync 1 DAGs
[2023-07-18T19:07:51.358+0000] {logging_mixin.py:150} INFO - [2023-07-18T19:07:51.358+0000] {dag.py:3508} INFO - Setting next_dagrun for example_weekday_branch_operator to 2023-07-17T00:00:00+00:00, run_after=2023-07-18T00:00:00+00:00
[2023-07-18T19:07:51.419+0000] {processor.py:179} INFO - Processing /home/airflow/.local/lib/python3.7/site-packages/airflow/example_dags/example_branch_day_of_week_operator.py took 0.562 seconds
[2023-07-18T19:08:25.722+0000] {processor.py:157} INFO - Started process (PID=104) to work on /home/airflow/.local/lib/python3.7/site-packages/airflow/example_dags/example_branch_day_of_week_operator.py
[2023-07-18T19:08:25.731+0000] {processor.py:826} INFO - Processing file /home/airflow/.local/lib/python3.7/site-packages/airflow/example_dags/example_branch_day_of_week_operator.py for tasks to queue
[2023-07-18T19:08:25.743+0000] {logging_mixin.py:150} INFO - [2023-07-18T19:08:25.738+0000] {dagbag.py:541} INFO - Filling up the DagBag from /home/airflow/.local/lib/python3.7/site-packages/airflow/example_dags/example_branch_day_of_week_operator.py
[2023-07-18T19:08:25.809+0000] {processor.py:836} INFO - DAG(s) dict_keys(['example_weekday_branch_operator']) retrieved from /home/airflow/.local/lib/python3.7/site-packages/airflow/example_dags/example_branch_day_of_week_operator.py
[2023-07-18T19:08:25.976+0000] {logging_mixin.py:150} INFO - [2023-07-18T19:08:25.974+0000] {dag.py:2742} INFO - Sync 1 DAGs
[2023-07-18T19:08:26.065+0000] {logging_mixin.py:150} INFO - [2023-07-18T19:08:26.064+0000] {dag.py:3508} INFO - Setting next_dagrun for example_weekday_branch_operator to 2023-07-17T00:00:00+00:00, run_after=2023-07-18T00:00:00+00:00
[2023-07-18T19:08:26.145+0000] {processor.py:179} INFO - Processing /home/airflow/.local/lib/python3.7/site-packages/airflow/example_dags/example_branch_day_of_week_operator.py took 0.432 seconds
[2023-07-18T19:08:56.443+0000] {processor.py:157} INFO - Started process (PID=167) to work on /home/airflow/.local/lib/python3.7/site-packages/airflow/example_dags/example_branch_day_of_week_operator.py
[2023-07-18T19:08:56.447+0000] {processor.py:826} INFO - Processing file /home/airflow/.local/lib/python3.7/site-packages/airflow/example_dags/example_branch_day_of_week_operator.py for tasks to queue
[2023-07-18T19:08:56.460+0000] {logging_mixin.py:150} INFO - [2023-07-18T19:08:56.458+0000] {dagbag.py:541} INFO - Filling up the DagBag from /home/airflow/.local/lib/python3.7/site-packages/airflow/example_dags/example_branch_day_of_week_operator.py
[2023-07-18T19:08:56.491+0000] {processor.py:836} INFO - DAG(s) dict_keys(['example_weekday_branch_operator']) retrieved from /home/airflow/.local/lib/python3.7/site-packages/airflow/example_dags/example_branch_day_of_week_operator.py
[2023-07-18T19:08:56.569+0000] {logging_mixin.py:150} INFO - [2023-07-18T19:08:56.568+0000] {dag.py:2742} INFO - Sync 1 DAGs
[2023-07-18T19:08:56.621+0000] {logging_mixin.py:150} INFO - [2023-07-18T19:08:56.620+0000] {dag.py:3508} INFO - Setting next_dagrun for example_weekday_branch_operator to 2023-07-17T00:00:00+00:00, run_after=2023-07-18T00:00:00+00:00
[2023-07-18T19:08:56.645+0000] {processor.py:179} INFO - Processing /home/airflow/.local/lib/python3.7/site-packages/airflow/example_dags/example_branch_day_of_week_operator.py took 0.208 seconds
[2023-07-18T19:10:11.277+0000] {processor.py:157} INFO - Started process (PID=238) to work on /home/airflow/.local/lib/python3.7/site-packages/airflow/example_dags/example_branch_day_of_week_operator.py
[2023-07-18T19:10:11.281+0000] {processor.py:826} INFO - Processing file /home/airflow/.local/lib/python3.7/site-packages/airflow/example_dags/example_branch_day_of_week_operator.py for tasks to queue
[2023-07-18T19:10:11.284+0000] {logging_mixin.py:150} INFO - [2023-07-18T19:10:11.283+0000] {dagbag.py:541} INFO - Filling up the DagBag from /home/airflow/.local/lib/python3.7/site-packages/airflow/example_dags/example_branch_day_of_week_operator.py
[2023-07-18T19:10:11.337+0000] {processor.py:836} INFO - DAG(s) dict_keys(['example_weekday_branch_operator']) retrieved from /home/airflow/.local/lib/python3.7/site-packages/airflow/example_dags/example_branch_day_of_week_operator.py
[2023-07-18T19:10:11.426+0000] {logging_mixin.py:150} INFO - [2023-07-18T19:10:11.426+0000] {dag.py:2742} INFO - Sync 1 DAGs
[2023-07-18T19:10:11.521+0000] {logging_mixin.py:150} INFO - [2023-07-18T19:10:11.520+0000] {dag.py:3508} INFO - Setting next_dagrun for example_weekday_branch_operator to 2023-07-17T00:00:00+00:00, run_after=2023-07-18T00:00:00+00:00
[2023-07-18T19:10:11.547+0000] {processor.py:179} INFO - Processing /home/airflow/.local/lib/python3.7/site-packages/airflow/example_dags/example_branch_day_of_week_operator.py took 0.290 seconds
[2023-07-18T19:10:41.927+0000] {processor.py:157} INFO - Started process (PID=301) to work on /home/airflow/.local/lib/python3.7/site-packages/airflow/example_dags/example_branch_day_of_week_operator.py
[2023-07-18T19:10:41.934+0000] {processor.py:826} INFO - Processing file /home/airflow/.local/lib/python3.7/site-packages/airflow/example_dags/example_branch_day_of_week_operator.py for tasks to queue
[2023-07-18T19:10:41.938+0000] {logging_mixin.py:150} INFO - [2023-07-18T19:10:41.937+0000] {dagbag.py:541} INFO - Filling up the DagBag from /home/airflow/.local/lib/python3.7/site-packages/airflow/example_dags/example_branch_day_of_week_operator.py
[2023-07-18T19:10:41.967+0000] {processor.py:836} INFO - DAG(s) dict_keys(['example_weekday_branch_operator']) retrieved from /home/airflow/.local/lib/python3.7/site-packages/airflow/example_dags/example_branch_day_of_week_operator.py
[2023-07-18T19:10:42.047+0000] {logging_mixin.py:150} INFO - [2023-07-18T19:10:42.047+0000] {dag.py:2742} INFO - Sync 1 DAGs
[2023-07-18T19:10:42.095+0000] {logging_mixin.py:150} INFO - [2023-07-18T19:10:42.094+0000] {dag.py:3508} INFO - Setting next_dagrun for example_weekday_branch_operator to 2023-07-17T00:00:00+00:00, run_after=2023-07-18T00:00:00+00:00
[2023-07-18T19:10:42.131+0000] {processor.py:179} INFO - Processing /home/airflow/.local/lib/python3.7/site-packages/airflow/example_dags/example_branch_day_of_week_operator.py took 0.208 seconds
[2023-07-18T19:11:12.263+0000] {processor.py:157} INFO - Started process (PID=362) to work on /home/airflow/.local/lib/python3.7/site-packages/airflow/example_dags/example_branch_day_of_week_operator.py
[2023-07-18T19:11:12.265+0000] {processor.py:826} INFO - Processing file /home/airflow/.local/lib/python3.7/site-packages/airflow/example_dags/example_branch_day_of_week_operator.py for tasks to queue
[2023-07-18T19:11:12.266+0000] {logging_mixin.py:150} INFO - [2023-07-18T19:11:12.266+0000] {dagbag.py:541} INFO - Filling up the DagBag from /home/airflow/.local/lib/python3.7/site-packages/airflow/example_dags/example_branch_day_of_week_operator.py
[2023-07-18T19:11:12.287+0000] {processor.py:836} INFO - DAG(s) dict_keys(['example_weekday_branch_operator']) retrieved from /home/airflow/.local/lib/python3.7/site-packages/airflow/example_dags/example_branch_day_of_week_operator.py
[2023-07-18T19:11:12.330+0000] {logging_mixin.py:150} INFO - [2023-07-18T19:11:12.329+0000] {dag.py:2742} INFO - Sync 1 DAGs
[2023-07-18T19:11:12.371+0000] {logging_mixin.py:150} INFO - [2023-07-18T19:11:12.371+0000] {dag.py:3508} INFO - Setting next_dagrun for example_weekday_branch_operator to 2023-07-17T00:00:00+00:00, run_after=2023-07-18T00:00:00+00:00
[2023-07-18T19:11:12.389+0000] {processor.py:179} INFO - Processing /home/airflow/.local/lib/python3.7/site-packages/airflow/example_dags/example_branch_day_of_week_operator.py took 0.130 seconds
[2023-07-18T19:11:43.435+0000] {processor.py:157} INFO - Started process (PID=428) to work on /home/airflow/.local/lib/python3.7/site-packages/airflow/example_dags/example_branch_day_of_week_operator.py
[2023-07-18T19:11:43.437+0000] {processor.py:826} INFO - Processing file /home/airflow/.local/lib/python3.7/site-packages/airflow/example_dags/example_branch_day_of_week_operator.py for tasks to queue
[2023-07-18T19:11:43.438+0000] {logging_mixin.py:150} INFO - [2023-07-18T19:11:43.438+0000] {dagbag.py:541} INFO - Filling up the DagBag from /home/airflow/.local/lib/python3.7/site-packages/airflow/example_dags/example_branch_day_of_week_operator.py
[2023-07-18T19:11:43.450+0000] {processor.py:836} INFO - DAG(s) dict_keys(['example_weekday_branch_operator']) retrieved from /home/airflow/.local/lib/python3.7/site-packages/airflow/example_dags/example_branch_day_of_week_operator.py
[2023-07-18T19:11:43.489+0000] {logging_mixin.py:150} INFO - [2023-07-18T19:11:43.489+0000] {dag.py:2742} INFO - Sync 1 DAGs
[2023-07-18T19:11:43.510+0000] {logging_mixin.py:150} INFO - [2023-07-18T19:11:43.509+0000] {dag.py:3508} INFO - Setting next_dagrun for example_weekday_branch_operator to 2023-07-17T00:00:00+00:00, run_after=2023-07-18T00:00:00+00:00
[2023-07-18T19:11:43.537+0000] {processor.py:179} INFO - Processing /home/airflow/.local/lib/python3.7/site-packages/airflow/example_dags/example_branch_day_of_week_operator.py took 0.104 seconds
[2023-07-18T19:12:38.617+0000] {processor.py:157} INFO - Started process (PID=479) to work on /home/airflow/.local/lib/python3.7/site-packages/airflow/example_dags/example_branch_day_of_week_operator.py
[2023-07-18T19:12:38.625+0000] {processor.py:826} INFO - Processing file /home/airflow/.local/lib/python3.7/site-packages/airflow/example_dags/example_branch_day_of_week_operator.py for tasks to queue
[2023-07-18T19:12:38.642+0000] {logging_mixin.py:150} INFO - [2023-07-18T19:12:38.635+0000] {dagbag.py:541} INFO - Filling up the DagBag from /home/airflow/.local/lib/python3.7/site-packages/airflow/example_dags/example_branch_day_of_week_operator.py
[2023-07-18T19:12:38.750+0000] {processor.py:836} INFO - DAG(s) dict_keys(['example_weekday_branch_operator']) retrieved from /home/airflow/.local/lib/python3.7/site-packages/airflow/example_dags/example_branch_day_of_week_operator.py
[2023-07-18T19:12:39.014+0000] {logging_mixin.py:150} INFO - [2023-07-18T19:12:39.013+0000] {dag.py:2742} INFO - Sync 1 DAGs
[2023-07-18T19:12:39.180+0000] {logging_mixin.py:150} INFO - [2023-07-18T19:12:39.180+0000] {dag.py:3508} INFO - Setting next_dagrun for example_weekday_branch_operator to 2023-07-17T00:00:00+00:00, run_after=2023-07-18T00:00:00+00:00
[2023-07-18T19:12:39.284+0000] {processor.py:179} INFO - Processing /home/airflow/.local/lib/python3.7/site-packages/airflow/example_dags/example_branch_day_of_week_operator.py took 0.691 seconds
[2023-07-18T19:15:38.499+0000] {processor.py:157} INFO - Started process (PID=568) to work on /home/airflow/.local/lib/python3.7/site-packages/airflow/example_dags/example_branch_day_of_week_operator.py
[2023-07-18T19:15:38.507+0000] {processor.py:826} INFO - Processing file /home/airflow/.local/lib/python3.7/site-packages/airflow/example_dags/example_branch_day_of_week_operator.py for tasks to queue
[2023-07-18T19:15:38.514+0000] {logging_mixin.py:150} INFO - [2023-07-18T19:15:38.513+0000] {dagbag.py:541} INFO - Filling up the DagBag from /home/airflow/.local/lib/python3.7/site-packages/airflow/example_dags/example_branch_day_of_week_operator.py
[2023-07-18T19:15:38.979+0000] {processor.py:836} INFO - DAG(s) dict_keys(['example_weekday_branch_operator']) retrieved from /home/airflow/.local/lib/python3.7/site-packages/airflow/example_dags/example_branch_day_of_week_operator.py
[2023-07-18T19:15:40.875+0000] {logging_mixin.py:150} INFO - [2023-07-18T19:15:40.842+0000] {dag.py:2742} INFO - Sync 1 DAGs
[2023-07-18T19:15:42.858+0000] {logging_mixin.py:150} INFO - [2023-07-18T19:15:42.844+0000] {dag.py:3508} INFO - Setting next_dagrun for example_weekday_branch_operator to 2023-07-17T00:00:00+00:00, run_after=2023-07-18T00:00:00+00:00
[2023-07-18T19:15:43.393+0000] {processor.py:179} INFO - Processing /home/airflow/.local/lib/python3.7/site-packages/airflow/example_dags/example_branch_day_of_week_operator.py took 5.039 seconds
[2023-07-18T19:18:30.979+0000] {processor.py:157} INFO - Started process (PID=640) to work on /home/airflow/.local/lib/python3.7/site-packages/airflow/example_dags/example_branch_day_of_week_operator.py
[2023-07-18T19:18:30.989+0000] {processor.py:826} INFO - Processing file /home/airflow/.local/lib/python3.7/site-packages/airflow/example_dags/example_branch_day_of_week_operator.py for tasks to queue
[2023-07-18T19:18:31.012+0000] {logging_mixin.py:150} INFO - [2023-07-18T19:18:31.004+0000] {dagbag.py:541} INFO - Filling up the DagBag from /home/airflow/.local/lib/python3.7/site-packages/airflow/example_dags/example_branch_day_of_week_operator.py
[2023-07-18T19:18:31.471+0000] {processor.py:836} INFO - DAG(s) dict_keys(['example_weekday_branch_operator']) retrieved from /home/airflow/.local/lib/python3.7/site-packages/airflow/example_dags/example_branch_day_of_week_operator.py
[2023-07-18T19:18:33.091+0000] {logging_mixin.py:150} INFO - [2023-07-18T19:18:33.089+0000] {dag.py:2742} INFO - Sync 1 DAGs
[2023-07-18T19:18:33.470+0000] {logging_mixin.py:150} INFO - [2023-07-18T19:18:33.456+0000] {dag.py:3508} INFO - Setting next_dagrun for example_weekday_branch_operator to 2023-07-17T00:00:00+00:00, run_after=2023-07-18T00:00:00+00:00
[2023-07-18T19:18:34.105+0000] {processor.py:179} INFO - Processing /home/airflow/.local/lib/python3.7/site-packages/airflow/example_dags/example_branch_day_of_week_operator.py took 3.245 seconds
