[2023-07-18T19:05:50.640+0000] {processor.py:157} INFO - Started process (PID=60) to work on /home/airflow/.local/lib/python3.7/site-packages/airflow/example_dags/example_kubernetes_executor.py
[2023-07-18T19:05:50.643+0000] {processor.py:826} INFO - Processing file /home/airflow/.local/lib/python3.7/site-packages/airflow/example_dags/example_kubernetes_executor.py for tasks to queue
[2023-07-18T19:05:50.671+0000] {logging_mixin.py:150} INFO - [2023-07-18T19:05:50.671+0000] {dagbag.py:541} INFO - Filling up the DagBag from /home/airflow/.local/lib/python3.7/site-packages/airflow/example_dags/example_kubernetes_executor.py
[2023-07-18T19:05:54.484+0000] {processor.py:836} INFO - DAG(s) dict_keys(['example_kubernetes_executor']) retrieved from /home/airflow/.local/lib/python3.7/site-packages/airflow/example_dags/example_kubernetes_executor.py
[2023-07-18T19:05:54.564+0000] {logging_mixin.py:150} INFO - [2023-07-18T19:05:54.564+0000] {dag.py:2742} INFO - Sync 1 DAGs
[2023-07-18T19:05:54.616+0000] {logging_mixin.py:150} INFO - [2023-07-18T19:05:54.615+0000] {dag.py:3508} INFO - Setting next_dagrun for example_kubernetes_executor to None, run_after=None
[2023-07-18T19:05:54.660+0000] {processor.py:179} INFO - Processing /home/airflow/.local/lib/python3.7/site-packages/airflow/example_dags/example_kubernetes_executor.py took 4.020 seconds
[2023-07-18T19:06:25.730+0000] {processor.py:157} INFO - Started process (PID=127) to work on /home/airflow/.local/lib/python3.7/site-packages/airflow/example_dags/example_kubernetes_executor.py
[2023-07-18T19:06:25.737+0000] {processor.py:826} INFO - Processing file /home/airflow/.local/lib/python3.7/site-packages/airflow/example_dags/example_kubernetes_executor.py for tasks to queue
[2023-07-18T19:06:25.751+0000] {logging_mixin.py:150} INFO - [2023-07-18T19:06:25.748+0000] {dagbag.py:541} INFO - Filling up the DagBag from /home/airflow/.local/lib/python3.7/site-packages/airflow/example_dags/example_kubernetes_executor.py
[2023-07-18T19:06:26.378+0000] {processor.py:836} INFO - DAG(s) dict_keys(['example_kubernetes_executor']) retrieved from /home/airflow/.local/lib/python3.7/site-packages/airflow/example_dags/example_kubernetes_executor.py
[2023-07-18T19:06:26.481+0000] {logging_mixin.py:150} INFO - [2023-07-18T19:06:26.481+0000] {dag.py:2742} INFO - Sync 1 DAGs
[2023-07-18T19:06:26.535+0000] {logging_mixin.py:150} INFO - [2023-07-18T19:06:26.535+0000] {dag.py:3508} INFO - Setting next_dagrun for example_kubernetes_executor to None, run_after=None
[2023-07-18T19:06:26.559+0000] {processor.py:179} INFO - Processing /home/airflow/.local/lib/python3.7/site-packages/airflow/example_dags/example_kubernetes_executor.py took 0.837 seconds
[2023-07-18T19:07:55.303+0000] {processor.py:157} INFO - Started process (PID=60) to work on /home/airflow/.local/lib/python3.7/site-packages/airflow/example_dags/example_kubernetes_executor.py
[2023-07-18T19:07:55.305+0000] {processor.py:826} INFO - Processing file /home/airflow/.local/lib/python3.7/site-packages/airflow/example_dags/example_kubernetes_executor.py for tasks to queue
[2023-07-18T19:07:55.307+0000] {logging_mixin.py:150} INFO - [2023-07-18T19:07:55.306+0000] {dagbag.py:541} INFO - Filling up the DagBag from /home/airflow/.local/lib/python3.7/site-packages/airflow/example_dags/example_kubernetes_executor.py
[2023-07-18T19:07:56.049+0000] {processor.py:836} INFO - DAG(s) dict_keys(['example_kubernetes_executor']) retrieved from /home/airflow/.local/lib/python3.7/site-packages/airflow/example_dags/example_kubernetes_executor.py
[2023-07-18T19:07:56.113+0000] {logging_mixin.py:150} INFO - [2023-07-18T19:07:56.113+0000] {dag.py:2742} INFO - Sync 1 DAGs
[2023-07-18T19:07:56.157+0000] {logging_mixin.py:150} INFO - [2023-07-18T19:07:56.156+0000] {dag.py:3508} INFO - Setting next_dagrun for example_kubernetes_executor to None, run_after=None
[2023-07-18T19:07:56.214+0000] {processor.py:179} INFO - Processing /home/airflow/.local/lib/python3.7/site-packages/airflow/example_dags/example_kubernetes_executor.py took 0.915 seconds
[2023-07-18T19:08:30.311+0000] {processor.py:157} INFO - Started process (PID=122) to work on /home/airflow/.local/lib/python3.7/site-packages/airflow/example_dags/example_kubernetes_executor.py
[2023-07-18T19:08:30.314+0000] {processor.py:826} INFO - Processing file /home/airflow/.local/lib/python3.7/site-packages/airflow/example_dags/example_kubernetes_executor.py for tasks to queue
[2023-07-18T19:08:30.317+0000] {logging_mixin.py:150} INFO - [2023-07-18T19:08:30.316+0000] {dagbag.py:541} INFO - Filling up the DagBag from /home/airflow/.local/lib/python3.7/site-packages/airflow/example_dags/example_kubernetes_executor.py
[2023-07-18T19:08:30.996+0000] {processor.py:836} INFO - DAG(s) dict_keys(['example_kubernetes_executor']) retrieved from /home/airflow/.local/lib/python3.7/site-packages/airflow/example_dags/example_kubernetes_executor.py
[2023-07-18T19:08:31.213+0000] {logging_mixin.py:150} INFO - [2023-07-18T19:08:31.212+0000] {dag.py:2742} INFO - Sync 1 DAGs
[2023-07-18T19:08:31.343+0000] {logging_mixin.py:150} INFO - [2023-07-18T19:08:31.343+0000] {dag.py:3508} INFO - Setting next_dagrun for example_kubernetes_executor to None, run_after=None
[2023-07-18T19:08:31.394+0000] {processor.py:179} INFO - Processing /home/airflow/.local/lib/python3.7/site-packages/airflow/example_dags/example_kubernetes_executor.py took 1.087 seconds
[2023-07-18T19:09:05.706+0000] {processor.py:157} INFO - Started process (PID=185) to work on /home/airflow/.local/lib/python3.7/site-packages/airflow/example_dags/example_kubernetes_executor.py
[2023-07-18T19:09:05.719+0000] {processor.py:826} INFO - Processing file /home/airflow/.local/lib/python3.7/site-packages/airflow/example_dags/example_kubernetes_executor.py for tasks to queue
[2023-07-18T19:09:05.721+0000] {logging_mixin.py:150} INFO - [2023-07-18T19:09:05.721+0000] {dagbag.py:541} INFO - Filling up the DagBag from /home/airflow/.local/lib/python3.7/site-packages/airflow/example_dags/example_kubernetes_executor.py
[2023-07-18T19:09:13.827+0000] {processor.py:836} INFO - DAG(s) dict_keys(['example_kubernetes_executor']) retrieved from /home/airflow/.local/lib/python3.7/site-packages/airflow/example_dags/example_kubernetes_executor.py
[2023-07-18T19:09:18.539+0000] {logging_mixin.py:150} INFO - [2023-07-18T19:09:18.451+0000] {dag.py:2742} INFO - Sync 1 DAGs
[2023-07-18T19:09:19.677+0000] {logging_mixin.py:150} INFO - [2023-07-18T19:09:19.660+0000] {dag.py:3508} INFO - Setting next_dagrun for example_kubernetes_executor to None, run_after=None
[2023-07-18T19:09:19.912+0000] {processor.py:179} INFO - Processing /home/airflow/.local/lib/python3.7/site-packages/airflow/example_dags/example_kubernetes_executor.py took 14.215 seconds
[2023-07-18T19:10:18.962+0000] {processor.py:157} INFO - Started process (PID=256) to work on /home/airflow/.local/lib/python3.7/site-packages/airflow/example_dags/example_kubernetes_executor.py
[2023-07-18T19:10:18.968+0000] {processor.py:826} INFO - Processing file /home/airflow/.local/lib/python3.7/site-packages/airflow/example_dags/example_kubernetes_executor.py for tasks to queue
[2023-07-18T19:10:18.978+0000] {logging_mixin.py:150} INFO - [2023-07-18T19:10:18.974+0000] {dagbag.py:541} INFO - Filling up the DagBag from /home/airflow/.local/lib/python3.7/site-packages/airflow/example_dags/example_kubernetes_executor.py
[2023-07-18T19:10:20.449+0000] {processor.py:836} INFO - DAG(s) dict_keys(['example_kubernetes_executor']) retrieved from /home/airflow/.local/lib/python3.7/site-packages/airflow/example_dags/example_kubernetes_executor.py
[2023-07-18T19:10:20.599+0000] {logging_mixin.py:150} INFO - [2023-07-18T19:10:20.598+0000] {dag.py:2742} INFO - Sync 1 DAGs
[2023-07-18T19:10:20.680+0000] {logging_mixin.py:150} INFO - [2023-07-18T19:10:20.680+0000] {dag.py:3508} INFO - Setting next_dagrun for example_kubernetes_executor to None, run_after=None
[2023-07-18T19:10:20.814+0000] {processor.py:179} INFO - Processing /home/airflow/.local/lib/python3.7/site-packages/airflow/example_dags/example_kubernetes_executor.py took 1.870 seconds
[2023-07-18T19:10:52.403+0000] {processor.py:157} INFO - Started process (PID=323) to work on /home/airflow/.local/lib/python3.7/site-packages/airflow/example_dags/example_kubernetes_executor.py
[2023-07-18T19:10:52.405+0000] {processor.py:826} INFO - Processing file /home/airflow/.local/lib/python3.7/site-packages/airflow/example_dags/example_kubernetes_executor.py for tasks to queue
[2023-07-18T19:10:52.407+0000] {logging_mixin.py:150} INFO - [2023-07-18T19:10:52.406+0000] {dagbag.py:541} INFO - Filling up the DagBag from /home/airflow/.local/lib/python3.7/site-packages/airflow/example_dags/example_kubernetes_executor.py
[2023-07-18T19:10:52.829+0000] {processor.py:836} INFO - DAG(s) dict_keys(['example_kubernetes_executor']) retrieved from /home/airflow/.local/lib/python3.7/site-packages/airflow/example_dags/example_kubernetes_executor.py
[2023-07-18T19:10:52.920+0000] {logging_mixin.py:150} INFO - [2023-07-18T19:10:52.920+0000] {dag.py:2742} INFO - Sync 1 DAGs
[2023-07-18T19:10:53.015+0000] {logging_mixin.py:150} INFO - [2023-07-18T19:10:53.014+0000] {dag.py:3508} INFO - Setting next_dagrun for example_kubernetes_executor to None, run_after=None
[2023-07-18T19:10:53.068+0000] {processor.py:179} INFO - Processing /home/airflow/.local/lib/python3.7/site-packages/airflow/example_dags/example_kubernetes_executor.py took 0.670 seconds
[2023-07-18T19:11:33.406+0000] {processor.py:157} INFO - Started process (PID=392) to work on /home/airflow/.local/lib/python3.7/site-packages/airflow/example_dags/example_kubernetes_executor.py
[2023-07-18T19:11:33.408+0000] {processor.py:826} INFO - Processing file /home/airflow/.local/lib/python3.7/site-packages/airflow/example_dags/example_kubernetes_executor.py for tasks to queue
[2023-07-18T19:11:33.409+0000] {logging_mixin.py:150} INFO - [2023-07-18T19:11:33.409+0000] {dagbag.py:541} INFO - Filling up the DagBag from /home/airflow/.local/lib/python3.7/site-packages/airflow/example_dags/example_kubernetes_executor.py
[2023-07-18T19:11:34.461+0000] {processor.py:836} INFO - DAG(s) dict_keys(['example_kubernetes_executor']) retrieved from /home/airflow/.local/lib/python3.7/site-packages/airflow/example_dags/example_kubernetes_executor.py
[2023-07-18T19:11:34.676+0000] {logging_mixin.py:150} INFO - [2023-07-18T19:11:34.675+0000] {dag.py:2742} INFO - Sync 1 DAGs
[2023-07-18T19:11:34.706+0000] {logging_mixin.py:150} INFO - [2023-07-18T19:11:34.706+0000] {dag.py:3508} INFO - Setting next_dagrun for example_kubernetes_executor to None, run_after=None
[2023-07-18T19:11:34.763+0000] {processor.py:179} INFO - Processing /home/airflow/.local/lib/python3.7/site-packages/airflow/example_dags/example_kubernetes_executor.py took 1.361 seconds
[2023-07-18T19:12:10.463+0000] {processor.py:157} INFO - Started process (PID=454) to work on /home/airflow/.local/lib/python3.7/site-packages/airflow/example_dags/example_kubernetes_executor.py
[2023-07-18T19:12:10.518+0000] {processor.py:826} INFO - Processing file /home/airflow/.local/lib/python3.7/site-packages/airflow/example_dags/example_kubernetes_executor.py for tasks to queue
[2023-07-18T19:12:10.551+0000] {logging_mixin.py:150} INFO - [2023-07-18T19:12:10.544+0000] {dagbag.py:541} INFO - Filling up the DagBag from /home/airflow/.local/lib/python3.7/site-packages/airflow/example_dags/example_kubernetes_executor.py
[2023-07-18T19:12:14.627+0000] {processor.py:836} INFO - DAG(s) dict_keys(['example_kubernetes_executor']) retrieved from /home/airflow/.local/lib/python3.7/site-packages/airflow/example_dags/example_kubernetes_executor.py
[2023-07-18T19:12:15.411+0000] {logging_mixin.py:150} INFO - [2023-07-18T19:12:15.410+0000] {dag.py:2742} INFO - Sync 1 DAGs
[2023-07-18T19:12:15.655+0000] {logging_mixin.py:150} INFO - [2023-07-18T19:12:15.643+0000] {dag.py:3508} INFO - Setting next_dagrun for example_kubernetes_executor to None, run_after=None
[2023-07-18T19:12:15.999+0000] {processor.py:179} INFO - Processing /home/airflow/.local/lib/python3.7/site-packages/airflow/example_dags/example_kubernetes_executor.py took 5.782 seconds
[2023-07-18T19:13:34.185+0000] {processor.py:157} INFO - Started process (PID=522) to work on /home/airflow/.local/lib/python3.7/site-packages/airflow/example_dags/example_kubernetes_executor.py
[2023-07-18T19:13:34.372+0000] {processor.py:826} INFO - Processing file /home/airflow/.local/lib/python3.7/site-packages/airflow/example_dags/example_kubernetes_executor.py for tasks to queue
[2023-07-18T19:13:34.489+0000] {logging_mixin.py:150} INFO - [2023-07-18T19:13:34.423+0000] {dagbag.py:541} INFO - Filling up the DagBag from /home/airflow/.local/lib/python3.7/site-packages/airflow/example_dags/example_kubernetes_executor.py
[2023-07-18T19:13:45.056+0000] {processor.py:836} INFO - DAG(s) dict_keys(['example_kubernetes_executor']) retrieved from /home/airflow/.local/lib/python3.7/site-packages/airflow/example_dags/example_kubernetes_executor.py
[2023-07-18T19:13:46.252+0000] {logging_mixin.py:150} INFO - [2023-07-18T19:13:46.243+0000] {dag.py:2742} INFO - Sync 1 DAGs
[2023-07-18T19:13:46.751+0000] {logging_mixin.py:150} INFO - [2023-07-18T19:13:46.748+0000] {dag.py:3508} INFO - Setting next_dagrun for example_kubernetes_executor to None, run_after=None
[2023-07-18T19:13:47.061+0000] {processor.py:179} INFO - Processing /home/airflow/.local/lib/python3.7/site-packages/airflow/example_dags/example_kubernetes_executor.py took 13.537 seconds
[2023-07-18T19:20:32.026+0000] {processor.py:157} INFO - Started process (PID=679) to work on /home/airflow/.local/lib/python3.7/site-packages/airflow/example_dags/example_kubernetes_executor.py
[2023-07-18T19:20:32.036+0000] {processor.py:826} INFO - Processing file /home/airflow/.local/lib/python3.7/site-packages/airflow/example_dags/example_kubernetes_executor.py for tasks to queue
[2023-07-18T19:20:32.045+0000] {logging_mixin.py:150} INFO - [2023-07-18T19:20:32.044+0000] {dagbag.py:541} INFO - Filling up the DagBag from /home/airflow/.local/lib/python3.7/site-packages/airflow/example_dags/example_kubernetes_executor.py
