[2023-07-18T19:05:56.409+0000] {processor.py:157} INFO - Started process (PID=82) to work on /home/airflow/.local/lib/python3.7/site-packages/airflow/example_dags/example_task_group_decorator.py
[2023-07-18T19:05:56.415+0000] {processor.py:826} INFO - Processing file /home/airflow/.local/lib/python3.7/site-packages/airflow/example_dags/example_task_group_decorator.py for tasks to queue
[2023-07-18T19:05:56.418+0000] {logging_mixin.py:150} INFO - [2023-07-18T19:05:56.418+0000] {dagbag.py:541} INFO - Filling up the DagBag from /home/airflow/.local/lib/python3.7/site-packages/airflow/example_dags/example_task_group_decorator.py
[2023-07-18T19:05:56.501+0000] {processor.py:836} INFO - DAG(s) dict_keys(['example_task_group_decorator']) retrieved from /home/airflow/.local/lib/python3.7/site-packages/airflow/example_dags/example_task_group_decorator.py
[2023-07-18T19:05:56.582+0000] {logging_mixin.py:150} INFO - [2023-07-18T19:05:56.582+0000] {dag.py:2742} INFO - Sync 1 DAGs
[2023-07-18T19:05:56.624+0000] {logging_mixin.py:150} INFO - [2023-07-18T19:05:56.624+0000] {dag.py:3508} INFO - Setting next_dagrun for example_task_group_decorator to 2023-07-17T19:05:56.623822+00:00, run_after=2023-07-18T19:05:56.623822+00:00
[2023-07-18T19:05:56.734+0000] {processor.py:179} INFO - Processing /home/airflow/.local/lib/python3.7/site-packages/airflow/example_dags/example_task_group_decorator.py took 0.356 seconds
[2023-07-18T19:06:27.122+0000] {processor.py:157} INFO - Started process (PID=138) to work on /home/airflow/.local/lib/python3.7/site-packages/airflow/example_dags/example_task_group_decorator.py
[2023-07-18T19:06:27.124+0000] {processor.py:826} INFO - Processing file /home/airflow/.local/lib/python3.7/site-packages/airflow/example_dags/example_task_group_decorator.py for tasks to queue
[2023-07-18T19:06:27.125+0000] {logging_mixin.py:150} INFO - [2023-07-18T19:06:27.125+0000] {dagbag.py:541} INFO - Filling up the DagBag from /home/airflow/.local/lib/python3.7/site-packages/airflow/example_dags/example_task_group_decorator.py
[2023-07-18T19:06:27.141+0000] {processor.py:836} INFO - DAG(s) dict_keys(['example_task_group_decorator']) retrieved from /home/airflow/.local/lib/python3.7/site-packages/airflow/example_dags/example_task_group_decorator.py
[2023-07-18T19:06:27.179+0000] {logging_mixin.py:150} INFO - [2023-07-18T19:06:27.179+0000] {dag.py:2742} INFO - Sync 1 DAGs
[2023-07-18T19:06:27.235+0000] {logging_mixin.py:150} INFO - [2023-07-18T19:06:27.235+0000] {dag.py:3508} INFO - Setting next_dagrun for example_task_group_decorator to 2023-07-17T19:06:27.234988+00:00, run_after=2023-07-18T19:06:27.234988+00:00
[2023-07-18T19:06:27.280+0000] {processor.py:179} INFO - Processing /home/airflow/.local/lib/python3.7/site-packages/airflow/example_dags/example_task_group_decorator.py took 0.163 seconds
[2023-07-18T19:08:02.399+0000] {processor.py:157} INFO - Started process (PID=76) to work on /home/airflow/.local/lib/python3.7/site-packages/airflow/example_dags/example_task_group_decorator.py
[2023-07-18T19:08:02.628+0000] {processor.py:826} INFO - Processing file /home/airflow/.local/lib/python3.7/site-packages/airflow/example_dags/example_task_group_decorator.py for tasks to queue
[2023-07-18T19:08:02.637+0000] {logging_mixin.py:150} INFO - [2023-07-18T19:08:02.634+0000] {dagbag.py:541} INFO - Filling up the DagBag from /home/airflow/.local/lib/python3.7/site-packages/airflow/example_dags/example_task_group_decorator.py
[2023-07-18T19:08:02.836+0000] {processor.py:836} INFO - DAG(s) dict_keys(['example_task_group_decorator']) retrieved from /home/airflow/.local/lib/python3.7/site-packages/airflow/example_dags/example_task_group_decorator.py
[2023-07-18T19:08:03.071+0000] {logging_mixin.py:150} INFO - [2023-07-18T19:08:03.067+0000] {dag.py:2742} INFO - Sync 1 DAGs
[2023-07-18T19:08:03.308+0000] {logging_mixin.py:150} INFO - [2023-07-18T19:08:03.308+0000] {dag.py:3508} INFO - Setting next_dagrun for example_task_group_decorator to 2023-07-17T19:08:03.303025+00:00, run_after=2023-07-18T19:08:03.303025+00:00
[2023-07-18T19:08:03.567+0000] {processor.py:179} INFO - Processing /home/airflow/.local/lib/python3.7/site-packages/airflow/example_dags/example_task_group_decorator.py took 1.178 seconds
[2023-07-18T19:08:34.643+0000] {processor.py:157} INFO - Started process (PID=138) to work on /home/airflow/.local/lib/python3.7/site-packages/airflow/example_dags/example_task_group_decorator.py
[2023-07-18T19:08:34.647+0000] {processor.py:826} INFO - Processing file /home/airflow/.local/lib/python3.7/site-packages/airflow/example_dags/example_task_group_decorator.py for tasks to queue
[2023-07-18T19:08:34.651+0000] {logging_mixin.py:150} INFO - [2023-07-18T19:08:34.651+0000] {dagbag.py:541} INFO - Filling up the DagBag from /home/airflow/.local/lib/python3.7/site-packages/airflow/example_dags/example_task_group_decorator.py
[2023-07-18T19:08:34.694+0000] {processor.py:836} INFO - DAG(s) dict_keys(['example_task_group_decorator']) retrieved from /home/airflow/.local/lib/python3.7/site-packages/airflow/example_dags/example_task_group_decorator.py
[2023-07-18T19:08:34.819+0000] {logging_mixin.py:150} INFO - [2023-07-18T19:08:34.812+0000] {dag.py:2742} INFO - Sync 1 DAGs
[2023-07-18T19:08:34.893+0000] {logging_mixin.py:150} INFO - [2023-07-18T19:08:34.892+0000] {dag.py:3508} INFO - Setting next_dagrun for example_task_group_decorator to 2023-07-17T19:08:34.891488+00:00, run_after=2023-07-18T19:08:34.891488+00:00
[2023-07-18T19:08:35.030+0000] {processor.py:179} INFO - Processing /home/airflow/.local/lib/python3.7/site-packages/airflow/example_dags/example_task_group_decorator.py took 0.393 seconds
[2023-07-18T19:09:42.083+0000] {processor.py:157} INFO - Started process (PID=210) to work on /home/airflow/.local/lib/python3.7/site-packages/airflow/example_dags/example_task_group_decorator.py
[2023-07-18T19:09:42.093+0000] {processor.py:826} INFO - Processing file /home/airflow/.local/lib/python3.7/site-packages/airflow/example_dags/example_task_group_decorator.py for tasks to queue
[2023-07-18T19:09:42.104+0000] {logging_mixin.py:150} INFO - [2023-07-18T19:09:42.103+0000] {dagbag.py:541} INFO - Filling up the DagBag from /home/airflow/.local/lib/python3.7/site-packages/airflow/example_dags/example_task_group_decorator.py
[2023-07-18T19:09:42.370+0000] {processor.py:836} INFO - DAG(s) dict_keys(['example_task_group_decorator']) retrieved from /home/airflow/.local/lib/python3.7/site-packages/airflow/example_dags/example_task_group_decorator.py
[2023-07-18T19:09:42.972+0000] {logging_mixin.py:150} INFO - [2023-07-18T19:09:42.970+0000] {dag.py:2742} INFO - Sync 1 DAGs
[2023-07-18T19:09:43.363+0000] {logging_mixin.py:150} INFO - [2023-07-18T19:09:43.363+0000] {dag.py:3508} INFO - Setting next_dagrun for example_task_group_decorator to 2023-07-17T19:09:43.267127+00:00, run_after=2023-07-18T19:09:43.267127+00:00
[2023-07-18T19:09:43.708+0000] {processor.py:179} INFO - Processing /home/airflow/.local/lib/python3.7/site-packages/airflow/example_dags/example_task_group_decorator.py took 1.673 seconds
[2023-07-18T19:10:24.553+0000] {processor.py:157} INFO - Started process (PID=272) to work on /home/airflow/.local/lib/python3.7/site-packages/airflow/example_dags/example_task_group_decorator.py
[2023-07-18T19:10:24.557+0000] {processor.py:826} INFO - Processing file /home/airflow/.local/lib/python3.7/site-packages/airflow/example_dags/example_task_group_decorator.py for tasks to queue
[2023-07-18T19:10:24.564+0000] {logging_mixin.py:150} INFO - [2023-07-18T19:10:24.562+0000] {dagbag.py:541} INFO - Filling up the DagBag from /home/airflow/.local/lib/python3.7/site-packages/airflow/example_dags/example_task_group_decorator.py
[2023-07-18T19:10:24.657+0000] {processor.py:836} INFO - DAG(s) dict_keys(['example_task_group_decorator']) retrieved from /home/airflow/.local/lib/python3.7/site-packages/airflow/example_dags/example_task_group_decorator.py
[2023-07-18T19:10:24.794+0000] {logging_mixin.py:150} INFO - [2023-07-18T19:10:24.793+0000] {dag.py:2742} INFO - Sync 1 DAGs
[2023-07-18T19:10:24.895+0000] {logging_mixin.py:150} INFO - [2023-07-18T19:10:24.891+0000] {dag.py:3508} INFO - Setting next_dagrun for example_task_group_decorator to 2023-07-17T19:10:24.890366+00:00, run_after=2023-07-18T19:10:24.890366+00:00
[2023-07-18T19:10:25.867+0000] {processor.py:179} INFO - Processing /home/airflow/.local/lib/python3.7/site-packages/airflow/example_dags/example_task_group_decorator.py took 1.301 seconds
[2023-07-18T19:11:00.829+0000] {processor.py:157} INFO - Started process (PID=335) to work on /home/airflow/.local/lib/python3.7/site-packages/airflow/example_dags/example_task_group_decorator.py
[2023-07-18T19:11:00.956+0000] {processor.py:826} INFO - Processing file /home/airflow/.local/lib/python3.7/site-packages/airflow/example_dags/example_task_group_decorator.py for tasks to queue
[2023-07-18T19:11:01.000+0000] {logging_mixin.py:150} INFO - [2023-07-18T19:11:00.971+0000] {dagbag.py:541} INFO - Filling up the DagBag from /home/airflow/.local/lib/python3.7/site-packages/airflow/example_dags/example_task_group_decorator.py
[2023-07-18T19:11:01.970+0000] {processor.py:836} INFO - DAG(s) dict_keys(['example_task_group_decorator']) retrieved from /home/airflow/.local/lib/python3.7/site-packages/airflow/example_dags/example_task_group_decorator.py
[2023-07-18T19:11:02.408+0000] {logging_mixin.py:150} INFO - [2023-07-18T19:11:02.408+0000] {dag.py:2742} INFO - Sync 1 DAGs
[2023-07-18T19:11:02.496+0000] {logging_mixin.py:150} INFO - [2023-07-18T19:11:02.496+0000] {dag.py:3508} INFO - Setting next_dagrun for example_task_group_decorator to 2023-07-17T19:11:02.495060+00:00, run_after=2023-07-18T19:11:02.495060+00:00
[2023-07-18T19:11:02.594+0000] {processor.py:179} INFO - Processing /home/airflow/.local/lib/python3.7/site-packages/airflow/example_dags/example_task_group_decorator.py took 1.928 seconds
[2023-07-18T19:11:37.951+0000] {processor.py:157} INFO - Started process (PID=408) to work on /home/airflow/.local/lib/python3.7/site-packages/airflow/example_dags/example_task_group_decorator.py
[2023-07-18T19:11:37.953+0000] {processor.py:826} INFO - Processing file /home/airflow/.local/lib/python3.7/site-packages/airflow/example_dags/example_task_group_decorator.py for tasks to queue
[2023-07-18T19:11:37.956+0000] {logging_mixin.py:150} INFO - [2023-07-18T19:11:37.955+0000] {dagbag.py:541} INFO - Filling up the DagBag from /home/airflow/.local/lib/python3.7/site-packages/airflow/example_dags/example_task_group_decorator.py
[2023-07-18T19:11:37.989+0000] {processor.py:836} INFO - DAG(s) dict_keys(['example_task_group_decorator']) retrieved from /home/airflow/.local/lib/python3.7/site-packages/airflow/example_dags/example_task_group_decorator.py
[2023-07-18T19:11:38.106+0000] {logging_mixin.py:150} INFO - [2023-07-18T19:11:38.105+0000] {dag.py:2742} INFO - Sync 1 DAGs
[2023-07-18T19:11:38.166+0000] {logging_mixin.py:150} INFO - [2023-07-18T19:11:38.166+0000] {dag.py:3508} INFO - Setting next_dagrun for example_task_group_decorator to 2023-07-17T19:11:38.165605+00:00, run_after=2023-07-18T19:11:38.165605+00:00
[2023-07-18T19:11:38.221+0000] {processor.py:179} INFO - Processing /home/airflow/.local/lib/python3.7/site-packages/airflow/example_dags/example_task_group_decorator.py took 0.275 seconds
[2023-07-18T19:12:45.839+0000] {processor.py:157} INFO - Started process (PID=493) to work on /home/airflow/.local/lib/python3.7/site-packages/airflow/example_dags/example_task_group_decorator.py
[2023-07-18T19:12:45.848+0000] {processor.py:826} INFO - Processing file /home/airflow/.local/lib/python3.7/site-packages/airflow/example_dags/example_task_group_decorator.py for tasks to queue
[2023-07-18T19:12:45.851+0000] {logging_mixin.py:150} INFO - [2023-07-18T19:12:45.850+0000] {dagbag.py:541} INFO - Filling up the DagBag from /home/airflow/.local/lib/python3.7/site-packages/airflow/example_dags/example_task_group_decorator.py
[2023-07-18T19:12:45.899+0000] {processor.py:836} INFO - DAG(s) dict_keys(['example_task_group_decorator']) retrieved from /home/airflow/.local/lib/python3.7/site-packages/airflow/example_dags/example_task_group_decorator.py
[2023-07-18T19:12:45.962+0000] {logging_mixin.py:150} INFO - [2023-07-18T19:12:45.962+0000] {dag.py:2742} INFO - Sync 1 DAGs
[2023-07-18T19:12:46.140+0000] {logging_mixin.py:150} INFO - [2023-07-18T19:12:46.139+0000] {dag.py:3508} INFO - Setting next_dagrun for example_task_group_decorator to 2023-07-17T19:12:46.138911+00:00, run_after=2023-07-18T19:12:46.138911+00:00
[2023-07-18T19:12:46.299+0000] {processor.py:179} INFO - Processing /home/airflow/.local/lib/python3.7/site-packages/airflow/example_dags/example_task_group_decorator.py took 0.467 seconds
[2023-07-18T19:17:30.199+0000] {processor.py:157} INFO - Started process (PID=606) to work on /home/airflow/.local/lib/python3.7/site-packages/airflow/example_dags/example_task_group_decorator.py
[2023-07-18T19:17:30.248+0000] {processor.py:826} INFO - Processing file /home/airflow/.local/lib/python3.7/site-packages/airflow/example_dags/example_task_group_decorator.py for tasks to queue
[2023-07-18T19:17:30.279+0000] {logging_mixin.py:150} INFO - [2023-07-18T19:17:30.257+0000] {dagbag.py:541} INFO - Filling up the DagBag from /home/airflow/.local/lib/python3.7/site-packages/airflow/example_dags/example_task_group_decorator.py
[2023-07-18T19:17:31.035+0000] {processor.py:836} INFO - DAG(s) dict_keys(['example_task_group_decorator']) retrieved from /home/airflow/.local/lib/python3.7/site-packages/airflow/example_dags/example_task_group_decorator.py
[2023-07-18T19:17:31.606+0000] {logging_mixin.py:150} INFO - [2023-07-18T19:17:31.603+0000] {dag.py:2742} INFO - Sync 1 DAGs
[2023-07-18T19:17:32.024+0000] {logging_mixin.py:150} INFO - [2023-07-18T19:17:32.024+0000] {dag.py:3508} INFO - Setting next_dagrun for example_task_group_decorator to 2023-07-17T19:17:32.022898+00:00, run_after=2023-07-18T19:17:32.022898+00:00
[2023-07-18T19:17:33.161+0000] {processor.py:179} INFO - Processing /home/airflow/.local/lib/python3.7/site-packages/airflow/example_dags/example_task_group_decorator.py took 3.120 seconds
