[2023-07-18T19:05:41.484+0000] {processor.py:157} INFO - Started process (PID=45) to work on /home/airflow/.local/lib/python3.7/site-packages/airflow/example_dags/example_params_trigger_ui.py
[2023-07-18T19:05:41.500+0000] {processor.py:826} INFO - Processing file /home/airflow/.local/lib/python3.7/site-packages/airflow/example_dags/example_params_trigger_ui.py for tasks to queue
[2023-07-18T19:05:41.503+0000] {logging_mixin.py:150} INFO - [2023-07-18T19:05:41.502+0000] {dagbag.py:541} INFO - Filling up the DagBag from /home/airflow/.local/lib/python3.7/site-packages/airflow/example_dags/example_params_trigger_ui.py
[2023-07-18T19:05:41.597+0000] {processor.py:836} INFO - DAG(s) dict_keys(['example_params_trigger_ui']) retrieved from /home/airflow/.local/lib/python3.7/site-packages/airflow/example_dags/example_params_trigger_ui.py
[2023-07-18T19:05:42.091+0000] {logging_mixin.py:150} INFO - [2023-07-18T19:05:42.091+0000] {dag.py:2742} INFO - Sync 1 DAGs
[2023-07-18T19:05:42.160+0000] {logging_mixin.py:150} INFO - [2023-07-18T19:05:42.160+0000] {dag.py:3508} INFO - Setting next_dagrun for example_params_trigger_ui to None, run_after=None
[2023-07-18T19:05:42.235+0000] {processor.py:179} INFO - Processing /home/airflow/.local/lib/python3.7/site-packages/airflow/example_dags/example_params_trigger_ui.py took 0.769 seconds
[2023-07-18T19:06:12.912+0000] {processor.py:157} INFO - Started process (PID=107) to work on /home/airflow/.local/lib/python3.7/site-packages/airflow/example_dags/example_params_trigger_ui.py
[2023-07-18T19:06:12.915+0000] {processor.py:826} INFO - Processing file /home/airflow/.local/lib/python3.7/site-packages/airflow/example_dags/example_params_trigger_ui.py for tasks to queue
[2023-07-18T19:06:12.918+0000] {logging_mixin.py:150} INFO - [2023-07-18T19:06:12.917+0000] {dagbag.py:541} INFO - Filling up the DagBag from /home/airflow/.local/lib/python3.7/site-packages/airflow/example_dags/example_params_trigger_ui.py
[2023-07-18T19:06:13.015+0000] {processor.py:836} INFO - DAG(s) dict_keys(['example_params_trigger_ui']) retrieved from /home/airflow/.local/lib/python3.7/site-packages/airflow/example_dags/example_params_trigger_ui.py
[2023-07-18T19:06:13.106+0000] {logging_mixin.py:150} INFO - [2023-07-18T19:06:13.105+0000] {dag.py:2742} INFO - Sync 1 DAGs
[2023-07-18T19:06:13.129+0000] {logging_mixin.py:150} INFO - [2023-07-18T19:06:13.129+0000] {dag.py:3508} INFO - Setting next_dagrun for example_params_trigger_ui to None, run_after=None
[2023-07-18T19:06:13.156+0000] {processor.py:179} INFO - Processing /home/airflow/.local/lib/python3.7/site-packages/airflow/example_dags/example_params_trigger_ui.py took 0.265 seconds
[2023-07-18T19:07:51.606+0000] {processor.py:157} INFO - Started process (PID=45) to work on /home/airflow/.local/lib/python3.7/site-packages/airflow/example_dags/example_params_trigger_ui.py
[2023-07-18T19:07:51.609+0000] {processor.py:826} INFO - Processing file /home/airflow/.local/lib/python3.7/site-packages/airflow/example_dags/example_params_trigger_ui.py for tasks to queue
[2023-07-18T19:07:51.630+0000] {logging_mixin.py:150} INFO - [2023-07-18T19:07:51.627+0000] {dagbag.py:541} INFO - Filling up the DagBag from /home/airflow/.local/lib/python3.7/site-packages/airflow/example_dags/example_params_trigger_ui.py
[2023-07-18T19:07:51.681+0000] {processor.py:836} INFO - DAG(s) dict_keys(['example_params_trigger_ui']) retrieved from /home/airflow/.local/lib/python3.7/site-packages/airflow/example_dags/example_params_trigger_ui.py
[2023-07-18T19:07:52.332+0000] {logging_mixin.py:150} INFO - [2023-07-18T19:07:52.332+0000] {dag.py:2742} INFO - Sync 1 DAGs
[2023-07-18T19:07:52.376+0000] {logging_mixin.py:150} INFO - [2023-07-18T19:07:52.376+0000] {dag.py:3508} INFO - Setting next_dagrun for example_params_trigger_ui to None, run_after=None
[2023-07-18T19:07:52.424+0000] {processor.py:179} INFO - Processing /home/airflow/.local/lib/python3.7/site-packages/airflow/example_dags/example_params_trigger_ui.py took 0.823 seconds
[2023-07-18T19:08:26.474+0000] {processor.py:157} INFO - Started process (PID=107) to work on /home/airflow/.local/lib/python3.7/site-packages/airflow/example_dags/example_params_trigger_ui.py
[2023-07-18T19:08:26.479+0000] {processor.py:826} INFO - Processing file /home/airflow/.local/lib/python3.7/site-packages/airflow/example_dags/example_params_trigger_ui.py for tasks to queue
[2023-07-18T19:08:26.484+0000] {logging_mixin.py:150} INFO - [2023-07-18T19:08:26.483+0000] {dagbag.py:541} INFO - Filling up the DagBag from /home/airflow/.local/lib/python3.7/site-packages/airflow/example_dags/example_params_trigger_ui.py
[2023-07-18T19:08:26.540+0000] {processor.py:836} INFO - DAG(s) dict_keys(['example_params_trigger_ui']) retrieved from /home/airflow/.local/lib/python3.7/site-packages/airflow/example_dags/example_params_trigger_ui.py
[2023-07-18T19:08:26.707+0000] {logging_mixin.py:150} INFO - [2023-07-18T19:08:26.706+0000] {dag.py:2742} INFO - Sync 1 DAGs
[2023-07-18T19:08:26.837+0000] {logging_mixin.py:150} INFO - [2023-07-18T19:08:26.837+0000] {dag.py:3508} INFO - Setting next_dagrun for example_params_trigger_ui to None, run_after=None
[2023-07-18T19:08:26.926+0000] {processor.py:179} INFO - Processing /home/airflow/.local/lib/python3.7/site-packages/airflow/example_dags/example_params_trigger_ui.py took 0.460 seconds
[2023-07-18T19:08:59.856+0000] {processor.py:157} INFO - Started process (PID=170) to work on /home/airflow/.local/lib/python3.7/site-packages/airflow/example_dags/example_params_trigger_ui.py
[2023-07-18T19:08:59.877+0000] {processor.py:826} INFO - Processing file /home/airflow/.local/lib/python3.7/site-packages/airflow/example_dags/example_params_trigger_ui.py for tasks to queue
[2023-07-18T19:08:59.893+0000] {logging_mixin.py:150} INFO - [2023-07-18T19:08:59.891+0000] {dagbag.py:541} INFO - Filling up the DagBag from /home/airflow/.local/lib/python3.7/site-packages/airflow/example_dags/example_params_trigger_ui.py
[2023-07-18T19:09:00.404+0000] {processor.py:836} INFO - DAG(s) dict_keys(['example_params_trigger_ui']) retrieved from /home/airflow/.local/lib/python3.7/site-packages/airflow/example_dags/example_params_trigger_ui.py
[2023-07-18T19:09:00.827+0000] {logging_mixin.py:150} INFO - [2023-07-18T19:09:00.827+0000] {dag.py:2742} INFO - Sync 1 DAGs
[2023-07-18T19:09:01.241+0000] {logging_mixin.py:150} INFO - [2023-07-18T19:09:01.241+0000] {dag.py:3508} INFO - Setting next_dagrun for example_params_trigger_ui to None, run_after=None
[2023-07-18T19:09:01.335+0000] {processor.py:179} INFO - Processing /home/airflow/.local/lib/python3.7/site-packages/airflow/example_dags/example_params_trigger_ui.py took 1.556 seconds
[2023-07-18T19:10:11.990+0000] {processor.py:157} INFO - Started process (PID=241) to work on /home/airflow/.local/lib/python3.7/site-packages/airflow/example_dags/example_params_trigger_ui.py
[2023-07-18T19:10:11.992+0000] {processor.py:826} INFO - Processing file /home/airflow/.local/lib/python3.7/site-packages/airflow/example_dags/example_params_trigger_ui.py for tasks to queue
[2023-07-18T19:10:11.996+0000] {logging_mixin.py:150} INFO - [2023-07-18T19:10:11.995+0000] {dagbag.py:541} INFO - Filling up the DagBag from /home/airflow/.local/lib/python3.7/site-packages/airflow/example_dags/example_params_trigger_ui.py
[2023-07-18T19:10:12.048+0000] {processor.py:836} INFO - DAG(s) dict_keys(['example_params_trigger_ui']) retrieved from /home/airflow/.local/lib/python3.7/site-packages/airflow/example_dags/example_params_trigger_ui.py
[2023-07-18T19:10:12.221+0000] {logging_mixin.py:150} INFO - [2023-07-18T19:10:12.218+0000] {dag.py:2742} INFO - Sync 1 DAGs
[2023-07-18T19:10:12.357+0000] {logging_mixin.py:150} INFO - [2023-07-18T19:10:12.356+0000] {dag.py:3508} INFO - Setting next_dagrun for example_params_trigger_ui to None, run_after=None
[2023-07-18T19:10:12.406+0000] {processor.py:179} INFO - Processing /home/airflow/.local/lib/python3.7/site-packages/airflow/example_dags/example_params_trigger_ui.py took 0.427 seconds
[2023-07-18T19:10:43.555+0000] {processor.py:157} INFO - Started process (PID=305) to work on /home/airflow/.local/lib/python3.7/site-packages/airflow/example_dags/example_params_trigger_ui.py
[2023-07-18T19:10:43.558+0000] {processor.py:826} INFO - Processing file /home/airflow/.local/lib/python3.7/site-packages/airflow/example_dags/example_params_trigger_ui.py for tasks to queue
[2023-07-18T19:10:43.560+0000] {logging_mixin.py:150} INFO - [2023-07-18T19:10:43.560+0000] {dagbag.py:541} INFO - Filling up the DagBag from /home/airflow/.local/lib/python3.7/site-packages/airflow/example_dags/example_params_trigger_ui.py
[2023-07-18T19:10:43.607+0000] {processor.py:836} INFO - DAG(s) dict_keys(['example_params_trigger_ui']) retrieved from /home/airflow/.local/lib/python3.7/site-packages/airflow/example_dags/example_params_trigger_ui.py
[2023-07-18T19:10:43.686+0000] {logging_mixin.py:150} INFO - [2023-07-18T19:10:43.686+0000] {dag.py:2742} INFO - Sync 1 DAGs
[2023-07-18T19:10:43.713+0000] {logging_mixin.py:150} INFO - [2023-07-18T19:10:43.713+0000] {dag.py:3508} INFO - Setting next_dagrun for example_params_trigger_ui to None, run_after=None
[2023-07-18T19:10:43.733+0000] {processor.py:179} INFO - Processing /home/airflow/.local/lib/python3.7/site-packages/airflow/example_dags/example_params_trigger_ui.py took 0.183 seconds
[2023-07-18T19:11:16.012+0000] {processor.py:157} INFO - Started process (PID=367) to work on /home/airflow/.local/lib/python3.7/site-packages/airflow/example_dags/example_params_trigger_ui.py
[2023-07-18T19:11:16.163+0000] {processor.py:826} INFO - Processing file /home/airflow/.local/lib/python3.7/site-packages/airflow/example_dags/example_params_trigger_ui.py for tasks to queue
[2023-07-18T19:11:16.264+0000] {logging_mixin.py:150} INFO - [2023-07-18T19:11:16.239+0000] {dagbag.py:541} INFO - Filling up the DagBag from /home/airflow/.local/lib/python3.7/site-packages/airflow/example_dags/example_params_trigger_ui.py
[2023-07-18T19:11:16.548+0000] {processor.py:836} INFO - DAG(s) dict_keys(['example_params_trigger_ui']) retrieved from /home/airflow/.local/lib/python3.7/site-packages/airflow/example_dags/example_params_trigger_ui.py
[2023-07-18T19:11:16.802+0000] {logging_mixin.py:150} INFO - [2023-07-18T19:11:16.801+0000] {dag.py:2742} INFO - Sync 1 DAGs
[2023-07-18T19:11:16.857+0000] {logging_mixin.py:150} INFO - [2023-07-18T19:11:16.856+0000] {dag.py:3508} INFO - Setting next_dagrun for example_params_trigger_ui to None, run_after=None
[2023-07-18T19:11:16.915+0000] {processor.py:179} INFO - Processing /home/airflow/.local/lib/python3.7/site-packages/airflow/example_dags/example_params_trigger_ui.py took 1.630 seconds
[2023-07-18T19:11:47.823+0000] {processor.py:157} INFO - Started process (PID=434) to work on /home/airflow/.local/lib/python3.7/site-packages/airflow/example_dags/example_params_trigger_ui.py
[2023-07-18T19:11:47.844+0000] {processor.py:826} INFO - Processing file /home/airflow/.local/lib/python3.7/site-packages/airflow/example_dags/example_params_trigger_ui.py for tasks to queue
[2023-07-18T19:11:47.876+0000] {logging_mixin.py:150} INFO - [2023-07-18T19:11:47.862+0000] {dagbag.py:541} INFO - Filling up the DagBag from /home/airflow/.local/lib/python3.7/site-packages/airflow/example_dags/example_params_trigger_ui.py
[2023-07-18T19:11:48.389+0000] {processor.py:836} INFO - DAG(s) dict_keys(['example_params_trigger_ui']) retrieved from /home/airflow/.local/lib/python3.7/site-packages/airflow/example_dags/example_params_trigger_ui.py
[2023-07-18T19:11:48.718+0000] {logging_mixin.py:150} INFO - [2023-07-18T19:11:48.716+0000] {dag.py:2742} INFO - Sync 1 DAGs
[2023-07-18T19:11:48.965+0000] {logging_mixin.py:150} INFO - [2023-07-18T19:11:48.964+0000] {dag.py:3508} INFO - Setting next_dagrun for example_params_trigger_ui to None, run_after=None
[2023-07-18T19:11:48.994+0000] {processor.py:179} INFO - Processing /home/airflow/.local/lib/python3.7/site-packages/airflow/example_dags/example_params_trigger_ui.py took 1.181 seconds
[2023-07-18T19:12:48.623+0000] {processor.py:157} INFO - Started process (PID=502) to work on /home/airflow/.local/lib/python3.7/site-packages/airflow/example_dags/example_params_trigger_ui.py
[2023-07-18T19:12:48.640+0000] {processor.py:826} INFO - Processing file /home/airflow/.local/lib/python3.7/site-packages/airflow/example_dags/example_params_trigger_ui.py for tasks to queue
[2023-07-18T19:12:48.667+0000] {logging_mixin.py:150} INFO - [2023-07-18T19:12:48.666+0000] {dagbag.py:541} INFO - Filling up the DagBag from /home/airflow/.local/lib/python3.7/site-packages/airflow/example_dags/example_params_trigger_ui.py
[2023-07-18T19:12:49.045+0000] {processor.py:836} INFO - DAG(s) dict_keys(['example_params_trigger_ui']) retrieved from /home/airflow/.local/lib/python3.7/site-packages/airflow/example_dags/example_params_trigger_ui.py
[2023-07-18T19:12:49.821+0000] {logging_mixin.py:150} INFO - [2023-07-18T19:12:49.804+0000] {dag.py:2742} INFO - Sync 1 DAGs
[2023-07-18T19:12:50.211+0000] {logging_mixin.py:150} INFO - [2023-07-18T19:12:50.210+0000] {dag.py:3508} INFO - Setting next_dagrun for example_params_trigger_ui to None, run_after=None
[2023-07-18T19:12:50.339+0000] {processor.py:179} INFO - Processing /home/airflow/.local/lib/python3.7/site-packages/airflow/example_dags/example_params_trigger_ui.py took 1.734 seconds
[2023-07-18T19:15:44.485+0000] {processor.py:157} INFO - Started process (PID=571) to work on /home/airflow/.local/lib/python3.7/site-packages/airflow/example_dags/example_params_trigger_ui.py
[2023-07-18T19:15:44.496+0000] {processor.py:826} INFO - Processing file /home/airflow/.local/lib/python3.7/site-packages/airflow/example_dags/example_params_trigger_ui.py for tasks to queue
[2023-07-18T19:15:44.517+0000] {logging_mixin.py:150} INFO - [2023-07-18T19:15:44.511+0000] {dagbag.py:541} INFO - Filling up the DagBag from /home/airflow/.local/lib/python3.7/site-packages/airflow/example_dags/example_params_trigger_ui.py
[2023-07-18T19:15:45.161+0000] {processor.py:836} INFO - DAG(s) dict_keys(['example_params_trigger_ui']) retrieved from /home/airflow/.local/lib/python3.7/site-packages/airflow/example_dags/example_params_trigger_ui.py
[2023-07-18T19:15:46.862+0000] {logging_mixin.py:150} INFO - [2023-07-18T19:15:46.844+0000] {dag.py:2742} INFO - Sync 1 DAGs
[2023-07-18T19:15:47.176+0000] {logging_mixin.py:150} INFO - [2023-07-18T19:15:47.176+0000] {dag.py:3508} INFO - Setting next_dagrun for example_params_trigger_ui to None, run_after=None
[2023-07-18T19:15:47.273+0000] {processor.py:179} INFO - Processing /home/airflow/.local/lib/python3.7/site-packages/airflow/example_dags/example_params_trigger_ui.py took 2.819 seconds
[2023-07-18T19:19:22.439+0000] {processor.py:157} INFO - Started process (PID=651) to work on /home/airflow/.local/lib/python3.7/site-packages/airflow/example_dags/example_params_trigger_ui.py
[2023-07-18T19:19:22.502+0000] {processor.py:826} INFO - Processing file /home/airflow/.local/lib/python3.7/site-packages/airflow/example_dags/example_params_trigger_ui.py for tasks to queue
[2023-07-18T19:19:22.613+0000] {logging_mixin.py:150} INFO - [2023-07-18T19:19:22.550+0000] {dagbag.py:541} INFO - Filling up the DagBag from /home/airflow/.local/lib/python3.7/site-packages/airflow/example_dags/example_params_trigger_ui.py
[2023-07-18T19:19:24.241+0000] {processor.py:836} INFO - DAG(s) dict_keys(['example_params_trigger_ui']) retrieved from /home/airflow/.local/lib/python3.7/site-packages/airflow/example_dags/example_params_trigger_ui.py
[2023-07-18T19:19:24.768+0000] {logging_mixin.py:150} INFO - [2023-07-18T19:19:24.766+0000] {dag.py:2742} INFO - Sync 1 DAGs
[2023-07-18T19:19:25.016+0000] {logging_mixin.py:150} INFO - [2023-07-18T19:19:25.016+0000] {dag.py:3508} INFO - Setting next_dagrun for example_params_trigger_ui to None, run_after=None
[2023-07-18T19:19:25.077+0000] {processor.py:179} INFO - Processing /home/airflow/.local/lib/python3.7/site-packages/airflow/example_dags/example_params_trigger_ui.py took 3.139 seconds
