[2023-07-18T19:05:47.397+0000] {processor.py:157} INFO - Started process (PID=56) to work on /home/airflow/.local/lib/python3.7/site-packages/airflow/example_dags/example_datasets.py
[2023-07-18T19:05:47.400+0000] {processor.py:826} INFO - Processing file /home/airflow/.local/lib/python3.7/site-packages/airflow/example_dags/example_datasets.py for tasks to queue
[2023-07-18T19:05:47.404+0000] {logging_mixin.py:150} INFO - [2023-07-18T19:05:47.403+0000] {dagbag.py:541} INFO - Filling up the DagBag from /home/airflow/.local/lib/python3.7/site-packages/airflow/example_dags/example_datasets.py
[2023-07-18T19:05:47.437+0000] {processor.py:836} INFO - DAG(s) dict_keys(['dataset_consumes_1_and_2', 'dataset_consumes_unknown_never_scheduled', 'dataset_produces_2', 'dataset_consumes_1_never_scheduled', 'dataset_consumes_1', 'dataset_produces_1']) retrieved from /home/airflow/.local/lib/python3.7/site-packages/airflow/example_dags/example_datasets.py
[2023-07-18T19:05:48.503+0000] {logging_mixin.py:150} INFO - [2023-07-18T19:05:48.502+0000] {dag.py:2742} INFO - Sync 6 DAGs
[2023-07-18T19:05:48.566+0000] {logging_mixin.py:150} INFO - [2023-07-18T19:05:48.566+0000] {dag.py:3508} INFO - Setting next_dagrun for dataset_consumes_1 to None, run_after=None
[2023-07-18T19:05:48.571+0000] {logging_mixin.py:150} INFO - [2023-07-18T19:05:48.571+0000] {dag.py:3508} INFO - Setting next_dagrun for dataset_consumes_1_and_2 to None, run_after=None
[2023-07-18T19:05:48.577+0000] {logging_mixin.py:150} INFO - [2023-07-18T19:05:48.577+0000] {dag.py:3508} INFO - Setting next_dagrun for dataset_consumes_1_never_scheduled to None, run_after=None
[2023-07-18T19:05:48.583+0000] {logging_mixin.py:150} INFO - [2023-07-18T19:05:48.583+0000] {dag.py:3508} INFO - Setting next_dagrun for dataset_consumes_unknown_never_scheduled to None, run_after=None
[2023-07-18T19:05:48.590+0000] {logging_mixin.py:150} INFO - [2023-07-18T19:05:48.590+0000] {dag.py:3508} INFO - Setting next_dagrun for dataset_produces_1 to 2023-07-17T00:00:00+00:00, run_after=2023-07-18T00:00:00+00:00
[2023-07-18T19:05:48.593+0000] {logging_mixin.py:150} INFO - [2023-07-18T19:05:48.593+0000] {dag.py:3508} INFO - Setting next_dagrun for dataset_produces_2 to None, run_after=None
[2023-07-18T19:05:48.681+0000] {processor.py:179} INFO - Processing /home/airflow/.local/lib/python3.7/site-packages/airflow/example_dags/example_datasets.py took 1.290 seconds
[2023-07-18T19:06:20.843+0000] {processor.py:157} INFO - Started process (PID=118) to work on /home/airflow/.local/lib/python3.7/site-packages/airflow/example_dags/example_datasets.py
[2023-07-18T19:06:20.877+0000] {processor.py:826} INFO - Processing file /home/airflow/.local/lib/python3.7/site-packages/airflow/example_dags/example_datasets.py for tasks to queue
[2023-07-18T19:06:20.887+0000] {logging_mixin.py:150} INFO - [2023-07-18T19:06:20.886+0000] {dagbag.py:541} INFO - Filling up the DagBag from /home/airflow/.local/lib/python3.7/site-packages/airflow/example_dags/example_datasets.py
[2023-07-18T19:06:21.083+0000] {processor.py:836} INFO - DAG(s) dict_keys(['dataset_consumes_1_and_2', 'dataset_consumes_1_never_scheduled', 'dataset_produces_2', 'dataset_consumes_1', 'dataset_produces_1', 'dataset_consumes_unknown_never_scheduled']) retrieved from /home/airflow/.local/lib/python3.7/site-packages/airflow/example_dags/example_datasets.py
[2023-07-18T19:06:21.496+0000] {logging_mixin.py:150} INFO - [2023-07-18T19:06:21.494+0000] {dag.py:2742} INFO - Sync 6 DAGs
[2023-07-18T19:06:21.658+0000] {logging_mixin.py:150} INFO - [2023-07-18T19:06:21.658+0000] {dag.py:3508} INFO - Setting next_dagrun for dataset_consumes_1 to None, run_after=None
[2023-07-18T19:06:21.678+0000] {logging_mixin.py:150} INFO - [2023-07-18T19:06:21.677+0000] {dag.py:3508} INFO - Setting next_dagrun for dataset_consumes_1_and_2 to None, run_after=None
[2023-07-18T19:06:21.684+0000] {logging_mixin.py:150} INFO - [2023-07-18T19:06:21.683+0000] {dag.py:3508} INFO - Setting next_dagrun for dataset_consumes_1_never_scheduled to None, run_after=None
[2023-07-18T19:06:21.687+0000] {logging_mixin.py:150} INFO - [2023-07-18T19:06:21.687+0000] {dag.py:3508} INFO - Setting next_dagrun for dataset_consumes_unknown_never_scheduled to None, run_after=None
[2023-07-18T19:06:21.696+0000] {logging_mixin.py:150} INFO - [2023-07-18T19:06:21.695+0000] {dag.py:3508} INFO - Setting next_dagrun for dataset_produces_1 to 2023-07-17T00:00:00+00:00, run_after=2023-07-18T00:00:00+00:00
[2023-07-18T19:06:21.707+0000] {logging_mixin.py:150} INFO - [2023-07-18T19:06:21.706+0000] {dag.py:3508} INFO - Setting next_dagrun for dataset_produces_2 to None, run_after=None
[2023-07-18T19:06:21.794+0000] {processor.py:179} INFO - Processing /home/airflow/.local/lib/python3.7/site-packages/airflow/example_dags/example_datasets.py took 1.097 seconds
[2023-07-18T19:07:54.071+0000] {processor.py:157} INFO - Started process (PID=56) to work on /home/airflow/.local/lib/python3.7/site-packages/airflow/example_dags/example_datasets.py
[2023-07-18T19:07:54.073+0000] {processor.py:826} INFO - Processing file /home/airflow/.local/lib/python3.7/site-packages/airflow/example_dags/example_datasets.py for tasks to queue
[2023-07-18T19:07:54.074+0000] {logging_mixin.py:150} INFO - [2023-07-18T19:07:54.074+0000] {dagbag.py:541} INFO - Filling up the DagBag from /home/airflow/.local/lib/python3.7/site-packages/airflow/example_dags/example_datasets.py
[2023-07-18T19:07:54.087+0000] {processor.py:836} INFO - DAG(s) dict_keys(['dataset_produces_1', 'dataset_consumes_1_never_scheduled', 'dataset_produces_2', 'dataset_consumes_1_and_2', 'dataset_consumes_1', 'dataset_consumes_unknown_never_scheduled']) retrieved from /home/airflow/.local/lib/python3.7/site-packages/airflow/example_dags/example_datasets.py
[2023-07-18T19:07:54.275+0000] {logging_mixin.py:150} INFO - [2023-07-18T19:07:54.275+0000] {dag.py:2742} INFO - Sync 6 DAGs
[2023-07-18T19:07:54.322+0000] {logging_mixin.py:150} INFO - [2023-07-18T19:07:54.322+0000] {dag.py:3508} INFO - Setting next_dagrun for dataset_consumes_1 to None, run_after=None
[2023-07-18T19:07:54.326+0000] {logging_mixin.py:150} INFO - [2023-07-18T19:07:54.326+0000] {dag.py:3508} INFO - Setting next_dagrun for dataset_consumes_1_and_2 to None, run_after=None
[2023-07-18T19:07:54.329+0000] {logging_mixin.py:150} INFO - [2023-07-18T19:07:54.329+0000] {dag.py:3508} INFO - Setting next_dagrun for dataset_consumes_1_never_scheduled to None, run_after=None
[2023-07-18T19:07:54.332+0000] {logging_mixin.py:150} INFO - [2023-07-18T19:07:54.331+0000] {dag.py:3508} INFO - Setting next_dagrun for dataset_consumes_unknown_never_scheduled to None, run_after=None
[2023-07-18T19:07:54.334+0000] {logging_mixin.py:150} INFO - [2023-07-18T19:07:54.334+0000] {dag.py:3508} INFO - Setting next_dagrun for dataset_produces_1 to 2023-07-17T00:00:00+00:00, run_after=2023-07-18T00:00:00+00:00
[2023-07-18T19:07:54.339+0000] {logging_mixin.py:150} INFO - [2023-07-18T19:07:54.338+0000] {dag.py:3508} INFO - Setting next_dagrun for dataset_produces_2 to None, run_after=None
[2023-07-18T19:07:54.383+0000] {processor.py:179} INFO - Processing /home/airflow/.local/lib/python3.7/site-packages/airflow/example_dags/example_datasets.py took 0.316 seconds
[2023-07-18T19:08:28.884+0000] {processor.py:157} INFO - Started process (PID=118) to work on /home/airflow/.local/lib/python3.7/site-packages/airflow/example_dags/example_datasets.py
[2023-07-18T19:08:28.902+0000] {processor.py:826} INFO - Processing file /home/airflow/.local/lib/python3.7/site-packages/airflow/example_dags/example_datasets.py for tasks to queue
[2023-07-18T19:08:28.924+0000] {logging_mixin.py:150} INFO - [2023-07-18T19:08:28.922+0000] {dagbag.py:541} INFO - Filling up the DagBag from /home/airflow/.local/lib/python3.7/site-packages/airflow/example_dags/example_datasets.py
[2023-07-18T19:08:29.006+0000] {processor.py:836} INFO - DAG(s) dict_keys(['dataset_consumes_1_and_2', 'dataset_produces_1', 'dataset_consumes_1_never_scheduled', 'dataset_consumes_unknown_never_scheduled', 'dataset_produces_2', 'dataset_consumes_1']) retrieved from /home/airflow/.local/lib/python3.7/site-packages/airflow/example_dags/example_datasets.py
[2023-07-18T19:08:29.662+0000] {logging_mixin.py:150} INFO - [2023-07-18T19:08:29.640+0000] {dag.py:2742} INFO - Sync 6 DAGs
[2023-07-18T19:08:29.738+0000] {logging_mixin.py:150} INFO - [2023-07-18T19:08:29.738+0000] {dag.py:3508} INFO - Setting next_dagrun for dataset_consumes_1 to None, run_after=None
[2023-07-18T19:08:29.755+0000] {logging_mixin.py:150} INFO - [2023-07-18T19:08:29.750+0000] {dag.py:3508} INFO - Setting next_dagrun for dataset_consumes_1_and_2 to None, run_after=None
[2023-07-18T19:08:29.759+0000] {logging_mixin.py:150} INFO - [2023-07-18T19:08:29.759+0000] {dag.py:3508} INFO - Setting next_dagrun for dataset_consumes_1_never_scheduled to None, run_after=None
[2023-07-18T19:08:29.768+0000] {logging_mixin.py:150} INFO - [2023-07-18T19:08:29.768+0000] {dag.py:3508} INFO - Setting next_dagrun for dataset_consumes_unknown_never_scheduled to None, run_after=None
[2023-07-18T19:08:29.788+0000] {logging_mixin.py:150} INFO - [2023-07-18T19:08:29.788+0000] {dag.py:3508} INFO - Setting next_dagrun for dataset_produces_1 to 2023-07-17T00:00:00+00:00, run_after=2023-07-18T00:00:00+00:00
[2023-07-18T19:08:29.791+0000] {logging_mixin.py:150} INFO - [2023-07-18T19:08:29.791+0000] {dag.py:3508} INFO - Setting next_dagrun for dataset_produces_2 to None, run_after=None
[2023-07-18T19:08:29.890+0000] {processor.py:179} INFO - Processing /home/airflow/.local/lib/python3.7/site-packages/airflow/example_dags/example_datasets.py took 1.015 seconds
[2023-07-18T19:09:04.618+0000] {processor.py:157} INFO - Started process (PID=181) to work on /home/airflow/.local/lib/python3.7/site-packages/airflow/example_dags/example_datasets.py
[2023-07-18T19:09:04.627+0000] {processor.py:826} INFO - Processing file /home/airflow/.local/lib/python3.7/site-packages/airflow/example_dags/example_datasets.py for tasks to queue
[2023-07-18T19:09:04.632+0000] {logging_mixin.py:150} INFO - [2023-07-18T19:09:04.631+0000] {dagbag.py:541} INFO - Filling up the DagBag from /home/airflow/.local/lib/python3.7/site-packages/airflow/example_dags/example_datasets.py
[2023-07-18T19:09:04.662+0000] {processor.py:836} INFO - DAG(s) dict_keys(['dataset_produces_2', 'dataset_consumes_1_and_2', 'dataset_consumes_1', 'dataset_produces_1', 'dataset_consumes_1_never_scheduled', 'dataset_consumes_unknown_never_scheduled']) retrieved from /home/airflow/.local/lib/python3.7/site-packages/airflow/example_dags/example_datasets.py
[2023-07-18T19:09:04.738+0000] {logging_mixin.py:150} INFO - [2023-07-18T19:09:04.737+0000] {dag.py:2742} INFO - Sync 6 DAGs
[2023-07-18T19:09:04.789+0000] {logging_mixin.py:150} INFO - [2023-07-18T19:09:04.789+0000] {dag.py:3508} INFO - Setting next_dagrun for dataset_consumes_1 to None, run_after=None
[2023-07-18T19:09:04.842+0000] {logging_mixin.py:150} INFO - [2023-07-18T19:09:04.842+0000] {dag.py:3508} INFO - Setting next_dagrun for dataset_consumes_1_and_2 to None, run_after=None
[2023-07-18T19:09:04.865+0000] {logging_mixin.py:150} INFO - [2023-07-18T19:09:04.864+0000] {dag.py:3508} INFO - Setting next_dagrun for dataset_consumes_1_never_scheduled to None, run_after=None
[2023-07-18T19:09:04.872+0000] {logging_mixin.py:150} INFO - [2023-07-18T19:09:04.872+0000] {dag.py:3508} INFO - Setting next_dagrun for dataset_consumes_unknown_never_scheduled to None, run_after=None
[2023-07-18T19:09:04.887+0000] {logging_mixin.py:150} INFO - [2023-07-18T19:09:04.887+0000] {dag.py:3508} INFO - Setting next_dagrun for dataset_produces_1 to 2023-07-17T00:00:00+00:00, run_after=2023-07-18T00:00:00+00:00
[2023-07-18T19:09:04.893+0000] {logging_mixin.py:150} INFO - [2023-07-18T19:09:04.893+0000] {dag.py:3508} INFO - Setting next_dagrun for dataset_produces_2 to None, run_after=None
[2023-07-18T19:09:05.140+0000] {processor.py:179} INFO - Processing /home/airflow/.local/lib/python3.7/site-packages/airflow/example_dags/example_datasets.py took 0.530 seconds
[2023-07-18T19:10:14.878+0000] {processor.py:157} INFO - Started process (PID=252) to work on /home/airflow/.local/lib/python3.7/site-packages/airflow/example_dags/example_datasets.py
[2023-07-18T19:10:14.934+0000] {processor.py:826} INFO - Processing file /home/airflow/.local/lib/python3.7/site-packages/airflow/example_dags/example_datasets.py for tasks to queue
[2023-07-18T19:10:14.945+0000] {logging_mixin.py:150} INFO - [2023-07-18T19:10:14.944+0000] {dagbag.py:541} INFO - Filling up the DagBag from /home/airflow/.local/lib/python3.7/site-packages/airflow/example_dags/example_datasets.py
[2023-07-18T19:10:15.108+0000] {processor.py:836} INFO - DAG(s) dict_keys(['dataset_consumes_1', 'dataset_consumes_1_never_scheduled', 'dataset_consumes_1_and_2', 'dataset_produces_1', 'dataset_produces_2', 'dataset_consumes_unknown_never_scheduled']) retrieved from /home/airflow/.local/lib/python3.7/site-packages/airflow/example_dags/example_datasets.py
[2023-07-18T19:10:15.364+0000] {logging_mixin.py:150} INFO - [2023-07-18T19:10:15.363+0000] {dag.py:2742} INFO - Sync 6 DAGs
[2023-07-18T19:10:15.738+0000] {logging_mixin.py:150} INFO - [2023-07-18T19:10:15.736+0000] {dag.py:3508} INFO - Setting next_dagrun for dataset_consumes_1 to None, run_after=None
[2023-07-18T19:10:15.755+0000] {logging_mixin.py:150} INFO - [2023-07-18T19:10:15.755+0000] {dag.py:3508} INFO - Setting next_dagrun for dataset_consumes_1_and_2 to None, run_after=None
[2023-07-18T19:10:15.779+0000] {logging_mixin.py:150} INFO - [2023-07-18T19:10:15.779+0000] {dag.py:3508} INFO - Setting next_dagrun for dataset_consumes_1_never_scheduled to None, run_after=None
[2023-07-18T19:10:15.795+0000] {logging_mixin.py:150} INFO - [2023-07-18T19:10:15.795+0000] {dag.py:3508} INFO - Setting next_dagrun for dataset_consumes_unknown_never_scheduled to None, run_after=None
[2023-07-18T19:10:15.825+0000] {logging_mixin.py:150} INFO - [2023-07-18T19:10:15.825+0000] {dag.py:3508} INFO - Setting next_dagrun for dataset_produces_1 to 2023-07-17T00:00:00+00:00, run_after=2023-07-18T00:00:00+00:00
[2023-07-18T19:10:15.877+0000] {logging_mixin.py:150} INFO - [2023-07-18T19:10:15.876+0000] {dag.py:3508} INFO - Setting next_dagrun for dataset_produces_2 to None, run_after=None
[2023-07-18T19:10:16.596+0000] {processor.py:179} INFO - Processing /home/airflow/.local/lib/python3.7/site-packages/airflow/example_dags/example_datasets.py took 1.733 seconds
[2023-07-18T19:10:47.524+0000] {processor.py:157} INFO - Started process (PID=315) to work on /home/airflow/.local/lib/python3.7/site-packages/airflow/example_dags/example_datasets.py
[2023-07-18T19:10:47.527+0000] {processor.py:826} INFO - Processing file /home/airflow/.local/lib/python3.7/site-packages/airflow/example_dags/example_datasets.py for tasks to queue
[2023-07-18T19:10:47.530+0000] {logging_mixin.py:150} INFO - [2023-07-18T19:10:47.530+0000] {dagbag.py:541} INFO - Filling up the DagBag from /home/airflow/.local/lib/python3.7/site-packages/airflow/example_dags/example_datasets.py
[2023-07-18T19:10:47.609+0000] {processor.py:836} INFO - DAG(s) dict_keys(['dataset_consumes_1', 'dataset_consumes_1_and_2', 'dataset_consumes_unknown_never_scheduled', 'dataset_consumes_1_never_scheduled', 'dataset_produces_2', 'dataset_produces_1']) retrieved from /home/airflow/.local/lib/python3.7/site-packages/airflow/example_dags/example_datasets.py
[2023-07-18T19:10:47.735+0000] {logging_mixin.py:150} INFO - [2023-07-18T19:10:47.735+0000] {dag.py:2742} INFO - Sync 6 DAGs
[2023-07-18T19:10:47.823+0000] {logging_mixin.py:150} INFO - [2023-07-18T19:10:47.823+0000] {dag.py:3508} INFO - Setting next_dagrun for dataset_consumes_1 to None, run_after=None
[2023-07-18T19:10:47.838+0000] {logging_mixin.py:150} INFO - [2023-07-18T19:10:47.834+0000] {dag.py:3508} INFO - Setting next_dagrun for dataset_consumes_1_and_2 to None, run_after=None
[2023-07-18T19:10:47.848+0000] {logging_mixin.py:150} INFO - [2023-07-18T19:10:47.847+0000] {dag.py:3508} INFO - Setting next_dagrun for dataset_consumes_1_never_scheduled to None, run_after=None
[2023-07-18T19:10:47.855+0000] {logging_mixin.py:150} INFO - [2023-07-18T19:10:47.853+0000] {dag.py:3508} INFO - Setting next_dagrun for dataset_consumes_unknown_never_scheduled to None, run_after=None
[2023-07-18T19:10:47.867+0000] {logging_mixin.py:150} INFO - [2023-07-18T19:10:47.866+0000] {dag.py:3508} INFO - Setting next_dagrun for dataset_produces_1 to 2023-07-17T00:00:00+00:00, run_after=2023-07-18T00:00:00+00:00
[2023-07-18T19:10:47.875+0000] {logging_mixin.py:150} INFO - [2023-07-18T19:10:47.875+0000] {dag.py:3508} INFO - Setting next_dagrun for dataset_produces_2 to None, run_after=None
[2023-07-18T19:10:48.124+0000] {processor.py:179} INFO - Processing /home/airflow/.local/lib/python3.7/site-packages/airflow/example_dags/example_datasets.py took 0.608 seconds
[2023-07-18T19:11:18.747+0000] {processor.py:157} INFO - Started process (PID=381) to work on /home/airflow/.local/lib/python3.7/site-packages/airflow/example_dags/example_datasets.py
[2023-07-18T19:11:18.749+0000] {processor.py:826} INFO - Processing file /home/airflow/.local/lib/python3.7/site-packages/airflow/example_dags/example_datasets.py for tasks to queue
[2023-07-18T19:11:18.752+0000] {logging_mixin.py:150} INFO - [2023-07-18T19:11:18.752+0000] {dagbag.py:541} INFO - Filling up the DagBag from /home/airflow/.local/lib/python3.7/site-packages/airflow/example_dags/example_datasets.py
[2023-07-18T19:11:18.765+0000] {processor.py:836} INFO - DAG(s) dict_keys(['dataset_consumes_1_and_2', 'dataset_produces_1', 'dataset_consumes_1_never_scheduled', 'dataset_consumes_1', 'dataset_consumes_unknown_never_scheduled', 'dataset_produces_2']) retrieved from /home/airflow/.local/lib/python3.7/site-packages/airflow/example_dags/example_datasets.py
[2023-07-18T19:11:18.815+0000] {logging_mixin.py:150} INFO - [2023-07-18T19:11:18.815+0000] {dag.py:2742} INFO - Sync 6 DAGs
[2023-07-18T19:11:18.839+0000] {logging_mixin.py:150} INFO - [2023-07-18T19:11:18.839+0000] {dag.py:3508} INFO - Setting next_dagrun for dataset_consumes_1 to None, run_after=None
[2023-07-18T19:11:18.843+0000] {logging_mixin.py:150} INFO - [2023-07-18T19:11:18.843+0000] {dag.py:3508} INFO - Setting next_dagrun for dataset_consumes_1_and_2 to None, run_after=None
[2023-07-18T19:11:18.847+0000] {logging_mixin.py:150} INFO - [2023-07-18T19:11:18.847+0000] {dag.py:3508} INFO - Setting next_dagrun for dataset_consumes_1_never_scheduled to None, run_after=None
[2023-07-18T19:11:18.854+0000] {logging_mixin.py:150} INFO - [2023-07-18T19:11:18.854+0000] {dag.py:3508} INFO - Setting next_dagrun for dataset_consumes_unknown_never_scheduled to None, run_after=None
[2023-07-18T19:11:18.860+0000] {logging_mixin.py:150} INFO - [2023-07-18T19:11:18.859+0000] {dag.py:3508} INFO - Setting next_dagrun for dataset_produces_1 to 2023-07-17T00:00:00+00:00, run_after=2023-07-18T00:00:00+00:00
[2023-07-18T19:11:18.866+0000] {logging_mixin.py:150} INFO - [2023-07-18T19:11:18.866+0000] {dag.py:3508} INFO - Setting next_dagrun for dataset_produces_2 to None, run_after=None
[2023-07-18T19:11:18.908+0000] {processor.py:179} INFO - Processing /home/airflow/.local/lib/python3.7/site-packages/airflow/example_dags/example_datasets.py took 0.166 seconds
[2023-07-18T19:11:52.675+0000] {processor.py:157} INFO - Started process (PID=443) to work on /home/airflow/.local/lib/python3.7/site-packages/airflow/example_dags/example_datasets.py
[2023-07-18T19:11:52.678+0000] {processor.py:826} INFO - Processing file /home/airflow/.local/lib/python3.7/site-packages/airflow/example_dags/example_datasets.py for tasks to queue
[2023-07-18T19:11:52.683+0000] {logging_mixin.py:150} INFO - [2023-07-18T19:11:52.681+0000] {dagbag.py:541} INFO - Filling up the DagBag from /home/airflow/.local/lib/python3.7/site-packages/airflow/example_dags/example_datasets.py
[2023-07-18T19:11:52.719+0000] {processor.py:836} INFO - DAG(s) dict_keys(['dataset_consumes_1', 'dataset_consumes_unknown_never_scheduled', 'dataset_produces_2', 'dataset_produces_1', 'dataset_consumes_1_never_scheduled', 'dataset_consumes_1_and_2']) retrieved from /home/airflow/.local/lib/python3.7/site-packages/airflow/example_dags/example_datasets.py
[2023-07-18T19:11:52.810+0000] {logging_mixin.py:150} INFO - [2023-07-18T19:11:52.810+0000] {dag.py:2742} INFO - Sync 6 DAGs
[2023-07-18T19:11:52.961+0000] {logging_mixin.py:150} INFO - [2023-07-18T19:11:52.961+0000] {dag.py:3508} INFO - Setting next_dagrun for dataset_consumes_1 to None, run_after=None
[2023-07-18T19:11:52.982+0000] {logging_mixin.py:150} INFO - [2023-07-18T19:11:52.980+0000] {dag.py:3508} INFO - Setting next_dagrun for dataset_consumes_1_and_2 to None, run_after=None
[2023-07-18T19:11:52.988+0000] {logging_mixin.py:150} INFO - [2023-07-18T19:11:52.988+0000] {dag.py:3508} INFO - Setting next_dagrun for dataset_consumes_1_never_scheduled to None, run_after=None
[2023-07-18T19:11:52.993+0000] {logging_mixin.py:150} INFO - [2023-07-18T19:11:52.993+0000] {dag.py:3508} INFO - Setting next_dagrun for dataset_consumes_unknown_never_scheduled to None, run_after=None
[2023-07-18T19:11:53.004+0000] {logging_mixin.py:150} INFO - [2023-07-18T19:11:53.003+0000] {dag.py:3508} INFO - Setting next_dagrun for dataset_produces_1 to 2023-07-17T00:00:00+00:00, run_after=2023-07-18T00:00:00+00:00
[2023-07-18T19:11:53.013+0000] {logging_mixin.py:150} INFO - [2023-07-18T19:11:53.010+0000] {dag.py:3508} INFO - Setting next_dagrun for dataset_produces_2 to None, run_after=None
[2023-07-18T19:11:53.099+0000] {processor.py:179} INFO - Processing /home/airflow/.local/lib/python3.7/site-packages/airflow/example_dags/example_datasets.py took 0.432 seconds
[2023-07-18T19:13:10.727+0000] {processor.py:157} INFO - Started process (PID=517) to work on /home/airflow/.local/lib/python3.7/site-packages/airflow/example_dags/example_datasets.py
[2023-07-18T19:13:10.759+0000] {processor.py:826} INFO - Processing file /home/airflow/.local/lib/python3.7/site-packages/airflow/example_dags/example_datasets.py for tasks to queue
[2023-07-18T19:13:10.770+0000] {logging_mixin.py:150} INFO - [2023-07-18T19:13:10.765+0000] {dagbag.py:541} INFO - Filling up the DagBag from /home/airflow/.local/lib/python3.7/site-packages/airflow/example_dags/example_datasets.py
[2023-07-18T19:13:11.331+0000] {processor.py:836} INFO - DAG(s) dict_keys(['dataset_consumes_unknown_never_scheduled', 'dataset_produces_2', 'dataset_produces_1', 'dataset_consumes_1_and_2', 'dataset_consumes_1_never_scheduled', 'dataset_consumes_1']) retrieved from /home/airflow/.local/lib/python3.7/site-packages/airflow/example_dags/example_datasets.py
[2023-07-18T19:13:14.534+0000] {logging_mixin.py:150} INFO - [2023-07-18T19:13:14.496+0000] {dag.py:2742} INFO - Sync 6 DAGs
[2023-07-18T19:13:15.516+0000] {logging_mixin.py:150} INFO - [2023-07-18T19:13:15.505+0000] {dag.py:3508} INFO - Setting next_dagrun for dataset_consumes_1 to None, run_after=None
[2023-07-18T19:13:15.589+0000] {logging_mixin.py:150} INFO - [2023-07-18T19:13:15.589+0000] {dag.py:3508} INFO - Setting next_dagrun for dataset_consumes_1_and_2 to None, run_after=None
[2023-07-18T19:13:15.705+0000] {logging_mixin.py:150} INFO - [2023-07-18T19:13:15.704+0000] {dag.py:3508} INFO - Setting next_dagrun for dataset_consumes_1_never_scheduled to None, run_after=None
[2023-07-18T19:13:15.726+0000] {logging_mixin.py:150} INFO - [2023-07-18T19:13:15.726+0000] {dag.py:3508} INFO - Setting next_dagrun for dataset_consumes_unknown_never_scheduled to None, run_after=None
[2023-07-18T19:13:15.814+0000] {logging_mixin.py:150} INFO - [2023-07-18T19:13:15.809+0000] {dag.py:3508} INFO - Setting next_dagrun for dataset_produces_1 to 2023-07-17T00:00:00+00:00, run_after=2023-07-18T00:00:00+00:00
[2023-07-18T19:13:15.823+0000] {logging_mixin.py:150} INFO - [2023-07-18T19:13:15.823+0000] {dag.py:3508} INFO - Setting next_dagrun for dataset_produces_2 to None, run_after=None
[2023-07-18T19:13:16.246+0000] {processor.py:179} INFO - Processing /home/airflow/.local/lib/python3.7/site-packages/airflow/example_dags/example_datasets.py took 5.630 seconds
[2023-07-18T19:16:49.314+0000] {processor.py:157} INFO - Started process (PID=589) to work on /home/airflow/.local/lib/python3.7/site-packages/airflow/example_dags/example_datasets.py
[2023-07-18T19:16:49.381+0000] {processor.py:826} INFO - Processing file /home/airflow/.local/lib/python3.7/site-packages/airflow/example_dags/example_datasets.py for tasks to queue
[2023-07-18T19:16:49.465+0000] {logging_mixin.py:150} INFO - [2023-07-18T19:16:49.451+0000] {dagbag.py:541} INFO - Filling up the DagBag from /home/airflow/.local/lib/python3.7/site-packages/airflow/example_dags/example_datasets.py
[2023-07-18T19:16:50.242+0000] {processor.py:836} INFO - DAG(s) dict_keys(['dataset_produces_2', 'dataset_consumes_1', 'dataset_produces_1', 'dataset_consumes_1_and_2', 'dataset_consumes_1_never_scheduled', 'dataset_consumes_unknown_never_scheduled']) retrieved from /home/airflow/.local/lib/python3.7/site-packages/airflow/example_dags/example_datasets.py
[2023-07-18T19:17:08.354+0000] {logging_mixin.py:150} INFO - [2023-07-18T19:17:07.948+0000] {dag.py:2742} INFO - Sync 6 DAGs
[2023-07-18T19:17:10.120+0000] {logging_mixin.py:150} INFO - [2023-07-18T19:17:10.105+0000] {dag.py:3508} INFO - Setting next_dagrun for dataset_consumes_1 to None, run_after=None
[2023-07-18T19:17:10.208+0000] {logging_mixin.py:150} INFO - [2023-07-18T19:17:10.208+0000] {dag.py:3508} INFO - Setting next_dagrun for dataset_consumes_1_and_2 to None, run_after=None
[2023-07-18T19:17:10.225+0000] {logging_mixin.py:150} INFO - [2023-07-18T19:17:10.225+0000] {dag.py:3508} INFO - Setting next_dagrun for dataset_consumes_1_never_scheduled to None, run_after=None
[2023-07-18T19:17:10.266+0000] {logging_mixin.py:150} INFO - [2023-07-18T19:17:10.265+0000] {dag.py:3508} INFO - Setting next_dagrun for dataset_consumes_unknown_never_scheduled to None, run_after=None
[2023-07-18T19:17:10.393+0000] {logging_mixin.py:150} INFO - [2023-07-18T19:17:10.392+0000] {dag.py:3508} INFO - Setting next_dagrun for dataset_produces_1 to 2023-07-17T00:00:00+00:00, run_after=2023-07-18T00:00:00+00:00
[2023-07-18T19:17:10.470+0000] {logging_mixin.py:150} INFO - [2023-07-18T19:17:10.470+0000] {dag.py:3508} INFO - Setting next_dagrun for dataset_produces_2 to None, run_after=None
[2023-07-18T19:17:11.572+0000] {processor.py:179} INFO - Processing /home/airflow/.local/lib/python3.7/site-packages/airflow/example_dags/example_datasets.py took 22.605 seconds
