[2023-07-18T19:05:53.666+0000] {processor.py:157} INFO - Started process (PID=62) to work on /home/airflow/.local/lib/python3.7/site-packages/airflow/example_dags/example_sla_dag.py
[2023-07-18T19:05:53.675+0000] {processor.py:826} INFO - Processing file /home/airflow/.local/lib/python3.7/site-packages/airflow/example_dags/example_sla_dag.py for tasks to queue
[2023-07-18T19:05:53.683+0000] {logging_mixin.py:150} INFO - [2023-07-18T19:05:53.682+0000] {dagbag.py:541} INFO - Filling up the DagBag from /home/airflow/.local/lib/python3.7/site-packages/airflow/example_dags/example_sla_dag.py
[2023-07-18T19:05:53.715+0000] {processor.py:836} INFO - DAG(s) dict_keys(['example_sla_dag']) retrieved from /home/airflow/.local/lib/python3.7/site-packages/airflow/example_dags/example_sla_dag.py
[2023-07-18T19:05:53.771+0000] {logging_mixin.py:150} INFO - [2023-07-18T19:05:53.771+0000] {dag.py:2742} INFO - Sync 1 DAGs
[2023-07-18T19:05:53.820+0000] {logging_mixin.py:150} INFO - [2023-07-18T19:05:53.819+0000] {dag.py:3508} INFO - Setting next_dagrun for example_sla_dag to 2023-07-18T19:02:00+00:00, run_after=2023-07-18T19:04:00+00:00
[2023-07-18T19:05:53.875+0000] {processor.py:179} INFO - Processing /home/airflow/.local/lib/python3.7/site-packages/airflow/example_dags/example_sla_dag.py took 0.222 seconds
[2023-07-18T19:06:24.197+0000] {processor.py:157} INFO - Started process (PID=123) to work on /home/airflow/.local/lib/python3.7/site-packages/airflow/example_dags/example_sla_dag.py
[2023-07-18T19:06:24.204+0000] {processor.py:826} INFO - Processing file /home/airflow/.local/lib/python3.7/site-packages/airflow/example_dags/example_sla_dag.py for tasks to queue
[2023-07-18T19:06:24.208+0000] {logging_mixin.py:150} INFO - [2023-07-18T19:06:24.207+0000] {dagbag.py:541} INFO - Filling up the DagBag from /home/airflow/.local/lib/python3.7/site-packages/airflow/example_dags/example_sla_dag.py
[2023-07-18T19:06:24.255+0000] {processor.py:836} INFO - DAG(s) dict_keys(['example_sla_dag']) retrieved from /home/airflow/.local/lib/python3.7/site-packages/airflow/example_dags/example_sla_dag.py
[2023-07-18T19:06:24.350+0000] {logging_mixin.py:150} INFO - [2023-07-18T19:06:24.350+0000] {dag.py:2742} INFO - Sync 1 DAGs
[2023-07-18T19:06:24.442+0000] {logging_mixin.py:150} INFO - [2023-07-18T19:06:24.442+0000] {dag.py:3508} INFO - Setting next_dagrun for example_sla_dag to 2023-07-18T19:04:00+00:00, run_after=2023-07-18T19:06:00+00:00
[2023-07-18T19:06:24.477+0000] {processor.py:179} INFO - Processing /home/airflow/.local/lib/python3.7/site-packages/airflow/example_dags/example_sla_dag.py took 0.298 seconds
[2023-07-18T19:07:55.910+0000] {processor.py:157} INFO - Started process (PID=62) to work on /home/airflow/.local/lib/python3.7/site-packages/airflow/example_dags/example_sla_dag.py
[2023-07-18T19:07:55.912+0000] {processor.py:826} INFO - Processing file /home/airflow/.local/lib/python3.7/site-packages/airflow/example_dags/example_sla_dag.py for tasks to queue
[2023-07-18T19:07:55.914+0000] {logging_mixin.py:150} INFO - [2023-07-18T19:07:55.913+0000] {dagbag.py:541} INFO - Filling up the DagBag from /home/airflow/.local/lib/python3.7/site-packages/airflow/example_dags/example_sla_dag.py
[2023-07-18T19:07:56.266+0000] {processor.py:836} INFO - DAG(s) dict_keys(['example_sla_dag']) retrieved from /home/airflow/.local/lib/python3.7/site-packages/airflow/example_dags/example_sla_dag.py
[2023-07-18T19:07:56.319+0000] {logging_mixin.py:150} INFO - [2023-07-18T19:07:56.319+0000] {dag.py:2742} INFO - Sync 1 DAGs
[2023-07-18T19:07:56.360+0000] {logging_mixin.py:150} INFO - [2023-07-18T19:07:56.360+0000] {dag.py:3508} INFO - Setting next_dagrun for example_sla_dag to 2023-07-18T19:04:00+00:00, run_after=2023-07-18T19:06:00+00:00
[2023-07-18T19:07:56.399+0000] {processor.py:179} INFO - Processing /home/airflow/.local/lib/python3.7/site-packages/airflow/example_dags/example_sla_dag.py took 0.494 seconds
[2023-07-18T19:08:31.508+0000] {processor.py:157} INFO - Started process (PID=124) to work on /home/airflow/.local/lib/python3.7/site-packages/airflow/example_dags/example_sla_dag.py
[2023-07-18T19:08:31.525+0000] {processor.py:826} INFO - Processing file /home/airflow/.local/lib/python3.7/site-packages/airflow/example_dags/example_sla_dag.py for tasks to queue
[2023-07-18T19:08:31.532+0000] {logging_mixin.py:150} INFO - [2023-07-18T19:08:31.532+0000] {dagbag.py:541} INFO - Filling up the DagBag from /home/airflow/.local/lib/python3.7/site-packages/airflow/example_dags/example_sla_dag.py
[2023-07-18T19:08:31.582+0000] {processor.py:836} INFO - DAG(s) dict_keys(['example_sla_dag']) retrieved from /home/airflow/.local/lib/python3.7/site-packages/airflow/example_dags/example_sla_dag.py
[2023-07-18T19:08:31.634+0000] {logging_mixin.py:150} INFO - [2023-07-18T19:08:31.634+0000] {dag.py:2742} INFO - Sync 1 DAGs
[2023-07-18T19:08:31.675+0000] {logging_mixin.py:150} INFO - [2023-07-18T19:08:31.675+0000] {dag.py:3508} INFO - Setting next_dagrun for example_sla_dag to 2023-07-18T19:06:00+00:00, run_after=2023-07-18T19:08:00+00:00
[2023-07-18T19:08:31.718+0000] {processor.py:179} INFO - Processing /home/airflow/.local/lib/python3.7/site-packages/airflow/example_dags/example_sla_dag.py took 0.218 seconds
[2023-07-18T19:09:06.153+0000] {processor.py:157} INFO - Started process (PID=187) to work on /home/airflow/.local/lib/python3.7/site-packages/airflow/example_dags/example_sla_dag.py
[2023-07-18T19:09:06.157+0000] {processor.py:826} INFO - Processing file /home/airflow/.local/lib/python3.7/site-packages/airflow/example_dags/example_sla_dag.py for tasks to queue
[2023-07-18T19:09:06.169+0000] {logging_mixin.py:150} INFO - [2023-07-18T19:09:06.168+0000] {dagbag.py:541} INFO - Filling up the DagBag from /home/airflow/.local/lib/python3.7/site-packages/airflow/example_dags/example_sla_dag.py
[2023-07-18T19:09:06.190+0000] {processor.py:836} INFO - DAG(s) dict_keys(['example_sla_dag']) retrieved from /home/airflow/.local/lib/python3.7/site-packages/airflow/example_dags/example_sla_dag.py
[2023-07-18T19:09:06.315+0000] {logging_mixin.py:150} INFO - [2023-07-18T19:09:06.314+0000] {dag.py:2742} INFO - Sync 1 DAGs
[2023-07-18T19:09:06.498+0000] {logging_mixin.py:150} INFO - [2023-07-18T19:09:06.498+0000] {dag.py:3508} INFO - Setting next_dagrun for example_sla_dag to 2023-07-18T19:06:00+00:00, run_after=2023-07-18T19:08:00+00:00
[2023-07-18T19:09:06.581+0000] {processor.py:179} INFO - Processing /home/airflow/.local/lib/python3.7/site-packages/airflow/example_dags/example_sla_dag.py took 0.432 seconds
[2023-07-18T19:10:19.341+0000] {processor.py:157} INFO - Started process (PID=258) to work on /home/airflow/.local/lib/python3.7/site-packages/airflow/example_dags/example_sla_dag.py
[2023-07-18T19:10:19.346+0000] {processor.py:826} INFO - Processing file /home/airflow/.local/lib/python3.7/site-packages/airflow/example_dags/example_sla_dag.py for tasks to queue
[2023-07-18T19:10:19.352+0000] {logging_mixin.py:150} INFO - [2023-07-18T19:10:19.351+0000] {dagbag.py:541} INFO - Filling up the DagBag from /home/airflow/.local/lib/python3.7/site-packages/airflow/example_dags/example_sla_dag.py
[2023-07-18T19:10:19.385+0000] {processor.py:836} INFO - DAG(s) dict_keys(['example_sla_dag']) retrieved from /home/airflow/.local/lib/python3.7/site-packages/airflow/example_dags/example_sla_dag.py
[2023-07-18T19:10:19.446+0000] {logging_mixin.py:150} INFO - [2023-07-18T19:10:19.446+0000] {dag.py:2742} INFO - Sync 1 DAGs
[2023-07-18T19:10:19.549+0000] {logging_mixin.py:150} INFO - [2023-07-18T19:10:19.548+0000] {dag.py:3508} INFO - Setting next_dagrun for example_sla_dag to 2023-07-18T19:08:00+00:00, run_after=2023-07-18T19:10:00+00:00
[2023-07-18T19:10:19.607+0000] {processor.py:179} INFO - Processing /home/airflow/.local/lib/python3.7/site-packages/airflow/example_dags/example_sla_dag.py took 0.277 seconds
[2023-07-18T19:10:51.832+0000] {processor.py:157} INFO - Started process (PID=320) to work on /home/airflow/.local/lib/python3.7/site-packages/airflow/example_dags/example_sla_dag.py
[2023-07-18T19:10:51.852+0000] {processor.py:826} INFO - Processing file /home/airflow/.local/lib/python3.7/site-packages/airflow/example_dags/example_sla_dag.py for tasks to queue
[2023-07-18T19:10:51.858+0000] {logging_mixin.py:150} INFO - [2023-07-18T19:10:51.857+0000] {dagbag.py:541} INFO - Filling up the DagBag from /home/airflow/.local/lib/python3.7/site-packages/airflow/example_dags/example_sla_dag.py
[2023-07-18T19:10:51.888+0000] {processor.py:836} INFO - DAG(s) dict_keys(['example_sla_dag']) retrieved from /home/airflow/.local/lib/python3.7/site-packages/airflow/example_dags/example_sla_dag.py
[2023-07-18T19:10:52.075+0000] {logging_mixin.py:150} INFO - [2023-07-18T19:10:52.074+0000] {dag.py:2742} INFO - Sync 1 DAGs
[2023-07-18T19:10:52.140+0000] {logging_mixin.py:150} INFO - [2023-07-18T19:10:52.140+0000] {dag.py:3508} INFO - Setting next_dagrun for example_sla_dag to 2023-07-18T19:08:00+00:00, run_after=2023-07-18T19:10:00+00:00
[2023-07-18T19:10:52.172+0000] {processor.py:179} INFO - Processing /home/airflow/.local/lib/python3.7/site-packages/airflow/example_dags/example_sla_dag.py took 0.352 seconds
[2023-07-18T19:11:33.697+0000] {processor.py:157} INFO - Started process (PID=394) to work on /home/airflow/.local/lib/python3.7/site-packages/airflow/example_dags/example_sla_dag.py
[2023-07-18T19:11:33.702+0000] {processor.py:826} INFO - Processing file /home/airflow/.local/lib/python3.7/site-packages/airflow/example_dags/example_sla_dag.py for tasks to queue
[2023-07-18T19:11:33.711+0000] {logging_mixin.py:150} INFO - [2023-07-18T19:11:33.710+0000] {dagbag.py:541} INFO - Filling up the DagBag from /home/airflow/.local/lib/python3.7/site-packages/airflow/example_dags/example_sla_dag.py
[2023-07-18T19:11:33.750+0000] {processor.py:836} INFO - DAG(s) dict_keys(['example_sla_dag']) retrieved from /home/airflow/.local/lib/python3.7/site-packages/airflow/example_dags/example_sla_dag.py
[2023-07-18T19:11:33.844+0000] {logging_mixin.py:150} INFO - [2023-07-18T19:11:33.843+0000] {dag.py:2742} INFO - Sync 1 DAGs
[2023-07-18T19:11:33.913+0000] {logging_mixin.py:150} INFO - [2023-07-18T19:11:33.913+0000] {dag.py:3508} INFO - Setting next_dagrun for example_sla_dag to 2023-07-18T19:08:00+00:00, run_after=2023-07-18T19:10:00+00:00
[2023-07-18T19:11:33.995+0000] {processor.py:179} INFO - Processing /home/airflow/.local/lib/python3.7/site-packages/airflow/example_dags/example_sla_dag.py took 0.303 seconds
[2023-07-18T19:12:15.409+0000] {processor.py:157} INFO - Started process (PID=456) to work on /home/airflow/.local/lib/python3.7/site-packages/airflow/example_dags/example_sla_dag.py
[2023-07-18T19:12:15.416+0000] {processor.py:826} INFO - Processing file /home/airflow/.local/lib/python3.7/site-packages/airflow/example_dags/example_sla_dag.py for tasks to queue
[2023-07-18T19:12:15.420+0000] {logging_mixin.py:150} INFO - [2023-07-18T19:12:15.419+0000] {dagbag.py:541} INFO - Filling up the DagBag from /home/airflow/.local/lib/python3.7/site-packages/airflow/example_dags/example_sla_dag.py
[2023-07-18T19:12:15.569+0000] {processor.py:836} INFO - DAG(s) dict_keys(['example_sla_dag']) retrieved from /home/airflow/.local/lib/python3.7/site-packages/airflow/example_dags/example_sla_dag.py
[2023-07-18T19:12:15.912+0000] {logging_mixin.py:150} INFO - [2023-07-18T19:12:15.912+0000] {dag.py:2742} INFO - Sync 1 DAGs
[2023-07-18T19:12:16.225+0000] {logging_mixin.py:150} INFO - [2023-07-18T19:12:16.224+0000] {dag.py:3508} INFO - Setting next_dagrun for example_sla_dag to 2023-07-18T19:10:00+00:00, run_after=2023-07-18T19:12:00+00:00
[2023-07-18T19:12:16.288+0000] {processor.py:179} INFO - Processing /home/airflow/.local/lib/python3.7/site-packages/airflow/example_dags/example_sla_dag.py took 0.964 seconds
[2023-07-18T19:13:41.644+0000] {processor.py:157} INFO - Started process (PID=524) to work on /home/airflow/.local/lib/python3.7/site-packages/airflow/example_dags/example_sla_dag.py
[2023-07-18T19:13:41.659+0000] {processor.py:826} INFO - Processing file /home/airflow/.local/lib/python3.7/site-packages/airflow/example_dags/example_sla_dag.py for tasks to queue
[2023-07-18T19:13:41.667+0000] {logging_mixin.py:150} INFO - [2023-07-18T19:13:41.665+0000] {dagbag.py:541} INFO - Filling up the DagBag from /home/airflow/.local/lib/python3.7/site-packages/airflow/example_dags/example_sla_dag.py
[2023-07-18T19:13:41.867+0000] {processor.py:836} INFO - DAG(s) dict_keys(['example_sla_dag']) retrieved from /home/airflow/.local/lib/python3.7/site-packages/airflow/example_dags/example_sla_dag.py
[2023-07-18T19:13:41.944+0000] {logging_mixin.py:150} INFO - [2023-07-18T19:13:41.944+0000] {dag.py:2742} INFO - Sync 1 DAGs
[2023-07-18T19:13:42.065+0000] {logging_mixin.py:150} INFO - [2023-07-18T19:13:42.064+0000] {dag.py:3508} INFO - Setting next_dagrun for example_sla_dag to 2023-07-18T19:10:00+00:00, run_after=2023-07-18T19:12:00+00:00
[2023-07-18T19:13:42.209+0000] {processor.py:179} INFO - Processing /home/airflow/.local/lib/python3.7/site-packages/airflow/example_dags/example_sla_dag.py took 0.585 seconds
[2023-07-18T19:20:33.870+0000] {processor.py:157} INFO - Started process (PID=681) to work on /home/airflow/.local/lib/python3.7/site-packages/airflow/example_dags/example_sla_dag.py
[2023-07-18T19:20:33.891+0000] {processor.py:826} INFO - Processing file /home/airflow/.local/lib/python3.7/site-packages/airflow/example_dags/example_sla_dag.py for tasks to queue
[2023-07-18T19:20:33.904+0000] {logging_mixin.py:150} INFO - [2023-07-18T19:20:33.904+0000] {dagbag.py:541} INFO - Filling up the DagBag from /home/airflow/.local/lib/python3.7/site-packages/airflow/example_dags/example_sla_dag.py
[2023-07-18T19:20:35.181+0000] {processor.py:836} INFO - DAG(s) dict_keys(['example_sla_dag']) retrieved from /home/airflow/.local/lib/python3.7/site-packages/airflow/example_dags/example_sla_dag.py
[2023-07-18T19:20:50.502+0000] {logging_mixin.py:150} INFO - [2023-07-18T19:20:50.391+0000] {dag.py:2742} INFO - Sync 1 DAGs
