[2023-07-18T19:05:55.113+0000] {processor.py:157} INFO - Started process (PID=70) to work on /home/airflow/.local/lib/python3.7/site-packages/airflow/example_dags/example_xcom.py
[2023-07-18T19:05:55.116+0000] {processor.py:826} INFO - Processing file /home/airflow/.local/lib/python3.7/site-packages/airflow/example_dags/example_xcom.py for tasks to queue
[2023-07-18T19:05:55.118+0000] {logging_mixin.py:150} INFO - [2023-07-18T19:05:55.118+0000] {dagbag.py:541} INFO - Filling up the DagBag from /home/airflow/.local/lib/python3.7/site-packages/airflow/example_dags/example_xcom.py
[2023-07-18T19:05:55.141+0000] {processor.py:836} INFO - DAG(s) dict_keys(['example_xcom']) retrieved from /home/airflow/.local/lib/python3.7/site-packages/airflow/example_dags/example_xcom.py
[2023-07-18T19:05:55.217+0000] {logging_mixin.py:150} INFO - [2023-07-18T19:05:55.216+0000] {dag.py:2742} INFO - Sync 1 DAGs
[2023-07-18T19:05:55.306+0000] {logging_mixin.py:150} INFO - [2023-07-18T19:05:55.301+0000] {dag.py:3508} INFO - Setting next_dagrun for example_xcom to 2021-01-01T00:00:00+00:00, run_after=2021-01-01T00:00:00+00:00
[2023-07-18T19:05:55.353+0000] {processor.py:179} INFO - Processing /home/airflow/.local/lib/python3.7/site-packages/airflow/example_dags/example_xcom.py took 0.247 seconds
[2023-07-18T19:06:26.526+0000] {processor.py:157} INFO - Started process (PID=132) to work on /home/airflow/.local/lib/python3.7/site-packages/airflow/example_dags/example_xcom.py
[2023-07-18T19:06:26.530+0000] {processor.py:826} INFO - Processing file /home/airflow/.local/lib/python3.7/site-packages/airflow/example_dags/example_xcom.py for tasks to queue
[2023-07-18T19:06:26.537+0000] {logging_mixin.py:150} INFO - [2023-07-18T19:06:26.537+0000] {dagbag.py:541} INFO - Filling up the DagBag from /home/airflow/.local/lib/python3.7/site-packages/airflow/example_dags/example_xcom.py
[2023-07-18T19:06:26.548+0000] {processor.py:836} INFO - DAG(s) dict_keys(['example_xcom']) retrieved from /home/airflow/.local/lib/python3.7/site-packages/airflow/example_dags/example_xcom.py
[2023-07-18T19:06:26.581+0000] {logging_mixin.py:150} INFO - [2023-07-18T19:06:26.581+0000] {dag.py:2742} INFO - Sync 1 DAGs
[2023-07-18T19:06:26.613+0000] {logging_mixin.py:150} INFO - [2023-07-18T19:06:26.613+0000] {dag.py:3508} INFO - Setting next_dagrun for example_xcom to 2021-01-01T00:00:00+00:00, run_after=2021-01-01T00:00:00+00:00
[2023-07-18T19:06:26.634+0000] {processor.py:179} INFO - Processing /home/airflow/.local/lib/python3.7/site-packages/airflow/example_dags/example_xcom.py took 0.115 seconds
[2023-07-18T19:07:58.892+0000] {processor.py:157} INFO - Started process (PID=70) to work on /home/airflow/.local/lib/python3.7/site-packages/airflow/example_dags/example_xcom.py
[2023-07-18T19:07:58.909+0000] {processor.py:826} INFO - Processing file /home/airflow/.local/lib/python3.7/site-packages/airflow/example_dags/example_xcom.py for tasks to queue
[2023-07-18T19:07:58.915+0000] {logging_mixin.py:150} INFO - [2023-07-18T19:07:58.914+0000] {dagbag.py:541} INFO - Filling up the DagBag from /home/airflow/.local/lib/python3.7/site-packages/airflow/example_dags/example_xcom.py
[2023-07-18T19:07:58.988+0000] {processor.py:836} INFO - DAG(s) dict_keys(['example_xcom']) retrieved from /home/airflow/.local/lib/python3.7/site-packages/airflow/example_dags/example_xcom.py
[2023-07-18T19:07:59.251+0000] {logging_mixin.py:150} INFO - [2023-07-18T19:07:59.250+0000] {dag.py:2742} INFO - Sync 1 DAGs
[2023-07-18T19:07:59.517+0000] {logging_mixin.py:150} INFO - [2023-07-18T19:07:59.493+0000] {dag.py:3508} INFO - Setting next_dagrun for example_xcom to 2021-01-01T00:00:00+00:00, run_after=2021-01-01T00:00:00+00:00
[2023-07-18T19:08:00.079+0000] {processor.py:179} INFO - Processing /home/airflow/.local/lib/python3.7/site-packages/airflow/example_dags/example_xcom.py took 1.200 seconds
[2023-07-18T19:08:32.939+0000] {processor.py:157} INFO - Started process (PID=132) to work on /home/airflow/.local/lib/python3.7/site-packages/airflow/example_dags/example_xcom.py
[2023-07-18T19:08:32.968+0000] {processor.py:826} INFO - Processing file /home/airflow/.local/lib/python3.7/site-packages/airflow/example_dags/example_xcom.py for tasks to queue
[2023-07-18T19:08:32.972+0000] {logging_mixin.py:150} INFO - [2023-07-18T19:08:32.971+0000] {dagbag.py:541} INFO - Filling up the DagBag from /home/airflow/.local/lib/python3.7/site-packages/airflow/example_dags/example_xcom.py
[2023-07-18T19:08:33.028+0000] {processor.py:836} INFO - DAG(s) dict_keys(['example_xcom']) retrieved from /home/airflow/.local/lib/python3.7/site-packages/airflow/example_dags/example_xcom.py
[2023-07-18T19:08:33.145+0000] {logging_mixin.py:150} INFO - [2023-07-18T19:08:33.145+0000] {dag.py:2742} INFO - Sync 1 DAGs
[2023-07-18T19:08:33.332+0000] {logging_mixin.py:150} INFO - [2023-07-18T19:08:33.332+0000] {dag.py:3508} INFO - Setting next_dagrun for example_xcom to 2021-01-01T00:00:00+00:00, run_after=2021-01-01T00:00:00+00:00
[2023-07-18T19:08:33.394+0000] {processor.py:179} INFO - Processing /home/airflow/.local/lib/python3.7/site-packages/airflow/example_dags/example_xcom.py took 0.482 seconds
[2023-07-18T19:09:21.289+0000] {processor.py:157} INFO - Started process (PID=204) to work on /home/airflow/.local/lib/python3.7/site-packages/airflow/example_dags/example_xcom.py
[2023-07-18T19:09:21.297+0000] {processor.py:826} INFO - Processing file /home/airflow/.local/lib/python3.7/site-packages/airflow/example_dags/example_xcom.py for tasks to queue
[2023-07-18T19:09:21.301+0000] {logging_mixin.py:150} INFO - [2023-07-18T19:09:21.301+0000] {dagbag.py:541} INFO - Filling up the DagBag from /home/airflow/.local/lib/python3.7/site-packages/airflow/example_dags/example_xcom.py
[2023-07-18T19:09:21.336+0000] {processor.py:836} INFO - DAG(s) dict_keys(['example_xcom']) retrieved from /home/airflow/.local/lib/python3.7/site-packages/airflow/example_dags/example_xcom.py
[2023-07-18T19:09:21.469+0000] {logging_mixin.py:150} INFO - [2023-07-18T19:09:21.468+0000] {dag.py:2742} INFO - Sync 1 DAGs
[2023-07-18T19:09:21.735+0000] {logging_mixin.py:150} INFO - [2023-07-18T19:09:21.734+0000] {dag.py:3508} INFO - Setting next_dagrun for example_xcom to 2021-01-01T00:00:00+00:00, run_after=2021-01-01T00:00:00+00:00
[2023-07-18T19:09:21.984+0000] {processor.py:179} INFO - Processing /home/airflow/.local/lib/python3.7/site-packages/airflow/example_dags/example_xcom.py took 0.701 seconds
[2023-07-18T19:10:21.858+0000] {processor.py:157} INFO - Started process (PID=265) to work on /home/airflow/.local/lib/python3.7/site-packages/airflow/example_dags/example_xcom.py
[2023-07-18T19:10:21.859+0000] {processor.py:826} INFO - Processing file /home/airflow/.local/lib/python3.7/site-packages/airflow/example_dags/example_xcom.py for tasks to queue
[2023-07-18T19:10:21.861+0000] {logging_mixin.py:150} INFO - [2023-07-18T19:10:21.860+0000] {dagbag.py:541} INFO - Filling up the DagBag from /home/airflow/.local/lib/python3.7/site-packages/airflow/example_dags/example_xcom.py
[2023-07-18T19:10:21.869+0000] {processor.py:836} INFO - DAG(s) dict_keys(['example_xcom']) retrieved from /home/airflow/.local/lib/python3.7/site-packages/airflow/example_dags/example_xcom.py
[2023-07-18T19:10:21.993+0000] {logging_mixin.py:150} INFO - [2023-07-18T19:10:21.993+0000] {dag.py:2742} INFO - Sync 1 DAGs
[2023-07-18T19:10:22.077+0000] {logging_mixin.py:150} INFO - [2023-07-18T19:10:22.077+0000] {dag.py:3508} INFO - Setting next_dagrun for example_xcom to 2021-01-01T00:00:00+00:00, run_after=2021-01-01T00:00:00+00:00
[2023-07-18T19:10:22.120+0000] {processor.py:179} INFO - Processing /home/airflow/.local/lib/python3.7/site-packages/airflow/example_dags/example_xcom.py took 0.267 seconds
[2023-07-18T19:10:53.613+0000] {processor.py:157} INFO - Started process (PID=328) to work on /home/airflow/.local/lib/python3.7/site-packages/airflow/example_dags/example_xcom.py
[2023-07-18T19:10:53.637+0000] {processor.py:826} INFO - Processing file /home/airflow/.local/lib/python3.7/site-packages/airflow/example_dags/example_xcom.py for tasks to queue
[2023-07-18T19:10:53.641+0000] {logging_mixin.py:150} INFO - [2023-07-18T19:10:53.640+0000] {dagbag.py:541} INFO - Filling up the DagBag from /home/airflow/.local/lib/python3.7/site-packages/airflow/example_dags/example_xcom.py
[2023-07-18T19:10:53.696+0000] {processor.py:836} INFO - DAG(s) dict_keys(['example_xcom']) retrieved from /home/airflow/.local/lib/python3.7/site-packages/airflow/example_dags/example_xcom.py
[2023-07-18T19:10:53.822+0000] {logging_mixin.py:150} INFO - [2023-07-18T19:10:53.822+0000] {dag.py:2742} INFO - Sync 1 DAGs
[2023-07-18T19:10:53.886+0000] {logging_mixin.py:150} INFO - [2023-07-18T19:10:53.886+0000] {dag.py:3508} INFO - Setting next_dagrun for example_xcom to 2021-01-01T00:00:00+00:00, run_after=2021-01-01T00:00:00+00:00
[2023-07-18T19:10:53.971+0000] {processor.py:179} INFO - Processing /home/airflow/.local/lib/python3.7/site-packages/airflow/example_dags/example_xcom.py took 0.413 seconds
[2023-07-18T19:11:35.622+0000] {processor.py:157} INFO - Started process (PID=402) to work on /home/airflow/.local/lib/python3.7/site-packages/airflow/example_dags/example_xcom.py
[2023-07-18T19:11:35.628+0000] {processor.py:826} INFO - Processing file /home/airflow/.local/lib/python3.7/site-packages/airflow/example_dags/example_xcom.py for tasks to queue
[2023-07-18T19:11:35.634+0000] {logging_mixin.py:150} INFO - [2023-07-18T19:11:35.634+0000] {dagbag.py:541} INFO - Filling up the DagBag from /home/airflow/.local/lib/python3.7/site-packages/airflow/example_dags/example_xcom.py
[2023-07-18T19:11:35.661+0000] {processor.py:836} INFO - DAG(s) dict_keys(['example_xcom']) retrieved from /home/airflow/.local/lib/python3.7/site-packages/airflow/example_dags/example_xcom.py
[2023-07-18T19:11:35.946+0000] {logging_mixin.py:150} INFO - [2023-07-18T19:11:35.945+0000] {dag.py:2742} INFO - Sync 1 DAGs
[2023-07-18T19:11:36.221+0000] {logging_mixin.py:150} INFO - [2023-07-18T19:11:36.220+0000] {dag.py:3508} INFO - Setting next_dagrun for example_xcom to 2021-01-01T00:00:00+00:00, run_after=2021-01-01T00:00:00+00:00
[2023-07-18T19:11:36.410+0000] {processor.py:179} INFO - Processing /home/airflow/.local/lib/python3.7/site-packages/airflow/example_dags/example_xcom.py took 0.791 seconds
[2023-07-18T19:12:42.836+0000] {processor.py:157} INFO - Started process (PID=487) to work on /home/airflow/.local/lib/python3.7/site-packages/airflow/example_dags/example_xcom.py
[2023-07-18T19:12:42.848+0000] {processor.py:826} INFO - Processing file /home/airflow/.local/lib/python3.7/site-packages/airflow/example_dags/example_xcom.py for tasks to queue
[2023-07-18T19:12:42.857+0000] {logging_mixin.py:150} INFO - [2023-07-18T19:12:42.857+0000] {dagbag.py:541} INFO - Filling up the DagBag from /home/airflow/.local/lib/python3.7/site-packages/airflow/example_dags/example_xcom.py
[2023-07-18T19:12:42.887+0000] {processor.py:836} INFO - DAG(s) dict_keys(['example_xcom']) retrieved from /home/airflow/.local/lib/python3.7/site-packages/airflow/example_dags/example_xcom.py
[2023-07-18T19:12:43.174+0000] {logging_mixin.py:150} INFO - [2023-07-18T19:12:43.173+0000] {dag.py:2742} INFO - Sync 1 DAGs
[2023-07-18T19:12:43.484+0000] {logging_mixin.py:150} INFO - [2023-07-18T19:12:43.481+0000] {dag.py:3508} INFO - Setting next_dagrun for example_xcom to 2021-01-01T00:00:00+00:00, run_after=2021-01-01T00:00:00+00:00
[2023-07-18T19:12:43.738+0000] {processor.py:179} INFO - Processing /home/airflow/.local/lib/python3.7/site-packages/airflow/example_dags/example_xcom.py took 0.917 seconds
[2023-07-18T19:17:23.561+0000] {processor.py:157} INFO - Started process (PID=600) to work on /home/airflow/.local/lib/python3.7/site-packages/airflow/example_dags/example_xcom.py
[2023-07-18T19:17:23.608+0000] {processor.py:826} INFO - Processing file /home/airflow/.local/lib/python3.7/site-packages/airflow/example_dags/example_xcom.py for tasks to queue
[2023-07-18T19:17:23.629+0000] {logging_mixin.py:150} INFO - [2023-07-18T19:17:23.627+0000] {dagbag.py:541} INFO - Filling up the DagBag from /home/airflow/.local/lib/python3.7/site-packages/airflow/example_dags/example_xcom.py
[2023-07-18T19:17:23.934+0000] {processor.py:836} INFO - DAG(s) dict_keys(['example_xcom']) retrieved from /home/airflow/.local/lib/python3.7/site-packages/airflow/example_dags/example_xcom.py
[2023-07-18T19:17:24.280+0000] {logging_mixin.py:150} INFO - [2023-07-18T19:17:24.278+0000] {dag.py:2742} INFO - Sync 1 DAGs
[2023-07-18T19:17:24.382+0000] {logging_mixin.py:150} INFO - [2023-07-18T19:17:24.381+0000] {dag.py:3508} INFO - Setting next_dagrun for example_xcom to 2021-01-01T00:00:00+00:00, run_after=2021-01-01T00:00:00+00:00
[2023-07-18T19:17:24.434+0000] {processor.py:179} INFO - Processing /home/airflow/.local/lib/python3.7/site-packages/airflow/example_dags/example_xcom.py took 1.056 seconds
