[2023-07-18T19:05:48.847+0000] {processor.py:157} INFO - Started process (PID=59) to work on /home/airflow/.local/lib/python3.7/site-packages/airflow/example_dags/example_branch_operator.py
[2023-07-18T19:05:48.850+0000] {processor.py:826} INFO - Processing file /home/airflow/.local/lib/python3.7/site-packages/airflow/example_dags/example_branch_operator.py for tasks to queue
[2023-07-18T19:05:48.862+0000] {logging_mixin.py:150} INFO - [2023-07-18T19:05:48.852+0000] {dagbag.py:541} INFO - Filling up the DagBag from /home/airflow/.local/lib/python3.7/site-packages/airflow/example_dags/example_branch_operator.py
[2023-07-18T19:05:48.894+0000] {processor.py:836} INFO - DAG(s) dict_keys(['example_branch_operator']) retrieved from /home/airflow/.local/lib/python3.7/site-packages/airflow/example_dags/example_branch_operator.py
[2023-07-18T19:05:50.348+0000] {logging_mixin.py:150} INFO - [2023-07-18T19:05:50.348+0000] {dag.py:2742} INFO - Sync 1 DAGs
[2023-07-18T19:05:50.483+0000] {logging_mixin.py:150} INFO - [2023-07-18T19:05:50.483+0000] {dag.py:3508} INFO - Setting next_dagrun for example_branch_operator to 2023-07-17T00:00:00+00:00, run_after=2023-07-18T00:00:00+00:00
[2023-07-18T19:05:50.556+0000] {processor.py:179} INFO - Processing /home/airflow/.local/lib/python3.7/site-packages/airflow/example_dags/example_branch_operator.py took 1.722 seconds
[2023-07-18T19:06:22.028+0000] {processor.py:157} INFO - Started process (PID=121) to work on /home/airflow/.local/lib/python3.7/site-packages/airflow/example_dags/example_branch_operator.py
[2023-07-18T19:06:22.031+0000] {processor.py:826} INFO - Processing file /home/airflow/.local/lib/python3.7/site-packages/airflow/example_dags/example_branch_operator.py for tasks to queue
[2023-07-18T19:06:22.036+0000] {logging_mixin.py:150} INFO - [2023-07-18T19:06:22.035+0000] {dagbag.py:541} INFO - Filling up the DagBag from /home/airflow/.local/lib/python3.7/site-packages/airflow/example_dags/example_branch_operator.py
[2023-07-18T19:06:22.064+0000] {processor.py:836} INFO - DAG(s) dict_keys(['example_branch_operator']) retrieved from /home/airflow/.local/lib/python3.7/site-packages/airflow/example_dags/example_branch_operator.py
[2023-07-18T19:06:22.095+0000] {logging_mixin.py:150} INFO - [2023-07-18T19:06:22.095+0000] {dag.py:2742} INFO - Sync 1 DAGs
[2023-07-18T19:06:22.125+0000] {logging_mixin.py:150} INFO - [2023-07-18T19:06:22.125+0000] {dag.py:3508} INFO - Setting next_dagrun for example_branch_operator to 2023-07-17T00:00:00+00:00, run_after=2023-07-18T00:00:00+00:00
[2023-07-18T19:06:22.143+0000] {processor.py:179} INFO - Processing /home/airflow/.local/lib/python3.7/site-packages/airflow/example_dags/example_branch_operator.py took 0.119 seconds
[2023-07-18T19:07:54.908+0000] {processor.py:157} INFO - Started process (PID=59) to work on /home/airflow/.local/lib/python3.7/site-packages/airflow/example_dags/example_branch_operator.py
[2023-07-18T19:07:54.910+0000] {processor.py:826} INFO - Processing file /home/airflow/.local/lib/python3.7/site-packages/airflow/example_dags/example_branch_operator.py for tasks to queue
[2023-07-18T19:07:54.912+0000] {logging_mixin.py:150} INFO - [2023-07-18T19:07:54.912+0000] {dagbag.py:541} INFO - Filling up the DagBag from /home/airflow/.local/lib/python3.7/site-packages/airflow/example_dags/example_branch_operator.py
[2023-07-18T19:07:54.956+0000] {processor.py:836} INFO - DAG(s) dict_keys(['example_branch_operator']) retrieved from /home/airflow/.local/lib/python3.7/site-packages/airflow/example_dags/example_branch_operator.py
[2023-07-18T19:07:55.197+0000] {logging_mixin.py:150} INFO - [2023-07-18T19:07:55.197+0000] {dag.py:2742} INFO - Sync 1 DAGs
[2023-07-18T19:07:55.228+0000] {logging_mixin.py:150} INFO - [2023-07-18T19:07:55.228+0000] {dag.py:3508} INFO - Setting next_dagrun for example_branch_operator to 2023-07-17T00:00:00+00:00, run_after=2023-07-18T00:00:00+00:00
[2023-07-18T19:07:55.263+0000] {processor.py:179} INFO - Processing /home/airflow/.local/lib/python3.7/site-packages/airflow/example_dags/example_branch_operator.py took 0.358 seconds
[2023-07-18T19:08:30.032+0000] {processor.py:157} INFO - Started process (PID=121) to work on /home/airflow/.local/lib/python3.7/site-packages/airflow/example_dags/example_branch_operator.py
[2023-07-18T19:08:30.035+0000] {processor.py:826} INFO - Processing file /home/airflow/.local/lib/python3.7/site-packages/airflow/example_dags/example_branch_operator.py for tasks to queue
[2023-07-18T19:08:30.038+0000] {logging_mixin.py:150} INFO - [2023-07-18T19:08:30.037+0000] {dagbag.py:541} INFO - Filling up the DagBag from /home/airflow/.local/lib/python3.7/site-packages/airflow/example_dags/example_branch_operator.py
[2023-07-18T19:08:30.050+0000] {processor.py:836} INFO - DAG(s) dict_keys(['example_branch_operator']) retrieved from /home/airflow/.local/lib/python3.7/site-packages/airflow/example_dags/example_branch_operator.py
[2023-07-18T19:08:30.132+0000] {logging_mixin.py:150} INFO - [2023-07-18T19:08:30.132+0000] {dag.py:2742} INFO - Sync 1 DAGs
[2023-07-18T19:08:30.192+0000] {logging_mixin.py:150} INFO - [2023-07-18T19:08:30.192+0000] {dag.py:3508} INFO - Setting next_dagrun for example_branch_operator to 2023-07-17T00:00:00+00:00, run_after=2023-07-18T00:00:00+00:00
[2023-07-18T19:08:30.265+0000] {processor.py:179} INFO - Processing /home/airflow/.local/lib/python3.7/site-packages/airflow/example_dags/example_branch_operator.py took 0.242 seconds
[2023-07-18T19:09:05.279+0000] {processor.py:157} INFO - Started process (PID=184) to work on /home/airflow/.local/lib/python3.7/site-packages/airflow/example_dags/example_branch_operator.py
[2023-07-18T19:09:05.290+0000] {processor.py:826} INFO - Processing file /home/airflow/.local/lib/python3.7/site-packages/airflow/example_dags/example_branch_operator.py for tasks to queue
[2023-07-18T19:09:05.294+0000] {logging_mixin.py:150} INFO - [2023-07-18T19:09:05.293+0000] {dagbag.py:541} INFO - Filling up the DagBag from /home/airflow/.local/lib/python3.7/site-packages/airflow/example_dags/example_branch_operator.py
[2023-07-18T19:09:05.327+0000] {processor.py:836} INFO - DAG(s) dict_keys(['example_branch_operator']) retrieved from /home/airflow/.local/lib/python3.7/site-packages/airflow/example_dags/example_branch_operator.py
[2023-07-18T19:09:05.541+0000] {logging_mixin.py:150} INFO - [2023-07-18T19:09:05.540+0000] {dag.py:2742} INFO - Sync 1 DAGs
[2023-07-18T19:09:05.645+0000] {logging_mixin.py:150} INFO - [2023-07-18T19:09:05.645+0000] {dag.py:3508} INFO - Setting next_dagrun for example_branch_operator to 2023-07-17T00:00:00+00:00, run_after=2023-07-18T00:00:00+00:00
[2023-07-18T19:09:05.726+0000] {processor.py:179} INFO - Processing /home/airflow/.local/lib/python3.7/site-packages/airflow/example_dags/example_branch_operator.py took 0.469 seconds
[2023-07-18T19:10:18.559+0000] {processor.py:157} INFO - Started process (PID=255) to work on /home/airflow/.local/lib/python3.7/site-packages/airflow/example_dags/example_branch_operator.py
[2023-07-18T19:10:18.596+0000] {processor.py:826} INFO - Processing file /home/airflow/.local/lib/python3.7/site-packages/airflow/example_dags/example_branch_operator.py for tasks to queue
[2023-07-18T19:10:18.616+0000] {logging_mixin.py:150} INFO - [2023-07-18T19:10:18.612+0000] {dagbag.py:541} INFO - Filling up the DagBag from /home/airflow/.local/lib/python3.7/site-packages/airflow/example_dags/example_branch_operator.py
[2023-07-18T19:10:18.856+0000] {processor.py:836} INFO - DAG(s) dict_keys(['example_branch_operator']) retrieved from /home/airflow/.local/lib/python3.7/site-packages/airflow/example_dags/example_branch_operator.py
[2023-07-18T19:10:18.939+0000] {logging_mixin.py:150} INFO - [2023-07-18T19:10:18.939+0000] {dag.py:2742} INFO - Sync 1 DAGs
[2023-07-18T19:10:19.024+0000] {logging_mixin.py:150} INFO - [2023-07-18T19:10:19.022+0000] {dag.py:3508} INFO - Setting next_dagrun for example_branch_operator to 2023-07-17T00:00:00+00:00, run_after=2023-07-18T00:00:00+00:00
[2023-07-18T19:10:19.092+0000] {processor.py:179} INFO - Processing /home/airflow/.local/lib/python3.7/site-packages/airflow/example_dags/example_branch_operator.py took 0.630 seconds
[2023-07-18T19:10:51.544+0000] {processor.py:157} INFO - Started process (PID=318) to work on /home/airflow/.local/lib/python3.7/site-packages/airflow/example_dags/example_branch_operator.py
[2023-07-18T19:10:51.548+0000] {processor.py:826} INFO - Processing file /home/airflow/.local/lib/python3.7/site-packages/airflow/example_dags/example_branch_operator.py for tasks to queue
[2023-07-18T19:10:51.551+0000] {logging_mixin.py:150} INFO - [2023-07-18T19:10:51.550+0000] {dagbag.py:541} INFO - Filling up the DagBag from /home/airflow/.local/lib/python3.7/site-packages/airflow/example_dags/example_branch_operator.py
[2023-07-18T19:10:51.569+0000] {processor.py:836} INFO - DAG(s) dict_keys(['example_branch_operator']) retrieved from /home/airflow/.local/lib/python3.7/site-packages/airflow/example_dags/example_branch_operator.py
[2023-07-18T19:10:51.623+0000] {logging_mixin.py:150} INFO - [2023-07-18T19:10:51.622+0000] {dag.py:2742} INFO - Sync 1 DAGs
[2023-07-18T19:10:51.660+0000] {logging_mixin.py:150} INFO - [2023-07-18T19:10:51.660+0000] {dag.py:3508} INFO - Setting next_dagrun for example_branch_operator to 2023-07-17T00:00:00+00:00, run_after=2023-07-18T00:00:00+00:00
[2023-07-18T19:10:51.696+0000] {processor.py:179} INFO - Processing /home/airflow/.local/lib/python3.7/site-packages/airflow/example_dags/example_branch_operator.py took 0.158 seconds
[2023-07-18T19:11:33.106+0000] {processor.py:157} INFO - Started process (PID=391) to work on /home/airflow/.local/lib/python3.7/site-packages/airflow/example_dags/example_branch_operator.py
[2023-07-18T19:11:33.109+0000] {processor.py:826} INFO - Processing file /home/airflow/.local/lib/python3.7/site-packages/airflow/example_dags/example_branch_operator.py for tasks to queue
[2023-07-18T19:11:33.115+0000] {logging_mixin.py:150} INFO - [2023-07-18T19:11:33.115+0000] {dagbag.py:541} INFO - Filling up the DagBag from /home/airflow/.local/lib/python3.7/site-packages/airflow/example_dags/example_branch_operator.py
[2023-07-18T19:11:33.167+0000] {processor.py:836} INFO - DAG(s) dict_keys(['example_branch_operator']) retrieved from /home/airflow/.local/lib/python3.7/site-packages/airflow/example_dags/example_branch_operator.py
[2023-07-18T19:11:33.296+0000] {logging_mixin.py:150} INFO - [2023-07-18T19:11:33.296+0000] {dag.py:2742} INFO - Sync 1 DAGs
[2023-07-18T19:11:33.355+0000] {logging_mixin.py:150} INFO - [2023-07-18T19:11:33.355+0000] {dag.py:3508} INFO - Setting next_dagrun for example_branch_operator to 2023-07-17T00:00:00+00:00, run_after=2023-07-18T00:00:00+00:00
[2023-07-18T19:11:33.373+0000] {processor.py:179} INFO - Processing /home/airflow/.local/lib/python3.7/site-packages/airflow/example_dags/example_branch_operator.py took 0.279 seconds
[2023-07-18T19:12:09.967+0000] {processor.py:157} INFO - Started process (PID=453) to work on /home/airflow/.local/lib/python3.7/site-packages/airflow/example_dags/example_branch_operator.py
[2023-07-18T19:12:09.979+0000] {processor.py:826} INFO - Processing file /home/airflow/.local/lib/python3.7/site-packages/airflow/example_dags/example_branch_operator.py for tasks to queue
[2023-07-18T19:12:09.987+0000] {logging_mixin.py:150} INFO - [2023-07-18T19:12:09.985+0000] {dagbag.py:541} INFO - Filling up the DagBag from /home/airflow/.local/lib/python3.7/site-packages/airflow/example_dags/example_branch_operator.py
[2023-07-18T19:12:10.200+0000] {processor.py:836} INFO - DAG(s) dict_keys(['example_branch_operator']) retrieved from /home/airflow/.local/lib/python3.7/site-packages/airflow/example_dags/example_branch_operator.py
[2023-07-18T19:12:11.115+0000] {logging_mixin.py:150} INFO - [2023-07-18T19:12:11.097+0000] {dag.py:2742} INFO - Sync 1 DAGs
[2023-07-18T19:12:11.462+0000] {logging_mixin.py:150} INFO - [2023-07-18T19:12:11.462+0000] {dag.py:3508} INFO - Setting next_dagrun for example_branch_operator to 2023-07-17T00:00:00+00:00, run_after=2023-07-18T00:00:00+00:00
[2023-07-18T19:12:11.839+0000] {processor.py:179} INFO - Processing /home/airflow/.local/lib/python3.7/site-packages/airflow/example_dags/example_branch_operator.py took 1.905 seconds
[2023-07-18T19:13:19.351+0000] {processor.py:157} INFO - Started process (PID=521) to work on /home/airflow/.local/lib/python3.7/site-packages/airflow/example_dags/example_branch_operator.py
[2023-07-18T19:13:19.385+0000] {processor.py:826} INFO - Processing file /home/airflow/.local/lib/python3.7/site-packages/airflow/example_dags/example_branch_operator.py for tasks to queue
[2023-07-18T19:13:19.449+0000] {logging_mixin.py:150} INFO - [2023-07-18T19:13:19.441+0000] {dagbag.py:541} INFO - Filling up the DagBag from /home/airflow/.local/lib/python3.7/site-packages/airflow/example_dags/example_branch_operator.py
[2023-07-18T19:13:19.814+0000] {processor.py:836} INFO - DAG(s) dict_keys(['example_branch_operator']) retrieved from /home/airflow/.local/lib/python3.7/site-packages/airflow/example_dags/example_branch_operator.py
[2023-07-18T19:13:27.302+0000] {logging_mixin.py:150} INFO - [2023-07-18T19:13:27.285+0000] {dag.py:2742} INFO - Sync 1 DAGs
[2023-07-18T19:13:28.927+0000] {logging_mixin.py:150} INFO - [2023-07-18T19:13:28.886+0000] {dag.py:3508} INFO - Setting next_dagrun for example_branch_operator to 2023-07-17T00:00:00+00:00, run_after=2023-07-18T00:00:00+00:00
[2023-07-18T19:13:29.501+0000] {processor.py:179} INFO - Processing /home/airflow/.local/lib/python3.7/site-packages/airflow/example_dags/example_branch_operator.py took 10.173 seconds
[2023-07-18T19:20:31.718+0000] {processor.py:157} INFO - Started process (PID=678) to work on /home/airflow/.local/lib/python3.7/site-packages/airflow/example_dags/example_branch_operator.py
[2023-07-18T19:20:31.724+0000] {processor.py:826} INFO - Processing file /home/airflow/.local/lib/python3.7/site-packages/airflow/example_dags/example_branch_operator.py for tasks to queue
[2023-07-18T19:20:31.728+0000] {logging_mixin.py:150} INFO - [2023-07-18T19:20:31.727+0000] {dagbag.py:541} INFO - Filling up the DagBag from /home/airflow/.local/lib/python3.7/site-packages/airflow/example_dags/example_branch_operator.py
[2023-07-18T19:20:31.828+0000] {processor.py:836} INFO - DAG(s) dict_keys(['example_branch_operator']) retrieved from /home/airflow/.local/lib/python3.7/site-packages/airflow/example_dags/example_branch_operator.py
[2023-07-18T19:20:32.012+0000] {logging_mixin.py:150} INFO - [2023-07-18T19:20:32.011+0000] {dag.py:2742} INFO - Sync 1 DAGs
[2023-07-18T19:20:32.178+0000] {logging_mixin.py:150} INFO - [2023-07-18T19:20:32.177+0000] {dag.py:3508} INFO - Setting next_dagrun for example_branch_operator to 2023-07-17T00:00:00+00:00, run_after=2023-07-18T00:00:00+00:00
[2023-07-18T19:20:32.263+0000] {processor.py:179} INFO - Processing /home/airflow/.local/lib/python3.7/site-packages/airflow/example_dags/example_branch_operator.py took 0.563 seconds
