[2023-07-18T19:05:54.599+0000] {processor.py:157} INFO - Started process (PID=66) to work on /home/airflow/.local/lib/python3.7/site-packages/airflow/example_dags/example_sensors.py
[2023-07-18T19:05:54.605+0000] {processor.py:826} INFO - Processing file /home/airflow/.local/lib/python3.7/site-packages/airflow/example_dags/example_sensors.py for tasks to queue
[2023-07-18T19:05:54.608+0000] {logging_mixin.py:150} INFO - [2023-07-18T19:05:54.608+0000] {dagbag.py:541} INFO - Filling up the DagBag from /home/airflow/.local/lib/python3.7/site-packages/airflow/example_dags/example_sensors.py
[2023-07-18T19:05:54.629+0000] {processor.py:836} INFO - DAG(s) dict_keys(['example_sensors']) retrieved from /home/airflow/.local/lib/python3.7/site-packages/airflow/example_dags/example_sensors.py
[2023-07-18T19:05:54.698+0000] {logging_mixin.py:150} INFO - [2023-07-18T19:05:54.698+0000] {dag.py:2742} INFO - Sync 1 DAGs
[2023-07-18T19:05:54.764+0000] {logging_mixin.py:150} INFO - [2023-07-18T19:05:54.763+0000] {dag.py:3508} INFO - Setting next_dagrun for example_sensors to None, run_after=None
[2023-07-18T19:05:54.797+0000] {processor.py:179} INFO - Processing /home/airflow/.local/lib/python3.7/site-packages/airflow/example_dags/example_sensors.py took 0.207 seconds
[2023-07-18T19:06:25.735+0000] {processor.py:157} INFO - Started process (PID=128) to work on /home/airflow/.local/lib/python3.7/site-packages/airflow/example_dags/example_sensors.py
[2023-07-18T19:06:25.742+0000] {processor.py:826} INFO - Processing file /home/airflow/.local/lib/python3.7/site-packages/airflow/example_dags/example_sensors.py for tasks to queue
[2023-07-18T19:06:25.754+0000] {logging_mixin.py:150} INFO - [2023-07-18T19:06:25.753+0000] {dagbag.py:541} INFO - Filling up the DagBag from /home/airflow/.local/lib/python3.7/site-packages/airflow/example_dags/example_sensors.py
[2023-07-18T19:06:25.775+0000] {processor.py:836} INFO - DAG(s) dict_keys(['example_sensors']) retrieved from /home/airflow/.local/lib/python3.7/site-packages/airflow/example_dags/example_sensors.py
[2023-07-18T19:06:25.817+0000] {logging_mixin.py:150} INFO - [2023-07-18T19:06:25.817+0000] {dag.py:2742} INFO - Sync 1 DAGs
[2023-07-18T19:06:25.843+0000] {logging_mixin.py:150} INFO - [2023-07-18T19:06:25.843+0000] {dag.py:3508} INFO - Setting next_dagrun for example_sensors to None, run_after=None
[2023-07-18T19:06:25.858+0000] {processor.py:179} INFO - Processing /home/airflow/.local/lib/python3.7/site-packages/airflow/example_dags/example_sensors.py took 0.128 seconds
[2023-07-18T19:07:57.293+0000] {processor.py:157} INFO - Started process (PID=66) to work on /home/airflow/.local/lib/python3.7/site-packages/airflow/example_dags/example_sensors.py
[2023-07-18T19:07:57.301+0000] {processor.py:826} INFO - Processing file /home/airflow/.local/lib/python3.7/site-packages/airflow/example_dags/example_sensors.py for tasks to queue
[2023-07-18T19:07:57.304+0000] {logging_mixin.py:150} INFO - [2023-07-18T19:07:57.303+0000] {dagbag.py:541} INFO - Filling up the DagBag from /home/airflow/.local/lib/python3.7/site-packages/airflow/example_dags/example_sensors.py
[2023-07-18T19:07:57.348+0000] {processor.py:836} INFO - DAG(s) dict_keys(['example_sensors']) retrieved from /home/airflow/.local/lib/python3.7/site-packages/airflow/example_dags/example_sensors.py
[2023-07-18T19:07:57.530+0000] {logging_mixin.py:150} INFO - [2023-07-18T19:07:57.529+0000] {dag.py:2742} INFO - Sync 1 DAGs
[2023-07-18T19:07:57.641+0000] {logging_mixin.py:150} INFO - [2023-07-18T19:07:57.640+0000] {dag.py:3508} INFO - Setting next_dagrun for example_sensors to None, run_after=None
[2023-07-18T19:07:57.722+0000] {processor.py:179} INFO - Processing /home/airflow/.local/lib/python3.7/site-packages/airflow/example_dags/example_sensors.py took 0.435 seconds
[2023-07-18T19:08:32.132+0000] {processor.py:157} INFO - Started process (PID=128) to work on /home/airflow/.local/lib/python3.7/site-packages/airflow/example_dags/example_sensors.py
[2023-07-18T19:08:32.134+0000] {processor.py:826} INFO - Processing file /home/airflow/.local/lib/python3.7/site-packages/airflow/example_dags/example_sensors.py for tasks to queue
[2023-07-18T19:08:32.138+0000] {logging_mixin.py:150} INFO - [2023-07-18T19:08:32.137+0000] {dagbag.py:541} INFO - Filling up the DagBag from /home/airflow/.local/lib/python3.7/site-packages/airflow/example_dags/example_sensors.py
[2023-07-18T19:08:32.168+0000] {processor.py:836} INFO - DAG(s) dict_keys(['example_sensors']) retrieved from /home/airflow/.local/lib/python3.7/site-packages/airflow/example_dags/example_sensors.py
[2023-07-18T19:08:32.234+0000] {logging_mixin.py:150} INFO - [2023-07-18T19:08:32.232+0000] {dag.py:2742} INFO - Sync 1 DAGs
[2023-07-18T19:08:32.341+0000] {logging_mixin.py:150} INFO - [2023-07-18T19:08:32.341+0000] {dag.py:3508} INFO - Setting next_dagrun for example_sensors to None, run_after=None
[2023-07-18T19:08:32.378+0000] {processor.py:179} INFO - Processing /home/airflow/.local/lib/python3.7/site-packages/airflow/example_dags/example_sensors.py took 0.251 seconds
[2023-07-18T19:09:20.273+0000] {processor.py:157} INFO - Started process (PID=198) to work on /home/airflow/.local/lib/python3.7/site-packages/airflow/example_dags/example_sensors.py
[2023-07-18T19:09:20.277+0000] {processor.py:826} INFO - Processing file /home/airflow/.local/lib/python3.7/site-packages/airflow/example_dags/example_sensors.py for tasks to queue
[2023-07-18T19:09:20.280+0000] {logging_mixin.py:150} INFO - [2023-07-18T19:09:20.280+0000] {dagbag.py:541} INFO - Filling up the DagBag from /home/airflow/.local/lib/python3.7/site-packages/airflow/example_dags/example_sensors.py
[2023-07-18T19:09:20.328+0000] {processor.py:836} INFO - DAG(s) dict_keys(['example_sensors']) retrieved from /home/airflow/.local/lib/python3.7/site-packages/airflow/example_dags/example_sensors.py
[2023-07-18T19:09:20.386+0000] {logging_mixin.py:150} INFO - [2023-07-18T19:09:20.385+0000] {dag.py:2742} INFO - Sync 1 DAGs
[2023-07-18T19:09:20.413+0000] {logging_mixin.py:150} INFO - [2023-07-18T19:09:20.413+0000] {dag.py:3508} INFO - Setting next_dagrun for example_sensors to None, run_after=None
[2023-07-18T19:09:20.441+0000] {processor.py:179} INFO - Processing /home/airflow/.local/lib/python3.7/site-packages/airflow/example_dags/example_sensors.py took 0.173 seconds
[2023-07-18T19:10:20.490+0000] {processor.py:157} INFO - Started process (PID=262) to work on /home/airflow/.local/lib/python3.7/site-packages/airflow/example_dags/example_sensors.py
[2023-07-18T19:10:20.493+0000] {processor.py:826} INFO - Processing file /home/airflow/.local/lib/python3.7/site-packages/airflow/example_dags/example_sensors.py for tasks to queue
[2023-07-18T19:10:20.502+0000] {logging_mixin.py:150} INFO - [2023-07-18T19:10:20.502+0000] {dagbag.py:541} INFO - Filling up the DagBag from /home/airflow/.local/lib/python3.7/site-packages/airflow/example_dags/example_sensors.py
[2023-07-18T19:10:20.548+0000] {processor.py:836} INFO - DAG(s) dict_keys(['example_sensors']) retrieved from /home/airflow/.local/lib/python3.7/site-packages/airflow/example_dags/example_sensors.py
[2023-07-18T19:10:20.639+0000] {logging_mixin.py:150} INFO - [2023-07-18T19:10:20.638+0000] {dag.py:2742} INFO - Sync 1 DAGs
[2023-07-18T19:10:20.740+0000] {logging_mixin.py:150} INFO - [2023-07-18T19:10:20.739+0000] {dag.py:3508} INFO - Setting next_dagrun for example_sensors to None, run_after=None
[2023-07-18T19:10:20.803+0000] {processor.py:179} INFO - Processing /home/airflow/.local/lib/python3.7/site-packages/airflow/example_dags/example_sensors.py took 0.334 seconds
[2023-07-18T19:10:52.706+0000] {processor.py:157} INFO - Started process (PID=325) to work on /home/airflow/.local/lib/python3.7/site-packages/airflow/example_dags/example_sensors.py
[2023-07-18T19:10:52.712+0000] {processor.py:826} INFO - Processing file /home/airflow/.local/lib/python3.7/site-packages/airflow/example_dags/example_sensors.py for tasks to queue
[2023-07-18T19:10:52.723+0000] {logging_mixin.py:150} INFO - [2023-07-18T19:10:52.721+0000] {dagbag.py:541} INFO - Filling up the DagBag from /home/airflow/.local/lib/python3.7/site-packages/airflow/example_dags/example_sensors.py
[2023-07-18T19:10:52.743+0000] {processor.py:836} INFO - DAG(s) dict_keys(['example_sensors']) retrieved from /home/airflow/.local/lib/python3.7/site-packages/airflow/example_dags/example_sensors.py
[2023-07-18T19:10:52.782+0000] {logging_mixin.py:150} INFO - [2023-07-18T19:10:52.782+0000] {dag.py:2742} INFO - Sync 1 DAGs
[2023-07-18T19:10:52.840+0000] {logging_mixin.py:150} INFO - [2023-07-18T19:10:52.839+0000] {dag.py:3508} INFO - Setting next_dagrun for example_sensors to None, run_after=None
[2023-07-18T19:10:52.896+0000] {processor.py:179} INFO - Processing /home/airflow/.local/lib/python3.7/site-packages/airflow/example_dags/example_sensors.py took 0.197 seconds
[2023-07-18T19:11:34.858+0000] {processor.py:157} INFO - Started process (PID=398) to work on /home/airflow/.local/lib/python3.7/site-packages/airflow/example_dags/example_sensors.py
[2023-07-18T19:11:34.861+0000] {processor.py:826} INFO - Processing file /home/airflow/.local/lib/python3.7/site-packages/airflow/example_dags/example_sensors.py for tasks to queue
[2023-07-18T19:11:34.874+0000] {logging_mixin.py:150} INFO - [2023-07-18T19:11:34.873+0000] {dagbag.py:541} INFO - Filling up the DagBag from /home/airflow/.local/lib/python3.7/site-packages/airflow/example_dags/example_sensors.py
[2023-07-18T19:11:34.917+0000] {processor.py:836} INFO - DAG(s) dict_keys(['example_sensors']) retrieved from /home/airflow/.local/lib/python3.7/site-packages/airflow/example_dags/example_sensors.py
[2023-07-18T19:11:35.009+0000] {logging_mixin.py:150} INFO - [2023-07-18T19:11:35.009+0000] {dag.py:2742} INFO - Sync 1 DAGs
[2023-07-18T19:11:35.072+0000] {logging_mixin.py:150} INFO - [2023-07-18T19:11:35.072+0000] {dag.py:3508} INFO - Setting next_dagrun for example_sensors to None, run_after=None
[2023-07-18T19:11:35.141+0000] {processor.py:179} INFO - Processing /home/airflow/.local/lib/python3.7/site-packages/airflow/example_dags/example_sensors.py took 0.288 seconds
[2023-07-18T19:12:16.871+0000] {processor.py:157} INFO - Started process (PID=460) to work on /home/airflow/.local/lib/python3.7/site-packages/airflow/example_dags/example_sensors.py
[2023-07-18T19:12:16.874+0000] {processor.py:826} INFO - Processing file /home/airflow/.local/lib/python3.7/site-packages/airflow/example_dags/example_sensors.py for tasks to queue
[2023-07-18T19:12:16.877+0000] {logging_mixin.py:150} INFO - [2023-07-18T19:12:16.876+0000] {dagbag.py:541} INFO - Filling up the DagBag from /home/airflow/.local/lib/python3.7/site-packages/airflow/example_dags/example_sensors.py
[2023-07-18T19:12:16.969+0000] {processor.py:836} INFO - DAG(s) dict_keys(['example_sensors']) retrieved from /home/airflow/.local/lib/python3.7/site-packages/airflow/example_dags/example_sensors.py
[2023-07-18T19:12:17.185+0000] {logging_mixin.py:150} INFO - [2023-07-18T19:12:17.184+0000] {dag.py:2742} INFO - Sync 1 DAGs
[2023-07-18T19:12:17.319+0000] {logging_mixin.py:150} INFO - [2023-07-18T19:12:17.319+0000] {dag.py:3508} INFO - Setting next_dagrun for example_sensors to None, run_after=None
[2023-07-18T19:12:17.459+0000] {processor.py:179} INFO - Processing /home/airflow/.local/lib/python3.7/site-packages/airflow/example_dags/example_sensors.py took 0.596 seconds
[2023-07-18T19:13:47.269+0000] {processor.py:157} INFO - Started process (PID=535) to work on /home/airflow/.local/lib/python3.7/site-packages/airflow/example_dags/example_sensors.py
[2023-07-18T19:13:47.307+0000] {processor.py:826} INFO - Processing file /home/airflow/.local/lib/python3.7/site-packages/airflow/example_dags/example_sensors.py for tasks to queue
[2023-07-18T19:13:47.312+0000] {logging_mixin.py:150} INFO - [2023-07-18T19:13:47.310+0000] {dagbag.py:541} INFO - Filling up the DagBag from /home/airflow/.local/lib/python3.7/site-packages/airflow/example_dags/example_sensors.py
[2023-07-18T19:13:47.582+0000] {processor.py:836} INFO - DAG(s) dict_keys(['example_sensors']) retrieved from /home/airflow/.local/lib/python3.7/site-packages/airflow/example_dags/example_sensors.py
[2023-07-18T19:13:47.953+0000] {logging_mixin.py:150} INFO - [2023-07-18T19:13:47.946+0000] {dag.py:2742} INFO - Sync 1 DAGs
[2023-07-18T19:13:48.154+0000] {logging_mixin.py:150} INFO - [2023-07-18T19:13:48.154+0000] {dag.py:3508} INFO - Setting next_dagrun for example_sensors to None, run_after=None
[2023-07-18T19:13:48.679+0000] {processor.py:179} INFO - Processing /home/airflow/.local/lib/python3.7/site-packages/airflow/example_dags/example_sensors.py took 1.554 seconds
