[2023-07-18T19:05:55.577+0000] {processor.py:157} INFO - Started process (PID=72) to work on /home/airflow/.local/lib/python3.7/site-packages/airflow/example_dags/example_latest_only_with_trigger.py
[2023-07-18T19:05:55.581+0000] {processor.py:826} INFO - Processing file /home/airflow/.local/lib/python3.7/site-packages/airflow/example_dags/example_latest_only_with_trigger.py for tasks to queue
[2023-07-18T19:05:55.586+0000] {logging_mixin.py:150} INFO - [2023-07-18T19:05:55.585+0000] {dagbag.py:541} INFO - Filling up the DagBag from /home/airflow/.local/lib/python3.7/site-packages/airflow/example_dags/example_latest_only_with_trigger.py
[2023-07-18T19:05:55.616+0000] {processor.py:836} INFO - DAG(s) dict_keys(['latest_only_with_trigger']) retrieved from /home/airflow/.local/lib/python3.7/site-packages/airflow/example_dags/example_latest_only_with_trigger.py
[2023-07-18T19:05:55.682+0000] {logging_mixin.py:150} INFO - [2023-07-18T19:05:55.682+0000] {dag.py:2742} INFO - Sync 1 DAGs
[2023-07-18T19:05:55.733+0000] {logging_mixin.py:150} INFO - [2023-07-18T19:05:55.732+0000] {dag.py:3508} INFO - Setting next_dagrun for latest_only_with_trigger to 2023-07-18T15:05:55.732261+00:00, run_after=2023-07-18T19:05:55.732261+00:00
[2023-07-18T19:05:55.797+0000] {processor.py:179} INFO - Processing /home/airflow/.local/lib/python3.7/site-packages/airflow/example_dags/example_latest_only_with_trigger.py took 0.224 seconds
[2023-07-18T19:06:26.675+0000] {processor.py:157} INFO - Started process (PID=134) to work on /home/airflow/.local/lib/python3.7/site-packages/airflow/example_dags/example_latest_only_with_trigger.py
[2023-07-18T19:06:26.677+0000] {processor.py:826} INFO - Processing file /home/airflow/.local/lib/python3.7/site-packages/airflow/example_dags/example_latest_only_with_trigger.py for tasks to queue
[2023-07-18T19:06:26.679+0000] {logging_mixin.py:150} INFO - [2023-07-18T19:06:26.679+0000] {dagbag.py:541} INFO - Filling up the DagBag from /home/airflow/.local/lib/python3.7/site-packages/airflow/example_dags/example_latest_only_with_trigger.py
[2023-07-18T19:06:26.701+0000] {processor.py:836} INFO - DAG(s) dict_keys(['latest_only_with_trigger']) retrieved from /home/airflow/.local/lib/python3.7/site-packages/airflow/example_dags/example_latest_only_with_trigger.py
[2023-07-18T19:06:26.754+0000] {logging_mixin.py:150} INFO - [2023-07-18T19:06:26.753+0000] {dag.py:2742} INFO - Sync 1 DAGs
[2023-07-18T19:06:26.815+0000] {logging_mixin.py:150} INFO - [2023-07-18T19:06:26.815+0000] {dag.py:3508} INFO - Setting next_dagrun for latest_only_with_trigger to 2023-07-18T15:06:26.814795+00:00, run_after=2023-07-18T19:06:26.814795+00:00
[2023-07-18T19:06:26.844+0000] {processor.py:179} INFO - Processing /home/airflow/.local/lib/python3.7/site-packages/airflow/example_dags/example_latest_only_with_trigger.py took 0.172 seconds
[2023-07-18T19:08:00.578+0000] {processor.py:157} INFO - Started process (PID=72) to work on /home/airflow/.local/lib/python3.7/site-packages/airflow/example_dags/example_latest_only_with_trigger.py
[2023-07-18T19:08:00.590+0000] {processor.py:826} INFO - Processing file /home/airflow/.local/lib/python3.7/site-packages/airflow/example_dags/example_latest_only_with_trigger.py for tasks to queue
[2023-07-18T19:08:00.596+0000] {logging_mixin.py:150} INFO - [2023-07-18T19:08:00.595+0000] {dagbag.py:541} INFO - Filling up the DagBag from /home/airflow/.local/lib/python3.7/site-packages/airflow/example_dags/example_latest_only_with_trigger.py
[2023-07-18T19:08:00.628+0000] {processor.py:836} INFO - DAG(s) dict_keys(['latest_only_with_trigger']) retrieved from /home/airflow/.local/lib/python3.7/site-packages/airflow/example_dags/example_latest_only_with_trigger.py
[2023-07-18T19:08:00.727+0000] {logging_mixin.py:150} INFO - [2023-07-18T19:08:00.718+0000] {dag.py:2742} INFO - Sync 1 DAGs
[2023-07-18T19:08:00.813+0000] {logging_mixin.py:150} INFO - [2023-07-18T19:08:00.812+0000] {dag.py:3508} INFO - Setting next_dagrun for latest_only_with_trigger to 2023-07-18T15:08:00.812349+00:00, run_after=2023-07-18T19:08:00.812349+00:00
[2023-07-18T19:08:00.967+0000] {processor.py:179} INFO - Processing /home/airflow/.local/lib/python3.7/site-packages/airflow/example_dags/example_latest_only_with_trigger.py took 0.402 seconds
[2023-07-18T19:08:33.997+0000] {processor.py:157} INFO - Started process (PID=134) to work on /home/airflow/.local/lib/python3.7/site-packages/airflow/example_dags/example_latest_only_with_trigger.py
[2023-07-18T19:08:34.018+0000] {processor.py:826} INFO - Processing file /home/airflow/.local/lib/python3.7/site-packages/airflow/example_dags/example_latest_only_with_trigger.py for tasks to queue
[2023-07-18T19:08:34.027+0000] {logging_mixin.py:150} INFO - [2023-07-18T19:08:34.026+0000] {dagbag.py:541} INFO - Filling up the DagBag from /home/airflow/.local/lib/python3.7/site-packages/airflow/example_dags/example_latest_only_with_trigger.py
[2023-07-18T19:08:34.065+0000] {processor.py:836} INFO - DAG(s) dict_keys(['latest_only_with_trigger']) retrieved from /home/airflow/.local/lib/python3.7/site-packages/airflow/example_dags/example_latest_only_with_trigger.py
[2023-07-18T19:08:34.201+0000] {logging_mixin.py:150} INFO - [2023-07-18T19:08:34.200+0000] {dag.py:2742} INFO - Sync 1 DAGs
[2023-07-18T19:08:34.274+0000] {logging_mixin.py:150} INFO - [2023-07-18T19:08:34.274+0000] {dag.py:3508} INFO - Setting next_dagrun for latest_only_with_trigger to 2023-07-18T15:08:34.273952+00:00, run_after=2023-07-18T19:08:34.273952+00:00
[2023-07-18T19:08:34.335+0000] {processor.py:179} INFO - Processing /home/airflow/.local/lib/python3.7/site-packages/airflow/example_dags/example_latest_only_with_trigger.py took 0.380 seconds
[2023-07-18T19:09:34.337+0000] {processor.py:157} INFO - Started process (PID=206) to work on /home/airflow/.local/lib/python3.7/site-packages/airflow/example_dags/example_latest_only_with_trigger.py
[2023-07-18T19:09:34.652+0000] {processor.py:826} INFO - Processing file /home/airflow/.local/lib/python3.7/site-packages/airflow/example_dags/example_latest_only_with_trigger.py for tasks to queue
[2023-07-18T19:09:34.782+0000] {logging_mixin.py:150} INFO - [2023-07-18T19:09:34.737+0000] {dagbag.py:541} INFO - Filling up the DagBag from /home/airflow/.local/lib/python3.7/site-packages/airflow/example_dags/example_latest_only_with_trigger.py
[2023-07-18T19:09:37.595+0000] {processor.py:836} INFO - DAG(s) dict_keys(['latest_only_with_trigger']) retrieved from /home/airflow/.local/lib/python3.7/site-packages/airflow/example_dags/example_latest_only_with_trigger.py
[2023-07-18T19:09:38.788+0000] {logging_mixin.py:150} INFO - [2023-07-18T19:09:38.785+0000] {dag.py:2742} INFO - Sync 1 DAGs
[2023-07-18T19:09:38.984+0000] {logging_mixin.py:150} INFO - [2023-07-18T19:09:38.984+0000] {dag.py:3508} INFO - Setting next_dagrun for latest_only_with_trigger to 2023-07-18T15:09:38.982922+00:00, run_after=2023-07-18T19:09:38.982922+00:00
[2023-07-18T19:09:39.204+0000] {processor.py:179} INFO - Processing /home/airflow/.local/lib/python3.7/site-packages/airflow/example_dags/example_latest_only_with_trigger.py took 6.600 seconds
[2023-07-18T19:10:22.768+0000] {processor.py:157} INFO - Started process (PID=268) to work on /home/airflow/.local/lib/python3.7/site-packages/airflow/example_dags/example_latest_only_with_trigger.py
[2023-07-18T19:10:22.773+0000] {processor.py:826} INFO - Processing file /home/airflow/.local/lib/python3.7/site-packages/airflow/example_dags/example_latest_only_with_trigger.py for tasks to queue
[2023-07-18T19:10:22.778+0000] {logging_mixin.py:150} INFO - [2023-07-18T19:10:22.777+0000] {dagbag.py:541} INFO - Filling up the DagBag from /home/airflow/.local/lib/python3.7/site-packages/airflow/example_dags/example_latest_only_with_trigger.py
[2023-07-18T19:10:22.800+0000] {processor.py:836} INFO - DAG(s) dict_keys(['latest_only_with_trigger']) retrieved from /home/airflow/.local/lib/python3.7/site-packages/airflow/example_dags/example_latest_only_with_trigger.py
[2023-07-18T19:10:22.905+0000] {logging_mixin.py:150} INFO - [2023-07-18T19:10:22.905+0000] {dag.py:2742} INFO - Sync 1 DAGs
[2023-07-18T19:10:23.126+0000] {logging_mixin.py:150} INFO - [2023-07-18T19:10:23.126+0000] {dag.py:3508} INFO - Setting next_dagrun for latest_only_with_trigger to 2023-07-18T15:10:23.125141+00:00, run_after=2023-07-18T19:10:23.125141+00:00
[2023-07-18T19:10:23.246+0000] {processor.py:179} INFO - Processing /home/airflow/.local/lib/python3.7/site-packages/airflow/example_dags/example_latest_only_with_trigger.py took 0.503 seconds
[2023-07-18T19:10:54.430+0000] {processor.py:157} INFO - Started process (PID=331) to work on /home/airflow/.local/lib/python3.7/site-packages/airflow/example_dags/example_latest_only_with_trigger.py
[2023-07-18T19:10:54.440+0000] {processor.py:826} INFO - Processing file /home/airflow/.local/lib/python3.7/site-packages/airflow/example_dags/example_latest_only_with_trigger.py for tasks to queue
[2023-07-18T19:10:54.457+0000] {logging_mixin.py:150} INFO - [2023-07-18T19:10:54.456+0000] {dagbag.py:541} INFO - Filling up the DagBag from /home/airflow/.local/lib/python3.7/site-packages/airflow/example_dags/example_latest_only_with_trigger.py
[2023-07-18T19:10:54.474+0000] {processor.py:836} INFO - DAG(s) dict_keys(['latest_only_with_trigger']) retrieved from /home/airflow/.local/lib/python3.7/site-packages/airflow/example_dags/example_latest_only_with_trigger.py
[2023-07-18T19:10:54.724+0000] {logging_mixin.py:150} INFO - [2023-07-18T19:10:54.719+0000] {dag.py:2742} INFO - Sync 1 DAGs
[2023-07-18T19:10:55.324+0000] {logging_mixin.py:150} INFO - [2023-07-18T19:10:55.316+0000] {dag.py:3508} INFO - Setting next_dagrun for latest_only_with_trigger to 2023-07-18T15:10:55.278252+00:00, run_after=2023-07-18T19:10:55.278252+00:00
[2023-07-18T19:10:55.544+0000] {processor.py:179} INFO - Processing /home/airflow/.local/lib/python3.7/site-packages/airflow/example_dags/example_latest_only_with_trigger.py took 1.140 seconds
[2023-07-18T19:11:36.747+0000] {processor.py:157} INFO - Started process (PID=404) to work on /home/airflow/.local/lib/python3.7/site-packages/airflow/example_dags/example_latest_only_with_trigger.py
[2023-07-18T19:11:36.754+0000] {processor.py:826} INFO - Processing file /home/airflow/.local/lib/python3.7/site-packages/airflow/example_dags/example_latest_only_with_trigger.py for tasks to queue
[2023-07-18T19:11:36.762+0000] {logging_mixin.py:150} INFO - [2023-07-18T19:11:36.762+0000] {dagbag.py:541} INFO - Filling up the DagBag from /home/airflow/.local/lib/python3.7/site-packages/airflow/example_dags/example_latest_only_with_trigger.py
[2023-07-18T19:11:36.791+0000] {processor.py:836} INFO - DAG(s) dict_keys(['latest_only_with_trigger']) retrieved from /home/airflow/.local/lib/python3.7/site-packages/airflow/example_dags/example_latest_only_with_trigger.py
[2023-07-18T19:11:36.869+0000] {logging_mixin.py:150} INFO - [2023-07-18T19:11:36.868+0000] {dag.py:2742} INFO - Sync 1 DAGs
[2023-07-18T19:11:36.980+0000] {logging_mixin.py:150} INFO - [2023-07-18T19:11:36.979+0000] {dag.py:3508} INFO - Setting next_dagrun for latest_only_with_trigger to 2023-07-18T15:11:36.977213+00:00, run_after=2023-07-18T19:11:36.977213+00:00
[2023-07-18T19:11:37.074+0000] {processor.py:179} INFO - Processing /home/airflow/.local/lib/python3.7/site-packages/airflow/example_dags/example_latest_only_with_trigger.py took 0.340 seconds
[2023-07-18T19:12:44.916+0000] {processor.py:157} INFO - Started process (PID=489) to work on /home/airflow/.local/lib/python3.7/site-packages/airflow/example_dags/example_latest_only_with_trigger.py
[2023-07-18T19:12:44.924+0000] {processor.py:826} INFO - Processing file /home/airflow/.local/lib/python3.7/site-packages/airflow/example_dags/example_latest_only_with_trigger.py for tasks to queue
[2023-07-18T19:12:44.936+0000] {logging_mixin.py:150} INFO - [2023-07-18T19:12:44.935+0000] {dagbag.py:541} INFO - Filling up the DagBag from /home/airflow/.local/lib/python3.7/site-packages/airflow/example_dags/example_latest_only_with_trigger.py
[2023-07-18T19:12:44.980+0000] {processor.py:836} INFO - DAG(s) dict_keys(['latest_only_with_trigger']) retrieved from /home/airflow/.local/lib/python3.7/site-packages/airflow/example_dags/example_latest_only_with_trigger.py
[2023-07-18T19:12:45.060+0000] {logging_mixin.py:150} INFO - [2023-07-18T19:12:45.059+0000] {dag.py:2742} INFO - Sync 1 DAGs
[2023-07-18T19:12:45.145+0000] {logging_mixin.py:150} INFO - [2023-07-18T19:12:45.144+0000] {dag.py:3508} INFO - Setting next_dagrun for latest_only_with_trigger to 2023-07-18T15:12:45.139931+00:00, run_after=2023-07-18T19:12:45.139931+00:00
[2023-07-18T19:12:45.214+0000] {processor.py:179} INFO - Processing /home/airflow/.local/lib/python3.7/site-packages/airflow/example_dags/example_latest_only_with_trigger.py took 0.311 seconds
[2023-07-18T19:17:25.139+0000] {processor.py:157} INFO - Started process (PID=602) to work on /home/airflow/.local/lib/python3.7/site-packages/airflow/example_dags/example_latest_only_with_trigger.py
[2023-07-18T19:17:25.142+0000] {processor.py:826} INFO - Processing file /home/airflow/.local/lib/python3.7/site-packages/airflow/example_dags/example_latest_only_with_trigger.py for tasks to queue
[2023-07-18T19:17:25.148+0000] {logging_mixin.py:150} INFO - [2023-07-18T19:17:25.147+0000] {dagbag.py:541} INFO - Filling up the DagBag from /home/airflow/.local/lib/python3.7/site-packages/airflow/example_dags/example_latest_only_with_trigger.py
[2023-07-18T19:17:25.267+0000] {processor.py:836} INFO - DAG(s) dict_keys(['latest_only_with_trigger']) retrieved from /home/airflow/.local/lib/python3.7/site-packages/airflow/example_dags/example_latest_only_with_trigger.py
[2023-07-18T19:17:25.726+0000] {logging_mixin.py:150} INFO - [2023-07-18T19:17:25.598+0000] {dag.py:2742} INFO - Sync 1 DAGs
[2023-07-18T19:17:26.458+0000] {logging_mixin.py:150} INFO - [2023-07-18T19:17:26.436+0000] {dag.py:3508} INFO - Setting next_dagrun for latest_only_with_trigger to 2023-07-18T15:17:26.425157+00:00, run_after=2023-07-18T19:17:26.425157+00:00
[2023-07-18T19:17:26.724+0000] {processor.py:179} INFO - Processing /home/airflow/.local/lib/python3.7/site-packages/airflow/example_dags/example_latest_only_with_trigger.py took 1.623 seconds
