[2023-07-18T19:05:35.496+0000] {processor.py:157} INFO - Started process (PID=36) to work on /home/airflow/.local/lib/python3.7/site-packages/airflow/example_dags/example_dynamic_task_mapping_with_no_taskflow_operators.py
[2023-07-18T19:05:35.498+0000] {processor.py:826} INFO - Processing file /home/airflow/.local/lib/python3.7/site-packages/airflow/example_dags/example_dynamic_task_mapping_with_no_taskflow_operators.py for tasks to queue
[2023-07-18T19:05:35.500+0000] {logging_mixin.py:150} INFO - [2023-07-18T19:05:35.500+0000] {dagbag.py:541} INFO - Filling up the DagBag from /home/airflow/.local/lib/python3.7/site-packages/airflow/example_dags/example_dynamic_task_mapping_with_no_taskflow_operators.py
[2023-07-18T19:05:35.512+0000] {processor.py:836} INFO - DAG(s) dict_keys(['example_dynamic_task_mapping_with_no_taskflow_operators']) retrieved from /home/airflow/.local/lib/python3.7/site-packages/airflow/example_dags/example_dynamic_task_mapping_with_no_taskflow_operators.py
[2023-07-18T19:05:35.579+0000] {logging_mixin.py:150} INFO - [2023-07-18T19:05:35.579+0000] {dag.py:2742} INFO - Sync 1 DAGs
[2023-07-18T19:05:36.061+0000] {logging_mixin.py:150} INFO - [2023-07-18T19:05:36.061+0000] {dag.py:3508} INFO - Setting next_dagrun for example_dynamic_task_mapping_with_no_taskflow_operators to 2023-07-17T19:05:36.060338+00:00, run_after=2023-07-18T19:05:36.060338+00:00
[2023-07-18T19:05:36.142+0000] {processor.py:179} INFO - Processing /home/airflow/.local/lib/python3.7/site-packages/airflow/example_dags/example_dynamic_task_mapping_with_no_taskflow_operators.py took 0.651 seconds
[2023-07-18T19:06:06.353+0000] {processor.py:157} INFO - Started process (PID=94) to work on /home/airflow/.local/lib/python3.7/site-packages/airflow/example_dags/example_dynamic_task_mapping_with_no_taskflow_operators.py
[2023-07-18T19:06:06.357+0000] {processor.py:826} INFO - Processing file /home/airflow/.local/lib/python3.7/site-packages/airflow/example_dags/example_dynamic_task_mapping_with_no_taskflow_operators.py for tasks to queue
[2023-07-18T19:06:06.360+0000] {logging_mixin.py:150} INFO - [2023-07-18T19:06:06.359+0000] {dagbag.py:541} INFO - Filling up the DagBag from /home/airflow/.local/lib/python3.7/site-packages/airflow/example_dags/example_dynamic_task_mapping_with_no_taskflow_operators.py
[2023-07-18T19:06:06.395+0000] {processor.py:836} INFO - DAG(s) dict_keys(['example_dynamic_task_mapping_with_no_taskflow_operators']) retrieved from /home/airflow/.local/lib/python3.7/site-packages/airflow/example_dags/example_dynamic_task_mapping_with_no_taskflow_operators.py
[2023-07-18T19:06:06.463+0000] {logging_mixin.py:150} INFO - [2023-07-18T19:06:06.463+0000] {dag.py:2742} INFO - Sync 1 DAGs
[2023-07-18T19:06:06.520+0000] {logging_mixin.py:150} INFO - [2023-07-18T19:06:06.520+0000] {dag.py:3508} INFO - Setting next_dagrun for example_dynamic_task_mapping_with_no_taskflow_operators to 2023-07-17T19:06:06.519563+00:00, run_after=2023-07-18T19:06:06.519563+00:00
[2023-07-18T19:06:06.565+0000] {processor.py:179} INFO - Processing /home/airflow/.local/lib/python3.7/site-packages/airflow/example_dags/example_dynamic_task_mapping_with_no_taskflow_operators.py took 0.221 seconds
[2023-07-18T19:06:36.895+0000] {processor.py:157} INFO - Started process (PID=156) to work on /home/airflow/.local/lib/python3.7/site-packages/airflow/example_dags/example_dynamic_task_mapping_with_no_taskflow_operators.py
[2023-07-18T19:06:37.007+0000] {processor.py:826} INFO - Processing file /home/airflow/.local/lib/python3.7/site-packages/airflow/example_dags/example_dynamic_task_mapping_with_no_taskflow_operators.py for tasks to queue
[2023-07-18T19:06:37.067+0000] {logging_mixin.py:150} INFO - [2023-07-18T19:06:37.063+0000] {dagbag.py:541} INFO - Filling up the DagBag from /home/airflow/.local/lib/python3.7/site-packages/airflow/example_dags/example_dynamic_task_mapping_with_no_taskflow_operators.py
[2023-07-18T19:06:37.639+0000] {processor.py:836} INFO - DAG(s) dict_keys(['example_dynamic_task_mapping_with_no_taskflow_operators']) retrieved from /home/airflow/.local/lib/python3.7/site-packages/airflow/example_dags/example_dynamic_task_mapping_with_no_taskflow_operators.py
[2023-07-18T19:06:38.165+0000] {logging_mixin.py:150} INFO - [2023-07-18T19:06:38.162+0000] {dag.py:2742} INFO - Sync 1 DAGs
[2023-07-18T19:06:38.598+0000] {logging_mixin.py:150} INFO - [2023-07-18T19:06:38.597+0000] {dag.py:3508} INFO - Setting next_dagrun for example_dynamic_task_mapping_with_no_taskflow_operators to 2023-07-17T19:06:38.585514+00:00, run_after=2023-07-18T19:06:38.585514+00:00
[2023-07-18T19:06:38.765+0000] {processor.py:179} INFO - Processing /home/airflow/.local/lib/python3.7/site-packages/airflow/example_dags/example_dynamic_task_mapping_with_no_taskflow_operators.py took 1.933 seconds
[2023-07-18T19:07:48.109+0000] {processor.py:157} INFO - Started process (PID=36) to work on /home/airflow/.local/lib/python3.7/site-packages/airflow/example_dags/example_dynamic_task_mapping_with_no_taskflow_operators.py
[2023-07-18T19:07:48.113+0000] {processor.py:826} INFO - Processing file /home/airflow/.local/lib/python3.7/site-packages/airflow/example_dags/example_dynamic_task_mapping_with_no_taskflow_operators.py for tasks to queue
[2023-07-18T19:07:48.120+0000] {logging_mixin.py:150} INFO - [2023-07-18T19:07:48.116+0000] {dagbag.py:541} INFO - Filling up the DagBag from /home/airflow/.local/lib/python3.7/site-packages/airflow/example_dags/example_dynamic_task_mapping_with_no_taskflow_operators.py
[2023-07-18T19:07:48.161+0000] {processor.py:836} INFO - DAG(s) dict_keys(['example_dynamic_task_mapping_with_no_taskflow_operators']) retrieved from /home/airflow/.local/lib/python3.7/site-packages/airflow/example_dags/example_dynamic_task_mapping_with_no_taskflow_operators.py
[2023-07-18T19:07:48.232+0000] {logging_mixin.py:150} INFO - [2023-07-18T19:07:48.232+0000] {dag.py:2742} INFO - Sync 1 DAGs
[2023-07-18T19:07:48.497+0000] {logging_mixin.py:150} INFO - [2023-07-18T19:07:48.496+0000] {dag.py:3508} INFO - Setting next_dagrun for example_dynamic_task_mapping_with_no_taskflow_operators to 2023-07-17T19:07:48.496709+00:00, run_after=2023-07-18T19:07:48.496709+00:00
[2023-07-18T19:07:48.539+0000] {processor.py:179} INFO - Processing /home/airflow/.local/lib/python3.7/site-packages/airflow/example_dags/example_dynamic_task_mapping_with_no_taskflow_operators.py took 0.436 seconds
[2023-07-18T19:08:18.908+0000] {processor.py:157} INFO - Started process (PID=94) to work on /home/airflow/.local/lib/python3.7/site-packages/airflow/example_dags/example_dynamic_task_mapping_with_no_taskflow_operators.py
[2023-07-18T19:08:18.935+0000] {processor.py:826} INFO - Processing file /home/airflow/.local/lib/python3.7/site-packages/airflow/example_dags/example_dynamic_task_mapping_with_no_taskflow_operators.py for tasks to queue
[2023-07-18T19:08:18.969+0000] {logging_mixin.py:150} INFO - [2023-07-18T19:08:18.968+0000] {dagbag.py:541} INFO - Filling up the DagBag from /home/airflow/.local/lib/python3.7/site-packages/airflow/example_dags/example_dynamic_task_mapping_with_no_taskflow_operators.py
[2023-07-18T19:08:19.083+0000] {processor.py:836} INFO - DAG(s) dict_keys(['example_dynamic_task_mapping_with_no_taskflow_operators']) retrieved from /home/airflow/.local/lib/python3.7/site-packages/airflow/example_dags/example_dynamic_task_mapping_with_no_taskflow_operators.py
[2023-07-18T19:08:19.337+0000] {logging_mixin.py:150} INFO - [2023-07-18T19:08:19.336+0000] {dag.py:2742} INFO - Sync 1 DAGs
[2023-07-18T19:08:19.513+0000] {logging_mixin.py:150} INFO - [2023-07-18T19:08:19.513+0000] {dag.py:3508} INFO - Setting next_dagrun for example_dynamic_task_mapping_with_no_taskflow_operators to 2023-07-17T19:08:19.509462+00:00, run_after=2023-07-18T19:08:19.509462+00:00
[2023-07-18T19:08:19.592+0000] {processor.py:179} INFO - Processing /home/airflow/.local/lib/python3.7/site-packages/airflow/example_dags/example_dynamic_task_mapping_with_no_taskflow_operators.py took 0.719 seconds
[2023-07-18T19:08:50.147+0000] {processor.py:157} INFO - Started process (PID=157) to work on /home/airflow/.local/lib/python3.7/site-packages/airflow/example_dags/example_dynamic_task_mapping_with_no_taskflow_operators.py
[2023-07-18T19:08:50.175+0000] {processor.py:826} INFO - Processing file /home/airflow/.local/lib/python3.7/site-packages/airflow/example_dags/example_dynamic_task_mapping_with_no_taskflow_operators.py for tasks to queue
[2023-07-18T19:08:50.179+0000] {logging_mixin.py:150} INFO - [2023-07-18T19:08:50.178+0000] {dagbag.py:541} INFO - Filling up the DagBag from /home/airflow/.local/lib/python3.7/site-packages/airflow/example_dags/example_dynamic_task_mapping_with_no_taskflow_operators.py
[2023-07-18T19:08:50.268+0000] {processor.py:836} INFO - DAG(s) dict_keys(['example_dynamic_task_mapping_with_no_taskflow_operators']) retrieved from /home/airflow/.local/lib/python3.7/site-packages/airflow/example_dags/example_dynamic_task_mapping_with_no_taskflow_operators.py
[2023-07-18T19:08:50.399+0000] {logging_mixin.py:150} INFO - [2023-07-18T19:08:50.399+0000] {dag.py:2742} INFO - Sync 1 DAGs
[2023-07-18T19:08:50.486+0000] {logging_mixin.py:150} INFO - [2023-07-18T19:08:50.486+0000] {dag.py:3508} INFO - Setting next_dagrun for example_dynamic_task_mapping_with_no_taskflow_operators to 2023-07-17T19:08:50.485752+00:00, run_after=2023-07-18T19:08:50.485752+00:00
[2023-07-18T19:08:50.531+0000] {processor.py:179} INFO - Processing /home/airflow/.local/lib/python3.7/site-packages/airflow/example_dags/example_dynamic_task_mapping_with_no_taskflow_operators.py took 0.401 seconds
[2023-07-18T19:09:20.881+0000] {processor.py:157} INFO - Started process (PID=202) to work on /home/airflow/.local/lib/python3.7/site-packages/airflow/example_dags/example_dynamic_task_mapping_with_no_taskflow_operators.py
[2023-07-18T19:09:20.893+0000] {processor.py:826} INFO - Processing file /home/airflow/.local/lib/python3.7/site-packages/airflow/example_dags/example_dynamic_task_mapping_with_no_taskflow_operators.py for tasks to queue
[2023-07-18T19:09:20.907+0000] {logging_mixin.py:150} INFO - [2023-07-18T19:09:20.907+0000] {dagbag.py:541} INFO - Filling up the DagBag from /home/airflow/.local/lib/python3.7/site-packages/airflow/example_dags/example_dynamic_task_mapping_with_no_taskflow_operators.py
[2023-07-18T19:09:20.949+0000] {processor.py:836} INFO - DAG(s) dict_keys(['example_dynamic_task_mapping_with_no_taskflow_operators']) retrieved from /home/airflow/.local/lib/python3.7/site-packages/airflow/example_dags/example_dynamic_task_mapping_with_no_taskflow_operators.py
[2023-07-18T19:09:21.102+0000] {logging_mixin.py:150} INFO - [2023-07-18T19:09:21.098+0000] {dag.py:2742} INFO - Sync 1 DAGs
[2023-07-18T19:09:21.178+0000] {logging_mixin.py:150} INFO - [2023-07-18T19:09:21.178+0000] {dag.py:3508} INFO - Setting next_dagrun for example_dynamic_task_mapping_with_no_taskflow_operators to 2023-07-17T19:09:21.177797+00:00, run_after=2023-07-18T19:09:21.177797+00:00
[2023-07-18T19:09:21.231+0000] {processor.py:179} INFO - Processing /home/airflow/.local/lib/python3.7/site-packages/airflow/example_dags/example_dynamic_task_mapping_with_no_taskflow_operators.py took 0.354 seconds
[2023-07-18T19:10:09.362+0000] {processor.py:157} INFO - Started process (PID=233) to work on /home/airflow/.local/lib/python3.7/site-packages/airflow/example_dags/example_dynamic_task_mapping_with_no_taskflow_operators.py
[2023-07-18T19:10:09.381+0000] {processor.py:826} INFO - Processing file /home/airflow/.local/lib/python3.7/site-packages/airflow/example_dags/example_dynamic_task_mapping_with_no_taskflow_operators.py for tasks to queue
[2023-07-18T19:10:09.394+0000] {logging_mixin.py:150} INFO - [2023-07-18T19:10:09.394+0000] {dagbag.py:541} INFO - Filling up the DagBag from /home/airflow/.local/lib/python3.7/site-packages/airflow/example_dags/example_dynamic_task_mapping_with_no_taskflow_operators.py
[2023-07-18T19:10:09.446+0000] {processor.py:836} INFO - DAG(s) dict_keys(['example_dynamic_task_mapping_with_no_taskflow_operators']) retrieved from /home/airflow/.local/lib/python3.7/site-packages/airflow/example_dags/example_dynamic_task_mapping_with_no_taskflow_operators.py
[2023-07-18T19:10:09.542+0000] {logging_mixin.py:150} INFO - [2023-07-18T19:10:09.538+0000] {dag.py:2742} INFO - Sync 1 DAGs
[2023-07-18T19:10:09.643+0000] {logging_mixin.py:150} INFO - [2023-07-18T19:10:09.643+0000] {dag.py:3508} INFO - Setting next_dagrun for example_dynamic_task_mapping_with_no_taskflow_operators to 2023-07-17T19:10:09.642259+00:00, run_after=2023-07-18T19:10:09.642259+00:00
[2023-07-18T19:10:09.691+0000] {processor.py:179} INFO - Processing /home/airflow/.local/lib/python3.7/site-packages/airflow/example_dags/example_dynamic_task_mapping_with_no_taskflow_operators.py took 0.344 seconds
[2023-07-18T19:10:40.017+0000] {processor.py:157} INFO - Started process (PID=296) to work on /home/airflow/.local/lib/python3.7/site-packages/airflow/example_dags/example_dynamic_task_mapping_with_no_taskflow_operators.py
[2023-07-18T19:10:40.021+0000] {processor.py:826} INFO - Processing file /home/airflow/.local/lib/python3.7/site-packages/airflow/example_dags/example_dynamic_task_mapping_with_no_taskflow_operators.py for tasks to queue
[2023-07-18T19:10:40.023+0000] {logging_mixin.py:150} INFO - [2023-07-18T19:10:40.022+0000] {dagbag.py:541} INFO - Filling up the DagBag from /home/airflow/.local/lib/python3.7/site-packages/airflow/example_dags/example_dynamic_task_mapping_with_no_taskflow_operators.py
[2023-07-18T19:10:40.031+0000] {processor.py:836} INFO - DAG(s) dict_keys(['example_dynamic_task_mapping_with_no_taskflow_operators']) retrieved from /home/airflow/.local/lib/python3.7/site-packages/airflow/example_dags/example_dynamic_task_mapping_with_no_taskflow_operators.py
[2023-07-18T19:10:40.078+0000] {logging_mixin.py:150} INFO - [2023-07-18T19:10:40.077+0000] {dag.py:2742} INFO - Sync 1 DAGs
[2023-07-18T19:10:40.166+0000] {logging_mixin.py:150} INFO - [2023-07-18T19:10:40.165+0000] {dag.py:3508} INFO - Setting next_dagrun for example_dynamic_task_mapping_with_no_taskflow_operators to 2023-07-17T19:10:40.164057+00:00, run_after=2023-07-18T19:10:40.164057+00:00
[2023-07-18T19:10:40.216+0000] {processor.py:179} INFO - Processing /home/airflow/.local/lib/python3.7/site-packages/airflow/example_dags/example_dynamic_task_mapping_with_no_taskflow_operators.py took 0.202 seconds
[2023-07-18T19:11:10.611+0000] {processor.py:157} INFO - Started process (PID=352) to work on /home/airflow/.local/lib/python3.7/site-packages/airflow/example_dags/example_dynamic_task_mapping_with_no_taskflow_operators.py
[2023-07-18T19:11:10.614+0000] {processor.py:826} INFO - Processing file /home/airflow/.local/lib/python3.7/site-packages/airflow/example_dags/example_dynamic_task_mapping_with_no_taskflow_operators.py for tasks to queue
[2023-07-18T19:11:10.616+0000] {logging_mixin.py:150} INFO - [2023-07-18T19:11:10.616+0000] {dagbag.py:541} INFO - Filling up the DagBag from /home/airflow/.local/lib/python3.7/site-packages/airflow/example_dags/example_dynamic_task_mapping_with_no_taskflow_operators.py
[2023-07-18T19:11:10.650+0000] {processor.py:836} INFO - DAG(s) dict_keys(['example_dynamic_task_mapping_with_no_taskflow_operators']) retrieved from /home/airflow/.local/lib/python3.7/site-packages/airflow/example_dags/example_dynamic_task_mapping_with_no_taskflow_operators.py
[2023-07-18T19:11:10.677+0000] {logging_mixin.py:150} INFO - [2023-07-18T19:11:10.677+0000] {dag.py:2742} INFO - Sync 1 DAGs
[2023-07-18T19:11:10.710+0000] {logging_mixin.py:150} INFO - [2023-07-18T19:11:10.709+0000] {dag.py:3508} INFO - Setting next_dagrun for example_dynamic_task_mapping_with_no_taskflow_operators to 2023-07-17T19:11:10.709054+00:00, run_after=2023-07-18T19:11:10.709054+00:00
[2023-07-18T19:11:10.755+0000] {processor.py:179} INFO - Processing /home/airflow/.local/lib/python3.7/site-packages/airflow/example_dags/example_dynamic_task_mapping_with_no_taskflow_operators.py took 0.150 seconds
[2023-07-18T19:11:41.535+0000] {processor.py:157} INFO - Started process (PID=414) to work on /home/airflow/.local/lib/python3.7/site-packages/airflow/example_dags/example_dynamic_task_mapping_with_no_taskflow_operators.py
[2023-07-18T19:11:41.538+0000] {processor.py:826} INFO - Processing file /home/airflow/.local/lib/python3.7/site-packages/airflow/example_dags/example_dynamic_task_mapping_with_no_taskflow_operators.py for tasks to queue
[2023-07-18T19:11:41.541+0000] {logging_mixin.py:150} INFO - [2023-07-18T19:11:41.540+0000] {dagbag.py:541} INFO - Filling up the DagBag from /home/airflow/.local/lib/python3.7/site-packages/airflow/example_dags/example_dynamic_task_mapping_with_no_taskflow_operators.py
[2023-07-18T19:11:41.577+0000] {processor.py:836} INFO - DAG(s) dict_keys(['example_dynamic_task_mapping_with_no_taskflow_operators']) retrieved from /home/airflow/.local/lib/python3.7/site-packages/airflow/example_dags/example_dynamic_task_mapping_with_no_taskflow_operators.py
[2023-07-18T19:11:41.636+0000] {logging_mixin.py:150} INFO - [2023-07-18T19:11:41.636+0000] {dag.py:2742} INFO - Sync 1 DAGs
[2023-07-18T19:11:41.696+0000] {logging_mixin.py:150} INFO - [2023-07-18T19:11:41.695+0000] {dag.py:3508} INFO - Setting next_dagrun for example_dynamic_task_mapping_with_no_taskflow_operators to 2023-07-17T19:11:41.694398+00:00, run_after=2023-07-18T19:11:41.694398+00:00
[2023-07-18T19:11:41.778+0000] {processor.py:179} INFO - Processing /home/airflow/.local/lib/python3.7/site-packages/airflow/example_dags/example_dynamic_task_mapping_with_no_taskflow_operators.py took 0.246 seconds
[2023-07-18T19:12:23.379+0000] {processor.py:157} INFO - Started process (PID=466) to work on /home/airflow/.local/lib/python3.7/site-packages/airflow/example_dags/example_dynamic_task_mapping_with_no_taskflow_operators.py
[2023-07-18T19:12:23.386+0000] {processor.py:826} INFO - Processing file /home/airflow/.local/lib/python3.7/site-packages/airflow/example_dags/example_dynamic_task_mapping_with_no_taskflow_operators.py for tasks to queue
[2023-07-18T19:12:23.411+0000] {logging_mixin.py:150} INFO - [2023-07-18T19:12:23.410+0000] {dagbag.py:541} INFO - Filling up the DagBag from /home/airflow/.local/lib/python3.7/site-packages/airflow/example_dags/example_dynamic_task_mapping_with_no_taskflow_operators.py
[2023-07-18T19:12:23.609+0000] {processor.py:836} INFO - DAG(s) dict_keys(['example_dynamic_task_mapping_with_no_taskflow_operators']) retrieved from /home/airflow/.local/lib/python3.7/site-packages/airflow/example_dags/example_dynamic_task_mapping_with_no_taskflow_operators.py
[2023-07-18T19:12:25.067+0000] {logging_mixin.py:150} INFO - [2023-07-18T19:12:25.009+0000] {dag.py:2742} INFO - Sync 1 DAGs
[2023-07-18T19:12:26.216+0000] {logging_mixin.py:150} INFO - [2023-07-18T19:12:26.214+0000] {dag.py:3508} INFO - Setting next_dagrun for example_dynamic_task_mapping_with_no_taskflow_operators to 2023-07-17T19:12:26.212432+00:00, run_after=2023-07-18T19:12:26.212432+00:00
[2023-07-18T19:12:26.468+0000] {processor.py:179} INFO - Processing /home/airflow/.local/lib/python3.7/site-packages/airflow/example_dags/example_dynamic_task_mapping_with_no_taskflow_operators.py took 3.172 seconds
[2023-07-18T19:13:54.201+0000] {processor.py:157} INFO - Started process (PID=541) to work on /home/airflow/.local/lib/python3.7/site-packages/airflow/example_dags/example_dynamic_task_mapping_with_no_taskflow_operators.py
[2023-07-18T19:13:54.435+0000] {processor.py:826} INFO - Processing file /home/airflow/.local/lib/python3.7/site-packages/airflow/example_dags/example_dynamic_task_mapping_with_no_taskflow_operators.py for tasks to queue
[2023-07-18T19:13:54.658+0000] {logging_mixin.py:150} INFO - [2023-07-18T19:13:54.536+0000] {dagbag.py:541} INFO - Filling up the DagBag from /home/airflow/.local/lib/python3.7/site-packages/airflow/example_dags/example_dynamic_task_mapping_with_no_taskflow_operators.py
[2023-07-18T19:13:56.593+0000] {processor.py:836} INFO - DAG(s) dict_keys(['example_dynamic_task_mapping_with_no_taskflow_operators']) retrieved from /home/airflow/.local/lib/python3.7/site-packages/airflow/example_dags/example_dynamic_task_mapping_with_no_taskflow_operators.py
[2023-07-18T19:14:03.888+0000] {logging_mixin.py:150} INFO - [2023-07-18T19:14:03.701+0000] {dag.py:2742} INFO - Sync 1 DAGs
[2023-07-18T19:14:14.450+0000] {logging_mixin.py:150} INFO - [2023-07-18T19:14:14.381+0000] {dag.py:3508} INFO - Setting next_dagrun for example_dynamic_task_mapping_with_no_taskflow_operators to 2023-07-17T19:14:14.314552+00:00, run_after=2023-07-18T19:14:14.314552+00:00
[2023-07-18T19:14:15.517+0000] {processor.py:179} INFO - Processing /home/airflow/.local/lib/python3.7/site-packages/airflow/example_dags/example_dynamic_task_mapping_with_no_taskflow_operators.py took 21.834 seconds
[2023-07-18T19:18:13.537+0000] {processor.py:157} INFO - Started process (PID=635) to work on /home/airflow/.local/lib/python3.7/site-packages/airflow/example_dags/example_dynamic_task_mapping_with_no_taskflow_operators.py
[2023-07-18T19:18:13.609+0000] {processor.py:826} INFO - Processing file /home/airflow/.local/lib/python3.7/site-packages/airflow/example_dags/example_dynamic_task_mapping_with_no_taskflow_operators.py for tasks to queue
[2023-07-18T19:18:13.662+0000] {logging_mixin.py:150} INFO - [2023-07-18T19:18:13.659+0000] {dagbag.py:541} INFO - Filling up the DagBag from /home/airflow/.local/lib/python3.7/site-packages/airflow/example_dags/example_dynamic_task_mapping_with_no_taskflow_operators.py
[2023-07-18T19:18:14.263+0000] {processor.py:836} INFO - DAG(s) dict_keys(['example_dynamic_task_mapping_with_no_taskflow_operators']) retrieved from /home/airflow/.local/lib/python3.7/site-packages/airflow/example_dags/example_dynamic_task_mapping_with_no_taskflow_operators.py
[2023-07-18T19:18:15.263+0000] {logging_mixin.py:150} INFO - [2023-07-18T19:18:15.241+0000] {dag.py:2742} INFO - Sync 1 DAGs
[2023-07-18T19:18:15.698+0000] {logging_mixin.py:150} INFO - [2023-07-18T19:18:15.698+0000] {dag.py:3508} INFO - Setting next_dagrun for example_dynamic_task_mapping_with_no_taskflow_operators to 2023-07-17T19:18:15.695607+00:00, run_after=2023-07-18T19:18:15.695607+00:00
[2023-07-18T19:18:16.028+0000] {processor.py:179} INFO - Processing /home/airflow/.local/lib/python3.7/site-packages/airflow/example_dags/example_dynamic_task_mapping_with_no_taskflow_operators.py took 3.110 seconds
