[2023-07-18T19:05:45.173+0000] {processor.py:157} INFO - Started process (PID=53) to work on /home/airflow/.local/lib/python3.7/site-packages/airflow/example_dags/example_branch_labels.py
[2023-07-18T19:05:45.181+0000] {processor.py:826} INFO - Processing file /home/airflow/.local/lib/python3.7/site-packages/airflow/example_dags/example_branch_labels.py for tasks to queue
[2023-07-18T19:05:45.192+0000] {logging_mixin.py:150} INFO - [2023-07-18T19:05:45.189+0000] {dagbag.py:541} INFO - Filling up the DagBag from /home/airflow/.local/lib/python3.7/site-packages/airflow/example_dags/example_branch_labels.py
[2023-07-18T19:05:45.220+0000] {processor.py:836} INFO - DAG(s) dict_keys(['example_branch_labels']) retrieved from /home/airflow/.local/lib/python3.7/site-packages/airflow/example_dags/example_branch_labels.py
[2023-07-18T19:05:45.619+0000] {logging_mixin.py:150} INFO - [2023-07-18T19:05:45.619+0000] {dag.py:2742} INFO - Sync 1 DAGs
[2023-07-18T19:05:45.680+0000] {logging_mixin.py:150} INFO - [2023-07-18T19:05:45.679+0000] {dag.py:3508} INFO - Setting next_dagrun for example_branch_labels to 2023-07-17T00:00:00+00:00, run_after=2023-07-18T00:00:00+00:00
[2023-07-18T19:05:45.776+0000] {processor.py:179} INFO - Processing /home/airflow/.local/lib/python3.7/site-packages/airflow/example_dags/example_branch_labels.py took 0.607 seconds
[2023-07-18T19:06:16.178+0000] {processor.py:157} INFO - Started process (PID=115) to work on /home/airflow/.local/lib/python3.7/site-packages/airflow/example_dags/example_branch_labels.py
[2023-07-18T19:06:16.191+0000] {processor.py:826} INFO - Processing file /home/airflow/.local/lib/python3.7/site-packages/airflow/example_dags/example_branch_labels.py for tasks to queue
[2023-07-18T19:06:16.197+0000] {logging_mixin.py:150} INFO - [2023-07-18T19:06:16.196+0000] {dagbag.py:541} INFO - Filling up the DagBag from /home/airflow/.local/lib/python3.7/site-packages/airflow/example_dags/example_branch_labels.py
[2023-07-18T19:06:16.217+0000] {processor.py:836} INFO - DAG(s) dict_keys(['example_branch_labels']) retrieved from /home/airflow/.local/lib/python3.7/site-packages/airflow/example_dags/example_branch_labels.py
[2023-07-18T19:06:16.339+0000] {logging_mixin.py:150} INFO - [2023-07-18T19:06:16.332+0000] {dag.py:2742} INFO - Sync 1 DAGs
[2023-07-18T19:06:16.409+0000] {logging_mixin.py:150} INFO - [2023-07-18T19:06:16.408+0000] {dag.py:3508} INFO - Setting next_dagrun for example_branch_labels to 2023-07-17T00:00:00+00:00, run_after=2023-07-18T00:00:00+00:00
[2023-07-18T19:06:16.437+0000] {processor.py:179} INFO - Processing /home/airflow/.local/lib/python3.7/site-packages/airflow/example_dags/example_branch_labels.py took 0.274 seconds
[2023-07-18T19:07:53.542+0000] {processor.py:157} INFO - Started process (PID=53) to work on /home/airflow/.local/lib/python3.7/site-packages/airflow/example_dags/example_branch_labels.py
[2023-07-18T19:07:53.543+0000] {processor.py:826} INFO - Processing file /home/airflow/.local/lib/python3.7/site-packages/airflow/example_dags/example_branch_labels.py for tasks to queue
[2023-07-18T19:07:53.544+0000] {logging_mixin.py:150} INFO - [2023-07-18T19:07:53.544+0000] {dagbag.py:541} INFO - Filling up the DagBag from /home/airflow/.local/lib/python3.7/site-packages/airflow/example_dags/example_branch_labels.py
[2023-07-18T19:07:53.555+0000] {processor.py:836} INFO - DAG(s) dict_keys(['example_branch_labels']) retrieved from /home/airflow/.local/lib/python3.7/site-packages/airflow/example_dags/example_branch_labels.py
[2023-07-18T19:07:53.708+0000] {logging_mixin.py:150} INFO - [2023-07-18T19:07:53.708+0000] {dag.py:2742} INFO - Sync 1 DAGs
[2023-07-18T19:07:53.730+0000] {logging_mixin.py:150} INFO - [2023-07-18T19:07:53.730+0000] {dag.py:3508} INFO - Setting next_dagrun for example_branch_labels to 2023-07-17T00:00:00+00:00, run_after=2023-07-18T00:00:00+00:00
[2023-07-18T19:07:53.754+0000] {processor.py:179} INFO - Processing /home/airflow/.local/lib/python3.7/site-packages/airflow/example_dags/example_branch_labels.py took 0.215 seconds
[2023-07-18T19:08:28.224+0000] {processor.py:157} INFO - Started process (PID=115) to work on /home/airflow/.local/lib/python3.7/site-packages/airflow/example_dags/example_branch_labels.py
[2023-07-18T19:08:28.227+0000] {processor.py:826} INFO - Processing file /home/airflow/.local/lib/python3.7/site-packages/airflow/example_dags/example_branch_labels.py for tasks to queue
[2023-07-18T19:08:28.231+0000] {logging_mixin.py:150} INFO - [2023-07-18T19:08:28.230+0000] {dagbag.py:541} INFO - Filling up the DagBag from /home/airflow/.local/lib/python3.7/site-packages/airflow/example_dags/example_branch_labels.py
[2023-07-18T19:08:28.260+0000] {processor.py:836} INFO - DAG(s) dict_keys(['example_branch_labels']) retrieved from /home/airflow/.local/lib/python3.7/site-packages/airflow/example_dags/example_branch_labels.py
[2023-07-18T19:08:28.333+0000] {logging_mixin.py:150} INFO - [2023-07-18T19:08:28.333+0000] {dag.py:2742} INFO - Sync 1 DAGs
[2023-07-18T19:08:28.399+0000] {logging_mixin.py:150} INFO - [2023-07-18T19:08:28.398+0000] {dag.py:3508} INFO - Setting next_dagrun for example_branch_labels to 2023-07-17T00:00:00+00:00, run_after=2023-07-18T00:00:00+00:00
[2023-07-18T19:08:28.453+0000] {processor.py:179} INFO - Processing /home/airflow/.local/lib/python3.7/site-packages/airflow/example_dags/example_branch_labels.py took 0.234 seconds
[2023-07-18T19:09:03.951+0000] {processor.py:157} INFO - Started process (PID=178) to work on /home/airflow/.local/lib/python3.7/site-packages/airflow/example_dags/example_branch_labels.py
[2023-07-18T19:09:03.963+0000] {processor.py:826} INFO - Processing file /home/airflow/.local/lib/python3.7/site-packages/airflow/example_dags/example_branch_labels.py for tasks to queue
[2023-07-18T19:09:03.986+0000] {logging_mixin.py:150} INFO - [2023-07-18T19:09:03.981+0000] {dagbag.py:541} INFO - Filling up the DagBag from /home/airflow/.local/lib/python3.7/site-packages/airflow/example_dags/example_branch_labels.py
[2023-07-18T19:09:04.017+0000] {processor.py:836} INFO - DAG(s) dict_keys(['example_branch_labels']) retrieved from /home/airflow/.local/lib/python3.7/site-packages/airflow/example_dags/example_branch_labels.py
[2023-07-18T19:09:04.120+0000] {logging_mixin.py:150} INFO - [2023-07-18T19:09:04.120+0000] {dag.py:2742} INFO - Sync 1 DAGs
[2023-07-18T19:09:04.189+0000] {logging_mixin.py:150} INFO - [2023-07-18T19:09:04.189+0000] {dag.py:3508} INFO - Setting next_dagrun for example_branch_labels to 2023-07-17T00:00:00+00:00, run_after=2023-07-18T00:00:00+00:00
[2023-07-18T19:09:04.211+0000] {processor.py:179} INFO - Processing /home/airflow/.local/lib/python3.7/site-packages/airflow/example_dags/example_branch_labels.py took 0.267 seconds
[2023-07-18T19:10:13.794+0000] {processor.py:157} INFO - Started process (PID=249) to work on /home/airflow/.local/lib/python3.7/site-packages/airflow/example_dags/example_branch_labels.py
[2023-07-18T19:10:13.798+0000] {processor.py:826} INFO - Processing file /home/airflow/.local/lib/python3.7/site-packages/airflow/example_dags/example_branch_labels.py for tasks to queue
[2023-07-18T19:10:13.800+0000] {logging_mixin.py:150} INFO - [2023-07-18T19:10:13.800+0000] {dagbag.py:541} INFO - Filling up the DagBag from /home/airflow/.local/lib/python3.7/site-packages/airflow/example_dags/example_branch_labels.py
[2023-07-18T19:10:13.833+0000] {processor.py:836} INFO - DAG(s) dict_keys(['example_branch_labels']) retrieved from /home/airflow/.local/lib/python3.7/site-packages/airflow/example_dags/example_branch_labels.py
[2023-07-18T19:10:13.928+0000] {logging_mixin.py:150} INFO - [2023-07-18T19:10:13.928+0000] {dag.py:2742} INFO - Sync 1 DAGs
[2023-07-18T19:10:14.084+0000] {logging_mixin.py:150} INFO - [2023-07-18T19:10:14.083+0000] {dag.py:3508} INFO - Setting next_dagrun for example_branch_labels to 2023-07-17T00:00:00+00:00, run_after=2023-07-18T00:00:00+00:00
[2023-07-18T19:10:14.199+0000] {processor.py:179} INFO - Processing /home/airflow/.local/lib/python3.7/site-packages/airflow/example_dags/example_branch_labels.py took 0.419 seconds
[2023-07-18T19:10:45.184+0000] {processor.py:157} INFO - Started process (PID=312) to work on /home/airflow/.local/lib/python3.7/site-packages/airflow/example_dags/example_branch_labels.py
[2023-07-18T19:10:45.189+0000] {processor.py:826} INFO - Processing file /home/airflow/.local/lib/python3.7/site-packages/airflow/example_dags/example_branch_labels.py for tasks to queue
[2023-07-18T19:10:45.192+0000] {logging_mixin.py:150} INFO - [2023-07-18T19:10:45.191+0000] {dagbag.py:541} INFO - Filling up the DagBag from /home/airflow/.local/lib/python3.7/site-packages/airflow/example_dags/example_branch_labels.py
[2023-07-18T19:10:45.207+0000] {processor.py:836} INFO - DAG(s) dict_keys(['example_branch_labels']) retrieved from /home/airflow/.local/lib/python3.7/site-packages/airflow/example_dags/example_branch_labels.py
[2023-07-18T19:10:45.270+0000] {logging_mixin.py:150} INFO - [2023-07-18T19:10:45.270+0000] {dag.py:2742} INFO - Sync 1 DAGs
[2023-07-18T19:10:45.320+0000] {logging_mixin.py:150} INFO - [2023-07-18T19:10:45.319+0000] {dag.py:3508} INFO - Setting next_dagrun for example_branch_labels to 2023-07-17T00:00:00+00:00, run_after=2023-07-18T00:00:00+00:00
[2023-07-18T19:10:45.349+0000] {processor.py:179} INFO - Processing /home/airflow/.local/lib/python3.7/site-packages/airflow/example_dags/example_branch_labels.py took 0.185 seconds
[2023-07-18T19:11:17.545+0000] {processor.py:157} INFO - Started process (PID=378) to work on /home/airflow/.local/lib/python3.7/site-packages/airflow/example_dags/example_branch_labels.py
[2023-07-18T19:11:17.549+0000] {processor.py:826} INFO - Processing file /home/airflow/.local/lib/python3.7/site-packages/airflow/example_dags/example_branch_labels.py for tasks to queue
[2023-07-18T19:11:17.553+0000] {logging_mixin.py:150} INFO - [2023-07-18T19:11:17.552+0000] {dagbag.py:541} INFO - Filling up the DagBag from /home/airflow/.local/lib/python3.7/site-packages/airflow/example_dags/example_branch_labels.py
[2023-07-18T19:11:17.562+0000] {processor.py:836} INFO - DAG(s) dict_keys(['example_branch_labels']) retrieved from /home/airflow/.local/lib/python3.7/site-packages/airflow/example_dags/example_branch_labels.py
[2023-07-18T19:11:17.621+0000] {logging_mixin.py:150} INFO - [2023-07-18T19:11:17.621+0000] {dag.py:2742} INFO - Sync 1 DAGs
[2023-07-18T19:11:17.648+0000] {logging_mixin.py:150} INFO - [2023-07-18T19:11:17.648+0000] {dag.py:3508} INFO - Setting next_dagrun for example_branch_labels to 2023-07-17T00:00:00+00:00, run_after=2023-07-18T00:00:00+00:00
[2023-07-18T19:11:17.681+0000] {processor.py:179} INFO - Processing /home/airflow/.local/lib/python3.7/site-packages/airflow/example_dags/example_branch_labels.py took 0.141 seconds
[2023-07-18T19:11:51.460+0000] {processor.py:157} INFO - Started process (PID=440) to work on /home/airflow/.local/lib/python3.7/site-packages/airflow/example_dags/example_branch_labels.py
[2023-07-18T19:11:51.464+0000] {processor.py:826} INFO - Processing file /home/airflow/.local/lib/python3.7/site-packages/airflow/example_dags/example_branch_labels.py for tasks to queue
[2023-07-18T19:11:51.466+0000] {logging_mixin.py:150} INFO - [2023-07-18T19:11:51.465+0000] {dagbag.py:541} INFO - Filling up the DagBag from /home/airflow/.local/lib/python3.7/site-packages/airflow/example_dags/example_branch_labels.py
[2023-07-18T19:11:51.479+0000] {processor.py:836} INFO - DAG(s) dict_keys(['example_branch_labels']) retrieved from /home/airflow/.local/lib/python3.7/site-packages/airflow/example_dags/example_branch_labels.py
[2023-07-18T19:11:51.536+0000] {logging_mixin.py:150} INFO - [2023-07-18T19:11:51.535+0000] {dag.py:2742} INFO - Sync 1 DAGs
[2023-07-18T19:11:51.602+0000] {logging_mixin.py:150} INFO - [2023-07-18T19:11:51.601+0000] {dag.py:3508} INFO - Setting next_dagrun for example_branch_labels to 2023-07-17T00:00:00+00:00, run_after=2023-07-18T00:00:00+00:00
[2023-07-18T19:11:51.651+0000] {processor.py:179} INFO - Processing /home/airflow/.local/lib/python3.7/site-packages/airflow/example_dags/example_branch_labels.py took 0.197 seconds
[2023-07-18T19:12:56.236+0000] {processor.py:157} INFO - Started process (PID=509) to work on /home/airflow/.local/lib/python3.7/site-packages/airflow/example_dags/example_branch_labels.py
[2023-07-18T19:12:56.336+0000] {processor.py:826} INFO - Processing file /home/airflow/.local/lib/python3.7/site-packages/airflow/example_dags/example_branch_labels.py for tasks to queue
[2023-07-18T19:12:56.369+0000] {logging_mixin.py:150} INFO - [2023-07-18T19:12:56.368+0000] {dagbag.py:541} INFO - Filling up the DagBag from /home/airflow/.local/lib/python3.7/site-packages/airflow/example_dags/example_branch_labels.py
[2023-07-18T19:12:56.520+0000] {processor.py:836} INFO - DAG(s) dict_keys(['example_branch_labels']) retrieved from /home/airflow/.local/lib/python3.7/site-packages/airflow/example_dags/example_branch_labels.py
[2023-07-18T19:12:57.373+0000] {logging_mixin.py:150} INFO - [2023-07-18T19:12:57.372+0000] {dag.py:2742} INFO - Sync 1 DAGs
[2023-07-18T19:12:57.760+0000] {logging_mixin.py:150} INFO - [2023-07-18T19:12:57.760+0000] {dag.py:3508} INFO - Setting next_dagrun for example_branch_labels to 2023-07-17T00:00:00+00:00, run_after=2023-07-18T00:00:00+00:00
[2023-07-18T19:12:59.142+0000] {processor.py:179} INFO - Processing /home/airflow/.local/lib/python3.7/site-packages/airflow/example_dags/example_branch_labels.py took 2.901 seconds
[2023-07-18T19:15:53.508+0000] {processor.py:157} INFO - Started process (PID=579) to work on /home/airflow/.local/lib/python3.7/site-packages/airflow/example_dags/example_branch_labels.py
[2023-07-18T19:15:53.516+0000] {processor.py:826} INFO - Processing file /home/airflow/.local/lib/python3.7/site-packages/airflow/example_dags/example_branch_labels.py for tasks to queue
[2023-07-18T19:15:53.522+0000] {logging_mixin.py:150} INFO - [2023-07-18T19:15:53.522+0000] {dagbag.py:541} INFO - Filling up the DagBag from /home/airflow/.local/lib/python3.7/site-packages/airflow/example_dags/example_branch_labels.py
[2023-07-18T19:15:53.773+0000] {processor.py:836} INFO - DAG(s) dict_keys(['example_branch_labels']) retrieved from /home/airflow/.local/lib/python3.7/site-packages/airflow/example_dags/example_branch_labels.py
[2023-07-18T19:15:54.050+0000] {logging_mixin.py:150} INFO - [2023-07-18T19:15:54.048+0000] {dag.py:2742} INFO - Sync 1 DAGs
[2023-07-18T19:15:54.346+0000] {logging_mixin.py:150} INFO - [2023-07-18T19:15:54.342+0000] {dag.py:3508} INFO - Setting next_dagrun for example_branch_labels to 2023-07-17T00:00:00+00:00, run_after=2023-07-18T00:00:00+00:00
[2023-07-18T19:15:54.778+0000] {processor.py:179} INFO - Processing /home/airflow/.local/lib/python3.7/site-packages/airflow/example_dags/example_branch_labels.py took 1.309 seconds
[2023-07-18T19:20:10.441+0000] {processor.py:157} INFO - Started process (PID=666) to work on /home/airflow/.local/lib/python3.7/site-packages/airflow/example_dags/example_branch_labels.py
[2023-07-18T19:20:10.656+0000] {processor.py:826} INFO - Processing file /home/airflow/.local/lib/python3.7/site-packages/airflow/example_dags/example_branch_labels.py for tasks to queue
[2023-07-18T19:20:10.762+0000] {logging_mixin.py:150} INFO - [2023-07-18T19:20:10.747+0000] {dagbag.py:541} INFO - Filling up the DagBag from /home/airflow/.local/lib/python3.7/site-packages/airflow/example_dags/example_branch_labels.py
[2023-07-18T19:20:11.192+0000] {processor.py:836} INFO - DAG(s) dict_keys(['example_branch_labels']) retrieved from /home/airflow/.local/lib/python3.7/site-packages/airflow/example_dags/example_branch_labels.py
[2023-07-18T19:20:23.696+0000] {logging_mixin.py:150} INFO - [2023-07-18T19:20:23.627+0000] {dag.py:2742} INFO - Sync 1 DAGs
[2023-07-18T19:20:25.381+0000] {logging_mixin.py:150} INFO - [2023-07-18T19:20:25.075+0000] {dag.py:3508} INFO - Setting next_dagrun for example_branch_labels to 2023-07-17T00:00:00+00:00, run_after=2023-07-18T00:00:00+00:00
[2023-07-18T19:20:25.646+0000] {processor.py:179} INFO - Processing /home/airflow/.local/lib/python3.7/site-packages/airflow/example_dags/example_branch_labels.py took 15.252 seconds
