[2023-07-18T19:05:45.058+0000] {processor.py:157} INFO - Started process (PID=52) to work on /home/airflow/.local/lib/python3.7/site-packages/airflow/example_dags/example_bash_operator.py
[2023-07-18T19:05:45.061+0000] {processor.py:826} INFO - Processing file /home/airflow/.local/lib/python3.7/site-packages/airflow/example_dags/example_bash_operator.py for tasks to queue
[2023-07-18T19:05:45.064+0000] {logging_mixin.py:150} INFO - [2023-07-18T19:05:45.064+0000] {dagbag.py:541} INFO - Filling up the DagBag from /home/airflow/.local/lib/python3.7/site-packages/airflow/example_dags/example_bash_operator.py
[2023-07-18T19:05:45.101+0000] {processor.py:836} INFO - DAG(s) dict_keys(['example_bash_operator']) retrieved from /home/airflow/.local/lib/python3.7/site-packages/airflow/example_dags/example_bash_operator.py
[2023-07-18T19:05:45.431+0000] {logging_mixin.py:150} INFO - [2023-07-18T19:05:45.430+0000] {dag.py:2742} INFO - Sync 1 DAGs
[2023-07-18T19:05:45.602+0000] {logging_mixin.py:150} INFO - [2023-07-18T19:05:45.601+0000] {dag.py:3508} INFO - Setting next_dagrun for example_bash_operator to 2023-07-17T00:00:00+00:00, run_after=2023-07-18T00:00:00+00:00
[2023-07-18T19:05:45.666+0000] {processor.py:179} INFO - Processing /home/airflow/.local/lib/python3.7/site-packages/airflow/example_dags/example_bash_operator.py took 0.613 seconds
[2023-07-18T19:06:15.908+0000] {processor.py:157} INFO - Started process (PID=114) to work on /home/airflow/.local/lib/python3.7/site-packages/airflow/example_dags/example_bash_operator.py
[2023-07-18T19:06:15.911+0000] {processor.py:826} INFO - Processing file /home/airflow/.local/lib/python3.7/site-packages/airflow/example_dags/example_bash_operator.py for tasks to queue
[2023-07-18T19:06:15.912+0000] {logging_mixin.py:150} INFO - [2023-07-18T19:06:15.911+0000] {dagbag.py:541} INFO - Filling up the DagBag from /home/airflow/.local/lib/python3.7/site-packages/airflow/example_dags/example_bash_operator.py
[2023-07-18T19:06:15.975+0000] {processor.py:836} INFO - DAG(s) dict_keys(['example_bash_operator']) retrieved from /home/airflow/.local/lib/python3.7/site-packages/airflow/example_dags/example_bash_operator.py
[2023-07-18T19:06:16.066+0000] {logging_mixin.py:150} INFO - [2023-07-18T19:06:16.066+0000] {dag.py:2742} INFO - Sync 1 DAGs
[2023-07-18T19:06:16.152+0000] {logging_mixin.py:150} INFO - [2023-07-18T19:06:16.151+0000] {dag.py:3508} INFO - Setting next_dagrun for example_bash_operator to 2023-07-17T00:00:00+00:00, run_after=2023-07-18T00:00:00+00:00
[2023-07-18T19:06:16.195+0000] {processor.py:179} INFO - Processing /home/airflow/.local/lib/python3.7/site-packages/airflow/example_dags/example_bash_operator.py took 0.291 seconds
[2023-07-18T19:07:53.520+0000] {processor.py:157} INFO - Started process (PID=52) to work on /home/airflow/.local/lib/python3.7/site-packages/airflow/example_dags/example_bash_operator.py
[2023-07-18T19:07:53.526+0000] {processor.py:826} INFO - Processing file /home/airflow/.local/lib/python3.7/site-packages/airflow/example_dags/example_bash_operator.py for tasks to queue
[2023-07-18T19:07:53.528+0000] {logging_mixin.py:150} INFO - [2023-07-18T19:07:53.527+0000] {dagbag.py:541} INFO - Filling up the DagBag from /home/airflow/.local/lib/python3.7/site-packages/airflow/example_dags/example_bash_operator.py
[2023-07-18T19:07:53.541+0000] {processor.py:836} INFO - DAG(s) dict_keys(['example_bash_operator']) retrieved from /home/airflow/.local/lib/python3.7/site-packages/airflow/example_dags/example_bash_operator.py
[2023-07-18T19:07:53.696+0000] {logging_mixin.py:150} INFO - [2023-07-18T19:07:53.696+0000] {dag.py:2742} INFO - Sync 1 DAGs
[2023-07-18T19:07:53.718+0000] {logging_mixin.py:150} INFO - [2023-07-18T19:07:53.717+0000] {dag.py:3508} INFO - Setting next_dagrun for example_bash_operator to 2023-07-17T00:00:00+00:00, run_after=2023-07-18T00:00:00+00:00
[2023-07-18T19:07:53.732+0000] {processor.py:179} INFO - Processing /home/airflow/.local/lib/python3.7/site-packages/airflow/example_dags/example_bash_operator.py took 0.215 seconds
[2023-07-18T19:08:28.094+0000] {processor.py:157} INFO - Started process (PID=114) to work on /home/airflow/.local/lib/python3.7/site-packages/airflow/example_dags/example_bash_operator.py
[2023-07-18T19:08:28.101+0000] {processor.py:826} INFO - Processing file /home/airflow/.local/lib/python3.7/site-packages/airflow/example_dags/example_bash_operator.py for tasks to queue
[2023-07-18T19:08:28.103+0000] {logging_mixin.py:150} INFO - [2023-07-18T19:08:28.103+0000] {dagbag.py:541} INFO - Filling up the DagBag from /home/airflow/.local/lib/python3.7/site-packages/airflow/example_dags/example_bash_operator.py
[2023-07-18T19:08:28.153+0000] {processor.py:836} INFO - DAG(s) dict_keys(['example_bash_operator']) retrieved from /home/airflow/.local/lib/python3.7/site-packages/airflow/example_dags/example_bash_operator.py
[2023-07-18T19:08:28.267+0000] {logging_mixin.py:150} INFO - [2023-07-18T19:08:28.266+0000] {dag.py:2742} INFO - Sync 1 DAGs
[2023-07-18T19:08:28.330+0000] {logging_mixin.py:150} INFO - [2023-07-18T19:08:28.329+0000] {dag.py:3508} INFO - Setting next_dagrun for example_bash_operator to 2023-07-17T00:00:00+00:00, run_after=2023-07-18T00:00:00+00:00
[2023-07-18T19:08:28.393+0000] {processor.py:179} INFO - Processing /home/airflow/.local/lib/python3.7/site-packages/airflow/example_dags/example_bash_operator.py took 0.316 seconds
[2023-07-18T19:09:03.494+0000] {processor.py:157} INFO - Started process (PID=177) to work on /home/airflow/.local/lib/python3.7/site-packages/airflow/example_dags/example_bash_operator.py
[2023-07-18T19:09:03.498+0000] {processor.py:826} INFO - Processing file /home/airflow/.local/lib/python3.7/site-packages/airflow/example_dags/example_bash_operator.py for tasks to queue
[2023-07-18T19:09:03.501+0000] {logging_mixin.py:150} INFO - [2023-07-18T19:09:03.500+0000] {dagbag.py:541} INFO - Filling up the DagBag from /home/airflow/.local/lib/python3.7/site-packages/airflow/example_dags/example_bash_operator.py
[2023-07-18T19:09:03.582+0000] {processor.py:836} INFO - DAG(s) dict_keys(['example_bash_operator']) retrieved from /home/airflow/.local/lib/python3.7/site-packages/airflow/example_dags/example_bash_operator.py
[2023-07-18T19:09:03.669+0000] {logging_mixin.py:150} INFO - [2023-07-18T19:09:03.669+0000] {dag.py:2742} INFO - Sync 1 DAGs
[2023-07-18T19:09:03.757+0000] {logging_mixin.py:150} INFO - [2023-07-18T19:09:03.756+0000] {dag.py:3508} INFO - Setting next_dagrun for example_bash_operator to 2023-07-17T00:00:00+00:00, run_after=2023-07-18T00:00:00+00:00
[2023-07-18T19:09:03.852+0000] {processor.py:179} INFO - Processing /home/airflow/.local/lib/python3.7/site-packages/airflow/example_dags/example_bash_operator.py took 0.364 seconds
[2023-07-18T19:10:13.584+0000] {processor.py:157} INFO - Started process (PID=248) to work on /home/airflow/.local/lib/python3.7/site-packages/airflow/example_dags/example_bash_operator.py
[2023-07-18T19:10:13.588+0000] {processor.py:826} INFO - Processing file /home/airflow/.local/lib/python3.7/site-packages/airflow/example_dags/example_bash_operator.py for tasks to queue
[2023-07-18T19:10:13.594+0000] {logging_mixin.py:150} INFO - [2023-07-18T19:10:13.593+0000] {dagbag.py:541} INFO - Filling up the DagBag from /home/airflow/.local/lib/python3.7/site-packages/airflow/example_dags/example_bash_operator.py
[2023-07-18T19:10:13.632+0000] {processor.py:836} INFO - DAG(s) dict_keys(['example_bash_operator']) retrieved from /home/airflow/.local/lib/python3.7/site-packages/airflow/example_dags/example_bash_operator.py
[2023-07-18T19:10:13.744+0000] {logging_mixin.py:150} INFO - [2023-07-18T19:10:13.743+0000] {dag.py:2742} INFO - Sync 1 DAGs
[2023-07-18T19:10:13.803+0000] {logging_mixin.py:150} INFO - [2023-07-18T19:10:13.802+0000] {dag.py:3508} INFO - Setting next_dagrun for example_bash_operator to 2023-07-17T00:00:00+00:00, run_after=2023-07-18T00:00:00+00:00
[2023-07-18T19:10:13.884+0000] {processor.py:179} INFO - Processing /home/airflow/.local/lib/python3.7/site-packages/airflow/example_dags/example_bash_operator.py took 0.307 seconds
[2023-07-18T19:10:44.129+0000] {processor.py:157} INFO - Started process (PID=311) to work on /home/airflow/.local/lib/python3.7/site-packages/airflow/example_dags/example_bash_operator.py
[2023-07-18T19:10:44.132+0000] {processor.py:826} INFO - Processing file /home/airflow/.local/lib/python3.7/site-packages/airflow/example_dags/example_bash_operator.py for tasks to queue
[2023-07-18T19:10:44.133+0000] {logging_mixin.py:150} INFO - [2023-07-18T19:10:44.133+0000] {dagbag.py:541} INFO - Filling up the DagBag from /home/airflow/.local/lib/python3.7/site-packages/airflow/example_dags/example_bash_operator.py
[2023-07-18T19:10:44.145+0000] {processor.py:836} INFO - DAG(s) dict_keys(['example_bash_operator']) retrieved from /home/airflow/.local/lib/python3.7/site-packages/airflow/example_dags/example_bash_operator.py
[2023-07-18T19:10:44.176+0000] {logging_mixin.py:150} INFO - [2023-07-18T19:10:44.176+0000] {dag.py:2742} INFO - Sync 1 DAGs
[2023-07-18T19:10:44.197+0000] {logging_mixin.py:150} INFO - [2023-07-18T19:10:44.196+0000] {dag.py:3508} INFO - Setting next_dagrun for example_bash_operator to 2023-07-17T00:00:00+00:00, run_after=2023-07-18T00:00:00+00:00
[2023-07-18T19:10:44.218+0000] {processor.py:179} INFO - Processing /home/airflow/.local/lib/python3.7/site-packages/airflow/example_dags/example_bash_operator.py took 0.093 seconds
[2023-07-18T19:11:17.525+0000] {processor.py:157} INFO - Started process (PID=377) to work on /home/airflow/.local/lib/python3.7/site-packages/airflow/example_dags/example_bash_operator.py
[2023-07-18T19:11:17.530+0000] {processor.py:826} INFO - Processing file /home/airflow/.local/lib/python3.7/site-packages/airflow/example_dags/example_bash_operator.py for tasks to queue
[2023-07-18T19:11:17.534+0000] {logging_mixin.py:150} INFO - [2023-07-18T19:11:17.533+0000] {dagbag.py:541} INFO - Filling up the DagBag from /home/airflow/.local/lib/python3.7/site-packages/airflow/example_dags/example_bash_operator.py
[2023-07-18T19:11:17.561+0000] {processor.py:836} INFO - DAG(s) dict_keys(['example_bash_operator']) retrieved from /home/airflow/.local/lib/python3.7/site-packages/airflow/example_dags/example_bash_operator.py
[2023-07-18T19:11:17.616+0000] {logging_mixin.py:150} INFO - [2023-07-18T19:11:17.616+0000] {dag.py:2742} INFO - Sync 1 DAGs
[2023-07-18T19:11:17.644+0000] {logging_mixin.py:150} INFO - [2023-07-18T19:11:17.643+0000] {dag.py:3508} INFO - Setting next_dagrun for example_bash_operator to 2023-07-17T00:00:00+00:00, run_after=2023-07-18T00:00:00+00:00
[2023-07-18T19:11:17.678+0000] {processor.py:179} INFO - Processing /home/airflow/.local/lib/python3.7/site-packages/airflow/example_dags/example_bash_operator.py took 0.159 seconds
[2023-07-18T19:11:51.449+0000] {processor.py:157} INFO - Started process (PID=439) to work on /home/airflow/.local/lib/python3.7/site-packages/airflow/example_dags/example_bash_operator.py
[2023-07-18T19:11:51.452+0000] {processor.py:826} INFO - Processing file /home/airflow/.local/lib/python3.7/site-packages/airflow/example_dags/example_bash_operator.py for tasks to queue
[2023-07-18T19:11:51.454+0000] {logging_mixin.py:150} INFO - [2023-07-18T19:11:51.453+0000] {dagbag.py:541} INFO - Filling up the DagBag from /home/airflow/.local/lib/python3.7/site-packages/airflow/example_dags/example_bash_operator.py
[2023-07-18T19:11:51.488+0000] {processor.py:836} INFO - DAG(s) dict_keys(['example_bash_operator']) retrieved from /home/airflow/.local/lib/python3.7/site-packages/airflow/example_dags/example_bash_operator.py
[2023-07-18T19:11:51.548+0000] {logging_mixin.py:150} INFO - [2023-07-18T19:11:51.548+0000] {dag.py:2742} INFO - Sync 1 DAGs
[2023-07-18T19:11:51.610+0000] {logging_mixin.py:150} INFO - [2023-07-18T19:11:51.609+0000] {dag.py:3508} INFO - Setting next_dagrun for example_bash_operator to 2023-07-17T00:00:00+00:00, run_after=2023-07-18T00:00:00+00:00
[2023-07-18T19:11:51.672+0000] {processor.py:179} INFO - Processing /home/airflow/.local/lib/python3.7/site-packages/airflow/example_dags/example_bash_operator.py took 0.228 seconds
[2023-07-18T19:12:55.926+0000] {processor.py:157} INFO - Started process (PID=508) to work on /home/airflow/.local/lib/python3.7/site-packages/airflow/example_dags/example_bash_operator.py
[2023-07-18T19:12:55.973+0000] {processor.py:826} INFO - Processing file /home/airflow/.local/lib/python3.7/site-packages/airflow/example_dags/example_bash_operator.py for tasks to queue
[2023-07-18T19:12:55.989+0000] {logging_mixin.py:150} INFO - [2023-07-18T19:12:55.982+0000] {dagbag.py:541} INFO - Filling up the DagBag from /home/airflow/.local/lib/python3.7/site-packages/airflow/example_dags/example_bash_operator.py
[2023-07-18T19:12:56.253+0000] {processor.py:836} INFO - DAG(s) dict_keys(['example_bash_operator']) retrieved from /home/airflow/.local/lib/python3.7/site-packages/airflow/example_dags/example_bash_operator.py
[2023-07-18T19:12:57.206+0000] {logging_mixin.py:150} INFO - [2023-07-18T19:12:57.163+0000] {dag.py:2742} INFO - Sync 1 DAGs
[2023-07-18T19:12:57.838+0000] {logging_mixin.py:150} INFO - [2023-07-18T19:12:57.811+0000] {dag.py:3508} INFO - Setting next_dagrun for example_bash_operator to 2023-07-17T00:00:00+00:00, run_after=2023-07-18T00:00:00+00:00
[2023-07-18T19:12:58.978+0000] {processor.py:179} INFO - Processing /home/airflow/.local/lib/python3.7/site-packages/airflow/example_dags/example_bash_operator.py took 3.372 seconds
[2023-07-18T19:15:53.385+0000] {processor.py:157} INFO - Started process (PID=578) to work on /home/airflow/.local/lib/python3.7/site-packages/airflow/example_dags/example_bash_operator.py
[2023-07-18T19:15:53.412+0000] {processor.py:826} INFO - Processing file /home/airflow/.local/lib/python3.7/site-packages/airflow/example_dags/example_bash_operator.py for tasks to queue
[2023-07-18T19:15:53.422+0000] {logging_mixin.py:150} INFO - [2023-07-18T19:15:53.421+0000] {dagbag.py:541} INFO - Filling up the DagBag from /home/airflow/.local/lib/python3.7/site-packages/airflow/example_dags/example_bash_operator.py
[2023-07-18T19:15:53.883+0000] {processor.py:836} INFO - DAG(s) dict_keys(['example_bash_operator']) retrieved from /home/airflow/.local/lib/python3.7/site-packages/airflow/example_dags/example_bash_operator.py
[2023-07-18T19:15:54.434+0000] {logging_mixin.py:150} INFO - [2023-07-18T19:15:54.392+0000] {dag.py:2742} INFO - Sync 1 DAGs
[2023-07-18T19:15:55.687+0000] {logging_mixin.py:150} INFO - [2023-07-18T19:15:55.650+0000] {dag.py:3508} INFO - Setting next_dagrun for example_bash_operator to 2023-07-17T00:00:00+00:00, run_after=2023-07-18T00:00:00+00:00
[2023-07-18T19:15:56.387+0000] {processor.py:179} INFO - Processing /home/airflow/.local/lib/python3.7/site-packages/airflow/example_dags/example_bash_operator.py took 3.149 seconds
[2023-07-18T19:20:08.269+0000] {processor.py:157} INFO - Started process (PID=665) to work on /home/airflow/.local/lib/python3.7/site-packages/airflow/example_dags/example_bash_operator.py
[2023-07-18T19:20:08.551+0000] {processor.py:826} INFO - Processing file /home/airflow/.local/lib/python3.7/site-packages/airflow/example_dags/example_bash_operator.py for tasks to queue
[2023-07-18T19:20:08.695+0000] {logging_mixin.py:150} INFO - [2023-07-18T19:20:08.649+0000] {dagbag.py:541} INFO - Filling up the DagBag from /home/airflow/.local/lib/python3.7/site-packages/airflow/example_dags/example_bash_operator.py
[2023-07-18T19:20:11.201+0000] {processor.py:836} INFO - DAG(s) dict_keys(['example_bash_operator']) retrieved from /home/airflow/.local/lib/python3.7/site-packages/airflow/example_dags/example_bash_operator.py
[2023-07-18T19:20:23.692+0000] {logging_mixin.py:150} INFO - [2023-07-18T19:20:23.680+0000] {dag.py:2742} INFO - Sync 1 DAGs
[2023-07-18T19:20:25.384+0000] {logging_mixin.py:150} INFO - [2023-07-18T19:20:25.041+0000] {dag.py:3508} INFO - Setting next_dagrun for example_bash_operator to 2023-07-17T00:00:00+00:00, run_after=2023-07-18T00:00:00+00:00
[2023-07-18T19:20:25.655+0000] {processor.py:179} INFO - Processing /home/airflow/.local/lib/python3.7/site-packages/airflow/example_dags/example_bash_operator.py took 18.607 seconds
