[2023-07-18T19:05:55.861+0000] {processor.py:157} INFO - Started process (PID=74) to work on /home/airflow/.local/lib/python3.7/site-packages/airflow/example_dags/example_trigger_target_dag.py
[2023-07-18T19:05:55.863+0000] {processor.py:826} INFO - Processing file /home/airflow/.local/lib/python3.7/site-packages/airflow/example_dags/example_trigger_target_dag.py for tasks to queue
[2023-07-18T19:05:55.865+0000] {logging_mixin.py:150} INFO - [2023-07-18T19:05:55.865+0000] {dagbag.py:541} INFO - Filling up the DagBag from /home/airflow/.local/lib/python3.7/site-packages/airflow/example_dags/example_trigger_target_dag.py
[2023-07-18T19:05:55.882+0000] {processor.py:836} INFO - DAG(s) dict_keys(['example_trigger_target_dag']) retrieved from /home/airflow/.local/lib/python3.7/site-packages/airflow/example_dags/example_trigger_target_dag.py
[2023-07-18T19:05:56.007+0000] {logging_mixin.py:150} INFO - [2023-07-18T19:05:56.007+0000] {dag.py:2742} INFO - Sync 1 DAGs
[2023-07-18T19:05:56.100+0000] {logging_mixin.py:150} INFO - [2023-07-18T19:05:56.100+0000] {dag.py:3508} INFO - Setting next_dagrun for example_trigger_target_dag to None, run_after=None
[2023-07-18T19:05:56.204+0000] {processor.py:179} INFO - Processing /home/airflow/.local/lib/python3.7/site-packages/airflow/example_dags/example_trigger_target_dag.py took 0.346 seconds
[2023-07-18T19:06:26.942+0000] {processor.py:157} INFO - Started process (PID=136) to work on /home/airflow/.local/lib/python3.7/site-packages/airflow/example_dags/example_trigger_target_dag.py
[2023-07-18T19:06:26.955+0000] {processor.py:826} INFO - Processing file /home/airflow/.local/lib/python3.7/site-packages/airflow/example_dags/example_trigger_target_dag.py for tasks to queue
[2023-07-18T19:06:26.956+0000] {logging_mixin.py:150} INFO - [2023-07-18T19:06:26.956+0000] {dagbag.py:541} INFO - Filling up the DagBag from /home/airflow/.local/lib/python3.7/site-packages/airflow/example_dags/example_trigger_target_dag.py
[2023-07-18T19:06:26.965+0000] {processor.py:836} INFO - DAG(s) dict_keys(['example_trigger_target_dag']) retrieved from /home/airflow/.local/lib/python3.7/site-packages/airflow/example_dags/example_trigger_target_dag.py
[2023-07-18T19:06:27.008+0000] {logging_mixin.py:150} INFO - [2023-07-18T19:06:27.008+0000] {dag.py:2742} INFO - Sync 1 DAGs
[2023-07-18T19:06:27.042+0000] {logging_mixin.py:150} INFO - [2023-07-18T19:06:27.042+0000] {dag.py:3508} INFO - Setting next_dagrun for example_trigger_target_dag to None, run_after=None
[2023-07-18T19:06:27.065+0000] {processor.py:179} INFO - Processing /home/airflow/.local/lib/python3.7/site-packages/airflow/example_dags/example_trigger_target_dag.py took 0.150 seconds
[2023-07-18T19:08:01.093+0000] {processor.py:157} INFO - Started process (PID=74) to work on /home/airflow/.local/lib/python3.7/site-packages/airflow/example_dags/example_trigger_target_dag.py
[2023-07-18T19:08:01.101+0000] {processor.py:826} INFO - Processing file /home/airflow/.local/lib/python3.7/site-packages/airflow/example_dags/example_trigger_target_dag.py for tasks to queue
[2023-07-18T19:08:01.108+0000] {logging_mixin.py:150} INFO - [2023-07-18T19:08:01.106+0000] {dagbag.py:541} INFO - Filling up the DagBag from /home/airflow/.local/lib/python3.7/site-packages/airflow/example_dags/example_trigger_target_dag.py
[2023-07-18T19:08:01.157+0000] {processor.py:836} INFO - DAG(s) dict_keys(['example_trigger_target_dag']) retrieved from /home/airflow/.local/lib/python3.7/site-packages/airflow/example_dags/example_trigger_target_dag.py
[2023-07-18T19:08:01.236+0000] {logging_mixin.py:150} INFO - [2023-07-18T19:08:01.236+0000] {dag.py:2742} INFO - Sync 1 DAGs
[2023-07-18T19:08:01.307+0000] {logging_mixin.py:150} INFO - [2023-07-18T19:08:01.306+0000] {dag.py:3508} INFO - Setting next_dagrun for example_trigger_target_dag to None, run_after=None
[2023-07-18T19:08:01.387+0000] {processor.py:179} INFO - Processing /home/airflow/.local/lib/python3.7/site-packages/airflow/example_dags/example_trigger_target_dag.py took 0.314 seconds
[2023-07-18T19:08:34.424+0000] {processor.py:157} INFO - Started process (PID=136) to work on /home/airflow/.local/lib/python3.7/site-packages/airflow/example_dags/example_trigger_target_dag.py
[2023-07-18T19:08:34.429+0000] {processor.py:826} INFO - Processing file /home/airflow/.local/lib/python3.7/site-packages/airflow/example_dags/example_trigger_target_dag.py for tasks to queue
[2023-07-18T19:08:34.431+0000] {logging_mixin.py:150} INFO - [2023-07-18T19:08:34.430+0000] {dagbag.py:541} INFO - Filling up the DagBag from /home/airflow/.local/lib/python3.7/site-packages/airflow/example_dags/example_trigger_target_dag.py
[2023-07-18T19:08:34.449+0000] {processor.py:836} INFO - DAG(s) dict_keys(['example_trigger_target_dag']) retrieved from /home/airflow/.local/lib/python3.7/site-packages/airflow/example_dags/example_trigger_target_dag.py
[2023-07-18T19:08:34.507+0000] {logging_mixin.py:150} INFO - [2023-07-18T19:08:34.507+0000] {dag.py:2742} INFO - Sync 1 DAGs
[2023-07-18T19:08:34.543+0000] {logging_mixin.py:150} INFO - [2023-07-18T19:08:34.543+0000] {dag.py:3508} INFO - Setting next_dagrun for example_trigger_target_dag to None, run_after=None
[2023-07-18T19:08:34.572+0000] {processor.py:179} INFO - Processing /home/airflow/.local/lib/python3.7/site-packages/airflow/example_dags/example_trigger_target_dag.py took 0.153 seconds
[2023-07-18T19:09:39.712+0000] {processor.py:157} INFO - Started process (PID=208) to work on /home/airflow/.local/lib/python3.7/site-packages/airflow/example_dags/example_trigger_target_dag.py
[2023-07-18T19:09:39.756+0000] {processor.py:826} INFO - Processing file /home/airflow/.local/lib/python3.7/site-packages/airflow/example_dags/example_trigger_target_dag.py for tasks to queue
[2023-07-18T19:09:39.778+0000] {logging_mixin.py:150} INFO - [2023-07-18T19:09:39.775+0000] {dagbag.py:541} INFO - Filling up the DagBag from /home/airflow/.local/lib/python3.7/site-packages/airflow/example_dags/example_trigger_target_dag.py
[2023-07-18T19:09:40.002+0000] {processor.py:836} INFO - DAG(s) dict_keys(['example_trigger_target_dag']) retrieved from /home/airflow/.local/lib/python3.7/site-packages/airflow/example_dags/example_trigger_target_dag.py
[2023-07-18T19:09:40.606+0000] {logging_mixin.py:150} INFO - [2023-07-18T19:09:40.605+0000] {dag.py:2742} INFO - Sync 1 DAGs
[2023-07-18T19:09:41.531+0000] {logging_mixin.py:150} INFO - [2023-07-18T19:09:41.518+0000] {dag.py:3508} INFO - Setting next_dagrun for example_trigger_target_dag to None, run_after=None
[2023-07-18T19:09:41.716+0000] {processor.py:179} INFO - Processing /home/airflow/.local/lib/python3.7/site-packages/airflow/example_dags/example_trigger_target_dag.py took 2.134 seconds
[2023-07-18T19:10:23.756+0000] {processor.py:157} INFO - Started process (PID=270) to work on /home/airflow/.local/lib/python3.7/site-packages/airflow/example_dags/example_trigger_target_dag.py
[2023-07-18T19:10:23.779+0000] {processor.py:826} INFO - Processing file /home/airflow/.local/lib/python3.7/site-packages/airflow/example_dags/example_trigger_target_dag.py for tasks to queue
[2023-07-18T19:10:23.790+0000] {logging_mixin.py:150} INFO - [2023-07-18T19:10:23.789+0000] {dagbag.py:541} INFO - Filling up the DagBag from /home/airflow/.local/lib/python3.7/site-packages/airflow/example_dags/example_trigger_target_dag.py
[2023-07-18T19:10:23.830+0000] {processor.py:836} INFO - DAG(s) dict_keys(['example_trigger_target_dag']) retrieved from /home/airflow/.local/lib/python3.7/site-packages/airflow/example_dags/example_trigger_target_dag.py
[2023-07-18T19:10:23.983+0000] {logging_mixin.py:150} INFO - [2023-07-18T19:10:23.982+0000] {dag.py:2742} INFO - Sync 1 DAGs
[2023-07-18T19:10:24.122+0000] {logging_mixin.py:150} INFO - [2023-07-18T19:10:24.121+0000] {dag.py:3508} INFO - Setting next_dagrun for example_trigger_target_dag to None, run_after=None
[2023-07-18T19:10:24.178+0000] {processor.py:179} INFO - Processing /home/airflow/.local/lib/python3.7/site-packages/airflow/example_dags/example_trigger_target_dag.py took 0.438 seconds
[2023-07-18T19:10:56.609+0000] {processor.py:157} INFO - Started process (PID=333) to work on /home/airflow/.local/lib/python3.7/site-packages/airflow/example_dags/example_trigger_target_dag.py
[2023-07-18T19:10:56.620+0000] {processor.py:826} INFO - Processing file /home/airflow/.local/lib/python3.7/site-packages/airflow/example_dags/example_trigger_target_dag.py for tasks to queue
[2023-07-18T19:10:56.623+0000] {logging_mixin.py:150} INFO - [2023-07-18T19:10:56.622+0000] {dagbag.py:541} INFO - Filling up the DagBag from /home/airflow/.local/lib/python3.7/site-packages/airflow/example_dags/example_trigger_target_dag.py
[2023-07-18T19:10:56.691+0000] {processor.py:836} INFO - DAG(s) dict_keys(['example_trigger_target_dag']) retrieved from /home/airflow/.local/lib/python3.7/site-packages/airflow/example_dags/example_trigger_target_dag.py
[2023-07-18T19:10:56.952+0000] {logging_mixin.py:150} INFO - [2023-07-18T19:10:56.951+0000] {dag.py:2742} INFO - Sync 1 DAGs
[2023-07-18T19:10:57.075+0000] {logging_mixin.py:150} INFO - [2023-07-18T19:10:57.075+0000] {dag.py:3508} INFO - Setting next_dagrun for example_trigger_target_dag to None, run_after=None
[2023-07-18T19:10:57.125+0000] {processor.py:179} INFO - Processing /home/airflow/.local/lib/python3.7/site-packages/airflow/example_dags/example_trigger_target_dag.py took 0.634 seconds
[2023-07-18T19:11:37.238+0000] {processor.py:157} INFO - Started process (PID=406) to work on /home/airflow/.local/lib/python3.7/site-packages/airflow/example_dags/example_trigger_target_dag.py
[2023-07-18T19:11:37.249+0000] {processor.py:826} INFO - Processing file /home/airflow/.local/lib/python3.7/site-packages/airflow/example_dags/example_trigger_target_dag.py for tasks to queue
[2023-07-18T19:11:37.255+0000] {logging_mixin.py:150} INFO - [2023-07-18T19:11:37.253+0000] {dagbag.py:541} INFO - Filling up the DagBag from /home/airflow/.local/lib/python3.7/site-packages/airflow/example_dags/example_trigger_target_dag.py
[2023-07-18T19:11:37.541+0000] {processor.py:836} INFO - DAG(s) dict_keys(['example_trigger_target_dag']) retrieved from /home/airflow/.local/lib/python3.7/site-packages/airflow/example_dags/example_trigger_target_dag.py
[2023-07-18T19:11:37.632+0000] {logging_mixin.py:150} INFO - [2023-07-18T19:11:37.631+0000] {dag.py:2742} INFO - Sync 1 DAGs
[2023-07-18T19:11:37.668+0000] {logging_mixin.py:150} INFO - [2023-07-18T19:11:37.668+0000] {dag.py:3508} INFO - Setting next_dagrun for example_trigger_target_dag to None, run_after=None
[2023-07-18T19:11:37.704+0000] {processor.py:179} INFO - Processing /home/airflow/.local/lib/python3.7/site-packages/airflow/example_dags/example_trigger_target_dag.py took 0.530 seconds
[2023-07-18T19:12:45.338+0000] {processor.py:157} INFO - Started process (PID=491) to work on /home/airflow/.local/lib/python3.7/site-packages/airflow/example_dags/example_trigger_target_dag.py
[2023-07-18T19:12:45.341+0000] {processor.py:826} INFO - Processing file /home/airflow/.local/lib/python3.7/site-packages/airflow/example_dags/example_trigger_target_dag.py for tasks to queue
[2023-07-18T19:12:45.358+0000] {logging_mixin.py:150} INFO - [2023-07-18T19:12:45.348+0000] {dagbag.py:541} INFO - Filling up the DagBag from /home/airflow/.local/lib/python3.7/site-packages/airflow/example_dags/example_trigger_target_dag.py
[2023-07-18T19:12:45.381+0000] {processor.py:836} INFO - DAG(s) dict_keys(['example_trigger_target_dag']) retrieved from /home/airflow/.local/lib/python3.7/site-packages/airflow/example_dags/example_trigger_target_dag.py
[2023-07-18T19:12:45.486+0000] {logging_mixin.py:150} INFO - [2023-07-18T19:12:45.485+0000] {dag.py:2742} INFO - Sync 1 DAGs
[2023-07-18T19:12:45.550+0000] {logging_mixin.py:150} INFO - [2023-07-18T19:12:45.549+0000] {dag.py:3508} INFO - Setting next_dagrun for example_trigger_target_dag to None, run_after=None
[2023-07-18T19:12:45.758+0000] {processor.py:179} INFO - Processing /home/airflow/.local/lib/python3.7/site-packages/airflow/example_dags/example_trigger_target_dag.py took 0.425 seconds
[2023-07-18T19:17:27.144+0000] {processor.py:157} INFO - Started process (PID=604) to work on /home/airflow/.local/lib/python3.7/site-packages/airflow/example_dags/example_trigger_target_dag.py
[2023-07-18T19:17:27.154+0000] {processor.py:826} INFO - Processing file /home/airflow/.local/lib/python3.7/site-packages/airflow/example_dags/example_trigger_target_dag.py for tasks to queue
[2023-07-18T19:17:27.160+0000] {logging_mixin.py:150} INFO - [2023-07-18T19:17:27.159+0000] {dagbag.py:541} INFO - Filling up the DagBag from /home/airflow/.local/lib/python3.7/site-packages/airflow/example_dags/example_trigger_target_dag.py
[2023-07-18T19:17:27.443+0000] {processor.py:836} INFO - DAG(s) dict_keys(['example_trigger_target_dag']) retrieved from /home/airflow/.local/lib/python3.7/site-packages/airflow/example_dags/example_trigger_target_dag.py
[2023-07-18T19:17:28.361+0000] {logging_mixin.py:150} INFO - [2023-07-18T19:17:28.324+0000] {dag.py:2742} INFO - Sync 1 DAGs
[2023-07-18T19:17:29.283+0000] {logging_mixin.py:150} INFO - [2023-07-18T19:17:29.269+0000] {dag.py:3508} INFO - Setting next_dagrun for example_trigger_target_dag to None, run_after=None
[2023-07-18T19:17:29.609+0000] {processor.py:179} INFO - Processing /home/airflow/.local/lib/python3.7/site-packages/airflow/example_dags/example_trigger_target_dag.py took 2.512 seconds
