[2023-07-18T19:05:55.418+0000] {processor.py:157} INFO - Started process (PID=71) to work on /home/airflow/.local/lib/python3.7/site-packages/airflow/example_dags/example_branch_python_dop_operator_3.py
[2023-07-18T19:05:55.422+0000] {processor.py:826} INFO - Processing file /home/airflow/.local/lib/python3.7/site-packages/airflow/example_dags/example_branch_python_dop_operator_3.py for tasks to queue
[2023-07-18T19:05:55.430+0000] {logging_mixin.py:150} INFO - [2023-07-18T19:05:55.429+0000] {dagbag.py:541} INFO - Filling up the DagBag from /home/airflow/.local/lib/python3.7/site-packages/airflow/example_dags/example_branch_python_dop_operator_3.py
[2023-07-18T19:05:55.473+0000] {processor.py:836} INFO - DAG(s) dict_keys(['example_branch_dop_operator_v3']) retrieved from /home/airflow/.local/lib/python3.7/site-packages/airflow/example_dags/example_branch_python_dop_operator_3.py
[2023-07-18T19:05:55.539+0000] {logging_mixin.py:150} INFO - [2023-07-18T19:05:55.539+0000] {dag.py:2742} INFO - Sync 1 DAGs
[2023-07-18T19:05:55.570+0000] {logging_mixin.py:150} INFO - [2023-07-18T19:05:55.570+0000] {dag.py:3508} INFO - Setting next_dagrun for example_branch_dop_operator_v3 to 2023-07-18T19:04:00+00:00, run_after=2023-07-18T19:05:00+00:00
[2023-07-18T19:05:55.602+0000] {processor.py:179} INFO - Processing /home/airflow/.local/lib/python3.7/site-packages/airflow/example_dags/example_branch_python_dop_operator_3.py took 0.191 seconds
[2023-07-18T19:06:26.616+0000] {processor.py:157} INFO - Started process (PID=133) to work on /home/airflow/.local/lib/python3.7/site-packages/airflow/example_dags/example_branch_python_dop_operator_3.py
[2023-07-18T19:06:26.620+0000] {processor.py:826} INFO - Processing file /home/airflow/.local/lib/python3.7/site-packages/airflow/example_dags/example_branch_python_dop_operator_3.py for tasks to queue
[2023-07-18T19:06:26.624+0000] {logging_mixin.py:150} INFO - [2023-07-18T19:06:26.623+0000] {dagbag.py:541} INFO - Filling up the DagBag from /home/airflow/.local/lib/python3.7/site-packages/airflow/example_dags/example_branch_python_dop_operator_3.py
[2023-07-18T19:06:26.635+0000] {processor.py:836} INFO - DAG(s) dict_keys(['example_branch_dop_operator_v3']) retrieved from /home/airflow/.local/lib/python3.7/site-packages/airflow/example_dags/example_branch_python_dop_operator_3.py
[2023-07-18T19:06:26.677+0000] {logging_mixin.py:150} INFO - [2023-07-18T19:06:26.677+0000] {dag.py:2742} INFO - Sync 1 DAGs
[2023-07-18T19:06:26.727+0000] {logging_mixin.py:150} INFO - [2023-07-18T19:06:26.726+0000] {dag.py:3508} INFO - Setting next_dagrun for example_branch_dop_operator_v3 to 2023-07-18T19:05:00+00:00, run_after=2023-07-18T19:06:00+00:00
[2023-07-18T19:06:26.791+0000] {processor.py:179} INFO - Processing /home/airflow/.local/lib/python3.7/site-packages/airflow/example_dags/example_branch_python_dop_operator_3.py took 0.180 seconds
[2023-07-18T19:07:59.846+0000] {processor.py:157} INFO - Started process (PID=71) to work on /home/airflow/.local/lib/python3.7/site-packages/airflow/example_dags/example_branch_python_dop_operator_3.py
[2023-07-18T19:07:59.962+0000] {processor.py:826} INFO - Processing file /home/airflow/.local/lib/python3.7/site-packages/airflow/example_dags/example_branch_python_dop_operator_3.py for tasks to queue
[2023-07-18T19:08:00.032+0000] {logging_mixin.py:150} INFO - [2023-07-18T19:07:59.986+0000] {dagbag.py:541} INFO - Filling up the DagBag from /home/airflow/.local/lib/python3.7/site-packages/airflow/example_dags/example_branch_python_dop_operator_3.py
[2023-07-18T19:08:00.277+0000] {processor.py:836} INFO - DAG(s) dict_keys(['example_branch_dop_operator_v3']) retrieved from /home/airflow/.local/lib/python3.7/site-packages/airflow/example_dags/example_branch_python_dop_operator_3.py
[2023-07-18T19:08:00.490+0000] {logging_mixin.py:150} INFO - [2023-07-18T19:08:00.489+0000] {dag.py:2742} INFO - Sync 1 DAGs
[2023-07-18T19:08:00.625+0000] {logging_mixin.py:150} INFO - [2023-07-18T19:08:00.623+0000] {dag.py:3508} INFO - Setting next_dagrun for example_branch_dop_operator_v3 to 2023-07-18T19:07:00+00:00, run_after=2023-07-18T19:08:00+00:00
[2023-07-18T19:08:00.716+0000] {processor.py:179} INFO - Processing /home/airflow/.local/lib/python3.7/site-packages/airflow/example_dags/example_branch_python_dop_operator_3.py took 1.071 seconds
[2023-07-18T19:08:33.546+0000] {processor.py:157} INFO - Started process (PID=133) to work on /home/airflow/.local/lib/python3.7/site-packages/airflow/example_dags/example_branch_python_dop_operator_3.py
[2023-07-18T19:08:33.550+0000] {processor.py:826} INFO - Processing file /home/airflow/.local/lib/python3.7/site-packages/airflow/example_dags/example_branch_python_dop_operator_3.py for tasks to queue
[2023-07-18T19:08:33.553+0000] {logging_mixin.py:150} INFO - [2023-07-18T19:08:33.552+0000] {dagbag.py:541} INFO - Filling up the DagBag from /home/airflow/.local/lib/python3.7/site-packages/airflow/example_dags/example_branch_python_dop_operator_3.py
[2023-07-18T19:08:33.604+0000] {processor.py:836} INFO - DAG(s) dict_keys(['example_branch_dop_operator_v3']) retrieved from /home/airflow/.local/lib/python3.7/site-packages/airflow/example_dags/example_branch_python_dop_operator_3.py
[2023-07-18T19:08:33.749+0000] {logging_mixin.py:150} INFO - [2023-07-18T19:08:33.748+0000] {dag.py:2742} INFO - Sync 1 DAGs
[2023-07-18T19:08:33.851+0000] {logging_mixin.py:150} INFO - [2023-07-18T19:08:33.850+0000] {dag.py:3508} INFO - Setting next_dagrun for example_branch_dop_operator_v3 to 2023-07-18T19:07:00+00:00, run_after=2023-07-18T19:08:00+00:00
[2023-07-18T19:08:33.897+0000] {processor.py:179} INFO - Processing /home/airflow/.local/lib/python3.7/site-packages/airflow/example_dags/example_branch_python_dop_operator_3.py took 0.360 seconds
[2023-07-18T19:09:22.192+0000] {processor.py:157} INFO - Started process (PID=205) to work on /home/airflow/.local/lib/python3.7/site-packages/airflow/example_dags/example_branch_python_dop_operator_3.py
[2023-07-18T19:09:22.206+0000] {processor.py:826} INFO - Processing file /home/airflow/.local/lib/python3.7/site-packages/airflow/example_dags/example_branch_python_dop_operator_3.py for tasks to queue
[2023-07-18T19:09:22.212+0000] {logging_mixin.py:150} INFO - [2023-07-18T19:09:22.211+0000] {dagbag.py:541} INFO - Filling up the DagBag from /home/airflow/.local/lib/python3.7/site-packages/airflow/example_dags/example_branch_python_dop_operator_3.py
[2023-07-18T19:09:22.274+0000] {processor.py:836} INFO - DAG(s) dict_keys(['example_branch_dop_operator_v3']) retrieved from /home/airflow/.local/lib/python3.7/site-packages/airflow/example_dags/example_branch_python_dop_operator_3.py
[2023-07-18T19:09:29.497+0000] {logging_mixin.py:150} INFO - [2023-07-18T19:09:29.445+0000] {dag.py:2742} INFO - Sync 1 DAGs
[2023-07-18T19:09:34.232+0000] {logging_mixin.py:150} INFO - [2023-07-18T19:09:33.900+0000] {dag.py:3508} INFO - Setting next_dagrun for example_branch_dop_operator_v3 to 2023-07-18T19:08:00+00:00, run_after=2023-07-18T19:09:00+00:00
[2023-07-18T19:09:38.030+0000] {processor.py:179} INFO - Processing /home/airflow/.local/lib/python3.7/site-packages/airflow/example_dags/example_branch_python_dop_operator_3.py took 15.839 seconds
[2023-07-18T19:10:22.246+0000] {processor.py:157} INFO - Started process (PID=267) to work on /home/airflow/.local/lib/python3.7/site-packages/airflow/example_dags/example_branch_python_dop_operator_3.py
[2023-07-18T19:10:22.250+0000] {processor.py:826} INFO - Processing file /home/airflow/.local/lib/python3.7/site-packages/airflow/example_dags/example_branch_python_dop_operator_3.py for tasks to queue
[2023-07-18T19:10:22.261+0000] {logging_mixin.py:150} INFO - [2023-07-18T19:10:22.260+0000] {dagbag.py:541} INFO - Filling up the DagBag from /home/airflow/.local/lib/python3.7/site-packages/airflow/example_dags/example_branch_python_dop_operator_3.py
[2023-07-18T19:10:22.312+0000] {processor.py:836} INFO - DAG(s) dict_keys(['example_branch_dop_operator_v3']) retrieved from /home/airflow/.local/lib/python3.7/site-packages/airflow/example_dags/example_branch_python_dop_operator_3.py
[2023-07-18T19:10:22.375+0000] {logging_mixin.py:150} INFO - [2023-07-18T19:10:22.375+0000] {dag.py:2742} INFO - Sync 1 DAGs
[2023-07-18T19:10:22.543+0000] {logging_mixin.py:150} INFO - [2023-07-18T19:10:22.543+0000] {dag.py:3508} INFO - Setting next_dagrun for example_branch_dop_operator_v3 to 2023-07-18T19:09:00+00:00, run_after=2023-07-18T19:10:00+00:00
[2023-07-18T19:10:22.641+0000] {processor.py:179} INFO - Processing /home/airflow/.local/lib/python3.7/site-packages/airflow/example_dags/example_branch_python_dop_operator_3.py took 0.399 seconds
[2023-07-18T19:10:54.032+0000] {processor.py:157} INFO - Started process (PID=330) to work on /home/airflow/.local/lib/python3.7/site-packages/airflow/example_dags/example_branch_python_dop_operator_3.py
[2023-07-18T19:10:54.036+0000] {processor.py:826} INFO - Processing file /home/airflow/.local/lib/python3.7/site-packages/airflow/example_dags/example_branch_python_dop_operator_3.py for tasks to queue
[2023-07-18T19:10:54.039+0000] {logging_mixin.py:150} INFO - [2023-07-18T19:10:54.038+0000] {dagbag.py:541} INFO - Filling up the DagBag from /home/airflow/.local/lib/python3.7/site-packages/airflow/example_dags/example_branch_python_dop_operator_3.py
[2023-07-18T19:10:54.061+0000] {processor.py:836} INFO - DAG(s) dict_keys(['example_branch_dop_operator_v3']) retrieved from /home/airflow/.local/lib/python3.7/site-packages/airflow/example_dags/example_branch_python_dop_operator_3.py
[2023-07-18T19:10:54.185+0000] {logging_mixin.py:150} INFO - [2023-07-18T19:10:54.185+0000] {dag.py:2742} INFO - Sync 1 DAGs
[2023-07-18T19:10:54.244+0000] {logging_mixin.py:150} INFO - [2023-07-18T19:10:54.244+0000] {dag.py:3508} INFO - Setting next_dagrun for example_branch_dop_operator_v3 to 2023-07-18T19:09:00+00:00, run_after=2023-07-18T19:10:00+00:00
[2023-07-18T19:10:54.271+0000] {processor.py:179} INFO - Processing /home/airflow/.local/lib/python3.7/site-packages/airflow/example_dags/example_branch_python_dop_operator_3.py took 0.247 seconds
[2023-07-18T19:11:36.549+0000] {processor.py:157} INFO - Started process (PID=403) to work on /home/airflow/.local/lib/python3.7/site-packages/airflow/example_dags/example_branch_python_dop_operator_3.py
[2023-07-18T19:11:36.553+0000] {processor.py:826} INFO - Processing file /home/airflow/.local/lib/python3.7/site-packages/airflow/example_dags/example_branch_python_dop_operator_3.py for tasks to queue
[2023-07-18T19:11:36.564+0000] {logging_mixin.py:150} INFO - [2023-07-18T19:11:36.559+0000] {dagbag.py:541} INFO - Filling up the DagBag from /home/airflow/.local/lib/python3.7/site-packages/airflow/example_dags/example_branch_python_dop_operator_3.py
[2023-07-18T19:11:36.621+0000] {processor.py:836} INFO - DAG(s) dict_keys(['example_branch_dop_operator_v3']) retrieved from /home/airflow/.local/lib/python3.7/site-packages/airflow/example_dags/example_branch_python_dop_operator_3.py
[2023-07-18T19:11:36.800+0000] {logging_mixin.py:150} INFO - [2023-07-18T19:11:36.799+0000] {dag.py:2742} INFO - Sync 1 DAGs
[2023-07-18T19:11:36.867+0000] {logging_mixin.py:150} INFO - [2023-07-18T19:11:36.867+0000] {dag.py:3508} INFO - Setting next_dagrun for example_branch_dop_operator_v3 to 2023-07-18T19:10:00+00:00, run_after=2023-07-18T19:11:00+00:00
[2023-07-18T19:11:36.987+0000] {processor.py:179} INFO - Processing /home/airflow/.local/lib/python3.7/site-packages/airflow/example_dags/example_branch_python_dop_operator_3.py took 0.447 seconds
[2023-07-18T19:12:44.229+0000] {processor.py:157} INFO - Started process (PID=488) to work on /home/airflow/.local/lib/python3.7/site-packages/airflow/example_dags/example_branch_python_dop_operator_3.py
[2023-07-18T19:12:44.243+0000] {processor.py:826} INFO - Processing file /home/airflow/.local/lib/python3.7/site-packages/airflow/example_dags/example_branch_python_dop_operator_3.py for tasks to queue
[2023-07-18T19:12:44.282+0000] {logging_mixin.py:150} INFO - [2023-07-18T19:12:44.268+0000] {dagbag.py:541} INFO - Filling up the DagBag from /home/airflow/.local/lib/python3.7/site-packages/airflow/example_dags/example_branch_python_dop_operator_3.py
[2023-07-18T19:12:44.345+0000] {processor.py:836} INFO - DAG(s) dict_keys(['example_branch_dop_operator_v3']) retrieved from /home/airflow/.local/lib/python3.7/site-packages/airflow/example_dags/example_branch_python_dop_operator_3.py
[2023-07-18T19:12:44.593+0000] {logging_mixin.py:150} INFO - [2023-07-18T19:12:44.593+0000] {dag.py:2742} INFO - Sync 1 DAGs
[2023-07-18T19:12:44.746+0000] {logging_mixin.py:150} INFO - [2023-07-18T19:12:44.745+0000] {dag.py:3508} INFO - Setting next_dagrun for example_branch_dop_operator_v3 to 2023-07-18T19:11:00+00:00, run_after=2023-07-18T19:12:00+00:00
[2023-07-18T19:12:44.834+0000] {processor.py:179} INFO - Processing /home/airflow/.local/lib/python3.7/site-packages/airflow/example_dags/example_branch_python_dop_operator_3.py took 0.665 seconds
[2023-07-18T19:17:24.491+0000] {processor.py:157} INFO - Started process (PID=601) to work on /home/airflow/.local/lib/python3.7/site-packages/airflow/example_dags/example_branch_python_dop_operator_3.py
[2023-07-18T19:17:24.500+0000] {processor.py:826} INFO - Processing file /home/airflow/.local/lib/python3.7/site-packages/airflow/example_dags/example_branch_python_dop_operator_3.py for tasks to queue
[2023-07-18T19:17:24.510+0000] {logging_mixin.py:150} INFO - [2023-07-18T19:17:24.508+0000] {dagbag.py:541} INFO - Filling up the DagBag from /home/airflow/.local/lib/python3.7/site-packages/airflow/example_dags/example_branch_python_dop_operator_3.py
[2023-07-18T19:17:24.595+0000] {processor.py:836} INFO - DAG(s) dict_keys(['example_branch_dop_operator_v3']) retrieved from /home/airflow/.local/lib/python3.7/site-packages/airflow/example_dags/example_branch_python_dop_operator_3.py
[2023-07-18T19:17:24.761+0000] {logging_mixin.py:150} INFO - [2023-07-18T19:17:24.761+0000] {dag.py:2742} INFO - Sync 1 DAGs
[2023-07-18T19:17:24.863+0000] {logging_mixin.py:150} INFO - [2023-07-18T19:17:24.863+0000] {dag.py:3508} INFO - Setting next_dagrun for example_branch_dop_operator_v3 to 2023-07-18T19:16:00+00:00, run_after=2023-07-18T19:17:00+00:00
[2023-07-18T19:17:24.916+0000] {processor.py:179} INFO - Processing /home/airflow/.local/lib/python3.7/site-packages/airflow/example_dags/example_branch_python_dop_operator_3.py took 0.434 seconds
