[2023-07-18T19:05:40.442+0000] {processor.py:157} INFO - Started process (PID=43) to work on /home/airflow/.local/lib/python3.7/site-packages/airflow/example_dags/example_latest_only.py
[2023-07-18T19:05:40.446+0000] {processor.py:826} INFO - Processing file /home/airflow/.local/lib/python3.7/site-packages/airflow/example_dags/example_latest_only.py for tasks to queue
[2023-07-18T19:05:40.450+0000] {logging_mixin.py:150} INFO - [2023-07-18T19:05:40.449+0000] {dagbag.py:541} INFO - Filling up the DagBag from /home/airflow/.local/lib/python3.7/site-packages/airflow/example_dags/example_latest_only.py
[2023-07-18T19:05:40.468+0000] {processor.py:836} INFO - DAG(s) dict_keys(['latest_only']) retrieved from /home/airflow/.local/lib/python3.7/site-packages/airflow/example_dags/example_latest_only.py
[2023-07-18T19:05:40.538+0000] {logging_mixin.py:150} INFO - [2023-07-18T19:05:40.537+0000] {dag.py:2742} INFO - Sync 1 DAGs
[2023-07-18T19:05:41.048+0000] {logging_mixin.py:150} INFO - [2023-07-18T19:05:41.047+0000] {dag.py:3508} INFO - Setting next_dagrun for latest_only to 2023-07-18T15:05:41.046667+00:00, run_after=2023-07-18T19:05:41.046667+00:00
[2023-07-18T19:05:41.111+0000] {processor.py:179} INFO - Processing /home/airflow/.local/lib/python3.7/site-packages/airflow/example_dags/example_latest_only.py took 0.674 seconds
[2023-07-18T19:06:12.480+0000] {processor.py:157} INFO - Started process (PID=105) to work on /home/airflow/.local/lib/python3.7/site-packages/airflow/example_dags/example_latest_only.py
[2023-07-18T19:06:12.485+0000] {processor.py:826} INFO - Processing file /home/airflow/.local/lib/python3.7/site-packages/airflow/example_dags/example_latest_only.py for tasks to queue
[2023-07-18T19:06:12.498+0000] {logging_mixin.py:150} INFO - [2023-07-18T19:06:12.497+0000] {dagbag.py:541} INFO - Filling up the DagBag from /home/airflow/.local/lib/python3.7/site-packages/airflow/example_dags/example_latest_only.py
[2023-07-18T19:06:12.532+0000] {processor.py:836} INFO - DAG(s) dict_keys(['latest_only']) retrieved from /home/airflow/.local/lib/python3.7/site-packages/airflow/example_dags/example_latest_only.py
[2023-07-18T19:06:12.612+0000] {logging_mixin.py:150} INFO - [2023-07-18T19:06:12.611+0000] {dag.py:2742} INFO - Sync 1 DAGs
[2023-07-18T19:06:12.703+0000] {logging_mixin.py:150} INFO - [2023-07-18T19:06:12.703+0000] {dag.py:3508} INFO - Setting next_dagrun for latest_only to 2023-07-18T15:06:12.702544+00:00, run_after=2023-07-18T19:06:12.702544+00:00
[2023-07-18T19:06:12.788+0000] {processor.py:179} INFO - Processing /home/airflow/.local/lib/python3.7/site-packages/airflow/example_dags/example_latest_only.py took 0.318 seconds
[2023-07-18T19:07:51.016+0000] {processor.py:157} INFO - Started process (PID=43) to work on /home/airflow/.local/lib/python3.7/site-packages/airflow/example_dags/example_latest_only.py
[2023-07-18T19:07:51.020+0000] {processor.py:826} INFO - Processing file /home/airflow/.local/lib/python3.7/site-packages/airflow/example_dags/example_latest_only.py for tasks to queue
[2023-07-18T19:07:51.038+0000] {logging_mixin.py:150} INFO - [2023-07-18T19:07:51.033+0000] {dagbag.py:541} INFO - Filling up the DagBag from /home/airflow/.local/lib/python3.7/site-packages/airflow/example_dags/example_latest_only.py
[2023-07-18T19:07:51.061+0000] {processor.py:836} INFO - DAG(s) dict_keys(['latest_only']) retrieved from /home/airflow/.local/lib/python3.7/site-packages/airflow/example_dags/example_latest_only.py
[2023-07-18T19:07:51.156+0000] {logging_mixin.py:150} INFO - [2023-07-18T19:07:51.155+0000] {dag.py:2742} INFO - Sync 1 DAGs
[2023-07-18T19:07:51.452+0000] {logging_mixin.py:150} INFO - [2023-07-18T19:07:51.452+0000] {dag.py:3508} INFO - Setting next_dagrun for latest_only to 2023-07-18T15:07:51.450599+00:00, run_after=2023-07-18T19:07:51.450599+00:00
[2023-07-18T19:07:51.532+0000] {processor.py:179} INFO - Processing /home/airflow/.local/lib/python3.7/site-packages/airflow/example_dags/example_latest_only.py took 0.522 seconds
[2023-07-18T19:08:26.057+0000] {processor.py:157} INFO - Started process (PID=105) to work on /home/airflow/.local/lib/python3.7/site-packages/airflow/example_dags/example_latest_only.py
[2023-07-18T19:08:26.064+0000] {processor.py:826} INFO - Processing file /home/airflow/.local/lib/python3.7/site-packages/airflow/example_dags/example_latest_only.py for tasks to queue
[2023-07-18T19:08:26.069+0000] {logging_mixin.py:150} INFO - [2023-07-18T19:08:26.068+0000] {dagbag.py:541} INFO - Filling up the DagBag from /home/airflow/.local/lib/python3.7/site-packages/airflow/example_dags/example_latest_only.py
[2023-07-18T19:08:26.127+0000] {processor.py:836} INFO - DAG(s) dict_keys(['latest_only']) retrieved from /home/airflow/.local/lib/python3.7/site-packages/airflow/example_dags/example_latest_only.py
[2023-07-18T19:08:26.247+0000] {logging_mixin.py:150} INFO - [2023-07-18T19:08:26.246+0000] {dag.py:2742} INFO - Sync 1 DAGs
[2023-07-18T19:08:26.340+0000] {logging_mixin.py:150} INFO - [2023-07-18T19:08:26.340+0000] {dag.py:3508} INFO - Setting next_dagrun for latest_only to 2023-07-18T15:08:26.339998+00:00, run_after=2023-07-18T19:08:26.339998+00:00
[2023-07-18T19:08:26.412+0000] {processor.py:179} INFO - Processing /home/airflow/.local/lib/python3.7/site-packages/airflow/example_dags/example_latest_only.py took 0.366 seconds
[2023-07-18T19:08:56.706+0000] {processor.py:157} INFO - Started process (PID=168) to work on /home/airflow/.local/lib/python3.7/site-packages/airflow/example_dags/example_latest_only.py
[2023-07-18T19:08:56.709+0000] {processor.py:826} INFO - Processing file /home/airflow/.local/lib/python3.7/site-packages/airflow/example_dags/example_latest_only.py for tasks to queue
[2023-07-18T19:08:56.710+0000] {logging_mixin.py:150} INFO - [2023-07-18T19:08:56.710+0000] {dagbag.py:541} INFO - Filling up the DagBag from /home/airflow/.local/lib/python3.7/site-packages/airflow/example_dags/example_latest_only.py
[2023-07-18T19:08:56.719+0000] {processor.py:836} INFO - DAG(s) dict_keys(['latest_only']) retrieved from /home/airflow/.local/lib/python3.7/site-packages/airflow/example_dags/example_latest_only.py
[2023-07-18T19:08:56.777+0000] {logging_mixin.py:150} INFO - [2023-07-18T19:08:56.777+0000] {dag.py:2742} INFO - Sync 1 DAGs
[2023-07-18T19:08:56.818+0000] {logging_mixin.py:150} INFO - [2023-07-18T19:08:56.818+0000] {dag.py:3508} INFO - Setting next_dagrun for latest_only to 2023-07-18T15:08:56.812767+00:00, run_after=2023-07-18T19:08:56.812767+00:00
[2023-07-18T19:08:56.869+0000] {processor.py:179} INFO - Processing /home/airflow/.local/lib/python3.7/site-packages/airflow/example_dags/example_latest_only.py took 0.168 seconds
[2023-07-18T19:10:11.329+0000] {processor.py:157} INFO - Started process (PID=239) to work on /home/airflow/.local/lib/python3.7/site-packages/airflow/example_dags/example_latest_only.py
[2023-07-18T19:10:11.333+0000] {processor.py:826} INFO - Processing file /home/airflow/.local/lib/python3.7/site-packages/airflow/example_dags/example_latest_only.py for tasks to queue
[2023-07-18T19:10:11.338+0000] {logging_mixin.py:150} INFO - [2023-07-18T19:10:11.337+0000] {dagbag.py:541} INFO - Filling up the DagBag from /home/airflow/.local/lib/python3.7/site-packages/airflow/example_dags/example_latest_only.py
[2023-07-18T19:10:11.366+0000] {processor.py:836} INFO - DAG(s) dict_keys(['latest_only']) retrieved from /home/airflow/.local/lib/python3.7/site-packages/airflow/example_dags/example_latest_only.py
[2023-07-18T19:10:11.442+0000] {logging_mixin.py:150} INFO - [2023-07-18T19:10:11.441+0000] {dag.py:2742} INFO - Sync 1 DAGs
[2023-07-18T19:10:11.520+0000] {logging_mixin.py:150} INFO - [2023-07-18T19:10:11.519+0000] {dag.py:3508} INFO - Setting next_dagrun for latest_only to 2023-07-18T15:10:11.518960+00:00, run_after=2023-07-18T19:10:11.518960+00:00
[2023-07-18T19:10:11.545+0000] {processor.py:179} INFO - Processing /home/airflow/.local/lib/python3.7/site-packages/airflow/example_dags/example_latest_only.py took 0.231 seconds
[2023-07-18T19:10:42.163+0000] {processor.py:157} INFO - Started process (PID=302) to work on /home/airflow/.local/lib/python3.7/site-packages/airflow/example_dags/example_latest_only.py
[2023-07-18T19:10:42.166+0000] {processor.py:826} INFO - Processing file /home/airflow/.local/lib/python3.7/site-packages/airflow/example_dags/example_latest_only.py for tasks to queue
[2023-07-18T19:10:42.167+0000] {logging_mixin.py:150} INFO - [2023-07-18T19:10:42.167+0000] {dagbag.py:541} INFO - Filling up the DagBag from /home/airflow/.local/lib/python3.7/site-packages/airflow/example_dags/example_latest_only.py
[2023-07-18T19:10:42.175+0000] {processor.py:836} INFO - DAG(s) dict_keys(['latest_only']) retrieved from /home/airflow/.local/lib/python3.7/site-packages/airflow/example_dags/example_latest_only.py
[2023-07-18T19:10:42.217+0000] {logging_mixin.py:150} INFO - [2023-07-18T19:10:42.217+0000] {dag.py:2742} INFO - Sync 1 DAGs
[2023-07-18T19:10:42.242+0000] {logging_mixin.py:150} INFO - [2023-07-18T19:10:42.242+0000] {dag.py:3508} INFO - Setting next_dagrun for latest_only to 2023-07-18T15:10:42.241622+00:00, run_after=2023-07-18T19:10:42.241622+00:00
[2023-07-18T19:10:42.263+0000] {processor.py:179} INFO - Processing /home/airflow/.local/lib/python3.7/site-packages/airflow/example_dags/example_latest_only.py took 0.104 seconds
[2023-07-18T19:11:12.419+0000] {processor.py:157} INFO - Started process (PID=364) to work on /home/airflow/.local/lib/python3.7/site-packages/airflow/example_dags/example_latest_only.py
[2023-07-18T19:11:12.420+0000] {processor.py:826} INFO - Processing file /home/airflow/.local/lib/python3.7/site-packages/airflow/example_dags/example_latest_only.py for tasks to queue
[2023-07-18T19:11:12.433+0000] {logging_mixin.py:150} INFO - [2023-07-18T19:11:12.432+0000] {dagbag.py:541} INFO - Filling up the DagBag from /home/airflow/.local/lib/python3.7/site-packages/airflow/example_dags/example_latest_only.py
[2023-07-18T19:11:12.450+0000] {processor.py:836} INFO - DAG(s) dict_keys(['latest_only']) retrieved from /home/airflow/.local/lib/python3.7/site-packages/airflow/example_dags/example_latest_only.py
[2023-07-18T19:11:12.490+0000] {logging_mixin.py:150} INFO - [2023-07-18T19:11:12.489+0000] {dag.py:2742} INFO - Sync 1 DAGs
[2023-07-18T19:11:12.513+0000] {logging_mixin.py:150} INFO - [2023-07-18T19:11:12.513+0000] {dag.py:3508} INFO - Setting next_dagrun for latest_only to 2023-07-18T15:11:12.513011+00:00, run_after=2023-07-18T19:11:12.513011+00:00
[2023-07-18T19:11:12.553+0000] {processor.py:179} INFO - Processing /home/airflow/.local/lib/python3.7/site-packages/airflow/example_dags/example_latest_only.py took 0.137 seconds
[2023-07-18T19:11:43.584+0000] {processor.py:157} INFO - Started process (PID=430) to work on /home/airflow/.local/lib/python3.7/site-packages/airflow/example_dags/example_latest_only.py
[2023-07-18T19:11:43.596+0000] {processor.py:826} INFO - Processing file /home/airflow/.local/lib/python3.7/site-packages/airflow/example_dags/example_latest_only.py for tasks to queue
[2023-07-18T19:11:43.602+0000] {logging_mixin.py:150} INFO - [2023-07-18T19:11:43.600+0000] {dagbag.py:541} INFO - Filling up the DagBag from /home/airflow/.local/lib/python3.7/site-packages/airflow/example_dags/example_latest_only.py
[2023-07-18T19:11:43.623+0000] {processor.py:836} INFO - DAG(s) dict_keys(['latest_only']) retrieved from /home/airflow/.local/lib/python3.7/site-packages/airflow/example_dags/example_latest_only.py
[2023-07-18T19:11:43.718+0000] {logging_mixin.py:150} INFO - [2023-07-18T19:11:43.717+0000] {dag.py:2742} INFO - Sync 1 DAGs
[2023-07-18T19:11:43.815+0000] {logging_mixin.py:150} INFO - [2023-07-18T19:11:43.815+0000] {dag.py:3508} INFO - Setting next_dagrun for latest_only to 2023-07-18T15:11:43.814820+00:00, run_after=2023-07-18T19:11:43.814820+00:00
[2023-07-18T19:11:43.870+0000] {processor.py:179} INFO - Processing /home/airflow/.local/lib/python3.7/site-packages/airflow/example_dags/example_latest_only.py took 0.290 seconds
[2023-07-18T19:12:39.430+0000] {processor.py:157} INFO - Started process (PID=480) to work on /home/airflow/.local/lib/python3.7/site-packages/airflow/example_dags/example_latest_only.py
[2023-07-18T19:12:39.455+0000] {processor.py:826} INFO - Processing file /home/airflow/.local/lib/python3.7/site-packages/airflow/example_dags/example_latest_only.py for tasks to queue
[2023-07-18T19:12:39.466+0000] {logging_mixin.py:150} INFO - [2023-07-18T19:12:39.465+0000] {dagbag.py:541} INFO - Filling up the DagBag from /home/airflow/.local/lib/python3.7/site-packages/airflow/example_dags/example_latest_only.py
[2023-07-18T19:12:39.506+0000] {processor.py:836} INFO - DAG(s) dict_keys(['latest_only']) retrieved from /home/airflow/.local/lib/python3.7/site-packages/airflow/example_dags/example_latest_only.py
[2023-07-18T19:12:39.705+0000] {logging_mixin.py:150} INFO - [2023-07-18T19:12:39.705+0000] {dag.py:2742} INFO - Sync 1 DAGs
[2023-07-18T19:12:39.961+0000] {logging_mixin.py:150} INFO - [2023-07-18T19:12:39.960+0000] {dag.py:3508} INFO - Setting next_dagrun for latest_only to 2023-07-18T15:12:39.935563+00:00, run_after=2023-07-18T19:12:39.935563+00:00
[2023-07-18T19:12:40.074+0000] {processor.py:179} INFO - Processing /home/airflow/.local/lib/python3.7/site-packages/airflow/example_dags/example_latest_only.py took 0.668 seconds
[2023-07-18T19:15:38.716+0000] {processor.py:157} INFO - Started process (PID=569) to work on /home/airflow/.local/lib/python3.7/site-packages/airflow/example_dags/example_latest_only.py
[2023-07-18T19:15:38.721+0000] {processor.py:826} INFO - Processing file /home/airflow/.local/lib/python3.7/site-packages/airflow/example_dags/example_latest_only.py for tasks to queue
[2023-07-18T19:15:38.726+0000] {logging_mixin.py:150} INFO - [2023-07-18T19:15:38.725+0000] {dagbag.py:541} INFO - Filling up the DagBag from /home/airflow/.local/lib/python3.7/site-packages/airflow/example_dags/example_latest_only.py
[2023-07-18T19:15:38.772+0000] {processor.py:836} INFO - DAG(s) dict_keys(['latest_only']) retrieved from /home/airflow/.local/lib/python3.7/site-packages/airflow/example_dags/example_latest_only.py
[2023-07-18T19:15:41.082+0000] {logging_mixin.py:150} INFO - [2023-07-18T19:15:40.962+0000] {dag.py:2742} INFO - Sync 1 DAGs
[2023-07-18T19:15:42.737+0000] {logging_mixin.py:150} INFO - [2023-07-18T19:15:42.696+0000] {dag.py:3508} INFO - Setting next_dagrun for latest_only to 2023-07-18T15:15:42.669280+00:00, run_after=2023-07-18T19:15:42.669280+00:00
[2023-07-18T19:15:43.499+0000] {processor.py:179} INFO - Processing /home/airflow/.local/lib/python3.7/site-packages/airflow/example_dags/example_latest_only.py took 4.868 seconds
[2023-07-18T19:18:34.942+0000] {processor.py:157} INFO - Started process (PID=641) to work on /home/airflow/.local/lib/python3.7/site-packages/airflow/example_dags/example_latest_only.py
[2023-07-18T19:18:35.445+0000] {processor.py:826} INFO - Processing file /home/airflow/.local/lib/python3.7/site-packages/airflow/example_dags/example_latest_only.py for tasks to queue
[2023-07-18T19:18:35.845+0000] {logging_mixin.py:150} INFO - [2023-07-18T19:18:35.757+0000] {dagbag.py:541} INFO - Filling up the DagBag from /home/airflow/.local/lib/python3.7/site-packages/airflow/example_dags/example_latest_only.py
[2023-07-18T19:18:58.027+0000] {processor.py:836} INFO - DAG(s) dict_keys(['latest_only']) retrieved from /home/airflow/.local/lib/python3.7/site-packages/airflow/example_dags/example_latest_only.py
[2023-07-18T19:19:17.032+0000] {logging_mixin.py:150} INFO - [2023-07-18T19:19:16.912+0000] {dag.py:2742} INFO - Sync 1 DAGs
[2023-07-18T19:19:18.055+0000] {logging_mixin.py:150} INFO - [2023-07-18T19:19:18.052+0000] {dag.py:3508} INFO - Setting next_dagrun for latest_only to 2023-07-18T15:19:17.976852+00:00, run_after=2023-07-18T19:19:17.976852+00:00
[2023-07-18T19:19:19.557+0000] {processor.py:179} INFO - Processing /home/airflow/.local/lib/python3.7/site-packages/airflow/example_dags/example_latest_only.py took 45.549 seconds
