[2023-07-18T19:05:48.765+0000] {processor.py:157} INFO - Started process (PID=58) to work on /home/airflow/.local/lib/python3.7/site-packages/airflow/example_dags/example_dynamic_task_mapping.py
[2023-07-18T19:05:48.792+0000] {processor.py:826} INFO - Processing file /home/airflow/.local/lib/python3.7/site-packages/airflow/example_dags/example_dynamic_task_mapping.py for tasks to queue
[2023-07-18T19:05:48.796+0000] {logging_mixin.py:150} INFO - [2023-07-18T19:05:48.795+0000] {dagbag.py:541} INFO - Filling up the DagBag from /home/airflow/.local/lib/python3.7/site-packages/airflow/example_dags/example_dynamic_task_mapping.py
[2023-07-18T19:05:48.852+0000] {processor.py:836} INFO - DAG(s) dict_keys(['example_dynamic_task_mapping']) retrieved from /home/airflow/.local/lib/python3.7/site-packages/airflow/example_dags/example_dynamic_task_mapping.py
[2023-07-18T19:05:50.345+0000] {logging_mixin.py:150} INFO - [2023-07-18T19:05:50.344+0000] {dag.py:2742} INFO - Sync 1 DAGs
[2023-07-18T19:05:50.447+0000] {logging_mixin.py:150} INFO - [2023-07-18T19:05:50.447+0000] {dag.py:3508} INFO - Setting next_dagrun for example_dynamic_task_mapping to 2022-03-04T00:00:00+00:00, run_after=2022-03-05T00:00:00+00:00
[2023-07-18T19:05:50.497+0000] {processor.py:179} INFO - Processing /home/airflow/.local/lib/python3.7/site-packages/airflow/example_dags/example_dynamic_task_mapping.py took 1.755 seconds
[2023-07-18T19:06:21.878+0000] {processor.py:157} INFO - Started process (PID=120) to work on /home/airflow/.local/lib/python3.7/site-packages/airflow/example_dags/example_dynamic_task_mapping.py
[2023-07-18T19:06:21.881+0000] {processor.py:826} INFO - Processing file /home/airflow/.local/lib/python3.7/site-packages/airflow/example_dags/example_dynamic_task_mapping.py for tasks to queue
[2023-07-18T19:06:21.882+0000] {logging_mixin.py:150} INFO - [2023-07-18T19:06:21.882+0000] {dagbag.py:541} INFO - Filling up the DagBag from /home/airflow/.local/lib/python3.7/site-packages/airflow/example_dags/example_dynamic_task_mapping.py
[2023-07-18T19:06:21.894+0000] {processor.py:836} INFO - DAG(s) dict_keys(['example_dynamic_task_mapping']) retrieved from /home/airflow/.local/lib/python3.7/site-packages/airflow/example_dags/example_dynamic_task_mapping.py
[2023-07-18T19:06:21.919+0000] {logging_mixin.py:150} INFO - [2023-07-18T19:06:21.919+0000] {dag.py:2742} INFO - Sync 1 DAGs
[2023-07-18T19:06:21.960+0000] {logging_mixin.py:150} INFO - [2023-07-18T19:06:21.959+0000] {dag.py:3508} INFO - Setting next_dagrun for example_dynamic_task_mapping to 2022-03-04T00:00:00+00:00, run_after=2022-03-05T00:00:00+00:00
[2023-07-18T19:06:21.979+0000] {processor.py:179} INFO - Processing /home/airflow/.local/lib/python3.7/site-packages/airflow/example_dags/example_dynamic_task_mapping.py took 0.106 seconds
[2023-07-18T19:07:54.457+0000] {processor.py:157} INFO - Started process (PID=58) to work on /home/airflow/.local/lib/python3.7/site-packages/airflow/example_dags/example_dynamic_task_mapping.py
[2023-07-18T19:07:54.462+0000] {processor.py:826} INFO - Processing file /home/airflow/.local/lib/python3.7/site-packages/airflow/example_dags/example_dynamic_task_mapping.py for tasks to queue
[2023-07-18T19:07:54.469+0000] {logging_mixin.py:150} INFO - [2023-07-18T19:07:54.468+0000] {dagbag.py:541} INFO - Filling up the DagBag from /home/airflow/.local/lib/python3.7/site-packages/airflow/example_dags/example_dynamic_task_mapping.py
[2023-07-18T19:07:54.502+0000] {processor.py:836} INFO - DAG(s) dict_keys(['example_dynamic_task_mapping']) retrieved from /home/airflow/.local/lib/python3.7/site-packages/airflow/example_dags/example_dynamic_task_mapping.py
[2023-07-18T19:07:54.782+0000] {logging_mixin.py:150} INFO - [2023-07-18T19:07:54.781+0000] {dag.py:2742} INFO - Sync 1 DAGs
[2023-07-18T19:07:54.826+0000] {logging_mixin.py:150} INFO - [2023-07-18T19:07:54.826+0000] {dag.py:3508} INFO - Setting next_dagrun for example_dynamic_task_mapping to 2022-03-04T00:00:00+00:00, run_after=2022-03-05T00:00:00+00:00
[2023-07-18T19:07:54.857+0000] {processor.py:179} INFO - Processing /home/airflow/.local/lib/python3.7/site-packages/airflow/example_dags/example_dynamic_task_mapping.py took 0.403 seconds
[2023-07-18T19:08:29.984+0000] {processor.py:157} INFO - Started process (PID=120) to work on /home/airflow/.local/lib/python3.7/site-packages/airflow/example_dags/example_dynamic_task_mapping.py
[2023-07-18T19:08:29.988+0000] {processor.py:826} INFO - Processing file /home/airflow/.local/lib/python3.7/site-packages/airflow/example_dags/example_dynamic_task_mapping.py for tasks to queue
[2023-07-18T19:08:29.991+0000] {logging_mixin.py:150} INFO - [2023-07-18T19:08:29.990+0000] {dagbag.py:541} INFO - Filling up the DagBag from /home/airflow/.local/lib/python3.7/site-packages/airflow/example_dags/example_dynamic_task_mapping.py
[2023-07-18T19:08:30.039+0000] {processor.py:836} INFO - DAG(s) dict_keys(['example_dynamic_task_mapping']) retrieved from /home/airflow/.local/lib/python3.7/site-packages/airflow/example_dags/example_dynamic_task_mapping.py
[2023-07-18T19:08:30.104+0000] {logging_mixin.py:150} INFO - [2023-07-18T19:08:30.104+0000] {dag.py:2742} INFO - Sync 1 DAGs
[2023-07-18T19:08:30.178+0000] {logging_mixin.py:150} INFO - [2023-07-18T19:08:30.178+0000] {dag.py:3508} INFO - Setting next_dagrun for example_dynamic_task_mapping to 2022-03-04T00:00:00+00:00, run_after=2022-03-05T00:00:00+00:00
[2023-07-18T19:08:30.220+0000] {processor.py:179} INFO - Processing /home/airflow/.local/lib/python3.7/site-packages/airflow/example_dags/example_dynamic_task_mapping.py took 0.250 seconds
[2023-07-18T19:09:05.202+0000] {processor.py:157} INFO - Started process (PID=183) to work on /home/airflow/.local/lib/python3.7/site-packages/airflow/example_dags/example_dynamic_task_mapping.py
[2023-07-18T19:09:05.219+0000] {processor.py:826} INFO - Processing file /home/airflow/.local/lib/python3.7/site-packages/airflow/example_dags/example_dynamic_task_mapping.py for tasks to queue
[2023-07-18T19:09:05.224+0000] {logging_mixin.py:150} INFO - [2023-07-18T19:09:05.223+0000] {dagbag.py:541} INFO - Filling up the DagBag from /home/airflow/.local/lib/python3.7/site-packages/airflow/example_dags/example_dynamic_task_mapping.py
[2023-07-18T19:09:05.291+0000] {processor.py:836} INFO - DAG(s) dict_keys(['example_dynamic_task_mapping']) retrieved from /home/airflow/.local/lib/python3.7/site-packages/airflow/example_dags/example_dynamic_task_mapping.py
[2023-07-18T19:09:05.407+0000] {logging_mixin.py:150} INFO - [2023-07-18T19:09:05.406+0000] {dag.py:2742} INFO - Sync 1 DAGs
[2023-07-18T19:09:05.533+0000] {logging_mixin.py:150} INFO - [2023-07-18T19:09:05.532+0000] {dag.py:3508} INFO - Setting next_dagrun for example_dynamic_task_mapping to 2022-03-04T00:00:00+00:00, run_after=2022-03-05T00:00:00+00:00
[2023-07-18T19:09:05.570+0000] {processor.py:179} INFO - Processing /home/airflow/.local/lib/python3.7/site-packages/airflow/example_dags/example_dynamic_task_mapping.py took 0.390 seconds
[2023-07-18T19:10:16.964+0000] {processor.py:157} INFO - Started process (PID=254) to work on /home/airflow/.local/lib/python3.7/site-packages/airflow/example_dags/example_dynamic_task_mapping.py
[2023-07-18T19:10:16.995+0000] {processor.py:826} INFO - Processing file /home/airflow/.local/lib/python3.7/site-packages/airflow/example_dags/example_dynamic_task_mapping.py for tasks to queue
[2023-07-18T19:10:17.002+0000] {logging_mixin.py:150} INFO - [2023-07-18T19:10:17.001+0000] {dagbag.py:541} INFO - Filling up the DagBag from /home/airflow/.local/lib/python3.7/site-packages/airflow/example_dags/example_dynamic_task_mapping.py
[2023-07-18T19:10:17.929+0000] {processor.py:836} INFO - DAG(s) dict_keys(['example_dynamic_task_mapping']) retrieved from /home/airflow/.local/lib/python3.7/site-packages/airflow/example_dags/example_dynamic_task_mapping.py
[2023-07-18T19:10:18.481+0000] {logging_mixin.py:150} INFO - [2023-07-18T19:10:18.473+0000] {dag.py:2742} INFO - Sync 1 DAGs
[2023-07-18T19:10:18.747+0000] {logging_mixin.py:150} INFO - [2023-07-18T19:10:18.746+0000] {dag.py:3508} INFO - Setting next_dagrun for example_dynamic_task_mapping to 2022-03-04T00:00:00+00:00, run_after=2022-03-05T00:00:00+00:00
[2023-07-18T19:10:18.836+0000] {processor.py:179} INFO - Processing /home/airflow/.local/lib/python3.7/site-packages/airflow/example_dags/example_dynamic_task_mapping.py took 1.919 seconds
[2023-07-18T19:10:51.120+0000] {processor.py:157} INFO - Started process (PID=317) to work on /home/airflow/.local/lib/python3.7/site-packages/airflow/example_dags/example_dynamic_task_mapping.py
[2023-07-18T19:10:51.131+0000] {processor.py:826} INFO - Processing file /home/airflow/.local/lib/python3.7/site-packages/airflow/example_dags/example_dynamic_task_mapping.py for tasks to queue
[2023-07-18T19:10:51.140+0000] {logging_mixin.py:150} INFO - [2023-07-18T19:10:51.138+0000] {dagbag.py:541} INFO - Filling up the DagBag from /home/airflow/.local/lib/python3.7/site-packages/airflow/example_dags/example_dynamic_task_mapping.py
[2023-07-18T19:10:51.204+0000] {processor.py:836} INFO - DAG(s) dict_keys(['example_dynamic_task_mapping']) retrieved from /home/airflow/.local/lib/python3.7/site-packages/airflow/example_dags/example_dynamic_task_mapping.py
[2023-07-18T19:10:51.294+0000] {logging_mixin.py:150} INFO - [2023-07-18T19:10:51.294+0000] {dag.py:2742} INFO - Sync 1 DAGs
[2023-07-18T19:10:51.377+0000] {logging_mixin.py:150} INFO - [2023-07-18T19:10:51.375+0000] {dag.py:3508} INFO - Setting next_dagrun for example_dynamic_task_mapping to 2022-03-04T00:00:00+00:00, run_after=2022-03-05T00:00:00+00:00
[2023-07-18T19:10:51.451+0000] {processor.py:179} INFO - Processing /home/airflow/.local/lib/python3.7/site-packages/airflow/example_dags/example_dynamic_task_mapping.py took 0.397 seconds
[2023-07-18T19:11:24.300+0000] {processor.py:157} INFO - Started process (PID=383) to work on /home/airflow/.local/lib/python3.7/site-packages/airflow/example_dags/example_dynamic_task_mapping.py
[2023-07-18T19:11:24.402+0000] {processor.py:826} INFO - Processing file /home/airflow/.local/lib/python3.7/site-packages/airflow/example_dags/example_dynamic_task_mapping.py for tasks to queue
[2023-07-18T19:11:24.489+0000] {logging_mixin.py:150} INFO - [2023-07-18T19:11:24.441+0000] {dagbag.py:541} INFO - Filling up the DagBag from /home/airflow/.local/lib/python3.7/site-packages/airflow/example_dags/example_dynamic_task_mapping.py
[2023-07-18T19:11:25.706+0000] {processor.py:836} INFO - DAG(s) dict_keys(['example_dynamic_task_mapping']) retrieved from /home/airflow/.local/lib/python3.7/site-packages/airflow/example_dags/example_dynamic_task_mapping.py
[2023-07-18T19:11:30.278+0000] {logging_mixin.py:150} INFO - [2023-07-18T19:11:30.264+0000] {dag.py:2742} INFO - Sync 1 DAGs
[2023-07-18T19:11:32.739+0000] {logging_mixin.py:150} INFO - [2023-07-18T19:11:32.717+0000] {dag.py:3508} INFO - Setting next_dagrun for example_dynamic_task_mapping to 2022-03-04T00:00:00+00:00, run_after=2022-03-05T00:00:00+00:00
[2023-07-18T19:11:32.891+0000] {processor.py:179} INFO - Processing /home/airflow/.local/lib/python3.7/site-packages/airflow/example_dags/example_dynamic_task_mapping.py took 8.929 seconds
[2023-07-18T19:12:04.708+0000] {processor.py:157} INFO - Started process (PID=451) to work on /home/airflow/.local/lib/python3.7/site-packages/airflow/example_dags/example_dynamic_task_mapping.py
[2023-07-18T19:12:04.737+0000] {processor.py:826} INFO - Processing file /home/airflow/.local/lib/python3.7/site-packages/airflow/example_dags/example_dynamic_task_mapping.py for tasks to queue
[2023-07-18T19:12:04.751+0000] {logging_mixin.py:150} INFO - [2023-07-18T19:12:04.742+0000] {dagbag.py:541} INFO - Filling up the DagBag from /home/airflow/.local/lib/python3.7/site-packages/airflow/example_dags/example_dynamic_task_mapping.py
[2023-07-18T19:12:06.289+0000] {processor.py:836} INFO - DAG(s) dict_keys(['example_dynamic_task_mapping']) retrieved from /home/airflow/.local/lib/python3.7/site-packages/airflow/example_dags/example_dynamic_task_mapping.py
[2023-07-18T19:12:09.059+0000] {logging_mixin.py:150} INFO - [2023-07-18T19:12:09.056+0000] {dag.py:2742} INFO - Sync 1 DAGs
[2023-07-18T19:12:09.605+0000] {logging_mixin.py:150} INFO - [2023-07-18T19:12:09.605+0000] {dag.py:3508} INFO - Setting next_dagrun for example_dynamic_task_mapping to 2022-03-04T00:00:00+00:00, run_after=2022-03-05T00:00:00+00:00
[2023-07-18T19:12:09.849+0000] {processor.py:179} INFO - Processing /home/airflow/.local/lib/python3.7/site-packages/airflow/example_dags/example_dynamic_task_mapping.py took 5.474 seconds
[2023-07-18T19:13:19.090+0000] {processor.py:157} INFO - Started process (PID=520) to work on /home/airflow/.local/lib/python3.7/site-packages/airflow/example_dags/example_dynamic_task_mapping.py
[2023-07-18T19:13:19.116+0000] {processor.py:826} INFO - Processing file /home/airflow/.local/lib/python3.7/site-packages/airflow/example_dags/example_dynamic_task_mapping.py for tasks to queue
[2023-07-18T19:13:19.125+0000] {logging_mixin.py:150} INFO - [2023-07-18T19:13:19.122+0000] {dagbag.py:541} INFO - Filling up the DagBag from /home/airflow/.local/lib/python3.7/site-packages/airflow/example_dags/example_dynamic_task_mapping.py
[2023-07-18T19:13:19.662+0000] {processor.py:836} INFO - DAG(s) dict_keys(['example_dynamic_task_mapping']) retrieved from /home/airflow/.local/lib/python3.7/site-packages/airflow/example_dags/example_dynamic_task_mapping.py
[2023-07-18T19:13:27.629+0000] {logging_mixin.py:150} INFO - [2023-07-18T19:13:27.595+0000] {dag.py:2742} INFO - Sync 1 DAGs
[2023-07-18T19:13:28.919+0000] {logging_mixin.py:150} INFO - [2023-07-18T19:13:28.892+0000] {dag.py:3508} INFO - Setting next_dagrun for example_dynamic_task_mapping to 2022-03-04T00:00:00+00:00, run_after=2022-03-05T00:00:00+00:00
[2023-07-18T19:13:29.445+0000] {processor.py:179} INFO - Processing /home/airflow/.local/lib/python3.7/site-packages/airflow/example_dags/example_dynamic_task_mapping.py took 10.562 seconds
[2023-07-18T19:20:29.855+0000] {processor.py:157} INFO - Started process (PID=677) to work on /home/airflow/.local/lib/python3.7/site-packages/airflow/example_dags/example_dynamic_task_mapping.py
[2023-07-18T19:20:29.865+0000] {processor.py:826} INFO - Processing file /home/airflow/.local/lib/python3.7/site-packages/airflow/example_dags/example_dynamic_task_mapping.py for tasks to queue
[2023-07-18T19:20:29.878+0000] {logging_mixin.py:150} INFO - [2023-07-18T19:20:29.877+0000] {dagbag.py:541} INFO - Filling up the DagBag from /home/airflow/.local/lib/python3.7/site-packages/airflow/example_dags/example_dynamic_task_mapping.py
[2023-07-18T19:20:30.137+0000] {processor.py:836} INFO - DAG(s) dict_keys(['example_dynamic_task_mapping']) retrieved from /home/airflow/.local/lib/python3.7/site-packages/airflow/example_dags/example_dynamic_task_mapping.py
[2023-07-18T19:20:30.761+0000] {logging_mixin.py:150} INFO - [2023-07-18T19:20:30.760+0000] {dag.py:2742} INFO - Sync 1 DAGs
[2023-07-18T19:20:31.132+0000] {logging_mixin.py:150} INFO - [2023-07-18T19:20:31.131+0000] {dag.py:3508} INFO - Setting next_dagrun for example_dynamic_task_mapping to 2022-03-04T00:00:00+00:00, run_after=2022-03-05T00:00:00+00:00
[2023-07-18T19:20:31.328+0000] {processor.py:179} INFO - Processing /home/airflow/.local/lib/python3.7/site-packages/airflow/example_dags/example_dynamic_task_mapping.py took 1.495 seconds
