[2023-07-18T19:05:45.992+0000] {processor.py:157} INFO - Started process (PID=55) to work on /home/airflow/.local/lib/python3.7/site-packages/airflow/example_dags/example_nested_branch_dag.py
[2023-07-18T19:05:45.995+0000] {processor.py:826} INFO - Processing file /home/airflow/.local/lib/python3.7/site-packages/airflow/example_dags/example_nested_branch_dag.py for tasks to queue
[2023-07-18T19:05:45.998+0000] {logging_mixin.py:150} INFO - [2023-07-18T19:05:45.998+0000] {dagbag.py:541} INFO - Filling up the DagBag from /home/airflow/.local/lib/python3.7/site-packages/airflow/example_dags/example_nested_branch_dag.py
[2023-07-18T19:05:46.043+0000] {processor.py:836} INFO - DAG(s) dict_keys(['example_nested_branch_dag']) retrieved from /home/airflow/.local/lib/python3.7/site-packages/airflow/example_dags/example_nested_branch_dag.py
[2023-07-18T19:05:47.150+0000] {logging_mixin.py:150} INFO - [2023-07-18T19:05:47.144+0000] {dag.py:2742} INFO - Sync 1 DAGs
[2023-07-18T19:05:47.241+0000] {logging_mixin.py:150} INFO - [2023-07-18T19:05:47.240+0000] {dag.py:3508} INFO - Setting next_dagrun for example_nested_branch_dag to 2023-07-17T00:00:00+00:00, run_after=2023-07-18T00:00:00+00:00
[2023-07-18T19:05:47.329+0000] {processor.py:179} INFO - Processing /home/airflow/.local/lib/python3.7/site-packages/airflow/example_dags/example_nested_branch_dag.py took 1.342 seconds
[2023-07-18T19:06:17.578+0000] {processor.py:157} INFO - Started process (PID=117) to work on /home/airflow/.local/lib/python3.7/site-packages/airflow/example_dags/example_nested_branch_dag.py
[2023-07-18T19:06:17.581+0000] {processor.py:826} INFO - Processing file /home/airflow/.local/lib/python3.7/site-packages/airflow/example_dags/example_nested_branch_dag.py for tasks to queue
[2023-07-18T19:06:17.583+0000] {logging_mixin.py:150} INFO - [2023-07-18T19:06:17.582+0000] {dagbag.py:541} INFO - Filling up the DagBag from /home/airflow/.local/lib/python3.7/site-packages/airflow/example_dags/example_nested_branch_dag.py
[2023-07-18T19:06:17.625+0000] {processor.py:836} INFO - DAG(s) dict_keys(['example_nested_branch_dag']) retrieved from /home/airflow/.local/lib/python3.7/site-packages/airflow/example_dags/example_nested_branch_dag.py
[2023-07-18T19:06:17.727+0000] {logging_mixin.py:150} INFO - [2023-07-18T19:06:17.727+0000] {dag.py:2742} INFO - Sync 1 DAGs
[2023-07-18T19:06:17.901+0000] {logging_mixin.py:150} INFO - [2023-07-18T19:06:17.895+0000] {dag.py:3508} INFO - Setting next_dagrun for example_nested_branch_dag to 2023-07-17T00:00:00+00:00, run_after=2023-07-18T00:00:00+00:00
[2023-07-18T19:06:18.010+0000] {processor.py:179} INFO - Processing /home/airflow/.local/lib/python3.7/site-packages/airflow/example_dags/example_nested_branch_dag.py took 0.442 seconds
[2023-07-18T19:07:53.801+0000] {processor.py:157} INFO - Started process (PID=55) to work on /home/airflow/.local/lib/python3.7/site-packages/airflow/example_dags/example_nested_branch_dag.py
[2023-07-18T19:07:53.805+0000] {processor.py:826} INFO - Processing file /home/airflow/.local/lib/python3.7/site-packages/airflow/example_dags/example_nested_branch_dag.py for tasks to queue
[2023-07-18T19:07:53.808+0000] {logging_mixin.py:150} INFO - [2023-07-18T19:07:53.807+0000] {dagbag.py:541} INFO - Filling up the DagBag from /home/airflow/.local/lib/python3.7/site-packages/airflow/example_dags/example_nested_branch_dag.py
[2023-07-18T19:07:53.829+0000] {processor.py:836} INFO - DAG(s) dict_keys(['example_nested_branch_dag']) retrieved from /home/airflow/.local/lib/python3.7/site-packages/airflow/example_dags/example_nested_branch_dag.py
[2023-07-18T19:07:53.999+0000] {logging_mixin.py:150} INFO - [2023-07-18T19:07:53.999+0000] {dag.py:2742} INFO - Sync 1 DAGs
[2023-07-18T19:07:54.022+0000] {logging_mixin.py:150} INFO - [2023-07-18T19:07:54.022+0000] {dag.py:3508} INFO - Setting next_dagrun for example_nested_branch_dag to 2023-07-17T00:00:00+00:00, run_after=2023-07-18T00:00:00+00:00
[2023-07-18T19:07:54.041+0000] {processor.py:179} INFO - Processing /home/airflow/.local/lib/python3.7/site-packages/airflow/example_dags/example_nested_branch_dag.py took 0.244 seconds
[2023-07-18T19:08:28.537+0000] {processor.py:157} INFO - Started process (PID=117) to work on /home/airflow/.local/lib/python3.7/site-packages/airflow/example_dags/example_nested_branch_dag.py
[2023-07-18T19:08:28.556+0000] {processor.py:826} INFO - Processing file /home/airflow/.local/lib/python3.7/site-packages/airflow/example_dags/example_nested_branch_dag.py for tasks to queue
[2023-07-18T19:08:28.564+0000] {logging_mixin.py:150} INFO - [2023-07-18T19:08:28.561+0000] {dagbag.py:541} INFO - Filling up the DagBag from /home/airflow/.local/lib/python3.7/site-packages/airflow/example_dags/example_nested_branch_dag.py
[2023-07-18T19:08:28.614+0000] {processor.py:836} INFO - DAG(s) dict_keys(['example_nested_branch_dag']) retrieved from /home/airflow/.local/lib/python3.7/site-packages/airflow/example_dags/example_nested_branch_dag.py
[2023-07-18T19:08:28.685+0000] {logging_mixin.py:150} INFO - [2023-07-18T19:08:28.684+0000] {dag.py:2742} INFO - Sync 1 DAGs
[2023-07-18T19:08:28.777+0000] {logging_mixin.py:150} INFO - [2023-07-18T19:08:28.776+0000] {dag.py:3508} INFO - Setting next_dagrun for example_nested_branch_dag to 2023-07-17T00:00:00+00:00, run_after=2023-07-18T00:00:00+00:00
[2023-07-18T19:08:28.819+0000] {processor.py:179} INFO - Processing /home/airflow/.local/lib/python3.7/site-packages/airflow/example_dags/example_nested_branch_dag.py took 0.302 seconds
[2023-07-18T19:09:04.287+0000] {processor.py:157} INFO - Started process (PID=180) to work on /home/airflow/.local/lib/python3.7/site-packages/airflow/example_dags/example_nested_branch_dag.py
[2023-07-18T19:09:04.290+0000] {processor.py:826} INFO - Processing file /home/airflow/.local/lib/python3.7/site-packages/airflow/example_dags/example_nested_branch_dag.py for tasks to queue
[2023-07-18T19:09:04.291+0000] {logging_mixin.py:150} INFO - [2023-07-18T19:09:04.291+0000] {dagbag.py:541} INFO - Filling up the DagBag from /home/airflow/.local/lib/python3.7/site-packages/airflow/example_dags/example_nested_branch_dag.py
[2023-07-18T19:09:04.323+0000] {processor.py:836} INFO - DAG(s) dict_keys(['example_nested_branch_dag']) retrieved from /home/airflow/.local/lib/python3.7/site-packages/airflow/example_dags/example_nested_branch_dag.py
[2023-07-18T19:09:04.423+0000] {logging_mixin.py:150} INFO - [2023-07-18T19:09:04.423+0000] {dag.py:2742} INFO - Sync 1 DAGs
[2023-07-18T19:09:04.543+0000] {logging_mixin.py:150} INFO - [2023-07-18T19:09:04.542+0000] {dag.py:3508} INFO - Setting next_dagrun for example_nested_branch_dag to 2023-07-17T00:00:00+00:00, run_after=2023-07-18T00:00:00+00:00
[2023-07-18T19:09:04.576+0000] {processor.py:179} INFO - Processing /home/airflow/.local/lib/python3.7/site-packages/airflow/example_dags/example_nested_branch_dag.py took 0.296 seconds
[2023-07-18T19:10:14.534+0000] {processor.py:157} INFO - Started process (PID=251) to work on /home/airflow/.local/lib/python3.7/site-packages/airflow/example_dags/example_nested_branch_dag.py
[2023-07-18T19:10:14.541+0000] {processor.py:826} INFO - Processing file /home/airflow/.local/lib/python3.7/site-packages/airflow/example_dags/example_nested_branch_dag.py for tasks to queue
[2023-07-18T19:10:14.547+0000] {logging_mixin.py:150} INFO - [2023-07-18T19:10:14.546+0000] {dagbag.py:541} INFO - Filling up the DagBag from /home/airflow/.local/lib/python3.7/site-packages/airflow/example_dags/example_nested_branch_dag.py
[2023-07-18T19:10:14.640+0000] {processor.py:836} INFO - DAG(s) dict_keys(['example_nested_branch_dag']) retrieved from /home/airflow/.local/lib/python3.7/site-packages/airflow/example_dags/example_nested_branch_dag.py
[2023-07-18T19:10:14.870+0000] {logging_mixin.py:150} INFO - [2023-07-18T19:10:14.869+0000] {dag.py:2742} INFO - Sync 1 DAGs
[2023-07-18T19:10:15.007+0000] {logging_mixin.py:150} INFO - [2023-07-18T19:10:15.006+0000] {dag.py:3508} INFO - Setting next_dagrun for example_nested_branch_dag to 2023-07-17T00:00:00+00:00, run_after=2023-07-18T00:00:00+00:00
[2023-07-18T19:10:15.097+0000] {processor.py:179} INFO - Processing /home/airflow/.local/lib/python3.7/site-packages/airflow/example_dags/example_nested_branch_dag.py took 0.592 seconds
[2023-07-18T19:10:45.384+0000] {processor.py:157} INFO - Started process (PID=314) to work on /home/airflow/.local/lib/python3.7/site-packages/airflow/example_dags/example_nested_branch_dag.py
[2023-07-18T19:10:45.386+0000] {processor.py:826} INFO - Processing file /home/airflow/.local/lib/python3.7/site-packages/airflow/example_dags/example_nested_branch_dag.py for tasks to queue
[2023-07-18T19:10:45.388+0000] {logging_mixin.py:150} INFO - [2023-07-18T19:10:45.387+0000] {dagbag.py:541} INFO - Filling up the DagBag from /home/airflow/.local/lib/python3.7/site-packages/airflow/example_dags/example_nested_branch_dag.py
[2023-07-18T19:10:45.403+0000] {processor.py:836} INFO - DAG(s) dict_keys(['example_nested_branch_dag']) retrieved from /home/airflow/.local/lib/python3.7/site-packages/airflow/example_dags/example_nested_branch_dag.py
[2023-07-18T19:10:45.446+0000] {logging_mixin.py:150} INFO - [2023-07-18T19:10:45.446+0000] {dag.py:2742} INFO - Sync 1 DAGs
[2023-07-18T19:10:45.483+0000] {logging_mixin.py:150} INFO - [2023-07-18T19:10:45.483+0000] {dag.py:3508} INFO - Setting next_dagrun for example_nested_branch_dag to 2023-07-17T00:00:00+00:00, run_after=2023-07-18T00:00:00+00:00
[2023-07-18T19:10:45.502+0000] {processor.py:179} INFO - Processing /home/airflow/.local/lib/python3.7/site-packages/airflow/example_dags/example_nested_branch_dag.py took 0.121 seconds
[2023-07-18T19:11:18.590+0000] {processor.py:157} INFO - Started process (PID=380) to work on /home/airflow/.local/lib/python3.7/site-packages/airflow/example_dags/example_nested_branch_dag.py
[2023-07-18T19:11:18.593+0000] {processor.py:826} INFO - Processing file /home/airflow/.local/lib/python3.7/site-packages/airflow/example_dags/example_nested_branch_dag.py for tasks to queue
[2023-07-18T19:11:18.596+0000] {logging_mixin.py:150} INFO - [2023-07-18T19:11:18.596+0000] {dagbag.py:541} INFO - Filling up the DagBag from /home/airflow/.local/lib/python3.7/site-packages/airflow/example_dags/example_nested_branch_dag.py
[2023-07-18T19:11:18.634+0000] {processor.py:836} INFO - DAG(s) dict_keys(['example_nested_branch_dag']) retrieved from /home/airflow/.local/lib/python3.7/site-packages/airflow/example_dags/example_nested_branch_dag.py
[2023-07-18T19:11:18.674+0000] {logging_mixin.py:150} INFO - [2023-07-18T19:11:18.674+0000] {dag.py:2742} INFO - Sync 1 DAGs
[2023-07-18T19:11:18.706+0000] {logging_mixin.py:150} INFO - [2023-07-18T19:11:18.705+0000] {dag.py:3508} INFO - Setting next_dagrun for example_nested_branch_dag to 2023-07-17T00:00:00+00:00, run_after=2023-07-18T00:00:00+00:00
[2023-07-18T19:11:18.748+0000] {processor.py:179} INFO - Processing /home/airflow/.local/lib/python3.7/site-packages/airflow/example_dags/example_nested_branch_dag.py took 0.181 seconds
[2023-07-18T19:11:52.620+0000] {processor.py:157} INFO - Started process (PID=442) to work on /home/airflow/.local/lib/python3.7/site-packages/airflow/example_dags/example_nested_branch_dag.py
[2023-07-18T19:11:52.623+0000] {processor.py:826} INFO - Processing file /home/airflow/.local/lib/python3.7/site-packages/airflow/example_dags/example_nested_branch_dag.py for tasks to queue
[2023-07-18T19:11:52.626+0000] {logging_mixin.py:150} INFO - [2023-07-18T19:11:52.625+0000] {dagbag.py:541} INFO - Filling up the DagBag from /home/airflow/.local/lib/python3.7/site-packages/airflow/example_dags/example_nested_branch_dag.py
[2023-07-18T19:11:52.704+0000] {processor.py:836} INFO - DAG(s) dict_keys(['example_nested_branch_dag']) retrieved from /home/airflow/.local/lib/python3.7/site-packages/airflow/example_dags/example_nested_branch_dag.py
[2023-07-18T19:11:52.793+0000] {logging_mixin.py:150} INFO - [2023-07-18T19:11:52.793+0000] {dag.py:2742} INFO - Sync 1 DAGs
[2023-07-18T19:11:52.895+0000] {logging_mixin.py:150} INFO - [2023-07-18T19:11:52.895+0000] {dag.py:3508} INFO - Setting next_dagrun for example_nested_branch_dag to 2023-07-17T00:00:00+00:00, run_after=2023-07-18T00:00:00+00:00
[2023-07-18T19:11:53.009+0000] {processor.py:179} INFO - Processing /home/airflow/.local/lib/python3.7/site-packages/airflow/example_dags/example_nested_branch_dag.py took 0.405 seconds
[2023-07-18T19:13:01.876+0000] {processor.py:157} INFO - Started process (PID=511) to work on /home/airflow/.local/lib/python3.7/site-packages/airflow/example_dags/example_nested_branch_dag.py
[2023-07-18T19:13:01.931+0000] {processor.py:826} INFO - Processing file /home/airflow/.local/lib/python3.7/site-packages/airflow/example_dags/example_nested_branch_dag.py for tasks to queue
[2023-07-18T19:13:02.247+0000] {logging_mixin.py:150} INFO - [2023-07-18T19:13:02.073+0000] {dagbag.py:541} INFO - Filling up the DagBag from /home/airflow/.local/lib/python3.7/site-packages/airflow/example_dags/example_nested_branch_dag.py
[2023-07-18T19:13:03.126+0000] {processor.py:836} INFO - DAG(s) dict_keys(['example_nested_branch_dag']) retrieved from /home/airflow/.local/lib/python3.7/site-packages/airflow/example_dags/example_nested_branch_dag.py
[2023-07-18T19:13:05.138+0000] {logging_mixin.py:150} INFO - [2023-07-18T19:13:05.113+0000] {dag.py:2742} INFO - Sync 1 DAGs
[2023-07-18T19:13:09.673+0000] {logging_mixin.py:150} INFO - [2023-07-18T19:13:09.665+0000] {dag.py:3508} INFO - Setting next_dagrun for example_nested_branch_dag to 2023-07-17T00:00:00+00:00, run_after=2023-07-18T00:00:00+00:00
[2023-07-18T19:13:10.186+0000] {processor.py:179} INFO - Processing /home/airflow/.local/lib/python3.7/site-packages/airflow/example_dags/example_nested_branch_dag.py took 8.394 seconds
[2023-07-18T19:16:24.106+0000] {processor.py:157} INFO - Started process (PID=587) to work on /home/airflow/.local/lib/python3.7/site-packages/airflow/example_dags/example_nested_branch_dag.py
[2023-07-18T19:16:24.287+0000] {processor.py:826} INFO - Processing file /home/airflow/.local/lib/python3.7/site-packages/airflow/example_dags/example_nested_branch_dag.py for tasks to queue
[2023-07-18T19:16:24.547+0000] {logging_mixin.py:150} INFO - [2023-07-18T19:16:24.426+0000] {dagbag.py:541} INFO - Filling up the DagBag from /home/airflow/.local/lib/python3.7/site-packages/airflow/example_dags/example_nested_branch_dag.py
[2023-07-18T19:16:26.042+0000] {processor.py:836} INFO - DAG(s) dict_keys(['example_nested_branch_dag']) retrieved from /home/airflow/.local/lib/python3.7/site-packages/airflow/example_dags/example_nested_branch_dag.py
[2023-07-18T19:16:46.181+0000] {logging_mixin.py:150} INFO - [2023-07-18T19:16:45.468+0000] {dag.py:2742} INFO - Sync 1 DAGs
[2023-07-18T19:16:48.344+0000] {logging_mixin.py:150} INFO - [2023-07-18T19:16:48.320+0000] {dag.py:3508} INFO - Setting next_dagrun for example_nested_branch_dag to 2023-07-17T00:00:00+00:00, run_after=2023-07-18T00:00:00+00:00
[2023-07-18T19:16:48.629+0000] {processor.py:179} INFO - Processing /home/airflow/.local/lib/python3.7/site-packages/airflow/example_dags/example_nested_branch_dag.py took 30.423 seconds
[2023-07-18T19:20:26.785+0000] {processor.py:157} INFO - Started process (PID=675) to work on /home/airflow/.local/lib/python3.7/site-packages/airflow/example_dags/example_nested_branch_dag.py
[2023-07-18T19:20:26.821+0000] {processor.py:826} INFO - Processing file /home/airflow/.local/lib/python3.7/site-packages/airflow/example_dags/example_nested_branch_dag.py for tasks to queue
[2023-07-18T19:20:26.869+0000] {logging_mixin.py:150} INFO - [2023-07-18T19:20:26.865+0000] {dagbag.py:541} INFO - Filling up the DagBag from /home/airflow/.local/lib/python3.7/site-packages/airflow/example_dags/example_nested_branch_dag.py
[2023-07-18T19:20:27.567+0000] {processor.py:836} INFO - DAG(s) dict_keys(['example_nested_branch_dag']) retrieved from /home/airflow/.local/lib/python3.7/site-packages/airflow/example_dags/example_nested_branch_dag.py
[2023-07-18T19:20:27.880+0000] {logging_mixin.py:150} INFO - [2023-07-18T19:20:27.879+0000] {dag.py:2742} INFO - Sync 1 DAGs
[2023-07-18T19:20:28.137+0000] {logging_mixin.py:150} INFO - [2023-07-18T19:20:28.131+0000] {dag.py:3508} INFO - Setting next_dagrun for example_nested_branch_dag to 2023-07-17T00:00:00+00:00, run_after=2023-07-18T00:00:00+00:00
[2023-07-18T19:20:28.565+0000] {processor.py:179} INFO - Processing /home/airflow/.local/lib/python3.7/site-packages/airflow/example_dags/example_nested_branch_dag.py took 1.839 seconds
