[2023-07-18T19:05:42.600+0000] {processor.py:157} INFO - Started process (PID=48) to work on /home/airflow/.local/lib/python3.7/site-packages/airflow/example_dags/example_short_circuit_operator.py
[2023-07-18T19:05:42.612+0000] {processor.py:826} INFO - Processing file /home/airflow/.local/lib/python3.7/site-packages/airflow/example_dags/example_short_circuit_operator.py for tasks to queue
[2023-07-18T19:05:42.615+0000] {logging_mixin.py:150} INFO - [2023-07-18T19:05:42.614+0000] {dagbag.py:541} INFO - Filling up the DagBag from /home/airflow/.local/lib/python3.7/site-packages/airflow/example_dags/example_short_circuit_operator.py
[2023-07-18T19:05:42.670+0000] {processor.py:836} INFO - DAG(s) dict_keys(['example_short_circuit_operator']) retrieved from /home/airflow/.local/lib/python3.7/site-packages/airflow/example_dags/example_short_circuit_operator.py
[2023-07-18T19:05:42.918+0000] {logging_mixin.py:150} INFO - [2023-07-18T19:05:42.916+0000] {dag.py:2742} INFO - Sync 1 DAGs
[2023-07-18T19:05:43.928+0000] {logging_mixin.py:150} INFO - [2023-07-18T19:05:43.919+0000] {dag.py:3508} INFO - Setting next_dagrun for example_short_circuit_operator to 2023-07-17T19:05:43.918822+00:00, run_after=2023-07-18T19:05:43.918822+00:00
[2023-07-18T19:05:44.059+0000] {processor.py:179} INFO - Processing /home/airflow/.local/lib/python3.7/site-packages/airflow/example_dags/example_short_circuit_operator.py took 1.516 seconds
[2023-07-18T19:06:14.347+0000] {processor.py:157} INFO - Started process (PID=110) to work on /home/airflow/.local/lib/python3.7/site-packages/airflow/example_dags/example_short_circuit_operator.py
[2023-07-18T19:06:14.349+0000] {processor.py:826} INFO - Processing file /home/airflow/.local/lib/python3.7/site-packages/airflow/example_dags/example_short_circuit_operator.py for tasks to queue
[2023-07-18T19:06:14.351+0000] {logging_mixin.py:150} INFO - [2023-07-18T19:06:14.350+0000] {dagbag.py:541} INFO - Filling up the DagBag from /home/airflow/.local/lib/python3.7/site-packages/airflow/example_dags/example_short_circuit_operator.py
[2023-07-18T19:06:14.361+0000] {processor.py:836} INFO - DAG(s) dict_keys(['example_short_circuit_operator']) retrieved from /home/airflow/.local/lib/python3.7/site-packages/airflow/example_dags/example_short_circuit_operator.py
[2023-07-18T19:06:14.389+0000] {logging_mixin.py:150} INFO - [2023-07-18T19:06:14.389+0000] {dag.py:2742} INFO - Sync 1 DAGs
[2023-07-18T19:06:14.425+0000] {logging_mixin.py:150} INFO - [2023-07-18T19:06:14.424+0000] {dag.py:3508} INFO - Setting next_dagrun for example_short_circuit_operator to 2023-07-17T19:06:14.424375+00:00, run_after=2023-07-18T19:06:14.424375+00:00
[2023-07-18T19:06:14.442+0000] {processor.py:179} INFO - Processing /home/airflow/.local/lib/python3.7/site-packages/airflow/example_dags/example_short_circuit_operator.py took 0.100 seconds
[2023-07-18T19:07:52.610+0000] {processor.py:157} INFO - Started process (PID=48) to work on /home/airflow/.local/lib/python3.7/site-packages/airflow/example_dags/example_short_circuit_operator.py
[2023-07-18T19:07:52.613+0000] {processor.py:826} INFO - Processing file /home/airflow/.local/lib/python3.7/site-packages/airflow/example_dags/example_short_circuit_operator.py for tasks to queue
[2023-07-18T19:07:52.625+0000] {logging_mixin.py:150} INFO - [2023-07-18T19:07:52.624+0000] {dagbag.py:541} INFO - Filling up the DagBag from /home/airflow/.local/lib/python3.7/site-packages/airflow/example_dags/example_short_circuit_operator.py
[2023-07-18T19:07:52.658+0000] {processor.py:836} INFO - DAG(s) dict_keys(['example_short_circuit_operator']) retrieved from /home/airflow/.local/lib/python3.7/site-packages/airflow/example_dags/example_short_circuit_operator.py
[2023-07-18T19:07:52.892+0000] {logging_mixin.py:150} INFO - [2023-07-18T19:07:52.892+0000] {dag.py:2742} INFO - Sync 1 DAGs
[2023-07-18T19:07:52.914+0000] {logging_mixin.py:150} INFO - [2023-07-18T19:07:52.914+0000] {dag.py:3508} INFO - Setting next_dagrun for example_short_circuit_operator to 2023-07-17T19:07:52.914400+00:00, run_after=2023-07-18T19:07:52.914400+00:00
[2023-07-18T19:07:52.965+0000] {processor.py:179} INFO - Processing /home/airflow/.local/lib/python3.7/site-packages/airflow/example_dags/example_short_circuit_operator.py took 0.362 seconds
[2023-07-18T19:08:27.191+0000] {processor.py:157} INFO - Started process (PID=110) to work on /home/airflow/.local/lib/python3.7/site-packages/airflow/example_dags/example_short_circuit_operator.py
[2023-07-18T19:08:27.194+0000] {processor.py:826} INFO - Processing file /home/airflow/.local/lib/python3.7/site-packages/airflow/example_dags/example_short_circuit_operator.py for tasks to queue
[2023-07-18T19:08:27.197+0000] {logging_mixin.py:150} INFO - [2023-07-18T19:08:27.196+0000] {dagbag.py:541} INFO - Filling up the DagBag from /home/airflow/.local/lib/python3.7/site-packages/airflow/example_dags/example_short_circuit_operator.py
[2023-07-18T19:08:27.227+0000] {processor.py:836} INFO - DAG(s) dict_keys(['example_short_circuit_operator']) retrieved from /home/airflow/.local/lib/python3.7/site-packages/airflow/example_dags/example_short_circuit_operator.py
[2023-07-18T19:08:27.333+0000] {logging_mixin.py:150} INFO - [2023-07-18T19:08:27.333+0000] {dag.py:2742} INFO - Sync 1 DAGs
[2023-07-18T19:08:27.412+0000] {logging_mixin.py:150} INFO - [2023-07-18T19:08:27.411+0000] {dag.py:3508} INFO - Setting next_dagrun for example_short_circuit_operator to 2023-07-17T19:08:27.407598+00:00, run_after=2023-07-18T19:08:27.407598+00:00
[2023-07-18T19:08:27.494+0000] {processor.py:179} INFO - Processing /home/airflow/.local/lib/python3.7/site-packages/airflow/example_dags/example_short_circuit_operator.py took 0.308 seconds
[2023-07-18T19:09:01.941+0000] {processor.py:157} INFO - Started process (PID=173) to work on /home/airflow/.local/lib/python3.7/site-packages/airflow/example_dags/example_short_circuit_operator.py
[2023-07-18T19:09:01.958+0000] {processor.py:826} INFO - Processing file /home/airflow/.local/lib/python3.7/site-packages/airflow/example_dags/example_short_circuit_operator.py for tasks to queue
[2023-07-18T19:09:02.030+0000] {logging_mixin.py:150} INFO - [2023-07-18T19:09:02.022+0000] {dagbag.py:541} INFO - Filling up the DagBag from /home/airflow/.local/lib/python3.7/site-packages/airflow/example_dags/example_short_circuit_operator.py
[2023-07-18T19:09:02.163+0000] {processor.py:836} INFO - DAG(s) dict_keys(['example_short_circuit_operator']) retrieved from /home/airflow/.local/lib/python3.7/site-packages/airflow/example_dags/example_short_circuit_operator.py
[2023-07-18T19:09:02.473+0000] {logging_mixin.py:150} INFO - [2023-07-18T19:09:02.472+0000] {dag.py:2742} INFO - Sync 1 DAGs
[2023-07-18T19:09:02.575+0000] {logging_mixin.py:150} INFO - [2023-07-18T19:09:02.574+0000] {dag.py:3508} INFO - Setting next_dagrun for example_short_circuit_operator to 2023-07-17T19:09:02.571779+00:00, run_after=2023-07-18T19:09:02.571779+00:00
[2023-07-18T19:09:02.734+0000] {processor.py:179} INFO - Processing /home/airflow/.local/lib/python3.7/site-packages/airflow/example_dags/example_short_circuit_operator.py took 0.803 seconds
[2023-07-18T19:10:12.703+0000] {processor.py:157} INFO - Started process (PID=244) to work on /home/airflow/.local/lib/python3.7/site-packages/airflow/example_dags/example_short_circuit_operator.py
[2023-07-18T19:10:12.713+0000] {processor.py:826} INFO - Processing file /home/airflow/.local/lib/python3.7/site-packages/airflow/example_dags/example_short_circuit_operator.py for tasks to queue
[2023-07-18T19:10:12.717+0000] {logging_mixin.py:150} INFO - [2023-07-18T19:10:12.717+0000] {dagbag.py:541} INFO - Filling up the DagBag from /home/airflow/.local/lib/python3.7/site-packages/airflow/example_dags/example_short_circuit_operator.py
[2023-07-18T19:10:12.843+0000] {processor.py:836} INFO - DAG(s) dict_keys(['example_short_circuit_operator']) retrieved from /home/airflow/.local/lib/python3.7/site-packages/airflow/example_dags/example_short_circuit_operator.py
[2023-07-18T19:10:13.030+0000] {logging_mixin.py:150} INFO - [2023-07-18T19:10:13.030+0000] {dag.py:2742} INFO - Sync 1 DAGs
[2023-07-18T19:10:13.077+0000] {logging_mixin.py:150} INFO - [2023-07-18T19:10:13.077+0000] {dag.py:3508} INFO - Setting next_dagrun for example_short_circuit_operator to 2023-07-17T19:10:13.077269+00:00, run_after=2023-07-18T19:10:13.077269+00:00
[2023-07-18T19:10:13.179+0000] {processor.py:179} INFO - Processing /home/airflow/.local/lib/python3.7/site-packages/airflow/example_dags/example_short_circuit_operator.py took 0.494 seconds
[2023-07-18T19:10:43.628+0000] {processor.py:157} INFO - Started process (PID=307) to work on /home/airflow/.local/lib/python3.7/site-packages/airflow/example_dags/example_short_circuit_operator.py
[2023-07-18T19:10:43.631+0000] {processor.py:826} INFO - Processing file /home/airflow/.local/lib/python3.7/site-packages/airflow/example_dags/example_short_circuit_operator.py for tasks to queue
[2023-07-18T19:10:43.633+0000] {logging_mixin.py:150} INFO - [2023-07-18T19:10:43.632+0000] {dagbag.py:541} INFO - Filling up the DagBag from /home/airflow/.local/lib/python3.7/site-packages/airflow/example_dags/example_short_circuit_operator.py
[2023-07-18T19:10:43.644+0000] {processor.py:836} INFO - DAG(s) dict_keys(['example_short_circuit_operator']) retrieved from /home/airflow/.local/lib/python3.7/site-packages/airflow/example_dags/example_short_circuit_operator.py
[2023-07-18T19:10:43.692+0000] {logging_mixin.py:150} INFO - [2023-07-18T19:10:43.691+0000] {dag.py:2742} INFO - Sync 1 DAGs
[2023-07-18T19:10:43.716+0000] {logging_mixin.py:150} INFO - [2023-07-18T19:10:43.716+0000] {dag.py:3508} INFO - Setting next_dagrun for example_short_circuit_operator to 2023-07-17T19:10:43.716392+00:00, run_after=2023-07-18T19:10:43.716392+00:00
[2023-07-18T19:10:43.739+0000] {processor.py:179} INFO - Processing /home/airflow/.local/lib/python3.7/site-packages/airflow/example_dags/example_short_circuit_operator.py took 0.114 seconds
[2023-07-18T19:11:16.633+0000] {processor.py:157} INFO - Started process (PID=373) to work on /home/airflow/.local/lib/python3.7/site-packages/airflow/example_dags/example_short_circuit_operator.py
[2023-07-18T19:11:16.638+0000] {processor.py:826} INFO - Processing file /home/airflow/.local/lib/python3.7/site-packages/airflow/example_dags/example_short_circuit_operator.py for tasks to queue
[2023-07-18T19:11:16.659+0000] {logging_mixin.py:150} INFO - [2023-07-18T19:11:16.656+0000] {dagbag.py:541} INFO - Filling up the DagBag from /home/airflow/.local/lib/python3.7/site-packages/airflow/example_dags/example_short_circuit_operator.py
[2023-07-18T19:11:16.749+0000] {processor.py:836} INFO - DAG(s) dict_keys(['example_short_circuit_operator']) retrieved from /home/airflow/.local/lib/python3.7/site-packages/airflow/example_dags/example_short_circuit_operator.py
[2023-07-18T19:11:16.823+0000] {logging_mixin.py:150} INFO - [2023-07-18T19:11:16.822+0000] {dag.py:2742} INFO - Sync 1 DAGs
[2023-07-18T19:11:16.899+0000] {logging_mixin.py:150} INFO - [2023-07-18T19:11:16.898+0000] {dag.py:3508} INFO - Setting next_dagrun for example_short_circuit_operator to 2023-07-17T19:11:16.898336+00:00, run_after=2023-07-18T19:11:16.898336+00:00
[2023-07-18T19:11:16.971+0000] {processor.py:179} INFO - Processing /home/airflow/.local/lib/python3.7/site-packages/airflow/example_dags/example_short_circuit_operator.py took 0.373 seconds
[2023-07-18T19:11:47.961+0000] {processor.py:157} INFO - Started process (PID=435) to work on /home/airflow/.local/lib/python3.7/site-packages/airflow/example_dags/example_short_circuit_operator.py
[2023-07-18T19:11:47.974+0000] {processor.py:826} INFO - Processing file /home/airflow/.local/lib/python3.7/site-packages/airflow/example_dags/example_short_circuit_operator.py for tasks to queue
[2023-07-18T19:11:47.988+0000] {logging_mixin.py:150} INFO - [2023-07-18T19:11:47.980+0000] {dagbag.py:541} INFO - Filling up the DagBag from /home/airflow/.local/lib/python3.7/site-packages/airflow/example_dags/example_short_circuit_operator.py
[2023-07-18T19:11:48.186+0000] {processor.py:836} INFO - DAG(s) dict_keys(['example_short_circuit_operator']) retrieved from /home/airflow/.local/lib/python3.7/site-packages/airflow/example_dags/example_short_circuit_operator.py
[2023-07-18T19:11:48.529+0000] {logging_mixin.py:150} INFO - [2023-07-18T19:11:48.526+0000] {dag.py:2742} INFO - Sync 1 DAGs
[2023-07-18T19:11:48.726+0000] {logging_mixin.py:150} INFO - [2023-07-18T19:11:48.726+0000] {dag.py:3508} INFO - Setting next_dagrun for example_short_circuit_operator to 2023-07-17T19:11:48.719525+00:00, run_after=2023-07-18T19:11:48.719525+00:00
[2023-07-18T19:11:48.903+0000] {processor.py:179} INFO - Processing /home/airflow/.local/lib/python3.7/site-packages/airflow/example_dags/example_short_circuit_operator.py took 1.031 seconds
[2023-07-18T19:12:50.676+0000] {processor.py:157} INFO - Started process (PID=504) to work on /home/airflow/.local/lib/python3.7/site-packages/airflow/example_dags/example_short_circuit_operator.py
[2023-07-18T19:12:50.686+0000] {processor.py:826} INFO - Processing file /home/airflow/.local/lib/python3.7/site-packages/airflow/example_dags/example_short_circuit_operator.py for tasks to queue
[2023-07-18T19:12:50.692+0000] {logging_mixin.py:150} INFO - [2023-07-18T19:12:50.690+0000] {dagbag.py:541} INFO - Filling up the DagBag from /home/airflow/.local/lib/python3.7/site-packages/airflow/example_dags/example_short_circuit_operator.py
[2023-07-18T19:12:50.760+0000] {processor.py:836} INFO - DAG(s) dict_keys(['example_short_circuit_operator']) retrieved from /home/airflow/.local/lib/python3.7/site-packages/airflow/example_dags/example_short_circuit_operator.py
[2023-07-18T19:12:51.283+0000] {logging_mixin.py:150} INFO - [2023-07-18T19:12:51.283+0000] {dag.py:2742} INFO - Sync 1 DAGs
[2023-07-18T19:12:51.483+0000] {logging_mixin.py:150} INFO - [2023-07-18T19:12:51.481+0000] {dag.py:3508} INFO - Setting next_dagrun for example_short_circuit_operator to 2023-07-17T19:12:51.476889+00:00, run_after=2023-07-18T19:12:51.476889+00:00
[2023-07-18T19:12:51.893+0000] {processor.py:179} INFO - Processing /home/airflow/.local/lib/python3.7/site-packages/airflow/example_dags/example_short_circuit_operator.py took 1.266 seconds
[2023-07-18T19:15:49.189+0000] {processor.py:157} INFO - Started process (PID=574) to work on /home/airflow/.local/lib/python3.7/site-packages/airflow/example_dags/example_short_circuit_operator.py
[2023-07-18T19:15:49.231+0000] {processor.py:826} INFO - Processing file /home/airflow/.local/lib/python3.7/site-packages/airflow/example_dags/example_short_circuit_operator.py for tasks to queue
[2023-07-18T19:15:49.280+0000] {logging_mixin.py:150} INFO - [2023-07-18T19:15:49.242+0000] {dagbag.py:541} INFO - Filling up the DagBag from /home/airflow/.local/lib/python3.7/site-packages/airflow/example_dags/example_short_circuit_operator.py
[2023-07-18T19:15:49.615+0000] {processor.py:836} INFO - DAG(s) dict_keys(['example_short_circuit_operator']) retrieved from /home/airflow/.local/lib/python3.7/site-packages/airflow/example_dags/example_short_circuit_operator.py
[2023-07-18T19:15:49.990+0000] {logging_mixin.py:150} INFO - [2023-07-18T19:15:49.988+0000] {dag.py:2742} INFO - Sync 1 DAGs
[2023-07-18T19:15:50.270+0000] {logging_mixin.py:150} INFO - [2023-07-18T19:15:50.269+0000] {dag.py:3508} INFO - Setting next_dagrun for example_short_circuit_operator to 2023-07-17T19:15:50.261020+00:00, run_after=2023-07-18T19:15:50.261020+00:00
[2023-07-18T19:15:50.487+0000] {processor.py:179} INFO - Processing /home/airflow/.local/lib/python3.7/site-packages/airflow/example_dags/example_short_circuit_operator.py took 1.356 seconds
[2023-07-18T19:19:25.469+0000] {processor.py:157} INFO - Started process (PID=654) to work on /home/airflow/.local/lib/python3.7/site-packages/airflow/example_dags/example_short_circuit_operator.py
[2023-07-18T19:19:25.473+0000] {processor.py:826} INFO - Processing file /home/airflow/.local/lib/python3.7/site-packages/airflow/example_dags/example_short_circuit_operator.py for tasks to queue
[2023-07-18T19:19:25.475+0000] {logging_mixin.py:150} INFO - [2023-07-18T19:19:25.474+0000] {dagbag.py:541} INFO - Filling up the DagBag from /home/airflow/.local/lib/python3.7/site-packages/airflow/example_dags/example_short_circuit_operator.py
[2023-07-18T19:19:25.546+0000] {processor.py:836} INFO - DAG(s) dict_keys(['example_short_circuit_operator']) retrieved from /home/airflow/.local/lib/python3.7/site-packages/airflow/example_dags/example_short_circuit_operator.py
[2023-07-18T19:19:25.870+0000] {logging_mixin.py:150} INFO - [2023-07-18T19:19:25.868+0000] {dag.py:2742} INFO - Sync 1 DAGs
[2023-07-18T19:19:26.367+0000] {logging_mixin.py:150} INFO - [2023-07-18T19:19:26.366+0000] {dag.py:3508} INFO - Setting next_dagrun for example_short_circuit_operator to 2023-07-17T19:19:26.360163+00:00, run_after=2023-07-18T19:19:26.360163+00:00
[2023-07-18T19:19:26.712+0000] {processor.py:179} INFO - Processing /home/airflow/.local/lib/python3.7/site-packages/airflow/example_dags/example_short_circuit_operator.py took 1.246 seconds
