[2023-07-18T19:05:47.423+0000] {processor.py:157} INFO - Started process (PID=57) to work on /home/airflow/.local/lib/python3.7/site-packages/airflow/example_dags/example_branch_datetime_operator.py
[2023-07-18T19:05:47.426+0000] {processor.py:826} INFO - Processing file /home/airflow/.local/lib/python3.7/site-packages/airflow/example_dags/example_branch_datetime_operator.py for tasks to queue
[2023-07-18T19:05:47.428+0000] {logging_mixin.py:150} INFO - [2023-07-18T19:05:47.428+0000] {dagbag.py:541} INFO - Filling up the DagBag from /home/airflow/.local/lib/python3.7/site-packages/airflow/example_dags/example_branch_datetime_operator.py
[2023-07-18T19:05:47.448+0000] {processor.py:836} INFO - DAG(s) dict_keys(['example_branch_datetime_operator', 'example_branch_datetime_operator_2', 'example_branch_datetime_operator_3']) retrieved from /home/airflow/.local/lib/python3.7/site-packages/airflow/example_dags/example_branch_datetime_operator.py
[2023-07-18T19:05:48.534+0000] {logging_mixin.py:150} INFO - [2023-07-18T19:05:48.533+0000] {dag.py:2742} INFO - Sync 3 DAGs
[2023-07-18T19:05:48.568+0000] {logging_mixin.py:150} INFO - [2023-07-18T19:05:48.567+0000] {dag.py:3508} INFO - Setting next_dagrun for example_branch_datetime_operator to 2023-07-17T00:00:00+00:00, run_after=2023-07-18T00:00:00+00:00
[2023-07-18T19:05:48.587+0000] {logging_mixin.py:150} INFO - [2023-07-18T19:05:48.587+0000] {dag.py:3508} INFO - Setting next_dagrun for example_branch_datetime_operator_2 to 2023-07-17T00:00:00+00:00, run_after=2023-07-18T00:00:00+00:00
[2023-07-18T19:05:48.594+0000] {logging_mixin.py:150} INFO - [2023-07-18T19:05:48.594+0000] {dag.py:3508} INFO - Setting next_dagrun for example_branch_datetime_operator_3 to 2023-07-17T00:00:00+00:00, run_after=2023-07-18T00:00:00+00:00
[2023-07-18T19:05:48.625+0000] {processor.py:179} INFO - Processing /home/airflow/.local/lib/python3.7/site-packages/airflow/example_dags/example_branch_datetime_operator.py took 1.205 seconds
[2023-07-18T19:06:20.843+0000] {processor.py:157} INFO - Started process (PID=119) to work on /home/airflow/.local/lib/python3.7/site-packages/airflow/example_dags/example_branch_datetime_operator.py
[2023-07-18T19:06:20.873+0000] {processor.py:826} INFO - Processing file /home/airflow/.local/lib/python3.7/site-packages/airflow/example_dags/example_branch_datetime_operator.py for tasks to queue
[2023-07-18T19:06:20.887+0000] {logging_mixin.py:150} INFO - [2023-07-18T19:06:20.884+0000] {dagbag.py:541} INFO - Filling up the DagBag from /home/airflow/.local/lib/python3.7/site-packages/airflow/example_dags/example_branch_datetime_operator.py
[2023-07-18T19:06:21.003+0000] {processor.py:836} INFO - DAG(s) dict_keys(['example_branch_datetime_operator_3', 'example_branch_datetime_operator_2', 'example_branch_datetime_operator']) retrieved from /home/airflow/.local/lib/python3.7/site-packages/airflow/example_dags/example_branch_datetime_operator.py
[2023-07-18T19:06:21.469+0000] {logging_mixin.py:150} INFO - [2023-07-18T19:06:21.469+0000] {dag.py:2742} INFO - Sync 3 DAGs
[2023-07-18T19:06:21.664+0000] {logging_mixin.py:150} INFO - [2023-07-18T19:06:21.662+0000] {dag.py:3508} INFO - Setting next_dagrun for example_branch_datetime_operator to 2023-07-17T00:00:00+00:00, run_after=2023-07-18T00:00:00+00:00
[2023-07-18T19:06:21.679+0000] {logging_mixin.py:150} INFO - [2023-07-18T19:06:21.679+0000] {dag.py:3508} INFO - Setting next_dagrun for example_branch_datetime_operator_2 to 2023-07-17T00:00:00+00:00, run_after=2023-07-18T00:00:00+00:00
[2023-07-18T19:06:21.683+0000] {logging_mixin.py:150} INFO - [2023-07-18T19:06:21.683+0000] {dag.py:3508} INFO - Setting next_dagrun for example_branch_datetime_operator_3 to 2023-07-17T00:00:00+00:00, run_after=2023-07-18T00:00:00+00:00
[2023-07-18T19:06:21.745+0000] {processor.py:179} INFO - Processing /home/airflow/.local/lib/python3.7/site-packages/airflow/example_dags/example_branch_datetime_operator.py took 1.004 seconds
[2023-07-18T19:07:54.442+0000] {processor.py:157} INFO - Started process (PID=57) to work on /home/airflow/.local/lib/python3.7/site-packages/airflow/example_dags/example_branch_datetime_operator.py
[2023-07-18T19:07:54.458+0000] {processor.py:826} INFO - Processing file /home/airflow/.local/lib/python3.7/site-packages/airflow/example_dags/example_branch_datetime_operator.py for tasks to queue
[2023-07-18T19:07:54.461+0000] {logging_mixin.py:150} INFO - [2023-07-18T19:07:54.461+0000] {dagbag.py:541} INFO - Filling up the DagBag from /home/airflow/.local/lib/python3.7/site-packages/airflow/example_dags/example_branch_datetime_operator.py
[2023-07-18T19:07:54.498+0000] {processor.py:836} INFO - DAG(s) dict_keys(['example_branch_datetime_operator', 'example_branch_datetime_operator_2', 'example_branch_datetime_operator_3']) retrieved from /home/airflow/.local/lib/python3.7/site-packages/airflow/example_dags/example_branch_datetime_operator.py
[2023-07-18T19:07:54.788+0000] {logging_mixin.py:150} INFO - [2023-07-18T19:07:54.787+0000] {dag.py:2742} INFO - Sync 3 DAGs
[2023-07-18T19:07:54.823+0000] {logging_mixin.py:150} INFO - [2023-07-18T19:07:54.822+0000] {dag.py:3508} INFO - Setting next_dagrun for example_branch_datetime_operator to 2023-07-17T00:00:00+00:00, run_after=2023-07-18T00:00:00+00:00
[2023-07-18T19:07:54.834+0000] {logging_mixin.py:150} INFO - [2023-07-18T19:07:54.833+0000] {dag.py:3508} INFO - Setting next_dagrun for example_branch_datetime_operator_2 to 2023-07-17T00:00:00+00:00, run_after=2023-07-18T00:00:00+00:00
[2023-07-18T19:07:54.839+0000] {logging_mixin.py:150} INFO - [2023-07-18T19:07:54.839+0000] {dag.py:3508} INFO - Setting next_dagrun for example_branch_datetime_operator_3 to 2023-07-17T00:00:00+00:00, run_after=2023-07-18T00:00:00+00:00
[2023-07-18T19:07:54.860+0000] {processor.py:179} INFO - Processing /home/airflow/.local/lib/python3.7/site-packages/airflow/example_dags/example_branch_datetime_operator.py took 0.438 seconds
[2023-07-18T19:08:28.950+0000] {processor.py:157} INFO - Started process (PID=119) to work on /home/airflow/.local/lib/python3.7/site-packages/airflow/example_dags/example_branch_datetime_operator.py
[2023-07-18T19:08:28.954+0000] {processor.py:826} INFO - Processing file /home/airflow/.local/lib/python3.7/site-packages/airflow/example_dags/example_branch_datetime_operator.py for tasks to queue
[2023-07-18T19:08:28.959+0000] {logging_mixin.py:150} INFO - [2023-07-18T19:08:28.958+0000] {dagbag.py:541} INFO - Filling up the DagBag from /home/airflow/.local/lib/python3.7/site-packages/airflow/example_dags/example_branch_datetime_operator.py
[2023-07-18T19:08:29.048+0000] {processor.py:836} INFO - DAG(s) dict_keys(['example_branch_datetime_operator_3', 'example_branch_datetime_operator', 'example_branch_datetime_operator_2']) retrieved from /home/airflow/.local/lib/python3.7/site-packages/airflow/example_dags/example_branch_datetime_operator.py
[2023-07-18T19:08:29.488+0000] {logging_mixin.py:150} INFO - [2023-07-18T19:08:29.487+0000] {dag.py:2742} INFO - Sync 3 DAGs
[2023-07-18T19:08:29.684+0000] {logging_mixin.py:150} INFO - [2023-07-18T19:08:29.684+0000] {dag.py:3508} INFO - Setting next_dagrun for example_branch_datetime_operator to 2023-07-17T00:00:00+00:00, run_after=2023-07-18T00:00:00+00:00
[2023-07-18T19:08:29.709+0000] {logging_mixin.py:150} INFO - [2023-07-18T19:08:29.709+0000] {dag.py:3508} INFO - Setting next_dagrun for example_branch_datetime_operator_2 to 2023-07-17T00:00:00+00:00, run_after=2023-07-18T00:00:00+00:00
[2023-07-18T19:08:29.717+0000] {logging_mixin.py:150} INFO - [2023-07-18T19:08:29.716+0000] {dag.py:3508} INFO - Setting next_dagrun for example_branch_datetime_operator_3 to 2023-07-17T00:00:00+00:00, run_after=2023-07-18T00:00:00+00:00
[2023-07-18T19:08:29.811+0000] {processor.py:179} INFO - Processing /home/airflow/.local/lib/python3.7/site-packages/airflow/example_dags/example_branch_datetime_operator.py took 0.887 seconds
[2023-07-18T19:09:04.650+0000] {processor.py:157} INFO - Started process (PID=182) to work on /home/airflow/.local/lib/python3.7/site-packages/airflow/example_dags/example_branch_datetime_operator.py
[2023-07-18T19:09:04.655+0000] {processor.py:826} INFO - Processing file /home/airflow/.local/lib/python3.7/site-packages/airflow/example_dags/example_branch_datetime_operator.py for tasks to queue
[2023-07-18T19:09:04.658+0000] {logging_mixin.py:150} INFO - [2023-07-18T19:09:04.658+0000] {dagbag.py:541} INFO - Filling up the DagBag from /home/airflow/.local/lib/python3.7/site-packages/airflow/example_dags/example_branch_datetime_operator.py
[2023-07-18T19:09:04.682+0000] {processor.py:836} INFO - DAG(s) dict_keys(['example_branch_datetime_operator_2', 'example_branch_datetime_operator_3', 'example_branch_datetime_operator']) retrieved from /home/airflow/.local/lib/python3.7/site-packages/airflow/example_dags/example_branch_datetime_operator.py
[2023-07-18T19:09:04.758+0000] {logging_mixin.py:150} INFO - [2023-07-18T19:09:04.758+0000] {dag.py:2742} INFO - Sync 3 DAGs
[2023-07-18T19:09:04.790+0000] {logging_mixin.py:150} INFO - [2023-07-18T19:09:04.790+0000] {dag.py:3508} INFO - Setting next_dagrun for example_branch_datetime_operator to 2023-07-17T00:00:00+00:00, run_after=2023-07-18T00:00:00+00:00
[2023-07-18T19:09:04.804+0000] {logging_mixin.py:150} INFO - [2023-07-18T19:09:04.804+0000] {dag.py:3508} INFO - Setting next_dagrun for example_branch_datetime_operator_2 to 2023-07-17T00:00:00+00:00, run_after=2023-07-18T00:00:00+00:00
[2023-07-18T19:09:04.807+0000] {logging_mixin.py:150} INFO - [2023-07-18T19:09:04.807+0000] {dag.py:3508} INFO - Setting next_dagrun for example_branch_datetime_operator_3 to 2023-07-17T00:00:00+00:00, run_after=2023-07-18T00:00:00+00:00
[2023-07-18T19:09:04.915+0000] {processor.py:179} INFO - Processing /home/airflow/.local/lib/python3.7/site-packages/airflow/example_dags/example_branch_datetime_operator.py took 0.269 seconds
[2023-07-18T19:10:15.502+0000] {processor.py:157} INFO - Started process (PID=253) to work on /home/airflow/.local/lib/python3.7/site-packages/airflow/example_dags/example_branch_datetime_operator.py
[2023-07-18T19:10:15.524+0000] {processor.py:826} INFO - Processing file /home/airflow/.local/lib/python3.7/site-packages/airflow/example_dags/example_branch_datetime_operator.py for tasks to queue
[2023-07-18T19:10:15.547+0000] {logging_mixin.py:150} INFO - [2023-07-18T19:10:15.533+0000] {dagbag.py:541} INFO - Filling up the DagBag from /home/airflow/.local/lib/python3.7/site-packages/airflow/example_dags/example_branch_datetime_operator.py
[2023-07-18T19:10:15.915+0000] {processor.py:836} INFO - DAG(s) dict_keys(['example_branch_datetime_operator', 'example_branch_datetime_operator_3', 'example_branch_datetime_operator_2']) retrieved from /home/airflow/.local/lib/python3.7/site-packages/airflow/example_dags/example_branch_datetime_operator.py
[2023-07-18T19:10:16.773+0000] {logging_mixin.py:150} INFO - [2023-07-18T19:10:16.756+0000] {dag.py:2742} INFO - Sync 3 DAGs
[2023-07-18T19:10:16.933+0000] {logging_mixin.py:150} INFO - [2023-07-18T19:10:16.930+0000] {dag.py:3508} INFO - Setting next_dagrun for example_branch_datetime_operator to 2023-07-17T00:00:00+00:00, run_after=2023-07-18T00:00:00+00:00
[2023-07-18T19:10:16.959+0000] {logging_mixin.py:150} INFO - [2023-07-18T19:10:16.959+0000] {dag.py:3508} INFO - Setting next_dagrun for example_branch_datetime_operator_2 to 2023-07-17T00:00:00+00:00, run_after=2023-07-18T00:00:00+00:00
[2023-07-18T19:10:17.001+0000] {logging_mixin.py:150} INFO - [2023-07-18T19:10:17.001+0000] {dag.py:3508} INFO - Setting next_dagrun for example_branch_datetime_operator_3 to 2023-07-17T00:00:00+00:00, run_after=2023-07-18T00:00:00+00:00
[2023-07-18T19:10:17.941+0000] {processor.py:179} INFO - Processing /home/airflow/.local/lib/python3.7/site-packages/airflow/example_dags/example_branch_datetime_operator.py took 2.459 seconds
[2023-07-18T19:10:48.644+0000] {processor.py:157} INFO - Started process (PID=316) to work on /home/airflow/.local/lib/python3.7/site-packages/airflow/example_dags/example_branch_datetime_operator.py
[2023-07-18T19:10:48.680+0000] {processor.py:826} INFO - Processing file /home/airflow/.local/lib/python3.7/site-packages/airflow/example_dags/example_branch_datetime_operator.py for tasks to queue
[2023-07-18T19:10:48.722+0000] {logging_mixin.py:150} INFO - [2023-07-18T19:10:48.716+0000] {dagbag.py:541} INFO - Filling up the DagBag from /home/airflow/.local/lib/python3.7/site-packages/airflow/example_dags/example_branch_datetime_operator.py
[2023-07-18T19:10:48.866+0000] {processor.py:836} INFO - DAG(s) dict_keys(['example_branch_datetime_operator', 'example_branch_datetime_operator_3', 'example_branch_datetime_operator_2']) retrieved from /home/airflow/.local/lib/python3.7/site-packages/airflow/example_dags/example_branch_datetime_operator.py
[2023-07-18T19:10:51.118+0000] {logging_mixin.py:150} INFO - [2023-07-18T19:10:51.102+0000] {dag.py:2742} INFO - Sync 3 DAGs
[2023-07-18T19:10:51.255+0000] {logging_mixin.py:150} INFO - [2023-07-18T19:10:51.255+0000] {dag.py:3508} INFO - Setting next_dagrun for example_branch_datetime_operator to 2023-07-17T00:00:00+00:00, run_after=2023-07-18T00:00:00+00:00
[2023-07-18T19:10:51.263+0000] {logging_mixin.py:150} INFO - [2023-07-18T19:10:51.262+0000] {dag.py:3508} INFO - Setting next_dagrun for example_branch_datetime_operator_2 to 2023-07-17T00:00:00+00:00, run_after=2023-07-18T00:00:00+00:00
[2023-07-18T19:10:51.276+0000] {logging_mixin.py:150} INFO - [2023-07-18T19:10:51.276+0000] {dag.py:3508} INFO - Setting next_dagrun for example_branch_datetime_operator_3 to 2023-07-17T00:00:00+00:00, run_after=2023-07-18T00:00:00+00:00
[2023-07-18T19:10:51.431+0000] {processor.py:179} INFO - Processing /home/airflow/.local/lib/python3.7/site-packages/airflow/example_dags/example_branch_datetime_operator.py took 2.810 seconds
[2023-07-18T19:11:24.259+0000] {processor.py:157} INFO - Started process (PID=382) to work on /home/airflow/.local/lib/python3.7/site-packages/airflow/example_dags/example_branch_datetime_operator.py
[2023-07-18T19:11:24.404+0000] {processor.py:826} INFO - Processing file /home/airflow/.local/lib/python3.7/site-packages/airflow/example_dags/example_branch_datetime_operator.py for tasks to queue
[2023-07-18T19:11:24.489+0000] {logging_mixin.py:150} INFO - [2023-07-18T19:11:24.441+0000] {dagbag.py:541} INFO - Filling up the DagBag from /home/airflow/.local/lib/python3.7/site-packages/airflow/example_dags/example_branch_datetime_operator.py
[2023-07-18T19:11:25.624+0000] {processor.py:836} INFO - DAG(s) dict_keys(['example_branch_datetime_operator_3', 'example_branch_datetime_operator', 'example_branch_datetime_operator_2']) retrieved from /home/airflow/.local/lib/python3.7/site-packages/airflow/example_dags/example_branch_datetime_operator.py
[2023-07-18T19:11:30.546+0000] {logging_mixin.py:150} INFO - [2023-07-18T19:11:30.537+0000] {dag.py:2742} INFO - Sync 3 DAGs
[2023-07-18T19:11:32.724+0000] {logging_mixin.py:150} INFO - [2023-07-18T19:11:32.716+0000] {dag.py:3508} INFO - Setting next_dagrun for example_branch_datetime_operator to 2023-07-17T00:00:00+00:00, run_after=2023-07-18T00:00:00+00:00
[2023-07-18T19:11:32.777+0000] {logging_mixin.py:150} INFO - [2023-07-18T19:11:32.777+0000] {dag.py:3508} INFO - Setting next_dagrun for example_branch_datetime_operator_2 to 2023-07-17T00:00:00+00:00, run_after=2023-07-18T00:00:00+00:00
[2023-07-18T19:11:32.803+0000] {logging_mixin.py:150} INFO - [2023-07-18T19:11:32.802+0000] {dag.py:3508} INFO - Setting next_dagrun for example_branch_datetime_operator_3 to 2023-07-17T00:00:00+00:00, run_after=2023-07-18T00:00:00+00:00
[2023-07-18T19:11:32.891+0000] {processor.py:179} INFO - Processing /home/airflow/.local/lib/python3.7/site-packages/airflow/example_dags/example_branch_datetime_operator.py took 8.924 seconds
[2023-07-18T19:12:04.840+0000] {processor.py:157} INFO - Started process (PID=450) to work on /home/airflow/.local/lib/python3.7/site-packages/airflow/example_dags/example_branch_datetime_operator.py
[2023-07-18T19:12:04.941+0000] {processor.py:826} INFO - Processing file /home/airflow/.local/lib/python3.7/site-packages/airflow/example_dags/example_branch_datetime_operator.py for tasks to queue
[2023-07-18T19:12:05.114+0000] {logging_mixin.py:150} INFO - [2023-07-18T19:12:05.069+0000] {dagbag.py:541} INFO - Filling up the DagBag from /home/airflow/.local/lib/python3.7/site-packages/airflow/example_dags/example_branch_datetime_operator.py
[2023-07-18T19:12:05.696+0000] {processor.py:836} INFO - DAG(s) dict_keys(['example_branch_datetime_operator', 'example_branch_datetime_operator_3', 'example_branch_datetime_operator_2']) retrieved from /home/airflow/.local/lib/python3.7/site-packages/airflow/example_dags/example_branch_datetime_operator.py
[2023-07-18T19:12:09.183+0000] {logging_mixin.py:150} INFO - [2023-07-18T19:12:09.183+0000] {dag.py:2742} INFO - Sync 3 DAGs
[2023-07-18T19:12:09.481+0000] {logging_mixin.py:150} INFO - [2023-07-18T19:12:09.479+0000] {dag.py:3508} INFO - Setting next_dagrun for example_branch_datetime_operator to 2023-07-17T00:00:00+00:00, run_after=2023-07-18T00:00:00+00:00
[2023-07-18T19:12:09.538+0000] {logging_mixin.py:150} INFO - [2023-07-18T19:12:09.537+0000] {dag.py:3508} INFO - Setting next_dagrun for example_branch_datetime_operator_2 to 2023-07-17T00:00:00+00:00, run_after=2023-07-18T00:00:00+00:00
[2023-07-18T19:12:09.548+0000] {logging_mixin.py:150} INFO - [2023-07-18T19:12:09.548+0000] {dag.py:3508} INFO - Setting next_dagrun for example_branch_datetime_operator_3 to 2023-07-17T00:00:00+00:00, run_after=2023-07-18T00:00:00+00:00
[2023-07-18T19:12:09.779+0000] {processor.py:179} INFO - Processing /home/airflow/.local/lib/python3.7/site-packages/airflow/example_dags/example_branch_datetime_operator.py took 5.407 seconds
[2023-07-18T19:13:13.123+0000] {processor.py:157} INFO - Started process (PID=519) to work on /home/airflow/.local/lib/python3.7/site-packages/airflow/example_dags/example_branch_datetime_operator.py
[2023-07-18T19:13:13.220+0000] {processor.py:826} INFO - Processing file /home/airflow/.local/lib/python3.7/site-packages/airflow/example_dags/example_branch_datetime_operator.py for tasks to queue
[2023-07-18T19:13:13.251+0000] {logging_mixin.py:150} INFO - [2023-07-18T19:13:13.233+0000] {dagbag.py:541} INFO - Filling up the DagBag from /home/airflow/.local/lib/python3.7/site-packages/airflow/example_dags/example_branch_datetime_operator.py
[2023-07-18T19:13:14.458+0000] {processor.py:836} INFO - DAG(s) dict_keys(['example_branch_datetime_operator', 'example_branch_datetime_operator_3', 'example_branch_datetime_operator_2']) retrieved from /home/airflow/.local/lib/python3.7/site-packages/airflow/example_dags/example_branch_datetime_operator.py
[2023-07-18T19:13:15.784+0000] {logging_mixin.py:150} INFO - [2023-07-18T19:13:15.766+0000] {dag.py:2742} INFO - Sync 3 DAGs
[2023-07-18T19:13:16.882+0000] {logging_mixin.py:150} INFO - [2023-07-18T19:13:16.828+0000] {dag.py:3508} INFO - Setting next_dagrun for example_branch_datetime_operator to 2023-07-17T00:00:00+00:00, run_after=2023-07-18T00:00:00+00:00
[2023-07-18T19:13:17.013+0000] {logging_mixin.py:150} INFO - [2023-07-18T19:13:17.005+0000] {dag.py:3508} INFO - Setting next_dagrun for example_branch_datetime_operator_2 to 2023-07-17T00:00:00+00:00, run_after=2023-07-18T00:00:00+00:00
[2023-07-18T19:13:17.038+0000] {logging_mixin.py:150} INFO - [2023-07-18T19:13:17.036+0000] {dag.py:3508} INFO - Setting next_dagrun for example_branch_datetime_operator_3 to 2023-07-17T00:00:00+00:00, run_after=2023-07-18T00:00:00+00:00
[2023-07-18T19:13:19.033+0000] {processor.py:179} INFO - Processing /home/airflow/.local/lib/python3.7/site-packages/airflow/example_dags/example_branch_datetime_operator.py took 6.366 seconds
[2023-07-18T19:20:29.388+0000] {processor.py:157} INFO - Started process (PID=676) to work on /home/airflow/.local/lib/python3.7/site-packages/airflow/example_dags/example_branch_datetime_operator.py
[2023-07-18T19:20:29.431+0000] {processor.py:826} INFO - Processing file /home/airflow/.local/lib/python3.7/site-packages/airflow/example_dags/example_branch_datetime_operator.py for tasks to queue
[2023-07-18T19:20:29.487+0000] {logging_mixin.py:150} INFO - [2023-07-18T19:20:29.467+0000] {dagbag.py:541} INFO - Filling up the DagBag from /home/airflow/.local/lib/python3.7/site-packages/airflow/example_dags/example_branch_datetime_operator.py
[2023-07-18T19:20:29.872+0000] {processor.py:836} INFO - DAG(s) dict_keys(['example_branch_datetime_operator_3', 'example_branch_datetime_operator_2', 'example_branch_datetime_operator']) retrieved from /home/airflow/.local/lib/python3.7/site-packages/airflow/example_dags/example_branch_datetime_operator.py
[2023-07-18T19:20:30.821+0000] {logging_mixin.py:150} INFO - [2023-07-18T19:20:30.821+0000] {dag.py:2742} INFO - Sync 3 DAGs
[2023-07-18T19:20:31.245+0000] {logging_mixin.py:150} INFO - [2023-07-18T19:20:31.245+0000] {dag.py:3508} INFO - Setting next_dagrun for example_branch_datetime_operator to 2023-07-17T00:00:00+00:00, run_after=2023-07-18T00:00:00+00:00
[2023-07-18T19:20:31.319+0000] {logging_mixin.py:150} INFO - [2023-07-18T19:20:31.319+0000] {dag.py:3508} INFO - Setting next_dagrun for example_branch_datetime_operator_2 to 2023-07-17T00:00:00+00:00, run_after=2023-07-18T00:00:00+00:00
[2023-07-18T19:20:31.326+0000] {logging_mixin.py:150} INFO - [2023-07-18T19:20:31.326+0000] {dag.py:3508} INFO - Setting next_dagrun for example_branch_datetime_operator_3 to 2023-07-17T00:00:00+00:00, run_after=2023-07-18T00:00:00+00:00
[2023-07-18T19:20:31.472+0000] {processor.py:179} INFO - Processing /home/airflow/.local/lib/python3.7/site-packages/airflow/example_dags/example_branch_datetime_operator.py took 2.254 seconds
