[2023-07-18T19:05:37.950+0000] {processor.py:157} INFO - Started process (PID=39) to work on /home/airflow/.local/lib/python3.7/site-packages/airflow/example_dags/example_branch_operator_decorator.py
[2023-07-18T19:05:37.956+0000] {processor.py:826} INFO - Processing file /home/airflow/.local/lib/python3.7/site-packages/airflow/example_dags/example_branch_operator_decorator.py for tasks to queue
[2023-07-18T19:05:37.969+0000] {logging_mixin.py:150} INFO - [2023-07-18T19:05:37.965+0000] {dagbag.py:541} INFO - Filling up the DagBag from /home/airflow/.local/lib/python3.7/site-packages/airflow/example_dags/example_branch_operator_decorator.py
[2023-07-18T19:05:38.034+0000] {processor.py:836} INFO - DAG(s) dict_keys(['example_branch_python_operator_decorator']) retrieved from /home/airflow/.local/lib/python3.7/site-packages/airflow/example_dags/example_branch_operator_decorator.py
[2023-07-18T19:05:38.285+0000] {logging_mixin.py:150} INFO - [2023-07-18T19:05:38.284+0000] {dag.py:2742} INFO - Sync 1 DAGs
[2023-07-18T19:05:39.054+0000] {logging_mixin.py:150} INFO - [2023-07-18T19:05:39.054+0000] {dag.py:3508} INFO - Setting next_dagrun for example_branch_python_operator_decorator to 2023-07-17T00:00:00+00:00, run_after=2023-07-18T00:00:00+00:00
[2023-07-18T19:05:39.088+0000] {processor.py:179} INFO - Processing /home/airflow/.local/lib/python3.7/site-packages/airflow/example_dags/example_branch_operator_decorator.py took 1.150 seconds
[2023-07-18T19:06:11.055+0000] {processor.py:157} INFO - Started process (PID=101) to work on /home/airflow/.local/lib/python3.7/site-packages/airflow/example_dags/example_branch_operator_decorator.py
[2023-07-18T19:06:11.062+0000] {processor.py:826} INFO - Processing file /home/airflow/.local/lib/python3.7/site-packages/airflow/example_dags/example_branch_operator_decorator.py for tasks to queue
[2023-07-18T19:06:11.072+0000] {logging_mixin.py:150} INFO - [2023-07-18T19:06:11.069+0000] {dagbag.py:541} INFO - Filling up the DagBag from /home/airflow/.local/lib/python3.7/site-packages/airflow/example_dags/example_branch_operator_decorator.py
[2023-07-18T19:06:11.210+0000] {processor.py:836} INFO - DAG(s) dict_keys(['example_branch_python_operator_decorator']) retrieved from /home/airflow/.local/lib/python3.7/site-packages/airflow/example_dags/example_branch_operator_decorator.py
[2023-07-18T19:06:11.385+0000] {logging_mixin.py:150} INFO - [2023-07-18T19:06:11.383+0000] {dag.py:2742} INFO - Sync 1 DAGs
[2023-07-18T19:06:11.474+0000] {logging_mixin.py:150} INFO - [2023-07-18T19:06:11.474+0000] {dag.py:3508} INFO - Setting next_dagrun for example_branch_python_operator_decorator to 2023-07-17T00:00:00+00:00, run_after=2023-07-18T00:00:00+00:00
[2023-07-18T19:06:11.551+0000] {processor.py:179} INFO - Processing /home/airflow/.local/lib/python3.7/site-packages/airflow/example_dags/example_branch_operator_decorator.py took 0.520 seconds
[2023-07-18T19:06:42.014+0000] {processor.py:157} INFO - Started process (PID=158) to work on /home/airflow/.local/lib/python3.7/site-packages/airflow/example_dags/example_branch_operator_decorator.py
[2023-07-18T19:06:42.017+0000] {processor.py:826} INFO - Processing file /home/airflow/.local/lib/python3.7/site-packages/airflow/example_dags/example_branch_operator_decorator.py for tasks to queue
[2023-07-18T19:06:42.019+0000] {logging_mixin.py:150} INFO - [2023-07-18T19:06:42.019+0000] {dagbag.py:541} INFO - Filling up the DagBag from /home/airflow/.local/lib/python3.7/site-packages/airflow/example_dags/example_branch_operator_decorator.py
[2023-07-18T19:06:42.073+0000] {processor.py:836} INFO - DAG(s) dict_keys(['example_branch_python_operator_decorator']) retrieved from /home/airflow/.local/lib/python3.7/site-packages/airflow/example_dags/example_branch_operator_decorator.py
[2023-07-18T19:06:42.154+0000] {logging_mixin.py:150} INFO - [2023-07-18T19:06:42.153+0000] {dag.py:2742} INFO - Sync 1 DAGs
[2023-07-18T19:06:42.217+0000] {logging_mixin.py:150} INFO - [2023-07-18T19:06:42.216+0000] {dag.py:3508} INFO - Setting next_dagrun for example_branch_python_operator_decorator to 2023-07-17T00:00:00+00:00, run_after=2023-07-18T00:00:00+00:00
[2023-07-18T19:06:42.243+0000] {processor.py:179} INFO - Processing /home/airflow/.local/lib/python3.7/site-packages/airflow/example_dags/example_branch_operator_decorator.py took 0.242 seconds
[2023-07-18T19:07:49.605+0000] {processor.py:157} INFO - Started process (PID=39) to work on /home/airflow/.local/lib/python3.7/site-packages/airflow/example_dags/example_branch_operator_decorator.py
[2023-07-18T19:07:49.613+0000] {processor.py:826} INFO - Processing file /home/airflow/.local/lib/python3.7/site-packages/airflow/example_dags/example_branch_operator_decorator.py for tasks to queue
[2023-07-18T19:07:49.619+0000] {logging_mixin.py:150} INFO - [2023-07-18T19:07:49.617+0000] {dagbag.py:541} INFO - Filling up the DagBag from /home/airflow/.local/lib/python3.7/site-packages/airflow/example_dags/example_branch_operator_decorator.py
[2023-07-18T19:07:49.679+0000] {processor.py:836} INFO - DAG(s) dict_keys(['example_branch_python_operator_decorator']) retrieved from /home/airflow/.local/lib/python3.7/site-packages/airflow/example_dags/example_branch_operator_decorator.py
[2023-07-18T19:07:49.807+0000] {logging_mixin.py:150} INFO - [2023-07-18T19:07:49.807+0000] {dag.py:2742} INFO - Sync 1 DAGs
[2023-07-18T19:07:50.139+0000] {logging_mixin.py:150} INFO - [2023-07-18T19:07:50.138+0000] {dag.py:3508} INFO - Setting next_dagrun for example_branch_python_operator_decorator to 2023-07-17T00:00:00+00:00, run_after=2023-07-18T00:00:00+00:00
[2023-07-18T19:07:50.195+0000] {processor.py:179} INFO - Processing /home/airflow/.local/lib/python3.7/site-packages/airflow/example_dags/example_branch_operator_decorator.py took 0.597 seconds
[2023-07-18T19:08:23.654+0000] {processor.py:157} INFO - Started process (PID=101) to work on /home/airflow/.local/lib/python3.7/site-packages/airflow/example_dags/example_branch_operator_decorator.py
[2023-07-18T19:08:23.664+0000] {processor.py:826} INFO - Processing file /home/airflow/.local/lib/python3.7/site-packages/airflow/example_dags/example_branch_operator_decorator.py for tasks to queue
[2023-07-18T19:08:23.679+0000] {logging_mixin.py:150} INFO - [2023-07-18T19:08:23.678+0000] {dagbag.py:541} INFO - Filling up the DagBag from /home/airflow/.local/lib/python3.7/site-packages/airflow/example_dags/example_branch_operator_decorator.py
[2023-07-18T19:08:23.812+0000] {processor.py:836} INFO - DAG(s) dict_keys(['example_branch_python_operator_decorator']) retrieved from /home/airflow/.local/lib/python3.7/site-packages/airflow/example_dags/example_branch_operator_decorator.py
[2023-07-18T19:08:24.163+0000] {logging_mixin.py:150} INFO - [2023-07-18T19:08:24.163+0000] {dag.py:2742} INFO - Sync 1 DAGs
[2023-07-18T19:08:24.361+0000] {logging_mixin.py:150} INFO - [2023-07-18T19:08:24.361+0000] {dag.py:3508} INFO - Setting next_dagrun for example_branch_python_operator_decorator to 2023-07-17T00:00:00+00:00, run_after=2023-07-18T00:00:00+00:00
[2023-07-18T19:08:24.748+0000] {processor.py:179} INFO - Processing /home/airflow/.local/lib/python3.7/site-packages/airflow/example_dags/example_branch_operator_decorator.py took 1.145 seconds
[2023-07-18T19:08:55.153+0000] {processor.py:157} INFO - Started process (PID=163) to work on /home/airflow/.local/lib/python3.7/site-packages/airflow/example_dags/example_branch_operator_decorator.py
[2023-07-18T19:08:55.173+0000] {processor.py:826} INFO - Processing file /home/airflow/.local/lib/python3.7/site-packages/airflow/example_dags/example_branch_operator_decorator.py for tasks to queue
[2023-07-18T19:08:55.180+0000] {logging_mixin.py:150} INFO - [2023-07-18T19:08:55.179+0000] {dagbag.py:541} INFO - Filling up the DagBag from /home/airflow/.local/lib/python3.7/site-packages/airflow/example_dags/example_branch_operator_decorator.py
[2023-07-18T19:08:55.248+0000] {processor.py:836} INFO - DAG(s) dict_keys(['example_branch_python_operator_decorator']) retrieved from /home/airflow/.local/lib/python3.7/site-packages/airflow/example_dags/example_branch_operator_decorator.py
[2023-07-18T19:08:55.331+0000] {logging_mixin.py:150} INFO - [2023-07-18T19:08:55.331+0000] {dag.py:2742} INFO - Sync 1 DAGs
[2023-07-18T19:08:55.371+0000] {logging_mixin.py:150} INFO - [2023-07-18T19:08:55.370+0000] {dag.py:3508} INFO - Setting next_dagrun for example_branch_python_operator_decorator to 2023-07-17T00:00:00+00:00, run_after=2023-07-18T00:00:00+00:00
[2023-07-18T19:08:55.416+0000] {processor.py:179} INFO - Processing /home/airflow/.local/lib/python3.7/site-packages/airflow/example_dags/example_branch_operator_decorator.py took 0.268 seconds
[2023-07-18T19:10:09.736+0000] {processor.py:157} INFO - Started process (PID=235) to work on /home/airflow/.local/lib/python3.7/site-packages/airflow/example_dags/example_branch_operator_decorator.py
[2023-07-18T19:10:09.739+0000] {processor.py:826} INFO - Processing file /home/airflow/.local/lib/python3.7/site-packages/airflow/example_dags/example_branch_operator_decorator.py for tasks to queue
[2023-07-18T19:10:09.750+0000] {logging_mixin.py:150} INFO - [2023-07-18T19:10:09.746+0000] {dagbag.py:541} INFO - Filling up the DagBag from /home/airflow/.local/lib/python3.7/site-packages/airflow/example_dags/example_branch_operator_decorator.py
[2023-07-18T19:10:09.796+0000] {processor.py:836} INFO - DAG(s) dict_keys(['example_branch_python_operator_decorator']) retrieved from /home/airflow/.local/lib/python3.7/site-packages/airflow/example_dags/example_branch_operator_decorator.py
[2023-07-18T19:10:09.901+0000] {logging_mixin.py:150} INFO - [2023-07-18T19:10:09.901+0000] {dag.py:2742} INFO - Sync 1 DAGs
[2023-07-18T19:10:09.973+0000] {logging_mixin.py:150} INFO - [2023-07-18T19:10:09.973+0000] {dag.py:3508} INFO - Setting next_dagrun for example_branch_python_operator_decorator to 2023-07-17T00:00:00+00:00, run_after=2023-07-18T00:00:00+00:00
[2023-07-18T19:10:10.016+0000] {processor.py:179} INFO - Processing /home/airflow/.local/lib/python3.7/site-packages/airflow/example_dags/example_branch_operator_decorator.py took 0.287 seconds
[2023-07-18T19:10:40.316+0000] {processor.py:157} INFO - Started process (PID=297) to work on /home/airflow/.local/lib/python3.7/site-packages/airflow/example_dags/example_branch_operator_decorator.py
[2023-07-18T19:10:40.321+0000] {processor.py:826} INFO - Processing file /home/airflow/.local/lib/python3.7/site-packages/airflow/example_dags/example_branch_operator_decorator.py for tasks to queue
[2023-07-18T19:10:40.326+0000] {logging_mixin.py:150} INFO - [2023-07-18T19:10:40.326+0000] {dagbag.py:541} INFO - Filling up the DagBag from /home/airflow/.local/lib/python3.7/site-packages/airflow/example_dags/example_branch_operator_decorator.py
[2023-07-18T19:10:40.376+0000] {processor.py:836} INFO - DAG(s) dict_keys(['example_branch_python_operator_decorator']) retrieved from /home/airflow/.local/lib/python3.7/site-packages/airflow/example_dags/example_branch_operator_decorator.py
[2023-07-18T19:10:40.481+0000] {logging_mixin.py:150} INFO - [2023-07-18T19:10:40.480+0000] {dag.py:2742} INFO - Sync 1 DAGs
[2023-07-18T19:10:40.542+0000] {logging_mixin.py:150} INFO - [2023-07-18T19:10:40.542+0000] {dag.py:3508} INFO - Setting next_dagrun for example_branch_python_operator_decorator to 2023-07-17T00:00:00+00:00, run_after=2023-07-18T00:00:00+00:00
[2023-07-18T19:10:40.582+0000] {processor.py:179} INFO - Processing /home/airflow/.local/lib/python3.7/site-packages/airflow/example_dags/example_branch_operator_decorator.py took 0.286 seconds
[2023-07-18T19:11:11.442+0000] {processor.py:157} INFO - Started process (PID=359) to work on /home/airflow/.local/lib/python3.7/site-packages/airflow/example_dags/example_branch_operator_decorator.py
[2023-07-18T19:11:11.446+0000] {processor.py:826} INFO - Processing file /home/airflow/.local/lib/python3.7/site-packages/airflow/example_dags/example_branch_operator_decorator.py for tasks to queue
[2023-07-18T19:11:11.449+0000] {logging_mixin.py:150} INFO - [2023-07-18T19:11:11.448+0000] {dagbag.py:541} INFO - Filling up the DagBag from /home/airflow/.local/lib/python3.7/site-packages/airflow/example_dags/example_branch_operator_decorator.py
[2023-07-18T19:11:11.487+0000] {processor.py:836} INFO - DAG(s) dict_keys(['example_branch_python_operator_decorator']) retrieved from /home/airflow/.local/lib/python3.7/site-packages/airflow/example_dags/example_branch_operator_decorator.py
[2023-07-18T19:11:11.527+0000] {logging_mixin.py:150} INFO - [2023-07-18T19:11:11.527+0000] {dag.py:2742} INFO - Sync 1 DAGs
[2023-07-18T19:11:11.588+0000] {logging_mixin.py:150} INFO - [2023-07-18T19:11:11.588+0000] {dag.py:3508} INFO - Setting next_dagrun for example_branch_python_operator_decorator to 2023-07-17T00:00:00+00:00, run_after=2023-07-18T00:00:00+00:00
[2023-07-18T19:11:11.621+0000] {processor.py:179} INFO - Processing /home/airflow/.local/lib/python3.7/site-packages/airflow/example_dags/example_branch_operator_decorator.py took 0.186 seconds
[2023-07-18T19:11:42.556+0000] {processor.py:157} INFO - Started process (PID=421) to work on /home/airflow/.local/lib/python3.7/site-packages/airflow/example_dags/example_branch_operator_decorator.py
[2023-07-18T19:11:42.558+0000] {processor.py:826} INFO - Processing file /home/airflow/.local/lib/python3.7/site-packages/airflow/example_dags/example_branch_operator_decorator.py for tasks to queue
[2023-07-18T19:11:42.561+0000] {logging_mixin.py:150} INFO - [2023-07-18T19:11:42.560+0000] {dagbag.py:541} INFO - Filling up the DagBag from /home/airflow/.local/lib/python3.7/site-packages/airflow/example_dags/example_branch_operator_decorator.py
[2023-07-18T19:11:42.606+0000] {processor.py:836} INFO - DAG(s) dict_keys(['example_branch_python_operator_decorator']) retrieved from /home/airflow/.local/lib/python3.7/site-packages/airflow/example_dags/example_branch_operator_decorator.py
[2023-07-18T19:11:42.698+0000] {logging_mixin.py:150} INFO - [2023-07-18T19:11:42.698+0000] {dag.py:2742} INFO - Sync 1 DAGs
[2023-07-18T19:11:42.749+0000] {logging_mixin.py:150} INFO - [2023-07-18T19:11:42.748+0000] {dag.py:3508} INFO - Setting next_dagrun for example_branch_python_operator_decorator to 2023-07-17T00:00:00+00:00, run_after=2023-07-18T00:00:00+00:00
[2023-07-18T19:11:42.808+0000] {processor.py:179} INFO - Processing /home/airflow/.local/lib/python3.7/site-packages/airflow/example_dags/example_branch_operator_decorator.py took 0.256 seconds
[2023-07-18T19:12:30.513+0000] {processor.py:157} INFO - Started process (PID=469) to work on /home/airflow/.local/lib/python3.7/site-packages/airflow/example_dags/example_branch_operator_decorator.py
[2023-07-18T19:12:30.552+0000] {processor.py:826} INFO - Processing file /home/airflow/.local/lib/python3.7/site-packages/airflow/example_dags/example_branch_operator_decorator.py for tasks to queue
[2023-07-18T19:12:30.573+0000] {logging_mixin.py:150} INFO - [2023-07-18T19:12:30.571+0000] {dagbag.py:541} INFO - Filling up the DagBag from /home/airflow/.local/lib/python3.7/site-packages/airflow/example_dags/example_branch_operator_decorator.py
[2023-07-18T19:12:30.866+0000] {processor.py:836} INFO - DAG(s) dict_keys(['example_branch_python_operator_decorator']) retrieved from /home/airflow/.local/lib/python3.7/site-packages/airflow/example_dags/example_branch_operator_decorator.py
[2023-07-18T19:12:31.386+0000] {logging_mixin.py:150} INFO - [2023-07-18T19:12:31.379+0000] {dag.py:2742} INFO - Sync 1 DAGs
[2023-07-18T19:12:31.553+0000] {logging_mixin.py:150} INFO - [2023-07-18T19:12:31.552+0000] {dag.py:3508} INFO - Setting next_dagrun for example_branch_python_operator_decorator to 2023-07-17T00:00:00+00:00, run_after=2023-07-18T00:00:00+00:00
[2023-07-18T19:12:31.789+0000] {processor.py:179} INFO - Processing /home/airflow/.local/lib/python3.7/site-packages/airflow/example_dags/example_branch_operator_decorator.py took 1.353 seconds
[2023-07-18T19:14:54.175+0000] {processor.py:157} INFO - Started process (PID=551) to work on /home/airflow/.local/lib/python3.7/site-packages/airflow/example_dags/example_branch_operator_decorator.py
[2023-07-18T19:14:54.246+0000] {processor.py:826} INFO - Processing file /home/airflow/.local/lib/python3.7/site-packages/airflow/example_dags/example_branch_operator_decorator.py for tasks to queue
[2023-07-18T19:14:54.837+0000] {logging_mixin.py:150} INFO - [2023-07-18T19:14:54.678+0000] {dagbag.py:541} INFO - Filling up the DagBag from /home/airflow/.local/lib/python3.7/site-packages/airflow/example_dags/example_branch_operator_decorator.py
[2023-07-18T19:14:58.116+0000] {processor.py:836} INFO - DAG(s) dict_keys(['example_branch_python_operator_decorator']) retrieved from /home/airflow/.local/lib/python3.7/site-packages/airflow/example_dags/example_branch_operator_decorator.py
[2023-07-18T19:15:08.875+0000] {logging_mixin.py:150} INFO - [2023-07-18T19:15:08.775+0000] {dag.py:2742} INFO - Sync 1 DAGs
[2023-07-18T19:15:17.901+0000] {logging_mixin.py:150} INFO - [2023-07-18T19:15:17.265+0000] {dag.py:3508} INFO - Setting next_dagrun for example_branch_python_operator_decorator to 2023-07-17T00:00:00+00:00, run_after=2023-07-18T00:00:00+00:00
[2023-07-18T19:15:22.391+0000] {processor.py:179} INFO - Processing /home/airflow/.local/lib/python3.7/site-packages/airflow/example_dags/example_branch_operator_decorator.py took 29.035 seconds
[2023-07-18T19:18:16.280+0000] {processor.py:157} INFO - Started process (PID=637) to work on /home/airflow/.local/lib/python3.7/site-packages/airflow/example_dags/example_branch_operator_decorator.py
[2023-07-18T19:18:16.284+0000] {processor.py:826} INFO - Processing file /home/airflow/.local/lib/python3.7/site-packages/airflow/example_dags/example_branch_operator_decorator.py for tasks to queue
[2023-07-18T19:18:16.292+0000] {logging_mixin.py:150} INFO - [2023-07-18T19:18:16.291+0000] {dagbag.py:541} INFO - Filling up the DagBag from /home/airflow/.local/lib/python3.7/site-packages/airflow/example_dags/example_branch_operator_decorator.py
[2023-07-18T19:18:16.795+0000] {processor.py:836} INFO - DAG(s) dict_keys(['example_branch_python_operator_decorator']) retrieved from /home/airflow/.local/lib/python3.7/site-packages/airflow/example_dags/example_branch_operator_decorator.py
[2023-07-18T19:18:17.516+0000] {logging_mixin.py:150} INFO - [2023-07-18T19:18:17.495+0000] {dag.py:2742} INFO - Sync 1 DAGs
[2023-07-18T19:18:18.237+0000] {logging_mixin.py:150} INFO - [2023-07-18T19:18:18.234+0000] {dag.py:3508} INFO - Setting next_dagrun for example_branch_python_operator_decorator to 2023-07-17T00:00:00+00:00, run_after=2023-07-18T00:00:00+00:00
[2023-07-18T19:18:18.964+0000] {processor.py:179} INFO - Processing /home/airflow/.local/lib/python3.7/site-packages/airflow/example_dags/example_branch_operator_decorator.py took 2.748 seconds
