[2023-07-13T14:17:00.948+0000] {processor.py:157} INFO - Started process (PID=53) to work on /home/airflow/.local/lib/python3.7/site-packages/airflow/example_dags/example_branch_datetime_operator.py
[2023-07-13T14:17:00.951+0000] {processor.py:826} INFO - Processing file /home/airflow/.local/lib/python3.7/site-packages/airflow/example_dags/example_branch_datetime_operator.py for tasks to queue
[2023-07-13T14:17:00.953+0000] {logging_mixin.py:150} INFO - [2023-07-13T14:17:00.952+0000] {dagbag.py:541} INFO - Filling up the DagBag from /home/airflow/.local/lib/python3.7/site-packages/airflow/example_dags/example_branch_datetime_operator.py
[2023-07-13T14:17:00.981+0000] {processor.py:836} INFO - DAG(s) dict_keys(['example_branch_datetime_operator', 'example_branch_datetime_operator_2', 'example_branch_datetime_operator_3']) retrieved from /home/airflow/.local/lib/python3.7/site-packages/airflow/example_dags/example_branch_datetime_operator.py
[2023-07-13T14:17:01.018+0000] {logging_mixin.py:150} INFO - [2023-07-13T14:17:01.018+0000] {dag.py:2742} INFO - Sync 3 DAGs
[2023-07-13T14:17:01.087+0000] {logging_mixin.py:150} INFO - [2023-07-13T14:17:01.087+0000] {dag.py:3508} INFO - Setting next_dagrun for example_branch_datetime_operator to 2023-07-12T00:00:00+00:00, run_after=2023-07-13T00:00:00+00:00
[2023-07-13T14:17:01.096+0000] {logging_mixin.py:150} INFO - [2023-07-13T14:17:01.096+0000] {dag.py:3508} INFO - Setting next_dagrun for example_branch_datetime_operator_2 to 2023-07-12T00:00:00+00:00, run_after=2023-07-13T00:00:00+00:00
[2023-07-13T14:17:01.100+0000] {logging_mixin.py:150} INFO - [2023-07-13T14:17:01.100+0000] {dag.py:3508} INFO - Setting next_dagrun for example_branch_datetime_operator_3 to 2023-07-12T00:00:00+00:00, run_after=2023-07-13T00:00:00+00:00
[2023-07-13T14:17:01.122+0000] {processor.py:179} INFO - Processing /home/airflow/.local/lib/python3.7/site-packages/airflow/example_dags/example_branch_datetime_operator.py took 0.178 seconds
[2023-07-13T14:17:31.634+0000] {processor.py:157} INFO - Started process (PID=109) to work on /home/airflow/.local/lib/python3.7/site-packages/airflow/example_dags/example_branch_datetime_operator.py
[2023-07-13T14:17:31.639+0000] {processor.py:826} INFO - Processing file /home/airflow/.local/lib/python3.7/site-packages/airflow/example_dags/example_branch_datetime_operator.py for tasks to queue
[2023-07-13T14:17:31.641+0000] {logging_mixin.py:150} INFO - [2023-07-13T14:17:31.641+0000] {dagbag.py:541} INFO - Filling up the DagBag from /home/airflow/.local/lib/python3.7/site-packages/airflow/example_dags/example_branch_datetime_operator.py
[2023-07-13T14:17:31.654+0000] {processor.py:836} INFO - DAG(s) dict_keys(['example_branch_datetime_operator', 'example_branch_datetime_operator_2', 'example_branch_datetime_operator_3']) retrieved from /home/airflow/.local/lib/python3.7/site-packages/airflow/example_dags/example_branch_datetime_operator.py
[2023-07-13T14:17:31.684+0000] {logging_mixin.py:150} INFO - [2023-07-13T14:17:31.684+0000] {dag.py:2742} INFO - Sync 3 DAGs
[2023-07-13T14:17:31.717+0000] {logging_mixin.py:150} INFO - [2023-07-13T14:17:31.717+0000] {dag.py:3508} INFO - Setting next_dagrun for example_branch_datetime_operator to 2023-07-12T00:00:00+00:00, run_after=2023-07-13T00:00:00+00:00
[2023-07-13T14:17:31.730+0000] {logging_mixin.py:150} INFO - [2023-07-13T14:17:31.730+0000] {dag.py:3508} INFO - Setting next_dagrun for example_branch_datetime_operator_2 to 2023-07-12T00:00:00+00:00, run_after=2023-07-13T00:00:00+00:00
[2023-07-13T14:17:31.732+0000] {logging_mixin.py:150} INFO - [2023-07-13T14:17:31.732+0000] {dag.py:3508} INFO - Setting next_dagrun for example_branch_datetime_operator_3 to 2023-07-12T00:00:00+00:00, run_after=2023-07-13T00:00:00+00:00
[2023-07-13T14:17:31.746+0000] {processor.py:179} INFO - Processing /home/airflow/.local/lib/python3.7/site-packages/airflow/example_dags/example_branch_datetime_operator.py took 0.118 seconds
[2023-07-13T14:18:01.816+0000] {processor.py:157} INFO - Started process (PID=166) to work on /home/airflow/.local/lib/python3.7/site-packages/airflow/example_dags/example_branch_datetime_operator.py
[2023-07-13T14:18:01.818+0000] {processor.py:826} INFO - Processing file /home/airflow/.local/lib/python3.7/site-packages/airflow/example_dags/example_branch_datetime_operator.py for tasks to queue
[2023-07-13T14:18:01.819+0000] {logging_mixin.py:150} INFO - [2023-07-13T14:18:01.819+0000] {dagbag.py:541} INFO - Filling up the DagBag from /home/airflow/.local/lib/python3.7/site-packages/airflow/example_dags/example_branch_datetime_operator.py
[2023-07-13T14:18:01.827+0000] {processor.py:836} INFO - DAG(s) dict_keys(['example_branch_datetime_operator_2', 'example_branch_datetime_operator_3', 'example_branch_datetime_operator']) retrieved from /home/airflow/.local/lib/python3.7/site-packages/airflow/example_dags/example_branch_datetime_operator.py
[2023-07-13T14:18:01.849+0000] {logging_mixin.py:150} INFO - [2023-07-13T14:18:01.849+0000] {dag.py:2742} INFO - Sync 3 DAGs
[2023-07-13T14:18:01.866+0000] {logging_mixin.py:150} INFO - [2023-07-13T14:18:01.865+0000] {dag.py:3508} INFO - Setting next_dagrun for example_branch_datetime_operator to 2023-07-12T00:00:00+00:00, run_after=2023-07-13T00:00:00+00:00
[2023-07-13T14:18:01.869+0000] {logging_mixin.py:150} INFO - [2023-07-13T14:18:01.869+0000] {dag.py:3508} INFO - Setting next_dagrun for example_branch_datetime_operator_2 to 2023-07-12T00:00:00+00:00, run_after=2023-07-13T00:00:00+00:00
[2023-07-13T14:18:01.870+0000] {logging_mixin.py:150} INFO - [2023-07-13T14:18:01.870+0000] {dag.py:3508} INFO - Setting next_dagrun for example_branch_datetime_operator_3 to 2023-07-12T00:00:00+00:00, run_after=2023-07-13T00:00:00+00:00
[2023-07-13T14:18:01.881+0000] {processor.py:179} INFO - Processing /home/airflow/.local/lib/python3.7/site-packages/airflow/example_dags/example_branch_datetime_operator.py took 0.067 seconds
[2023-07-13T14:18:31.959+0000] {processor.py:157} INFO - Started process (PID=223) to work on /home/airflow/.local/lib/python3.7/site-packages/airflow/example_dags/example_branch_datetime_operator.py
[2023-07-13T14:18:31.960+0000] {processor.py:826} INFO - Processing file /home/airflow/.local/lib/python3.7/site-packages/airflow/example_dags/example_branch_datetime_operator.py for tasks to queue
[2023-07-13T14:18:31.961+0000] {logging_mixin.py:150} INFO - [2023-07-13T14:18:31.961+0000] {dagbag.py:541} INFO - Filling up the DagBag from /home/airflow/.local/lib/python3.7/site-packages/airflow/example_dags/example_branch_datetime_operator.py
[2023-07-13T14:18:31.968+0000] {processor.py:836} INFO - DAG(s) dict_keys(['example_branch_datetime_operator_3', 'example_branch_datetime_operator', 'example_branch_datetime_operator_2']) retrieved from /home/airflow/.local/lib/python3.7/site-packages/airflow/example_dags/example_branch_datetime_operator.py
[2023-07-13T14:18:31.991+0000] {logging_mixin.py:150} INFO - [2023-07-13T14:18:31.991+0000] {dag.py:2742} INFO - Sync 3 DAGs
[2023-07-13T14:18:32.008+0000] {logging_mixin.py:150} INFO - [2023-07-13T14:18:32.008+0000] {dag.py:3508} INFO - Setting next_dagrun for example_branch_datetime_operator to 2023-07-12T00:00:00+00:00, run_after=2023-07-13T00:00:00+00:00
[2023-07-13T14:18:32.012+0000] {logging_mixin.py:150} INFO - [2023-07-13T14:18:32.012+0000] {dag.py:3508} INFO - Setting next_dagrun for example_branch_datetime_operator_2 to 2023-07-12T00:00:00+00:00, run_after=2023-07-13T00:00:00+00:00
[2023-07-13T14:18:32.014+0000] {logging_mixin.py:150} INFO - [2023-07-13T14:18:32.014+0000] {dag.py:3508} INFO - Setting next_dagrun for example_branch_datetime_operator_3 to 2023-07-12T00:00:00+00:00, run_after=2023-07-13T00:00:00+00:00
[2023-07-13T14:18:32.024+0000] {processor.py:179} INFO - Processing /home/airflow/.local/lib/python3.7/site-packages/airflow/example_dags/example_branch_datetime_operator.py took 0.068 seconds
[2023-07-13T14:19:02.770+0000] {processor.py:157} INFO - Started process (PID=279) to work on /home/airflow/.local/lib/python3.7/site-packages/airflow/example_dags/example_branch_datetime_operator.py
[2023-07-13T14:19:02.771+0000] {processor.py:826} INFO - Processing file /home/airflow/.local/lib/python3.7/site-packages/airflow/example_dags/example_branch_datetime_operator.py for tasks to queue
[2023-07-13T14:19:02.772+0000] {logging_mixin.py:150} INFO - [2023-07-13T14:19:02.772+0000] {dagbag.py:541} INFO - Filling up the DagBag from /home/airflow/.local/lib/python3.7/site-packages/airflow/example_dags/example_branch_datetime_operator.py
[2023-07-13T14:19:02.779+0000] {processor.py:836} INFO - DAG(s) dict_keys(['example_branch_datetime_operator', 'example_branch_datetime_operator_3', 'example_branch_datetime_operator_2']) retrieved from /home/airflow/.local/lib/python3.7/site-packages/airflow/example_dags/example_branch_datetime_operator.py
[2023-07-13T14:19:02.802+0000] {logging_mixin.py:150} INFO - [2023-07-13T14:19:02.802+0000] {dag.py:2742} INFO - Sync 3 DAGs
[2023-07-13T14:19:02.821+0000] {logging_mixin.py:150} INFO - [2023-07-13T14:19:02.821+0000] {dag.py:3508} INFO - Setting next_dagrun for example_branch_datetime_operator to 2023-07-12T00:00:00+00:00, run_after=2023-07-13T00:00:00+00:00
[2023-07-13T14:19:02.824+0000] {logging_mixin.py:150} INFO - [2023-07-13T14:19:02.824+0000] {dag.py:3508} INFO - Setting next_dagrun for example_branch_datetime_operator_2 to 2023-07-12T00:00:00+00:00, run_after=2023-07-13T00:00:00+00:00
[2023-07-13T14:19:02.826+0000] {logging_mixin.py:150} INFO - [2023-07-13T14:19:02.826+0000] {dag.py:3508} INFO - Setting next_dagrun for example_branch_datetime_operator_3 to 2023-07-12T00:00:00+00:00, run_after=2023-07-13T00:00:00+00:00
[2023-07-13T14:19:02.836+0000] {processor.py:179} INFO - Processing /home/airflow/.local/lib/python3.7/site-packages/airflow/example_dags/example_branch_datetime_operator.py took 0.069 seconds
[2023-07-13T14:19:33.209+0000] {processor.py:157} INFO - Started process (PID=336) to work on /home/airflow/.local/lib/python3.7/site-packages/airflow/example_dags/example_branch_datetime_operator.py
[2023-07-13T14:19:33.210+0000] {processor.py:826} INFO - Processing file /home/airflow/.local/lib/python3.7/site-packages/airflow/example_dags/example_branch_datetime_operator.py for tasks to queue
[2023-07-13T14:19:33.211+0000] {logging_mixin.py:150} INFO - [2023-07-13T14:19:33.210+0000] {dagbag.py:541} INFO - Filling up the DagBag from /home/airflow/.local/lib/python3.7/site-packages/airflow/example_dags/example_branch_datetime_operator.py
[2023-07-13T14:19:33.217+0000] {processor.py:836} INFO - DAG(s) dict_keys(['example_branch_datetime_operator_2', 'example_branch_datetime_operator', 'example_branch_datetime_operator_3']) retrieved from /home/airflow/.local/lib/python3.7/site-packages/airflow/example_dags/example_branch_datetime_operator.py
[2023-07-13T14:19:33.240+0000] {logging_mixin.py:150} INFO - [2023-07-13T14:19:33.240+0000] {dag.py:2742} INFO - Sync 3 DAGs
[2023-07-13T14:19:33.258+0000] {logging_mixin.py:150} INFO - [2023-07-13T14:19:33.257+0000] {dag.py:3508} INFO - Setting next_dagrun for example_branch_datetime_operator to 2023-07-12T00:00:00+00:00, run_after=2023-07-13T00:00:00+00:00
[2023-07-13T14:19:33.261+0000] {logging_mixin.py:150} INFO - [2023-07-13T14:19:33.261+0000] {dag.py:3508} INFO - Setting next_dagrun for example_branch_datetime_operator_2 to 2023-07-12T00:00:00+00:00, run_after=2023-07-13T00:00:00+00:00
[2023-07-13T14:19:33.263+0000] {logging_mixin.py:150} INFO - [2023-07-13T14:19:33.263+0000] {dag.py:3508} INFO - Setting next_dagrun for example_branch_datetime_operator_3 to 2023-07-12T00:00:00+00:00, run_after=2023-07-13T00:00:00+00:00
[2023-07-13T14:19:33.276+0000] {processor.py:179} INFO - Processing /home/airflow/.local/lib/python3.7/site-packages/airflow/example_dags/example_branch_datetime_operator.py took 0.070 seconds
[2023-07-13T14:20:03.613+0000] {processor.py:157} INFO - Started process (PID=393) to work on /home/airflow/.local/lib/python3.7/site-packages/airflow/example_dags/example_branch_datetime_operator.py
[2023-07-13T14:20:03.614+0000] {processor.py:826} INFO - Processing file /home/airflow/.local/lib/python3.7/site-packages/airflow/example_dags/example_branch_datetime_operator.py for tasks to queue
[2023-07-13T14:20:03.616+0000] {logging_mixin.py:150} INFO - [2023-07-13T14:20:03.615+0000] {dagbag.py:541} INFO - Filling up the DagBag from /home/airflow/.local/lib/python3.7/site-packages/airflow/example_dags/example_branch_datetime_operator.py
[2023-07-13T14:20:03.622+0000] {processor.py:836} INFO - DAG(s) dict_keys(['example_branch_datetime_operator_2', 'example_branch_datetime_operator', 'example_branch_datetime_operator_3']) retrieved from /home/airflow/.local/lib/python3.7/site-packages/airflow/example_dags/example_branch_datetime_operator.py
[2023-07-13T14:20:03.645+0000] {logging_mixin.py:150} INFO - [2023-07-13T14:20:03.645+0000] {dag.py:2742} INFO - Sync 3 DAGs
[2023-07-13T14:20:03.662+0000] {logging_mixin.py:150} INFO - [2023-07-13T14:20:03.662+0000] {dag.py:3508} INFO - Setting next_dagrun for example_branch_datetime_operator to 2023-07-12T00:00:00+00:00, run_after=2023-07-13T00:00:00+00:00
[2023-07-13T14:20:03.666+0000] {logging_mixin.py:150} INFO - [2023-07-13T14:20:03.666+0000] {dag.py:3508} INFO - Setting next_dagrun for example_branch_datetime_operator_2 to 2023-07-12T00:00:00+00:00, run_after=2023-07-13T00:00:00+00:00
[2023-07-13T14:20:03.668+0000] {logging_mixin.py:150} INFO - [2023-07-13T14:20:03.668+0000] {dag.py:3508} INFO - Setting next_dagrun for example_branch_datetime_operator_3 to 2023-07-12T00:00:00+00:00, run_after=2023-07-13T00:00:00+00:00
[2023-07-13T14:20:03.678+0000] {processor.py:179} INFO - Processing /home/airflow/.local/lib/python3.7/site-packages/airflow/example_dags/example_branch_datetime_operator.py took 0.068 seconds
[2023-07-13T14:20:33.979+0000] {processor.py:157} INFO - Started process (PID=450) to work on /home/airflow/.local/lib/python3.7/site-packages/airflow/example_dags/example_branch_datetime_operator.py
[2023-07-13T14:20:33.980+0000] {processor.py:826} INFO - Processing file /home/airflow/.local/lib/python3.7/site-packages/airflow/example_dags/example_branch_datetime_operator.py for tasks to queue
[2023-07-13T14:20:33.981+0000] {logging_mixin.py:150} INFO - [2023-07-13T14:20:33.981+0000] {dagbag.py:541} INFO - Filling up the DagBag from /home/airflow/.local/lib/python3.7/site-packages/airflow/example_dags/example_branch_datetime_operator.py
[2023-07-13T14:20:33.988+0000] {processor.py:836} INFO - DAG(s) dict_keys(['example_branch_datetime_operator', 'example_branch_datetime_operator_2', 'example_branch_datetime_operator_3']) retrieved from /home/airflow/.local/lib/python3.7/site-packages/airflow/example_dags/example_branch_datetime_operator.py
[2023-07-13T14:20:34.011+0000] {logging_mixin.py:150} INFO - [2023-07-13T14:20:34.011+0000] {dag.py:2742} INFO - Sync 3 DAGs
[2023-07-13T14:20:34.029+0000] {logging_mixin.py:150} INFO - [2023-07-13T14:20:34.029+0000] {dag.py:3508} INFO - Setting next_dagrun for example_branch_datetime_operator to 2023-07-12T00:00:00+00:00, run_after=2023-07-13T00:00:00+00:00
[2023-07-13T14:20:34.034+0000] {logging_mixin.py:150} INFO - [2023-07-13T14:20:34.033+0000] {dag.py:3508} INFO - Setting next_dagrun for example_branch_datetime_operator_2 to 2023-07-12T00:00:00+00:00, run_after=2023-07-13T00:00:00+00:00
[2023-07-13T14:20:34.036+0000] {logging_mixin.py:150} INFO - [2023-07-13T14:20:34.036+0000] {dag.py:3508} INFO - Setting next_dagrun for example_branch_datetime_operator_3 to 2023-07-12T00:00:00+00:00, run_after=2023-07-13T00:00:00+00:00
[2023-07-13T14:20:34.051+0000] {processor.py:179} INFO - Processing /home/airflow/.local/lib/python3.7/site-packages/airflow/example_dags/example_branch_datetime_operator.py took 0.075 seconds
[2023-07-13T14:21:04.863+0000] {processor.py:157} INFO - Started process (PID=506) to work on /home/airflow/.local/lib/python3.7/site-packages/airflow/example_dags/example_branch_datetime_operator.py
[2023-07-13T14:21:04.865+0000] {processor.py:826} INFO - Processing file /home/airflow/.local/lib/python3.7/site-packages/airflow/example_dags/example_branch_datetime_operator.py for tasks to queue
[2023-07-13T14:21:04.866+0000] {logging_mixin.py:150} INFO - [2023-07-13T14:21:04.865+0000] {dagbag.py:541} INFO - Filling up the DagBag from /home/airflow/.local/lib/python3.7/site-packages/airflow/example_dags/example_branch_datetime_operator.py
[2023-07-13T14:21:04.873+0000] {processor.py:836} INFO - DAG(s) dict_keys(['example_branch_datetime_operator_3', 'example_branch_datetime_operator', 'example_branch_datetime_operator_2']) retrieved from /home/airflow/.local/lib/python3.7/site-packages/airflow/example_dags/example_branch_datetime_operator.py
[2023-07-13T14:21:04.897+0000] {logging_mixin.py:150} INFO - [2023-07-13T14:21:04.897+0000] {dag.py:2742} INFO - Sync 3 DAGs
[2023-07-13T14:21:04.914+0000] {logging_mixin.py:150} INFO - [2023-07-13T14:21:04.914+0000] {dag.py:3508} INFO - Setting next_dagrun for example_branch_datetime_operator to 2023-07-12T00:00:00+00:00, run_after=2023-07-13T00:00:00+00:00
[2023-07-13T14:21:04.918+0000] {logging_mixin.py:150} INFO - [2023-07-13T14:21:04.918+0000] {dag.py:3508} INFO - Setting next_dagrun for example_branch_datetime_operator_2 to 2023-07-12T00:00:00+00:00, run_after=2023-07-13T00:00:00+00:00
[2023-07-13T14:21:04.920+0000] {logging_mixin.py:150} INFO - [2023-07-13T14:21:04.920+0000] {dag.py:3508} INFO - Setting next_dagrun for example_branch_datetime_operator_3 to 2023-07-12T00:00:00+00:00, run_after=2023-07-13T00:00:00+00:00
[2023-07-13T14:21:04.930+0000] {processor.py:179} INFO - Processing /home/airflow/.local/lib/python3.7/site-packages/airflow/example_dags/example_branch_datetime_operator.py took 0.070 seconds
[2023-07-13T14:21:35.432+0000] {processor.py:157} INFO - Started process (PID=562) to work on /home/airflow/.local/lib/python3.7/site-packages/airflow/example_dags/example_branch_datetime_operator.py
[2023-07-13T14:21:35.434+0000] {processor.py:826} INFO - Processing file /home/airflow/.local/lib/python3.7/site-packages/airflow/example_dags/example_branch_datetime_operator.py for tasks to queue
[2023-07-13T14:21:35.435+0000] {logging_mixin.py:150} INFO - [2023-07-13T14:21:35.434+0000] {dagbag.py:541} INFO - Filling up the DagBag from /home/airflow/.local/lib/python3.7/site-packages/airflow/example_dags/example_branch_datetime_operator.py
[2023-07-13T14:21:35.442+0000] {processor.py:836} INFO - DAG(s) dict_keys(['example_branch_datetime_operator_3', 'example_branch_datetime_operator_2', 'example_branch_datetime_operator']) retrieved from /home/airflow/.local/lib/python3.7/site-packages/airflow/example_dags/example_branch_datetime_operator.py
[2023-07-13T14:21:35.464+0000] {logging_mixin.py:150} INFO - [2023-07-13T14:21:35.464+0000] {dag.py:2742} INFO - Sync 3 DAGs
[2023-07-13T14:21:35.483+0000] {logging_mixin.py:150} INFO - [2023-07-13T14:21:35.483+0000] {dag.py:3508} INFO - Setting next_dagrun for example_branch_datetime_operator to 2023-07-12T00:00:00+00:00, run_after=2023-07-13T00:00:00+00:00
[2023-07-13T14:21:35.486+0000] {logging_mixin.py:150} INFO - [2023-07-13T14:21:35.486+0000] {dag.py:3508} INFO - Setting next_dagrun for example_branch_datetime_operator_2 to 2023-07-12T00:00:00+00:00, run_after=2023-07-13T00:00:00+00:00
[2023-07-13T14:21:35.488+0000] {logging_mixin.py:150} INFO - [2023-07-13T14:21:35.488+0000] {dag.py:3508} INFO - Setting next_dagrun for example_branch_datetime_operator_3 to 2023-07-12T00:00:00+00:00, run_after=2023-07-13T00:00:00+00:00
[2023-07-13T14:21:35.498+0000] {processor.py:179} INFO - Processing /home/airflow/.local/lib/python3.7/site-packages/airflow/example_dags/example_branch_datetime_operator.py took 0.069 seconds
[2023-07-13T14:22:06.528+0000] {processor.py:157} INFO - Started process (PID=619) to work on /home/airflow/.local/lib/python3.7/site-packages/airflow/example_dags/example_branch_datetime_operator.py
[2023-07-13T14:22:06.529+0000] {processor.py:826} INFO - Processing file /home/airflow/.local/lib/python3.7/site-packages/airflow/example_dags/example_branch_datetime_operator.py for tasks to queue
[2023-07-13T14:22:06.530+0000] {logging_mixin.py:150} INFO - [2023-07-13T14:22:06.530+0000] {dagbag.py:541} INFO - Filling up the DagBag from /home/airflow/.local/lib/python3.7/site-packages/airflow/example_dags/example_branch_datetime_operator.py
[2023-07-13T14:22:06.537+0000] {processor.py:836} INFO - DAG(s) dict_keys(['example_branch_datetime_operator_3', 'example_branch_datetime_operator_2', 'example_branch_datetime_operator']) retrieved from /home/airflow/.local/lib/python3.7/site-packages/airflow/example_dags/example_branch_datetime_operator.py
[2023-07-13T14:22:06.562+0000] {logging_mixin.py:150} INFO - [2023-07-13T14:22:06.562+0000] {dag.py:2742} INFO - Sync 3 DAGs
[2023-07-13T14:22:06.580+0000] {logging_mixin.py:150} INFO - [2023-07-13T14:22:06.580+0000] {dag.py:3508} INFO - Setting next_dagrun for example_branch_datetime_operator to 2023-07-12T00:00:00+00:00, run_after=2023-07-13T00:00:00+00:00
[2023-07-13T14:22:06.584+0000] {logging_mixin.py:150} INFO - [2023-07-13T14:22:06.584+0000] {dag.py:3508} INFO - Setting next_dagrun for example_branch_datetime_operator_2 to 2023-07-12T00:00:00+00:00, run_after=2023-07-13T00:00:00+00:00
[2023-07-13T14:22:06.586+0000] {logging_mixin.py:150} INFO - [2023-07-13T14:22:06.586+0000] {dag.py:3508} INFO - Setting next_dagrun for example_branch_datetime_operator_3 to 2023-07-12T00:00:00+00:00, run_after=2023-07-13T00:00:00+00:00
[2023-07-13T14:22:06.597+0000] {processor.py:179} INFO - Processing /home/airflow/.local/lib/python3.7/site-packages/airflow/example_dags/example_branch_datetime_operator.py took 0.072 seconds
[2023-07-13T14:22:40.280+0000] {processor.py:157} INFO - Started process (PID=676) to work on /home/airflow/.local/lib/python3.7/site-packages/airflow/example_dags/example_branch_datetime_operator.py
[2023-07-13T14:22:40.281+0000] {processor.py:826} INFO - Processing file /home/airflow/.local/lib/python3.7/site-packages/airflow/example_dags/example_branch_datetime_operator.py for tasks to queue
[2023-07-13T14:22:40.282+0000] {logging_mixin.py:150} INFO - [2023-07-13T14:22:40.282+0000] {dagbag.py:541} INFO - Filling up the DagBag from /home/airflow/.local/lib/python3.7/site-packages/airflow/example_dags/example_branch_datetime_operator.py
[2023-07-13T14:22:40.291+0000] {processor.py:836} INFO - DAG(s) dict_keys(['example_branch_datetime_operator_2', 'example_branch_datetime_operator', 'example_branch_datetime_operator_3']) retrieved from /home/airflow/.local/lib/python3.7/site-packages/airflow/example_dags/example_branch_datetime_operator.py
[2023-07-13T14:22:40.320+0000] {logging_mixin.py:150} INFO - [2023-07-13T14:22:40.320+0000] {dag.py:2742} INFO - Sync 3 DAGs
[2023-07-13T14:22:40.343+0000] {logging_mixin.py:150} INFO - [2023-07-13T14:22:40.342+0000] {dag.py:3508} INFO - Setting next_dagrun for example_branch_datetime_operator to 2023-07-12T00:00:00+00:00, run_after=2023-07-13T00:00:00+00:00
[2023-07-13T14:22:40.347+0000] {logging_mixin.py:150} INFO - [2023-07-13T14:22:40.347+0000] {dag.py:3508} INFO - Setting next_dagrun for example_branch_datetime_operator_2 to 2023-07-12T00:00:00+00:00, run_after=2023-07-13T00:00:00+00:00
[2023-07-13T14:22:40.349+0000] {logging_mixin.py:150} INFO - [2023-07-13T14:22:40.349+0000] {dag.py:3508} INFO - Setting next_dagrun for example_branch_datetime_operator_3 to 2023-07-12T00:00:00+00:00, run_after=2023-07-13T00:00:00+00:00
[2023-07-13T14:22:40.361+0000] {processor.py:179} INFO - Processing /home/airflow/.local/lib/python3.7/site-packages/airflow/example_dags/example_branch_datetime_operator.py took 0.084 seconds
[2023-07-13T14:23:10.572+0000] {processor.py:157} INFO - Started process (PID=734) to work on /home/airflow/.local/lib/python3.7/site-packages/airflow/example_dags/example_branch_datetime_operator.py
[2023-07-13T14:23:10.574+0000] {processor.py:826} INFO - Processing file /home/airflow/.local/lib/python3.7/site-packages/airflow/example_dags/example_branch_datetime_operator.py for tasks to queue
[2023-07-13T14:23:10.576+0000] {logging_mixin.py:150} INFO - [2023-07-13T14:23:10.576+0000] {dagbag.py:541} INFO - Filling up the DagBag from /home/airflow/.local/lib/python3.7/site-packages/airflow/example_dags/example_branch_datetime_operator.py
[2023-07-13T14:23:10.595+0000] {processor.py:836} INFO - DAG(s) dict_keys(['example_branch_datetime_operator', 'example_branch_datetime_operator_2', 'example_branch_datetime_operator_3']) retrieved from /home/airflow/.local/lib/python3.7/site-packages/airflow/example_dags/example_branch_datetime_operator.py
[2023-07-13T14:23:10.736+0000] {logging_mixin.py:150} INFO - [2023-07-13T14:23:10.735+0000] {dag.py:2742} INFO - Sync 3 DAGs
[2023-07-13T14:23:10.923+0000] {logging_mixin.py:150} INFO - [2023-07-13T14:23:10.922+0000] {dag.py:3508} INFO - Setting next_dagrun for example_branch_datetime_operator to 2023-07-12T00:00:00+00:00, run_after=2023-07-13T00:00:00+00:00
[2023-07-13T14:23:10.954+0000] {logging_mixin.py:150} INFO - [2023-07-13T14:23:10.954+0000] {dag.py:3508} INFO - Setting next_dagrun for example_branch_datetime_operator_2 to 2023-07-12T00:00:00+00:00, run_after=2023-07-13T00:00:00+00:00
[2023-07-13T14:23:10.993+0000] {logging_mixin.py:150} INFO - [2023-07-13T14:23:10.992+0000] {dag.py:3508} INFO - Setting next_dagrun for example_branch_datetime_operator_3 to 2023-07-12T00:00:00+00:00, run_after=2023-07-13T00:00:00+00:00
[2023-07-13T14:23:11.124+0000] {processor.py:179} INFO - Processing /home/airflow/.local/lib/python3.7/site-packages/airflow/example_dags/example_branch_datetime_operator.py took 0.560 seconds
[2023-07-13T14:23:43.283+0000] {processor.py:157} INFO - Started process (PID=791) to work on /home/airflow/.local/lib/python3.7/site-packages/airflow/example_dags/example_branch_datetime_operator.py
[2023-07-13T14:23:43.294+0000] {processor.py:826} INFO - Processing file /home/airflow/.local/lib/python3.7/site-packages/airflow/example_dags/example_branch_datetime_operator.py for tasks to queue
[2023-07-13T14:23:43.304+0000] {logging_mixin.py:150} INFO - [2023-07-13T14:23:43.303+0000] {dagbag.py:541} INFO - Filling up the DagBag from /home/airflow/.local/lib/python3.7/site-packages/airflow/example_dags/example_branch_datetime_operator.py
[2023-07-13T14:23:43.384+0000] {processor.py:836} INFO - DAG(s) dict_keys(['example_branch_datetime_operator', 'example_branch_datetime_operator_2', 'example_branch_datetime_operator_3']) retrieved from /home/airflow/.local/lib/python3.7/site-packages/airflow/example_dags/example_branch_datetime_operator.py
[2023-07-13T14:23:43.510+0000] {logging_mixin.py:150} INFO - [2023-07-13T14:23:43.510+0000] {dag.py:2742} INFO - Sync 3 DAGs
[2023-07-13T14:23:43.613+0000] {logging_mixin.py:150} INFO - [2023-07-13T14:23:43.611+0000] {dag.py:3508} INFO - Setting next_dagrun for example_branch_datetime_operator to 2023-07-12T00:00:00+00:00, run_after=2023-07-13T00:00:00+00:00
[2023-07-13T14:23:43.676+0000] {logging_mixin.py:150} INFO - [2023-07-13T14:23:43.676+0000] {dag.py:3508} INFO - Setting next_dagrun for example_branch_datetime_operator_2 to 2023-07-12T00:00:00+00:00, run_after=2023-07-13T00:00:00+00:00
[2023-07-13T14:23:43.681+0000] {logging_mixin.py:150} INFO - [2023-07-13T14:23:43.681+0000] {dag.py:3508} INFO - Setting next_dagrun for example_branch_datetime_operator_3 to 2023-07-12T00:00:00+00:00, run_after=2023-07-13T00:00:00+00:00
[2023-07-13T14:23:43.747+0000] {processor.py:179} INFO - Processing /home/airflow/.local/lib/python3.7/site-packages/airflow/example_dags/example_branch_datetime_operator.py took 0.489 seconds
[2023-07-13T14:24:14.822+0000] {processor.py:157} INFO - Started process (PID=849) to work on /home/airflow/.local/lib/python3.7/site-packages/airflow/example_dags/example_branch_datetime_operator.py
[2023-07-13T14:24:14.824+0000] {processor.py:826} INFO - Processing file /home/airflow/.local/lib/python3.7/site-packages/airflow/example_dags/example_branch_datetime_operator.py for tasks to queue
[2023-07-13T14:24:14.825+0000] {logging_mixin.py:150} INFO - [2023-07-13T14:24:14.825+0000] {dagbag.py:541} INFO - Filling up the DagBag from /home/airflow/.local/lib/python3.7/site-packages/airflow/example_dags/example_branch_datetime_operator.py
[2023-07-13T14:24:14.838+0000] {processor.py:836} INFO - DAG(s) dict_keys(['example_branch_datetime_operator_3', 'example_branch_datetime_operator_2', 'example_branch_datetime_operator']) retrieved from /home/airflow/.local/lib/python3.7/site-packages/airflow/example_dags/example_branch_datetime_operator.py
[2023-07-13T14:24:14.875+0000] {logging_mixin.py:150} INFO - [2023-07-13T14:24:14.875+0000] {dag.py:2742} INFO - Sync 3 DAGs
[2023-07-13T14:24:14.894+0000] {logging_mixin.py:150} INFO - [2023-07-13T14:24:14.894+0000] {dag.py:3508} INFO - Setting next_dagrun for example_branch_datetime_operator to 2023-07-12T00:00:00+00:00, run_after=2023-07-13T00:00:00+00:00
[2023-07-13T14:24:14.898+0000] {logging_mixin.py:150} INFO - [2023-07-13T14:24:14.898+0000] {dag.py:3508} INFO - Setting next_dagrun for example_branch_datetime_operator_2 to 2023-07-12T00:00:00+00:00, run_after=2023-07-13T00:00:00+00:00
[2023-07-13T14:24:14.900+0000] {logging_mixin.py:150} INFO - [2023-07-13T14:24:14.900+0000] {dag.py:3508} INFO - Setting next_dagrun for example_branch_datetime_operator_3 to 2023-07-12T00:00:00+00:00, run_after=2023-07-13T00:00:00+00:00
[2023-07-13T14:24:14.910+0000] {processor.py:179} INFO - Processing /home/airflow/.local/lib/python3.7/site-packages/airflow/example_dags/example_branch_datetime_operator.py took 0.092 seconds
[2023-07-13T14:24:45.488+0000] {processor.py:157} INFO - Started process (PID=906) to work on /home/airflow/.local/lib/python3.7/site-packages/airflow/example_dags/example_branch_datetime_operator.py
[2023-07-13T14:24:45.492+0000] {processor.py:826} INFO - Processing file /home/airflow/.local/lib/python3.7/site-packages/airflow/example_dags/example_branch_datetime_operator.py for tasks to queue
[2023-07-13T14:24:45.494+0000] {logging_mixin.py:150} INFO - [2023-07-13T14:24:45.493+0000] {dagbag.py:541} INFO - Filling up the DagBag from /home/airflow/.local/lib/python3.7/site-packages/airflow/example_dags/example_branch_datetime_operator.py
[2023-07-13T14:24:45.510+0000] {processor.py:836} INFO - DAG(s) dict_keys(['example_branch_datetime_operator_3', 'example_branch_datetime_operator', 'example_branch_datetime_operator_2']) retrieved from /home/airflow/.local/lib/python3.7/site-packages/airflow/example_dags/example_branch_datetime_operator.py
[2023-07-13T14:24:45.578+0000] {logging_mixin.py:150} INFO - [2023-07-13T14:24:45.578+0000] {dag.py:2742} INFO - Sync 3 DAGs
[2023-07-13T14:24:45.614+0000] {logging_mixin.py:150} INFO - [2023-07-13T14:24:45.613+0000] {dag.py:3508} INFO - Setting next_dagrun for example_branch_datetime_operator to 2023-07-12T00:00:00+00:00, run_after=2023-07-13T00:00:00+00:00
[2023-07-13T14:24:45.625+0000] {logging_mixin.py:150} INFO - [2023-07-13T14:24:45.624+0000] {dag.py:3508} INFO - Setting next_dagrun for example_branch_datetime_operator_2 to 2023-07-12T00:00:00+00:00, run_after=2023-07-13T00:00:00+00:00
[2023-07-13T14:24:45.627+0000] {logging_mixin.py:150} INFO - [2023-07-13T14:24:45.627+0000] {dag.py:3508} INFO - Setting next_dagrun for example_branch_datetime_operator_3 to 2023-07-12T00:00:00+00:00, run_after=2023-07-13T00:00:00+00:00
[2023-07-13T14:24:45.649+0000] {processor.py:179} INFO - Processing /home/airflow/.local/lib/python3.7/site-packages/airflow/example_dags/example_branch_datetime_operator.py took 0.172 seconds
[2023-07-13T14:25:16.092+0000] {processor.py:157} INFO - Started process (PID=962) to work on /home/airflow/.local/lib/python3.7/site-packages/airflow/example_dags/example_branch_datetime_operator.py
[2023-07-13T14:25:16.095+0000] {processor.py:826} INFO - Processing file /home/airflow/.local/lib/python3.7/site-packages/airflow/example_dags/example_branch_datetime_operator.py for tasks to queue
[2023-07-13T14:25:16.096+0000] {logging_mixin.py:150} INFO - [2023-07-13T14:25:16.096+0000] {dagbag.py:541} INFO - Filling up the DagBag from /home/airflow/.local/lib/python3.7/site-packages/airflow/example_dags/example_branch_datetime_operator.py
[2023-07-13T14:25:16.125+0000] {processor.py:836} INFO - DAG(s) dict_keys(['example_branch_datetime_operator_3', 'example_branch_datetime_operator_2', 'example_branch_datetime_operator']) retrieved from /home/airflow/.local/lib/python3.7/site-packages/airflow/example_dags/example_branch_datetime_operator.py
[2023-07-13T14:25:16.188+0000] {logging_mixin.py:150} INFO - [2023-07-13T14:25:16.188+0000] {dag.py:2742} INFO - Sync 3 DAGs
[2023-07-13T14:25:16.219+0000] {logging_mixin.py:150} INFO - [2023-07-13T14:25:16.219+0000] {dag.py:3508} INFO - Setting next_dagrun for example_branch_datetime_operator to 2023-07-12T00:00:00+00:00, run_after=2023-07-13T00:00:00+00:00
[2023-07-13T14:25:16.223+0000] {logging_mixin.py:150} INFO - [2023-07-13T14:25:16.223+0000] {dag.py:3508} INFO - Setting next_dagrun for example_branch_datetime_operator_2 to 2023-07-12T00:00:00+00:00, run_after=2023-07-13T00:00:00+00:00
[2023-07-13T14:25:16.226+0000] {logging_mixin.py:150} INFO - [2023-07-13T14:25:16.225+0000] {dag.py:3508} INFO - Setting next_dagrun for example_branch_datetime_operator_3 to 2023-07-12T00:00:00+00:00, run_after=2023-07-13T00:00:00+00:00
[2023-07-13T14:25:16.241+0000] {processor.py:179} INFO - Processing /home/airflow/.local/lib/python3.7/site-packages/airflow/example_dags/example_branch_datetime_operator.py took 0.158 seconds
