[2023-07-13T14:16:59.676+0000] {processor.py:157} INFO - Started process (PID=46) to work on /home/airflow/.local/lib/python3.7/site-packages/airflow/example_dags/example_python_operator.py
[2023-07-13T14:16:59.683+0000] {processor.py:826} INFO - Processing file /home/airflow/.local/lib/python3.7/site-packages/airflow/example_dags/example_python_operator.py for tasks to queue
[2023-07-13T14:16:59.685+0000] {logging_mixin.py:150} INFO - [2023-07-13T14:16:59.685+0000] {dagbag.py:541} INFO - Filling up the DagBag from /home/airflow/.local/lib/python3.7/site-packages/airflow/example_dags/example_python_operator.py
[2023-07-13T14:16:59.700+0000] {processor.py:836} INFO - DAG(s) dict_keys(['example_python_operator']) retrieved from /home/airflow/.local/lib/python3.7/site-packages/airflow/example_dags/example_python_operator.py
[2023-07-13T14:16:59.745+0000] {logging_mixin.py:150} INFO - [2023-07-13T14:16:59.745+0000] {dag.py:2742} INFO - Sync 1 DAGs
[2023-07-13T14:16:59.797+0000] {logging_mixin.py:150} INFO - [2023-07-13T14:16:59.796+0000] {dag.py:3508} INFO - Setting next_dagrun for example_python_operator to None, run_after=None
[2023-07-13T14:16:59.831+0000] {processor.py:179} INFO - Processing /home/airflow/.local/lib/python3.7/site-packages/airflow/example_dags/example_python_operator.py took 0.164 seconds
[2023-07-13T14:17:30.805+0000] {processor.py:157} INFO - Started process (PID=102) to work on /home/airflow/.local/lib/python3.7/site-packages/airflow/example_dags/example_python_operator.py
[2023-07-13T14:17:30.807+0000] {processor.py:826} INFO - Processing file /home/airflow/.local/lib/python3.7/site-packages/airflow/example_dags/example_python_operator.py for tasks to queue
[2023-07-13T14:17:30.808+0000] {logging_mixin.py:150} INFO - [2023-07-13T14:17:30.808+0000] {dagbag.py:541} INFO - Filling up the DagBag from /home/airflow/.local/lib/python3.7/site-packages/airflow/example_dags/example_python_operator.py
[2023-07-13T14:17:30.823+0000] {processor.py:836} INFO - DAG(s) dict_keys(['example_python_operator']) retrieved from /home/airflow/.local/lib/python3.7/site-packages/airflow/example_dags/example_python_operator.py
[2023-07-13T14:17:31.244+0000] {logging_mixin.py:150} INFO - [2023-07-13T14:17:31.244+0000] {dag.py:2742} INFO - Sync 1 DAGs
[2023-07-13T14:17:31.267+0000] {logging_mixin.py:150} INFO - [2023-07-13T14:17:31.267+0000] {dag.py:3508} INFO - Setting next_dagrun for example_python_operator to None, run_after=None
[2023-07-13T14:17:31.284+0000] {processor.py:179} INFO - Processing /home/airflow/.local/lib/python3.7/site-packages/airflow/example_dags/example_python_operator.py took 0.482 seconds
[2023-07-13T14:18:01.329+0000] {processor.py:157} INFO - Started process (PID=159) to work on /home/airflow/.local/lib/python3.7/site-packages/airflow/example_dags/example_python_operator.py
[2023-07-13T14:18:01.331+0000] {processor.py:826} INFO - Processing file /home/airflow/.local/lib/python3.7/site-packages/airflow/example_dags/example_python_operator.py for tasks to queue
[2023-07-13T14:18:01.332+0000] {logging_mixin.py:150} INFO - [2023-07-13T14:18:01.331+0000] {dagbag.py:541} INFO - Filling up the DagBag from /home/airflow/.local/lib/python3.7/site-packages/airflow/example_dags/example_python_operator.py
[2023-07-13T14:18:01.341+0000] {processor.py:836} INFO - DAG(s) dict_keys(['example_python_operator']) retrieved from /home/airflow/.local/lib/python3.7/site-packages/airflow/example_dags/example_python_operator.py
[2023-07-13T14:18:01.362+0000] {logging_mixin.py:150} INFO - [2023-07-13T14:18:01.362+0000] {dag.py:2742} INFO - Sync 1 DAGs
[2023-07-13T14:18:01.384+0000] {logging_mixin.py:150} INFO - [2023-07-13T14:18:01.384+0000] {dag.py:3508} INFO - Setting next_dagrun for example_python_operator to None, run_after=None
[2023-07-13T14:18:01.395+0000] {processor.py:179} INFO - Processing /home/airflow/.local/lib/python3.7/site-packages/airflow/example_dags/example_python_operator.py took 0.069 seconds
[2023-07-13T14:18:31.621+0000] {processor.py:157} INFO - Started process (PID=216) to work on /home/airflow/.local/lib/python3.7/site-packages/airflow/example_dags/example_python_operator.py
[2023-07-13T14:18:31.624+0000] {processor.py:826} INFO - Processing file /home/airflow/.local/lib/python3.7/site-packages/airflow/example_dags/example_python_operator.py for tasks to queue
[2023-07-13T14:18:31.625+0000] {logging_mixin.py:150} INFO - [2023-07-13T14:18:31.625+0000] {dagbag.py:541} INFO - Filling up the DagBag from /home/airflow/.local/lib/python3.7/site-packages/airflow/example_dags/example_python_operator.py
[2023-07-13T14:18:31.636+0000] {processor.py:836} INFO - DAG(s) dict_keys(['example_python_operator']) retrieved from /home/airflow/.local/lib/python3.7/site-packages/airflow/example_dags/example_python_operator.py
[2023-07-13T14:18:31.661+0000] {logging_mixin.py:150} INFO - [2023-07-13T14:18:31.661+0000] {dag.py:2742} INFO - Sync 1 DAGs
[2023-07-13T14:18:31.676+0000] {logging_mixin.py:150} INFO - [2023-07-13T14:18:31.676+0000] {dag.py:3508} INFO - Setting next_dagrun for example_python_operator to None, run_after=None
[2023-07-13T14:18:31.687+0000] {processor.py:179} INFO - Processing /home/airflow/.local/lib/python3.7/site-packages/airflow/example_dags/example_python_operator.py took 0.074 seconds
[2023-07-13T14:19:02.419+0000] {processor.py:157} INFO - Started process (PID=272) to work on /home/airflow/.local/lib/python3.7/site-packages/airflow/example_dags/example_python_operator.py
[2023-07-13T14:19:02.420+0000] {processor.py:826} INFO - Processing file /home/airflow/.local/lib/python3.7/site-packages/airflow/example_dags/example_python_operator.py for tasks to queue
[2023-07-13T14:19:02.422+0000] {logging_mixin.py:150} INFO - [2023-07-13T14:19:02.421+0000] {dagbag.py:541} INFO - Filling up the DagBag from /home/airflow/.local/lib/python3.7/site-packages/airflow/example_dags/example_python_operator.py
[2023-07-13T14:19:02.432+0000] {processor.py:836} INFO - DAG(s) dict_keys(['example_python_operator']) retrieved from /home/airflow/.local/lib/python3.7/site-packages/airflow/example_dags/example_python_operator.py
[2023-07-13T14:19:02.456+0000] {logging_mixin.py:150} INFO - [2023-07-13T14:19:02.456+0000] {dag.py:2742} INFO - Sync 1 DAGs
[2023-07-13T14:19:02.471+0000] {logging_mixin.py:150} INFO - [2023-07-13T14:19:02.471+0000] {dag.py:3508} INFO - Setting next_dagrun for example_python_operator to None, run_after=None
[2023-07-13T14:19:02.483+0000] {processor.py:179} INFO - Processing /home/airflow/.local/lib/python3.7/site-packages/airflow/example_dags/example_python_operator.py took 0.069 seconds
[2023-07-13T14:19:32.920+0000] {processor.py:157} INFO - Started process (PID=329) to work on /home/airflow/.local/lib/python3.7/site-packages/airflow/example_dags/example_python_operator.py
[2023-07-13T14:19:32.922+0000] {processor.py:826} INFO - Processing file /home/airflow/.local/lib/python3.7/site-packages/airflow/example_dags/example_python_operator.py for tasks to queue
[2023-07-13T14:19:32.923+0000] {logging_mixin.py:150} INFO - [2023-07-13T14:19:32.922+0000] {dagbag.py:541} INFO - Filling up the DagBag from /home/airflow/.local/lib/python3.7/site-packages/airflow/example_dags/example_python_operator.py
[2023-07-13T14:19:32.931+0000] {processor.py:836} INFO - DAG(s) dict_keys(['example_python_operator']) retrieved from /home/airflow/.local/lib/python3.7/site-packages/airflow/example_dags/example_python_operator.py
[2023-07-13T14:19:32.951+0000] {logging_mixin.py:150} INFO - [2023-07-13T14:19:32.951+0000] {dag.py:2742} INFO - Sync 1 DAGs
[2023-07-13T14:19:32.968+0000] {logging_mixin.py:150} INFO - [2023-07-13T14:19:32.968+0000] {dag.py:3508} INFO - Setting next_dagrun for example_python_operator to None, run_after=None
[2023-07-13T14:19:32.979+0000] {processor.py:179} INFO - Processing /home/airflow/.local/lib/python3.7/site-packages/airflow/example_dags/example_python_operator.py took 0.061 seconds
[2023-07-13T14:20:03.321+0000] {processor.py:157} INFO - Started process (PID=386) to work on /home/airflow/.local/lib/python3.7/site-packages/airflow/example_dags/example_python_operator.py
[2023-07-13T14:20:03.323+0000] {processor.py:826} INFO - Processing file /home/airflow/.local/lib/python3.7/site-packages/airflow/example_dags/example_python_operator.py for tasks to queue
[2023-07-13T14:20:03.324+0000] {logging_mixin.py:150} INFO - [2023-07-13T14:20:03.323+0000] {dagbag.py:541} INFO - Filling up the DagBag from /home/airflow/.local/lib/python3.7/site-packages/airflow/example_dags/example_python_operator.py
[2023-07-13T14:20:03.331+0000] {processor.py:836} INFO - DAG(s) dict_keys(['example_python_operator']) retrieved from /home/airflow/.local/lib/python3.7/site-packages/airflow/example_dags/example_python_operator.py
[2023-07-13T14:20:03.352+0000] {logging_mixin.py:150} INFO - [2023-07-13T14:20:03.352+0000] {dag.py:2742} INFO - Sync 1 DAGs
[2023-07-13T14:20:03.369+0000] {logging_mixin.py:150} INFO - [2023-07-13T14:20:03.369+0000] {dag.py:3508} INFO - Setting next_dagrun for example_python_operator to None, run_after=None
[2023-07-13T14:20:03.381+0000] {processor.py:179} INFO - Processing /home/airflow/.local/lib/python3.7/site-packages/airflow/example_dags/example_python_operator.py took 0.062 seconds
[2023-07-13T14:20:33.686+0000] {processor.py:157} INFO - Started process (PID=443) to work on /home/airflow/.local/lib/python3.7/site-packages/airflow/example_dags/example_python_operator.py
[2023-07-13T14:20:33.687+0000] {processor.py:826} INFO - Processing file /home/airflow/.local/lib/python3.7/site-packages/airflow/example_dags/example_python_operator.py for tasks to queue
[2023-07-13T14:20:33.688+0000] {logging_mixin.py:150} INFO - [2023-07-13T14:20:33.688+0000] {dagbag.py:541} INFO - Filling up the DagBag from /home/airflow/.local/lib/python3.7/site-packages/airflow/example_dags/example_python_operator.py
[2023-07-13T14:20:33.696+0000] {processor.py:836} INFO - DAG(s) dict_keys(['example_python_operator']) retrieved from /home/airflow/.local/lib/python3.7/site-packages/airflow/example_dags/example_python_operator.py
[2023-07-13T14:20:33.716+0000] {logging_mixin.py:150} INFO - [2023-07-13T14:20:33.716+0000] {dag.py:2742} INFO - Sync 1 DAGs
[2023-07-13T14:20:33.733+0000] {logging_mixin.py:150} INFO - [2023-07-13T14:20:33.733+0000] {dag.py:3508} INFO - Setting next_dagrun for example_python_operator to None, run_after=None
[2023-07-13T14:20:33.744+0000] {processor.py:179} INFO - Processing /home/airflow/.local/lib/python3.7/site-packages/airflow/example_dags/example_python_operator.py took 0.061 seconds
[2023-07-13T14:21:04.529+0000] {processor.py:157} INFO - Started process (PID=499) to work on /home/airflow/.local/lib/python3.7/site-packages/airflow/example_dags/example_python_operator.py
[2023-07-13T14:21:04.531+0000] {processor.py:826} INFO - Processing file /home/airflow/.local/lib/python3.7/site-packages/airflow/example_dags/example_python_operator.py for tasks to queue
[2023-07-13T14:21:04.532+0000] {logging_mixin.py:150} INFO - [2023-07-13T14:21:04.532+0000] {dagbag.py:541} INFO - Filling up the DagBag from /home/airflow/.local/lib/python3.7/site-packages/airflow/example_dags/example_python_operator.py
[2023-07-13T14:21:04.544+0000] {processor.py:836} INFO - DAG(s) dict_keys(['example_python_operator']) retrieved from /home/airflow/.local/lib/python3.7/site-packages/airflow/example_dags/example_python_operator.py
[2023-07-13T14:21:04.569+0000] {logging_mixin.py:150} INFO - [2023-07-13T14:21:04.569+0000] {dag.py:2742} INFO - Sync 1 DAGs
[2023-07-13T14:21:04.587+0000] {logging_mixin.py:150} INFO - [2023-07-13T14:21:04.587+0000] {dag.py:3508} INFO - Setting next_dagrun for example_python_operator to None, run_after=None
[2023-07-13T14:21:04.600+0000] {processor.py:179} INFO - Processing /home/airflow/.local/lib/python3.7/site-packages/airflow/example_dags/example_python_operator.py took 0.074 seconds
[2023-07-13T14:21:35.131+0000] {processor.py:157} INFO - Started process (PID=555) to work on /home/airflow/.local/lib/python3.7/site-packages/airflow/example_dags/example_python_operator.py
[2023-07-13T14:21:35.133+0000] {processor.py:826} INFO - Processing file /home/airflow/.local/lib/python3.7/site-packages/airflow/example_dags/example_python_operator.py for tasks to queue
[2023-07-13T14:21:35.134+0000] {logging_mixin.py:150} INFO - [2023-07-13T14:21:35.134+0000] {dagbag.py:541} INFO - Filling up the DagBag from /home/airflow/.local/lib/python3.7/site-packages/airflow/example_dags/example_python_operator.py
[2023-07-13T14:21:35.142+0000] {processor.py:836} INFO - DAG(s) dict_keys(['example_python_operator']) retrieved from /home/airflow/.local/lib/python3.7/site-packages/airflow/example_dags/example_python_operator.py
[2023-07-13T14:21:35.162+0000] {logging_mixin.py:150} INFO - [2023-07-13T14:21:35.162+0000] {dag.py:2742} INFO - Sync 1 DAGs
[2023-07-13T14:21:35.179+0000] {logging_mixin.py:150} INFO - [2023-07-13T14:21:35.179+0000] {dag.py:3508} INFO - Setting next_dagrun for example_python_operator to None, run_after=None
[2023-07-13T14:21:35.190+0000] {processor.py:179} INFO - Processing /home/airflow/.local/lib/python3.7/site-packages/airflow/example_dags/example_python_operator.py took 0.062 seconds
[2023-07-13T14:22:06.202+0000] {processor.py:157} INFO - Started process (PID=612) to work on /home/airflow/.local/lib/python3.7/site-packages/airflow/example_dags/example_python_operator.py
[2023-07-13T14:22:06.204+0000] {processor.py:826} INFO - Processing file /home/airflow/.local/lib/python3.7/site-packages/airflow/example_dags/example_python_operator.py for tasks to queue
[2023-07-13T14:22:06.205+0000] {logging_mixin.py:150} INFO - [2023-07-13T14:22:06.205+0000] {dagbag.py:541} INFO - Filling up the DagBag from /home/airflow/.local/lib/python3.7/site-packages/airflow/example_dags/example_python_operator.py
[2023-07-13T14:22:06.216+0000] {processor.py:836} INFO - DAG(s) dict_keys(['example_python_operator']) retrieved from /home/airflow/.local/lib/python3.7/site-packages/airflow/example_dags/example_python_operator.py
[2023-07-13T14:22:06.242+0000] {logging_mixin.py:150} INFO - [2023-07-13T14:22:06.241+0000] {dag.py:2742} INFO - Sync 1 DAGs
[2023-07-13T14:22:06.260+0000] {logging_mixin.py:150} INFO - [2023-07-13T14:22:06.260+0000] {dag.py:3508} INFO - Setting next_dagrun for example_python_operator to None, run_after=None
[2023-07-13T14:22:06.273+0000] {processor.py:179} INFO - Processing /home/airflow/.local/lib/python3.7/site-packages/airflow/example_dags/example_python_operator.py took 0.075 seconds
[2023-07-13T14:22:39.562+0000] {processor.py:157} INFO - Started process (PID=669) to work on /home/airflow/.local/lib/python3.7/site-packages/airflow/example_dags/example_python_operator.py
[2023-07-13T14:22:39.565+0000] {processor.py:826} INFO - Processing file /home/airflow/.local/lib/python3.7/site-packages/airflow/example_dags/example_python_operator.py for tasks to queue
[2023-07-13T14:22:39.567+0000] {logging_mixin.py:150} INFO - [2023-07-13T14:22:39.567+0000] {dagbag.py:541} INFO - Filling up the DagBag from /home/airflow/.local/lib/python3.7/site-packages/airflow/example_dags/example_python_operator.py
[2023-07-13T14:22:39.581+0000] {processor.py:836} INFO - DAG(s) dict_keys(['example_python_operator']) retrieved from /home/airflow/.local/lib/python3.7/site-packages/airflow/example_dags/example_python_operator.py
[2023-07-13T14:22:39.685+0000] {logging_mixin.py:150} INFO - [2023-07-13T14:22:39.685+0000] {dag.py:2742} INFO - Sync 1 DAGs
[2023-07-13T14:22:39.798+0000] {logging_mixin.py:150} INFO - [2023-07-13T14:22:39.797+0000] {dag.py:3508} INFO - Setting next_dagrun for example_python_operator to None, run_after=None
[2023-07-13T14:22:39.871+0000] {processor.py:179} INFO - Processing /home/airflow/.local/lib/python3.7/site-packages/airflow/example_dags/example_python_operator.py took 0.313 seconds
[2023-07-13T14:23:10.021+0000] {processor.py:157} INFO - Started process (PID=727) to work on /home/airflow/.local/lib/python3.7/site-packages/airflow/example_dags/example_python_operator.py
[2023-07-13T14:23:10.023+0000] {processor.py:826} INFO - Processing file /home/airflow/.local/lib/python3.7/site-packages/airflow/example_dags/example_python_operator.py for tasks to queue
[2023-07-13T14:23:10.024+0000] {logging_mixin.py:150} INFO - [2023-07-13T14:23:10.023+0000] {dagbag.py:541} INFO - Filling up the DagBag from /home/airflow/.local/lib/python3.7/site-packages/airflow/example_dags/example_python_operator.py
[2023-07-13T14:23:10.034+0000] {processor.py:836} INFO - DAG(s) dict_keys(['example_python_operator']) retrieved from /home/airflow/.local/lib/python3.7/site-packages/airflow/example_dags/example_python_operator.py
[2023-07-13T14:23:10.061+0000] {logging_mixin.py:150} INFO - [2023-07-13T14:23:10.061+0000] {dag.py:2742} INFO - Sync 1 DAGs
[2023-07-13T14:23:10.089+0000] {logging_mixin.py:150} INFO - [2023-07-13T14:23:10.089+0000] {dag.py:3508} INFO - Setting next_dagrun for example_python_operator to None, run_after=None
[2023-07-13T14:23:10.107+0000] {processor.py:179} INFO - Processing /home/airflow/.local/lib/python3.7/site-packages/airflow/example_dags/example_python_operator.py took 0.090 seconds
[2023-07-13T14:23:41.106+0000] {processor.py:157} INFO - Started process (PID=784) to work on /home/airflow/.local/lib/python3.7/site-packages/airflow/example_dags/example_python_operator.py
[2023-07-13T14:23:41.108+0000] {processor.py:826} INFO - Processing file /home/airflow/.local/lib/python3.7/site-packages/airflow/example_dags/example_python_operator.py for tasks to queue
[2023-07-13T14:23:41.108+0000] {logging_mixin.py:150} INFO - [2023-07-13T14:23:41.108+0000] {dagbag.py:541} INFO - Filling up the DagBag from /home/airflow/.local/lib/python3.7/site-packages/airflow/example_dags/example_python_operator.py
[2023-07-13T14:23:41.118+0000] {processor.py:836} INFO - DAG(s) dict_keys(['example_python_operator']) retrieved from /home/airflow/.local/lib/python3.7/site-packages/airflow/example_dags/example_python_operator.py
[2023-07-13T14:23:41.146+0000] {logging_mixin.py:150} INFO - [2023-07-13T14:23:41.146+0000] {dag.py:2742} INFO - Sync 1 DAGs
[2023-07-13T14:23:41.167+0000] {logging_mixin.py:150} INFO - [2023-07-13T14:23:41.167+0000] {dag.py:3508} INFO - Setting next_dagrun for example_python_operator to None, run_after=None
[2023-07-13T14:23:41.188+0000] {processor.py:179} INFO - Processing /home/airflow/.local/lib/python3.7/site-packages/airflow/example_dags/example_python_operator.py took 0.086 seconds
[2023-07-13T14:24:11.456+0000] {processor.py:157} INFO - Started process (PID=842) to work on /home/airflow/.local/lib/python3.7/site-packages/airflow/example_dags/example_python_operator.py
[2023-07-13T14:24:11.458+0000] {processor.py:826} INFO - Processing file /home/airflow/.local/lib/python3.7/site-packages/airflow/example_dags/example_python_operator.py for tasks to queue
[2023-07-13T14:24:11.458+0000] {logging_mixin.py:150} INFO - [2023-07-13T14:24:11.458+0000] {dagbag.py:541} INFO - Filling up the DagBag from /home/airflow/.local/lib/python3.7/site-packages/airflow/example_dags/example_python_operator.py
[2023-07-13T14:24:11.467+0000] {processor.py:836} INFO - DAG(s) dict_keys(['example_python_operator']) retrieved from /home/airflow/.local/lib/python3.7/site-packages/airflow/example_dags/example_python_operator.py
[2023-07-13T14:24:11.501+0000] {logging_mixin.py:150} INFO - [2023-07-13T14:24:11.501+0000] {dag.py:2742} INFO - Sync 1 DAGs
[2023-07-13T14:24:11.522+0000] {logging_mixin.py:150} INFO - [2023-07-13T14:24:11.522+0000] {dag.py:3508} INFO - Setting next_dagrun for example_python_operator to None, run_after=None
[2023-07-13T14:24:11.532+0000] {processor.py:179} INFO - Processing /home/airflow/.local/lib/python3.7/site-packages/airflow/example_dags/example_python_operator.py took 0.079 seconds
[2023-07-13T14:24:41.878+0000] {processor.py:157} INFO - Started process (PID=899) to work on /home/airflow/.local/lib/python3.7/site-packages/airflow/example_dags/example_python_operator.py
[2023-07-13T14:24:41.880+0000] {processor.py:826} INFO - Processing file /home/airflow/.local/lib/python3.7/site-packages/airflow/example_dags/example_python_operator.py for tasks to queue
[2023-07-13T14:24:41.881+0000] {logging_mixin.py:150} INFO - [2023-07-13T14:24:41.881+0000] {dagbag.py:541} INFO - Filling up the DagBag from /home/airflow/.local/lib/python3.7/site-packages/airflow/example_dags/example_python_operator.py
[2023-07-13T14:24:41.891+0000] {processor.py:836} INFO - DAG(s) dict_keys(['example_python_operator']) retrieved from /home/airflow/.local/lib/python3.7/site-packages/airflow/example_dags/example_python_operator.py
[2023-07-13T14:24:41.917+0000] {logging_mixin.py:150} INFO - [2023-07-13T14:24:41.916+0000] {dag.py:2742} INFO - Sync 1 DAGs
[2023-07-13T14:24:41.934+0000] {logging_mixin.py:150} INFO - [2023-07-13T14:24:41.934+0000] {dag.py:3508} INFO - Setting next_dagrun for example_python_operator to None, run_after=None
[2023-07-13T14:24:41.945+0000] {processor.py:179} INFO - Processing /home/airflow/.local/lib/python3.7/site-packages/airflow/example_dags/example_python_operator.py took 0.070 seconds
[2023-07-13T14:25:12.181+0000] {processor.py:157} INFO - Started process (PID=955) to work on /home/airflow/.local/lib/python3.7/site-packages/airflow/example_dags/example_python_operator.py
[2023-07-13T14:25:12.182+0000] {processor.py:826} INFO - Processing file /home/airflow/.local/lib/python3.7/site-packages/airflow/example_dags/example_python_operator.py for tasks to queue
[2023-07-13T14:25:12.183+0000] {logging_mixin.py:150} INFO - [2023-07-13T14:25:12.183+0000] {dagbag.py:541} INFO - Filling up the DagBag from /home/airflow/.local/lib/python3.7/site-packages/airflow/example_dags/example_python_operator.py
[2023-07-13T14:25:12.192+0000] {processor.py:836} INFO - DAG(s) dict_keys(['example_python_operator']) retrieved from /home/airflow/.local/lib/python3.7/site-packages/airflow/example_dags/example_python_operator.py
[2023-07-13T14:25:12.215+0000] {logging_mixin.py:150} INFO - [2023-07-13T14:25:12.214+0000] {dag.py:2742} INFO - Sync 1 DAGs
[2023-07-13T14:25:12.231+0000] {logging_mixin.py:150} INFO - [2023-07-13T14:25:12.231+0000] {dag.py:3508} INFO - Setting next_dagrun for example_python_operator to None, run_after=None
[2023-07-13T14:25:12.245+0000] {processor.py:179} INFO - Processing /home/airflow/.local/lib/python3.7/site-packages/airflow/example_dags/example_python_operator.py took 0.067 seconds
