[2023-07-13T14:16:59.992+0000] {processor.py:157} INFO - Started process (PID=48) to work on /home/airflow/.local/lib/python3.7/site-packages/airflow/example_dags/example_bash_operator.py
[2023-07-13T14:16:59.994+0000] {processor.py:826} INFO - Processing file /home/airflow/.local/lib/python3.7/site-packages/airflow/example_dags/example_bash_operator.py for tasks to queue
[2023-07-13T14:16:59.996+0000] {logging_mixin.py:150} INFO - [2023-07-13T14:16:59.996+0000] {dagbag.py:541} INFO - Filling up the DagBag from /home/airflow/.local/lib/python3.7/site-packages/airflow/example_dags/example_bash_operator.py
[2023-07-13T14:17:00.022+0000] {processor.py:836} INFO - DAG(s) dict_keys(['example_bash_operator']) retrieved from /home/airflow/.local/lib/python3.7/site-packages/airflow/example_dags/example_bash_operator.py
[2023-07-13T14:17:00.083+0000] {logging_mixin.py:150} INFO - [2023-07-13T14:17:00.083+0000] {dag.py:2742} INFO - Sync 1 DAGs
[2023-07-13T14:17:00.216+0000] {logging_mixin.py:150} INFO - [2023-07-13T14:17:00.216+0000] {dag.py:3508} INFO - Setting next_dagrun for example_bash_operator to 2023-07-12T00:00:00+00:00, run_after=2023-07-13T00:00:00+00:00
[2023-07-13T14:17:00.293+0000] {processor.py:179} INFO - Processing /home/airflow/.local/lib/python3.7/site-packages/airflow/example_dags/example_bash_operator.py took 0.304 seconds
[2023-07-13T14:17:31.289+0000] {processor.py:157} INFO - Started process (PID=104) to work on /home/airflow/.local/lib/python3.7/site-packages/airflow/example_dags/example_bash_operator.py
[2023-07-13T14:17:31.291+0000] {processor.py:826} INFO - Processing file /home/airflow/.local/lib/python3.7/site-packages/airflow/example_dags/example_bash_operator.py for tasks to queue
[2023-07-13T14:17:31.292+0000] {logging_mixin.py:150} INFO - [2023-07-13T14:17:31.292+0000] {dagbag.py:541} INFO - Filling up the DagBag from /home/airflow/.local/lib/python3.7/site-packages/airflow/example_dags/example_bash_operator.py
[2023-07-13T14:17:31.305+0000] {processor.py:836} INFO - DAG(s) dict_keys(['example_bash_operator']) retrieved from /home/airflow/.local/lib/python3.7/site-packages/airflow/example_dags/example_bash_operator.py
[2023-07-13T14:17:31.344+0000] {logging_mixin.py:150} INFO - [2023-07-13T14:17:31.344+0000] {dag.py:2742} INFO - Sync 1 DAGs
[2023-07-13T14:17:31.367+0000] {logging_mixin.py:150} INFO - [2023-07-13T14:17:31.367+0000] {dag.py:3508} INFO - Setting next_dagrun for example_bash_operator to 2023-07-12T00:00:00+00:00, run_after=2023-07-13T00:00:00+00:00
[2023-07-13T14:17:31.383+0000] {processor.py:179} INFO - Processing /home/airflow/.local/lib/python3.7/site-packages/airflow/example_dags/example_bash_operator.py took 0.097 seconds
[2023-07-13T14:18:01.413+0000] {processor.py:157} INFO - Started process (PID=161) to work on /home/airflow/.local/lib/python3.7/site-packages/airflow/example_dags/example_bash_operator.py
[2023-07-13T14:18:01.414+0000] {processor.py:826} INFO - Processing file /home/airflow/.local/lib/python3.7/site-packages/airflow/example_dags/example_bash_operator.py for tasks to queue
[2023-07-13T14:18:01.415+0000] {logging_mixin.py:150} INFO - [2023-07-13T14:18:01.414+0000] {dagbag.py:541} INFO - Filling up the DagBag from /home/airflow/.local/lib/python3.7/site-packages/airflow/example_dags/example_bash_operator.py
[2023-07-13T14:18:01.425+0000] {processor.py:836} INFO - DAG(s) dict_keys(['example_bash_operator']) retrieved from /home/airflow/.local/lib/python3.7/site-packages/airflow/example_dags/example_bash_operator.py
[2023-07-13T14:18:01.449+0000] {logging_mixin.py:150} INFO - [2023-07-13T14:18:01.449+0000] {dag.py:2742} INFO - Sync 1 DAGs
[2023-07-13T14:18:01.465+0000] {logging_mixin.py:150} INFO - [2023-07-13T14:18:01.465+0000] {dag.py:3508} INFO - Setting next_dagrun for example_bash_operator to 2023-07-12T00:00:00+00:00, run_after=2023-07-13T00:00:00+00:00
[2023-07-13T14:18:01.475+0000] {processor.py:179} INFO - Processing /home/airflow/.local/lib/python3.7/site-packages/airflow/example_dags/example_bash_operator.py took 0.065 seconds
[2023-07-13T14:18:31.741+0000] {processor.py:157} INFO - Started process (PID=218) to work on /home/airflow/.local/lib/python3.7/site-packages/airflow/example_dags/example_bash_operator.py
[2023-07-13T14:18:31.742+0000] {processor.py:826} INFO - Processing file /home/airflow/.local/lib/python3.7/site-packages/airflow/example_dags/example_bash_operator.py for tasks to queue
[2023-07-13T14:18:31.743+0000] {logging_mixin.py:150} INFO - [2023-07-13T14:18:31.743+0000] {dagbag.py:541} INFO - Filling up the DagBag from /home/airflow/.local/lib/python3.7/site-packages/airflow/example_dags/example_bash_operator.py
[2023-07-13T14:18:31.753+0000] {processor.py:836} INFO - DAG(s) dict_keys(['example_bash_operator']) retrieved from /home/airflow/.local/lib/python3.7/site-packages/airflow/example_dags/example_bash_operator.py
[2023-07-13T14:18:31.778+0000] {logging_mixin.py:150} INFO - [2023-07-13T14:18:31.778+0000] {dag.py:2742} INFO - Sync 1 DAGs
[2023-07-13T14:18:31.796+0000] {logging_mixin.py:150} INFO - [2023-07-13T14:18:31.796+0000] {dag.py:3508} INFO - Setting next_dagrun for example_bash_operator to 2023-07-12T00:00:00+00:00, run_after=2023-07-13T00:00:00+00:00
[2023-07-13T14:18:31.806+0000] {processor.py:179} INFO - Processing /home/airflow/.local/lib/python3.7/site-packages/airflow/example_dags/example_bash_operator.py took 0.068 seconds
[2023-07-13T14:19:02.528+0000] {processor.py:157} INFO - Started process (PID=274) to work on /home/airflow/.local/lib/python3.7/site-packages/airflow/example_dags/example_bash_operator.py
[2023-07-13T14:19:02.529+0000] {processor.py:826} INFO - Processing file /home/airflow/.local/lib/python3.7/site-packages/airflow/example_dags/example_bash_operator.py for tasks to queue
[2023-07-13T14:19:02.530+0000] {logging_mixin.py:150} INFO - [2023-07-13T14:19:02.530+0000] {dagbag.py:541} INFO - Filling up the DagBag from /home/airflow/.local/lib/python3.7/site-packages/airflow/example_dags/example_bash_operator.py
[2023-07-13T14:19:02.540+0000] {processor.py:836} INFO - DAG(s) dict_keys(['example_bash_operator']) retrieved from /home/airflow/.local/lib/python3.7/site-packages/airflow/example_dags/example_bash_operator.py
[2023-07-13T14:19:02.565+0000] {logging_mixin.py:150} INFO - [2023-07-13T14:19:02.564+0000] {dag.py:2742} INFO - Sync 1 DAGs
[2023-07-13T14:19:02.582+0000] {logging_mixin.py:150} INFO - [2023-07-13T14:19:02.582+0000] {dag.py:3508} INFO - Setting next_dagrun for example_bash_operator to 2023-07-12T00:00:00+00:00, run_after=2023-07-13T00:00:00+00:00
[2023-07-13T14:19:02.593+0000] {processor.py:179} INFO - Processing /home/airflow/.local/lib/python3.7/site-packages/airflow/example_dags/example_bash_operator.py took 0.068 seconds
[2023-07-13T14:19:33.001+0000] {processor.py:157} INFO - Started process (PID=331) to work on /home/airflow/.local/lib/python3.7/site-packages/airflow/example_dags/example_bash_operator.py
[2023-07-13T14:19:33.003+0000] {processor.py:826} INFO - Processing file /home/airflow/.local/lib/python3.7/site-packages/airflow/example_dags/example_bash_operator.py for tasks to queue
[2023-07-13T14:19:33.004+0000] {logging_mixin.py:150} INFO - [2023-07-13T14:19:33.003+0000] {dagbag.py:541} INFO - Filling up the DagBag from /home/airflow/.local/lib/python3.7/site-packages/airflow/example_dags/example_bash_operator.py
[2023-07-13T14:19:33.013+0000] {processor.py:836} INFO - DAG(s) dict_keys(['example_bash_operator']) retrieved from /home/airflow/.local/lib/python3.7/site-packages/airflow/example_dags/example_bash_operator.py
[2023-07-13T14:19:33.039+0000] {logging_mixin.py:150} INFO - [2023-07-13T14:19:33.038+0000] {dag.py:2742} INFO - Sync 1 DAGs
[2023-07-13T14:19:33.056+0000] {logging_mixin.py:150} INFO - [2023-07-13T14:19:33.056+0000] {dag.py:3508} INFO - Setting next_dagrun for example_bash_operator to 2023-07-12T00:00:00+00:00, run_after=2023-07-13T00:00:00+00:00
[2023-07-13T14:19:33.067+0000] {processor.py:179} INFO - Processing /home/airflow/.local/lib/python3.7/site-packages/airflow/example_dags/example_bash_operator.py took 0.068 seconds
[2023-07-13T14:20:03.403+0000] {processor.py:157} INFO - Started process (PID=388) to work on /home/airflow/.local/lib/python3.7/site-packages/airflow/example_dags/example_bash_operator.py
[2023-07-13T14:20:03.404+0000] {processor.py:826} INFO - Processing file /home/airflow/.local/lib/python3.7/site-packages/airflow/example_dags/example_bash_operator.py for tasks to queue
[2023-07-13T14:20:03.405+0000] {logging_mixin.py:150} INFO - [2023-07-13T14:20:03.405+0000] {dagbag.py:541} INFO - Filling up the DagBag from /home/airflow/.local/lib/python3.7/site-packages/airflow/example_dags/example_bash_operator.py
[2023-07-13T14:20:03.415+0000] {processor.py:836} INFO - DAG(s) dict_keys(['example_bash_operator']) retrieved from /home/airflow/.local/lib/python3.7/site-packages/airflow/example_dags/example_bash_operator.py
[2023-07-13T14:20:03.439+0000] {logging_mixin.py:150} INFO - [2023-07-13T14:20:03.439+0000] {dag.py:2742} INFO - Sync 1 DAGs
[2023-07-13T14:20:03.457+0000] {logging_mixin.py:150} INFO - [2023-07-13T14:20:03.457+0000] {dag.py:3508} INFO - Setting next_dagrun for example_bash_operator to 2023-07-12T00:00:00+00:00, run_after=2023-07-13T00:00:00+00:00
[2023-07-13T14:20:03.468+0000] {processor.py:179} INFO - Processing /home/airflow/.local/lib/python3.7/site-packages/airflow/example_dags/example_bash_operator.py took 0.068 seconds
[2023-07-13T14:20:33.766+0000] {processor.py:157} INFO - Started process (PID=445) to work on /home/airflow/.local/lib/python3.7/site-packages/airflow/example_dags/example_bash_operator.py
[2023-07-13T14:20:33.767+0000] {processor.py:826} INFO - Processing file /home/airflow/.local/lib/python3.7/site-packages/airflow/example_dags/example_bash_operator.py for tasks to queue
[2023-07-13T14:20:33.768+0000] {logging_mixin.py:150} INFO - [2023-07-13T14:20:33.768+0000] {dagbag.py:541} INFO - Filling up the DagBag from /home/airflow/.local/lib/python3.7/site-packages/airflow/example_dags/example_bash_operator.py
[2023-07-13T14:20:33.778+0000] {processor.py:836} INFO - DAG(s) dict_keys(['example_bash_operator']) retrieved from /home/airflow/.local/lib/python3.7/site-packages/airflow/example_dags/example_bash_operator.py
[2023-07-13T14:20:33.803+0000] {logging_mixin.py:150} INFO - [2023-07-13T14:20:33.802+0000] {dag.py:2742} INFO - Sync 1 DAGs
[2023-07-13T14:20:33.819+0000] {logging_mixin.py:150} INFO - [2023-07-13T14:20:33.819+0000] {dag.py:3508} INFO - Setting next_dagrun for example_bash_operator to 2023-07-12T00:00:00+00:00, run_after=2023-07-13T00:00:00+00:00
[2023-07-13T14:20:33.834+0000] {processor.py:179} INFO - Processing /home/airflow/.local/lib/python3.7/site-packages/airflow/example_dags/example_bash_operator.py took 0.071 seconds
[2023-07-13T14:21:04.627+0000] {processor.py:157} INFO - Started process (PID=501) to work on /home/airflow/.local/lib/python3.7/site-packages/airflow/example_dags/example_bash_operator.py
[2023-07-13T14:21:04.629+0000] {processor.py:826} INFO - Processing file /home/airflow/.local/lib/python3.7/site-packages/airflow/example_dags/example_bash_operator.py for tasks to queue
[2023-07-13T14:21:04.632+0000] {logging_mixin.py:150} INFO - [2023-07-13T14:21:04.631+0000] {dagbag.py:541} INFO - Filling up the DagBag from /home/airflow/.local/lib/python3.7/site-packages/airflow/example_dags/example_bash_operator.py
[2023-07-13T14:21:04.647+0000] {processor.py:836} INFO - DAG(s) dict_keys(['example_bash_operator']) retrieved from /home/airflow/.local/lib/python3.7/site-packages/airflow/example_dags/example_bash_operator.py
[2023-07-13T14:21:04.678+0000] {logging_mixin.py:150} INFO - [2023-07-13T14:21:04.678+0000] {dag.py:2742} INFO - Sync 1 DAGs
[2023-07-13T14:21:04.702+0000] {logging_mixin.py:150} INFO - [2023-07-13T14:21:04.702+0000] {dag.py:3508} INFO - Setting next_dagrun for example_bash_operator to 2023-07-12T00:00:00+00:00, run_after=2023-07-13T00:00:00+00:00
[2023-07-13T14:21:04.714+0000] {processor.py:179} INFO - Processing /home/airflow/.local/lib/python3.7/site-packages/airflow/example_dags/example_bash_operator.py took 0.090 seconds
[2023-07-13T14:21:35.213+0000] {processor.py:157} INFO - Started process (PID=557) to work on /home/airflow/.local/lib/python3.7/site-packages/airflow/example_dags/example_bash_operator.py
[2023-07-13T14:21:35.215+0000] {processor.py:826} INFO - Processing file /home/airflow/.local/lib/python3.7/site-packages/airflow/example_dags/example_bash_operator.py for tasks to queue
[2023-07-13T14:21:35.216+0000] {logging_mixin.py:150} INFO - [2023-07-13T14:21:35.215+0000] {dagbag.py:541} INFO - Filling up the DagBag from /home/airflow/.local/lib/python3.7/site-packages/airflow/example_dags/example_bash_operator.py
[2023-07-13T14:21:35.226+0000] {processor.py:836} INFO - DAG(s) dict_keys(['example_bash_operator']) retrieved from /home/airflow/.local/lib/python3.7/site-packages/airflow/example_dags/example_bash_operator.py
[2023-07-13T14:21:35.251+0000] {logging_mixin.py:150} INFO - [2023-07-13T14:21:35.250+0000] {dag.py:2742} INFO - Sync 1 DAGs
[2023-07-13T14:21:35.269+0000] {logging_mixin.py:150} INFO - [2023-07-13T14:21:35.269+0000] {dag.py:3508} INFO - Setting next_dagrun for example_bash_operator to 2023-07-12T00:00:00+00:00, run_after=2023-07-13T00:00:00+00:00
[2023-07-13T14:21:35.280+0000] {processor.py:179} INFO - Processing /home/airflow/.local/lib/python3.7/site-packages/airflow/example_dags/example_bash_operator.py took 0.070 seconds
[2023-07-13T14:22:06.296+0000] {processor.py:157} INFO - Started process (PID=614) to work on /home/airflow/.local/lib/python3.7/site-packages/airflow/example_dags/example_bash_operator.py
[2023-07-13T14:22:06.297+0000] {processor.py:826} INFO - Processing file /home/airflow/.local/lib/python3.7/site-packages/airflow/example_dags/example_bash_operator.py for tasks to queue
[2023-07-13T14:22:06.298+0000] {logging_mixin.py:150} INFO - [2023-07-13T14:22:06.298+0000] {dagbag.py:541} INFO - Filling up the DagBag from /home/airflow/.local/lib/python3.7/site-packages/airflow/example_dags/example_bash_operator.py
[2023-07-13T14:22:06.310+0000] {processor.py:836} INFO - DAG(s) dict_keys(['example_bash_operator']) retrieved from /home/airflow/.local/lib/python3.7/site-packages/airflow/example_dags/example_bash_operator.py
[2023-07-13T14:22:06.336+0000] {logging_mixin.py:150} INFO - [2023-07-13T14:22:06.336+0000] {dag.py:2742} INFO - Sync 1 DAGs
[2023-07-13T14:22:06.354+0000] {logging_mixin.py:150} INFO - [2023-07-13T14:22:06.354+0000] {dag.py:3508} INFO - Setting next_dagrun for example_bash_operator to 2023-07-12T00:00:00+00:00, run_after=2023-07-13T00:00:00+00:00
[2023-07-13T14:22:06.366+0000] {processor.py:179} INFO - Processing /home/airflow/.local/lib/python3.7/site-packages/airflow/example_dags/example_bash_operator.py took 0.073 seconds
[2023-07-13T14:22:39.922+0000] {processor.py:157} INFO - Started process (PID=671) to work on /home/airflow/.local/lib/python3.7/site-packages/airflow/example_dags/example_bash_operator.py
[2023-07-13T14:22:39.924+0000] {processor.py:826} INFO - Processing file /home/airflow/.local/lib/python3.7/site-packages/airflow/example_dags/example_bash_operator.py for tasks to queue
[2023-07-13T14:22:39.927+0000] {logging_mixin.py:150} INFO - [2023-07-13T14:22:39.926+0000] {dagbag.py:541} INFO - Filling up the DagBag from /home/airflow/.local/lib/python3.7/site-packages/airflow/example_dags/example_bash_operator.py
[2023-07-13T14:22:39.949+0000] {processor.py:836} INFO - DAG(s) dict_keys(['example_bash_operator']) retrieved from /home/airflow/.local/lib/python3.7/site-packages/airflow/example_dags/example_bash_operator.py
[2023-07-13T14:22:39.986+0000] {logging_mixin.py:150} INFO - [2023-07-13T14:22:39.986+0000] {dag.py:2742} INFO - Sync 1 DAGs
[2023-07-13T14:22:40.010+0000] {logging_mixin.py:150} INFO - [2023-07-13T14:22:40.010+0000] {dag.py:3508} INFO - Setting next_dagrun for example_bash_operator to 2023-07-12T00:00:00+00:00, run_after=2023-07-13T00:00:00+00:00
[2023-07-13T14:22:40.025+0000] {processor.py:179} INFO - Processing /home/airflow/.local/lib/python3.7/site-packages/airflow/example_dags/example_bash_operator.py took 0.107 seconds
[2023-07-13T14:23:10.150+0000] {processor.py:157} INFO - Started process (PID=729) to work on /home/airflow/.local/lib/python3.7/site-packages/airflow/example_dags/example_bash_operator.py
[2023-07-13T14:23:10.151+0000] {processor.py:826} INFO - Processing file /home/airflow/.local/lib/python3.7/site-packages/airflow/example_dags/example_bash_operator.py for tasks to queue
[2023-07-13T14:23:10.153+0000] {logging_mixin.py:150} INFO - [2023-07-13T14:23:10.152+0000] {dagbag.py:541} INFO - Filling up the DagBag from /home/airflow/.local/lib/python3.7/site-packages/airflow/example_dags/example_bash_operator.py
[2023-07-13T14:23:10.164+0000] {processor.py:836} INFO - DAG(s) dict_keys(['example_bash_operator']) retrieved from /home/airflow/.local/lib/python3.7/site-packages/airflow/example_dags/example_bash_operator.py
[2023-07-13T14:23:10.191+0000] {logging_mixin.py:150} INFO - [2023-07-13T14:23:10.190+0000] {dag.py:2742} INFO - Sync 1 DAGs
[2023-07-13T14:23:10.209+0000] {logging_mixin.py:150} INFO - [2023-07-13T14:23:10.209+0000] {dag.py:3508} INFO - Setting next_dagrun for example_bash_operator to 2023-07-12T00:00:00+00:00, run_after=2023-07-13T00:00:00+00:00
[2023-07-13T14:23:10.221+0000] {processor.py:179} INFO - Processing /home/airflow/.local/lib/python3.7/site-packages/airflow/example_dags/example_bash_operator.py took 0.075 seconds
[2023-07-13T14:23:41.215+0000] {processor.py:157} INFO - Started process (PID=786) to work on /home/airflow/.local/lib/python3.7/site-packages/airflow/example_dags/example_bash_operator.py
[2023-07-13T14:23:41.216+0000] {processor.py:826} INFO - Processing file /home/airflow/.local/lib/python3.7/site-packages/airflow/example_dags/example_bash_operator.py for tasks to queue
[2023-07-13T14:23:41.217+0000] {logging_mixin.py:150} INFO - [2023-07-13T14:23:41.217+0000] {dagbag.py:541} INFO - Filling up the DagBag from /home/airflow/.local/lib/python3.7/site-packages/airflow/example_dags/example_bash_operator.py
[2023-07-13T14:23:41.235+0000] {processor.py:836} INFO - DAG(s) dict_keys(['example_bash_operator']) retrieved from /home/airflow/.local/lib/python3.7/site-packages/airflow/example_dags/example_bash_operator.py
[2023-07-13T14:23:42.184+0000] {logging_mixin.py:150} INFO - [2023-07-13T14:23:42.164+0000] {dag.py:2742} INFO - Sync 1 DAGs
[2023-07-13T14:23:42.354+0000] {logging_mixin.py:150} INFO - [2023-07-13T14:23:42.353+0000] {dag.py:3508} INFO - Setting next_dagrun for example_bash_operator to 2023-07-12T00:00:00+00:00, run_after=2023-07-13T00:00:00+00:00
[2023-07-13T14:23:42.400+0000] {processor.py:179} INFO - Processing /home/airflow/.local/lib/python3.7/site-packages/airflow/example_dags/example_bash_operator.py took 1.189 seconds
[2023-07-13T14:24:12.585+0000] {processor.py:157} INFO - Started process (PID=844) to work on /home/airflow/.local/lib/python3.7/site-packages/airflow/example_dags/example_bash_operator.py
[2023-07-13T14:24:12.587+0000] {processor.py:826} INFO - Processing file /home/airflow/.local/lib/python3.7/site-packages/airflow/example_dags/example_bash_operator.py for tasks to queue
[2023-07-13T14:24:12.589+0000] {logging_mixin.py:150} INFO - [2023-07-13T14:24:12.588+0000] {dagbag.py:541} INFO - Filling up the DagBag from /home/airflow/.local/lib/python3.7/site-packages/airflow/example_dags/example_bash_operator.py
[2023-07-13T14:24:12.604+0000] {processor.py:836} INFO - DAG(s) dict_keys(['example_bash_operator']) retrieved from /home/airflow/.local/lib/python3.7/site-packages/airflow/example_dags/example_bash_operator.py
[2023-07-13T14:24:12.631+0000] {logging_mixin.py:150} INFO - [2023-07-13T14:24:12.631+0000] {dag.py:2742} INFO - Sync 1 DAGs
[2023-07-13T14:24:12.652+0000] {logging_mixin.py:150} INFO - [2023-07-13T14:24:12.651+0000] {dag.py:3508} INFO - Setting next_dagrun for example_bash_operator to 2023-07-12T00:00:00+00:00, run_after=2023-07-13T00:00:00+00:00
[2023-07-13T14:24:12.665+0000] {processor.py:179} INFO - Processing /home/airflow/.local/lib/python3.7/site-packages/airflow/example_dags/example_bash_operator.py took 0.086 seconds
[2023-07-13T14:24:43.001+0000] {processor.py:157} INFO - Started process (PID=901) to work on /home/airflow/.local/lib/python3.7/site-packages/airflow/example_dags/example_bash_operator.py
[2023-07-13T14:24:43.003+0000] {processor.py:826} INFO - Processing file /home/airflow/.local/lib/python3.7/site-packages/airflow/example_dags/example_bash_operator.py for tasks to queue
[2023-07-13T14:24:43.004+0000] {logging_mixin.py:150} INFO - [2023-07-13T14:24:43.004+0000] {dagbag.py:541} INFO - Filling up the DagBag from /home/airflow/.local/lib/python3.7/site-packages/airflow/example_dags/example_bash_operator.py
[2023-07-13T14:24:43.018+0000] {processor.py:836} INFO - DAG(s) dict_keys(['example_bash_operator']) retrieved from /home/airflow/.local/lib/python3.7/site-packages/airflow/example_dags/example_bash_operator.py
[2023-07-13T14:24:43.046+0000] {logging_mixin.py:150} INFO - [2023-07-13T14:24:43.045+0000] {dag.py:2742} INFO - Sync 1 DAGs
[2023-07-13T14:24:43.066+0000] {logging_mixin.py:150} INFO - [2023-07-13T14:24:43.065+0000] {dag.py:3508} INFO - Setting next_dagrun for example_bash_operator to 2023-07-12T00:00:00+00:00, run_after=2023-07-13T00:00:00+00:00
[2023-07-13T14:24:43.081+0000] {processor.py:179} INFO - Processing /home/airflow/.local/lib/python3.7/site-packages/airflow/example_dags/example_bash_operator.py took 0.084 seconds
[2023-07-13T14:25:13.346+0000] {processor.py:157} INFO - Started process (PID=957) to work on /home/airflow/.local/lib/python3.7/site-packages/airflow/example_dags/example_bash_operator.py
[2023-07-13T14:25:13.348+0000] {processor.py:826} INFO - Processing file /home/airflow/.local/lib/python3.7/site-packages/airflow/example_dags/example_bash_operator.py for tasks to queue
[2023-07-13T14:25:13.350+0000] {logging_mixin.py:150} INFO - [2023-07-13T14:25:13.350+0000] {dagbag.py:541} INFO - Filling up the DagBag from /home/airflow/.local/lib/python3.7/site-packages/airflow/example_dags/example_bash_operator.py
[2023-07-13T14:25:13.391+0000] {processor.py:836} INFO - DAG(s) dict_keys(['example_bash_operator']) retrieved from /home/airflow/.local/lib/python3.7/site-packages/airflow/example_dags/example_bash_operator.py
[2023-07-13T14:25:13.444+0000] {logging_mixin.py:150} INFO - [2023-07-13T14:25:13.444+0000] {dag.py:2742} INFO - Sync 1 DAGs
[2023-07-13T14:25:13.483+0000] {logging_mixin.py:150} INFO - [2023-07-13T14:25:13.483+0000] {dag.py:3508} INFO - Setting next_dagrun for example_bash_operator to 2023-07-12T00:00:00+00:00, run_after=2023-07-13T00:00:00+00:00
[2023-07-13T14:25:13.502+0000] {processor.py:179} INFO - Processing /home/airflow/.local/lib/python3.7/site-packages/airflow/example_dags/example_bash_operator.py took 0.163 seconds
