[2023-07-13T14:17:04.056+0000] {processor.py:157} INFO - Started process (PID=72) to work on /home/airflow/.local/lib/python3.7/site-packages/airflow/example_dags/example_task_group_decorator.py
[2023-07-13T14:17:04.058+0000] {processor.py:826} INFO - Processing file /home/airflow/.local/lib/python3.7/site-packages/airflow/example_dags/example_task_group_decorator.py for tasks to queue
[2023-07-13T14:17:04.060+0000] {logging_mixin.py:150} INFO - [2023-07-13T14:17:04.059+0000] {dagbag.py:541} INFO - Filling up the DagBag from /home/airflow/.local/lib/python3.7/site-packages/airflow/example_dags/example_task_group_decorator.py
[2023-07-13T14:17:04.095+0000] {processor.py:836} INFO - DAG(s) dict_keys(['example_task_group_decorator']) retrieved from /home/airflow/.local/lib/python3.7/site-packages/airflow/example_dags/example_task_group_decorator.py
[2023-07-13T14:17:04.115+0000] {logging_mixin.py:150} INFO - [2023-07-13T14:17:04.114+0000] {dag.py:2742} INFO - Sync 1 DAGs
[2023-07-13T14:17:04.159+0000] {logging_mixin.py:150} INFO - [2023-07-13T14:17:04.158+0000] {dag.py:3508} INFO - Setting next_dagrun for example_task_group_decorator to 2023-07-12T14:17:04.158430+00:00, run_after=2023-07-13T14:17:04.158430+00:00
[2023-07-13T14:17:04.180+0000] {processor.py:179} INFO - Processing /home/airflow/.local/lib/python3.7/site-packages/airflow/example_dags/example_task_group_decorator.py took 0.129 seconds
[2023-07-13T14:17:34.705+0000] {processor.py:157} INFO - Started process (PID=128) to work on /home/airflow/.local/lib/python3.7/site-packages/airflow/example_dags/example_task_group_decorator.py
[2023-07-13T14:17:34.713+0000] {processor.py:826} INFO - Processing file /home/airflow/.local/lib/python3.7/site-packages/airflow/example_dags/example_task_group_decorator.py for tasks to queue
[2023-07-13T14:17:34.717+0000] {logging_mixin.py:150} INFO - [2023-07-13T14:17:34.716+0000] {dagbag.py:541} INFO - Filling up the DagBag from /home/airflow/.local/lib/python3.7/site-packages/airflow/example_dags/example_task_group_decorator.py
[2023-07-13T14:17:34.750+0000] {processor.py:836} INFO - DAG(s) dict_keys(['example_task_group_decorator']) retrieved from /home/airflow/.local/lib/python3.7/site-packages/airflow/example_dags/example_task_group_decorator.py
[2023-07-13T14:17:34.783+0000] {logging_mixin.py:150} INFO - [2023-07-13T14:17:34.783+0000] {dag.py:2742} INFO - Sync 1 DAGs
[2023-07-13T14:17:34.810+0000] {logging_mixin.py:150} INFO - [2023-07-13T14:17:34.810+0000] {dag.py:3508} INFO - Setting next_dagrun for example_task_group_decorator to 2023-07-12T14:17:34.809734+00:00, run_after=2023-07-13T14:17:34.809734+00:00
[2023-07-13T14:17:34.838+0000] {processor.py:179} INFO - Processing /home/airflow/.local/lib/python3.7/site-packages/airflow/example_dags/example_task_group_decorator.py took 0.145 seconds
[2023-07-13T14:18:05.822+0000] {processor.py:157} INFO - Started process (PID=185) to work on /home/airflow/.local/lib/python3.7/site-packages/airflow/example_dags/example_task_group_decorator.py
[2023-07-13T14:18:05.825+0000] {processor.py:826} INFO - Processing file /home/airflow/.local/lib/python3.7/site-packages/airflow/example_dags/example_task_group_decorator.py for tasks to queue
[2023-07-13T14:18:05.827+0000] {logging_mixin.py:150} INFO - [2023-07-13T14:18:05.826+0000] {dagbag.py:541} INFO - Filling up the DagBag from /home/airflow/.local/lib/python3.7/site-packages/airflow/example_dags/example_task_group_decorator.py
[2023-07-13T14:18:05.845+0000] {processor.py:836} INFO - DAG(s) dict_keys(['example_task_group_decorator']) retrieved from /home/airflow/.local/lib/python3.7/site-packages/airflow/example_dags/example_task_group_decorator.py
[2023-07-13T14:18:05.869+0000] {logging_mixin.py:150} INFO - [2023-07-13T14:18:05.869+0000] {dag.py:2742} INFO - Sync 1 DAGs
[2023-07-13T14:18:05.885+0000] {logging_mixin.py:150} INFO - [2023-07-13T14:18:05.885+0000] {dag.py:3508} INFO - Setting next_dagrun for example_task_group_decorator to 2023-07-12T14:18:05.885115+00:00, run_after=2023-07-13T14:18:05.885115+00:00
[2023-07-13T14:18:05.897+0000] {processor.py:179} INFO - Processing /home/airflow/.local/lib/python3.7/site-packages/airflow/example_dags/example_task_group_decorator.py took 0.081 seconds
[2023-07-13T14:18:35.987+0000] {processor.py:157} INFO - Started process (PID=242) to work on /home/airflow/.local/lib/python3.7/site-packages/airflow/example_dags/example_task_group_decorator.py
[2023-07-13T14:18:35.990+0000] {processor.py:826} INFO - Processing file /home/airflow/.local/lib/python3.7/site-packages/airflow/example_dags/example_task_group_decorator.py for tasks to queue
[2023-07-13T14:18:35.993+0000] {logging_mixin.py:150} INFO - [2023-07-13T14:18:35.992+0000] {dagbag.py:541} INFO - Filling up the DagBag from /home/airflow/.local/lib/python3.7/site-packages/airflow/example_dags/example_task_group_decorator.py
[2023-07-13T14:18:36.012+0000] {processor.py:836} INFO - DAG(s) dict_keys(['example_task_group_decorator']) retrieved from /home/airflow/.local/lib/python3.7/site-packages/airflow/example_dags/example_task_group_decorator.py
[2023-07-13T14:18:36.036+0000] {logging_mixin.py:150} INFO - [2023-07-13T14:18:36.036+0000] {dag.py:2742} INFO - Sync 1 DAGs
[2023-07-13T14:18:36.052+0000] {logging_mixin.py:150} INFO - [2023-07-13T14:18:36.052+0000] {dag.py:3508} INFO - Setting next_dagrun for example_task_group_decorator to 2023-07-12T14:18:36.051894+00:00, run_after=2023-07-13T14:18:36.051894+00:00
[2023-07-13T14:18:36.063+0000] {processor.py:179} INFO - Processing /home/airflow/.local/lib/python3.7/site-packages/airflow/example_dags/example_task_group_decorator.py took 0.083 seconds
[2023-07-13T14:19:06.704+0000] {processor.py:157} INFO - Started process (PID=298) to work on /home/airflow/.local/lib/python3.7/site-packages/airflow/example_dags/example_task_group_decorator.py
[2023-07-13T14:19:06.706+0000] {processor.py:826} INFO - Processing file /home/airflow/.local/lib/python3.7/site-packages/airflow/example_dags/example_task_group_decorator.py for tasks to queue
[2023-07-13T14:19:06.708+0000] {logging_mixin.py:150} INFO - [2023-07-13T14:19:06.708+0000] {dagbag.py:541} INFO - Filling up the DagBag from /home/airflow/.local/lib/python3.7/site-packages/airflow/example_dags/example_task_group_decorator.py
[2023-07-13T14:19:06.725+0000] {processor.py:836} INFO - DAG(s) dict_keys(['example_task_group_decorator']) retrieved from /home/airflow/.local/lib/python3.7/site-packages/airflow/example_dags/example_task_group_decorator.py
[2023-07-13T14:19:06.751+0000] {logging_mixin.py:150} INFO - [2023-07-13T14:19:06.751+0000] {dag.py:2742} INFO - Sync 1 DAGs
[2023-07-13T14:19:06.769+0000] {logging_mixin.py:150} INFO - [2023-07-13T14:19:06.769+0000] {dag.py:3508} INFO - Setting next_dagrun for example_task_group_decorator to 2023-07-12T14:19:06.769071+00:00, run_after=2023-07-13T14:19:06.769071+00:00
[2023-07-13T14:19:06.781+0000] {processor.py:179} INFO - Processing /home/airflow/.local/lib/python3.7/site-packages/airflow/example_dags/example_task_group_decorator.py took 0.083 seconds
[2023-07-13T14:19:37.132+0000] {processor.py:157} INFO - Started process (PID=355) to work on /home/airflow/.local/lib/python3.7/site-packages/airflow/example_dags/example_task_group_decorator.py
[2023-07-13T14:19:37.135+0000] {processor.py:826} INFO - Processing file /home/airflow/.local/lib/python3.7/site-packages/airflow/example_dags/example_task_group_decorator.py for tasks to queue
[2023-07-13T14:19:37.137+0000] {logging_mixin.py:150} INFO - [2023-07-13T14:19:37.136+0000] {dagbag.py:541} INFO - Filling up the DagBag from /home/airflow/.local/lib/python3.7/site-packages/airflow/example_dags/example_task_group_decorator.py
[2023-07-13T14:19:37.153+0000] {processor.py:836} INFO - DAG(s) dict_keys(['example_task_group_decorator']) retrieved from /home/airflow/.local/lib/python3.7/site-packages/airflow/example_dags/example_task_group_decorator.py
[2023-07-13T14:19:37.177+0000] {logging_mixin.py:150} INFO - [2023-07-13T14:19:37.177+0000] {dag.py:2742} INFO - Sync 1 DAGs
[2023-07-13T14:19:37.192+0000] {logging_mixin.py:150} INFO - [2023-07-13T14:19:37.192+0000] {dag.py:3508} INFO - Setting next_dagrun for example_task_group_decorator to 2023-07-12T14:19:37.192348+00:00, run_after=2023-07-13T14:19:37.192348+00:00
[2023-07-13T14:19:37.204+0000] {processor.py:179} INFO - Processing /home/airflow/.local/lib/python3.7/site-packages/airflow/example_dags/example_task_group_decorator.py took 0.078 seconds
[2023-07-13T14:20:07.532+0000] {processor.py:157} INFO - Started process (PID=412) to work on /home/airflow/.local/lib/python3.7/site-packages/airflow/example_dags/example_task_group_decorator.py
[2023-07-13T14:20:07.535+0000] {processor.py:826} INFO - Processing file /home/airflow/.local/lib/python3.7/site-packages/airflow/example_dags/example_task_group_decorator.py for tasks to queue
[2023-07-13T14:20:07.537+0000] {logging_mixin.py:150} INFO - [2023-07-13T14:20:07.536+0000] {dagbag.py:541} INFO - Filling up the DagBag from /home/airflow/.local/lib/python3.7/site-packages/airflow/example_dags/example_task_group_decorator.py
[2023-07-13T14:20:07.554+0000] {processor.py:836} INFO - DAG(s) dict_keys(['example_task_group_decorator']) retrieved from /home/airflow/.local/lib/python3.7/site-packages/airflow/example_dags/example_task_group_decorator.py
[2023-07-13T14:20:07.577+0000] {logging_mixin.py:150} INFO - [2023-07-13T14:20:07.577+0000] {dag.py:2742} INFO - Sync 1 DAGs
[2023-07-13T14:20:07.593+0000] {logging_mixin.py:150} INFO - [2023-07-13T14:20:07.593+0000] {dag.py:3508} INFO - Setting next_dagrun for example_task_group_decorator to 2023-07-12T14:20:07.593512+00:00, run_after=2023-07-13T14:20:07.593512+00:00
[2023-07-13T14:20:07.605+0000] {processor.py:179} INFO - Processing /home/airflow/.local/lib/python3.7/site-packages/airflow/example_dags/example_task_group_decorator.py took 0.080 seconds
[2023-07-13T14:20:38.165+0000] {processor.py:157} INFO - Started process (PID=469) to work on /home/airflow/.local/lib/python3.7/site-packages/airflow/example_dags/example_task_group_decorator.py
[2023-07-13T14:20:38.168+0000] {processor.py:826} INFO - Processing file /home/airflow/.local/lib/python3.7/site-packages/airflow/example_dags/example_task_group_decorator.py for tasks to queue
[2023-07-13T14:20:38.170+0000] {logging_mixin.py:150} INFO - [2023-07-13T14:20:38.169+0000] {dagbag.py:541} INFO - Filling up the DagBag from /home/airflow/.local/lib/python3.7/site-packages/airflow/example_dags/example_task_group_decorator.py
[2023-07-13T14:20:38.187+0000] {processor.py:836} INFO - DAG(s) dict_keys(['example_task_group_decorator']) retrieved from /home/airflow/.local/lib/python3.7/site-packages/airflow/example_dags/example_task_group_decorator.py
[2023-07-13T14:20:38.212+0000] {logging_mixin.py:150} INFO - [2023-07-13T14:20:38.212+0000] {dag.py:2742} INFO - Sync 1 DAGs
[2023-07-13T14:20:38.228+0000] {logging_mixin.py:150} INFO - [2023-07-13T14:20:38.227+0000] {dag.py:3508} INFO - Setting next_dagrun for example_task_group_decorator to 2023-07-12T14:20:38.227666+00:00, run_after=2023-07-13T14:20:38.227666+00:00
[2023-07-13T14:20:38.239+0000] {processor.py:179} INFO - Processing /home/airflow/.local/lib/python3.7/site-packages/airflow/example_dags/example_task_group_decorator.py took 0.080 seconds
[2023-07-13T14:21:08.964+0000] {processor.py:157} INFO - Started process (PID=525) to work on /home/airflow/.local/lib/python3.7/site-packages/airflow/example_dags/example_task_group_decorator.py
[2023-07-13T14:21:08.966+0000] {processor.py:826} INFO - Processing file /home/airflow/.local/lib/python3.7/site-packages/airflow/example_dags/example_task_group_decorator.py for tasks to queue
[2023-07-13T14:21:08.968+0000] {logging_mixin.py:150} INFO - [2023-07-13T14:21:08.967+0000] {dagbag.py:541} INFO - Filling up the DagBag from /home/airflow/.local/lib/python3.7/site-packages/airflow/example_dags/example_task_group_decorator.py
[2023-07-13T14:21:08.987+0000] {processor.py:836} INFO - DAG(s) dict_keys(['example_task_group_decorator']) retrieved from /home/airflow/.local/lib/python3.7/site-packages/airflow/example_dags/example_task_group_decorator.py
[2023-07-13T14:21:09.015+0000] {logging_mixin.py:150} INFO - [2023-07-13T14:21:09.015+0000] {dag.py:2742} INFO - Sync 1 DAGs
[2023-07-13T14:21:09.033+0000] {logging_mixin.py:150} INFO - [2023-07-13T14:21:09.033+0000] {dag.py:3508} INFO - Setting next_dagrun for example_task_group_decorator to 2023-07-12T14:21:09.033288+00:00, run_after=2023-07-13T14:21:09.033288+00:00
[2023-07-13T14:21:09.046+0000] {processor.py:179} INFO - Processing /home/airflow/.local/lib/python3.7/site-packages/airflow/example_dags/example_task_group_decorator.py took 0.088 seconds
[2023-07-13T14:21:39.467+0000] {processor.py:157} INFO - Started process (PID=581) to work on /home/airflow/.local/lib/python3.7/site-packages/airflow/example_dags/example_task_group_decorator.py
[2023-07-13T14:21:39.471+0000] {processor.py:826} INFO - Processing file /home/airflow/.local/lib/python3.7/site-packages/airflow/example_dags/example_task_group_decorator.py for tasks to queue
[2023-07-13T14:21:39.472+0000] {logging_mixin.py:150} INFO - [2023-07-13T14:21:39.472+0000] {dagbag.py:541} INFO - Filling up the DagBag from /home/airflow/.local/lib/python3.7/site-packages/airflow/example_dags/example_task_group_decorator.py
[2023-07-13T14:21:39.490+0000] {processor.py:836} INFO - DAG(s) dict_keys(['example_task_group_decorator']) retrieved from /home/airflow/.local/lib/python3.7/site-packages/airflow/example_dags/example_task_group_decorator.py
[2023-07-13T14:21:39.513+0000] {logging_mixin.py:150} INFO - [2023-07-13T14:21:39.513+0000] {dag.py:2742} INFO - Sync 1 DAGs
[2023-07-13T14:21:39.530+0000] {logging_mixin.py:150} INFO - [2023-07-13T14:21:39.530+0000] {dag.py:3508} INFO - Setting next_dagrun for example_task_group_decorator to 2023-07-12T14:21:39.530601+00:00, run_after=2023-07-13T14:21:39.530601+00:00
[2023-07-13T14:21:39.543+0000] {processor.py:179} INFO - Processing /home/airflow/.local/lib/python3.7/site-packages/airflow/example_dags/example_task_group_decorator.py took 0.085 seconds
[2023-07-13T14:22:09.874+0000] {processor.py:157} INFO - Started process (PID=638) to work on /home/airflow/.local/lib/python3.7/site-packages/airflow/example_dags/example_task_group_decorator.py
[2023-07-13T14:22:09.876+0000] {processor.py:826} INFO - Processing file /home/airflow/.local/lib/python3.7/site-packages/airflow/example_dags/example_task_group_decorator.py for tasks to queue
[2023-07-13T14:22:09.877+0000] {logging_mixin.py:150} INFO - [2023-07-13T14:22:09.876+0000] {dagbag.py:541} INFO - Filling up the DagBag from /home/airflow/.local/lib/python3.7/site-packages/airflow/example_dags/example_task_group_decorator.py
[2023-07-13T14:22:09.888+0000] {processor.py:836} INFO - DAG(s) dict_keys(['example_task_group_decorator']) retrieved from /home/airflow/.local/lib/python3.7/site-packages/airflow/example_dags/example_task_group_decorator.py
[2023-07-13T14:22:09.912+0000] {logging_mixin.py:150} INFO - [2023-07-13T14:22:09.912+0000] {dag.py:2742} INFO - Sync 1 DAGs
[2023-07-13T14:22:09.930+0000] {logging_mixin.py:150} INFO - [2023-07-13T14:22:09.930+0000] {dag.py:3508} INFO - Setting next_dagrun for example_task_group_decorator to 2023-07-12T14:22:09.929966+00:00, run_after=2023-07-13T14:22:09.929966+00:00
[2023-07-13T14:22:09.942+0000] {processor.py:179} INFO - Processing /home/airflow/.local/lib/python3.7/site-packages/airflow/example_dags/example_task_group_decorator.py took 0.071 seconds
[2023-07-13T14:22:41.446+0000] {processor.py:157} INFO - Started process (PID=695) to work on /home/airflow/.local/lib/python3.7/site-packages/airflow/example_dags/example_task_group_decorator.py
[2023-07-13T14:22:41.447+0000] {processor.py:826} INFO - Processing file /home/airflow/.local/lib/python3.7/site-packages/airflow/example_dags/example_task_group_decorator.py for tasks to queue
[2023-07-13T14:22:41.448+0000] {logging_mixin.py:150} INFO - [2023-07-13T14:22:41.448+0000] {dagbag.py:541} INFO - Filling up the DagBag from /home/airflow/.local/lib/python3.7/site-packages/airflow/example_dags/example_task_group_decorator.py
[2023-07-13T14:22:41.459+0000] {processor.py:836} INFO - DAG(s) dict_keys(['example_task_group_decorator']) retrieved from /home/airflow/.local/lib/python3.7/site-packages/airflow/example_dags/example_task_group_decorator.py
[2023-07-13T14:22:41.482+0000] {logging_mixin.py:150} INFO - [2023-07-13T14:22:41.482+0000] {dag.py:2742} INFO - Sync 1 DAGs
[2023-07-13T14:22:41.499+0000] {logging_mixin.py:150} INFO - [2023-07-13T14:22:41.499+0000] {dag.py:3508} INFO - Setting next_dagrun for example_task_group_decorator to 2023-07-12T14:22:41.499194+00:00, run_after=2023-07-13T14:22:41.499194+00:00
[2023-07-13T14:22:41.515+0000] {processor.py:179} INFO - Processing /home/airflow/.local/lib/python3.7/site-packages/airflow/example_dags/example_task_group_decorator.py took 0.072 seconds
[2023-07-13T14:23:12.852+0000] {processor.py:157} INFO - Started process (PID=753) to work on /home/airflow/.local/lib/python3.7/site-packages/airflow/example_dags/example_task_group_decorator.py
[2023-07-13T14:23:12.857+0000] {processor.py:826} INFO - Processing file /home/airflow/.local/lib/python3.7/site-packages/airflow/example_dags/example_task_group_decorator.py for tasks to queue
[2023-07-13T14:23:12.860+0000] {logging_mixin.py:150} INFO - [2023-07-13T14:23:12.860+0000] {dagbag.py:541} INFO - Filling up the DagBag from /home/airflow/.local/lib/python3.7/site-packages/airflow/example_dags/example_task_group_decorator.py
[2023-07-13T14:23:12.927+0000] {processor.py:836} INFO - DAG(s) dict_keys(['example_task_group_decorator']) retrieved from /home/airflow/.local/lib/python3.7/site-packages/airflow/example_dags/example_task_group_decorator.py
[2023-07-13T14:23:13.032+0000] {logging_mixin.py:150} INFO - [2023-07-13T14:23:13.031+0000] {dag.py:2742} INFO - Sync 1 DAGs
[2023-07-13T14:23:13.075+0000] {logging_mixin.py:150} INFO - [2023-07-13T14:23:13.075+0000] {dag.py:3508} INFO - Setting next_dagrun for example_task_group_decorator to 2023-07-12T14:23:13.074883+00:00, run_after=2023-07-13T14:23:13.074883+00:00
[2023-07-13T14:23:13.097+0000] {processor.py:179} INFO - Processing /home/airflow/.local/lib/python3.7/site-packages/airflow/example_dags/example_task_group_decorator.py took 0.275 seconds
[2023-07-13T14:23:49.575+0000] {processor.py:157} INFO - Started process (PID=810) to work on /home/airflow/.local/lib/python3.7/site-packages/airflow/example_dags/example_task_group_decorator.py
[2023-07-13T14:23:49.579+0000] {processor.py:826} INFO - Processing file /home/airflow/.local/lib/python3.7/site-packages/airflow/example_dags/example_task_group_decorator.py for tasks to queue
[2023-07-13T14:23:49.581+0000] {logging_mixin.py:150} INFO - [2023-07-13T14:23:49.580+0000] {dagbag.py:541} INFO - Filling up the DagBag from /home/airflow/.local/lib/python3.7/site-packages/airflow/example_dags/example_task_group_decorator.py
[2023-07-13T14:23:49.602+0000] {processor.py:836} INFO - DAG(s) dict_keys(['example_task_group_decorator']) retrieved from /home/airflow/.local/lib/python3.7/site-packages/airflow/example_dags/example_task_group_decorator.py
[2023-07-13T14:23:49.648+0000] {logging_mixin.py:150} INFO - [2023-07-13T14:23:49.647+0000] {dag.py:2742} INFO - Sync 1 DAGs
[2023-07-13T14:23:49.678+0000] {logging_mixin.py:150} INFO - [2023-07-13T14:23:49.678+0000] {dag.py:3508} INFO - Setting next_dagrun for example_task_group_decorator to 2023-07-12T14:23:49.678335+00:00, run_after=2023-07-13T14:23:49.678335+00:00
[2023-07-13T14:23:49.697+0000] {processor.py:179} INFO - Processing /home/airflow/.local/lib/python3.7/site-packages/airflow/example_dags/example_task_group_decorator.py took 0.128 seconds
[2023-07-13T14:24:20.531+0000] {processor.py:157} INFO - Started process (PID=868) to work on /home/airflow/.local/lib/python3.7/site-packages/airflow/example_dags/example_task_group_decorator.py
[2023-07-13T14:24:20.532+0000] {processor.py:826} INFO - Processing file /home/airflow/.local/lib/python3.7/site-packages/airflow/example_dags/example_task_group_decorator.py for tasks to queue
[2023-07-13T14:24:20.533+0000] {logging_mixin.py:150} INFO - [2023-07-13T14:24:20.533+0000] {dagbag.py:541} INFO - Filling up the DagBag from /home/airflow/.local/lib/python3.7/site-packages/airflow/example_dags/example_task_group_decorator.py
[2023-07-13T14:24:20.553+0000] {processor.py:836} INFO - DAG(s) dict_keys(['example_task_group_decorator']) retrieved from /home/airflow/.local/lib/python3.7/site-packages/airflow/example_dags/example_task_group_decorator.py
[2023-07-13T14:24:20.588+0000] {logging_mixin.py:150} INFO - [2023-07-13T14:24:20.588+0000] {dag.py:2742} INFO - Sync 1 DAGs
[2023-07-13T14:24:20.618+0000] {logging_mixin.py:150} INFO - [2023-07-13T14:24:20.617+0000] {dag.py:3508} INFO - Setting next_dagrun for example_task_group_decorator to 2023-07-12T14:24:20.617549+00:00, run_after=2023-07-13T14:24:20.617549+00:00
[2023-07-13T14:24:20.633+0000] {processor.py:179} INFO - Processing /home/airflow/.local/lib/python3.7/site-packages/airflow/example_dags/example_task_group_decorator.py took 0.105 seconds
[2023-07-13T14:24:51.423+0000] {processor.py:157} INFO - Started process (PID=925) to work on /home/airflow/.local/lib/python3.7/site-packages/airflow/example_dags/example_task_group_decorator.py
[2023-07-13T14:24:51.425+0000] {processor.py:826} INFO - Processing file /home/airflow/.local/lib/python3.7/site-packages/airflow/example_dags/example_task_group_decorator.py for tasks to queue
[2023-07-13T14:24:51.427+0000] {logging_mixin.py:150} INFO - [2023-07-13T14:24:51.427+0000] {dagbag.py:541} INFO - Filling up the DagBag from /home/airflow/.local/lib/python3.7/site-packages/airflow/example_dags/example_task_group_decorator.py
[2023-07-13T14:24:51.525+0000] {processor.py:836} INFO - DAG(s) dict_keys(['example_task_group_decorator']) retrieved from /home/airflow/.local/lib/python3.7/site-packages/airflow/example_dags/example_task_group_decorator.py
[2023-07-13T14:24:51.657+0000] {logging_mixin.py:150} INFO - [2023-07-13T14:24:51.657+0000] {dag.py:2742} INFO - Sync 1 DAGs
[2023-07-13T14:24:51.711+0000] {logging_mixin.py:150} INFO - [2023-07-13T14:24:51.711+0000] {dag.py:3508} INFO - Setting next_dagrun for example_task_group_decorator to 2023-07-12T14:24:51.710369+00:00, run_after=2023-07-13T14:24:51.710369+00:00
[2023-07-13T14:24:51.732+0000] {processor.py:179} INFO - Processing /home/airflow/.local/lib/python3.7/site-packages/airflow/example_dags/example_task_group_decorator.py took 0.314 seconds
[2023-07-13T14:25:21.817+0000] {processor.py:157} INFO - Started process (PID=981) to work on /home/airflow/.local/lib/python3.7/site-packages/airflow/example_dags/example_task_group_decorator.py
[2023-07-13T14:25:21.819+0000] {processor.py:826} INFO - Processing file /home/airflow/.local/lib/python3.7/site-packages/airflow/example_dags/example_task_group_decorator.py for tasks to queue
[2023-07-13T14:25:21.820+0000] {logging_mixin.py:150} INFO - [2023-07-13T14:25:21.819+0000] {dagbag.py:541} INFO - Filling up the DagBag from /home/airflow/.local/lib/python3.7/site-packages/airflow/example_dags/example_task_group_decorator.py
[2023-07-13T14:25:21.835+0000] {processor.py:836} INFO - DAG(s) dict_keys(['example_task_group_decorator']) retrieved from /home/airflow/.local/lib/python3.7/site-packages/airflow/example_dags/example_task_group_decorator.py
[2023-07-13T14:25:21.861+0000] {logging_mixin.py:150} INFO - [2023-07-13T14:25:21.861+0000] {dag.py:2742} INFO - Sync 1 DAGs
[2023-07-13T14:25:21.882+0000] {logging_mixin.py:150} INFO - [2023-07-13T14:25:21.882+0000] {dag.py:3508} INFO - Setting next_dagrun for example_task_group_decorator to 2023-07-12T14:25:21.882054+00:00, run_after=2023-07-13T14:25:21.882054+00:00
[2023-07-13T14:25:21.901+0000] {processor.py:179} INFO - Processing /home/airflow/.local/lib/python3.7/site-packages/airflow/example_dags/example_task_group_decorator.py took 0.087 seconds
