[2023-07-13T14:17:00.863+0000] {processor.py:157} INFO - Started process (PID=52) to work on /home/airflow/.local/lib/python3.7/site-packages/airflow/example_dags/example_datasets.py
[2023-07-13T14:17:00.866+0000] {processor.py:826} INFO - Processing file /home/airflow/.local/lib/python3.7/site-packages/airflow/example_dags/example_datasets.py for tasks to queue
[2023-07-13T14:17:00.867+0000] {logging_mixin.py:150} INFO - [2023-07-13T14:17:00.867+0000] {dagbag.py:541} INFO - Filling up the DagBag from /home/airflow/.local/lib/python3.7/site-packages/airflow/example_dags/example_datasets.py
[2023-07-13T14:17:00.891+0000] {processor.py:836} INFO - DAG(s) dict_keys(['dataset_produces_2', 'dataset_consumes_1', 'dataset_consumes_1_and_2', 'dataset_consumes_1_never_scheduled', 'dataset_produces_1', 'dataset_consumes_unknown_never_scheduled']) retrieved from /home/airflow/.local/lib/python3.7/site-packages/airflow/example_dags/example_datasets.py
[2023-07-13T14:17:00.926+0000] {logging_mixin.py:150} INFO - [2023-07-13T14:17:00.926+0000] {dag.py:2742} INFO - Sync 6 DAGs
[2023-07-13T14:17:00.953+0000] {logging_mixin.py:150} INFO - [2023-07-13T14:17:00.953+0000] {dag.py:3508} INFO - Setting next_dagrun for dataset_consumes_1 to None, run_after=None
[2023-07-13T14:17:00.959+0000] {logging_mixin.py:150} INFO - [2023-07-13T14:17:00.959+0000] {dag.py:3508} INFO - Setting next_dagrun for dataset_consumes_1_and_2 to None, run_after=None
[2023-07-13T14:17:00.964+0000] {logging_mixin.py:150} INFO - [2023-07-13T14:17:00.964+0000] {dag.py:3508} INFO - Setting next_dagrun for dataset_consumes_1_never_scheduled to None, run_after=None
[2023-07-13T14:17:00.966+0000] {logging_mixin.py:150} INFO - [2023-07-13T14:17:00.966+0000] {dag.py:3508} INFO - Setting next_dagrun for dataset_consumes_unknown_never_scheduled to None, run_after=None
[2023-07-13T14:17:00.971+0000] {logging_mixin.py:150} INFO - [2023-07-13T14:17:00.971+0000] {dag.py:3508} INFO - Setting next_dagrun for dataset_produces_1 to 2023-07-12T00:00:00+00:00, run_after=2023-07-13T00:00:00+00:00
[2023-07-13T14:17:00.974+0000] {logging_mixin.py:150} INFO - [2023-07-13T14:17:00.974+0000] {dag.py:3508} INFO - Setting next_dagrun for dataset_produces_2 to None, run_after=None
[2023-07-13T14:17:01.045+0000] {processor.py:179} INFO - Processing /home/airflow/.local/lib/python3.7/site-packages/airflow/example_dags/example_datasets.py took 0.187 seconds
[2023-07-13T14:17:31.516+0000] {processor.py:157} INFO - Started process (PID=108) to work on /home/airflow/.local/lib/python3.7/site-packages/airflow/example_dags/example_datasets.py
[2023-07-13T14:17:31.517+0000] {processor.py:826} INFO - Processing file /home/airflow/.local/lib/python3.7/site-packages/airflow/example_dags/example_datasets.py for tasks to queue
[2023-07-13T14:17:31.518+0000] {logging_mixin.py:150} INFO - [2023-07-13T14:17:31.518+0000] {dagbag.py:541} INFO - Filling up the DagBag from /home/airflow/.local/lib/python3.7/site-packages/airflow/example_dags/example_datasets.py
[2023-07-13T14:17:31.526+0000] {processor.py:836} INFO - DAG(s) dict_keys(['dataset_consumes_unknown_never_scheduled', 'dataset_consumes_1_never_scheduled', 'dataset_consumes_1_and_2', 'dataset_produces_1', 'dataset_produces_2', 'dataset_consumes_1']) retrieved from /home/airflow/.local/lib/python3.7/site-packages/airflow/example_dags/example_datasets.py
[2023-07-13T14:17:31.560+0000] {logging_mixin.py:150} INFO - [2023-07-13T14:17:31.560+0000] {dag.py:2742} INFO - Sync 6 DAGs
[2023-07-13T14:17:31.585+0000] {logging_mixin.py:150} INFO - [2023-07-13T14:17:31.585+0000] {dag.py:3508} INFO - Setting next_dagrun for dataset_consumes_1 to None, run_after=None
[2023-07-13T14:17:31.590+0000] {logging_mixin.py:150} INFO - [2023-07-13T14:17:31.590+0000] {dag.py:3508} INFO - Setting next_dagrun for dataset_consumes_1_and_2 to None, run_after=None
[2023-07-13T14:17:31.591+0000] {logging_mixin.py:150} INFO - [2023-07-13T14:17:31.591+0000] {dag.py:3508} INFO - Setting next_dagrun for dataset_consumes_1_never_scheduled to None, run_after=None
[2023-07-13T14:17:31.593+0000] {logging_mixin.py:150} INFO - [2023-07-13T14:17:31.593+0000] {dag.py:3508} INFO - Setting next_dagrun for dataset_consumes_unknown_never_scheduled to None, run_after=None
[2023-07-13T14:17:31.597+0000] {logging_mixin.py:150} INFO - [2023-07-13T14:17:31.597+0000] {dag.py:3508} INFO - Setting next_dagrun for dataset_produces_1 to 2023-07-12T00:00:00+00:00, run_after=2023-07-13T00:00:00+00:00
[2023-07-13T14:17:31.599+0000] {logging_mixin.py:150} INFO - [2023-07-13T14:17:31.599+0000] {dag.py:3508} INFO - Setting next_dagrun for dataset_produces_2 to None, run_after=None
[2023-07-13T14:17:31.632+0000] {processor.py:179} INFO - Processing /home/airflow/.local/lib/python3.7/site-packages/airflow/example_dags/example_datasets.py took 0.119 seconds
[2023-07-13T14:18:01.719+0000] {processor.py:157} INFO - Started process (PID=165) to work on /home/airflow/.local/lib/python3.7/site-packages/airflow/example_dags/example_datasets.py
[2023-07-13T14:18:01.720+0000] {processor.py:826} INFO - Processing file /home/airflow/.local/lib/python3.7/site-packages/airflow/example_dags/example_datasets.py for tasks to queue
[2023-07-13T14:18:01.721+0000] {logging_mixin.py:150} INFO - [2023-07-13T14:18:01.721+0000] {dagbag.py:541} INFO - Filling up the DagBag from /home/airflow/.local/lib/python3.7/site-packages/airflow/example_dags/example_datasets.py
[2023-07-13T14:18:01.729+0000] {processor.py:836} INFO - DAG(s) dict_keys(['dataset_consumes_unknown_never_scheduled', 'dataset_consumes_1', 'dataset_consumes_1_never_scheduled', 'dataset_produces_1', 'dataset_consumes_1_and_2', 'dataset_produces_2']) retrieved from /home/airflow/.local/lib/python3.7/site-packages/airflow/example_dags/example_datasets.py
[2023-07-13T14:18:01.754+0000] {logging_mixin.py:150} INFO - [2023-07-13T14:18:01.754+0000] {dag.py:2742} INFO - Sync 6 DAGs
[2023-07-13T14:18:01.771+0000] {logging_mixin.py:150} INFO - [2023-07-13T14:18:01.771+0000] {dag.py:3508} INFO - Setting next_dagrun for dataset_consumes_1 to None, run_after=None
[2023-07-13T14:18:01.773+0000] {logging_mixin.py:150} INFO - [2023-07-13T14:18:01.773+0000] {dag.py:3508} INFO - Setting next_dagrun for dataset_consumes_1_and_2 to None, run_after=None
[2023-07-13T14:18:01.774+0000] {logging_mixin.py:150} INFO - [2023-07-13T14:18:01.774+0000] {dag.py:3508} INFO - Setting next_dagrun for dataset_consumes_1_never_scheduled to None, run_after=None
[2023-07-13T14:18:01.775+0000] {logging_mixin.py:150} INFO - [2023-07-13T14:18:01.775+0000] {dag.py:3508} INFO - Setting next_dagrun for dataset_consumes_unknown_never_scheduled to None, run_after=None
[2023-07-13T14:18:01.777+0000] {logging_mixin.py:150} INFO - [2023-07-13T14:18:01.777+0000] {dag.py:3508} INFO - Setting next_dagrun for dataset_produces_1 to 2023-07-12T00:00:00+00:00, run_after=2023-07-13T00:00:00+00:00
[2023-07-13T14:18:01.778+0000] {logging_mixin.py:150} INFO - [2023-07-13T14:18:01.778+0000] {dag.py:3508} INFO - Setting next_dagrun for dataset_produces_2 to None, run_after=None
[2023-07-13T14:18:01.795+0000] {processor.py:179} INFO - Processing /home/airflow/.local/lib/python3.7/site-packages/airflow/example_dags/example_datasets.py took 0.078 seconds
[2023-07-13T14:18:31.920+0000] {processor.py:157} INFO - Started process (PID=222) to work on /home/airflow/.local/lib/python3.7/site-packages/airflow/example_dags/example_datasets.py
[2023-07-13T14:18:31.922+0000] {processor.py:826} INFO - Processing file /home/airflow/.local/lib/python3.7/site-packages/airflow/example_dags/example_datasets.py for tasks to queue
[2023-07-13T14:18:31.922+0000] {logging_mixin.py:150} INFO - [2023-07-13T14:18:31.922+0000] {dagbag.py:541} INFO - Filling up the DagBag from /home/airflow/.local/lib/python3.7/site-packages/airflow/example_dags/example_datasets.py
[2023-07-13T14:18:31.930+0000] {processor.py:836} INFO - DAG(s) dict_keys(['dataset_produces_2', 'dataset_consumes_unknown_never_scheduled', 'dataset_consumes_1', 'dataset_consumes_1_and_2', 'dataset_consumes_1_never_scheduled', 'dataset_produces_1']) retrieved from /home/airflow/.local/lib/python3.7/site-packages/airflow/example_dags/example_datasets.py
[2023-07-13T14:18:31.959+0000] {logging_mixin.py:150} INFO - [2023-07-13T14:18:31.959+0000] {dag.py:2742} INFO - Sync 6 DAGs
[2023-07-13T14:18:31.976+0000] {logging_mixin.py:150} INFO - [2023-07-13T14:18:31.976+0000] {dag.py:3508} INFO - Setting next_dagrun for dataset_consumes_1 to None, run_after=None
[2023-07-13T14:18:31.979+0000] {logging_mixin.py:150} INFO - [2023-07-13T14:18:31.979+0000] {dag.py:3508} INFO - Setting next_dagrun for dataset_consumes_1_and_2 to None, run_after=None
[2023-07-13T14:18:31.980+0000] {logging_mixin.py:150} INFO - [2023-07-13T14:18:31.980+0000] {dag.py:3508} INFO - Setting next_dagrun for dataset_consumes_1_never_scheduled to None, run_after=None
[2023-07-13T14:18:31.981+0000] {logging_mixin.py:150} INFO - [2023-07-13T14:18:31.981+0000] {dag.py:3508} INFO - Setting next_dagrun for dataset_consumes_unknown_never_scheduled to None, run_after=None
[2023-07-13T14:18:31.983+0000] {logging_mixin.py:150} INFO - [2023-07-13T14:18:31.983+0000] {dag.py:3508} INFO - Setting next_dagrun for dataset_produces_1 to 2023-07-12T00:00:00+00:00, run_after=2023-07-13T00:00:00+00:00
[2023-07-13T14:18:31.984+0000] {logging_mixin.py:150} INFO - [2023-07-13T14:18:31.984+0000] {dag.py:3508} INFO - Setting next_dagrun for dataset_produces_2 to None, run_after=None
[2023-07-13T14:18:32.002+0000] {processor.py:179} INFO - Processing /home/airflow/.local/lib/python3.7/site-packages/airflow/example_dags/example_datasets.py took 0.085 seconds
[2023-07-13T14:19:02.709+0000] {processor.py:157} INFO - Started process (PID=278) to work on /home/airflow/.local/lib/python3.7/site-packages/airflow/example_dags/example_datasets.py
[2023-07-13T14:19:02.711+0000] {processor.py:826} INFO - Processing file /home/airflow/.local/lib/python3.7/site-packages/airflow/example_dags/example_datasets.py for tasks to queue
[2023-07-13T14:19:02.712+0000] {logging_mixin.py:150} INFO - [2023-07-13T14:19:02.712+0000] {dagbag.py:541} INFO - Filling up the DagBag from /home/airflow/.local/lib/python3.7/site-packages/airflow/example_dags/example_datasets.py
[2023-07-13T14:19:02.723+0000] {processor.py:836} INFO - DAG(s) dict_keys(['dataset_produces_1', 'dataset_consumes_1_never_scheduled', 'dataset_consumes_1', 'dataset_produces_2', 'dataset_consumes_unknown_never_scheduled', 'dataset_consumes_1_and_2']) retrieved from /home/airflow/.local/lib/python3.7/site-packages/airflow/example_dags/example_datasets.py
[2023-07-13T14:19:02.762+0000] {logging_mixin.py:150} INFO - [2023-07-13T14:19:02.762+0000] {dag.py:2742} INFO - Sync 6 DAGs
[2023-07-13T14:19:02.780+0000] {logging_mixin.py:150} INFO - [2023-07-13T14:19:02.780+0000] {dag.py:3508} INFO - Setting next_dagrun for dataset_consumes_1 to None, run_after=None
[2023-07-13T14:19:02.783+0000] {logging_mixin.py:150} INFO - [2023-07-13T14:19:02.783+0000] {dag.py:3508} INFO - Setting next_dagrun for dataset_consumes_1_and_2 to None, run_after=None
[2023-07-13T14:19:02.784+0000] {logging_mixin.py:150} INFO - [2023-07-13T14:19:02.784+0000] {dag.py:3508} INFO - Setting next_dagrun for dataset_consumes_1_never_scheduled to None, run_after=None
[2023-07-13T14:19:02.785+0000] {logging_mixin.py:150} INFO - [2023-07-13T14:19:02.785+0000] {dag.py:3508} INFO - Setting next_dagrun for dataset_consumes_unknown_never_scheduled to None, run_after=None
[2023-07-13T14:19:02.787+0000] {logging_mixin.py:150} INFO - [2023-07-13T14:19:02.786+0000] {dag.py:3508} INFO - Setting next_dagrun for dataset_produces_1 to 2023-07-12T00:00:00+00:00, run_after=2023-07-13T00:00:00+00:00
[2023-07-13T14:19:02.788+0000] {logging_mixin.py:150} INFO - [2023-07-13T14:19:02.788+0000] {dag.py:3508} INFO - Setting next_dagrun for dataset_produces_2 to None, run_after=None
[2023-07-13T14:19:02.808+0000] {processor.py:179} INFO - Processing /home/airflow/.local/lib/python3.7/site-packages/airflow/example_dags/example_datasets.py took 0.101 seconds
[2023-07-13T14:19:33.170+0000] {processor.py:157} INFO - Started process (PID=335) to work on /home/airflow/.local/lib/python3.7/site-packages/airflow/example_dags/example_datasets.py
[2023-07-13T14:19:33.171+0000] {processor.py:826} INFO - Processing file /home/airflow/.local/lib/python3.7/site-packages/airflow/example_dags/example_datasets.py for tasks to queue
[2023-07-13T14:19:33.172+0000] {logging_mixin.py:150} INFO - [2023-07-13T14:19:33.172+0000] {dagbag.py:541} INFO - Filling up the DagBag from /home/airflow/.local/lib/python3.7/site-packages/airflow/example_dags/example_datasets.py
[2023-07-13T14:19:33.179+0000] {processor.py:836} INFO - DAG(s) dict_keys(['dataset_consumes_unknown_never_scheduled', 'dataset_consumes_1_and_2', 'dataset_produces_1', 'dataset_produces_2', 'dataset_consumes_1_never_scheduled', 'dataset_consumes_1']) retrieved from /home/airflow/.local/lib/python3.7/site-packages/airflow/example_dags/example_datasets.py
[2023-07-13T14:19:33.207+0000] {logging_mixin.py:150} INFO - [2023-07-13T14:19:33.207+0000] {dag.py:2742} INFO - Sync 6 DAGs
[2023-07-13T14:19:33.223+0000] {logging_mixin.py:150} INFO - [2023-07-13T14:19:33.223+0000] {dag.py:3508} INFO - Setting next_dagrun for dataset_consumes_1 to None, run_after=None
[2023-07-13T14:19:33.226+0000] {logging_mixin.py:150} INFO - [2023-07-13T14:19:33.226+0000] {dag.py:3508} INFO - Setting next_dagrun for dataset_consumes_1_and_2 to None, run_after=None
[2023-07-13T14:19:33.227+0000] {logging_mixin.py:150} INFO - [2023-07-13T14:19:33.227+0000] {dag.py:3508} INFO - Setting next_dagrun for dataset_consumes_1_never_scheduled to None, run_after=None
[2023-07-13T14:19:33.228+0000] {logging_mixin.py:150} INFO - [2023-07-13T14:19:33.228+0000] {dag.py:3508} INFO - Setting next_dagrun for dataset_consumes_unknown_never_scheduled to None, run_after=None
[2023-07-13T14:19:33.230+0000] {logging_mixin.py:150} INFO - [2023-07-13T14:19:33.230+0000] {dag.py:3508} INFO - Setting next_dagrun for dataset_produces_1 to 2023-07-12T00:00:00+00:00, run_after=2023-07-13T00:00:00+00:00
[2023-07-13T14:19:33.231+0000] {logging_mixin.py:150} INFO - [2023-07-13T14:19:33.231+0000] {dag.py:3508} INFO - Setting next_dagrun for dataset_produces_2 to None, run_after=None
[2023-07-13T14:19:33.249+0000] {processor.py:179} INFO - Processing /home/airflow/.local/lib/python3.7/site-packages/airflow/example_dags/example_datasets.py took 0.083 seconds
[2023-07-13T14:20:03.575+0000] {processor.py:157} INFO - Started process (PID=392) to work on /home/airflow/.local/lib/python3.7/site-packages/airflow/example_dags/example_datasets.py
[2023-07-13T14:20:03.577+0000] {processor.py:826} INFO - Processing file /home/airflow/.local/lib/python3.7/site-packages/airflow/example_dags/example_datasets.py for tasks to queue
[2023-07-13T14:20:03.577+0000] {logging_mixin.py:150} INFO - [2023-07-13T14:20:03.577+0000] {dagbag.py:541} INFO - Filling up the DagBag from /home/airflow/.local/lib/python3.7/site-packages/airflow/example_dags/example_datasets.py
[2023-07-13T14:20:03.585+0000] {processor.py:836} INFO - DAG(s) dict_keys(['dataset_produces_2', 'dataset_produces_1', 'dataset_consumes_1_never_scheduled', 'dataset_consumes_unknown_never_scheduled', 'dataset_consumes_1', 'dataset_consumes_1_and_2']) retrieved from /home/airflow/.local/lib/python3.7/site-packages/airflow/example_dags/example_datasets.py
[2023-07-13T14:20:03.612+0000] {logging_mixin.py:150} INFO - [2023-07-13T14:20:03.612+0000] {dag.py:2742} INFO - Sync 6 DAGs
[2023-07-13T14:20:03.630+0000] {logging_mixin.py:150} INFO - [2023-07-13T14:20:03.630+0000] {dag.py:3508} INFO - Setting next_dagrun for dataset_consumes_1 to None, run_after=None
[2023-07-13T14:20:03.632+0000] {logging_mixin.py:150} INFO - [2023-07-13T14:20:03.632+0000] {dag.py:3508} INFO - Setting next_dagrun for dataset_consumes_1_and_2 to None, run_after=None
[2023-07-13T14:20:03.633+0000] {logging_mixin.py:150} INFO - [2023-07-13T14:20:03.633+0000] {dag.py:3508} INFO - Setting next_dagrun for dataset_consumes_1_never_scheduled to None, run_after=None
[2023-07-13T14:20:03.634+0000] {logging_mixin.py:150} INFO - [2023-07-13T14:20:03.634+0000] {dag.py:3508} INFO - Setting next_dagrun for dataset_consumes_unknown_never_scheduled to None, run_after=None
[2023-07-13T14:20:03.636+0000] {logging_mixin.py:150} INFO - [2023-07-13T14:20:03.636+0000] {dag.py:3508} INFO - Setting next_dagrun for dataset_produces_1 to 2023-07-12T00:00:00+00:00, run_after=2023-07-13T00:00:00+00:00
[2023-07-13T14:20:03.638+0000] {logging_mixin.py:150} INFO - [2023-07-13T14:20:03.638+0000] {dag.py:3508} INFO - Setting next_dagrun for dataset_produces_2 to None, run_after=None
[2023-07-13T14:20:03.656+0000] {processor.py:179} INFO - Processing /home/airflow/.local/lib/python3.7/site-packages/airflow/example_dags/example_datasets.py took 0.084 seconds
[2023-07-13T14:20:33.935+0000] {processor.py:157} INFO - Started process (PID=449) to work on /home/airflow/.local/lib/python3.7/site-packages/airflow/example_dags/example_datasets.py
[2023-07-13T14:20:33.936+0000] {processor.py:826} INFO - Processing file /home/airflow/.local/lib/python3.7/site-packages/airflow/example_dags/example_datasets.py for tasks to queue
[2023-07-13T14:20:33.937+0000] {logging_mixin.py:150} INFO - [2023-07-13T14:20:33.937+0000] {dagbag.py:541} INFO - Filling up the DagBag from /home/airflow/.local/lib/python3.7/site-packages/airflow/example_dags/example_datasets.py
[2023-07-13T14:20:33.944+0000] {processor.py:836} INFO - DAG(s) dict_keys(['dataset_consumes_1_never_scheduled', 'dataset_consumes_1_and_2', 'dataset_produces_1', 'dataset_produces_2', 'dataset_consumes_1', 'dataset_consumes_unknown_never_scheduled']) retrieved from /home/airflow/.local/lib/python3.7/site-packages/airflow/example_dags/example_datasets.py
[2023-07-13T14:20:33.971+0000] {logging_mixin.py:150} INFO - [2023-07-13T14:20:33.971+0000] {dag.py:2742} INFO - Sync 6 DAGs
[2023-07-13T14:20:33.989+0000] {logging_mixin.py:150} INFO - [2023-07-13T14:20:33.989+0000] {dag.py:3508} INFO - Setting next_dagrun for dataset_consumes_1 to None, run_after=None
[2023-07-13T14:20:33.991+0000] {logging_mixin.py:150} INFO - [2023-07-13T14:20:33.991+0000] {dag.py:3508} INFO - Setting next_dagrun for dataset_consumes_1_and_2 to None, run_after=None
[2023-07-13T14:20:33.992+0000] {logging_mixin.py:150} INFO - [2023-07-13T14:20:33.992+0000] {dag.py:3508} INFO - Setting next_dagrun for dataset_consumes_1_never_scheduled to None, run_after=None
[2023-07-13T14:20:33.993+0000] {logging_mixin.py:150} INFO - [2023-07-13T14:20:33.993+0000] {dag.py:3508} INFO - Setting next_dagrun for dataset_consumes_unknown_never_scheduled to None, run_after=None
[2023-07-13T14:20:33.995+0000] {logging_mixin.py:150} INFO - [2023-07-13T14:20:33.995+0000] {dag.py:3508} INFO - Setting next_dagrun for dataset_produces_1 to 2023-07-12T00:00:00+00:00, run_after=2023-07-13T00:00:00+00:00
[2023-07-13T14:20:33.996+0000] {logging_mixin.py:150} INFO - [2023-07-13T14:20:33.996+0000] {dag.py:3508} INFO - Setting next_dagrun for dataset_produces_2 to None, run_after=None
[2023-07-13T14:20:34.015+0000] {processor.py:179} INFO - Processing /home/airflow/.local/lib/python3.7/site-packages/airflow/example_dags/example_datasets.py took 0.083 seconds
[2023-07-13T14:21:04.826+0000] {processor.py:157} INFO - Started process (PID=505) to work on /home/airflow/.local/lib/python3.7/site-packages/airflow/example_dags/example_datasets.py
[2023-07-13T14:21:04.827+0000] {processor.py:826} INFO - Processing file /home/airflow/.local/lib/python3.7/site-packages/airflow/example_dags/example_datasets.py for tasks to queue
[2023-07-13T14:21:04.828+0000] {logging_mixin.py:150} INFO - [2023-07-13T14:21:04.828+0000] {dagbag.py:541} INFO - Filling up the DagBag from /home/airflow/.local/lib/python3.7/site-packages/airflow/example_dags/example_datasets.py
[2023-07-13T14:21:04.835+0000] {processor.py:836} INFO - DAG(s) dict_keys(['dataset_consumes_unknown_never_scheduled', 'dataset_produces_1', 'dataset_consumes_1', 'dataset_produces_2', 'dataset_consumes_1_never_scheduled', 'dataset_consumes_1_and_2']) retrieved from /home/airflow/.local/lib/python3.7/site-packages/airflow/example_dags/example_datasets.py
[2023-07-13T14:21:04.865+0000] {logging_mixin.py:150} INFO - [2023-07-13T14:21:04.864+0000] {dag.py:2742} INFO - Sync 6 DAGs
[2023-07-13T14:21:04.882+0000] {logging_mixin.py:150} INFO - [2023-07-13T14:21:04.881+0000] {dag.py:3508} INFO - Setting next_dagrun for dataset_consumes_1 to None, run_after=None
[2023-07-13T14:21:04.884+0000] {logging_mixin.py:150} INFO - [2023-07-13T14:21:04.884+0000] {dag.py:3508} INFO - Setting next_dagrun for dataset_consumes_1_and_2 to None, run_after=None
[2023-07-13T14:21:04.886+0000] {logging_mixin.py:150} INFO - [2023-07-13T14:21:04.886+0000] {dag.py:3508} INFO - Setting next_dagrun for dataset_consumes_1_never_scheduled to None, run_after=None
[2023-07-13T14:21:04.887+0000] {logging_mixin.py:150} INFO - [2023-07-13T14:21:04.887+0000] {dag.py:3508} INFO - Setting next_dagrun for dataset_consumes_unknown_never_scheduled to None, run_after=None
[2023-07-13T14:21:04.889+0000] {logging_mixin.py:150} INFO - [2023-07-13T14:21:04.888+0000] {dag.py:3508} INFO - Setting next_dagrun for dataset_produces_1 to 2023-07-12T00:00:00+00:00, run_after=2023-07-13T00:00:00+00:00
[2023-07-13T14:21:04.890+0000] {logging_mixin.py:150} INFO - [2023-07-13T14:21:04.890+0000] {dag.py:3508} INFO - Setting next_dagrun for dataset_produces_2 to None, run_after=None
[2023-07-13T14:21:04.909+0000] {processor.py:179} INFO - Processing /home/airflow/.local/lib/python3.7/site-packages/airflow/example_dags/example_datasets.py took 0.086 seconds
[2023-07-13T14:21:35.384+0000] {processor.py:157} INFO - Started process (PID=561) to work on /home/airflow/.local/lib/python3.7/site-packages/airflow/example_dags/example_datasets.py
[2023-07-13T14:21:35.385+0000] {processor.py:826} INFO - Processing file /home/airflow/.local/lib/python3.7/site-packages/airflow/example_dags/example_datasets.py for tasks to queue
[2023-07-13T14:21:35.386+0000] {logging_mixin.py:150} INFO - [2023-07-13T14:21:35.385+0000] {dagbag.py:541} INFO - Filling up the DagBag from /home/airflow/.local/lib/python3.7/site-packages/airflow/example_dags/example_datasets.py
[2023-07-13T14:21:35.392+0000] {processor.py:836} INFO - DAG(s) dict_keys(['dataset_consumes_1_and_2', 'dataset_produces_1', 'dataset_consumes_1', 'dataset_consumes_1_never_scheduled', 'dataset_consumes_unknown_never_scheduled', 'dataset_produces_2']) retrieved from /home/airflow/.local/lib/python3.7/site-packages/airflow/example_dags/example_datasets.py
[2023-07-13T14:21:35.420+0000] {logging_mixin.py:150} INFO - [2023-07-13T14:21:35.420+0000] {dag.py:2742} INFO - Sync 6 DAGs
[2023-07-13T14:21:35.438+0000] {logging_mixin.py:150} INFO - [2023-07-13T14:21:35.438+0000] {dag.py:3508} INFO - Setting next_dagrun for dataset_consumes_1 to None, run_after=None
[2023-07-13T14:21:35.441+0000] {logging_mixin.py:150} INFO - [2023-07-13T14:21:35.440+0000] {dag.py:3508} INFO - Setting next_dagrun for dataset_consumes_1_and_2 to None, run_after=None
[2023-07-13T14:21:35.442+0000] {logging_mixin.py:150} INFO - [2023-07-13T14:21:35.441+0000] {dag.py:3508} INFO - Setting next_dagrun for dataset_consumes_1_never_scheduled to None, run_after=None
[2023-07-13T14:21:35.442+0000] {logging_mixin.py:150} INFO - [2023-07-13T14:21:35.442+0000] {dag.py:3508} INFO - Setting next_dagrun for dataset_consumes_unknown_never_scheduled to None, run_after=None
[2023-07-13T14:21:35.444+0000] {logging_mixin.py:150} INFO - [2023-07-13T14:21:35.444+0000] {dag.py:3508} INFO - Setting next_dagrun for dataset_produces_1 to 2023-07-12T00:00:00+00:00, run_after=2023-07-13T00:00:00+00:00
[2023-07-13T14:21:35.445+0000] {logging_mixin.py:150} INFO - [2023-07-13T14:21:35.445+0000] {dag.py:3508} INFO - Setting next_dagrun for dataset_produces_2 to None, run_after=None
[2023-07-13T14:21:35.464+0000] {processor.py:179} INFO - Processing /home/airflow/.local/lib/python3.7/site-packages/airflow/example_dags/example_datasets.py took 0.083 seconds
[2023-07-13T14:22:06.489+0000] {processor.py:157} INFO - Started process (PID=618) to work on /home/airflow/.local/lib/python3.7/site-packages/airflow/example_dags/example_datasets.py
[2023-07-13T14:22:06.492+0000] {processor.py:826} INFO - Processing file /home/airflow/.local/lib/python3.7/site-packages/airflow/example_dags/example_datasets.py for tasks to queue
[2023-07-13T14:22:06.494+0000] {logging_mixin.py:150} INFO - [2023-07-13T14:22:06.493+0000] {dagbag.py:541} INFO - Filling up the DagBag from /home/airflow/.local/lib/python3.7/site-packages/airflow/example_dags/example_datasets.py
[2023-07-13T14:22:06.501+0000] {processor.py:836} INFO - DAG(s) dict_keys(['dataset_consumes_unknown_never_scheduled', 'dataset_consumes_1_never_scheduled', 'dataset_consumes_1', 'dataset_consumes_1_and_2', 'dataset_produces_1', 'dataset_produces_2']) retrieved from /home/airflow/.local/lib/python3.7/site-packages/airflow/example_dags/example_datasets.py
[2023-07-13T14:22:06.530+0000] {logging_mixin.py:150} INFO - [2023-07-13T14:22:06.530+0000] {dag.py:2742} INFO - Sync 6 DAGs
[2023-07-13T14:22:06.547+0000] {logging_mixin.py:150} INFO - [2023-07-13T14:22:06.547+0000] {dag.py:3508} INFO - Setting next_dagrun for dataset_consumes_1 to None, run_after=None
[2023-07-13T14:22:06.549+0000] {logging_mixin.py:150} INFO - [2023-07-13T14:22:06.549+0000] {dag.py:3508} INFO - Setting next_dagrun for dataset_consumes_1_and_2 to None, run_after=None
[2023-07-13T14:22:06.551+0000] {logging_mixin.py:150} INFO - [2023-07-13T14:22:06.551+0000] {dag.py:3508} INFO - Setting next_dagrun for dataset_consumes_1_never_scheduled to None, run_after=None
[2023-07-13T14:22:06.552+0000] {logging_mixin.py:150} INFO - [2023-07-13T14:22:06.552+0000] {dag.py:3508} INFO - Setting next_dagrun for dataset_consumes_unknown_never_scheduled to None, run_after=None
[2023-07-13T14:22:06.554+0000] {logging_mixin.py:150} INFO - [2023-07-13T14:22:06.554+0000] {dag.py:3508} INFO - Setting next_dagrun for dataset_produces_1 to 2023-07-12T00:00:00+00:00, run_after=2023-07-13T00:00:00+00:00
[2023-07-13T14:22:06.555+0000] {logging_mixin.py:150} INFO - [2023-07-13T14:22:06.555+0000] {dag.py:3508} INFO - Setting next_dagrun for dataset_produces_2 to None, run_after=None
[2023-07-13T14:22:06.574+0000] {processor.py:179} INFO - Processing /home/airflow/.local/lib/python3.7/site-packages/airflow/example_dags/example_datasets.py took 0.088 seconds
[2023-07-13T14:22:40.218+0000] {processor.py:157} INFO - Started process (PID=675) to work on /home/airflow/.local/lib/python3.7/site-packages/airflow/example_dags/example_datasets.py
[2023-07-13T14:22:40.220+0000] {processor.py:826} INFO - Processing file /home/airflow/.local/lib/python3.7/site-packages/airflow/example_dags/example_datasets.py for tasks to queue
[2023-07-13T14:22:40.221+0000] {logging_mixin.py:150} INFO - [2023-07-13T14:22:40.220+0000] {dagbag.py:541} INFO - Filling up the DagBag from /home/airflow/.local/lib/python3.7/site-packages/airflow/example_dags/example_datasets.py
[2023-07-13T14:22:40.229+0000] {processor.py:836} INFO - DAG(s) dict_keys(['dataset_consumes_1_never_scheduled', 'dataset_consumes_unknown_never_scheduled', 'dataset_consumes_1_and_2', 'dataset_consumes_1', 'dataset_produces_1', 'dataset_produces_2']) retrieved from /home/airflow/.local/lib/python3.7/site-packages/airflow/example_dags/example_datasets.py
[2023-07-13T14:22:40.270+0000] {logging_mixin.py:150} INFO - [2023-07-13T14:22:40.270+0000] {dag.py:2742} INFO - Sync 6 DAGs
[2023-07-13T14:22:40.293+0000] {logging_mixin.py:150} INFO - [2023-07-13T14:22:40.293+0000] {dag.py:3508} INFO - Setting next_dagrun for dataset_consumes_1 to None, run_after=None
[2023-07-13T14:22:40.295+0000] {logging_mixin.py:150} INFO - [2023-07-13T14:22:40.295+0000] {dag.py:3508} INFO - Setting next_dagrun for dataset_consumes_1_and_2 to None, run_after=None
[2023-07-13T14:22:40.297+0000] {logging_mixin.py:150} INFO - [2023-07-13T14:22:40.297+0000] {dag.py:3508} INFO - Setting next_dagrun for dataset_consumes_1_never_scheduled to None, run_after=None
[2023-07-13T14:22:40.298+0000] {logging_mixin.py:150} INFO - [2023-07-13T14:22:40.298+0000] {dag.py:3508} INFO - Setting next_dagrun for dataset_consumes_unknown_never_scheduled to None, run_after=None
[2023-07-13T14:22:40.301+0000] {logging_mixin.py:150} INFO - [2023-07-13T14:22:40.301+0000] {dag.py:3508} INFO - Setting next_dagrun for dataset_produces_1 to 2023-07-12T00:00:00+00:00, run_after=2023-07-13T00:00:00+00:00
[2023-07-13T14:22:40.303+0000] {logging_mixin.py:150} INFO - [2023-07-13T14:22:40.303+0000] {dag.py:3508} INFO - Setting next_dagrun for dataset_produces_2 to None, run_after=None
[2023-07-13T14:22:40.327+0000] {processor.py:179} INFO - Processing /home/airflow/.local/lib/python3.7/site-packages/airflow/example_dags/example_datasets.py took 0.113 seconds
[2023-07-13T14:23:10.392+0000] {processor.py:157} INFO - Started process (PID=733) to work on /home/airflow/.local/lib/python3.7/site-packages/airflow/example_dags/example_datasets.py
[2023-07-13T14:23:10.394+0000] {processor.py:826} INFO - Processing file /home/airflow/.local/lib/python3.7/site-packages/airflow/example_dags/example_datasets.py for tasks to queue
[2023-07-13T14:23:10.395+0000] {logging_mixin.py:150} INFO - [2023-07-13T14:23:10.395+0000] {dagbag.py:541} INFO - Filling up the DagBag from /home/airflow/.local/lib/python3.7/site-packages/airflow/example_dags/example_datasets.py
[2023-07-13T14:23:10.418+0000] {processor.py:836} INFO - DAG(s) dict_keys(['dataset_produces_2', 'dataset_consumes_unknown_never_scheduled', 'dataset_consumes_1_and_2', 'dataset_consumes_1_never_scheduled', 'dataset_consumes_1', 'dataset_produces_1']) retrieved from /home/airflow/.local/lib/python3.7/site-packages/airflow/example_dags/example_datasets.py
[2023-07-13T14:23:10.487+0000] {logging_mixin.py:150} INFO - [2023-07-13T14:23:10.487+0000] {dag.py:2742} INFO - Sync 6 DAGs
[2023-07-13T14:23:10.543+0000] {logging_mixin.py:150} INFO - [2023-07-13T14:23:10.543+0000] {dag.py:3508} INFO - Setting next_dagrun for dataset_consumes_1 to None, run_after=None
[2023-07-13T14:23:10.546+0000] {logging_mixin.py:150} INFO - [2023-07-13T14:23:10.546+0000] {dag.py:3508} INFO - Setting next_dagrun for dataset_consumes_1_and_2 to None, run_after=None
[2023-07-13T14:23:10.547+0000] {logging_mixin.py:150} INFO - [2023-07-13T14:23:10.547+0000] {dag.py:3508} INFO - Setting next_dagrun for dataset_consumes_1_never_scheduled to None, run_after=None
[2023-07-13T14:23:10.549+0000] {logging_mixin.py:150} INFO - [2023-07-13T14:23:10.549+0000] {dag.py:3508} INFO - Setting next_dagrun for dataset_consumes_unknown_never_scheduled to None, run_after=None
[2023-07-13T14:23:10.554+0000] {logging_mixin.py:150} INFO - [2023-07-13T14:23:10.554+0000] {dag.py:3508} INFO - Setting next_dagrun for dataset_produces_1 to 2023-07-12T00:00:00+00:00, run_after=2023-07-13T00:00:00+00:00
[2023-07-13T14:23:10.558+0000] {logging_mixin.py:150} INFO - [2023-07-13T14:23:10.557+0000] {dag.py:3508} INFO - Setting next_dagrun for dataset_produces_2 to None, run_after=None
[2023-07-13T14:23:10.628+0000] {processor.py:179} INFO - Processing /home/airflow/.local/lib/python3.7/site-packages/airflow/example_dags/example_datasets.py took 0.242 seconds
[2023-07-13T14:23:43.081+0000] {processor.py:157} INFO - Started process (PID=790) to work on /home/airflow/.local/lib/python3.7/site-packages/airflow/example_dags/example_datasets.py
[2023-07-13T14:23:43.087+0000] {processor.py:826} INFO - Processing file /home/airflow/.local/lib/python3.7/site-packages/airflow/example_dags/example_datasets.py for tasks to queue
[2023-07-13T14:23:43.092+0000] {logging_mixin.py:150} INFO - [2023-07-13T14:23:43.090+0000] {dagbag.py:541} INFO - Filling up the DagBag from /home/airflow/.local/lib/python3.7/site-packages/airflow/example_dags/example_datasets.py
[2023-07-13T14:23:43.134+0000] {processor.py:836} INFO - DAG(s) dict_keys(['dataset_consumes_unknown_never_scheduled', 'dataset_consumes_1_and_2', 'dataset_consumes_1_never_scheduled', 'dataset_produces_1', 'dataset_produces_2', 'dataset_consumes_1']) retrieved from /home/airflow/.local/lib/python3.7/site-packages/airflow/example_dags/example_datasets.py
[2023-07-13T14:23:43.259+0000] {logging_mixin.py:150} INFO - [2023-07-13T14:23:43.259+0000] {dag.py:2742} INFO - Sync 6 DAGs
[2023-07-13T14:23:43.413+0000] {logging_mixin.py:150} INFO - [2023-07-13T14:23:43.411+0000] {dag.py:3508} INFO - Setting next_dagrun for dataset_consumes_1 to None, run_after=None
[2023-07-13T14:23:43.443+0000] {logging_mixin.py:150} INFO - [2023-07-13T14:23:43.443+0000] {dag.py:3508} INFO - Setting next_dagrun for dataset_consumes_1_and_2 to None, run_after=None
[2023-07-13T14:23:43.456+0000] {logging_mixin.py:150} INFO - [2023-07-13T14:23:43.456+0000] {dag.py:3508} INFO - Setting next_dagrun for dataset_consumes_1_never_scheduled to None, run_after=None
[2023-07-13T14:23:43.460+0000] {logging_mixin.py:150} INFO - [2023-07-13T14:23:43.459+0000] {dag.py:3508} INFO - Setting next_dagrun for dataset_consumes_unknown_never_scheduled to None, run_after=None
[2023-07-13T14:23:43.465+0000] {logging_mixin.py:150} INFO - [2023-07-13T14:23:43.464+0000] {dag.py:3508} INFO - Setting next_dagrun for dataset_produces_1 to 2023-07-12T00:00:00+00:00, run_after=2023-07-13T00:00:00+00:00
[2023-07-13T14:23:43.468+0000] {logging_mixin.py:150} INFO - [2023-07-13T14:23:43.468+0000] {dag.py:3508} INFO - Setting next_dagrun for dataset_produces_2 to None, run_after=None
[2023-07-13T14:23:43.602+0000] {processor.py:179} INFO - Processing /home/airflow/.local/lib/python3.7/site-packages/airflow/example_dags/example_datasets.py took 0.547 seconds
[2023-07-13T14:24:13.810+0000] {processor.py:157} INFO - Started process (PID=848) to work on /home/airflow/.local/lib/python3.7/site-packages/airflow/example_dags/example_datasets.py
[2023-07-13T14:24:13.811+0000] {processor.py:826} INFO - Processing file /home/airflow/.local/lib/python3.7/site-packages/airflow/example_dags/example_datasets.py for tasks to queue
[2023-07-13T14:24:13.812+0000] {logging_mixin.py:150} INFO - [2023-07-13T14:24:13.811+0000] {dagbag.py:541} INFO - Filling up the DagBag from /home/airflow/.local/lib/python3.7/site-packages/airflow/example_dags/example_datasets.py
[2023-07-13T14:24:13.818+0000] {processor.py:836} INFO - DAG(s) dict_keys(['dataset_consumes_1', 'dataset_consumes_1_never_scheduled', 'dataset_produces_2', 'dataset_consumes_unknown_never_scheduled', 'dataset_produces_1', 'dataset_consumes_1_and_2']) retrieved from /home/airflow/.local/lib/python3.7/site-packages/airflow/example_dags/example_datasets.py
[2023-07-13T14:24:13.843+0000] {logging_mixin.py:150} INFO - [2023-07-13T14:24:13.843+0000] {dag.py:2742} INFO - Sync 6 DAGs
[2023-07-13T14:24:13.859+0000] {logging_mixin.py:150} INFO - [2023-07-13T14:24:13.859+0000] {dag.py:3508} INFO - Setting next_dagrun for dataset_consumes_1 to None, run_after=None
[2023-07-13T14:24:13.861+0000] {logging_mixin.py:150} INFO - [2023-07-13T14:24:13.861+0000] {dag.py:3508} INFO - Setting next_dagrun for dataset_consumes_1_and_2 to None, run_after=None
[2023-07-13T14:24:13.862+0000] {logging_mixin.py:150} INFO - [2023-07-13T14:24:13.862+0000] {dag.py:3508} INFO - Setting next_dagrun for dataset_consumes_1_never_scheduled to None, run_after=None
[2023-07-13T14:24:13.863+0000] {logging_mixin.py:150} INFO - [2023-07-13T14:24:13.863+0000] {dag.py:3508} INFO - Setting next_dagrun for dataset_consumes_unknown_never_scheduled to None, run_after=None
[2023-07-13T14:24:13.865+0000] {logging_mixin.py:150} INFO - [2023-07-13T14:24:13.865+0000] {dag.py:3508} INFO - Setting next_dagrun for dataset_produces_1 to 2023-07-12T00:00:00+00:00, run_after=2023-07-13T00:00:00+00:00
[2023-07-13T14:24:13.866+0000] {logging_mixin.py:150} INFO - [2023-07-13T14:24:13.866+0000] {dag.py:3508} INFO - Setting next_dagrun for dataset_produces_2 to None, run_after=None
[2023-07-13T14:24:13.884+0000] {processor.py:179} INFO - Processing /home/airflow/.local/lib/python3.7/site-packages/airflow/example_dags/example_datasets.py took 0.077 seconds
[2023-07-13T14:24:44.357+0000] {processor.py:157} INFO - Started process (PID=905) to work on /home/airflow/.local/lib/python3.7/site-packages/airflow/example_dags/example_datasets.py
[2023-07-13T14:24:44.359+0000] {processor.py:826} INFO - Processing file /home/airflow/.local/lib/python3.7/site-packages/airflow/example_dags/example_datasets.py for tasks to queue
[2023-07-13T14:24:44.360+0000] {logging_mixin.py:150} INFO - [2023-07-13T14:24:44.359+0000] {dagbag.py:541} INFO - Filling up the DagBag from /home/airflow/.local/lib/python3.7/site-packages/airflow/example_dags/example_datasets.py
[2023-07-13T14:24:44.371+0000] {processor.py:836} INFO - DAG(s) dict_keys(['dataset_consumes_1', 'dataset_consumes_unknown_never_scheduled', 'dataset_produces_1', 'dataset_produces_2', 'dataset_consumes_1_never_scheduled', 'dataset_consumes_1_and_2']) retrieved from /home/airflow/.local/lib/python3.7/site-packages/airflow/example_dags/example_datasets.py
[2023-07-13T14:24:44.403+0000] {logging_mixin.py:150} INFO - [2023-07-13T14:24:44.403+0000] {dag.py:2742} INFO - Sync 6 DAGs
[2023-07-13T14:24:44.423+0000] {logging_mixin.py:150} INFO - [2023-07-13T14:24:44.423+0000] {dag.py:3508} INFO - Setting next_dagrun for dataset_consumes_1 to None, run_after=None
[2023-07-13T14:24:44.426+0000] {logging_mixin.py:150} INFO - [2023-07-13T14:24:44.426+0000] {dag.py:3508} INFO - Setting next_dagrun for dataset_consumes_1_and_2 to None, run_after=None
[2023-07-13T14:24:44.427+0000] {logging_mixin.py:150} INFO - [2023-07-13T14:24:44.427+0000] {dag.py:3508} INFO - Setting next_dagrun for dataset_consumes_1_never_scheduled to None, run_after=None
[2023-07-13T14:24:44.428+0000] {logging_mixin.py:150} INFO - [2023-07-13T14:24:44.428+0000] {dag.py:3508} INFO - Setting next_dagrun for dataset_consumes_unknown_never_scheduled to None, run_after=None
[2023-07-13T14:24:44.430+0000] {logging_mixin.py:150} INFO - [2023-07-13T14:24:44.430+0000] {dag.py:3508} INFO - Setting next_dagrun for dataset_produces_1 to 2023-07-12T00:00:00+00:00, run_after=2023-07-13T00:00:00+00:00
[2023-07-13T14:24:44.431+0000] {logging_mixin.py:150} INFO - [2023-07-13T14:24:44.431+0000] {dag.py:3508} INFO - Setting next_dagrun for dataset_produces_2 to None, run_after=None
[2023-07-13T14:24:44.456+0000] {processor.py:179} INFO - Processing /home/airflow/.local/lib/python3.7/site-packages/airflow/example_dags/example_datasets.py took 0.103 seconds
[2023-07-13T14:25:14.953+0000] {processor.py:157} INFO - Started process (PID=961) to work on /home/airflow/.local/lib/python3.7/site-packages/airflow/example_dags/example_datasets.py
[2023-07-13T14:25:14.962+0000] {processor.py:826} INFO - Processing file /home/airflow/.local/lib/python3.7/site-packages/airflow/example_dags/example_datasets.py for tasks to queue
[2023-07-13T14:25:14.964+0000] {logging_mixin.py:150} INFO - [2023-07-13T14:25:14.964+0000] {dagbag.py:541} INFO - Filling up the DagBag from /home/airflow/.local/lib/python3.7/site-packages/airflow/example_dags/example_datasets.py
[2023-07-13T14:25:14.975+0000] {processor.py:836} INFO - DAG(s) dict_keys(['dataset_consumes_1_never_scheduled', 'dataset_produces_1', 'dataset_consumes_unknown_never_scheduled', 'dataset_produces_2', 'dataset_consumes_1_and_2', 'dataset_consumes_1']) retrieved from /home/airflow/.local/lib/python3.7/site-packages/airflow/example_dags/example_datasets.py
[2023-07-13T14:25:15.028+0000] {logging_mixin.py:150} INFO - [2023-07-13T14:25:15.028+0000] {dag.py:2742} INFO - Sync 6 DAGs
[2023-07-13T14:25:15.055+0000] {logging_mixin.py:150} INFO - [2023-07-13T14:25:15.055+0000] {dag.py:3508} INFO - Setting next_dagrun for dataset_consumes_1 to None, run_after=None
[2023-07-13T14:25:15.058+0000] {logging_mixin.py:150} INFO - [2023-07-13T14:25:15.057+0000] {dag.py:3508} INFO - Setting next_dagrun for dataset_consumes_1_and_2 to None, run_after=None
[2023-07-13T14:25:15.060+0000] {logging_mixin.py:150} INFO - [2023-07-13T14:25:15.060+0000] {dag.py:3508} INFO - Setting next_dagrun for dataset_consumes_1_never_scheduled to None, run_after=None
[2023-07-13T14:25:15.061+0000] {logging_mixin.py:150} INFO - [2023-07-13T14:25:15.061+0000] {dag.py:3508} INFO - Setting next_dagrun for dataset_consumes_unknown_never_scheduled to None, run_after=None
[2023-07-13T14:25:15.064+0000] {logging_mixin.py:150} INFO - [2023-07-13T14:25:15.063+0000] {dag.py:3508} INFO - Setting next_dagrun for dataset_produces_1 to 2023-07-12T00:00:00+00:00, run_after=2023-07-13T00:00:00+00:00
[2023-07-13T14:25:15.065+0000] {logging_mixin.py:150} INFO - [2023-07-13T14:25:15.065+0000] {dag.py:3508} INFO - Setting next_dagrun for dataset_produces_2 to None, run_after=None
[2023-07-13T14:25:15.086+0000] {processor.py:179} INFO - Processing /home/airflow/.local/lib/python3.7/site-packages/airflow/example_dags/example_datasets.py took 0.141 seconds
