[2023-07-13T14:17:04.120+0000] {processor.py:157} INFO - Started process (PID=73) to work on /home/airflow/.local/lib/python3.7/site-packages/airflow/example_dags/example_subdag_operator.py
[2023-07-13T14:17:04.122+0000] {processor.py:826} INFO - Processing file /home/airflow/.local/lib/python3.7/site-packages/airflow/example_dags/example_subdag_operator.py for tasks to queue
[2023-07-13T14:17:04.123+0000] {logging_mixin.py:150} INFO - [2023-07-13T14:17:04.123+0000] {dagbag.py:541} INFO - Filling up the DagBag from /home/airflow/.local/lib/python3.7/site-packages/airflow/example_dags/example_subdag_operator.py
[2023-07-13T14:17:04.173+0000] {processor.py:836} INFO - DAG(s) dict_keys(['example_subdag_operator.section-1', 'example_subdag_operator.section-2', 'example_subdag_operator']) retrieved from /home/airflow/.local/lib/python3.7/site-packages/airflow/example_dags/example_subdag_operator.py
[2023-07-13T14:17:04.178+0000] {logging_mixin.py:150} INFO - [2023-07-13T14:17:04.177+0000] {dag.py:2742} INFO - Sync 3 DAGs
[2023-07-13T14:17:04.217+0000] {logging_mixin.py:150} INFO - [2023-07-13T14:17:04.217+0000] {dag.py:3508} INFO - Setting next_dagrun for example_subdag_operator to 2022-01-01T00:00:00+00:00, run_after=2022-01-01T00:00:00+00:00
[2023-07-13T14:17:04.226+0000] {logging_mixin.py:150} INFO - [2023-07-13T14:17:04.226+0000] {dag.py:3508} INFO - Setting next_dagrun for example_subdag_operator.section-1 to None, run_after=None
[2023-07-13T14:17:04.228+0000] {logging_mixin.py:150} INFO - [2023-07-13T14:17:04.228+0000] {dag.py:3508} INFO - Setting next_dagrun for example_subdag_operator.section-2 to None, run_after=None
[2023-07-13T14:17:04.237+0000] {logging_mixin.py:150} INFO - [2023-07-13T14:17:04.237+0000] {dag.py:2742} INFO - Sync 2 DAGs
[2023-07-13T14:17:04.242+0000] {logging_mixin.py:150} INFO - [2023-07-13T14:17:04.242+0000] {dag.py:3508} INFO - Setting next_dagrun for example_subdag_operator.section-1 to None, run_after=None
[2023-07-13T14:17:04.243+0000] {logging_mixin.py:150} INFO - [2023-07-13T14:17:04.243+0000] {dag.py:3508} INFO - Setting next_dagrun for example_subdag_operator.section-2 to None, run_after=None
[2023-07-13T14:17:04.263+0000] {processor.py:179} INFO - Processing /home/airflow/.local/lib/python3.7/site-packages/airflow/example_dags/example_subdag_operator.py took 0.146 seconds
[2023-07-13T14:17:34.757+0000] {processor.py:157} INFO - Started process (PID=129) to work on /home/airflow/.local/lib/python3.7/site-packages/airflow/example_dags/example_subdag_operator.py
[2023-07-13T14:17:34.758+0000] {processor.py:826} INFO - Processing file /home/airflow/.local/lib/python3.7/site-packages/airflow/example_dags/example_subdag_operator.py for tasks to queue
[2023-07-13T14:17:34.759+0000] {logging_mixin.py:150} INFO - [2023-07-13T14:17:34.759+0000] {dagbag.py:541} INFO - Filling up the DagBag from /home/airflow/.local/lib/python3.7/site-packages/airflow/example_dags/example_subdag_operator.py
[2023-07-13T14:17:34.794+0000] {processor.py:836} INFO - DAG(s) dict_keys(['example_subdag_operator.section-1', 'example_subdag_operator.section-2', 'example_subdag_operator']) retrieved from /home/airflow/.local/lib/python3.7/site-packages/airflow/example_dags/example_subdag_operator.py
[2023-07-13T14:17:34.816+0000] {logging_mixin.py:150} INFO - [2023-07-13T14:17:34.816+0000] {dag.py:2742} INFO - Sync 3 DAGs
[2023-07-13T14:17:34.860+0000] {logging_mixin.py:150} INFO - [2023-07-13T14:17:34.860+0000] {dag.py:3508} INFO - Setting next_dagrun for example_subdag_operator to 2022-01-01T00:00:00+00:00, run_after=2022-01-01T00:00:00+00:00
[2023-07-13T14:17:34.864+0000] {logging_mixin.py:150} INFO - [2023-07-13T14:17:34.864+0000] {dag.py:3508} INFO - Setting next_dagrun for example_subdag_operator.section-1 to None, run_after=None
[2023-07-13T14:17:34.867+0000] {logging_mixin.py:150} INFO - [2023-07-13T14:17:34.867+0000] {dag.py:3508} INFO - Setting next_dagrun for example_subdag_operator.section-2 to None, run_after=None
[2023-07-13T14:17:34.875+0000] {logging_mixin.py:150} INFO - [2023-07-13T14:17:34.875+0000] {dag.py:2742} INFO - Sync 2 DAGs
[2023-07-13T14:17:34.883+0000] {logging_mixin.py:150} INFO - [2023-07-13T14:17:34.883+0000] {dag.py:3508} INFO - Setting next_dagrun for example_subdag_operator.section-1 to None, run_after=None
[2023-07-13T14:17:34.885+0000] {logging_mixin.py:150} INFO - [2023-07-13T14:17:34.885+0000] {dag.py:3508} INFO - Setting next_dagrun for example_subdag_operator.section-2 to None, run_after=None
[2023-07-13T14:17:34.901+0000] {processor.py:179} INFO - Processing /home/airflow/.local/lib/python3.7/site-packages/airflow/example_dags/example_subdag_operator.py took 0.148 seconds
[2023-07-13T14:18:05.832+0000] {processor.py:157} INFO - Started process (PID=186) to work on /home/airflow/.local/lib/python3.7/site-packages/airflow/example_dags/example_subdag_operator.py
[2023-07-13T14:18:05.834+0000] {processor.py:826} INFO - Processing file /home/airflow/.local/lib/python3.7/site-packages/airflow/example_dags/example_subdag_operator.py for tasks to queue
[2023-07-13T14:18:05.836+0000] {logging_mixin.py:150} INFO - [2023-07-13T14:18:05.835+0000] {dagbag.py:541} INFO - Filling up the DagBag from /home/airflow/.local/lib/python3.7/site-packages/airflow/example_dags/example_subdag_operator.py
[2023-07-13T14:18:05.863+0000] {processor.py:836} INFO - DAG(s) dict_keys(['example_subdag_operator.section-1', 'example_subdag_operator.section-2', 'example_subdag_operator']) retrieved from /home/airflow/.local/lib/python3.7/site-packages/airflow/example_dags/example_subdag_operator.py
[2023-07-13T14:18:05.876+0000] {logging_mixin.py:150} INFO - [2023-07-13T14:18:05.876+0000] {dag.py:2742} INFO - Sync 3 DAGs
[2023-07-13T14:18:05.891+0000] {logging_mixin.py:150} INFO - [2023-07-13T14:18:05.891+0000] {dag.py:3508} INFO - Setting next_dagrun for example_subdag_operator to 2022-01-01T00:00:00+00:00, run_after=2022-01-01T00:00:00+00:00
[2023-07-13T14:18:05.893+0000] {logging_mixin.py:150} INFO - [2023-07-13T14:18:05.893+0000] {dag.py:3508} INFO - Setting next_dagrun for example_subdag_operator.section-1 to None, run_after=None
[2023-07-13T14:18:05.895+0000] {logging_mixin.py:150} INFO - [2023-07-13T14:18:05.895+0000] {dag.py:3508} INFO - Setting next_dagrun for example_subdag_operator.section-2 to None, run_after=None
[2023-07-13T14:18:05.899+0000] {logging_mixin.py:150} INFO - [2023-07-13T14:18:05.899+0000] {dag.py:2742} INFO - Sync 2 DAGs
[2023-07-13T14:18:05.904+0000] {logging_mixin.py:150} INFO - [2023-07-13T14:18:05.903+0000] {dag.py:3508} INFO - Setting next_dagrun for example_subdag_operator.section-1 to None, run_after=None
[2023-07-13T14:18:05.904+0000] {logging_mixin.py:150} INFO - [2023-07-13T14:18:05.904+0000] {dag.py:3508} INFO - Setting next_dagrun for example_subdag_operator.section-2 to None, run_after=None
[2023-07-13T14:18:05.911+0000] {processor.py:179} INFO - Processing /home/airflow/.local/lib/python3.7/site-packages/airflow/example_dags/example_subdag_operator.py took 0.084 seconds
[2023-07-13T14:18:35.995+0000] {processor.py:157} INFO - Started process (PID=243) to work on /home/airflow/.local/lib/python3.7/site-packages/airflow/example_dags/example_subdag_operator.py
[2023-07-13T14:18:35.998+0000] {processor.py:826} INFO - Processing file /home/airflow/.local/lib/python3.7/site-packages/airflow/example_dags/example_subdag_operator.py for tasks to queue
[2023-07-13T14:18:35.999+0000] {logging_mixin.py:150} INFO - [2023-07-13T14:18:35.999+0000] {dagbag.py:541} INFO - Filling up the DagBag from /home/airflow/.local/lib/python3.7/site-packages/airflow/example_dags/example_subdag_operator.py
[2023-07-13T14:18:36.027+0000] {processor.py:836} INFO - DAG(s) dict_keys(['example_subdag_operator.section-1', 'example_subdag_operator.section-2', 'example_subdag_operator']) retrieved from /home/airflow/.local/lib/python3.7/site-packages/airflow/example_dags/example_subdag_operator.py
[2023-07-13T14:18:36.041+0000] {logging_mixin.py:150} INFO - [2023-07-13T14:18:36.040+0000] {dag.py:2742} INFO - Sync 3 DAGs
[2023-07-13T14:18:36.056+0000] {logging_mixin.py:150} INFO - [2023-07-13T14:18:36.055+0000] {dag.py:3508} INFO - Setting next_dagrun for example_subdag_operator to 2022-01-01T00:00:00+00:00, run_after=2022-01-01T00:00:00+00:00
[2023-07-13T14:18:36.058+0000] {logging_mixin.py:150} INFO - [2023-07-13T14:18:36.058+0000] {dag.py:3508} INFO - Setting next_dagrun for example_subdag_operator.section-1 to None, run_after=None
[2023-07-13T14:18:36.060+0000] {logging_mixin.py:150} INFO - [2023-07-13T14:18:36.059+0000] {dag.py:3508} INFO - Setting next_dagrun for example_subdag_operator.section-2 to None, run_after=None
[2023-07-13T14:18:36.064+0000] {logging_mixin.py:150} INFO - [2023-07-13T14:18:36.064+0000] {dag.py:2742} INFO - Sync 2 DAGs
[2023-07-13T14:18:36.068+0000] {logging_mixin.py:150} INFO - [2023-07-13T14:18:36.068+0000] {dag.py:3508} INFO - Setting next_dagrun for example_subdag_operator.section-1 to None, run_after=None
[2023-07-13T14:18:36.069+0000] {logging_mixin.py:150} INFO - [2023-07-13T14:18:36.069+0000] {dag.py:3508} INFO - Setting next_dagrun for example_subdag_operator.section-2 to None, run_after=None
[2023-07-13T14:18:36.076+0000] {processor.py:179} INFO - Processing /home/airflow/.local/lib/python3.7/site-packages/airflow/example_dags/example_subdag_operator.py took 0.085 seconds
[2023-07-13T14:19:06.715+0000] {processor.py:157} INFO - Started process (PID=299) to work on /home/airflow/.local/lib/python3.7/site-packages/airflow/example_dags/example_subdag_operator.py
[2023-07-13T14:19:06.717+0000] {processor.py:826} INFO - Processing file /home/airflow/.local/lib/python3.7/site-packages/airflow/example_dags/example_subdag_operator.py for tasks to queue
[2023-07-13T14:19:06.719+0000] {logging_mixin.py:150} INFO - [2023-07-13T14:19:06.718+0000] {dagbag.py:541} INFO - Filling up the DagBag from /home/airflow/.local/lib/python3.7/site-packages/airflow/example_dags/example_subdag_operator.py
[2023-07-13T14:19:06.745+0000] {processor.py:836} INFO - DAG(s) dict_keys(['example_subdag_operator.section-1', 'example_subdag_operator.section-2', 'example_subdag_operator']) retrieved from /home/airflow/.local/lib/python3.7/site-packages/airflow/example_dags/example_subdag_operator.py
[2023-07-13T14:19:06.758+0000] {logging_mixin.py:150} INFO - [2023-07-13T14:19:06.758+0000] {dag.py:2742} INFO - Sync 3 DAGs
[2023-07-13T14:19:06.775+0000] {logging_mixin.py:150} INFO - [2023-07-13T14:19:06.775+0000] {dag.py:3508} INFO - Setting next_dagrun for example_subdag_operator to 2022-01-01T00:00:00+00:00, run_after=2022-01-01T00:00:00+00:00
[2023-07-13T14:19:06.777+0000] {logging_mixin.py:150} INFO - [2023-07-13T14:19:06.777+0000] {dag.py:3508} INFO - Setting next_dagrun for example_subdag_operator.section-1 to None, run_after=None
[2023-07-13T14:19:06.778+0000] {logging_mixin.py:150} INFO - [2023-07-13T14:19:06.778+0000] {dag.py:3508} INFO - Setting next_dagrun for example_subdag_operator.section-2 to None, run_after=None
[2023-07-13T14:19:06.783+0000] {logging_mixin.py:150} INFO - [2023-07-13T14:19:06.783+0000] {dag.py:2742} INFO - Sync 2 DAGs
[2023-07-13T14:19:06.787+0000] {logging_mixin.py:150} INFO - [2023-07-13T14:19:06.787+0000] {dag.py:3508} INFO - Setting next_dagrun for example_subdag_operator.section-1 to None, run_after=None
[2023-07-13T14:19:06.788+0000] {logging_mixin.py:150} INFO - [2023-07-13T14:19:06.788+0000] {dag.py:3508} INFO - Setting next_dagrun for example_subdag_operator.section-2 to None, run_after=None
[2023-07-13T14:19:06.795+0000] {processor.py:179} INFO - Processing /home/airflow/.local/lib/python3.7/site-packages/airflow/example_dags/example_subdag_operator.py took 0.084 seconds
[2023-07-13T14:19:37.138+0000] {processor.py:157} INFO - Started process (PID=356) to work on /home/airflow/.local/lib/python3.7/site-packages/airflow/example_dags/example_subdag_operator.py
[2023-07-13T14:19:37.139+0000] {processor.py:826} INFO - Processing file /home/airflow/.local/lib/python3.7/site-packages/airflow/example_dags/example_subdag_operator.py for tasks to queue
[2023-07-13T14:19:37.141+0000] {logging_mixin.py:150} INFO - [2023-07-13T14:19:37.140+0000] {dagbag.py:541} INFO - Filling up the DagBag from /home/airflow/.local/lib/python3.7/site-packages/airflow/example_dags/example_subdag_operator.py
[2023-07-13T14:19:37.168+0000] {processor.py:836} INFO - DAG(s) dict_keys(['example_subdag_operator.section-1', 'example_subdag_operator.section-2', 'example_subdag_operator']) retrieved from /home/airflow/.local/lib/python3.7/site-packages/airflow/example_dags/example_subdag_operator.py
[2023-07-13T14:19:37.181+0000] {logging_mixin.py:150} INFO - [2023-07-13T14:19:37.181+0000] {dag.py:2742} INFO - Sync 3 DAGs
[2023-07-13T14:19:37.195+0000] {logging_mixin.py:150} INFO - [2023-07-13T14:19:37.195+0000] {dag.py:3508} INFO - Setting next_dagrun for example_subdag_operator to 2022-01-01T00:00:00+00:00, run_after=2022-01-01T00:00:00+00:00
[2023-07-13T14:19:37.198+0000] {logging_mixin.py:150} INFO - [2023-07-13T14:19:37.198+0000] {dag.py:3508} INFO - Setting next_dagrun for example_subdag_operator.section-1 to None, run_after=None
[2023-07-13T14:19:37.200+0000] {logging_mixin.py:150} INFO - [2023-07-13T14:19:37.199+0000] {dag.py:3508} INFO - Setting next_dagrun for example_subdag_operator.section-2 to None, run_after=None
[2023-07-13T14:19:37.204+0000] {logging_mixin.py:150} INFO - [2023-07-13T14:19:37.204+0000] {dag.py:2742} INFO - Sync 2 DAGs
[2023-07-13T14:19:37.208+0000] {logging_mixin.py:150} INFO - [2023-07-13T14:19:37.208+0000] {dag.py:3508} INFO - Setting next_dagrun for example_subdag_operator.section-1 to None, run_after=None
[2023-07-13T14:19:37.209+0000] {logging_mixin.py:150} INFO - [2023-07-13T14:19:37.208+0000] {dag.py:3508} INFO - Setting next_dagrun for example_subdag_operator.section-2 to None, run_after=None
[2023-07-13T14:19:37.215+0000] {processor.py:179} INFO - Processing /home/airflow/.local/lib/python3.7/site-packages/airflow/example_dags/example_subdag_operator.py took 0.082 seconds
[2023-07-13T14:20:07.538+0000] {processor.py:157} INFO - Started process (PID=413) to work on /home/airflow/.local/lib/python3.7/site-packages/airflow/example_dags/example_subdag_operator.py
[2023-07-13T14:20:07.540+0000] {processor.py:826} INFO - Processing file /home/airflow/.local/lib/python3.7/site-packages/airflow/example_dags/example_subdag_operator.py for tasks to queue
[2023-07-13T14:20:07.541+0000] {logging_mixin.py:150} INFO - [2023-07-13T14:20:07.541+0000] {dagbag.py:541} INFO - Filling up the DagBag from /home/airflow/.local/lib/python3.7/site-packages/airflow/example_dags/example_subdag_operator.py
[2023-07-13T14:20:07.569+0000] {processor.py:836} INFO - DAG(s) dict_keys(['example_subdag_operator.section-1', 'example_subdag_operator.section-2', 'example_subdag_operator']) retrieved from /home/airflow/.local/lib/python3.7/site-packages/airflow/example_dags/example_subdag_operator.py
[2023-07-13T14:20:07.581+0000] {logging_mixin.py:150} INFO - [2023-07-13T14:20:07.581+0000] {dag.py:2742} INFO - Sync 3 DAGs
[2023-07-13T14:20:07.596+0000] {logging_mixin.py:150} INFO - [2023-07-13T14:20:07.596+0000] {dag.py:3508} INFO - Setting next_dagrun for example_subdag_operator to 2022-01-01T00:00:00+00:00, run_after=2022-01-01T00:00:00+00:00
[2023-07-13T14:20:07.598+0000] {logging_mixin.py:150} INFO - [2023-07-13T14:20:07.598+0000] {dag.py:3508} INFO - Setting next_dagrun for example_subdag_operator.section-1 to None, run_after=None
[2023-07-13T14:20:07.600+0000] {logging_mixin.py:150} INFO - [2023-07-13T14:20:07.599+0000] {dag.py:3508} INFO - Setting next_dagrun for example_subdag_operator.section-2 to None, run_after=None
[2023-07-13T14:20:07.604+0000] {logging_mixin.py:150} INFO - [2023-07-13T14:20:07.604+0000] {dag.py:2742} INFO - Sync 2 DAGs
[2023-07-13T14:20:07.607+0000] {logging_mixin.py:150} INFO - [2023-07-13T14:20:07.607+0000] {dag.py:3508} INFO - Setting next_dagrun for example_subdag_operator.section-1 to None, run_after=None
[2023-07-13T14:20:07.608+0000] {logging_mixin.py:150} INFO - [2023-07-13T14:20:07.608+0000] {dag.py:3508} INFO - Setting next_dagrun for example_subdag_operator.section-2 to None, run_after=None
[2023-07-13T14:20:07.615+0000] {processor.py:179} INFO - Processing /home/airflow/.local/lib/python3.7/site-packages/airflow/example_dags/example_subdag_operator.py took 0.081 seconds
[2023-07-13T14:20:38.175+0000] {processor.py:157} INFO - Started process (PID=470) to work on /home/airflow/.local/lib/python3.7/site-packages/airflow/example_dags/example_subdag_operator.py
[2023-07-13T14:20:38.177+0000] {processor.py:826} INFO - Processing file /home/airflow/.local/lib/python3.7/site-packages/airflow/example_dags/example_subdag_operator.py for tasks to queue
[2023-07-13T14:20:38.178+0000] {logging_mixin.py:150} INFO - [2023-07-13T14:20:38.178+0000] {dagbag.py:541} INFO - Filling up the DagBag from /home/airflow/.local/lib/python3.7/site-packages/airflow/example_dags/example_subdag_operator.py
[2023-07-13T14:20:38.205+0000] {processor.py:836} INFO - DAG(s) dict_keys(['example_subdag_operator.section-1', 'example_subdag_operator.section-2', 'example_subdag_operator']) retrieved from /home/airflow/.local/lib/python3.7/site-packages/airflow/example_dags/example_subdag_operator.py
[2023-07-13T14:20:38.218+0000] {logging_mixin.py:150} INFO - [2023-07-13T14:20:38.218+0000] {dag.py:2742} INFO - Sync 3 DAGs
[2023-07-13T14:20:38.233+0000] {logging_mixin.py:150} INFO - [2023-07-13T14:20:38.233+0000] {dag.py:3508} INFO - Setting next_dagrun for example_subdag_operator to 2022-01-01T00:00:00+00:00, run_after=2022-01-01T00:00:00+00:00
[2023-07-13T14:20:38.236+0000] {logging_mixin.py:150} INFO - [2023-07-13T14:20:38.236+0000] {dag.py:3508} INFO - Setting next_dagrun for example_subdag_operator.section-1 to None, run_after=None
[2023-07-13T14:20:38.237+0000] {logging_mixin.py:150} INFO - [2023-07-13T14:20:38.237+0000] {dag.py:3508} INFO - Setting next_dagrun for example_subdag_operator.section-2 to None, run_after=None
[2023-07-13T14:20:38.241+0000] {logging_mixin.py:150} INFO - [2023-07-13T14:20:38.241+0000] {dag.py:2742} INFO - Sync 2 DAGs
[2023-07-13T14:20:38.245+0000] {logging_mixin.py:150} INFO - [2023-07-13T14:20:38.245+0000] {dag.py:3508} INFO - Setting next_dagrun for example_subdag_operator.section-1 to None, run_after=None
[2023-07-13T14:20:38.246+0000] {logging_mixin.py:150} INFO - [2023-07-13T14:20:38.246+0000] {dag.py:3508} INFO - Setting next_dagrun for example_subdag_operator.section-2 to None, run_after=None
[2023-07-13T14:20:38.253+0000] {processor.py:179} INFO - Processing /home/airflow/.local/lib/python3.7/site-packages/airflow/example_dags/example_subdag_operator.py took 0.082 seconds
[2023-07-13T14:21:08.969+0000] {processor.py:157} INFO - Started process (PID=526) to work on /home/airflow/.local/lib/python3.7/site-packages/airflow/example_dags/example_subdag_operator.py
[2023-07-13T14:21:08.971+0000] {processor.py:826} INFO - Processing file /home/airflow/.local/lib/python3.7/site-packages/airflow/example_dags/example_subdag_operator.py for tasks to queue
[2023-07-13T14:21:08.972+0000] {logging_mixin.py:150} INFO - [2023-07-13T14:21:08.972+0000] {dagbag.py:541} INFO - Filling up the DagBag from /home/airflow/.local/lib/python3.7/site-packages/airflow/example_dags/example_subdag_operator.py
[2023-07-13T14:21:09.005+0000] {processor.py:836} INFO - DAG(s) dict_keys(['example_subdag_operator.section-1', 'example_subdag_operator.section-2', 'example_subdag_operator']) retrieved from /home/airflow/.local/lib/python3.7/site-packages/airflow/example_dags/example_subdag_operator.py
[2023-07-13T14:21:09.019+0000] {logging_mixin.py:150} INFO - [2023-07-13T14:21:09.019+0000] {dag.py:2742} INFO - Sync 3 DAGs
[2023-07-13T14:21:09.036+0000] {logging_mixin.py:150} INFO - [2023-07-13T14:21:09.036+0000] {dag.py:3508} INFO - Setting next_dagrun for example_subdag_operator to 2022-01-01T00:00:00+00:00, run_after=2022-01-01T00:00:00+00:00
[2023-07-13T14:21:09.038+0000] {logging_mixin.py:150} INFO - [2023-07-13T14:21:09.038+0000] {dag.py:3508} INFO - Setting next_dagrun for example_subdag_operator.section-1 to None, run_after=None
[2023-07-13T14:21:09.039+0000] {logging_mixin.py:150} INFO - [2023-07-13T14:21:09.039+0000] {dag.py:3508} INFO - Setting next_dagrun for example_subdag_operator.section-2 to None, run_after=None
[2023-07-13T14:21:09.044+0000] {logging_mixin.py:150} INFO - [2023-07-13T14:21:09.044+0000] {dag.py:2742} INFO - Sync 2 DAGs
[2023-07-13T14:21:09.048+0000] {logging_mixin.py:150} INFO - [2023-07-13T14:21:09.048+0000] {dag.py:3508} INFO - Setting next_dagrun for example_subdag_operator.section-1 to None, run_after=None
[2023-07-13T14:21:09.049+0000] {logging_mixin.py:150} INFO - [2023-07-13T14:21:09.049+0000] {dag.py:3508} INFO - Setting next_dagrun for example_subdag_operator.section-2 to None, run_after=None
[2023-07-13T14:21:09.059+0000] {processor.py:179} INFO - Processing /home/airflow/.local/lib/python3.7/site-packages/airflow/example_dags/example_subdag_operator.py took 0.094 seconds
[2023-07-13T14:21:39.472+0000] {processor.py:157} INFO - Started process (PID=582) to work on /home/airflow/.local/lib/python3.7/site-packages/airflow/example_dags/example_subdag_operator.py
[2023-07-13T14:21:39.474+0000] {processor.py:826} INFO - Processing file /home/airflow/.local/lib/python3.7/site-packages/airflow/example_dags/example_subdag_operator.py for tasks to queue
[2023-07-13T14:21:39.475+0000] {logging_mixin.py:150} INFO - [2023-07-13T14:21:39.475+0000] {dagbag.py:541} INFO - Filling up the DagBag from /home/airflow/.local/lib/python3.7/site-packages/airflow/example_dags/example_subdag_operator.py
[2023-07-13T14:21:39.502+0000] {processor.py:836} INFO - DAG(s) dict_keys(['example_subdag_operator.section-1', 'example_subdag_operator.section-2', 'example_subdag_operator']) retrieved from /home/airflow/.local/lib/python3.7/site-packages/airflow/example_dags/example_subdag_operator.py
[2023-07-13T14:21:39.516+0000] {logging_mixin.py:150} INFO - [2023-07-13T14:21:39.516+0000] {dag.py:2742} INFO - Sync 3 DAGs
[2023-07-13T14:21:39.532+0000] {logging_mixin.py:150} INFO - [2023-07-13T14:21:39.532+0000] {dag.py:3508} INFO - Setting next_dagrun for example_subdag_operator to 2022-01-01T00:00:00+00:00, run_after=2022-01-01T00:00:00+00:00
[2023-07-13T14:21:39.535+0000] {logging_mixin.py:150} INFO - [2023-07-13T14:21:39.535+0000] {dag.py:3508} INFO - Setting next_dagrun for example_subdag_operator.section-1 to None, run_after=None
[2023-07-13T14:21:39.536+0000] {logging_mixin.py:150} INFO - [2023-07-13T14:21:39.536+0000] {dag.py:3508} INFO - Setting next_dagrun for example_subdag_operator.section-2 to None, run_after=None
[2023-07-13T14:21:39.541+0000] {logging_mixin.py:150} INFO - [2023-07-13T14:21:39.541+0000] {dag.py:2742} INFO - Sync 2 DAGs
[2023-07-13T14:21:39.545+0000] {logging_mixin.py:150} INFO - [2023-07-13T14:21:39.545+0000] {dag.py:3508} INFO - Setting next_dagrun for example_subdag_operator.section-1 to None, run_after=None
[2023-07-13T14:21:39.545+0000] {logging_mixin.py:150} INFO - [2023-07-13T14:21:39.545+0000] {dag.py:3508} INFO - Setting next_dagrun for example_subdag_operator.section-2 to None, run_after=None
[2023-07-13T14:21:39.553+0000] {processor.py:179} INFO - Processing /home/airflow/.local/lib/python3.7/site-packages/airflow/example_dags/example_subdag_operator.py took 0.086 seconds
[2023-07-13T14:22:09.924+0000] {processor.py:157} INFO - Started process (PID=639) to work on /home/airflow/.local/lib/python3.7/site-packages/airflow/example_dags/example_subdag_operator.py
[2023-07-13T14:22:09.926+0000] {processor.py:826} INFO - Processing file /home/airflow/.local/lib/python3.7/site-packages/airflow/example_dags/example_subdag_operator.py for tasks to queue
[2023-07-13T14:22:09.926+0000] {logging_mixin.py:150} INFO - [2023-07-13T14:22:09.926+0000] {dagbag.py:541} INFO - Filling up the DagBag from /home/airflow/.local/lib/python3.7/site-packages/airflow/example_dags/example_subdag_operator.py
[2023-07-13T14:22:09.947+0000] {processor.py:836} INFO - DAG(s) dict_keys(['example_subdag_operator.section-1', 'example_subdag_operator.section-2', 'example_subdag_operator']) retrieved from /home/airflow/.local/lib/python3.7/site-packages/airflow/example_dags/example_subdag_operator.py
[2023-07-13T14:22:09.962+0000] {logging_mixin.py:150} INFO - [2023-07-13T14:22:09.962+0000] {dag.py:2742} INFO - Sync 3 DAGs
[2023-07-13T14:22:09.979+0000] {logging_mixin.py:150} INFO - [2023-07-13T14:22:09.979+0000] {dag.py:3508} INFO - Setting next_dagrun for example_subdag_operator to 2022-01-01T00:00:00+00:00, run_after=2022-01-01T00:00:00+00:00
[2023-07-13T14:22:09.982+0000] {logging_mixin.py:150} INFO - [2023-07-13T14:22:09.982+0000] {dag.py:3508} INFO - Setting next_dagrun for example_subdag_operator.section-1 to None, run_after=None
[2023-07-13T14:22:09.984+0000] {logging_mixin.py:150} INFO - [2023-07-13T14:22:09.983+0000] {dag.py:3508} INFO - Setting next_dagrun for example_subdag_operator.section-2 to None, run_after=None
[2023-07-13T14:22:09.989+0000] {logging_mixin.py:150} INFO - [2023-07-13T14:22:09.989+0000] {dag.py:2742} INFO - Sync 2 DAGs
[2023-07-13T14:22:09.993+0000] {logging_mixin.py:150} INFO - [2023-07-13T14:22:09.993+0000] {dag.py:3508} INFO - Setting next_dagrun for example_subdag_operator.section-1 to None, run_after=None
[2023-07-13T14:22:09.994+0000] {logging_mixin.py:150} INFO - [2023-07-13T14:22:09.994+0000] {dag.py:3508} INFO - Setting next_dagrun for example_subdag_operator.section-2 to None, run_after=None
[2023-07-13T14:22:10.001+0000] {processor.py:179} INFO - Processing /home/airflow/.local/lib/python3.7/site-packages/airflow/example_dags/example_subdag_operator.py took 0.079 seconds
[2023-07-13T14:22:41.524+0000] {processor.py:157} INFO - Started process (PID=696) to work on /home/airflow/.local/lib/python3.7/site-packages/airflow/example_dags/example_subdag_operator.py
[2023-07-13T14:22:41.526+0000] {processor.py:826} INFO - Processing file /home/airflow/.local/lib/python3.7/site-packages/airflow/example_dags/example_subdag_operator.py for tasks to queue
[2023-07-13T14:22:41.527+0000] {logging_mixin.py:150} INFO - [2023-07-13T14:22:41.527+0000] {dagbag.py:541} INFO - Filling up the DagBag from /home/airflow/.local/lib/python3.7/site-packages/airflow/example_dags/example_subdag_operator.py
[2023-07-13T14:22:41.547+0000] {processor.py:836} INFO - DAG(s) dict_keys(['example_subdag_operator.section-1', 'example_subdag_operator.section-2', 'example_subdag_operator']) retrieved from /home/airflow/.local/lib/python3.7/site-packages/airflow/example_dags/example_subdag_operator.py
[2023-07-13T14:22:41.559+0000] {logging_mixin.py:150} INFO - [2023-07-13T14:22:41.559+0000] {dag.py:2742} INFO - Sync 3 DAGs
[2023-07-13T14:22:41.577+0000] {logging_mixin.py:150} INFO - [2023-07-13T14:22:41.577+0000] {dag.py:3508} INFO - Setting next_dagrun for example_subdag_operator to 2022-01-01T00:00:00+00:00, run_after=2022-01-01T00:00:00+00:00
[2023-07-13T14:22:41.580+0000] {logging_mixin.py:150} INFO - [2023-07-13T14:22:41.580+0000] {dag.py:3508} INFO - Setting next_dagrun for example_subdag_operator.section-1 to None, run_after=None
[2023-07-13T14:22:41.581+0000] {logging_mixin.py:150} INFO - [2023-07-13T14:22:41.581+0000] {dag.py:3508} INFO - Setting next_dagrun for example_subdag_operator.section-2 to None, run_after=None
[2023-07-13T14:22:41.586+0000] {logging_mixin.py:150} INFO - [2023-07-13T14:22:41.586+0000] {dag.py:2742} INFO - Sync 2 DAGs
[2023-07-13T14:22:41.590+0000] {logging_mixin.py:150} INFO - [2023-07-13T14:22:41.590+0000] {dag.py:3508} INFO - Setting next_dagrun for example_subdag_operator.section-1 to None, run_after=None
[2023-07-13T14:22:41.590+0000] {logging_mixin.py:150} INFO - [2023-07-13T14:22:41.590+0000] {dag.py:3508} INFO - Setting next_dagrun for example_subdag_operator.section-2 to None, run_after=None
[2023-07-13T14:22:41.596+0000] {processor.py:179} INFO - Processing /home/airflow/.local/lib/python3.7/site-packages/airflow/example_dags/example_subdag_operator.py took 0.075 seconds
[2023-07-13T14:23:13.080+0000] {processor.py:157} INFO - Started process (PID=754) to work on /home/airflow/.local/lib/python3.7/site-packages/airflow/example_dags/example_subdag_operator.py
[2023-07-13T14:23:13.083+0000] {processor.py:826} INFO - Processing file /home/airflow/.local/lib/python3.7/site-packages/airflow/example_dags/example_subdag_operator.py for tasks to queue
[2023-07-13T14:23:13.085+0000] {logging_mixin.py:150} INFO - [2023-07-13T14:23:13.084+0000] {dagbag.py:541} INFO - Filling up the DagBag from /home/airflow/.local/lib/python3.7/site-packages/airflow/example_dags/example_subdag_operator.py
[2023-07-13T14:23:13.125+0000] {processor.py:836} INFO - DAG(s) dict_keys(['example_subdag_operator.section-1', 'example_subdag_operator.section-2', 'example_subdag_operator']) retrieved from /home/airflow/.local/lib/python3.7/site-packages/airflow/example_dags/example_subdag_operator.py
[2023-07-13T14:23:13.150+0000] {logging_mixin.py:150} INFO - [2023-07-13T14:23:13.150+0000] {dag.py:2742} INFO - Sync 3 DAGs
[2023-07-13T14:23:13.176+0000] {logging_mixin.py:150} INFO - [2023-07-13T14:23:13.176+0000] {dag.py:3508} INFO - Setting next_dagrun for example_subdag_operator to 2022-01-01T00:00:00+00:00, run_after=2022-01-01T00:00:00+00:00
[2023-07-13T14:23:13.184+0000] {logging_mixin.py:150} INFO - [2023-07-13T14:23:13.183+0000] {dag.py:3508} INFO - Setting next_dagrun for example_subdag_operator.section-1 to None, run_after=None
[2023-07-13T14:23:13.187+0000] {logging_mixin.py:150} INFO - [2023-07-13T14:23:13.187+0000] {dag.py:3508} INFO - Setting next_dagrun for example_subdag_operator.section-2 to None, run_after=None
[2023-07-13T14:23:13.197+0000] {logging_mixin.py:150} INFO - [2023-07-13T14:23:13.197+0000] {dag.py:2742} INFO - Sync 2 DAGs
[2023-07-13T14:23:13.209+0000] {logging_mixin.py:150} INFO - [2023-07-13T14:23:13.209+0000] {dag.py:3508} INFO - Setting next_dagrun for example_subdag_operator.section-1 to None, run_after=None
[2023-07-13T14:23:13.210+0000] {logging_mixin.py:150} INFO - [2023-07-13T14:23:13.210+0000] {dag.py:3508} INFO - Setting next_dagrun for example_subdag_operator.section-2 to None, run_after=None
[2023-07-13T14:23:13.219+0000] {processor.py:179} INFO - Processing /home/airflow/.local/lib/python3.7/site-packages/airflow/example_dags/example_subdag_operator.py took 0.145 seconds
[2023-07-13T14:23:49.678+0000] {processor.py:157} INFO - Started process (PID=811) to work on /home/airflow/.local/lib/python3.7/site-packages/airflow/example_dags/example_subdag_operator.py
[2023-07-13T14:23:49.679+0000] {processor.py:826} INFO - Processing file /home/airflow/.local/lib/python3.7/site-packages/airflow/example_dags/example_subdag_operator.py for tasks to queue
[2023-07-13T14:23:49.681+0000] {logging_mixin.py:150} INFO - [2023-07-13T14:23:49.680+0000] {dagbag.py:541} INFO - Filling up the DagBag from /home/airflow/.local/lib/python3.7/site-packages/airflow/example_dags/example_subdag_operator.py
[2023-07-13T14:23:49.737+0000] {processor.py:836} INFO - DAG(s) dict_keys(['example_subdag_operator.section-1', 'example_subdag_operator.section-2', 'example_subdag_operator']) retrieved from /home/airflow/.local/lib/python3.7/site-packages/airflow/example_dags/example_subdag_operator.py
[2023-07-13T14:23:49.779+0000] {logging_mixin.py:150} INFO - [2023-07-13T14:23:49.778+0000] {dag.py:2742} INFO - Sync 3 DAGs
[2023-07-13T14:23:49.826+0000] {logging_mixin.py:150} INFO - [2023-07-13T14:23:49.825+0000] {dag.py:3508} INFO - Setting next_dagrun for example_subdag_operator to 2022-01-01T00:00:00+00:00, run_after=2022-01-01T00:00:00+00:00
[2023-07-13T14:23:49.835+0000] {logging_mixin.py:150} INFO - [2023-07-13T14:23:49.835+0000] {dag.py:3508} INFO - Setting next_dagrun for example_subdag_operator.section-1 to None, run_after=None
[2023-07-13T14:23:49.848+0000] {logging_mixin.py:150} INFO - [2023-07-13T14:23:49.847+0000] {dag.py:3508} INFO - Setting next_dagrun for example_subdag_operator.section-2 to None, run_after=None
[2023-07-13T14:23:49.863+0000] {logging_mixin.py:150} INFO - [2023-07-13T14:23:49.863+0000] {dag.py:2742} INFO - Sync 2 DAGs
[2023-07-13T14:23:49.877+0000] {logging_mixin.py:150} INFO - [2023-07-13T14:23:49.876+0000] {dag.py:3508} INFO - Setting next_dagrun for example_subdag_operator.section-1 to None, run_after=None
[2023-07-13T14:23:49.884+0000] {logging_mixin.py:150} INFO - [2023-07-13T14:23:49.884+0000] {dag.py:3508} INFO - Setting next_dagrun for example_subdag_operator.section-2 to None, run_after=None
[2023-07-13T14:23:49.901+0000] {processor.py:179} INFO - Processing /home/airflow/.local/lib/python3.7/site-packages/airflow/example_dags/example_subdag_operator.py took 0.226 seconds
[2023-07-13T14:24:20.627+0000] {processor.py:157} INFO - Started process (PID=869) to work on /home/airflow/.local/lib/python3.7/site-packages/airflow/example_dags/example_subdag_operator.py
[2023-07-13T14:24:20.628+0000] {processor.py:826} INFO - Processing file /home/airflow/.local/lib/python3.7/site-packages/airflow/example_dags/example_subdag_operator.py for tasks to queue
[2023-07-13T14:24:20.629+0000] {logging_mixin.py:150} INFO - [2023-07-13T14:24:20.629+0000] {dagbag.py:541} INFO - Filling up the DagBag from /home/airflow/.local/lib/python3.7/site-packages/airflow/example_dags/example_subdag_operator.py
[2023-07-13T14:24:20.654+0000] {processor.py:836} INFO - DAG(s) dict_keys(['example_subdag_operator.section-1', 'example_subdag_operator.section-2', 'example_subdag_operator']) retrieved from /home/airflow/.local/lib/python3.7/site-packages/airflow/example_dags/example_subdag_operator.py
[2023-07-13T14:24:20.668+0000] {logging_mixin.py:150} INFO - [2023-07-13T14:24:20.667+0000] {dag.py:2742} INFO - Sync 3 DAGs
[2023-07-13T14:24:20.691+0000] {logging_mixin.py:150} INFO - [2023-07-13T14:24:20.691+0000] {dag.py:3508} INFO - Setting next_dagrun for example_subdag_operator to 2022-01-01T00:00:00+00:00, run_after=2022-01-01T00:00:00+00:00
[2023-07-13T14:24:20.695+0000] {logging_mixin.py:150} INFO - [2023-07-13T14:24:20.695+0000] {dag.py:3508} INFO - Setting next_dagrun for example_subdag_operator.section-1 to None, run_after=None
[2023-07-13T14:24:20.696+0000] {logging_mixin.py:150} INFO - [2023-07-13T14:24:20.696+0000] {dag.py:3508} INFO - Setting next_dagrun for example_subdag_operator.section-2 to None, run_after=None
[2023-07-13T14:24:20.703+0000] {logging_mixin.py:150} INFO - [2023-07-13T14:24:20.702+0000] {dag.py:2742} INFO - Sync 2 DAGs
[2023-07-13T14:24:20.707+0000] {logging_mixin.py:150} INFO - [2023-07-13T14:24:20.707+0000] {dag.py:3508} INFO - Setting next_dagrun for example_subdag_operator.section-1 to None, run_after=None
[2023-07-13T14:24:20.707+0000] {logging_mixin.py:150} INFO - [2023-07-13T14:24:20.707+0000] {dag.py:3508} INFO - Setting next_dagrun for example_subdag_operator.section-2 to None, run_after=None
[2023-07-13T14:24:20.715+0000] {processor.py:179} INFO - Processing /home/airflow/.local/lib/python3.7/site-packages/airflow/example_dags/example_subdag_operator.py took 0.091 seconds
[2023-07-13T14:24:51.426+0000] {processor.py:157} INFO - Started process (PID=926) to work on /home/airflow/.local/lib/python3.7/site-packages/airflow/example_dags/example_subdag_operator.py
[2023-07-13T14:24:51.427+0000] {processor.py:826} INFO - Processing file /home/airflow/.local/lib/python3.7/site-packages/airflow/example_dags/example_subdag_operator.py for tasks to queue
[2023-07-13T14:24:51.429+0000] {logging_mixin.py:150} INFO - [2023-07-13T14:24:51.428+0000] {dagbag.py:541} INFO - Filling up the DagBag from /home/airflow/.local/lib/python3.7/site-packages/airflow/example_dags/example_subdag_operator.py
[2023-07-13T14:24:51.631+0000] {processor.py:836} INFO - DAG(s) dict_keys(['example_subdag_operator.section-1', 'example_subdag_operator.section-2', 'example_subdag_operator']) retrieved from /home/airflow/.local/lib/python3.7/site-packages/airflow/example_dags/example_subdag_operator.py
[2023-07-13T14:24:51.657+0000] {logging_mixin.py:150} INFO - [2023-07-13T14:24:51.657+0000] {dag.py:2742} INFO - Sync 3 DAGs
[2023-07-13T14:24:51.710+0000] {logging_mixin.py:150} INFO - [2023-07-13T14:24:51.710+0000] {dag.py:3508} INFO - Setting next_dagrun for example_subdag_operator to 2022-01-01T00:00:00+00:00, run_after=2022-01-01T00:00:00+00:00
[2023-07-13T14:24:51.715+0000] {logging_mixin.py:150} INFO - [2023-07-13T14:24:51.715+0000] {dag.py:3508} INFO - Setting next_dagrun for example_subdag_operator.section-1 to None, run_after=None
[2023-07-13T14:24:51.717+0000] {logging_mixin.py:150} INFO - [2023-07-13T14:24:51.717+0000] {dag.py:3508} INFO - Setting next_dagrun for example_subdag_operator.section-2 to None, run_after=None
[2023-07-13T14:24:51.727+0000] {logging_mixin.py:150} INFO - [2023-07-13T14:24:51.727+0000] {dag.py:2742} INFO - Sync 2 DAGs
[2023-07-13T14:24:51.732+0000] {logging_mixin.py:150} INFO - [2023-07-13T14:24:51.732+0000] {dag.py:3508} INFO - Setting next_dagrun for example_subdag_operator.section-1 to None, run_after=None
[2023-07-13T14:24:51.732+0000] {logging_mixin.py:150} INFO - [2023-07-13T14:24:51.732+0000] {dag.py:3508} INFO - Setting next_dagrun for example_subdag_operator.section-2 to None, run_after=None
[2023-07-13T14:24:51.746+0000] {processor.py:179} INFO - Processing /home/airflow/.local/lib/python3.7/site-packages/airflow/example_dags/example_subdag_operator.py took 0.324 seconds
[2023-07-13T14:25:21.821+0000] {processor.py:157} INFO - Started process (PID=982) to work on /home/airflow/.local/lib/python3.7/site-packages/airflow/example_dags/example_subdag_operator.py
[2023-07-13T14:25:21.823+0000] {processor.py:826} INFO - Processing file /home/airflow/.local/lib/python3.7/site-packages/airflow/example_dags/example_subdag_operator.py for tasks to queue
[2023-07-13T14:25:21.824+0000] {logging_mixin.py:150} INFO - [2023-07-13T14:25:21.823+0000] {dagbag.py:541} INFO - Filling up the DagBag from /home/airflow/.local/lib/python3.7/site-packages/airflow/example_dags/example_subdag_operator.py
[2023-07-13T14:25:21.850+0000] {processor.py:836} INFO - DAG(s) dict_keys(['example_subdag_operator.section-1', 'example_subdag_operator.section-2', 'example_subdag_operator']) retrieved from /home/airflow/.local/lib/python3.7/site-packages/airflow/example_dags/example_subdag_operator.py
[2023-07-13T14:25:21.866+0000] {logging_mixin.py:150} INFO - [2023-07-13T14:25:21.866+0000] {dag.py:2742} INFO - Sync 3 DAGs
[2023-07-13T14:25:21.887+0000] {logging_mixin.py:150} INFO - [2023-07-13T14:25:21.887+0000] {dag.py:3508} INFO - Setting next_dagrun for example_subdag_operator to 2022-01-01T00:00:00+00:00, run_after=2022-01-01T00:00:00+00:00
[2023-07-13T14:25:21.891+0000] {logging_mixin.py:150} INFO - [2023-07-13T14:25:21.891+0000] {dag.py:3508} INFO - Setting next_dagrun for example_subdag_operator.section-1 to None, run_after=None
[2023-07-13T14:25:21.894+0000] {logging_mixin.py:150} INFO - [2023-07-13T14:25:21.894+0000] {dag.py:3508} INFO - Setting next_dagrun for example_subdag_operator.section-2 to None, run_after=None
[2023-07-13T14:25:21.904+0000] {logging_mixin.py:150} INFO - [2023-07-13T14:25:21.904+0000] {dag.py:2742} INFO - Sync 2 DAGs
[2023-07-13T14:25:21.911+0000] {logging_mixin.py:150} INFO - [2023-07-13T14:25:21.911+0000] {dag.py:3508} INFO - Setting next_dagrun for example_subdag_operator.section-1 to None, run_after=None
[2023-07-13T14:25:21.912+0000] {logging_mixin.py:150} INFO - [2023-07-13T14:25:21.912+0000] {dag.py:3508} INFO - Setting next_dagrun for example_subdag_operator.section-2 to None, run_after=None
[2023-07-13T14:25:21.926+0000] {processor.py:179} INFO - Processing /home/airflow/.local/lib/python3.7/site-packages/airflow/example_dags/example_subdag_operator.py took 0.107 seconds
