[2023-07-13T14:17:01.516+0000] {processor.py:157} INFO - Started process (PID=57) to work on /home/airflow/.local/lib/python3.7/site-packages/airflow/example_dags/example_complex.py
[2023-07-13T14:17:01.518+0000] {processor.py:826} INFO - Processing file /home/airflow/.local/lib/python3.7/site-packages/airflow/example_dags/example_complex.py for tasks to queue
[2023-07-13T14:17:01.520+0000] {logging_mixin.py:150} INFO - [2023-07-13T14:17:01.520+0000] {dagbag.py:541} INFO - Filling up the DagBag from /home/airflow/.local/lib/python3.7/site-packages/airflow/example_dags/example_complex.py
[2023-07-13T14:17:01.586+0000] {processor.py:836} INFO - DAG(s) dict_keys(['example_complex']) retrieved from /home/airflow/.local/lib/python3.7/site-packages/airflow/example_dags/example_complex.py
[2023-07-13T14:17:01.664+0000] {logging_mixin.py:150} INFO - [2023-07-13T14:17:01.664+0000] {dag.py:2742} INFO - Sync 1 DAGs
[2023-07-13T14:17:01.726+0000] {logging_mixin.py:150} INFO - [2023-07-13T14:17:01.724+0000] {dag.py:3508} INFO - Setting next_dagrun for example_complex to None, run_after=None
[2023-07-13T14:17:01.801+0000] {processor.py:179} INFO - Processing /home/airflow/.local/lib/python3.7/site-packages/airflow/example_dags/example_complex.py took 0.296 seconds
[2023-07-13T14:17:31.880+0000] {processor.py:157} INFO - Started process (PID=112) to work on /home/airflow/.local/lib/python3.7/site-packages/airflow/example_dags/example_complex.py
[2023-07-13T14:17:31.882+0000] {processor.py:826} INFO - Processing file /home/airflow/.local/lib/python3.7/site-packages/airflow/example_dags/example_complex.py for tasks to queue
[2023-07-13T14:17:31.883+0000] {logging_mixin.py:150} INFO - [2023-07-13T14:17:31.883+0000] {dagbag.py:541} INFO - Filling up the DagBag from /home/airflow/.local/lib/python3.7/site-packages/airflow/example_dags/example_complex.py
[2023-07-13T14:17:31.894+0000] {processor.py:836} INFO - DAG(s) dict_keys(['example_complex']) retrieved from /home/airflow/.local/lib/python3.7/site-packages/airflow/example_dags/example_complex.py
[2023-07-13T14:17:31.926+0000] {logging_mixin.py:150} INFO - [2023-07-13T14:17:31.926+0000] {dag.py:2742} INFO - Sync 1 DAGs
[2023-07-13T14:17:31.948+0000] {logging_mixin.py:150} INFO - [2023-07-13T14:17:31.948+0000] {dag.py:3508} INFO - Setting next_dagrun for example_complex to None, run_after=None
[2023-07-13T14:17:31.963+0000] {processor.py:179} INFO - Processing /home/airflow/.local/lib/python3.7/site-packages/airflow/example_dags/example_complex.py took 0.087 seconds
[2023-07-13T14:18:02.947+0000] {processor.py:157} INFO - Started process (PID=169) to work on /home/airflow/.local/lib/python3.7/site-packages/airflow/example_dags/example_complex.py
[2023-07-13T14:18:02.949+0000] {processor.py:826} INFO - Processing file /home/airflow/.local/lib/python3.7/site-packages/airflow/example_dags/example_complex.py for tasks to queue
[2023-07-13T14:18:02.951+0000] {logging_mixin.py:150} INFO - [2023-07-13T14:18:02.950+0000] {dagbag.py:541} INFO - Filling up the DagBag from /home/airflow/.local/lib/python3.7/site-packages/airflow/example_dags/example_complex.py
[2023-07-13T14:18:02.965+0000] {processor.py:836} INFO - DAG(s) dict_keys(['example_complex']) retrieved from /home/airflow/.local/lib/python3.7/site-packages/airflow/example_dags/example_complex.py
[2023-07-13T14:18:02.994+0000] {logging_mixin.py:150} INFO - [2023-07-13T14:18:02.994+0000] {dag.py:2742} INFO - Sync 1 DAGs
[2023-07-13T14:18:03.009+0000] {logging_mixin.py:150} INFO - [2023-07-13T14:18:03.009+0000] {dag.py:3508} INFO - Setting next_dagrun for example_complex to None, run_after=None
[2023-07-13T14:18:03.020+0000] {processor.py:179} INFO - Processing /home/airflow/.local/lib/python3.7/site-packages/airflow/example_dags/example_complex.py took 0.079 seconds
[2023-07-13T14:18:33.144+0000] {processor.py:157} INFO - Started process (PID=226) to work on /home/airflow/.local/lib/python3.7/site-packages/airflow/example_dags/example_complex.py
[2023-07-13T14:18:33.147+0000] {processor.py:826} INFO - Processing file /home/airflow/.local/lib/python3.7/site-packages/airflow/example_dags/example_complex.py for tasks to queue
[2023-07-13T14:18:33.149+0000] {logging_mixin.py:150} INFO - [2023-07-13T14:18:33.148+0000] {dagbag.py:541} INFO - Filling up the DagBag from /home/airflow/.local/lib/python3.7/site-packages/airflow/example_dags/example_complex.py
[2023-07-13T14:18:33.163+0000] {processor.py:836} INFO - DAG(s) dict_keys(['example_complex']) retrieved from /home/airflow/.local/lib/python3.7/site-packages/airflow/example_dags/example_complex.py
[2023-07-13T14:18:33.190+0000] {logging_mixin.py:150} INFO - [2023-07-13T14:18:33.190+0000] {dag.py:2742} INFO - Sync 1 DAGs
[2023-07-13T14:18:33.205+0000] {logging_mixin.py:150} INFO - [2023-07-13T14:18:33.205+0000] {dag.py:3508} INFO - Setting next_dagrun for example_complex to None, run_after=None
[2023-07-13T14:18:33.217+0000] {processor.py:179} INFO - Processing /home/airflow/.local/lib/python3.7/site-packages/airflow/example_dags/example_complex.py took 0.078 seconds
[2023-07-13T14:19:03.950+0000] {processor.py:157} INFO - Started process (PID=282) to work on /home/airflow/.local/lib/python3.7/site-packages/airflow/example_dags/example_complex.py
[2023-07-13T14:19:03.953+0000] {processor.py:826} INFO - Processing file /home/airflow/.local/lib/python3.7/site-packages/airflow/example_dags/example_complex.py for tasks to queue
[2023-07-13T14:19:03.955+0000] {logging_mixin.py:150} INFO - [2023-07-13T14:19:03.955+0000] {dagbag.py:541} INFO - Filling up the DagBag from /home/airflow/.local/lib/python3.7/site-packages/airflow/example_dags/example_complex.py
[2023-07-13T14:19:03.970+0000] {processor.py:836} INFO - DAG(s) dict_keys(['example_complex']) retrieved from /home/airflow/.local/lib/python3.7/site-packages/airflow/example_dags/example_complex.py
[2023-07-13T14:19:03.999+0000] {logging_mixin.py:150} INFO - [2023-07-13T14:19:03.999+0000] {dag.py:2742} INFO - Sync 1 DAGs
[2023-07-13T14:19:04.013+0000] {logging_mixin.py:150} INFO - [2023-07-13T14:19:04.013+0000] {dag.py:3508} INFO - Setting next_dagrun for example_complex to None, run_after=None
[2023-07-13T14:19:04.025+0000] {processor.py:179} INFO - Processing /home/airflow/.local/lib/python3.7/site-packages/airflow/example_dags/example_complex.py took 0.080 seconds
[2023-07-13T14:19:34.390+0000] {processor.py:157} INFO - Started process (PID=339) to work on /home/airflow/.local/lib/python3.7/site-packages/airflow/example_dags/example_complex.py
[2023-07-13T14:19:34.392+0000] {processor.py:826} INFO - Processing file /home/airflow/.local/lib/python3.7/site-packages/airflow/example_dags/example_complex.py for tasks to queue
[2023-07-13T14:19:34.394+0000] {logging_mixin.py:150} INFO - [2023-07-13T14:19:34.394+0000] {dagbag.py:541} INFO - Filling up the DagBag from /home/airflow/.local/lib/python3.7/site-packages/airflow/example_dags/example_complex.py
[2023-07-13T14:19:34.407+0000] {processor.py:836} INFO - DAG(s) dict_keys(['example_complex']) retrieved from /home/airflow/.local/lib/python3.7/site-packages/airflow/example_dags/example_complex.py
[2023-07-13T14:19:34.435+0000] {logging_mixin.py:150} INFO - [2023-07-13T14:19:34.434+0000] {dag.py:2742} INFO - Sync 1 DAGs
[2023-07-13T14:19:34.449+0000] {logging_mixin.py:150} INFO - [2023-07-13T14:19:34.449+0000] {dag.py:3508} INFO - Setting next_dagrun for example_complex to None, run_after=None
[2023-07-13T14:19:34.460+0000] {processor.py:179} INFO - Processing /home/airflow/.local/lib/python3.7/site-packages/airflow/example_dags/example_complex.py took 0.075 seconds
[2023-07-13T14:20:04.772+0000] {processor.py:157} INFO - Started process (PID=396) to work on /home/airflow/.local/lib/python3.7/site-packages/airflow/example_dags/example_complex.py
[2023-07-13T14:20:04.774+0000] {processor.py:826} INFO - Processing file /home/airflow/.local/lib/python3.7/site-packages/airflow/example_dags/example_complex.py for tasks to queue
[2023-07-13T14:20:04.775+0000] {logging_mixin.py:150} INFO - [2023-07-13T14:20:04.775+0000] {dagbag.py:541} INFO - Filling up the DagBag from /home/airflow/.local/lib/python3.7/site-packages/airflow/example_dags/example_complex.py
[2023-07-13T14:20:04.787+0000] {processor.py:836} INFO - DAG(s) dict_keys(['example_complex']) retrieved from /home/airflow/.local/lib/python3.7/site-packages/airflow/example_dags/example_complex.py
[2023-07-13T14:20:04.813+0000] {logging_mixin.py:150} INFO - [2023-07-13T14:20:04.813+0000] {dag.py:2742} INFO - Sync 1 DAGs
[2023-07-13T14:20:04.829+0000] {logging_mixin.py:150} INFO - [2023-07-13T14:20:04.829+0000] {dag.py:3508} INFO - Setting next_dagrun for example_complex to None, run_after=None
[2023-07-13T14:20:04.840+0000] {processor.py:179} INFO - Processing /home/airflow/.local/lib/python3.7/site-packages/airflow/example_dags/example_complex.py took 0.073 seconds
[2023-07-13T14:20:35.178+0000] {processor.py:157} INFO - Started process (PID=453) to work on /home/airflow/.local/lib/python3.7/site-packages/airflow/example_dags/example_complex.py
[2023-07-13T14:20:35.180+0000] {processor.py:826} INFO - Processing file /home/airflow/.local/lib/python3.7/site-packages/airflow/example_dags/example_complex.py for tasks to queue
[2023-07-13T14:20:35.181+0000] {logging_mixin.py:150} INFO - [2023-07-13T14:20:35.181+0000] {dagbag.py:541} INFO - Filling up the DagBag from /home/airflow/.local/lib/python3.7/site-packages/airflow/example_dags/example_complex.py
[2023-07-13T14:20:35.194+0000] {processor.py:836} INFO - DAG(s) dict_keys(['example_complex']) retrieved from /home/airflow/.local/lib/python3.7/site-packages/airflow/example_dags/example_complex.py
[2023-07-13T14:20:35.223+0000] {logging_mixin.py:150} INFO - [2023-07-13T14:20:35.223+0000] {dag.py:2742} INFO - Sync 1 DAGs
[2023-07-13T14:20:35.239+0000] {logging_mixin.py:150} INFO - [2023-07-13T14:20:35.239+0000] {dag.py:3508} INFO - Setting next_dagrun for example_complex to None, run_after=None
[2023-07-13T14:20:35.250+0000] {processor.py:179} INFO - Processing /home/airflow/.local/lib/python3.7/site-packages/airflow/example_dags/example_complex.py took 0.077 seconds
[2023-07-13T14:21:06.032+0000] {processor.py:157} INFO - Started process (PID=509) to work on /home/airflow/.local/lib/python3.7/site-packages/airflow/example_dags/example_complex.py
[2023-07-13T14:21:06.034+0000] {processor.py:826} INFO - Processing file /home/airflow/.local/lib/python3.7/site-packages/airflow/example_dags/example_complex.py for tasks to queue
[2023-07-13T14:21:06.035+0000] {logging_mixin.py:150} INFO - [2023-07-13T14:21:06.034+0000] {dagbag.py:541} INFO - Filling up the DagBag from /home/airflow/.local/lib/python3.7/site-packages/airflow/example_dags/example_complex.py
[2023-07-13T14:21:06.046+0000] {processor.py:836} INFO - DAG(s) dict_keys(['example_complex']) retrieved from /home/airflow/.local/lib/python3.7/site-packages/airflow/example_dags/example_complex.py
[2023-07-13T14:21:06.077+0000] {logging_mixin.py:150} INFO - [2023-07-13T14:21:06.077+0000] {dag.py:2742} INFO - Sync 1 DAGs
[2023-07-13T14:21:06.096+0000] {logging_mixin.py:150} INFO - [2023-07-13T14:21:06.096+0000] {dag.py:3508} INFO - Setting next_dagrun for example_complex to None, run_after=None
[2023-07-13T14:21:06.109+0000] {processor.py:179} INFO - Processing /home/airflow/.local/lib/python3.7/site-packages/airflow/example_dags/example_complex.py took 0.079 seconds
[2023-07-13T14:21:36.606+0000] {processor.py:157} INFO - Started process (PID=565) to work on /home/airflow/.local/lib/python3.7/site-packages/airflow/example_dags/example_complex.py
[2023-07-13T14:21:36.608+0000] {processor.py:826} INFO - Processing file /home/airflow/.local/lib/python3.7/site-packages/airflow/example_dags/example_complex.py for tasks to queue
[2023-07-13T14:21:36.610+0000] {logging_mixin.py:150} INFO - [2023-07-13T14:21:36.609+0000] {dagbag.py:541} INFO - Filling up the DagBag from /home/airflow/.local/lib/python3.7/site-packages/airflow/example_dags/example_complex.py
[2023-07-13T14:21:36.624+0000] {processor.py:836} INFO - DAG(s) dict_keys(['example_complex']) retrieved from /home/airflow/.local/lib/python3.7/site-packages/airflow/example_dags/example_complex.py
[2023-07-13T14:21:36.653+0000] {logging_mixin.py:150} INFO - [2023-07-13T14:21:36.653+0000] {dag.py:2742} INFO - Sync 1 DAGs
[2023-07-13T14:21:36.668+0000] {logging_mixin.py:150} INFO - [2023-07-13T14:21:36.668+0000] {dag.py:3508} INFO - Setting next_dagrun for example_complex to None, run_after=None
[2023-07-13T14:21:36.679+0000] {processor.py:179} INFO - Processing /home/airflow/.local/lib/python3.7/site-packages/airflow/example_dags/example_complex.py took 0.079 seconds
[2023-07-13T14:22:06.703+0000] {processor.py:157} INFO - Started process (PID=622) to work on /home/airflow/.local/lib/python3.7/site-packages/airflow/example_dags/example_complex.py
[2023-07-13T14:22:06.705+0000] {processor.py:826} INFO - Processing file /home/airflow/.local/lib/python3.7/site-packages/airflow/example_dags/example_complex.py for tasks to queue
[2023-07-13T14:22:06.706+0000] {logging_mixin.py:150} INFO - [2023-07-13T14:22:06.705+0000] {dagbag.py:541} INFO - Filling up the DagBag from /home/airflow/.local/lib/python3.7/site-packages/airflow/example_dags/example_complex.py
[2023-07-13T14:22:06.716+0000] {processor.py:836} INFO - DAG(s) dict_keys(['example_complex']) retrieved from /home/airflow/.local/lib/python3.7/site-packages/airflow/example_dags/example_complex.py
[2023-07-13T14:22:06.748+0000] {logging_mixin.py:150} INFO - [2023-07-13T14:22:06.747+0000] {dag.py:2742} INFO - Sync 1 DAGs
[2023-07-13T14:22:06.767+0000] {logging_mixin.py:150} INFO - [2023-07-13T14:22:06.767+0000] {dag.py:3508} INFO - Setting next_dagrun for example_complex to None, run_after=None
[2023-07-13T14:22:06.781+0000] {processor.py:179} INFO - Processing /home/airflow/.local/lib/python3.7/site-packages/airflow/example_dags/example_complex.py took 0.081 seconds
[2023-07-13T14:22:40.498+0000] {processor.py:157} INFO - Started process (PID=680) to work on /home/airflow/.local/lib/python3.7/site-packages/airflow/example_dags/example_complex.py
[2023-07-13T14:22:40.500+0000] {processor.py:826} INFO - Processing file /home/airflow/.local/lib/python3.7/site-packages/airflow/example_dags/example_complex.py for tasks to queue
[2023-07-13T14:22:40.501+0000] {logging_mixin.py:150} INFO - [2023-07-13T14:22:40.501+0000] {dagbag.py:541} INFO - Filling up the DagBag from /home/airflow/.local/lib/python3.7/site-packages/airflow/example_dags/example_complex.py
[2023-07-13T14:22:40.511+0000] {processor.py:836} INFO - DAG(s) dict_keys(['example_complex']) retrieved from /home/airflow/.local/lib/python3.7/site-packages/airflow/example_dags/example_complex.py
[2023-07-13T14:22:40.552+0000] {logging_mixin.py:150} INFO - [2023-07-13T14:22:40.552+0000] {dag.py:2742} INFO - Sync 1 DAGs
[2023-07-13T14:22:40.580+0000] {logging_mixin.py:150} INFO - [2023-07-13T14:22:40.580+0000] {dag.py:3508} INFO - Setting next_dagrun for example_complex to None, run_after=None
[2023-07-13T14:22:40.598+0000] {processor.py:179} INFO - Processing /home/airflow/.local/lib/python3.7/site-packages/airflow/example_dags/example_complex.py took 0.103 seconds
[2023-07-13T14:23:11.646+0000] {processor.py:157} INFO - Started process (PID=738) to work on /home/airflow/.local/lib/python3.7/site-packages/airflow/example_dags/example_complex.py
[2023-07-13T14:23:11.649+0000] {processor.py:826} INFO - Processing file /home/airflow/.local/lib/python3.7/site-packages/airflow/example_dags/example_complex.py for tasks to queue
[2023-07-13T14:23:11.651+0000] {logging_mixin.py:150} INFO - [2023-07-13T14:23:11.650+0000] {dagbag.py:541} INFO - Filling up the DagBag from /home/airflow/.local/lib/python3.7/site-packages/airflow/example_dags/example_complex.py
[2023-07-13T14:23:11.664+0000] {processor.py:836} INFO - DAG(s) dict_keys(['example_complex']) retrieved from /home/airflow/.local/lib/python3.7/site-packages/airflow/example_dags/example_complex.py
[2023-07-13T14:23:11.764+0000] {logging_mixin.py:150} INFO - [2023-07-13T14:23:11.763+0000] {dag.py:2742} INFO - Sync 1 DAGs
[2023-07-13T14:23:11.804+0000] {logging_mixin.py:150} INFO - [2023-07-13T14:23:11.803+0000] {dag.py:3508} INFO - Setting next_dagrun for example_complex to None, run_after=None
[2023-07-13T14:23:11.833+0000] {processor.py:179} INFO - Processing /home/airflow/.local/lib/python3.7/site-packages/airflow/example_dags/example_complex.py took 0.197 seconds
[2023-07-13T14:23:45.628+0000] {processor.py:157} INFO - Started process (PID=795) to work on /home/airflow/.local/lib/python3.7/site-packages/airflow/example_dags/example_complex.py
[2023-07-13T14:23:45.631+0000] {processor.py:826} INFO - Processing file /home/airflow/.local/lib/python3.7/site-packages/airflow/example_dags/example_complex.py for tasks to queue
[2023-07-13T14:23:45.634+0000] {logging_mixin.py:150} INFO - [2023-07-13T14:23:45.633+0000] {dagbag.py:541} INFO - Filling up the DagBag from /home/airflow/.local/lib/python3.7/site-packages/airflow/example_dags/example_complex.py
[2023-07-13T14:23:45.654+0000] {processor.py:836} INFO - DAG(s) dict_keys(['example_complex']) retrieved from /home/airflow/.local/lib/python3.7/site-packages/airflow/example_dags/example_complex.py
[2023-07-13T14:23:45.789+0000] {logging_mixin.py:150} INFO - [2023-07-13T14:23:45.788+0000] {dag.py:2742} INFO - Sync 1 DAGs
[2023-07-13T14:23:45.890+0000] {logging_mixin.py:150} INFO - [2023-07-13T14:23:45.890+0000] {dag.py:3508} INFO - Setting next_dagrun for example_complex to None, run_after=None
[2023-07-13T14:23:45.956+0000] {processor.py:179} INFO - Processing /home/airflow/.local/lib/python3.7/site-packages/airflow/example_dags/example_complex.py took 0.338 seconds
[2023-07-13T14:24:16.047+0000] {processor.py:157} INFO - Started process (PID=852) to work on /home/airflow/.local/lib/python3.7/site-packages/airflow/example_dags/example_complex.py
[2023-07-13T14:24:16.048+0000] {processor.py:826} INFO - Processing file /home/airflow/.local/lib/python3.7/site-packages/airflow/example_dags/example_complex.py for tasks to queue
[2023-07-13T14:24:16.049+0000] {logging_mixin.py:150} INFO - [2023-07-13T14:24:16.049+0000] {dagbag.py:541} INFO - Filling up the DagBag from /home/airflow/.local/lib/python3.7/site-packages/airflow/example_dags/example_complex.py
[2023-07-13T14:24:16.057+0000] {processor.py:836} INFO - DAG(s) dict_keys(['example_complex']) retrieved from /home/airflow/.local/lib/python3.7/site-packages/airflow/example_dags/example_complex.py
[2023-07-13T14:24:16.081+0000] {logging_mixin.py:150} INFO - [2023-07-13T14:24:16.080+0000] {dag.py:2742} INFO - Sync 1 DAGs
[2023-07-13T14:24:16.096+0000] {logging_mixin.py:150} INFO - [2023-07-13T14:24:16.096+0000] {dag.py:3508} INFO - Setting next_dagrun for example_complex to None, run_after=None
[2023-07-13T14:24:16.107+0000] {processor.py:179} INFO - Processing /home/airflow/.local/lib/python3.7/site-packages/airflow/example_dags/example_complex.py took 0.062 seconds
[2023-07-13T14:24:46.816+0000] {processor.py:157} INFO - Started process (PID=909) to work on /home/airflow/.local/lib/python3.7/site-packages/airflow/example_dags/example_complex.py
[2023-07-13T14:24:46.817+0000] {processor.py:826} INFO - Processing file /home/airflow/.local/lib/python3.7/site-packages/airflow/example_dags/example_complex.py for tasks to queue
[2023-07-13T14:24:46.819+0000] {logging_mixin.py:150} INFO - [2023-07-13T14:24:46.818+0000] {dagbag.py:541} INFO - Filling up the DagBag from /home/airflow/.local/lib/python3.7/site-packages/airflow/example_dags/example_complex.py
[2023-07-13T14:24:46.827+0000] {processor.py:836} INFO - DAG(s) dict_keys(['example_complex']) retrieved from /home/airflow/.local/lib/python3.7/site-packages/airflow/example_dags/example_complex.py
[2023-07-13T14:24:46.858+0000] {logging_mixin.py:150} INFO - [2023-07-13T14:24:46.858+0000] {dag.py:2742} INFO - Sync 1 DAGs
[2023-07-13T14:24:46.881+0000] {logging_mixin.py:150} INFO - [2023-07-13T14:24:46.881+0000] {dag.py:3508} INFO - Setting next_dagrun for example_complex to None, run_after=None
[2023-07-13T14:24:46.896+0000] {processor.py:179} INFO - Processing /home/airflow/.local/lib/python3.7/site-packages/airflow/example_dags/example_complex.py took 0.084 seconds
[2023-07-13T14:25:17.560+0000] {processor.py:157} INFO - Started process (PID=965) to work on /home/airflow/.local/lib/python3.7/site-packages/airflow/example_dags/example_complex.py
[2023-07-13T14:25:17.562+0000] {processor.py:826} INFO - Processing file /home/airflow/.local/lib/python3.7/site-packages/airflow/example_dags/example_complex.py for tasks to queue
[2023-07-13T14:25:17.563+0000] {logging_mixin.py:150} INFO - [2023-07-13T14:25:17.562+0000] {dagbag.py:541} INFO - Filling up the DagBag from /home/airflow/.local/lib/python3.7/site-packages/airflow/example_dags/example_complex.py
[2023-07-13T14:25:17.571+0000] {processor.py:836} INFO - DAG(s) dict_keys(['example_complex']) retrieved from /home/airflow/.local/lib/python3.7/site-packages/airflow/example_dags/example_complex.py
[2023-07-13T14:25:17.596+0000] {logging_mixin.py:150} INFO - [2023-07-13T14:25:17.596+0000] {dag.py:2742} INFO - Sync 1 DAGs
[2023-07-13T14:25:17.612+0000] {logging_mixin.py:150} INFO - [2023-07-13T14:25:17.612+0000] {dag.py:3508} INFO - Setting next_dagrun for example_complex to None, run_after=None
[2023-07-13T14:25:17.623+0000] {processor.py:179} INFO - Processing /home/airflow/.local/lib/python3.7/site-packages/airflow/example_dags/example_complex.py took 0.065 seconds
