[2023-07-13T14:16:57.589+0000] {processor.py:157} INFO - Started process (PID=33) to work on /home/airflow/.local/lib/python3.7/site-packages/airflow/example_dags/example_dynamic_task_mapping_with_no_taskflow_operators.py
[2023-07-13T14:16:57.598+0000] {processor.py:826} INFO - Processing file /home/airflow/.local/lib/python3.7/site-packages/airflow/example_dags/example_dynamic_task_mapping_with_no_taskflow_operators.py for tasks to queue
[2023-07-13T14:16:57.613+0000] {logging_mixin.py:150} INFO - [2023-07-13T14:16:57.611+0000] {dagbag.py:541} INFO - Filling up the DagBag from /home/airflow/.local/lib/python3.7/site-packages/airflow/example_dags/example_dynamic_task_mapping_with_no_taskflow_operators.py
[2023-07-13T14:16:57.718+0000] {processor.py:836} INFO - DAG(s) dict_keys(['example_dynamic_task_mapping_with_no_taskflow_operators']) retrieved from /home/airflow/.local/lib/python3.7/site-packages/airflow/example_dags/example_dynamic_task_mapping_with_no_taskflow_operators.py
[2023-07-13T14:16:57.773+0000] {logging_mixin.py:150} INFO - [2023-07-13T14:16:57.772+0000] {dag.py:2742} INFO - Sync 1 DAGs
[2023-07-13T14:16:57.795+0000] {logging_mixin.py:150} INFO - [2023-07-13T14:16:57.795+0000] {dag.py:3508} INFO - Setting next_dagrun for example_dynamic_task_mapping_with_no_taskflow_operators to 2023-07-12T14:16:57.795048+00:00, run_after=2023-07-13T14:16:57.795048+00:00
[2023-07-13T14:16:57.823+0000] {processor.py:179} INFO - Processing /home/airflow/.local/lib/python3.7/site-packages/airflow/example_dags/example_dynamic_task_mapping_with_no_taskflow_operators.py took 0.238 seconds
[2023-07-13T14:17:28.236+0000] {processor.py:157} INFO - Started process (PID=89) to work on /home/airflow/.local/lib/python3.7/site-packages/airflow/example_dags/example_dynamic_task_mapping_with_no_taskflow_operators.py
[2023-07-13T14:17:28.239+0000] {processor.py:826} INFO - Processing file /home/airflow/.local/lib/python3.7/site-packages/airflow/example_dags/example_dynamic_task_mapping_with_no_taskflow_operators.py for tasks to queue
[2023-07-13T14:17:28.242+0000] {logging_mixin.py:150} INFO - [2023-07-13T14:17:28.241+0000] {dagbag.py:541} INFO - Filling up the DagBag from /home/airflow/.local/lib/python3.7/site-packages/airflow/example_dags/example_dynamic_task_mapping_with_no_taskflow_operators.py
[2023-07-13T14:17:28.262+0000] {processor.py:836} INFO - DAG(s) dict_keys(['example_dynamic_task_mapping_with_no_taskflow_operators']) retrieved from /home/airflow/.local/lib/python3.7/site-packages/airflow/example_dags/example_dynamic_task_mapping_with_no_taskflow_operators.py
[2023-07-13T14:17:28.348+0000] {logging_mixin.py:150} INFO - [2023-07-13T14:17:28.348+0000] {dag.py:2742} INFO - Sync 1 DAGs
[2023-07-13T14:17:28.424+0000] {logging_mixin.py:150} INFO - [2023-07-13T14:17:28.424+0000] {dag.py:3508} INFO - Setting next_dagrun for example_dynamic_task_mapping_with_no_taskflow_operators to 2023-07-12T14:17:28.423626+00:00, run_after=2023-07-13T14:17:28.423626+00:00
[2023-07-13T14:17:28.473+0000] {processor.py:179} INFO - Processing /home/airflow/.local/lib/python3.7/site-packages/airflow/example_dags/example_dynamic_task_mapping_with_no_taskflow_operators.py took 0.247 seconds
[2023-07-13T14:17:59.370+0000] {processor.py:157} INFO - Started process (PID=146) to work on /home/airflow/.local/lib/python3.7/site-packages/airflow/example_dags/example_dynamic_task_mapping_with_no_taskflow_operators.py
[2023-07-13T14:17:59.372+0000] {processor.py:826} INFO - Processing file /home/airflow/.local/lib/python3.7/site-packages/airflow/example_dags/example_dynamic_task_mapping_with_no_taskflow_operators.py for tasks to queue
[2023-07-13T14:17:59.373+0000] {logging_mixin.py:150} INFO - [2023-07-13T14:17:59.373+0000] {dagbag.py:541} INFO - Filling up the DagBag from /home/airflow/.local/lib/python3.7/site-packages/airflow/example_dags/example_dynamic_task_mapping_with_no_taskflow_operators.py
[2023-07-13T14:17:59.387+0000] {processor.py:836} INFO - DAG(s) dict_keys(['example_dynamic_task_mapping_with_no_taskflow_operators']) retrieved from /home/airflow/.local/lib/python3.7/site-packages/airflow/example_dags/example_dynamic_task_mapping_with_no_taskflow_operators.py
[2023-07-13T14:17:59.422+0000] {logging_mixin.py:150} INFO - [2023-07-13T14:17:59.422+0000] {dag.py:2742} INFO - Sync 1 DAGs
[2023-07-13T14:17:59.445+0000] {logging_mixin.py:150} INFO - [2023-07-13T14:17:59.444+0000] {dag.py:3508} INFO - Setting next_dagrun for example_dynamic_task_mapping_with_no_taskflow_operators to 2023-07-12T14:17:59.444657+00:00, run_after=2023-07-13T14:17:59.444657+00:00
[2023-07-13T14:17:59.458+0000] {processor.py:179} INFO - Processing /home/airflow/.local/lib/python3.7/site-packages/airflow/example_dags/example_dynamic_task_mapping_with_no_taskflow_operators.py took 0.094 seconds
[2023-07-13T14:18:29.836+0000] {processor.py:157} INFO - Started process (PID=203) to work on /home/airflow/.local/lib/python3.7/site-packages/airflow/example_dags/example_dynamic_task_mapping_with_no_taskflow_operators.py
[2023-07-13T14:18:29.838+0000] {processor.py:826} INFO - Processing file /home/airflow/.local/lib/python3.7/site-packages/airflow/example_dags/example_dynamic_task_mapping_with_no_taskflow_operators.py for tasks to queue
[2023-07-13T14:18:29.839+0000] {logging_mixin.py:150} INFO - [2023-07-13T14:18:29.839+0000] {dagbag.py:541} INFO - Filling up the DagBag from /home/airflow/.local/lib/python3.7/site-packages/airflow/example_dags/example_dynamic_task_mapping_with_no_taskflow_operators.py
[2023-07-13T14:18:29.852+0000] {processor.py:836} INFO - DAG(s) dict_keys(['example_dynamic_task_mapping_with_no_taskflow_operators']) retrieved from /home/airflow/.local/lib/python3.7/site-packages/airflow/example_dags/example_dynamic_task_mapping_with_no_taskflow_operators.py
[2023-07-13T14:18:29.895+0000] {logging_mixin.py:150} INFO - [2023-07-13T14:18:29.895+0000] {dag.py:2742} INFO - Sync 1 DAGs
[2023-07-13T14:18:29.920+0000] {logging_mixin.py:150} INFO - [2023-07-13T14:18:29.920+0000] {dag.py:3508} INFO - Setting next_dagrun for example_dynamic_task_mapping_with_no_taskflow_operators to 2023-07-12T14:18:29.919667+00:00, run_after=2023-07-13T14:18:29.919667+00:00
[2023-07-13T14:18:29.934+0000] {processor.py:179} INFO - Processing /home/airflow/.local/lib/python3.7/site-packages/airflow/example_dags/example_dynamic_task_mapping_with_no_taskflow_operators.py took 0.104 seconds
[2023-07-13T14:19:00.580+0000] {processor.py:157} INFO - Started process (PID=259) to work on /home/airflow/.local/lib/python3.7/site-packages/airflow/example_dags/example_dynamic_task_mapping_with_no_taskflow_operators.py
[2023-07-13T14:19:00.582+0000] {processor.py:826} INFO - Processing file /home/airflow/.local/lib/python3.7/site-packages/airflow/example_dags/example_dynamic_task_mapping_with_no_taskflow_operators.py for tasks to queue
[2023-07-13T14:19:00.583+0000] {logging_mixin.py:150} INFO - [2023-07-13T14:19:00.583+0000] {dagbag.py:541} INFO - Filling up the DagBag from /home/airflow/.local/lib/python3.7/site-packages/airflow/example_dags/example_dynamic_task_mapping_with_no_taskflow_operators.py
[2023-07-13T14:19:00.594+0000] {processor.py:836} INFO - DAG(s) dict_keys(['example_dynamic_task_mapping_with_no_taskflow_operators']) retrieved from /home/airflow/.local/lib/python3.7/site-packages/airflow/example_dags/example_dynamic_task_mapping_with_no_taskflow_operators.py
[2023-07-13T14:19:00.616+0000] {logging_mixin.py:150} INFO - [2023-07-13T14:19:00.616+0000] {dag.py:2742} INFO - Sync 1 DAGs
[2023-07-13T14:19:00.636+0000] {logging_mixin.py:150} INFO - [2023-07-13T14:19:00.635+0000] {dag.py:3508} INFO - Setting next_dagrun for example_dynamic_task_mapping_with_no_taskflow_operators to 2023-07-12T14:19:00.635282+00:00, run_after=2023-07-13T14:19:00.635282+00:00
[2023-07-13T14:19:00.648+0000] {processor.py:179} INFO - Processing /home/airflow/.local/lib/python3.7/site-packages/airflow/example_dags/example_dynamic_task_mapping_with_no_taskflow_operators.py took 0.073 seconds
[2023-07-13T14:19:31.287+0000] {processor.py:157} INFO - Started process (PID=316) to work on /home/airflow/.local/lib/python3.7/site-packages/airflow/example_dags/example_dynamic_task_mapping_with_no_taskflow_operators.py
[2023-07-13T14:19:31.289+0000] {processor.py:826} INFO - Processing file /home/airflow/.local/lib/python3.7/site-packages/airflow/example_dags/example_dynamic_task_mapping_with_no_taskflow_operators.py for tasks to queue
[2023-07-13T14:19:31.290+0000] {logging_mixin.py:150} INFO - [2023-07-13T14:19:31.290+0000] {dagbag.py:541} INFO - Filling up the DagBag from /home/airflow/.local/lib/python3.7/site-packages/airflow/example_dags/example_dynamic_task_mapping_with_no_taskflow_operators.py
[2023-07-13T14:19:31.301+0000] {processor.py:836} INFO - DAG(s) dict_keys(['example_dynamic_task_mapping_with_no_taskflow_operators']) retrieved from /home/airflow/.local/lib/python3.7/site-packages/airflow/example_dags/example_dynamic_task_mapping_with_no_taskflow_operators.py
[2023-07-13T14:19:31.345+0000] {logging_mixin.py:150} INFO - [2023-07-13T14:19:31.345+0000] {dag.py:2742} INFO - Sync 1 DAGs
[2023-07-13T14:19:31.368+0000] {logging_mixin.py:150} INFO - [2023-07-13T14:19:31.367+0000] {dag.py:3508} INFO - Setting next_dagrun for example_dynamic_task_mapping_with_no_taskflow_operators to 2023-07-12T14:19:31.367509+00:00, run_after=2023-07-13T14:19:31.367509+00:00
[2023-07-13T14:19:31.381+0000] {processor.py:179} INFO - Processing /home/airflow/.local/lib/python3.7/site-packages/airflow/example_dags/example_dynamic_task_mapping_with_no_taskflow_operators.py took 0.099 seconds
[2023-07-13T14:20:01.691+0000] {processor.py:157} INFO - Started process (PID=373) to work on /home/airflow/.local/lib/python3.7/site-packages/airflow/example_dags/example_dynamic_task_mapping_with_no_taskflow_operators.py
[2023-07-13T14:20:01.693+0000] {processor.py:826} INFO - Processing file /home/airflow/.local/lib/python3.7/site-packages/airflow/example_dags/example_dynamic_task_mapping_with_no_taskflow_operators.py for tasks to queue
[2023-07-13T14:20:01.695+0000] {logging_mixin.py:150} INFO - [2023-07-13T14:20:01.694+0000] {dagbag.py:541} INFO - Filling up the DagBag from /home/airflow/.local/lib/python3.7/site-packages/airflow/example_dags/example_dynamic_task_mapping_with_no_taskflow_operators.py
[2023-07-13T14:20:01.706+0000] {processor.py:836} INFO - DAG(s) dict_keys(['example_dynamic_task_mapping_with_no_taskflow_operators']) retrieved from /home/airflow/.local/lib/python3.7/site-packages/airflow/example_dags/example_dynamic_task_mapping_with_no_taskflow_operators.py
[2023-07-13T14:20:01.731+0000] {logging_mixin.py:150} INFO - [2023-07-13T14:20:01.731+0000] {dag.py:2742} INFO - Sync 1 DAGs
[2023-07-13T14:20:01.779+0000] {logging_mixin.py:150} INFO - [2023-07-13T14:20:01.779+0000] {dag.py:3508} INFO - Setting next_dagrun for example_dynamic_task_mapping_with_no_taskflow_operators to 2023-07-12T14:20:01.778269+00:00, run_after=2023-07-13T14:20:01.778269+00:00
[2023-07-13T14:20:01.796+0000] {processor.py:179} INFO - Processing /home/airflow/.local/lib/python3.7/site-packages/airflow/example_dags/example_dynamic_task_mapping_with_no_taskflow_operators.py took 0.109 seconds
[2023-07-13T14:20:32.117+0000] {processor.py:157} INFO - Started process (PID=430) to work on /home/airflow/.local/lib/python3.7/site-packages/airflow/example_dags/example_dynamic_task_mapping_with_no_taskflow_operators.py
[2023-07-13T14:20:32.119+0000] {processor.py:826} INFO - Processing file /home/airflow/.local/lib/python3.7/site-packages/airflow/example_dags/example_dynamic_task_mapping_with_no_taskflow_operators.py for tasks to queue
[2023-07-13T14:20:32.121+0000] {logging_mixin.py:150} INFO - [2023-07-13T14:20:32.120+0000] {dagbag.py:541} INFO - Filling up the DagBag from /home/airflow/.local/lib/python3.7/site-packages/airflow/example_dags/example_dynamic_task_mapping_with_no_taskflow_operators.py
[2023-07-13T14:20:32.133+0000] {processor.py:836} INFO - DAG(s) dict_keys(['example_dynamic_task_mapping_with_no_taskflow_operators']) retrieved from /home/airflow/.local/lib/python3.7/site-packages/airflow/example_dags/example_dynamic_task_mapping_with_no_taskflow_operators.py
[2023-07-13T14:20:32.158+0000] {logging_mixin.py:150} INFO - [2023-07-13T14:20:32.157+0000] {dag.py:2742} INFO - Sync 1 DAGs
[2023-07-13T14:20:32.179+0000] {logging_mixin.py:150} INFO - [2023-07-13T14:20:32.179+0000] {dag.py:3508} INFO - Setting next_dagrun for example_dynamic_task_mapping_with_no_taskflow_operators to 2023-07-12T14:20:32.179094+00:00, run_after=2023-07-13T14:20:32.179094+00:00
[2023-07-13T14:20:32.202+0000] {processor.py:179} INFO - Processing /home/airflow/.local/lib/python3.7/site-packages/airflow/example_dags/example_dynamic_task_mapping_with_no_taskflow_operators.py took 0.090 seconds
[2023-07-13T14:21:02.737+0000] {processor.py:157} INFO - Started process (PID=486) to work on /home/airflow/.local/lib/python3.7/site-packages/airflow/example_dags/example_dynamic_task_mapping_with_no_taskflow_operators.py
[2023-07-13T14:21:02.740+0000] {processor.py:826} INFO - Processing file /home/airflow/.local/lib/python3.7/site-packages/airflow/example_dags/example_dynamic_task_mapping_with_no_taskflow_operators.py for tasks to queue
[2023-07-13T14:21:02.742+0000] {logging_mixin.py:150} INFO - [2023-07-13T14:21:02.741+0000] {dagbag.py:541} INFO - Filling up the DagBag from /home/airflow/.local/lib/python3.7/site-packages/airflow/example_dags/example_dynamic_task_mapping_with_no_taskflow_operators.py
[2023-07-13T14:21:02.761+0000] {processor.py:836} INFO - DAG(s) dict_keys(['example_dynamic_task_mapping_with_no_taskflow_operators']) retrieved from /home/airflow/.local/lib/python3.7/site-packages/airflow/example_dags/example_dynamic_task_mapping_with_no_taskflow_operators.py
[2023-07-13T14:21:02.794+0000] {logging_mixin.py:150} INFO - [2023-07-13T14:21:02.794+0000] {dag.py:2742} INFO - Sync 1 DAGs
[2023-07-13T14:21:02.822+0000] {logging_mixin.py:150} INFO - [2023-07-13T14:21:02.822+0000] {dag.py:3508} INFO - Setting next_dagrun for example_dynamic_task_mapping_with_no_taskflow_operators to 2023-07-12T14:21:02.821472+00:00, run_after=2023-07-13T14:21:02.821472+00:00
[2023-07-13T14:21:02.837+0000] {processor.py:179} INFO - Processing /home/airflow/.local/lib/python3.7/site-packages/airflow/example_dags/example_dynamic_task_mapping_with_no_taskflow_operators.py took 0.107 seconds
[2023-07-13T14:21:33.492+0000] {processor.py:157} INFO - Started process (PID=542) to work on /home/airflow/.local/lib/python3.7/site-packages/airflow/example_dags/example_dynamic_task_mapping_with_no_taskflow_operators.py
[2023-07-13T14:21:33.494+0000] {processor.py:826} INFO - Processing file /home/airflow/.local/lib/python3.7/site-packages/airflow/example_dags/example_dynamic_task_mapping_with_no_taskflow_operators.py for tasks to queue
[2023-07-13T14:21:33.496+0000] {logging_mixin.py:150} INFO - [2023-07-13T14:21:33.495+0000] {dagbag.py:541} INFO - Filling up the DagBag from /home/airflow/.local/lib/python3.7/site-packages/airflow/example_dags/example_dynamic_task_mapping_with_no_taskflow_operators.py
[2023-07-13T14:21:33.507+0000] {processor.py:836} INFO - DAG(s) dict_keys(['example_dynamic_task_mapping_with_no_taskflow_operators']) retrieved from /home/airflow/.local/lib/python3.7/site-packages/airflow/example_dags/example_dynamic_task_mapping_with_no_taskflow_operators.py
[2023-07-13T14:21:33.530+0000] {logging_mixin.py:150} INFO - [2023-07-13T14:21:33.530+0000] {dag.py:2742} INFO - Sync 1 DAGs
[2023-07-13T14:21:33.550+0000] {logging_mixin.py:150} INFO - [2023-07-13T14:21:33.550+0000] {dag.py:3508} INFO - Setting next_dagrun for example_dynamic_task_mapping_with_no_taskflow_operators to 2023-07-12T14:21:33.549702+00:00, run_after=2023-07-13T14:21:33.549702+00:00
[2023-07-13T14:21:33.564+0000] {processor.py:179} INFO - Processing /home/airflow/.local/lib/python3.7/site-packages/airflow/example_dags/example_dynamic_task_mapping_with_no_taskflow_operators.py took 0.079 seconds
[2023-07-13T14:22:04.302+0000] {processor.py:157} INFO - Started process (PID=599) to work on /home/airflow/.local/lib/python3.7/site-packages/airflow/example_dags/example_dynamic_task_mapping_with_no_taskflow_operators.py
[2023-07-13T14:22:04.306+0000] {processor.py:826} INFO - Processing file /home/airflow/.local/lib/python3.7/site-packages/airflow/example_dags/example_dynamic_task_mapping_with_no_taskflow_operators.py for tasks to queue
[2023-07-13T14:22:04.309+0000] {logging_mixin.py:150} INFO - [2023-07-13T14:22:04.308+0000] {dagbag.py:541} INFO - Filling up the DagBag from /home/airflow/.local/lib/python3.7/site-packages/airflow/example_dags/example_dynamic_task_mapping_with_no_taskflow_operators.py
[2023-07-13T14:22:04.341+0000] {processor.py:836} INFO - DAG(s) dict_keys(['example_dynamic_task_mapping_with_no_taskflow_operators']) retrieved from /home/airflow/.local/lib/python3.7/site-packages/airflow/example_dags/example_dynamic_task_mapping_with_no_taskflow_operators.py
[2023-07-13T14:22:04.410+0000] {logging_mixin.py:150} INFO - [2023-07-13T14:22:04.410+0000] {dag.py:2742} INFO - Sync 1 DAGs
[2023-07-13T14:22:04.448+0000] {logging_mixin.py:150} INFO - [2023-07-13T14:22:04.448+0000] {dag.py:3508} INFO - Setting next_dagrun for example_dynamic_task_mapping_with_no_taskflow_operators to 2023-07-12T14:22:04.447353+00:00, run_after=2023-07-13T14:22:04.447353+00:00
[2023-07-13T14:22:04.491+0000] {processor.py:179} INFO - Processing /home/airflow/.local/lib/python3.7/site-packages/airflow/example_dags/example_dynamic_task_mapping_with_no_taskflow_operators.py took 0.204 seconds
[2023-07-13T14:22:34.615+0000] {processor.py:157} INFO - Started process (PID=656) to work on /home/airflow/.local/lib/python3.7/site-packages/airflow/example_dags/example_dynamic_task_mapping_with_no_taskflow_operators.py
[2023-07-13T14:22:34.622+0000] {processor.py:826} INFO - Processing file /home/airflow/.local/lib/python3.7/site-packages/airflow/example_dags/example_dynamic_task_mapping_with_no_taskflow_operators.py for tasks to queue
[2023-07-13T14:22:34.625+0000] {logging_mixin.py:150} INFO - [2023-07-13T14:22:34.624+0000] {dagbag.py:541} INFO - Filling up the DagBag from /home/airflow/.local/lib/python3.7/site-packages/airflow/example_dags/example_dynamic_task_mapping_with_no_taskflow_operators.py
[2023-07-13T14:22:34.666+0000] {processor.py:836} INFO - DAG(s) dict_keys(['example_dynamic_task_mapping_with_no_taskflow_operators']) retrieved from /home/airflow/.local/lib/python3.7/site-packages/airflow/example_dags/example_dynamic_task_mapping_with_no_taskflow_operators.py
[2023-07-13T14:22:34.745+0000] {logging_mixin.py:150} INFO - [2023-07-13T14:22:34.745+0000] {dag.py:2742} INFO - Sync 1 DAGs
[2023-07-13T14:22:34.806+0000] {logging_mixin.py:150} INFO - [2023-07-13T14:22:34.806+0000] {dag.py:3508} INFO - Setting next_dagrun for example_dynamic_task_mapping_with_no_taskflow_operators to 2023-07-12T14:22:34.805364+00:00, run_after=2023-07-13T14:22:34.805364+00:00
[2023-07-13T14:22:34.829+0000] {processor.py:179} INFO - Processing /home/airflow/.local/lib/python3.7/site-packages/airflow/example_dags/example_dynamic_task_mapping_with_no_taskflow_operators.py took 0.252 seconds
[2023-07-13T14:23:05.392+0000] {processor.py:157} INFO - Started process (PID=714) to work on /home/airflow/.local/lib/python3.7/site-packages/airflow/example_dags/example_dynamic_task_mapping_with_no_taskflow_operators.py
[2023-07-13T14:23:05.394+0000] {processor.py:826} INFO - Processing file /home/airflow/.local/lib/python3.7/site-packages/airflow/example_dags/example_dynamic_task_mapping_with_no_taskflow_operators.py for tasks to queue
[2023-07-13T14:23:05.395+0000] {logging_mixin.py:150} INFO - [2023-07-13T14:23:05.395+0000] {dagbag.py:541} INFO - Filling up the DagBag from /home/airflow/.local/lib/python3.7/site-packages/airflow/example_dags/example_dynamic_task_mapping_with_no_taskflow_operators.py
[2023-07-13T14:23:05.427+0000] {processor.py:836} INFO - DAG(s) dict_keys(['example_dynamic_task_mapping_with_no_taskflow_operators']) retrieved from /home/airflow/.local/lib/python3.7/site-packages/airflow/example_dags/example_dynamic_task_mapping_with_no_taskflow_operators.py
[2023-07-13T14:23:05.488+0000] {logging_mixin.py:150} INFO - [2023-07-13T14:23:05.488+0000] {dag.py:2742} INFO - Sync 1 DAGs
[2023-07-13T14:23:05.523+0000] {logging_mixin.py:150} INFO - [2023-07-13T14:23:05.523+0000] {dag.py:3508} INFO - Setting next_dagrun for example_dynamic_task_mapping_with_no_taskflow_operators to 2023-07-12T14:23:05.523024+00:00, run_after=2023-07-13T14:23:05.523024+00:00
[2023-07-13T14:23:05.541+0000] {processor.py:179} INFO - Processing /home/airflow/.local/lib/python3.7/site-packages/airflow/example_dags/example_dynamic_task_mapping_with_no_taskflow_operators.py took 0.156 seconds
[2023-07-13T14:23:36.495+0000] {processor.py:157} INFO - Started process (PID=771) to work on /home/airflow/.local/lib/python3.7/site-packages/airflow/example_dags/example_dynamic_task_mapping_with_no_taskflow_operators.py
[2023-07-13T14:23:36.502+0000] {processor.py:826} INFO - Processing file /home/airflow/.local/lib/python3.7/site-packages/airflow/example_dags/example_dynamic_task_mapping_with_no_taskflow_operators.py for tasks to queue
[2023-07-13T14:23:36.508+0000] {logging_mixin.py:150} INFO - [2023-07-13T14:23:36.506+0000] {dagbag.py:541} INFO - Filling up the DagBag from /home/airflow/.local/lib/python3.7/site-packages/airflow/example_dags/example_dynamic_task_mapping_with_no_taskflow_operators.py
[2023-07-13T14:23:36.551+0000] {processor.py:836} INFO - DAG(s) dict_keys(['example_dynamic_task_mapping_with_no_taskflow_operators']) retrieved from /home/airflow/.local/lib/python3.7/site-packages/airflow/example_dags/example_dynamic_task_mapping_with_no_taskflow_operators.py
[2023-07-13T14:23:36.619+0000] {logging_mixin.py:150} INFO - [2023-07-13T14:23:36.619+0000] {dag.py:2742} INFO - Sync 1 DAGs
[2023-07-13T14:23:36.668+0000] {logging_mixin.py:150} INFO - [2023-07-13T14:23:36.668+0000] {dag.py:3508} INFO - Setting next_dagrun for example_dynamic_task_mapping_with_no_taskflow_operators to 2023-07-12T14:23:36.667286+00:00, run_after=2023-07-13T14:23:36.667286+00:00
[2023-07-13T14:23:36.690+0000] {processor.py:179} INFO - Processing /home/airflow/.local/lib/python3.7/site-packages/airflow/example_dags/example_dynamic_task_mapping_with_no_taskflow_operators.py took 0.204 seconds
[2023-07-13T14:24:07.371+0000] {processor.py:157} INFO - Started process (PID=829) to work on /home/airflow/.local/lib/python3.7/site-packages/airflow/example_dags/example_dynamic_task_mapping_with_no_taskflow_operators.py
[2023-07-13T14:24:07.374+0000] {processor.py:826} INFO - Processing file /home/airflow/.local/lib/python3.7/site-packages/airflow/example_dags/example_dynamic_task_mapping_with_no_taskflow_operators.py for tasks to queue
[2023-07-13T14:24:07.380+0000] {logging_mixin.py:150} INFO - [2023-07-13T14:24:07.379+0000] {dagbag.py:541} INFO - Filling up the DagBag from /home/airflow/.local/lib/python3.7/site-packages/airflow/example_dags/example_dynamic_task_mapping_with_no_taskflow_operators.py
[2023-07-13T14:24:07.418+0000] {processor.py:836} INFO - DAG(s) dict_keys(['example_dynamic_task_mapping_with_no_taskflow_operators']) retrieved from /home/airflow/.local/lib/python3.7/site-packages/airflow/example_dags/example_dynamic_task_mapping_with_no_taskflow_operators.py
[2023-07-13T14:24:07.481+0000] {logging_mixin.py:150} INFO - [2023-07-13T14:24:07.481+0000] {dag.py:2742} INFO - Sync 1 DAGs
[2023-07-13T14:24:07.512+0000] {logging_mixin.py:150} INFO - [2023-07-13T14:24:07.512+0000] {dag.py:3508} INFO - Setting next_dagrun for example_dynamic_task_mapping_with_no_taskflow_operators to 2023-07-12T14:24:07.511944+00:00, run_after=2023-07-13T14:24:07.511944+00:00
[2023-07-13T14:24:07.531+0000] {processor.py:179} INFO - Processing /home/airflow/.local/lib/python3.7/site-packages/airflow/example_dags/example_dynamic_task_mapping_with_no_taskflow_operators.py took 0.169 seconds
[2023-07-13T14:24:37.633+0000] {processor.py:157} INFO - Started process (PID=886) to work on /home/airflow/.local/lib/python3.7/site-packages/airflow/example_dags/example_dynamic_task_mapping_with_no_taskflow_operators.py
[2023-07-13T14:24:37.636+0000] {processor.py:826} INFO - Processing file /home/airflow/.local/lib/python3.7/site-packages/airflow/example_dags/example_dynamic_task_mapping_with_no_taskflow_operators.py for tasks to queue
[2023-07-13T14:24:37.640+0000] {logging_mixin.py:150} INFO - [2023-07-13T14:24:37.639+0000] {dagbag.py:541} INFO - Filling up the DagBag from /home/airflow/.local/lib/python3.7/site-packages/airflow/example_dags/example_dynamic_task_mapping_with_no_taskflow_operators.py
[2023-07-13T14:24:37.658+0000] {processor.py:836} INFO - DAG(s) dict_keys(['example_dynamic_task_mapping_with_no_taskflow_operators']) retrieved from /home/airflow/.local/lib/python3.7/site-packages/airflow/example_dags/example_dynamic_task_mapping_with_no_taskflow_operators.py
[2023-07-13T14:24:37.717+0000] {logging_mixin.py:150} INFO - [2023-07-13T14:24:37.716+0000] {dag.py:2742} INFO - Sync 1 DAGs
[2023-07-13T14:24:37.746+0000] {logging_mixin.py:150} INFO - [2023-07-13T14:24:37.746+0000] {dag.py:3508} INFO - Setting next_dagrun for example_dynamic_task_mapping_with_no_taskflow_operators to 2023-07-12T14:24:37.746123+00:00, run_after=2023-07-13T14:24:37.746123+00:00
[2023-07-13T14:24:37.762+0000] {processor.py:179} INFO - Processing /home/airflow/.local/lib/python3.7/site-packages/airflow/example_dags/example_dynamic_task_mapping_with_no_taskflow_operators.py took 0.135 seconds
[2023-07-13T14:25:08.597+0000] {processor.py:157} INFO - Started process (PID=942) to work on /home/airflow/.local/lib/python3.7/site-packages/airflow/example_dags/example_dynamic_task_mapping_with_no_taskflow_operators.py
[2023-07-13T14:25:08.601+0000] {processor.py:826} INFO - Processing file /home/airflow/.local/lib/python3.7/site-packages/airflow/example_dags/example_dynamic_task_mapping_with_no_taskflow_operators.py for tasks to queue
[2023-07-13T14:25:08.605+0000] {logging_mixin.py:150} INFO - [2023-07-13T14:25:08.604+0000] {dagbag.py:541} INFO - Filling up the DagBag from /home/airflow/.local/lib/python3.7/site-packages/airflow/example_dags/example_dynamic_task_mapping_with_no_taskflow_operators.py
[2023-07-13T14:25:08.628+0000] {processor.py:836} INFO - DAG(s) dict_keys(['example_dynamic_task_mapping_with_no_taskflow_operators']) retrieved from /home/airflow/.local/lib/python3.7/site-packages/airflow/example_dags/example_dynamic_task_mapping_with_no_taskflow_operators.py
[2023-07-13T14:25:08.717+0000] {logging_mixin.py:150} INFO - [2023-07-13T14:25:08.717+0000] {dag.py:2742} INFO - Sync 1 DAGs
[2023-07-13T14:25:08.868+0000] {logging_mixin.py:150} INFO - [2023-07-13T14:25:08.867+0000] {dag.py:3508} INFO - Setting next_dagrun for example_dynamic_task_mapping_with_no_taskflow_operators to 2023-07-12T14:25:08.866655+00:00, run_after=2023-07-13T14:25:08.866655+00:00
[2023-07-13T14:25:08.934+0000] {processor.py:179} INFO - Processing /home/airflow/.local/lib/python3.7/site-packages/airflow/example_dags/example_dynamic_task_mapping_with_no_taskflow_operators.py took 0.354 seconds
