[2023-07-13T14:17:03.163+0000] {processor.py:157} INFO - Started process (PID=63) to work on /home/airflow/.local/lib/python3.7/site-packages/airflow/example_dags/example_task_group.py
[2023-07-13T14:17:03.165+0000] {processor.py:826} INFO - Processing file /home/airflow/.local/lib/python3.7/site-packages/airflow/example_dags/example_task_group.py for tasks to queue
[2023-07-13T14:17:03.167+0000] {logging_mixin.py:150} INFO - [2023-07-13T14:17:03.167+0000] {dagbag.py:541} INFO - Filling up the DagBag from /home/airflow/.local/lib/python3.7/site-packages/airflow/example_dags/example_task_group.py
[2023-07-13T14:17:03.184+0000] {processor.py:836} INFO - DAG(s) dict_keys(['example_task_group']) retrieved from /home/airflow/.local/lib/python3.7/site-packages/airflow/example_dags/example_task_group.py
[2023-07-13T14:17:03.214+0000] {logging_mixin.py:150} INFO - [2023-07-13T14:17:03.214+0000] {dag.py:2742} INFO - Sync 1 DAGs
[2023-07-13T14:17:03.253+0000] {logging_mixin.py:150} INFO - [2023-07-13T14:17:03.253+0000] {dag.py:3508} INFO - Setting next_dagrun for example_task_group to 2023-07-12T14:17:03.252689+00:00, run_after=2023-07-13T14:17:03.252689+00:00
[2023-07-13T14:17:03.283+0000] {processor.py:179} INFO - Processing /home/airflow/.local/lib/python3.7/site-packages/airflow/example_dags/example_task_group.py took 0.124 seconds
[2023-07-13T14:17:33.943+0000] {processor.py:157} INFO - Started process (PID=119) to work on /home/airflow/.local/lib/python3.7/site-packages/airflow/example_dags/example_task_group.py
[2023-07-13T14:17:33.945+0000] {processor.py:826} INFO - Processing file /home/airflow/.local/lib/python3.7/site-packages/airflow/example_dags/example_task_group.py for tasks to queue
[2023-07-13T14:17:33.946+0000] {logging_mixin.py:150} INFO - [2023-07-13T14:17:33.945+0000] {dagbag.py:541} INFO - Filling up the DagBag from /home/airflow/.local/lib/python3.7/site-packages/airflow/example_dags/example_task_group.py
[2023-07-13T14:17:33.954+0000] {processor.py:836} INFO - DAG(s) dict_keys(['example_task_group']) retrieved from /home/airflow/.local/lib/python3.7/site-packages/airflow/example_dags/example_task_group.py
[2023-07-13T14:17:33.975+0000] {logging_mixin.py:150} INFO - [2023-07-13T14:17:33.975+0000] {dag.py:2742} INFO - Sync 1 DAGs
[2023-07-13T14:17:33.994+0000] {logging_mixin.py:150} INFO - [2023-07-13T14:17:33.994+0000] {dag.py:3508} INFO - Setting next_dagrun for example_task_group to 2023-07-12T14:17:33.994090+00:00, run_after=2023-07-13T14:17:33.994090+00:00
[2023-07-13T14:17:34.006+0000] {processor.py:179} INFO - Processing /home/airflow/.local/lib/python3.7/site-packages/airflow/example_dags/example_task_group.py took 0.067 seconds
[2023-07-13T14:18:04.361+0000] {processor.py:157} INFO - Started process (PID=176) to work on /home/airflow/.local/lib/python3.7/site-packages/airflow/example_dags/example_task_group.py
[2023-07-13T14:18:04.362+0000] {processor.py:826} INFO - Processing file /home/airflow/.local/lib/python3.7/site-packages/airflow/example_dags/example_task_group.py for tasks to queue
[2023-07-13T14:18:04.366+0000] {logging_mixin.py:150} INFO - [2023-07-13T14:18:04.366+0000] {dagbag.py:541} INFO - Filling up the DagBag from /home/airflow/.local/lib/python3.7/site-packages/airflow/example_dags/example_task_group.py
[2023-07-13T14:18:04.373+0000] {processor.py:836} INFO - DAG(s) dict_keys(['example_task_group']) retrieved from /home/airflow/.local/lib/python3.7/site-packages/airflow/example_dags/example_task_group.py
[2023-07-13T14:18:04.391+0000] {logging_mixin.py:150} INFO - [2023-07-13T14:18:04.391+0000] {dag.py:2742} INFO - Sync 1 DAGs
[2023-07-13T14:18:04.407+0000] {logging_mixin.py:150} INFO - [2023-07-13T14:18:04.407+0000] {dag.py:3508} INFO - Setting next_dagrun for example_task_group to 2023-07-12T14:18:04.407276+00:00, run_after=2023-07-13T14:18:04.407276+00:00
[2023-07-13T14:18:04.419+0000] {processor.py:179} INFO - Processing /home/airflow/.local/lib/python3.7/site-packages/airflow/example_dags/example_task_group.py took 0.061 seconds
[2023-07-13T14:18:34.476+0000] {processor.py:157} INFO - Started process (PID=233) to work on /home/airflow/.local/lib/python3.7/site-packages/airflow/example_dags/example_task_group.py
[2023-07-13T14:18:34.478+0000] {processor.py:826} INFO - Processing file /home/airflow/.local/lib/python3.7/site-packages/airflow/example_dags/example_task_group.py for tasks to queue
[2023-07-13T14:18:34.479+0000] {logging_mixin.py:150} INFO - [2023-07-13T14:18:34.479+0000] {dagbag.py:541} INFO - Filling up the DagBag from /home/airflow/.local/lib/python3.7/site-packages/airflow/example_dags/example_task_group.py
[2023-07-13T14:18:34.485+0000] {processor.py:836} INFO - DAG(s) dict_keys(['example_task_group']) retrieved from /home/airflow/.local/lib/python3.7/site-packages/airflow/example_dags/example_task_group.py
[2023-07-13T14:18:34.504+0000] {logging_mixin.py:150} INFO - [2023-07-13T14:18:34.504+0000] {dag.py:2742} INFO - Sync 1 DAGs
[2023-07-13T14:18:34.521+0000] {logging_mixin.py:150} INFO - [2023-07-13T14:18:34.521+0000] {dag.py:3508} INFO - Setting next_dagrun for example_task_group to 2023-07-12T14:18:34.521130+00:00, run_after=2023-07-13T14:18:34.521130+00:00
[2023-07-13T14:18:34.538+0000] {processor.py:179} INFO - Processing /home/airflow/.local/lib/python3.7/site-packages/airflow/example_dags/example_task_group.py took 0.064 seconds
[2023-07-13T14:19:05.283+0000] {processor.py:157} INFO - Started process (PID=289) to work on /home/airflow/.local/lib/python3.7/site-packages/airflow/example_dags/example_task_group.py
[2023-07-13T14:19:05.284+0000] {processor.py:826} INFO - Processing file /home/airflow/.local/lib/python3.7/site-packages/airflow/example_dags/example_task_group.py for tasks to queue
[2023-07-13T14:19:05.285+0000] {logging_mixin.py:150} INFO - [2023-07-13T14:19:05.285+0000] {dagbag.py:541} INFO - Filling up the DagBag from /home/airflow/.local/lib/python3.7/site-packages/airflow/example_dags/example_task_group.py
[2023-07-13T14:19:05.292+0000] {processor.py:836} INFO - DAG(s) dict_keys(['example_task_group']) retrieved from /home/airflow/.local/lib/python3.7/site-packages/airflow/example_dags/example_task_group.py
[2023-07-13T14:19:05.312+0000] {logging_mixin.py:150} INFO - [2023-07-13T14:19:05.311+0000] {dag.py:2742} INFO - Sync 1 DAGs
[2023-07-13T14:19:05.327+0000] {logging_mixin.py:150} INFO - [2023-07-13T14:19:05.327+0000] {dag.py:3508} INFO - Setting next_dagrun for example_task_group to 2023-07-12T14:19:05.327517+00:00, run_after=2023-07-13T14:19:05.327517+00:00
[2023-07-13T14:19:05.339+0000] {processor.py:179} INFO - Processing /home/airflow/.local/lib/python3.7/site-packages/airflow/example_dags/example_task_group.py took 0.059 seconds
[2023-07-13T14:19:35.701+0000] {processor.py:157} INFO - Started process (PID=346) to work on /home/airflow/.local/lib/python3.7/site-packages/airflow/example_dags/example_task_group.py
[2023-07-13T14:19:35.703+0000] {processor.py:826} INFO - Processing file /home/airflow/.local/lib/python3.7/site-packages/airflow/example_dags/example_task_group.py for tasks to queue
[2023-07-13T14:19:35.704+0000] {logging_mixin.py:150} INFO - [2023-07-13T14:19:35.703+0000] {dagbag.py:541} INFO - Filling up the DagBag from /home/airflow/.local/lib/python3.7/site-packages/airflow/example_dags/example_task_group.py
[2023-07-13T14:19:35.710+0000] {processor.py:836} INFO - DAG(s) dict_keys(['example_task_group']) retrieved from /home/airflow/.local/lib/python3.7/site-packages/airflow/example_dags/example_task_group.py
[2023-07-13T14:19:35.729+0000] {logging_mixin.py:150} INFO - [2023-07-13T14:19:35.729+0000] {dag.py:2742} INFO - Sync 1 DAGs
[2023-07-13T14:19:35.746+0000] {logging_mixin.py:150} INFO - [2023-07-13T14:19:35.746+0000] {dag.py:3508} INFO - Setting next_dagrun for example_task_group to 2023-07-12T14:19:35.745811+00:00, run_after=2023-07-13T14:19:35.745811+00:00
[2023-07-13T14:19:35.757+0000] {processor.py:179} INFO - Processing /home/airflow/.local/lib/python3.7/site-packages/airflow/example_dags/example_task_group.py took 0.058 seconds
[2023-07-13T14:20:06.108+0000] {processor.py:157} INFO - Started process (PID=403) to work on /home/airflow/.local/lib/python3.7/site-packages/airflow/example_dags/example_task_group.py
[2023-07-13T14:20:06.110+0000] {processor.py:826} INFO - Processing file /home/airflow/.local/lib/python3.7/site-packages/airflow/example_dags/example_task_group.py for tasks to queue
[2023-07-13T14:20:06.111+0000] {logging_mixin.py:150} INFO - [2023-07-13T14:20:06.110+0000] {dagbag.py:541} INFO - Filling up the DagBag from /home/airflow/.local/lib/python3.7/site-packages/airflow/example_dags/example_task_group.py
[2023-07-13T14:20:06.117+0000] {processor.py:836} INFO - DAG(s) dict_keys(['example_task_group']) retrieved from /home/airflow/.local/lib/python3.7/site-packages/airflow/example_dags/example_task_group.py
[2023-07-13T14:20:06.137+0000] {logging_mixin.py:150} INFO - [2023-07-13T14:20:06.137+0000] {dag.py:2742} INFO - Sync 1 DAGs
[2023-07-13T14:20:06.153+0000] {logging_mixin.py:150} INFO - [2023-07-13T14:20:06.153+0000] {dag.py:3508} INFO - Setting next_dagrun for example_task_group to 2023-07-12T14:20:06.153465+00:00, run_after=2023-07-13T14:20:06.153465+00:00
[2023-07-13T14:20:06.164+0000] {processor.py:179} INFO - Processing /home/airflow/.local/lib/python3.7/site-packages/airflow/example_dags/example_task_group.py took 0.059 seconds
[2023-07-13T14:20:36.737+0000] {processor.py:157} INFO - Started process (PID=460) to work on /home/airflow/.local/lib/python3.7/site-packages/airflow/example_dags/example_task_group.py
[2023-07-13T14:20:36.738+0000] {processor.py:826} INFO - Processing file /home/airflow/.local/lib/python3.7/site-packages/airflow/example_dags/example_task_group.py for tasks to queue
[2023-07-13T14:20:36.739+0000] {logging_mixin.py:150} INFO - [2023-07-13T14:20:36.739+0000] {dagbag.py:541} INFO - Filling up the DagBag from /home/airflow/.local/lib/python3.7/site-packages/airflow/example_dags/example_task_group.py
[2023-07-13T14:20:36.746+0000] {processor.py:836} INFO - DAG(s) dict_keys(['example_task_group']) retrieved from /home/airflow/.local/lib/python3.7/site-packages/airflow/example_dags/example_task_group.py
[2023-07-13T14:20:36.766+0000] {logging_mixin.py:150} INFO - [2023-07-13T14:20:36.766+0000] {dag.py:2742} INFO - Sync 1 DAGs
[2023-07-13T14:20:36.783+0000] {logging_mixin.py:150} INFO - [2023-07-13T14:20:36.783+0000] {dag.py:3508} INFO - Setting next_dagrun for example_task_group to 2023-07-12T14:20:36.782780+00:00, run_after=2023-07-13T14:20:36.782780+00:00
[2023-07-13T14:20:36.794+0000] {processor.py:179} INFO - Processing /home/airflow/.local/lib/python3.7/site-packages/airflow/example_dags/example_task_group.py took 0.060 seconds
[2023-07-13T14:21:07.449+0000] {processor.py:157} INFO - Started process (PID=516) to work on /home/airflow/.local/lib/python3.7/site-packages/airflow/example_dags/example_task_group.py
[2023-07-13T14:21:07.451+0000] {processor.py:826} INFO - Processing file /home/airflow/.local/lib/python3.7/site-packages/airflow/example_dags/example_task_group.py for tasks to queue
[2023-07-13T14:21:07.452+0000] {logging_mixin.py:150} INFO - [2023-07-13T14:21:07.452+0000] {dagbag.py:541} INFO - Filling up the DagBag from /home/airflow/.local/lib/python3.7/site-packages/airflow/example_dags/example_task_group.py
[2023-07-13T14:21:07.460+0000] {processor.py:836} INFO - DAG(s) dict_keys(['example_task_group']) retrieved from /home/airflow/.local/lib/python3.7/site-packages/airflow/example_dags/example_task_group.py
[2023-07-13T14:21:07.479+0000] {logging_mixin.py:150} INFO - [2023-07-13T14:21:07.478+0000] {dag.py:2742} INFO - Sync 1 DAGs
[2023-07-13T14:21:07.495+0000] {logging_mixin.py:150} INFO - [2023-07-13T14:21:07.495+0000] {dag.py:3508} INFO - Setting next_dagrun for example_task_group to 2023-07-12T14:21:07.495389+00:00, run_after=2023-07-13T14:21:07.495389+00:00
[2023-07-13T14:21:07.506+0000] {processor.py:179} INFO - Processing /home/airflow/.local/lib/python3.7/site-packages/airflow/example_dags/example_task_group.py took 0.060 seconds
[2023-07-13T14:21:37.935+0000] {processor.py:157} INFO - Started process (PID=572) to work on /home/airflow/.local/lib/python3.7/site-packages/airflow/example_dags/example_task_group.py
[2023-07-13T14:21:37.937+0000] {processor.py:826} INFO - Processing file /home/airflow/.local/lib/python3.7/site-packages/airflow/example_dags/example_task_group.py for tasks to queue
[2023-07-13T14:21:37.937+0000] {logging_mixin.py:150} INFO - [2023-07-13T14:21:37.937+0000] {dagbag.py:541} INFO - Filling up the DagBag from /home/airflow/.local/lib/python3.7/site-packages/airflow/example_dags/example_task_group.py
[2023-07-13T14:21:37.944+0000] {processor.py:836} INFO - DAG(s) dict_keys(['example_task_group']) retrieved from /home/airflow/.local/lib/python3.7/site-packages/airflow/example_dags/example_task_group.py
[2023-07-13T14:21:37.962+0000] {logging_mixin.py:150} INFO - [2023-07-13T14:21:37.962+0000] {dag.py:2742} INFO - Sync 1 DAGs
[2023-07-13T14:21:37.977+0000] {logging_mixin.py:150} INFO - [2023-07-13T14:21:37.977+0000] {dag.py:3508} INFO - Setting next_dagrun for example_task_group to 2023-07-12T14:21:37.977092+00:00, run_after=2023-07-13T14:21:37.977092+00:00
[2023-07-13T14:21:37.988+0000] {processor.py:179} INFO - Processing /home/airflow/.local/lib/python3.7/site-packages/airflow/example_dags/example_task_group.py took 0.056 seconds
[2023-07-13T14:22:09.181+0000] {processor.py:157} INFO - Started process (PID=629) to work on /home/airflow/.local/lib/python3.7/site-packages/airflow/example_dags/example_task_group.py
[2023-07-13T14:22:09.183+0000] {processor.py:826} INFO - Processing file /home/airflow/.local/lib/python3.7/site-packages/airflow/example_dags/example_task_group.py for tasks to queue
[2023-07-13T14:22:09.184+0000] {logging_mixin.py:150} INFO - [2023-07-13T14:22:09.184+0000] {dagbag.py:541} INFO - Filling up the DagBag from /home/airflow/.local/lib/python3.7/site-packages/airflow/example_dags/example_task_group.py
[2023-07-13T14:22:09.192+0000] {processor.py:836} INFO - DAG(s) dict_keys(['example_task_group']) retrieved from /home/airflow/.local/lib/python3.7/site-packages/airflow/example_dags/example_task_group.py
[2023-07-13T14:22:09.215+0000] {logging_mixin.py:150} INFO - [2023-07-13T14:22:09.215+0000] {dag.py:2742} INFO - Sync 1 DAGs
[2023-07-13T14:22:09.235+0000] {logging_mixin.py:150} INFO - [2023-07-13T14:22:09.235+0000] {dag.py:3508} INFO - Setting next_dagrun for example_task_group to 2023-07-12T14:22:09.235254+00:00, run_after=2023-07-13T14:22:09.235254+00:00
[2023-07-13T14:22:09.247+0000] {processor.py:179} INFO - Processing /home/airflow/.local/lib/python3.7/site-packages/airflow/example_dags/example_task_group.py took 0.073 seconds
[2023-07-13T14:22:40.907+0000] {processor.py:157} INFO - Started process (PID=686) to work on /home/airflow/.local/lib/python3.7/site-packages/airflow/example_dags/example_task_group.py
[2023-07-13T14:22:40.908+0000] {processor.py:826} INFO - Processing file /home/airflow/.local/lib/python3.7/site-packages/airflow/example_dags/example_task_group.py for tasks to queue
[2023-07-13T14:22:40.909+0000] {logging_mixin.py:150} INFO - [2023-07-13T14:22:40.909+0000] {dagbag.py:541} INFO - Filling up the DagBag from /home/airflow/.local/lib/python3.7/site-packages/airflow/example_dags/example_task_group.py
[2023-07-13T14:22:40.917+0000] {processor.py:836} INFO - DAG(s) dict_keys(['example_task_group']) retrieved from /home/airflow/.local/lib/python3.7/site-packages/airflow/example_dags/example_task_group.py
[2023-07-13T14:22:40.936+0000] {logging_mixin.py:150} INFO - [2023-07-13T14:22:40.936+0000] {dag.py:2742} INFO - Sync 1 DAGs
[2023-07-13T14:22:40.953+0000] {logging_mixin.py:150} INFO - [2023-07-13T14:22:40.953+0000] {dag.py:3508} INFO - Setting next_dagrun for example_task_group to 2023-07-12T14:22:40.953253+00:00, run_after=2023-07-13T14:22:40.953253+00:00
[2023-07-13T14:22:40.964+0000] {processor.py:179} INFO - Processing /home/airflow/.local/lib/python3.7/site-packages/airflow/example_dags/example_task_group.py took 0.061 seconds
[2023-07-13T14:23:12.244+0000] {processor.py:157} INFO - Started process (PID=744) to work on /home/airflow/.local/lib/python3.7/site-packages/airflow/example_dags/example_task_group.py
[2023-07-13T14:23:12.246+0000] {processor.py:826} INFO - Processing file /home/airflow/.local/lib/python3.7/site-packages/airflow/example_dags/example_task_group.py for tasks to queue
[2023-07-13T14:23:12.248+0000] {logging_mixin.py:150} INFO - [2023-07-13T14:23:12.248+0000] {dagbag.py:541} INFO - Filling up the DagBag from /home/airflow/.local/lib/python3.7/site-packages/airflow/example_dags/example_task_group.py
[2023-07-13T14:23:12.258+0000] {processor.py:836} INFO - DAG(s) dict_keys(['example_task_group']) retrieved from /home/airflow/.local/lib/python3.7/site-packages/airflow/example_dags/example_task_group.py
[2023-07-13T14:23:12.300+0000] {logging_mixin.py:150} INFO - [2023-07-13T14:23:12.300+0000] {dag.py:2742} INFO - Sync 1 DAGs
[2023-07-13T14:23:12.325+0000] {logging_mixin.py:150} INFO - [2023-07-13T14:23:12.325+0000] {dag.py:3508} INFO - Setting next_dagrun for example_task_group to 2023-07-12T14:23:12.325000+00:00, run_after=2023-07-13T14:23:12.325000+00:00
[2023-07-13T14:23:12.338+0000] {processor.py:179} INFO - Processing /home/airflow/.local/lib/python3.7/site-packages/airflow/example_dags/example_task_group.py took 0.098 seconds
[2023-07-13T14:23:47.204+0000] {processor.py:157} INFO - Started process (PID=801) to work on /home/airflow/.local/lib/python3.7/site-packages/airflow/example_dags/example_task_group.py
[2023-07-13T14:23:47.208+0000] {processor.py:826} INFO - Processing file /home/airflow/.local/lib/python3.7/site-packages/airflow/example_dags/example_task_group.py for tasks to queue
[2023-07-13T14:23:47.211+0000] {logging_mixin.py:150} INFO - [2023-07-13T14:23:47.210+0000] {dagbag.py:541} INFO - Filling up the DagBag from /home/airflow/.local/lib/python3.7/site-packages/airflow/example_dags/example_task_group.py
[2023-07-13T14:23:47.227+0000] {processor.py:836} INFO - DAG(s) dict_keys(['example_task_group']) retrieved from /home/airflow/.local/lib/python3.7/site-packages/airflow/example_dags/example_task_group.py
[2023-07-13T14:23:47.286+0000] {logging_mixin.py:150} INFO - [2023-07-13T14:23:47.286+0000] {dag.py:2742} INFO - Sync 1 DAGs
[2023-07-13T14:23:47.311+0000] {logging_mixin.py:150} INFO - [2023-07-13T14:23:47.311+0000] {dag.py:3508} INFO - Setting next_dagrun for example_task_group to 2023-07-12T14:23:47.310938+00:00, run_after=2023-07-13T14:23:47.310938+00:00
[2023-07-13T14:23:47.341+0000] {processor.py:179} INFO - Processing /home/airflow/.local/lib/python3.7/site-packages/airflow/example_dags/example_task_group.py took 0.165 seconds
[2023-07-13T14:24:17.933+0000] {processor.py:157} INFO - Started process (PID=859) to work on /home/airflow/.local/lib/python3.7/site-packages/airflow/example_dags/example_task_group.py
[2023-07-13T14:24:17.935+0000] {processor.py:826} INFO - Processing file /home/airflow/.local/lib/python3.7/site-packages/airflow/example_dags/example_task_group.py for tasks to queue
[2023-07-13T14:24:17.936+0000] {logging_mixin.py:150} INFO - [2023-07-13T14:24:17.936+0000] {dagbag.py:541} INFO - Filling up the DagBag from /home/airflow/.local/lib/python3.7/site-packages/airflow/example_dags/example_task_group.py
[2023-07-13T14:24:17.949+0000] {processor.py:836} INFO - DAG(s) dict_keys(['example_task_group']) retrieved from /home/airflow/.local/lib/python3.7/site-packages/airflow/example_dags/example_task_group.py
[2023-07-13T14:24:17.972+0000] {logging_mixin.py:150} INFO - [2023-07-13T14:24:17.972+0000] {dag.py:2742} INFO - Sync 1 DAGs
[2023-07-13T14:24:17.989+0000] {logging_mixin.py:150} INFO - [2023-07-13T14:24:17.989+0000] {dag.py:3508} INFO - Setting next_dagrun for example_task_group to 2023-07-12T14:24:17.988877+00:00, run_after=2023-07-13T14:24:17.988877+00:00
[2023-07-13T14:24:18.001+0000] {processor.py:179} INFO - Processing /home/airflow/.local/lib/python3.7/site-packages/airflow/example_dags/example_task_group.py took 0.073 seconds
[2023-07-13T14:24:49.030+0000] {processor.py:157} INFO - Started process (PID=916) to work on /home/airflow/.local/lib/python3.7/site-packages/airflow/example_dags/example_task_group.py
[2023-07-13T14:24:49.032+0000] {processor.py:826} INFO - Processing file /home/airflow/.local/lib/python3.7/site-packages/airflow/example_dags/example_task_group.py for tasks to queue
[2023-07-13T14:24:49.035+0000] {logging_mixin.py:150} INFO - [2023-07-13T14:24:49.035+0000] {dagbag.py:541} INFO - Filling up the DagBag from /home/airflow/.local/lib/python3.7/site-packages/airflow/example_dags/example_task_group.py
[2023-07-13T14:24:49.043+0000] {processor.py:836} INFO - DAG(s) dict_keys(['example_task_group']) retrieved from /home/airflow/.local/lib/python3.7/site-packages/airflow/example_dags/example_task_group.py
[2023-07-13T14:24:49.090+0000] {logging_mixin.py:150} INFO - [2023-07-13T14:24:49.090+0000] {dag.py:2742} INFO - Sync 1 DAGs
[2023-07-13T14:24:49.142+0000] {logging_mixin.py:150} INFO - [2023-07-13T14:24:49.142+0000] {dag.py:3508} INFO - Setting next_dagrun for example_task_group to 2023-07-12T14:24:49.142071+00:00, run_after=2023-07-13T14:24:49.142071+00:00
[2023-07-13T14:24:49.165+0000] {processor.py:179} INFO - Processing /home/airflow/.local/lib/python3.7/site-packages/airflow/example_dags/example_task_group.py took 0.139 seconds
[2023-07-13T14:25:20.070+0000] {processor.py:157} INFO - Started process (PID=972) to work on /home/airflow/.local/lib/python3.7/site-packages/airflow/example_dags/example_task_group.py
[2023-07-13T14:25:20.071+0000] {processor.py:826} INFO - Processing file /home/airflow/.local/lib/python3.7/site-packages/airflow/example_dags/example_task_group.py for tasks to queue
[2023-07-13T14:25:20.073+0000] {logging_mixin.py:150} INFO - [2023-07-13T14:25:20.072+0000] {dagbag.py:541} INFO - Filling up the DagBag from /home/airflow/.local/lib/python3.7/site-packages/airflow/example_dags/example_task_group.py
[2023-07-13T14:25:20.082+0000] {processor.py:836} INFO - DAG(s) dict_keys(['example_task_group']) retrieved from /home/airflow/.local/lib/python3.7/site-packages/airflow/example_dags/example_task_group.py
[2023-07-13T14:25:20.123+0000] {logging_mixin.py:150} INFO - [2023-07-13T14:25:20.122+0000] {dag.py:2742} INFO - Sync 1 DAGs
[2023-07-13T14:25:20.149+0000] {logging_mixin.py:150} INFO - [2023-07-13T14:25:20.149+0000] {dag.py:3508} INFO - Setting next_dagrun for example_task_group to 2023-07-12T14:25:20.149356+00:00, run_after=2023-07-13T14:25:20.149356+00:00
[2023-07-13T14:25:20.166+0000] {processor.py:179} INFO - Processing /home/airflow/.local/lib/python3.7/site-packages/airflow/example_dags/example_task_group.py took 0.099 seconds
