[2023-07-13T14:16:57.593+0000] {processor.py:157} INFO - Started process (PID=32) to work on /home/airflow/.local/lib/python3.7/site-packages/airflow/example_dags/example_sensor_decorator.py
[2023-07-13T14:16:57.597+0000] {processor.py:826} INFO - Processing file /home/airflow/.local/lib/python3.7/site-packages/airflow/example_dags/example_sensor_decorator.py for tasks to queue
[2023-07-13T14:16:57.612+0000] {logging_mixin.py:150} INFO - [2023-07-13T14:16:57.611+0000] {dagbag.py:541} INFO - Filling up the DagBag from /home/airflow/.local/lib/python3.7/site-packages/airflow/example_dags/example_sensor_decorator.py
[2023-07-13T14:16:57.720+0000] {processor.py:836} INFO - DAG(s) dict_keys(['example_sensor_decorator']) retrieved from /home/airflow/.local/lib/python3.7/site-packages/airflow/example_dags/example_sensor_decorator.py
[2023-07-13T14:16:57.799+0000] {logging_mixin.py:150} INFO - [2023-07-13T14:16:57.798+0000] {dag.py:2742} INFO - Sync 1 DAGs
[2023-07-13T14:16:57.824+0000] {logging_mixin.py:150} INFO - [2023-07-13T14:16:57.824+0000] {dag.py:3508} INFO - Setting next_dagrun for example_sensor_decorator to None, run_after=None
[2023-07-13T14:16:57.851+0000] {processor.py:179} INFO - Processing /home/airflow/.local/lib/python3.7/site-packages/airflow/example_dags/example_sensor_decorator.py took 0.273 seconds
[2023-07-13T14:17:28.237+0000] {processor.py:157} INFO - Started process (PID=88) to work on /home/airflow/.local/lib/python3.7/site-packages/airflow/example_dags/example_sensor_decorator.py
[2023-07-13T14:17:28.239+0000] {processor.py:826} INFO - Processing file /home/airflow/.local/lib/python3.7/site-packages/airflow/example_dags/example_sensor_decorator.py for tasks to queue
[2023-07-13T14:17:28.242+0000] {logging_mixin.py:150} INFO - [2023-07-13T14:17:28.242+0000] {dagbag.py:541} INFO - Filling up the DagBag from /home/airflow/.local/lib/python3.7/site-packages/airflow/example_dags/example_sensor_decorator.py
[2023-07-13T14:17:28.262+0000] {processor.py:836} INFO - DAG(s) dict_keys(['example_sensor_decorator']) retrieved from /home/airflow/.local/lib/python3.7/site-packages/airflow/example_dags/example_sensor_decorator.py
[2023-07-13T14:17:28.348+0000] {logging_mixin.py:150} INFO - [2023-07-13T14:17:28.348+0000] {dag.py:2742} INFO - Sync 1 DAGs
[2023-07-13T14:17:28.423+0000] {logging_mixin.py:150} INFO - [2023-07-13T14:17:28.423+0000] {dag.py:3508} INFO - Setting next_dagrun for example_sensor_decorator to None, run_after=None
[2023-07-13T14:17:28.474+0000] {processor.py:179} INFO - Processing /home/airflow/.local/lib/python3.7/site-packages/airflow/example_dags/example_sensor_decorator.py took 0.247 seconds
[2023-07-13T14:17:59.365+0000] {processor.py:157} INFO - Started process (PID=145) to work on /home/airflow/.local/lib/python3.7/site-packages/airflow/example_dags/example_sensor_decorator.py
[2023-07-13T14:17:59.367+0000] {processor.py:826} INFO - Processing file /home/airflow/.local/lib/python3.7/site-packages/airflow/example_dags/example_sensor_decorator.py for tasks to queue
[2023-07-13T14:17:59.369+0000] {logging_mixin.py:150} INFO - [2023-07-13T14:17:59.369+0000] {dagbag.py:541} INFO - Filling up the DagBag from /home/airflow/.local/lib/python3.7/site-packages/airflow/example_dags/example_sensor_decorator.py
[2023-07-13T14:17:59.385+0000] {processor.py:836} INFO - DAG(s) dict_keys(['example_sensor_decorator']) retrieved from /home/airflow/.local/lib/python3.7/site-packages/airflow/example_dags/example_sensor_decorator.py
[2023-07-13T14:17:59.422+0000] {logging_mixin.py:150} INFO - [2023-07-13T14:17:59.422+0000] {dag.py:2742} INFO - Sync 1 DAGs
[2023-07-13T14:17:59.444+0000] {logging_mixin.py:150} INFO - [2023-07-13T14:17:59.444+0000] {dag.py:3508} INFO - Setting next_dagrun for example_sensor_decorator to None, run_after=None
[2023-07-13T14:17:59.458+0000] {processor.py:179} INFO - Processing /home/airflow/.local/lib/python3.7/site-packages/airflow/example_dags/example_sensor_decorator.py took 0.101 seconds
[2023-07-13T14:18:29.832+0000] {processor.py:157} INFO - Started process (PID=202) to work on /home/airflow/.local/lib/python3.7/site-packages/airflow/example_dags/example_sensor_decorator.py
[2023-07-13T14:18:29.835+0000] {processor.py:826} INFO - Processing file /home/airflow/.local/lib/python3.7/site-packages/airflow/example_dags/example_sensor_decorator.py for tasks to queue
[2023-07-13T14:18:29.837+0000] {logging_mixin.py:150} INFO - [2023-07-13T14:18:29.836+0000] {dagbag.py:541} INFO - Filling up the DagBag from /home/airflow/.local/lib/python3.7/site-packages/airflow/example_dags/example_sensor_decorator.py
[2023-07-13T14:18:29.850+0000] {processor.py:836} INFO - DAG(s) dict_keys(['example_sensor_decorator']) retrieved from /home/airflow/.local/lib/python3.7/site-packages/airflow/example_dags/example_sensor_decorator.py
[2023-07-13T14:18:29.895+0000] {logging_mixin.py:150} INFO - [2023-07-13T14:18:29.895+0000] {dag.py:2742} INFO - Sync 1 DAGs
[2023-07-13T14:18:29.919+0000] {logging_mixin.py:150} INFO - [2023-07-13T14:18:29.919+0000] {dag.py:3508} INFO - Setting next_dagrun for example_sensor_decorator to None, run_after=None
[2023-07-13T14:18:29.934+0000] {processor.py:179} INFO - Processing /home/airflow/.local/lib/python3.7/site-packages/airflow/example_dags/example_sensor_decorator.py took 0.110 seconds
[2023-07-13T14:19:00.572+0000] {processor.py:157} INFO - Started process (PID=258) to work on /home/airflow/.local/lib/python3.7/site-packages/airflow/example_dags/example_sensor_decorator.py
[2023-07-13T14:19:00.575+0000] {processor.py:826} INFO - Processing file /home/airflow/.local/lib/python3.7/site-packages/airflow/example_dags/example_sensor_decorator.py for tasks to queue
[2023-07-13T14:19:00.577+0000] {logging_mixin.py:150} INFO - [2023-07-13T14:19:00.576+0000] {dagbag.py:541} INFO - Filling up the DagBag from /home/airflow/.local/lib/python3.7/site-packages/airflow/example_dags/example_sensor_decorator.py
[2023-07-13T14:19:00.590+0000] {processor.py:836} INFO - DAG(s) dict_keys(['example_sensor_decorator']) retrieved from /home/airflow/.local/lib/python3.7/site-packages/airflow/example_dags/example_sensor_decorator.py
[2023-07-13T14:19:00.616+0000] {logging_mixin.py:150} INFO - [2023-07-13T14:19:00.616+0000] {dag.py:2742} INFO - Sync 1 DAGs
[2023-07-13T14:19:00.635+0000] {logging_mixin.py:150} INFO - [2023-07-13T14:19:00.635+0000] {dag.py:3508} INFO - Setting next_dagrun for example_sensor_decorator to None, run_after=None
[2023-07-13T14:19:00.648+0000] {processor.py:179} INFO - Processing /home/airflow/.local/lib/python3.7/site-packages/airflow/example_dags/example_sensor_decorator.py took 0.084 seconds
[2023-07-13T14:19:31.285+0000] {processor.py:157} INFO - Started process (PID=315) to work on /home/airflow/.local/lib/python3.7/site-packages/airflow/example_dags/example_sensor_decorator.py
[2023-07-13T14:19:31.287+0000] {processor.py:826} INFO - Processing file /home/airflow/.local/lib/python3.7/site-packages/airflow/example_dags/example_sensor_decorator.py for tasks to queue
[2023-07-13T14:19:31.289+0000] {logging_mixin.py:150} INFO - [2023-07-13T14:19:31.289+0000] {dagbag.py:541} INFO - Filling up the DagBag from /home/airflow/.local/lib/python3.7/site-packages/airflow/example_dags/example_sensor_decorator.py
[2023-07-13T14:19:31.300+0000] {processor.py:836} INFO - DAG(s) dict_keys(['example_sensor_decorator']) retrieved from /home/airflow/.local/lib/python3.7/site-packages/airflow/example_dags/example_sensor_decorator.py
[2023-07-13T14:19:31.345+0000] {logging_mixin.py:150} INFO - [2023-07-13T14:19:31.345+0000] {dag.py:2742} INFO - Sync 1 DAGs
[2023-07-13T14:19:31.367+0000] {logging_mixin.py:150} INFO - [2023-07-13T14:19:31.367+0000] {dag.py:3508} INFO - Setting next_dagrun for example_sensor_decorator to None, run_after=None
[2023-07-13T14:19:31.381+0000] {processor.py:179} INFO - Processing /home/airflow/.local/lib/python3.7/site-packages/airflow/example_dags/example_sensor_decorator.py took 0.105 seconds
[2023-07-13T14:20:01.686+0000] {processor.py:157} INFO - Started process (PID=372) to work on /home/airflow/.local/lib/python3.7/site-packages/airflow/example_dags/example_sensor_decorator.py
[2023-07-13T14:20:01.689+0000] {processor.py:826} INFO - Processing file /home/airflow/.local/lib/python3.7/site-packages/airflow/example_dags/example_sensor_decorator.py for tasks to queue
[2023-07-13T14:20:01.691+0000] {logging_mixin.py:150} INFO - [2023-07-13T14:20:01.690+0000] {dagbag.py:541} INFO - Filling up the DagBag from /home/airflow/.local/lib/python3.7/site-packages/airflow/example_dags/example_sensor_decorator.py
[2023-07-13T14:20:01.704+0000] {processor.py:836} INFO - DAG(s) dict_keys(['example_sensor_decorator']) retrieved from /home/airflow/.local/lib/python3.7/site-packages/airflow/example_dags/example_sensor_decorator.py
[2023-07-13T14:20:01.731+0000] {logging_mixin.py:150} INFO - [2023-07-13T14:20:01.731+0000] {dag.py:2742} INFO - Sync 1 DAGs
[2023-07-13T14:20:01.778+0000] {logging_mixin.py:150} INFO - [2023-07-13T14:20:01.778+0000] {dag.py:3508} INFO - Setting next_dagrun for example_sensor_decorator to None, run_after=None
[2023-07-13T14:20:01.796+0000] {processor.py:179} INFO - Processing /home/airflow/.local/lib/python3.7/site-packages/airflow/example_dags/example_sensor_decorator.py took 0.117 seconds
[2023-07-13T14:20:32.108+0000] {processor.py:157} INFO - Started process (PID=429) to work on /home/airflow/.local/lib/python3.7/site-packages/airflow/example_dags/example_sensor_decorator.py
[2023-07-13T14:20:32.111+0000] {processor.py:826} INFO - Processing file /home/airflow/.local/lib/python3.7/site-packages/airflow/example_dags/example_sensor_decorator.py for tasks to queue
[2023-07-13T14:20:32.113+0000] {logging_mixin.py:150} INFO - [2023-07-13T14:20:32.112+0000] {dagbag.py:541} INFO - Filling up the DagBag from /home/airflow/.local/lib/python3.7/site-packages/airflow/example_dags/example_sensor_decorator.py
[2023-07-13T14:20:32.127+0000] {processor.py:836} INFO - DAG(s) dict_keys(['example_sensor_decorator']) retrieved from /home/airflow/.local/lib/python3.7/site-packages/airflow/example_dags/example_sensor_decorator.py
[2023-07-13T14:20:32.158+0000] {logging_mixin.py:150} INFO - [2023-07-13T14:20:32.157+0000] {dag.py:2742} INFO - Sync 1 DAGs
[2023-07-13T14:20:32.179+0000] {logging_mixin.py:150} INFO - [2023-07-13T14:20:32.179+0000] {dag.py:3508} INFO - Setting next_dagrun for example_sensor_decorator to None, run_after=None
[2023-07-13T14:20:32.202+0000] {processor.py:179} INFO - Processing /home/airflow/.local/lib/python3.7/site-packages/airflow/example_dags/example_sensor_decorator.py took 0.102 seconds
[2023-07-13T14:21:02.733+0000] {processor.py:157} INFO - Started process (PID=485) to work on /home/airflow/.local/lib/python3.7/site-packages/airflow/example_dags/example_sensor_decorator.py
[2023-07-13T14:21:02.737+0000] {processor.py:826} INFO - Processing file /home/airflow/.local/lib/python3.7/site-packages/airflow/example_dags/example_sensor_decorator.py for tasks to queue
[2023-07-13T14:21:02.741+0000] {logging_mixin.py:150} INFO - [2023-07-13T14:21:02.740+0000] {dagbag.py:541} INFO - Filling up the DagBag from /home/airflow/.local/lib/python3.7/site-packages/airflow/example_dags/example_sensor_decorator.py
[2023-07-13T14:21:02.761+0000] {processor.py:836} INFO - DAG(s) dict_keys(['example_sensor_decorator']) retrieved from /home/airflow/.local/lib/python3.7/site-packages/airflow/example_dags/example_sensor_decorator.py
[2023-07-13T14:21:02.794+0000] {logging_mixin.py:150} INFO - [2023-07-13T14:21:02.794+0000] {dag.py:2742} INFO - Sync 1 DAGs
[2023-07-13T14:21:02.821+0000] {logging_mixin.py:150} INFO - [2023-07-13T14:21:02.821+0000] {dag.py:3508} INFO - Setting next_dagrun for example_sensor_decorator to None, run_after=None
[2023-07-13T14:21:02.837+0000] {processor.py:179} INFO - Processing /home/airflow/.local/lib/python3.7/site-packages/airflow/example_dags/example_sensor_decorator.py took 0.114 seconds
[2023-07-13T14:21:33.480+0000] {processor.py:157} INFO - Started process (PID=541) to work on /home/airflow/.local/lib/python3.7/site-packages/airflow/example_dags/example_sensor_decorator.py
[2023-07-13T14:21:33.483+0000] {processor.py:826} INFO - Processing file /home/airflow/.local/lib/python3.7/site-packages/airflow/example_dags/example_sensor_decorator.py for tasks to queue
[2023-07-13T14:21:33.488+0000] {logging_mixin.py:150} INFO - [2023-07-13T14:21:33.487+0000] {dagbag.py:541} INFO - Filling up the DagBag from /home/airflow/.local/lib/python3.7/site-packages/airflow/example_dags/example_sensor_decorator.py
[2023-07-13T14:21:33.502+0000] {processor.py:836} INFO - DAG(s) dict_keys(['example_sensor_decorator']) retrieved from /home/airflow/.local/lib/python3.7/site-packages/airflow/example_dags/example_sensor_decorator.py
[2023-07-13T14:21:33.530+0000] {logging_mixin.py:150} INFO - [2023-07-13T14:21:33.530+0000] {dag.py:2742} INFO - Sync 1 DAGs
[2023-07-13T14:21:33.549+0000] {logging_mixin.py:150} INFO - [2023-07-13T14:21:33.549+0000] {dag.py:3508} INFO - Setting next_dagrun for example_sensor_decorator to None, run_after=None
[2023-07-13T14:21:33.564+0000] {processor.py:179} INFO - Processing /home/airflow/.local/lib/python3.7/site-packages/airflow/example_dags/example_sensor_decorator.py took 0.093 seconds
[2023-07-13T14:22:04.259+0000] {processor.py:157} INFO - Started process (PID=598) to work on /home/airflow/.local/lib/python3.7/site-packages/airflow/example_dags/example_sensor_decorator.py
[2023-07-13T14:22:04.264+0000] {processor.py:826} INFO - Processing file /home/airflow/.local/lib/python3.7/site-packages/airflow/example_dags/example_sensor_decorator.py for tasks to queue
[2023-07-13T14:22:04.267+0000] {logging_mixin.py:150} INFO - [2023-07-13T14:22:04.267+0000] {dagbag.py:541} INFO - Filling up the DagBag from /home/airflow/.local/lib/python3.7/site-packages/airflow/example_dags/example_sensor_decorator.py
[2023-07-13T14:22:04.304+0000] {processor.py:836} INFO - DAG(s) dict_keys(['example_sensor_decorator']) retrieved from /home/airflow/.local/lib/python3.7/site-packages/airflow/example_dags/example_sensor_decorator.py
[2023-07-13T14:22:04.375+0000] {logging_mixin.py:150} INFO - [2023-07-13T14:22:04.375+0000] {dag.py:2742} INFO - Sync 1 DAGs
[2023-07-13T14:22:04.429+0000] {logging_mixin.py:150} INFO - [2023-07-13T14:22:04.428+0000] {dag.py:3508} INFO - Setting next_dagrun for example_sensor_decorator to None, run_after=None
[2023-07-13T14:22:04.461+0000] {processor.py:179} INFO - Processing /home/airflow/.local/lib/python3.7/site-packages/airflow/example_dags/example_sensor_decorator.py took 0.213 seconds
[2023-07-13T14:22:34.616+0000] {processor.py:157} INFO - Started process (PID=655) to work on /home/airflow/.local/lib/python3.7/site-packages/airflow/example_dags/example_sensor_decorator.py
[2023-07-13T14:22:34.622+0000] {processor.py:826} INFO - Processing file /home/airflow/.local/lib/python3.7/site-packages/airflow/example_dags/example_sensor_decorator.py for tasks to queue
[2023-07-13T14:22:34.625+0000] {logging_mixin.py:150} INFO - [2023-07-13T14:22:34.624+0000] {dagbag.py:541} INFO - Filling up the DagBag from /home/airflow/.local/lib/python3.7/site-packages/airflow/example_dags/example_sensor_decorator.py
[2023-07-13T14:22:34.654+0000] {processor.py:836} INFO - DAG(s) dict_keys(['example_sensor_decorator']) retrieved from /home/airflow/.local/lib/python3.7/site-packages/airflow/example_dags/example_sensor_decorator.py
[2023-07-13T14:22:34.745+0000] {logging_mixin.py:150} INFO - [2023-07-13T14:22:34.745+0000] {dag.py:2742} INFO - Sync 1 DAGs
[2023-07-13T14:22:34.806+0000] {logging_mixin.py:150} INFO - [2023-07-13T14:22:34.806+0000] {dag.py:3508} INFO - Setting next_dagrun for example_sensor_decorator to None, run_after=None
[2023-07-13T14:22:34.829+0000] {processor.py:179} INFO - Processing /home/airflow/.local/lib/python3.7/site-packages/airflow/example_dags/example_sensor_decorator.py took 0.252 seconds
[2023-07-13T14:23:05.388+0000] {processor.py:157} INFO - Started process (PID=713) to work on /home/airflow/.local/lib/python3.7/site-packages/airflow/example_dags/example_sensor_decorator.py
[2023-07-13T14:23:05.391+0000] {processor.py:826} INFO - Processing file /home/airflow/.local/lib/python3.7/site-packages/airflow/example_dags/example_sensor_decorator.py for tasks to queue
[2023-07-13T14:23:05.394+0000] {logging_mixin.py:150} INFO - [2023-07-13T14:23:05.393+0000] {dagbag.py:541} INFO - Filling up the DagBag from /home/airflow/.local/lib/python3.7/site-packages/airflow/example_dags/example_sensor_decorator.py
[2023-07-13T14:23:05.424+0000] {processor.py:836} INFO - DAG(s) dict_keys(['example_sensor_decorator']) retrieved from /home/airflow/.local/lib/python3.7/site-packages/airflow/example_dags/example_sensor_decorator.py
[2023-07-13T14:23:05.488+0000] {logging_mixin.py:150} INFO - [2023-07-13T14:23:05.488+0000] {dag.py:2742} INFO - Sync 1 DAGs
[2023-07-13T14:23:05.523+0000] {logging_mixin.py:150} INFO - [2023-07-13T14:23:05.522+0000] {dag.py:3508} INFO - Setting next_dagrun for example_sensor_decorator to None, run_after=None
[2023-07-13T14:23:05.541+0000] {processor.py:179} INFO - Processing /home/airflow/.local/lib/python3.7/site-packages/airflow/example_dags/example_sensor_decorator.py took 0.164 seconds
[2023-07-13T14:23:36.495+0000] {processor.py:157} INFO - Started process (PID=770) to work on /home/airflow/.local/lib/python3.7/site-packages/airflow/example_dags/example_sensor_decorator.py
[2023-07-13T14:23:36.502+0000] {processor.py:826} INFO - Processing file /home/airflow/.local/lib/python3.7/site-packages/airflow/example_dags/example_sensor_decorator.py for tasks to queue
[2023-07-13T14:23:36.509+0000] {logging_mixin.py:150} INFO - [2023-07-13T14:23:36.506+0000] {dagbag.py:541} INFO - Filling up the DagBag from /home/airflow/.local/lib/python3.7/site-packages/airflow/example_dags/example_sensor_decorator.py
[2023-07-13T14:23:36.546+0000] {processor.py:836} INFO - DAG(s) dict_keys(['example_sensor_decorator']) retrieved from /home/airflow/.local/lib/python3.7/site-packages/airflow/example_dags/example_sensor_decorator.py
[2023-07-13T14:23:36.619+0000] {logging_mixin.py:150} INFO - [2023-07-13T14:23:36.619+0000] {dag.py:2742} INFO - Sync 1 DAGs
[2023-07-13T14:23:36.667+0000] {logging_mixin.py:150} INFO - [2023-07-13T14:23:36.666+0000] {dag.py:3508} INFO - Setting next_dagrun for example_sensor_decorator to None, run_after=None
[2023-07-13T14:23:36.690+0000] {processor.py:179} INFO - Processing /home/airflow/.local/lib/python3.7/site-packages/airflow/example_dags/example_sensor_decorator.py took 0.209 seconds
[2023-07-13T14:24:07.371+0000] {processor.py:157} INFO - Started process (PID=828) to work on /home/airflow/.local/lib/python3.7/site-packages/airflow/example_dags/example_sensor_decorator.py
[2023-07-13T14:24:07.375+0000] {processor.py:826} INFO - Processing file /home/airflow/.local/lib/python3.7/site-packages/airflow/example_dags/example_sensor_decorator.py for tasks to queue
[2023-07-13T14:24:07.380+0000] {logging_mixin.py:150} INFO - [2023-07-13T14:24:07.377+0000] {dagbag.py:541} INFO - Filling up the DagBag from /home/airflow/.local/lib/python3.7/site-packages/airflow/example_dags/example_sensor_decorator.py
[2023-07-13T14:24:07.415+0000] {processor.py:836} INFO - DAG(s) dict_keys(['example_sensor_decorator']) retrieved from /home/airflow/.local/lib/python3.7/site-packages/airflow/example_dags/example_sensor_decorator.py
[2023-07-13T14:24:07.481+0000] {logging_mixin.py:150} INFO - [2023-07-13T14:24:07.481+0000] {dag.py:2742} INFO - Sync 1 DAGs
[2023-07-13T14:24:07.511+0000] {logging_mixin.py:150} INFO - [2023-07-13T14:24:07.511+0000] {dag.py:3508} INFO - Setting next_dagrun for example_sensor_decorator to None, run_after=None
[2023-07-13T14:24:07.531+0000] {processor.py:179} INFO - Processing /home/airflow/.local/lib/python3.7/site-packages/airflow/example_dags/example_sensor_decorator.py took 0.169 seconds
[2023-07-13T14:24:37.632+0000] {processor.py:157} INFO - Started process (PID=885) to work on /home/airflow/.local/lib/python3.7/site-packages/airflow/example_dags/example_sensor_decorator.py
[2023-07-13T14:24:37.636+0000] {processor.py:826} INFO - Processing file /home/airflow/.local/lib/python3.7/site-packages/airflow/example_dags/example_sensor_decorator.py for tasks to queue
[2023-07-13T14:24:37.639+0000] {logging_mixin.py:150} INFO - [2023-07-13T14:24:37.639+0000] {dagbag.py:541} INFO - Filling up the DagBag from /home/airflow/.local/lib/python3.7/site-packages/airflow/example_dags/example_sensor_decorator.py
[2023-07-13T14:24:37.654+0000] {processor.py:836} INFO - DAG(s) dict_keys(['example_sensor_decorator']) retrieved from /home/airflow/.local/lib/python3.7/site-packages/airflow/example_dags/example_sensor_decorator.py
[2023-07-13T14:24:37.717+0000] {logging_mixin.py:150} INFO - [2023-07-13T14:24:37.716+0000] {dag.py:2742} INFO - Sync 1 DAGs
[2023-07-13T14:24:37.746+0000] {logging_mixin.py:150} INFO - [2023-07-13T14:24:37.746+0000] {dag.py:3508} INFO - Setting next_dagrun for example_sensor_decorator to None, run_after=None
[2023-07-13T14:24:37.762+0000] {processor.py:179} INFO - Processing /home/airflow/.local/lib/python3.7/site-packages/airflow/example_dags/example_sensor_decorator.py took 0.143 seconds
[2023-07-13T14:25:08.591+0000] {processor.py:157} INFO - Started process (PID=941) to work on /home/airflow/.local/lib/python3.7/site-packages/airflow/example_dags/example_sensor_decorator.py
[2023-07-13T14:25:08.599+0000] {processor.py:826} INFO - Processing file /home/airflow/.local/lib/python3.7/site-packages/airflow/example_dags/example_sensor_decorator.py for tasks to queue
[2023-07-13T14:25:08.605+0000] {logging_mixin.py:150} INFO - [2023-07-13T14:25:08.602+0000] {dagbag.py:541} INFO - Filling up the DagBag from /home/airflow/.local/lib/python3.7/site-packages/airflow/example_dags/example_sensor_decorator.py
[2023-07-13T14:25:08.624+0000] {processor.py:836} INFO - DAG(s) dict_keys(['example_sensor_decorator']) retrieved from /home/airflow/.local/lib/python3.7/site-packages/airflow/example_dags/example_sensor_decorator.py
[2023-07-13T14:25:08.718+0000] {logging_mixin.py:150} INFO - [2023-07-13T14:25:08.718+0000] {dag.py:2742} INFO - Sync 1 DAGs
[2023-07-13T14:25:08.863+0000] {logging_mixin.py:150} INFO - [2023-07-13T14:25:08.862+0000] {dag.py:3508} INFO - Setting next_dagrun for example_sensor_decorator to None, run_after=None
[2023-07-13T14:25:08.922+0000] {processor.py:179} INFO - Processing /home/airflow/.local/lib/python3.7/site-packages/airflow/example_dags/example_sensor_decorator.py took 0.351 seconds
