[2023-07-13T14:17:03.619+0000] {processor.py:157} INFO - Started process (PID=67) to work on /home/airflow/.local/lib/python3.7/site-packages/airflow/example_dags/example_branch_python_dop_operator_3.py
[2023-07-13T14:17:03.621+0000] {processor.py:826} INFO - Processing file /home/airflow/.local/lib/python3.7/site-packages/airflow/example_dags/example_branch_python_dop_operator_3.py for tasks to queue
[2023-07-13T14:17:03.622+0000] {logging_mixin.py:150} INFO - [2023-07-13T14:17:03.621+0000] {dagbag.py:541} INFO - Filling up the DagBag from /home/airflow/.local/lib/python3.7/site-packages/airflow/example_dags/example_branch_python_dop_operator_3.py
[2023-07-13T14:17:03.632+0000] {processor.py:836} INFO - DAG(s) dict_keys(['example_branch_dop_operator_v3']) retrieved from /home/airflow/.local/lib/python3.7/site-packages/airflow/example_dags/example_branch_python_dop_operator_3.py
[2023-07-13T14:17:03.697+0000] {logging_mixin.py:150} INFO - [2023-07-13T14:17:03.696+0000] {dag.py:2742} INFO - Sync 1 DAGs
[2023-07-13T14:17:03.771+0000] {logging_mixin.py:150} INFO - [2023-07-13T14:17:03.771+0000] {dag.py:3508} INFO - Setting next_dagrun for example_branch_dop_operator_v3 to 2023-07-13T14:16:00+00:00, run_after=2023-07-13T14:17:00+00:00
[2023-07-13T14:17:03.795+0000] {processor.py:179} INFO - Processing /home/airflow/.local/lib/python3.7/site-packages/airflow/example_dags/example_branch_python_dop_operator_3.py took 0.179 seconds
[2023-07-13T14:17:34.343+0000] {processor.py:157} INFO - Started process (PID=123) to work on /home/airflow/.local/lib/python3.7/site-packages/airflow/example_dags/example_branch_python_dop_operator_3.py
[2023-07-13T14:17:34.345+0000] {processor.py:826} INFO - Processing file /home/airflow/.local/lib/python3.7/site-packages/airflow/example_dags/example_branch_python_dop_operator_3.py for tasks to queue
[2023-07-13T14:17:34.347+0000] {logging_mixin.py:150} INFO - [2023-07-13T14:17:34.347+0000] {dagbag.py:541} INFO - Filling up the DagBag from /home/airflow/.local/lib/python3.7/site-packages/airflow/example_dags/example_branch_python_dop_operator_3.py
[2023-07-13T14:17:34.364+0000] {processor.py:836} INFO - DAG(s) dict_keys(['example_branch_dop_operator_v3']) retrieved from /home/airflow/.local/lib/python3.7/site-packages/airflow/example_dags/example_branch_python_dop_operator_3.py
[2023-07-13T14:17:34.392+0000] {logging_mixin.py:150} INFO - [2023-07-13T14:17:34.392+0000] {dag.py:2742} INFO - Sync 1 DAGs
[2023-07-13T14:17:34.420+0000] {logging_mixin.py:150} INFO - [2023-07-13T14:17:34.420+0000] {dag.py:3508} INFO - Setting next_dagrun for example_branch_dop_operator_v3 to 2023-07-13T14:16:00+00:00, run_after=2023-07-13T14:17:00+00:00
[2023-07-13T14:17:34.445+0000] {processor.py:179} INFO - Processing /home/airflow/.local/lib/python3.7/site-packages/airflow/example_dags/example_branch_python_dop_operator_3.py took 0.114 seconds
[2023-07-13T14:18:04.522+0000] {processor.py:157} INFO - Started process (PID=180) to work on /home/airflow/.local/lib/python3.7/site-packages/airflow/example_dags/example_branch_python_dop_operator_3.py
[2023-07-13T14:18:04.523+0000] {processor.py:826} INFO - Processing file /home/airflow/.local/lib/python3.7/site-packages/airflow/example_dags/example_branch_python_dop_operator_3.py for tasks to queue
[2023-07-13T14:18:04.524+0000] {logging_mixin.py:150} INFO - [2023-07-13T14:18:04.524+0000] {dagbag.py:541} INFO - Filling up the DagBag from /home/airflow/.local/lib/python3.7/site-packages/airflow/example_dags/example_branch_python_dop_operator_3.py
[2023-07-13T14:18:04.532+0000] {processor.py:836} INFO - DAG(s) dict_keys(['example_branch_dop_operator_v3']) retrieved from /home/airflow/.local/lib/python3.7/site-packages/airflow/example_dags/example_branch_python_dop_operator_3.py
[2023-07-13T14:18:04.553+0000] {logging_mixin.py:150} INFO - [2023-07-13T14:18:04.553+0000] {dag.py:2742} INFO - Sync 1 DAGs
[2023-07-13T14:18:04.584+0000] {logging_mixin.py:150} INFO - [2023-07-13T14:18:04.584+0000] {dag.py:3508} INFO - Setting next_dagrun for example_branch_dop_operator_v3 to 2023-07-13T14:17:00+00:00, run_after=2023-07-13T14:18:00+00:00
[2023-07-13T14:18:04.597+0000] {processor.py:179} INFO - Processing /home/airflow/.local/lib/python3.7/site-packages/airflow/example_dags/example_branch_python_dop_operator_3.py took 0.078 seconds
[2023-07-13T14:18:34.634+0000] {processor.py:157} INFO - Started process (PID=236) to work on /home/airflow/.local/lib/python3.7/site-packages/airflow/example_dags/example_branch_python_dop_operator_3.py
[2023-07-13T14:18:34.635+0000] {processor.py:826} INFO - Processing file /home/airflow/.local/lib/python3.7/site-packages/airflow/example_dags/example_branch_python_dop_operator_3.py for tasks to queue
[2023-07-13T14:18:34.636+0000] {logging_mixin.py:150} INFO - [2023-07-13T14:18:34.636+0000] {dagbag.py:541} INFO - Filling up the DagBag from /home/airflow/.local/lib/python3.7/site-packages/airflow/example_dags/example_branch_python_dop_operator_3.py
[2023-07-13T14:18:34.642+0000] {processor.py:836} INFO - DAG(s) dict_keys(['example_branch_dop_operator_v3']) retrieved from /home/airflow/.local/lib/python3.7/site-packages/airflow/example_dags/example_branch_python_dop_operator_3.py
[2023-07-13T14:18:34.660+0000] {logging_mixin.py:150} INFO - [2023-07-13T14:18:34.660+0000] {dag.py:2742} INFO - Sync 1 DAGs
[2023-07-13T14:18:34.677+0000] {logging_mixin.py:150} INFO - [2023-07-13T14:18:34.677+0000] {dag.py:3508} INFO - Setting next_dagrun for example_branch_dop_operator_v3 to 2023-07-13T14:17:00+00:00, run_after=2023-07-13T14:18:00+00:00
[2023-07-13T14:18:34.687+0000] {processor.py:179} INFO - Processing /home/airflow/.local/lib/python3.7/site-packages/airflow/example_dags/example_branch_python_dop_operator_3.py took 0.056 seconds
[2023-07-13T14:19:05.468+0000] {processor.py:157} INFO - Started process (PID=293) to work on /home/airflow/.local/lib/python3.7/site-packages/airflow/example_dags/example_branch_python_dop_operator_3.py
[2023-07-13T14:19:05.469+0000] {processor.py:826} INFO - Processing file /home/airflow/.local/lib/python3.7/site-packages/airflow/example_dags/example_branch_python_dop_operator_3.py for tasks to queue
[2023-07-13T14:19:05.470+0000] {logging_mixin.py:150} INFO - [2023-07-13T14:19:05.470+0000] {dagbag.py:541} INFO - Filling up the DagBag from /home/airflow/.local/lib/python3.7/site-packages/airflow/example_dags/example_branch_python_dop_operator_3.py
[2023-07-13T14:19:05.477+0000] {processor.py:836} INFO - DAG(s) dict_keys(['example_branch_dop_operator_v3']) retrieved from /home/airflow/.local/lib/python3.7/site-packages/airflow/example_dags/example_branch_python_dop_operator_3.py
[2023-07-13T14:19:05.497+0000] {logging_mixin.py:150} INFO - [2023-07-13T14:19:05.497+0000] {dag.py:2742} INFO - Sync 1 DAGs
[2023-07-13T14:19:05.516+0000] {logging_mixin.py:150} INFO - [2023-07-13T14:19:05.516+0000] {dag.py:3508} INFO - Setting next_dagrun for example_branch_dop_operator_v3 to 2023-07-13T14:18:00+00:00, run_after=2023-07-13T14:19:00+00:00
[2023-07-13T14:19:05.528+0000] {processor.py:179} INFO - Processing /home/airflow/.local/lib/python3.7/site-packages/airflow/example_dags/example_branch_python_dop_operator_3.py took 0.063 seconds
[2023-07-13T14:19:35.885+0000] {processor.py:157} INFO - Started process (PID=350) to work on /home/airflow/.local/lib/python3.7/site-packages/airflow/example_dags/example_branch_python_dop_operator_3.py
[2023-07-13T14:19:35.888+0000] {processor.py:826} INFO - Processing file /home/airflow/.local/lib/python3.7/site-packages/airflow/example_dags/example_branch_python_dop_operator_3.py for tasks to queue
[2023-07-13T14:19:35.890+0000] {logging_mixin.py:150} INFO - [2023-07-13T14:19:35.890+0000] {dagbag.py:541} INFO - Filling up the DagBag from /home/airflow/.local/lib/python3.7/site-packages/airflow/example_dags/example_branch_python_dop_operator_3.py
[2023-07-13T14:19:35.897+0000] {processor.py:836} INFO - DAG(s) dict_keys(['example_branch_dop_operator_v3']) retrieved from /home/airflow/.local/lib/python3.7/site-packages/airflow/example_dags/example_branch_python_dop_operator_3.py
[2023-07-13T14:19:35.918+0000] {logging_mixin.py:150} INFO - [2023-07-13T14:19:35.917+0000] {dag.py:2742} INFO - Sync 1 DAGs
[2023-07-13T14:19:35.938+0000] {logging_mixin.py:150} INFO - [2023-07-13T14:19:35.938+0000] {dag.py:3508} INFO - Setting next_dagrun for example_branch_dop_operator_v3 to 2023-07-13T14:18:00+00:00, run_after=2023-07-13T14:19:00+00:00
[2023-07-13T14:19:35.949+0000] {processor.py:179} INFO - Processing /home/airflow/.local/lib/python3.7/site-packages/airflow/example_dags/example_branch_python_dop_operator_3.py took 0.067 seconds
[2023-07-13T14:20:06.292+0000] {processor.py:157} INFO - Started process (PID=407) to work on /home/airflow/.local/lib/python3.7/site-packages/airflow/example_dags/example_branch_python_dop_operator_3.py
[2023-07-13T14:20:06.293+0000] {processor.py:826} INFO - Processing file /home/airflow/.local/lib/python3.7/site-packages/airflow/example_dags/example_branch_python_dop_operator_3.py for tasks to queue
[2023-07-13T14:20:06.294+0000] {logging_mixin.py:150} INFO - [2023-07-13T14:20:06.294+0000] {dagbag.py:541} INFO - Filling up the DagBag from /home/airflow/.local/lib/python3.7/site-packages/airflow/example_dags/example_branch_python_dop_operator_3.py
[2023-07-13T14:20:06.301+0000] {processor.py:836} INFO - DAG(s) dict_keys(['example_branch_dop_operator_v3']) retrieved from /home/airflow/.local/lib/python3.7/site-packages/airflow/example_dags/example_branch_python_dop_operator_3.py
[2023-07-13T14:20:06.320+0000] {logging_mixin.py:150} INFO - [2023-07-13T14:20:06.320+0000] {dag.py:2742} INFO - Sync 1 DAGs
[2023-07-13T14:20:06.341+0000] {logging_mixin.py:150} INFO - [2023-07-13T14:20:06.341+0000] {dag.py:3508} INFO - Setting next_dagrun for example_branch_dop_operator_v3 to 2023-07-13T14:19:00+00:00, run_after=2023-07-13T14:20:00+00:00
[2023-07-13T14:20:06.352+0000] {processor.py:179} INFO - Processing /home/airflow/.local/lib/python3.7/site-packages/airflow/example_dags/example_branch_python_dop_operator_3.py took 0.064 seconds
[2023-07-13T14:20:36.928+0000] {processor.py:157} INFO - Started process (PID=464) to work on /home/airflow/.local/lib/python3.7/site-packages/airflow/example_dags/example_branch_python_dop_operator_3.py
[2023-07-13T14:20:36.929+0000] {processor.py:826} INFO - Processing file /home/airflow/.local/lib/python3.7/site-packages/airflow/example_dags/example_branch_python_dop_operator_3.py for tasks to queue
[2023-07-13T14:20:36.930+0000] {logging_mixin.py:150} INFO - [2023-07-13T14:20:36.929+0000] {dagbag.py:541} INFO - Filling up the DagBag from /home/airflow/.local/lib/python3.7/site-packages/airflow/example_dags/example_branch_python_dop_operator_3.py
[2023-07-13T14:20:36.937+0000] {processor.py:836} INFO - DAG(s) dict_keys(['example_branch_dop_operator_v3']) retrieved from /home/airflow/.local/lib/python3.7/site-packages/airflow/example_dags/example_branch_python_dop_operator_3.py
[2023-07-13T14:20:36.956+0000] {logging_mixin.py:150} INFO - [2023-07-13T14:20:36.956+0000] {dag.py:2742} INFO - Sync 1 DAGs
[2023-07-13T14:20:36.975+0000] {logging_mixin.py:150} INFO - [2023-07-13T14:20:36.975+0000] {dag.py:3508} INFO - Setting next_dagrun for example_branch_dop_operator_v3 to 2023-07-13T14:19:00+00:00, run_after=2023-07-13T14:20:00+00:00
[2023-07-13T14:20:36.986+0000] {processor.py:179} INFO - Processing /home/airflow/.local/lib/python3.7/site-packages/airflow/example_dags/example_branch_python_dop_operator_3.py took 0.062 seconds
[2023-07-13T14:21:07.695+0000] {processor.py:157} INFO - Started process (PID=520) to work on /home/airflow/.local/lib/python3.7/site-packages/airflow/example_dags/example_branch_python_dop_operator_3.py
[2023-07-13T14:21:07.697+0000] {processor.py:826} INFO - Processing file /home/airflow/.local/lib/python3.7/site-packages/airflow/example_dags/example_branch_python_dop_operator_3.py for tasks to queue
[2023-07-13T14:21:07.698+0000] {logging_mixin.py:150} INFO - [2023-07-13T14:21:07.697+0000] {dagbag.py:541} INFO - Filling up the DagBag from /home/airflow/.local/lib/python3.7/site-packages/airflow/example_dags/example_branch_python_dop_operator_3.py
[2023-07-13T14:21:07.705+0000] {processor.py:836} INFO - DAG(s) dict_keys(['example_branch_dop_operator_v3']) retrieved from /home/airflow/.local/lib/python3.7/site-packages/airflow/example_dags/example_branch_python_dop_operator_3.py
[2023-07-13T14:21:07.726+0000] {logging_mixin.py:150} INFO - [2023-07-13T14:21:07.726+0000] {dag.py:2742} INFO - Sync 1 DAGs
[2023-07-13T14:21:07.747+0000] {logging_mixin.py:150} INFO - [2023-07-13T14:21:07.746+0000] {dag.py:3508} INFO - Setting next_dagrun for example_branch_dop_operator_v3 to 2023-07-13T14:20:00+00:00, run_after=2023-07-13T14:21:00+00:00
[2023-07-13T14:21:07.761+0000] {processor.py:179} INFO - Processing /home/airflow/.local/lib/python3.7/site-packages/airflow/example_dags/example_branch_python_dop_operator_3.py took 0.069 seconds
[2023-07-13T14:21:38.168+0000] {processor.py:157} INFO - Started process (PID=576) to work on /home/airflow/.local/lib/python3.7/site-packages/airflow/example_dags/example_branch_python_dop_operator_3.py
[2023-07-13T14:21:38.169+0000] {processor.py:826} INFO - Processing file /home/airflow/.local/lib/python3.7/site-packages/airflow/example_dags/example_branch_python_dop_operator_3.py for tasks to queue
[2023-07-13T14:21:38.170+0000] {logging_mixin.py:150} INFO - [2023-07-13T14:21:38.170+0000] {dagbag.py:541} INFO - Filling up the DagBag from /home/airflow/.local/lib/python3.7/site-packages/airflow/example_dags/example_branch_python_dop_operator_3.py
[2023-07-13T14:21:38.177+0000] {processor.py:836} INFO - DAG(s) dict_keys(['example_branch_dop_operator_v3']) retrieved from /home/airflow/.local/lib/python3.7/site-packages/airflow/example_dags/example_branch_python_dop_operator_3.py
[2023-07-13T14:21:38.196+0000] {logging_mixin.py:150} INFO - [2023-07-13T14:21:38.195+0000] {dag.py:2742} INFO - Sync 1 DAGs
[2023-07-13T14:21:38.215+0000] {logging_mixin.py:150} INFO - [2023-07-13T14:21:38.215+0000] {dag.py:3508} INFO - Setting next_dagrun for example_branch_dop_operator_v3 to 2023-07-13T14:20:00+00:00, run_after=2023-07-13T14:21:00+00:00
[2023-07-13T14:21:38.234+0000] {processor.py:179} INFO - Processing /home/airflow/.local/lib/python3.7/site-packages/airflow/example_dags/example_branch_python_dop_operator_3.py took 0.069 seconds
[2023-07-13T14:22:09.587+0000] {processor.py:157} INFO - Started process (PID=633) to work on /home/airflow/.local/lib/python3.7/site-packages/airflow/example_dags/example_branch_python_dop_operator_3.py
[2023-07-13T14:22:09.589+0000] {processor.py:826} INFO - Processing file /home/airflow/.local/lib/python3.7/site-packages/airflow/example_dags/example_branch_python_dop_operator_3.py for tasks to queue
[2023-07-13T14:22:09.590+0000] {logging_mixin.py:150} INFO - [2023-07-13T14:22:09.590+0000] {dagbag.py:541} INFO - Filling up the DagBag from /home/airflow/.local/lib/python3.7/site-packages/airflow/example_dags/example_branch_python_dop_operator_3.py
[2023-07-13T14:22:09.598+0000] {processor.py:836} INFO - DAG(s) dict_keys(['example_branch_dop_operator_v3']) retrieved from /home/airflow/.local/lib/python3.7/site-packages/airflow/example_dags/example_branch_python_dop_operator_3.py
[2023-07-13T14:22:09.640+0000] {logging_mixin.py:150} INFO - [2023-07-13T14:22:09.640+0000] {dag.py:2742} INFO - Sync 1 DAGs
[2023-07-13T14:22:09.662+0000] {logging_mixin.py:150} INFO - [2023-07-13T14:22:09.662+0000] {dag.py:3508} INFO - Setting next_dagrun for example_branch_dop_operator_v3 to 2023-07-13T14:21:00+00:00, run_after=2023-07-13T14:22:00+00:00
[2023-07-13T14:22:09.693+0000] {processor.py:179} INFO - Processing /home/airflow/.local/lib/python3.7/site-packages/airflow/example_dags/example_branch_python_dop_operator_3.py took 0.108 seconds
[2023-07-13T14:22:41.156+0000] {processor.py:157} INFO - Started process (PID=690) to work on /home/airflow/.local/lib/python3.7/site-packages/airflow/example_dags/example_branch_python_dop_operator_3.py
[2023-07-13T14:22:41.158+0000] {processor.py:826} INFO - Processing file /home/airflow/.local/lib/python3.7/site-packages/airflow/example_dags/example_branch_python_dop_operator_3.py for tasks to queue
[2023-07-13T14:22:41.159+0000] {logging_mixin.py:150} INFO - [2023-07-13T14:22:41.159+0000] {dagbag.py:541} INFO - Filling up the DagBag from /home/airflow/.local/lib/python3.7/site-packages/airflow/example_dags/example_branch_python_dop_operator_3.py
[2023-07-13T14:22:41.170+0000] {processor.py:836} INFO - DAG(s) dict_keys(['example_branch_dop_operator_v3']) retrieved from /home/airflow/.local/lib/python3.7/site-packages/airflow/example_dags/example_branch_python_dop_operator_3.py
[2023-07-13T14:22:41.211+0000] {logging_mixin.py:150} INFO - [2023-07-13T14:22:41.211+0000] {dag.py:2742} INFO - Sync 1 DAGs
[2023-07-13T14:22:41.232+0000] {logging_mixin.py:150} INFO - [2023-07-13T14:22:41.232+0000] {dag.py:3508} INFO - Setting next_dagrun for example_branch_dop_operator_v3 to 2023-07-13T14:21:00+00:00, run_after=2023-07-13T14:22:00+00:00
[2023-07-13T14:22:41.244+0000] {processor.py:179} INFO - Processing /home/airflow/.local/lib/python3.7/site-packages/airflow/example_dags/example_branch_python_dop_operator_3.py took 0.093 seconds
[2023-07-13T14:23:12.551+0000] {processor.py:157} INFO - Started process (PID=748) to work on /home/airflow/.local/lib/python3.7/site-packages/airflow/example_dags/example_branch_python_dop_operator_3.py
[2023-07-13T14:23:12.553+0000] {processor.py:826} INFO - Processing file /home/airflow/.local/lib/python3.7/site-packages/airflow/example_dags/example_branch_python_dop_operator_3.py for tasks to queue
[2023-07-13T14:23:12.554+0000] {logging_mixin.py:150} INFO - [2023-07-13T14:23:12.554+0000] {dagbag.py:541} INFO - Filling up the DagBag from /home/airflow/.local/lib/python3.7/site-packages/airflow/example_dags/example_branch_python_dop_operator_3.py
[2023-07-13T14:23:12.562+0000] {processor.py:836} INFO - DAG(s) dict_keys(['example_branch_dop_operator_v3']) retrieved from /home/airflow/.local/lib/python3.7/site-packages/airflow/example_dags/example_branch_python_dop_operator_3.py
[2023-07-13T14:23:12.587+0000] {logging_mixin.py:150} INFO - [2023-07-13T14:23:12.587+0000] {dag.py:2742} INFO - Sync 1 DAGs
[2023-07-13T14:23:12.609+0000] {logging_mixin.py:150} INFO - [2023-07-13T14:23:12.609+0000] {dag.py:3508} INFO - Setting next_dagrun for example_branch_dop_operator_v3 to 2023-07-13T14:22:00+00:00, run_after=2023-07-13T14:23:00+00:00
[2023-07-13T14:23:12.623+0000] {processor.py:179} INFO - Processing /home/airflow/.local/lib/python3.7/site-packages/airflow/example_dags/example_branch_python_dop_operator_3.py took 0.075 seconds
[2023-07-13T14:23:48.276+0000] {processor.py:157} INFO - Started process (PID=805) to work on /home/airflow/.local/lib/python3.7/site-packages/airflow/example_dags/example_branch_python_dop_operator_3.py
[2023-07-13T14:23:48.278+0000] {processor.py:826} INFO - Processing file /home/airflow/.local/lib/python3.7/site-packages/airflow/example_dags/example_branch_python_dop_operator_3.py for tasks to queue
[2023-07-13T14:23:48.280+0000] {logging_mixin.py:150} INFO - [2023-07-13T14:23:48.279+0000] {dagbag.py:541} INFO - Filling up the DagBag from /home/airflow/.local/lib/python3.7/site-packages/airflow/example_dags/example_branch_python_dop_operator_3.py
[2023-07-13T14:23:48.313+0000] {processor.py:836} INFO - DAG(s) dict_keys(['example_branch_dop_operator_v3']) retrieved from /home/airflow/.local/lib/python3.7/site-packages/airflow/example_dags/example_branch_python_dop_operator_3.py
[2023-07-13T14:23:48.360+0000] {logging_mixin.py:150} INFO - [2023-07-13T14:23:48.360+0000] {dag.py:2742} INFO - Sync 1 DAGs
[2023-07-13T14:23:48.391+0000] {logging_mixin.py:150} INFO - [2023-07-13T14:23:48.390+0000] {dag.py:3508} INFO - Setting next_dagrun for example_branch_dop_operator_v3 to 2023-07-13T14:22:00+00:00, run_after=2023-07-13T14:23:00+00:00
[2023-07-13T14:23:48.410+0000] {processor.py:179} INFO - Processing /home/airflow/.local/lib/python3.7/site-packages/airflow/example_dags/example_branch_python_dop_operator_3.py took 0.141 seconds
[2023-07-13T14:24:19.260+0000] {processor.py:157} INFO - Started process (PID=863) to work on /home/airflow/.local/lib/python3.7/site-packages/airflow/example_dags/example_branch_python_dop_operator_3.py
[2023-07-13T14:24:19.262+0000] {processor.py:826} INFO - Processing file /home/airflow/.local/lib/python3.7/site-packages/airflow/example_dags/example_branch_python_dop_operator_3.py for tasks to queue
[2023-07-13T14:24:19.264+0000] {logging_mixin.py:150} INFO - [2023-07-13T14:24:19.264+0000] {dagbag.py:541} INFO - Filling up the DagBag from /home/airflow/.local/lib/python3.7/site-packages/airflow/example_dags/example_branch_python_dop_operator_3.py
[2023-07-13T14:24:19.273+0000] {processor.py:836} INFO - DAG(s) dict_keys(['example_branch_dop_operator_v3']) retrieved from /home/airflow/.local/lib/python3.7/site-packages/airflow/example_dags/example_branch_python_dop_operator_3.py
[2023-07-13T14:24:19.296+0000] {logging_mixin.py:150} INFO - [2023-07-13T14:24:19.296+0000] {dag.py:2742} INFO - Sync 1 DAGs
[2023-07-13T14:24:19.324+0000] {logging_mixin.py:150} INFO - [2023-07-13T14:24:19.324+0000] {dag.py:3508} INFO - Setting next_dagrun for example_branch_dop_operator_v3 to 2023-07-13T14:23:00+00:00, run_after=2023-07-13T14:24:00+00:00
[2023-07-13T14:24:19.340+0000] {processor.py:179} INFO - Processing /home/airflow/.local/lib/python3.7/site-packages/airflow/example_dags/example_branch_python_dop_operator_3.py took 0.086 seconds
[2023-07-13T14:24:49.776+0000] {processor.py:157} INFO - Started process (PID=920) to work on /home/airflow/.local/lib/python3.7/site-packages/airflow/example_dags/example_branch_python_dop_operator_3.py
[2023-07-13T14:24:49.780+0000] {processor.py:826} INFO - Processing file /home/airflow/.local/lib/python3.7/site-packages/airflow/example_dags/example_branch_python_dop_operator_3.py for tasks to queue
[2023-07-13T14:24:49.784+0000] {logging_mixin.py:150} INFO - [2023-07-13T14:24:49.783+0000] {dagbag.py:541} INFO - Filling up the DagBag from /home/airflow/.local/lib/python3.7/site-packages/airflow/example_dags/example_branch_python_dop_operator_3.py
[2023-07-13T14:24:49.801+0000] {processor.py:836} INFO - DAG(s) dict_keys(['example_branch_dop_operator_v3']) retrieved from /home/airflow/.local/lib/python3.7/site-packages/airflow/example_dags/example_branch_python_dop_operator_3.py
[2023-07-13T14:24:49.869+0000] {logging_mixin.py:150} INFO - [2023-07-13T14:24:49.869+0000] {dag.py:2742} INFO - Sync 1 DAGs
[2023-07-13T14:24:49.927+0000] {logging_mixin.py:150} INFO - [2023-07-13T14:24:49.926+0000] {dag.py:3508} INFO - Setting next_dagrun for example_branch_dop_operator_v3 to 2023-07-13T14:23:00+00:00, run_after=2023-07-13T14:24:00+00:00
[2023-07-13T14:24:49.946+0000] {processor.py:179} INFO - Processing /home/airflow/.local/lib/python3.7/site-packages/airflow/example_dags/example_branch_python_dop_operator_3.py took 0.179 seconds
[2023-07-13T14:25:20.341+0000] {processor.py:157} INFO - Started process (PID=976) to work on /home/airflow/.local/lib/python3.7/site-packages/airflow/example_dags/example_branch_python_dop_operator_3.py
[2023-07-13T14:25:20.342+0000] {processor.py:826} INFO - Processing file /home/airflow/.local/lib/python3.7/site-packages/airflow/example_dags/example_branch_python_dop_operator_3.py for tasks to queue
[2023-07-13T14:25:20.344+0000] {logging_mixin.py:150} INFO - [2023-07-13T14:25:20.344+0000] {dagbag.py:541} INFO - Filling up the DagBag from /home/airflow/.local/lib/python3.7/site-packages/airflow/example_dags/example_branch_python_dop_operator_3.py
[2023-07-13T14:25:20.352+0000] {processor.py:836} INFO - DAG(s) dict_keys(['example_branch_dop_operator_v3']) retrieved from /home/airflow/.local/lib/python3.7/site-packages/airflow/example_dags/example_branch_python_dop_operator_3.py
[2023-07-13T14:25:20.384+0000] {logging_mixin.py:150} INFO - [2023-07-13T14:25:20.384+0000] {dag.py:2742} INFO - Sync 1 DAGs
[2023-07-13T14:25:20.414+0000] {logging_mixin.py:150} INFO - [2023-07-13T14:25:20.414+0000] {dag.py:3508} INFO - Setting next_dagrun for example_branch_dop_operator_v3 to 2023-07-13T14:24:00+00:00, run_after=2023-07-13T14:25:00+00:00
[2023-07-13T14:25:20.428+0000] {processor.py:179} INFO - Processing /home/airflow/.local/lib/python3.7/site-packages/airflow/example_dags/example_branch_python_dop_operator_3.py took 0.090 seconds
