[2023-07-13T14:17:03.039+0000] {processor.py:157} INFO - Started process (PID=62) to work on /home/airflow/.local/lib/python3.7/site-packages/airflow/example_dags/example_sensors.py
[2023-07-13T14:17:03.040+0000] {processor.py:826} INFO - Processing file /home/airflow/.local/lib/python3.7/site-packages/airflow/example_dags/example_sensors.py for tasks to queue
[2023-07-13T14:17:03.043+0000] {logging_mixin.py:150} INFO - [2023-07-13T14:17:03.043+0000] {dagbag.py:541} INFO - Filling up the DagBag from /home/airflow/.local/lib/python3.7/site-packages/airflow/example_dags/example_sensors.py
[2023-07-13T14:17:03.079+0000] {processor.py:836} INFO - DAG(s) dict_keys(['example_sensors']) retrieved from /home/airflow/.local/lib/python3.7/site-packages/airflow/example_dags/example_sensors.py
[2023-07-13T14:17:03.099+0000] {logging_mixin.py:150} INFO - [2023-07-13T14:17:03.099+0000] {dag.py:2742} INFO - Sync 1 DAGs
[2023-07-13T14:17:03.191+0000] {logging_mixin.py:150} INFO - [2023-07-13T14:17:03.190+0000] {dag.py:3508} INFO - Setting next_dagrun for example_sensors to None, run_after=None
[2023-07-13T14:17:03.218+0000] {processor.py:179} INFO - Processing /home/airflow/.local/lib/python3.7/site-packages/airflow/example_dags/example_sensors.py took 0.189 seconds
[2023-07-13T14:17:33.800+0000] {processor.py:157} INFO - Started process (PID=118) to work on /home/airflow/.local/lib/python3.7/site-packages/airflow/example_dags/example_sensors.py
[2023-07-13T14:17:33.801+0000] {processor.py:826} INFO - Processing file /home/airflow/.local/lib/python3.7/site-packages/airflow/example_dags/example_sensors.py for tasks to queue
[2023-07-13T14:17:33.803+0000] {logging_mixin.py:150} INFO - [2023-07-13T14:17:33.802+0000] {dagbag.py:541} INFO - Filling up the DagBag from /home/airflow/.local/lib/python3.7/site-packages/airflow/example_dags/example_sensors.py
[2023-07-13T14:17:33.815+0000] {processor.py:836} INFO - DAG(s) dict_keys(['example_sensors']) retrieved from /home/airflow/.local/lib/python3.7/site-packages/airflow/example_dags/example_sensors.py
[2023-07-13T14:17:33.853+0000] {logging_mixin.py:150} INFO - [2023-07-13T14:17:33.852+0000] {dag.py:2742} INFO - Sync 1 DAGs
[2023-07-13T14:17:33.880+0000] {logging_mixin.py:150} INFO - [2023-07-13T14:17:33.880+0000] {dag.py:3508} INFO - Setting next_dagrun for example_sensors to None, run_after=None
[2023-07-13T14:17:33.908+0000] {processor.py:179} INFO - Processing /home/airflow/.local/lib/python3.7/site-packages/airflow/example_dags/example_sensors.py took 0.111 seconds
[2023-07-13T14:18:04.284+0000] {processor.py:157} INFO - Started process (PID=175) to work on /home/airflow/.local/lib/python3.7/site-packages/airflow/example_dags/example_sensors.py
[2023-07-13T14:18:04.285+0000] {processor.py:826} INFO - Processing file /home/airflow/.local/lib/python3.7/site-packages/airflow/example_dags/example_sensors.py for tasks to queue
[2023-07-13T14:18:04.286+0000] {logging_mixin.py:150} INFO - [2023-07-13T14:18:04.286+0000] {dagbag.py:541} INFO - Filling up the DagBag from /home/airflow/.local/lib/python3.7/site-packages/airflow/example_dags/example_sensors.py
[2023-07-13T14:18:04.294+0000] {processor.py:836} INFO - DAG(s) dict_keys(['example_sensors']) retrieved from /home/airflow/.local/lib/python3.7/site-packages/airflow/example_dags/example_sensors.py
[2023-07-13T14:18:04.314+0000] {logging_mixin.py:150} INFO - [2023-07-13T14:18:04.314+0000] {dag.py:2742} INFO - Sync 1 DAGs
[2023-07-13T14:18:04.329+0000] {logging_mixin.py:150} INFO - [2023-07-13T14:18:04.329+0000] {dag.py:3508} INFO - Setting next_dagrun for example_sensors to None, run_after=None
[2023-07-13T14:18:04.340+0000] {processor.py:179} INFO - Processing /home/airflow/.local/lib/python3.7/site-packages/airflow/example_dags/example_sensors.py took 0.058 seconds
[2023-07-13T14:18:34.466+0000] {processor.py:157} INFO - Started process (PID=232) to work on /home/airflow/.local/lib/python3.7/site-packages/airflow/example_dags/example_sensors.py
[2023-07-13T14:18:34.467+0000] {processor.py:826} INFO - Processing file /home/airflow/.local/lib/python3.7/site-packages/airflow/example_dags/example_sensors.py for tasks to queue
[2023-07-13T14:18:34.468+0000] {logging_mixin.py:150} INFO - [2023-07-13T14:18:34.468+0000] {dagbag.py:541} INFO - Filling up the DagBag from /home/airflow/.local/lib/python3.7/site-packages/airflow/example_dags/example_sensors.py
[2023-07-13T14:18:34.475+0000] {processor.py:836} INFO - DAG(s) dict_keys(['example_sensors']) retrieved from /home/airflow/.local/lib/python3.7/site-packages/airflow/example_dags/example_sensors.py
[2023-07-13T14:18:34.495+0000] {logging_mixin.py:150} INFO - [2023-07-13T14:18:34.495+0000] {dag.py:2742} INFO - Sync 1 DAGs
[2023-07-13T14:18:34.511+0000] {logging_mixin.py:150} INFO - [2023-07-13T14:18:34.511+0000] {dag.py:3508} INFO - Setting next_dagrun for example_sensors to None, run_after=None
[2023-07-13T14:18:34.523+0000] {processor.py:179} INFO - Processing /home/airflow/.local/lib/python3.7/site-packages/airflow/example_dags/example_sensors.py took 0.060 seconds
[2023-07-13T14:19:05.226+0000] {processor.py:157} INFO - Started process (PID=288) to work on /home/airflow/.local/lib/python3.7/site-packages/airflow/example_dags/example_sensors.py
[2023-07-13T14:19:05.228+0000] {processor.py:826} INFO - Processing file /home/airflow/.local/lib/python3.7/site-packages/airflow/example_dags/example_sensors.py for tasks to queue
[2023-07-13T14:19:05.231+0000] {logging_mixin.py:150} INFO - [2023-07-13T14:19:05.230+0000] {dagbag.py:541} INFO - Filling up the DagBag from /home/airflow/.local/lib/python3.7/site-packages/airflow/example_dags/example_sensors.py
[2023-07-13T14:19:05.238+0000] {processor.py:836} INFO - DAG(s) dict_keys(['example_sensors']) retrieved from /home/airflow/.local/lib/python3.7/site-packages/airflow/example_dags/example_sensors.py
[2023-07-13T14:19:05.259+0000] {logging_mixin.py:150} INFO - [2023-07-13T14:19:05.259+0000] {dag.py:2742} INFO - Sync 1 DAGs
[2023-07-13T14:19:05.276+0000] {logging_mixin.py:150} INFO - [2023-07-13T14:19:05.276+0000] {dag.py:3508} INFO - Setting next_dagrun for example_sensors to None, run_after=None
[2023-07-13T14:19:05.288+0000] {processor.py:179} INFO - Processing /home/airflow/.local/lib/python3.7/site-packages/airflow/example_dags/example_sensors.py took 0.065 seconds
[2023-07-13T14:19:35.644+0000] {processor.py:157} INFO - Started process (PID=345) to work on /home/airflow/.local/lib/python3.7/site-packages/airflow/example_dags/example_sensors.py
[2023-07-13T14:19:35.646+0000] {processor.py:826} INFO - Processing file /home/airflow/.local/lib/python3.7/site-packages/airflow/example_dags/example_sensors.py for tasks to queue
[2023-07-13T14:19:35.647+0000] {logging_mixin.py:150} INFO - [2023-07-13T14:19:35.646+0000] {dagbag.py:541} INFO - Filling up the DagBag from /home/airflow/.local/lib/python3.7/site-packages/airflow/example_dags/example_sensors.py
[2023-07-13T14:19:35.654+0000] {processor.py:836} INFO - DAG(s) dict_keys(['example_sensors']) retrieved from /home/airflow/.local/lib/python3.7/site-packages/airflow/example_dags/example_sensors.py
[2023-07-13T14:19:35.674+0000] {logging_mixin.py:150} INFO - [2023-07-13T14:19:35.674+0000] {dag.py:2742} INFO - Sync 1 DAGs
[2023-07-13T14:19:35.691+0000] {logging_mixin.py:150} INFO - [2023-07-13T14:19:35.690+0000] {dag.py:3508} INFO - Setting next_dagrun for example_sensors to None, run_after=None
[2023-07-13T14:19:35.702+0000] {processor.py:179} INFO - Processing /home/airflow/.local/lib/python3.7/site-packages/airflow/example_dags/example_sensors.py took 0.060 seconds
[2023-07-13T14:20:06.048+0000] {processor.py:157} INFO - Started process (PID=402) to work on /home/airflow/.local/lib/python3.7/site-packages/airflow/example_dags/example_sensors.py
[2023-07-13T14:20:06.049+0000] {processor.py:826} INFO - Processing file /home/airflow/.local/lib/python3.7/site-packages/airflow/example_dags/example_sensors.py for tasks to queue
[2023-07-13T14:20:06.050+0000] {logging_mixin.py:150} INFO - [2023-07-13T14:20:06.050+0000] {dagbag.py:541} INFO - Filling up the DagBag from /home/airflow/.local/lib/python3.7/site-packages/airflow/example_dags/example_sensors.py
[2023-07-13T14:20:06.057+0000] {processor.py:836} INFO - DAG(s) dict_keys(['example_sensors']) retrieved from /home/airflow/.local/lib/python3.7/site-packages/airflow/example_dags/example_sensors.py
[2023-07-13T14:20:06.078+0000] {logging_mixin.py:150} INFO - [2023-07-13T14:20:06.078+0000] {dag.py:2742} INFO - Sync 1 DAGs
[2023-07-13T14:20:06.094+0000] {logging_mixin.py:150} INFO - [2023-07-13T14:20:06.094+0000] {dag.py:3508} INFO - Setting next_dagrun for example_sensors to None, run_after=None
[2023-07-13T14:20:06.107+0000] {processor.py:179} INFO - Processing /home/airflow/.local/lib/python3.7/site-packages/airflow/example_dags/example_sensors.py took 0.062 seconds
[2023-07-13T14:20:36.682+0000] {processor.py:157} INFO - Started process (PID=459) to work on /home/airflow/.local/lib/python3.7/site-packages/airflow/example_dags/example_sensors.py
[2023-07-13T14:20:36.683+0000] {processor.py:826} INFO - Processing file /home/airflow/.local/lib/python3.7/site-packages/airflow/example_dags/example_sensors.py for tasks to queue
[2023-07-13T14:20:36.684+0000] {logging_mixin.py:150} INFO - [2023-07-13T14:20:36.684+0000] {dagbag.py:541} INFO - Filling up the DagBag from /home/airflow/.local/lib/python3.7/site-packages/airflow/example_dags/example_sensors.py
[2023-07-13T14:20:36.692+0000] {processor.py:836} INFO - DAG(s) dict_keys(['example_sensors']) retrieved from /home/airflow/.local/lib/python3.7/site-packages/airflow/example_dags/example_sensors.py
[2023-07-13T14:20:36.715+0000] {logging_mixin.py:150} INFO - [2023-07-13T14:20:36.715+0000] {dag.py:2742} INFO - Sync 1 DAGs
[2023-07-13T14:20:36.732+0000] {logging_mixin.py:150} INFO - [2023-07-13T14:20:36.732+0000] {dag.py:3508} INFO - Setting next_dagrun for example_sensors to None, run_after=None
[2023-07-13T14:20:36.744+0000] {processor.py:179} INFO - Processing /home/airflow/.local/lib/python3.7/site-packages/airflow/example_dags/example_sensors.py took 0.065 seconds
[2023-07-13T14:21:07.445+0000] {processor.py:157} INFO - Started process (PID=515) to work on /home/airflow/.local/lib/python3.7/site-packages/airflow/example_dags/example_sensors.py
[2023-07-13T14:21:07.446+0000] {processor.py:826} INFO - Processing file /home/airflow/.local/lib/python3.7/site-packages/airflow/example_dags/example_sensors.py for tasks to queue
[2023-07-13T14:21:07.447+0000] {logging_mixin.py:150} INFO - [2023-07-13T14:21:07.447+0000] {dagbag.py:541} INFO - Filling up the DagBag from /home/airflow/.local/lib/python3.7/site-packages/airflow/example_dags/example_sensors.py
[2023-07-13T14:21:07.457+0000] {processor.py:836} INFO - DAG(s) dict_keys(['example_sensors']) retrieved from /home/airflow/.local/lib/python3.7/site-packages/airflow/example_dags/example_sensors.py
[2023-07-13T14:21:07.479+0000] {logging_mixin.py:150} INFO - [2023-07-13T14:21:07.478+0000] {dag.py:2742} INFO - Sync 1 DAGs
[2023-07-13T14:21:07.495+0000] {logging_mixin.py:150} INFO - [2023-07-13T14:21:07.495+0000] {dag.py:3508} INFO - Setting next_dagrun for example_sensors to None, run_after=None
[2023-07-13T14:21:07.506+0000] {processor.py:179} INFO - Processing /home/airflow/.local/lib/python3.7/site-packages/airflow/example_dags/example_sensors.py took 0.064 seconds
[2023-07-13T14:21:37.931+0000] {processor.py:157} INFO - Started process (PID=571) to work on /home/airflow/.local/lib/python3.7/site-packages/airflow/example_dags/example_sensors.py
[2023-07-13T14:21:37.932+0000] {processor.py:826} INFO - Processing file /home/airflow/.local/lib/python3.7/site-packages/airflow/example_dags/example_sensors.py for tasks to queue
[2023-07-13T14:21:37.933+0000] {logging_mixin.py:150} INFO - [2023-07-13T14:21:37.932+0000] {dagbag.py:541} INFO - Filling up the DagBag from /home/airflow/.local/lib/python3.7/site-packages/airflow/example_dags/example_sensors.py
[2023-07-13T14:21:37.940+0000] {processor.py:836} INFO - DAG(s) dict_keys(['example_sensors']) retrieved from /home/airflow/.local/lib/python3.7/site-packages/airflow/example_dags/example_sensors.py
[2023-07-13T14:21:37.961+0000] {logging_mixin.py:150} INFO - [2023-07-13T14:21:37.961+0000] {dag.py:2742} INFO - Sync 1 DAGs
[2023-07-13T14:21:37.977+0000] {logging_mixin.py:150} INFO - [2023-07-13T14:21:37.977+0000] {dag.py:3508} INFO - Setting next_dagrun for example_sensors to None, run_after=None
[2023-07-13T14:21:37.988+0000] {processor.py:179} INFO - Processing /home/airflow/.local/lib/python3.7/site-packages/airflow/example_dags/example_sensors.py took 0.060 seconds
[2023-07-13T14:22:09.049+0000] {processor.py:157} INFO - Started process (PID=628) to work on /home/airflow/.local/lib/python3.7/site-packages/airflow/example_dags/example_sensors.py
[2023-07-13T14:22:09.053+0000] {processor.py:826} INFO - Processing file /home/airflow/.local/lib/python3.7/site-packages/airflow/example_dags/example_sensors.py for tasks to queue
[2023-07-13T14:22:09.057+0000] {logging_mixin.py:150} INFO - [2023-07-13T14:22:09.056+0000] {dagbag.py:541} INFO - Filling up the DagBag from /home/airflow/.local/lib/python3.7/site-packages/airflow/example_dags/example_sensors.py
[2023-07-13T14:22:09.076+0000] {processor.py:836} INFO - DAG(s) dict_keys(['example_sensors']) retrieved from /home/airflow/.local/lib/python3.7/site-packages/airflow/example_dags/example_sensors.py
[2023-07-13T14:22:09.155+0000] {logging_mixin.py:150} INFO - [2023-07-13T14:22:09.155+0000] {dag.py:2742} INFO - Sync 1 DAGs
[2023-07-13T14:22:09.192+0000] {logging_mixin.py:150} INFO - [2023-07-13T14:22:09.192+0000] {dag.py:3508} INFO - Setting next_dagrun for example_sensors to None, run_after=None
[2023-07-13T14:22:09.205+0000] {processor.py:179} INFO - Processing /home/airflow/.local/lib/python3.7/site-packages/airflow/example_dags/example_sensors.py took 0.168 seconds
[2023-07-13T14:22:40.901+0000] {processor.py:157} INFO - Started process (PID=685) to work on /home/airflow/.local/lib/python3.7/site-packages/airflow/example_dags/example_sensors.py
[2023-07-13T14:22:40.903+0000] {processor.py:826} INFO - Processing file /home/airflow/.local/lib/python3.7/site-packages/airflow/example_dags/example_sensors.py for tasks to queue
[2023-07-13T14:22:40.904+0000] {logging_mixin.py:150} INFO - [2023-07-13T14:22:40.904+0000] {dagbag.py:541} INFO - Filling up the DagBag from /home/airflow/.local/lib/python3.7/site-packages/airflow/example_dags/example_sensors.py
[2023-07-13T14:22:40.913+0000] {processor.py:836} INFO - DAG(s) dict_keys(['example_sensors']) retrieved from /home/airflow/.local/lib/python3.7/site-packages/airflow/example_dags/example_sensors.py
[2023-07-13T14:22:40.936+0000] {logging_mixin.py:150} INFO - [2023-07-13T14:22:40.936+0000] {dag.py:2742} INFO - Sync 1 DAGs
[2023-07-13T14:22:40.953+0000] {logging_mixin.py:150} INFO - [2023-07-13T14:22:40.953+0000] {dag.py:3508} INFO - Setting next_dagrun for example_sensors to None, run_after=None
[2023-07-13T14:22:40.964+0000] {processor.py:179} INFO - Processing /home/airflow/.local/lib/python3.7/site-packages/airflow/example_dags/example_sensors.py took 0.067 seconds
[2023-07-13T14:23:12.165+0000] {processor.py:157} INFO - Started process (PID=743) to work on /home/airflow/.local/lib/python3.7/site-packages/airflow/example_dags/example_sensors.py
[2023-07-13T14:23:12.166+0000] {processor.py:826} INFO - Processing file /home/airflow/.local/lib/python3.7/site-packages/airflow/example_dags/example_sensors.py for tasks to queue
[2023-07-13T14:23:12.167+0000] {logging_mixin.py:150} INFO - [2023-07-13T14:23:12.167+0000] {dagbag.py:541} INFO - Filling up the DagBag from /home/airflow/.local/lib/python3.7/site-packages/airflow/example_dags/example_sensors.py
[2023-07-13T14:23:12.179+0000] {processor.py:836} INFO - DAG(s) dict_keys(['example_sensors']) retrieved from /home/airflow/.local/lib/python3.7/site-packages/airflow/example_dags/example_sensors.py
[2023-07-13T14:23:12.213+0000] {logging_mixin.py:150} INFO - [2023-07-13T14:23:12.213+0000] {dag.py:2742} INFO - Sync 1 DAGs
[2023-07-13T14:23:12.239+0000] {logging_mixin.py:150} INFO - [2023-07-13T14:23:12.239+0000] {dag.py:3508} INFO - Setting next_dagrun for example_sensors to None, run_after=None
[2023-07-13T14:23:12.257+0000] {processor.py:179} INFO - Processing /home/airflow/.local/lib/python3.7/site-packages/airflow/example_dags/example_sensors.py took 0.095 seconds
[2023-07-13T14:23:47.024+0000] {processor.py:157} INFO - Started process (PID=800) to work on /home/airflow/.local/lib/python3.7/site-packages/airflow/example_dags/example_sensors.py
[2023-07-13T14:23:47.028+0000] {processor.py:826} INFO - Processing file /home/airflow/.local/lib/python3.7/site-packages/airflow/example_dags/example_sensors.py for tasks to queue
[2023-07-13T14:23:47.032+0000] {logging_mixin.py:150} INFO - [2023-07-13T14:23:47.031+0000] {dagbag.py:541} INFO - Filling up the DagBag from /home/airflow/.local/lib/python3.7/site-packages/airflow/example_dags/example_sensors.py
[2023-07-13T14:23:47.058+0000] {processor.py:836} INFO - DAG(s) dict_keys(['example_sensors']) retrieved from /home/airflow/.local/lib/python3.7/site-packages/airflow/example_dags/example_sensors.py
[2023-07-13T14:23:47.158+0000] {logging_mixin.py:150} INFO - [2023-07-13T14:23:47.158+0000] {dag.py:2742} INFO - Sync 1 DAGs
[2023-07-13T14:23:47.223+0000] {logging_mixin.py:150} INFO - [2023-07-13T14:23:47.223+0000] {dag.py:3508} INFO - Setting next_dagrun for example_sensors to None, run_after=None
[2023-07-13T14:23:47.253+0000] {processor.py:179} INFO - Processing /home/airflow/.local/lib/python3.7/site-packages/airflow/example_dags/example_sensors.py took 0.241 seconds
[2023-07-13T14:24:17.865+0000] {processor.py:157} INFO - Started process (PID=858) to work on /home/airflow/.local/lib/python3.7/site-packages/airflow/example_dags/example_sensors.py
[2023-07-13T14:24:17.866+0000] {processor.py:826} INFO - Processing file /home/airflow/.local/lib/python3.7/site-packages/airflow/example_dags/example_sensors.py for tasks to queue
[2023-07-13T14:24:17.867+0000] {logging_mixin.py:150} INFO - [2023-07-13T14:24:17.867+0000] {dagbag.py:541} INFO - Filling up the DagBag from /home/airflow/.local/lib/python3.7/site-packages/airflow/example_dags/example_sensors.py
[2023-07-13T14:24:17.876+0000] {processor.py:836} INFO - DAG(s) dict_keys(['example_sensors']) retrieved from /home/airflow/.local/lib/python3.7/site-packages/airflow/example_dags/example_sensors.py
[2023-07-13T14:24:17.898+0000] {logging_mixin.py:150} INFO - [2023-07-13T14:24:17.898+0000] {dag.py:2742} INFO - Sync 1 DAGs
[2023-07-13T14:24:17.917+0000] {logging_mixin.py:150} INFO - [2023-07-13T14:24:17.917+0000] {dag.py:3508} INFO - Setting next_dagrun for example_sensors to None, run_after=None
[2023-07-13T14:24:17.934+0000] {processor.py:179} INFO - Processing /home/airflow/.local/lib/python3.7/site-packages/airflow/example_dags/example_sensors.py took 0.072 seconds
[2023-07-13T14:24:48.851+0000] {processor.py:157} INFO - Started process (PID=915) to work on /home/airflow/.local/lib/python3.7/site-packages/airflow/example_dags/example_sensors.py
[2023-07-13T14:24:48.853+0000] {processor.py:826} INFO - Processing file /home/airflow/.local/lib/python3.7/site-packages/airflow/example_dags/example_sensors.py for tasks to queue
[2023-07-13T14:24:48.854+0000] {logging_mixin.py:150} INFO - [2023-07-13T14:24:48.854+0000] {dagbag.py:541} INFO - Filling up the DagBag from /home/airflow/.local/lib/python3.7/site-packages/airflow/example_dags/example_sensors.py
[2023-07-13T14:24:48.869+0000] {processor.py:836} INFO - DAG(s) dict_keys(['example_sensors']) retrieved from /home/airflow/.local/lib/python3.7/site-packages/airflow/example_dags/example_sensors.py
[2023-07-13T14:24:48.931+0000] {logging_mixin.py:150} INFO - [2023-07-13T14:24:48.931+0000] {dag.py:2742} INFO - Sync 1 DAGs
[2023-07-13T14:24:48.972+0000] {logging_mixin.py:150} INFO - [2023-07-13T14:24:48.972+0000] {dag.py:3508} INFO - Setting next_dagrun for example_sensors to None, run_after=None
[2023-07-13T14:24:48.996+0000] {processor.py:179} INFO - Processing /home/airflow/.local/lib/python3.7/site-packages/airflow/example_dags/example_sensors.py took 0.150 seconds
[2023-07-13T14:25:19.933+0000] {processor.py:157} INFO - Started process (PID=971) to work on /home/airflow/.local/lib/python3.7/site-packages/airflow/example_dags/example_sensors.py
[2023-07-13T14:25:19.934+0000] {processor.py:826} INFO - Processing file /home/airflow/.local/lib/python3.7/site-packages/airflow/example_dags/example_sensors.py for tasks to queue
[2023-07-13T14:25:19.935+0000] {logging_mixin.py:150} INFO - [2023-07-13T14:25:19.935+0000] {dagbag.py:541} INFO - Filling up the DagBag from /home/airflow/.local/lib/python3.7/site-packages/airflow/example_dags/example_sensors.py
[2023-07-13T14:25:19.944+0000] {processor.py:836} INFO - DAG(s) dict_keys(['example_sensors']) retrieved from /home/airflow/.local/lib/python3.7/site-packages/airflow/example_dags/example_sensors.py
[2023-07-13T14:25:19.972+0000] {logging_mixin.py:150} INFO - [2023-07-13T14:25:19.972+0000] {dag.py:2742} INFO - Sync 1 DAGs
[2023-07-13T14:25:20.006+0000] {logging_mixin.py:150} INFO - [2023-07-13T14:25:20.006+0000] {dag.py:3508} INFO - Setting next_dagrun for example_sensors to None, run_after=None
[2023-07-13T14:25:20.040+0000] {processor.py:179} INFO - Processing /home/airflow/.local/lib/python3.7/site-packages/airflow/example_dags/example_sensors.py took 0.111 seconds
