[2023-07-13T14:16:59.879+0000] {processor.py:157} INFO - Started process (PID=47) to work on /home/airflow/.local/lib/python3.7/site-packages/airflow/example_dags/example_skip_dag.py
[2023-07-13T14:16:59.882+0000] {processor.py:826} INFO - Processing file /home/airflow/.local/lib/python3.7/site-packages/airflow/example_dags/example_skip_dag.py for tasks to queue
[2023-07-13T14:16:59.884+0000] {logging_mixin.py:150} INFO - [2023-07-13T14:16:59.883+0000] {dagbag.py:541} INFO - Filling up the DagBag from /home/airflow/.local/lib/python3.7/site-packages/airflow/example_dags/example_skip_dag.py
[2023-07-13T14:16:59.915+0000] {processor.py:836} INFO - DAG(s) dict_keys(['example_skip_dag']) retrieved from /home/airflow/.local/lib/python3.7/site-packages/airflow/example_dags/example_skip_dag.py
[2023-07-13T14:16:59.974+0000] {logging_mixin.py:150} INFO - [2023-07-13T14:16:59.974+0000] {dag.py:2742} INFO - Sync 1 DAGs
[2023-07-13T14:17:00.070+0000] {logging_mixin.py:150} INFO - [2023-07-13T14:17:00.069+0000] {dag.py:3508} INFO - Setting next_dagrun for example_skip_dag to 2023-07-12T14:17:00.069393+00:00, run_after=2023-07-13T14:17:00.069393+00:00
[2023-07-13T14:17:00.109+0000] {processor.py:179} INFO - Processing /home/airflow/.local/lib/python3.7/site-packages/airflow/example_dags/example_skip_dag.py took 0.234 seconds
[2023-07-13T14:17:31.165+0000] {processor.py:157} INFO - Started process (PID=103) to work on /home/airflow/.local/lib/python3.7/site-packages/airflow/example_dags/example_skip_dag.py
[2023-07-13T14:17:31.166+0000] {processor.py:826} INFO - Processing file /home/airflow/.local/lib/python3.7/site-packages/airflow/example_dags/example_skip_dag.py for tasks to queue
[2023-07-13T14:17:31.168+0000] {logging_mixin.py:150} INFO - [2023-07-13T14:17:31.167+0000] {dagbag.py:541} INFO - Filling up the DagBag from /home/airflow/.local/lib/python3.7/site-packages/airflow/example_dags/example_skip_dag.py
[2023-07-13T14:17:31.177+0000] {processor.py:836} INFO - DAG(s) dict_keys(['example_skip_dag']) retrieved from /home/airflow/.local/lib/python3.7/site-packages/airflow/example_dags/example_skip_dag.py
[2023-07-13T14:17:31.215+0000] {logging_mixin.py:150} INFO - [2023-07-13T14:17:31.214+0000] {dag.py:2742} INFO - Sync 1 DAGs
[2023-07-13T14:17:31.238+0000] {logging_mixin.py:150} INFO - [2023-07-13T14:17:31.238+0000] {dag.py:3508} INFO - Setting next_dagrun for example_skip_dag to 2023-07-12T14:17:31.237991+00:00, run_after=2023-07-13T14:17:31.237991+00:00
[2023-07-13T14:17:31.259+0000] {processor.py:179} INFO - Processing /home/airflow/.local/lib/python3.7/site-packages/airflow/example_dags/example_skip_dag.py took 0.098 seconds
[2023-07-13T14:18:01.335+0000] {processor.py:157} INFO - Started process (PID=160) to work on /home/airflow/.local/lib/python3.7/site-packages/airflow/example_dags/example_skip_dag.py
[2023-07-13T14:18:01.337+0000] {processor.py:826} INFO - Processing file /home/airflow/.local/lib/python3.7/site-packages/airflow/example_dags/example_skip_dag.py for tasks to queue
[2023-07-13T14:18:01.337+0000] {logging_mixin.py:150} INFO - [2023-07-13T14:18:01.337+0000] {dagbag.py:541} INFO - Filling up the DagBag from /home/airflow/.local/lib/python3.7/site-packages/airflow/example_dags/example_skip_dag.py
[2023-07-13T14:18:01.344+0000] {processor.py:836} INFO - DAG(s) dict_keys(['example_skip_dag']) retrieved from /home/airflow/.local/lib/python3.7/site-packages/airflow/example_dags/example_skip_dag.py
[2023-07-13T14:18:01.362+0000] {logging_mixin.py:150} INFO - [2023-07-13T14:18:01.362+0000] {dag.py:2742} INFO - Sync 1 DAGs
[2023-07-13T14:18:01.378+0000] {logging_mixin.py:150} INFO - [2023-07-13T14:18:01.378+0000] {dag.py:3508} INFO - Setting next_dagrun for example_skip_dag to 2023-07-12T14:18:01.378385+00:00, run_after=2023-07-13T14:18:01.378385+00:00
[2023-07-13T14:18:01.390+0000] {processor.py:179} INFO - Processing /home/airflow/.local/lib/python3.7/site-packages/airflow/example_dags/example_skip_dag.py took 0.057 seconds
[2023-07-13T14:18:31.708+0000] {processor.py:157} INFO - Started process (PID=217) to work on /home/airflow/.local/lib/python3.7/site-packages/airflow/example_dags/example_skip_dag.py
[2023-07-13T14:18:31.709+0000] {processor.py:826} INFO - Processing file /home/airflow/.local/lib/python3.7/site-packages/airflow/example_dags/example_skip_dag.py for tasks to queue
[2023-07-13T14:18:31.710+0000] {logging_mixin.py:150} INFO - [2023-07-13T14:18:31.710+0000] {dagbag.py:541} INFO - Filling up the DagBag from /home/airflow/.local/lib/python3.7/site-packages/airflow/example_dags/example_skip_dag.py
[2023-07-13T14:18:31.716+0000] {processor.py:836} INFO - DAG(s) dict_keys(['example_skip_dag']) retrieved from /home/airflow/.local/lib/python3.7/site-packages/airflow/example_dags/example_skip_dag.py
[2023-07-13T14:18:31.736+0000] {logging_mixin.py:150} INFO - [2023-07-13T14:18:31.736+0000] {dag.py:2742} INFO - Sync 1 DAGs
[2023-07-13T14:18:31.753+0000] {logging_mixin.py:150} INFO - [2023-07-13T14:18:31.753+0000] {dag.py:3508} INFO - Setting next_dagrun for example_skip_dag to 2023-07-12T14:18:31.752875+00:00, run_after=2023-07-13T14:18:31.752875+00:00
[2023-07-13T14:18:31.764+0000] {processor.py:179} INFO - Processing /home/airflow/.local/lib/python3.7/site-packages/airflow/example_dags/example_skip_dag.py took 0.059 seconds
[2023-07-13T14:19:02.503+0000] {processor.py:157} INFO - Started process (PID=273) to work on /home/airflow/.local/lib/python3.7/site-packages/airflow/example_dags/example_skip_dag.py
[2023-07-13T14:19:02.504+0000] {processor.py:826} INFO - Processing file /home/airflow/.local/lib/python3.7/site-packages/airflow/example_dags/example_skip_dag.py for tasks to queue
[2023-07-13T14:19:02.505+0000] {logging_mixin.py:150} INFO - [2023-07-13T14:19:02.505+0000] {dagbag.py:541} INFO - Filling up the DagBag from /home/airflow/.local/lib/python3.7/site-packages/airflow/example_dags/example_skip_dag.py
[2023-07-13T14:19:02.511+0000] {processor.py:836} INFO - DAG(s) dict_keys(['example_skip_dag']) retrieved from /home/airflow/.local/lib/python3.7/site-packages/airflow/example_dags/example_skip_dag.py
[2023-07-13T14:19:02.531+0000] {logging_mixin.py:150} INFO - [2023-07-13T14:19:02.531+0000] {dag.py:2742} INFO - Sync 1 DAGs
[2023-07-13T14:19:02.547+0000] {logging_mixin.py:150} INFO - [2023-07-13T14:19:02.547+0000] {dag.py:3508} INFO - Setting next_dagrun for example_skip_dag to 2023-07-12T14:19:02.546903+00:00, run_after=2023-07-13T14:19:02.546903+00:00
[2023-07-13T14:19:02.558+0000] {processor.py:179} INFO - Processing /home/airflow/.local/lib/python3.7/site-packages/airflow/example_dags/example_skip_dag.py took 0.059 seconds
[2023-07-13T14:19:32.972+0000] {processor.py:157} INFO - Started process (PID=330) to work on /home/airflow/.local/lib/python3.7/site-packages/airflow/example_dags/example_skip_dag.py
[2023-07-13T14:19:32.973+0000] {processor.py:826} INFO - Processing file /home/airflow/.local/lib/python3.7/site-packages/airflow/example_dags/example_skip_dag.py for tasks to queue
[2023-07-13T14:19:32.974+0000] {logging_mixin.py:150} INFO - [2023-07-13T14:19:32.974+0000] {dagbag.py:541} INFO - Filling up the DagBag from /home/airflow/.local/lib/python3.7/site-packages/airflow/example_dags/example_skip_dag.py
[2023-07-13T14:19:32.980+0000] {processor.py:836} INFO - DAG(s) dict_keys(['example_skip_dag']) retrieved from /home/airflow/.local/lib/python3.7/site-packages/airflow/example_dags/example_skip_dag.py
[2023-07-13T14:19:33.000+0000] {logging_mixin.py:150} INFO - [2023-07-13T14:19:33.000+0000] {dag.py:2742} INFO - Sync 1 DAGs
[2023-07-13T14:19:33.017+0000] {logging_mixin.py:150} INFO - [2023-07-13T14:19:33.017+0000] {dag.py:3508} INFO - Setting next_dagrun for example_skip_dag to 2023-07-12T14:19:33.016870+00:00, run_after=2023-07-13T14:19:33.016870+00:00
[2023-07-13T14:19:33.028+0000] {processor.py:179} INFO - Processing /home/airflow/.local/lib/python3.7/site-packages/airflow/example_dags/example_skip_dag.py took 0.059 seconds
[2023-07-13T14:20:03.370+0000] {processor.py:157} INFO - Started process (PID=387) to work on /home/airflow/.local/lib/python3.7/site-packages/airflow/example_dags/example_skip_dag.py
[2023-07-13T14:20:03.371+0000] {processor.py:826} INFO - Processing file /home/airflow/.local/lib/python3.7/site-packages/airflow/example_dags/example_skip_dag.py for tasks to queue
[2023-07-13T14:20:03.372+0000] {logging_mixin.py:150} INFO - [2023-07-13T14:20:03.372+0000] {dagbag.py:541} INFO - Filling up the DagBag from /home/airflow/.local/lib/python3.7/site-packages/airflow/example_dags/example_skip_dag.py
[2023-07-13T14:20:03.378+0000] {processor.py:836} INFO - DAG(s) dict_keys(['example_skip_dag']) retrieved from /home/airflow/.local/lib/python3.7/site-packages/airflow/example_dags/example_skip_dag.py
[2023-07-13T14:20:03.398+0000] {logging_mixin.py:150} INFO - [2023-07-13T14:20:03.398+0000] {dag.py:2742} INFO - Sync 1 DAGs
[2023-07-13T14:20:03.414+0000] {logging_mixin.py:150} INFO - [2023-07-13T14:20:03.414+0000] {dag.py:3508} INFO - Setting next_dagrun for example_skip_dag to 2023-07-12T14:20:03.414621+00:00, run_after=2023-07-13T14:20:03.414621+00:00
[2023-07-13T14:20:03.426+0000] {processor.py:179} INFO - Processing /home/airflow/.local/lib/python3.7/site-packages/airflow/example_dags/example_skip_dag.py took 0.059 seconds
[2023-07-13T14:20:33.737+0000] {processor.py:157} INFO - Started process (PID=444) to work on /home/airflow/.local/lib/python3.7/site-packages/airflow/example_dags/example_skip_dag.py
[2023-07-13T14:20:33.739+0000] {processor.py:826} INFO - Processing file /home/airflow/.local/lib/python3.7/site-packages/airflow/example_dags/example_skip_dag.py for tasks to queue
[2023-07-13T14:20:33.740+0000] {logging_mixin.py:150} INFO - [2023-07-13T14:20:33.739+0000] {dagbag.py:541} INFO - Filling up the DagBag from /home/airflow/.local/lib/python3.7/site-packages/airflow/example_dags/example_skip_dag.py
[2023-07-13T14:20:33.745+0000] {processor.py:836} INFO - DAG(s) dict_keys(['example_skip_dag']) retrieved from /home/airflow/.local/lib/python3.7/site-packages/airflow/example_dags/example_skip_dag.py
[2023-07-13T14:20:33.765+0000] {logging_mixin.py:150} INFO - [2023-07-13T14:20:33.765+0000] {dag.py:2742} INFO - Sync 1 DAGs
[2023-07-13T14:20:33.781+0000] {logging_mixin.py:150} INFO - [2023-07-13T14:20:33.781+0000] {dag.py:3508} INFO - Setting next_dagrun for example_skip_dag to 2023-07-12T14:20:33.781323+00:00, run_after=2023-07-13T14:20:33.781323+00:00
[2023-07-13T14:20:33.793+0000] {processor.py:179} INFO - Processing /home/airflow/.local/lib/python3.7/site-packages/airflow/example_dags/example_skip_dag.py took 0.058 seconds
[2023-07-13T14:21:04.587+0000] {processor.py:157} INFO - Started process (PID=500) to work on /home/airflow/.local/lib/python3.7/site-packages/airflow/example_dags/example_skip_dag.py
[2023-07-13T14:21:04.588+0000] {processor.py:826} INFO - Processing file /home/airflow/.local/lib/python3.7/site-packages/airflow/example_dags/example_skip_dag.py for tasks to queue
[2023-07-13T14:21:04.589+0000] {logging_mixin.py:150} INFO - [2023-07-13T14:21:04.589+0000] {dagbag.py:541} INFO - Filling up the DagBag from /home/airflow/.local/lib/python3.7/site-packages/airflow/example_dags/example_skip_dag.py
[2023-07-13T14:21:04.595+0000] {processor.py:836} INFO - DAG(s) dict_keys(['example_skip_dag']) retrieved from /home/airflow/.local/lib/python3.7/site-packages/airflow/example_dags/example_skip_dag.py
[2023-07-13T14:21:04.621+0000] {logging_mixin.py:150} INFO - [2023-07-13T14:21:04.621+0000] {dag.py:2742} INFO - Sync 1 DAGs
[2023-07-13T14:21:04.647+0000] {logging_mixin.py:150} INFO - [2023-07-13T14:21:04.647+0000] {dag.py:3508} INFO - Setting next_dagrun for example_skip_dag to 2023-07-12T14:21:04.646804+00:00, run_after=2023-07-13T14:21:04.646804+00:00
[2023-07-13T14:21:04.662+0000] {processor.py:179} INFO - Processing /home/airflow/.local/lib/python3.7/site-packages/airflow/example_dags/example_skip_dag.py took 0.078 seconds
[2023-07-13T14:21:35.190+0000] {processor.py:157} INFO - Started process (PID=556) to work on /home/airflow/.local/lib/python3.7/site-packages/airflow/example_dags/example_skip_dag.py
[2023-07-13T14:21:35.191+0000] {processor.py:826} INFO - Processing file /home/airflow/.local/lib/python3.7/site-packages/airflow/example_dags/example_skip_dag.py for tasks to queue
[2023-07-13T14:21:35.193+0000] {logging_mixin.py:150} INFO - [2023-07-13T14:21:35.192+0000] {dagbag.py:541} INFO - Filling up the DagBag from /home/airflow/.local/lib/python3.7/site-packages/airflow/example_dags/example_skip_dag.py
[2023-07-13T14:21:35.199+0000] {processor.py:836} INFO - DAG(s) dict_keys(['example_skip_dag']) retrieved from /home/airflow/.local/lib/python3.7/site-packages/airflow/example_dags/example_skip_dag.py
[2023-07-13T14:21:35.218+0000] {logging_mixin.py:150} INFO - [2023-07-13T14:21:35.218+0000] {dag.py:2742} INFO - Sync 1 DAGs
[2023-07-13T14:21:35.235+0000] {logging_mixin.py:150} INFO - [2023-07-13T14:21:35.234+0000] {dag.py:3508} INFO - Setting next_dagrun for example_skip_dag to 2023-07-12T14:21:35.234695+00:00, run_after=2023-07-13T14:21:35.234695+00:00
[2023-07-13T14:21:35.245+0000] {processor.py:179} INFO - Processing /home/airflow/.local/lib/python3.7/site-packages/airflow/example_dags/example_skip_dag.py took 0.058 seconds
[2023-07-13T14:22:06.262+0000] {processor.py:157} INFO - Started process (PID=613) to work on /home/airflow/.local/lib/python3.7/site-packages/airflow/example_dags/example_skip_dag.py
[2023-07-13T14:22:06.263+0000] {processor.py:826} INFO - Processing file /home/airflow/.local/lib/python3.7/site-packages/airflow/example_dags/example_skip_dag.py for tasks to queue
[2023-07-13T14:22:06.264+0000] {logging_mixin.py:150} INFO - [2023-07-13T14:22:06.263+0000] {dagbag.py:541} INFO - Filling up the DagBag from /home/airflow/.local/lib/python3.7/site-packages/airflow/example_dags/example_skip_dag.py
[2023-07-13T14:22:06.270+0000] {processor.py:836} INFO - DAG(s) dict_keys(['example_skip_dag']) retrieved from /home/airflow/.local/lib/python3.7/site-packages/airflow/example_dags/example_skip_dag.py
[2023-07-13T14:22:06.293+0000] {logging_mixin.py:150} INFO - [2023-07-13T14:22:06.293+0000] {dag.py:2742} INFO - Sync 1 DAGs
[2023-07-13T14:22:06.311+0000] {logging_mixin.py:150} INFO - [2023-07-13T14:22:06.311+0000] {dag.py:3508} INFO - Setting next_dagrun for example_skip_dag to 2023-07-12T14:22:06.310769+00:00, run_after=2023-07-13T14:22:06.310769+00:00
[2023-07-13T14:22:06.323+0000] {processor.py:179} INFO - Processing /home/airflow/.local/lib/python3.7/site-packages/airflow/example_dags/example_skip_dag.py took 0.065 seconds
[2023-07-13T14:22:39.886+0000] {processor.py:157} INFO - Started process (PID=670) to work on /home/airflow/.local/lib/python3.7/site-packages/airflow/example_dags/example_skip_dag.py
[2023-07-13T14:22:39.889+0000] {processor.py:826} INFO - Processing file /home/airflow/.local/lib/python3.7/site-packages/airflow/example_dags/example_skip_dag.py for tasks to queue
[2023-07-13T14:22:39.891+0000] {logging_mixin.py:150} INFO - [2023-07-13T14:22:39.890+0000] {dagbag.py:541} INFO - Filling up the DagBag from /home/airflow/.local/lib/python3.7/site-packages/airflow/example_dags/example_skip_dag.py
[2023-07-13T14:22:39.901+0000] {processor.py:836} INFO - DAG(s) dict_keys(['example_skip_dag']) retrieved from /home/airflow/.local/lib/python3.7/site-packages/airflow/example_dags/example_skip_dag.py
[2023-07-13T14:22:39.942+0000] {logging_mixin.py:150} INFO - [2023-07-13T14:22:39.942+0000] {dag.py:2742} INFO - Sync 1 DAGs
[2023-07-13T14:22:39.971+0000] {logging_mixin.py:150} INFO - [2023-07-13T14:22:39.971+0000] {dag.py:3508} INFO - Setting next_dagrun for example_skip_dag to 2023-07-12T14:22:39.970760+00:00, run_after=2023-07-13T14:22:39.970760+00:00
[2023-07-13T14:22:39.987+0000] {processor.py:179} INFO - Processing /home/airflow/.local/lib/python3.7/site-packages/airflow/example_dags/example_skip_dag.py took 0.105 seconds
[2023-07-13T14:23:10.025+0000] {processor.py:157} INFO - Started process (PID=728) to work on /home/airflow/.local/lib/python3.7/site-packages/airflow/example_dags/example_skip_dag.py
[2023-07-13T14:23:10.026+0000] {processor.py:826} INFO - Processing file /home/airflow/.local/lib/python3.7/site-packages/airflow/example_dags/example_skip_dag.py for tasks to queue
[2023-07-13T14:23:10.028+0000] {logging_mixin.py:150} INFO - [2023-07-13T14:23:10.028+0000] {dagbag.py:541} INFO - Filling up the DagBag from /home/airflow/.local/lib/python3.7/site-packages/airflow/example_dags/example_skip_dag.py
[2023-07-13T14:23:10.035+0000] {processor.py:836} INFO - DAG(s) dict_keys(['example_skip_dag']) retrieved from /home/airflow/.local/lib/python3.7/site-packages/airflow/example_dags/example_skip_dag.py
[2023-07-13T14:23:10.060+0000] {logging_mixin.py:150} INFO - [2023-07-13T14:23:10.060+0000] {dag.py:2742} INFO - Sync 1 DAGs
[2023-07-13T14:23:10.088+0000] {logging_mixin.py:150} INFO - [2023-07-13T14:23:10.088+0000] {dag.py:3508} INFO - Setting next_dagrun for example_skip_dag to 2023-07-12T14:23:10.087807+00:00, run_after=2023-07-13T14:23:10.087807+00:00
[2023-07-13T14:23:10.106+0000] {processor.py:179} INFO - Processing /home/airflow/.local/lib/python3.7/site-packages/airflow/example_dags/example_skip_dag.py took 0.084 seconds
[2023-07-13T14:23:41.181+0000] {processor.py:157} INFO - Started process (PID=785) to work on /home/airflow/.local/lib/python3.7/site-packages/airflow/example_dags/example_skip_dag.py
[2023-07-13T14:23:41.182+0000] {processor.py:826} INFO - Processing file /home/airflow/.local/lib/python3.7/site-packages/airflow/example_dags/example_skip_dag.py for tasks to queue
[2023-07-13T14:23:41.183+0000] {logging_mixin.py:150} INFO - [2023-07-13T14:23:41.183+0000] {dagbag.py:541} INFO - Filling up the DagBag from /home/airflow/.local/lib/python3.7/site-packages/airflow/example_dags/example_skip_dag.py
[2023-07-13T14:23:41.192+0000] {processor.py:836} INFO - DAG(s) dict_keys(['example_skip_dag']) retrieved from /home/airflow/.local/lib/python3.7/site-packages/airflow/example_dags/example_skip_dag.py
[2023-07-13T14:23:41.215+0000] {logging_mixin.py:150} INFO - [2023-07-13T14:23:41.214+0000] {dag.py:2742} INFO - Sync 1 DAGs
[2023-07-13T14:23:41.247+0000] {logging_mixin.py:150} INFO - [2023-07-13T14:23:41.247+0000] {dag.py:3508} INFO - Setting next_dagrun for example_skip_dag to 2023-07-12T14:23:41.247194+00:00, run_after=2023-07-13T14:23:41.247194+00:00
[2023-07-13T14:23:41.555+0000] {processor.py:179} INFO - Processing /home/airflow/.local/lib/python3.7/site-packages/airflow/example_dags/example_skip_dag.py took 0.373 seconds
[2023-07-13T14:24:12.570+0000] {processor.py:157} INFO - Started process (PID=843) to work on /home/airflow/.local/lib/python3.7/site-packages/airflow/example_dags/example_skip_dag.py
[2023-07-13T14:24:12.573+0000] {processor.py:826} INFO - Processing file /home/airflow/.local/lib/python3.7/site-packages/airflow/example_dags/example_skip_dag.py for tasks to queue
[2023-07-13T14:24:12.575+0000] {logging_mixin.py:150} INFO - [2023-07-13T14:24:12.575+0000] {dagbag.py:541} INFO - Filling up the DagBag from /home/airflow/.local/lib/python3.7/site-packages/airflow/example_dags/example_skip_dag.py
[2023-07-13T14:24:12.589+0000] {processor.py:836} INFO - DAG(s) dict_keys(['example_skip_dag']) retrieved from /home/airflow/.local/lib/python3.7/site-packages/airflow/example_dags/example_skip_dag.py
[2023-07-13T14:24:12.615+0000] {logging_mixin.py:150} INFO - [2023-07-13T14:24:12.615+0000] {dag.py:2742} INFO - Sync 1 DAGs
[2023-07-13T14:24:12.632+0000] {logging_mixin.py:150} INFO - [2023-07-13T14:24:12.632+0000] {dag.py:3508} INFO - Setting next_dagrun for example_skip_dag to 2023-07-12T14:24:12.632327+00:00, run_after=2023-07-13T14:24:12.632327+00:00
[2023-07-13T14:24:12.645+0000] {processor.py:179} INFO - Processing /home/airflow/.local/lib/python3.7/site-packages/airflow/example_dags/example_skip_dag.py took 0.081 seconds
[2023-07-13T14:24:42.996+0000] {processor.py:157} INFO - Started process (PID=900) to work on /home/airflow/.local/lib/python3.7/site-packages/airflow/example_dags/example_skip_dag.py
[2023-07-13T14:24:42.998+0000] {processor.py:826} INFO - Processing file /home/airflow/.local/lib/python3.7/site-packages/airflow/example_dags/example_skip_dag.py for tasks to queue
[2023-07-13T14:24:42.999+0000] {logging_mixin.py:150} INFO - [2023-07-13T14:24:42.999+0000] {dagbag.py:541} INFO - Filling up the DagBag from /home/airflow/.local/lib/python3.7/site-packages/airflow/example_dags/example_skip_dag.py
[2023-07-13T14:24:43.009+0000] {processor.py:836} INFO - DAG(s) dict_keys(['example_skip_dag']) retrieved from /home/airflow/.local/lib/python3.7/site-packages/airflow/example_dags/example_skip_dag.py
[2023-07-13T14:24:43.032+0000] {logging_mixin.py:150} INFO - [2023-07-13T14:24:43.032+0000] {dag.py:2742} INFO - Sync 1 DAGs
[2023-07-13T14:24:43.050+0000] {logging_mixin.py:150} INFO - [2023-07-13T14:24:43.050+0000] {dag.py:3508} INFO - Setting next_dagrun for example_skip_dag to 2023-07-12T14:24:43.049901+00:00, run_after=2023-07-13T14:24:43.049901+00:00
[2023-07-13T14:24:43.064+0000] {processor.py:179} INFO - Processing /home/airflow/.local/lib/python3.7/site-packages/airflow/example_dags/example_skip_dag.py took 0.074 seconds
[2023-07-13T14:25:13.339+0000] {processor.py:157} INFO - Started process (PID=956) to work on /home/airflow/.local/lib/python3.7/site-packages/airflow/example_dags/example_skip_dag.py
[2023-07-13T14:25:13.343+0000] {processor.py:826} INFO - Processing file /home/airflow/.local/lib/python3.7/site-packages/airflow/example_dags/example_skip_dag.py for tasks to queue
[2023-07-13T14:25:13.347+0000] {logging_mixin.py:150} INFO - [2023-07-13T14:25:13.346+0000] {dagbag.py:541} INFO - Filling up the DagBag from /home/airflow/.local/lib/python3.7/site-packages/airflow/example_dags/example_skip_dag.py
[2023-07-13T14:25:13.369+0000] {processor.py:836} INFO - DAG(s) dict_keys(['example_skip_dag']) retrieved from /home/airflow/.local/lib/python3.7/site-packages/airflow/example_dags/example_skip_dag.py
[2023-07-13T14:25:13.438+0000] {logging_mixin.py:150} INFO - [2023-07-13T14:25:13.438+0000] {dag.py:2742} INFO - Sync 1 DAGs
[2023-07-13T14:25:13.482+0000] {logging_mixin.py:150} INFO - [2023-07-13T14:25:13.482+0000] {dag.py:3508} INFO - Setting next_dagrun for example_skip_dag to 2023-07-12T14:25:13.482130+00:00, run_after=2023-07-13T14:25:13.482130+00:00
[2023-07-13T14:25:13.502+0000] {processor.py:179} INFO - Processing /home/airflow/.local/lib/python3.7/site-packages/airflow/example_dags/example_skip_dag.py took 0.190 seconds
