[2023-07-13T14:17:00.249+0000] {processor.py:157} INFO - Started process (PID=49) to work on /home/airflow/.local/lib/python3.7/site-packages/airflow/example_dags/example_branch_labels.py
[2023-07-13T14:17:00.255+0000] {processor.py:826} INFO - Processing file /home/airflow/.local/lib/python3.7/site-packages/airflow/example_dags/example_branch_labels.py for tasks to queue
[2023-07-13T14:17:00.260+0000] {logging_mixin.py:150} INFO - [2023-07-13T14:17:00.259+0000] {dagbag.py:541} INFO - Filling up the DagBag from /home/airflow/.local/lib/python3.7/site-packages/airflow/example_dags/example_branch_labels.py
[2023-07-13T14:17:00.282+0000] {processor.py:836} INFO - DAG(s) dict_keys(['example_branch_labels']) retrieved from /home/airflow/.local/lib/python3.7/site-packages/airflow/example_dags/example_branch_labels.py
[2023-07-13T14:17:00.353+0000] {logging_mixin.py:150} INFO - [2023-07-13T14:17:00.353+0000] {dag.py:2742} INFO - Sync 1 DAGs
[2023-07-13T14:17:00.503+0000] {logging_mixin.py:150} INFO - [2023-07-13T14:17:00.503+0000] {dag.py:3508} INFO - Setting next_dagrun for example_branch_labels to 2023-07-12T00:00:00+00:00, run_after=2023-07-13T00:00:00+00:00
[2023-07-13T14:17:00.588+0000] {processor.py:179} INFO - Processing /home/airflow/.local/lib/python3.7/site-packages/airflow/example_dags/example_branch_labels.py took 0.360 seconds
[2023-07-13T14:17:31.312+0000] {processor.py:157} INFO - Started process (PID=105) to work on /home/airflow/.local/lib/python3.7/site-packages/airflow/example_dags/example_branch_labels.py
[2023-07-13T14:17:31.313+0000] {processor.py:826} INFO - Processing file /home/airflow/.local/lib/python3.7/site-packages/airflow/example_dags/example_branch_labels.py for tasks to queue
[2023-07-13T14:17:31.314+0000] {logging_mixin.py:150} INFO - [2023-07-13T14:17:31.314+0000] {dagbag.py:541} INFO - Filling up the DagBag from /home/airflow/.local/lib/python3.7/site-packages/airflow/example_dags/example_branch_labels.py
[2023-07-13T14:17:31.321+0000] {processor.py:836} INFO - DAG(s) dict_keys(['example_branch_labels']) retrieved from /home/airflow/.local/lib/python3.7/site-packages/airflow/example_dags/example_branch_labels.py
[2023-07-13T14:17:31.350+0000] {logging_mixin.py:150} INFO - [2023-07-13T14:17:31.350+0000] {dag.py:2742} INFO - Sync 1 DAGs
[2023-07-13T14:17:31.376+0000] {logging_mixin.py:150} INFO - [2023-07-13T14:17:31.376+0000] {dag.py:3508} INFO - Setting next_dagrun for example_branch_labels to 2023-07-12T00:00:00+00:00, run_after=2023-07-13T00:00:00+00:00
[2023-07-13T14:17:31.390+0000] {processor.py:179} INFO - Processing /home/airflow/.local/lib/python3.7/site-packages/airflow/example_dags/example_branch_labels.py took 0.081 seconds
[2023-07-13T14:18:01.496+0000] {processor.py:157} INFO - Started process (PID=162) to work on /home/airflow/.local/lib/python3.7/site-packages/airflow/example_dags/example_branch_labels.py
[2023-07-13T14:18:01.497+0000] {processor.py:826} INFO - Processing file /home/airflow/.local/lib/python3.7/site-packages/airflow/example_dags/example_branch_labels.py for tasks to queue
[2023-07-13T14:18:01.498+0000] {logging_mixin.py:150} INFO - [2023-07-13T14:18:01.498+0000] {dagbag.py:541} INFO - Filling up the DagBag from /home/airflow/.local/lib/python3.7/site-packages/airflow/example_dags/example_branch_labels.py
[2023-07-13T14:18:01.504+0000] {processor.py:836} INFO - DAG(s) dict_keys(['example_branch_labels']) retrieved from /home/airflow/.local/lib/python3.7/site-packages/airflow/example_dags/example_branch_labels.py
[2023-07-13T14:18:01.523+0000] {logging_mixin.py:150} INFO - [2023-07-13T14:18:01.523+0000] {dag.py:2742} INFO - Sync 1 DAGs
[2023-07-13T14:18:01.538+0000] {logging_mixin.py:150} INFO - [2023-07-13T14:18:01.538+0000] {dag.py:3508} INFO - Setting next_dagrun for example_branch_labels to 2023-07-12T00:00:00+00:00, run_after=2023-07-13T00:00:00+00:00
[2023-07-13T14:18:01.548+0000] {processor.py:179} INFO - Processing /home/airflow/.local/lib/python3.7/site-packages/airflow/example_dags/example_branch_labels.py took 0.055 seconds
[2023-07-13T14:18:31.786+0000] {processor.py:157} INFO - Started process (PID=219) to work on /home/airflow/.local/lib/python3.7/site-packages/airflow/example_dags/example_branch_labels.py
[2023-07-13T14:18:31.788+0000] {processor.py:826} INFO - Processing file /home/airflow/.local/lib/python3.7/site-packages/airflow/example_dags/example_branch_labels.py for tasks to queue
[2023-07-13T14:18:31.788+0000] {logging_mixin.py:150} INFO - [2023-07-13T14:18:31.788+0000] {dagbag.py:541} INFO - Filling up the DagBag from /home/airflow/.local/lib/python3.7/site-packages/airflow/example_dags/example_branch_labels.py
[2023-07-13T14:18:31.794+0000] {processor.py:836} INFO - DAG(s) dict_keys(['example_branch_labels']) retrieved from /home/airflow/.local/lib/python3.7/site-packages/airflow/example_dags/example_branch_labels.py
[2023-07-13T14:18:31.814+0000] {logging_mixin.py:150} INFO - [2023-07-13T14:18:31.814+0000] {dag.py:2742} INFO - Sync 1 DAGs
[2023-07-13T14:18:31.833+0000] {logging_mixin.py:150} INFO - [2023-07-13T14:18:31.833+0000] {dag.py:3508} INFO - Setting next_dagrun for example_branch_labels to 2023-07-12T00:00:00+00:00, run_after=2023-07-13T00:00:00+00:00
[2023-07-13T14:18:31.849+0000] {processor.py:179} INFO - Processing /home/airflow/.local/lib/python3.7/site-packages/airflow/example_dags/example_branch_labels.py took 0.066 seconds
[2023-07-13T14:19:02.580+0000] {processor.py:157} INFO - Started process (PID=275) to work on /home/airflow/.local/lib/python3.7/site-packages/airflow/example_dags/example_branch_labels.py
[2023-07-13T14:19:02.581+0000] {processor.py:826} INFO - Processing file /home/airflow/.local/lib/python3.7/site-packages/airflow/example_dags/example_branch_labels.py for tasks to queue
[2023-07-13T14:19:02.582+0000] {logging_mixin.py:150} INFO - [2023-07-13T14:19:02.582+0000] {dagbag.py:541} INFO - Filling up the DagBag from /home/airflow/.local/lib/python3.7/site-packages/airflow/example_dags/example_branch_labels.py
[2023-07-13T14:19:02.588+0000] {processor.py:836} INFO - DAG(s) dict_keys(['example_branch_labels']) retrieved from /home/airflow/.local/lib/python3.7/site-packages/airflow/example_dags/example_branch_labels.py
[2023-07-13T14:19:02.611+0000] {logging_mixin.py:150} INFO - [2023-07-13T14:19:02.610+0000] {dag.py:2742} INFO - Sync 1 DAGs
[2023-07-13T14:19:02.630+0000] {logging_mixin.py:150} INFO - [2023-07-13T14:19:02.629+0000] {dag.py:3508} INFO - Setting next_dagrun for example_branch_labels to 2023-07-12T00:00:00+00:00, run_after=2023-07-13T00:00:00+00:00
[2023-07-13T14:19:02.645+0000] {processor.py:179} INFO - Processing /home/airflow/.local/lib/python3.7/site-packages/airflow/example_dags/example_branch_labels.py took 0.068 seconds
[2023-07-13T14:19:33.049+0000] {processor.py:157} INFO - Started process (PID=332) to work on /home/airflow/.local/lib/python3.7/site-packages/airflow/example_dags/example_branch_labels.py
[2023-07-13T14:19:33.050+0000] {processor.py:826} INFO - Processing file /home/airflow/.local/lib/python3.7/site-packages/airflow/example_dags/example_branch_labels.py for tasks to queue
[2023-07-13T14:19:33.051+0000] {logging_mixin.py:150} INFO - [2023-07-13T14:19:33.051+0000] {dagbag.py:541} INFO - Filling up the DagBag from /home/airflow/.local/lib/python3.7/site-packages/airflow/example_dags/example_branch_labels.py
[2023-07-13T14:19:33.057+0000] {processor.py:836} INFO - DAG(s) dict_keys(['example_branch_labels']) retrieved from /home/airflow/.local/lib/python3.7/site-packages/airflow/example_dags/example_branch_labels.py
[2023-07-13T14:19:33.077+0000] {logging_mixin.py:150} INFO - [2023-07-13T14:19:33.077+0000] {dag.py:2742} INFO - Sync 1 DAGs
[2023-07-13T14:19:33.094+0000] {logging_mixin.py:150} INFO - [2023-07-13T14:19:33.094+0000] {dag.py:3508} INFO - Setting next_dagrun for example_branch_labels to 2023-07-12T00:00:00+00:00, run_after=2023-07-13T00:00:00+00:00
[2023-07-13T14:19:33.105+0000] {processor.py:179} INFO - Processing /home/airflow/.local/lib/python3.7/site-packages/airflow/example_dags/example_branch_labels.py took 0.059 seconds
[2023-07-13T14:20:03.447+0000] {processor.py:157} INFO - Started process (PID=389) to work on /home/airflow/.local/lib/python3.7/site-packages/airflow/example_dags/example_branch_labels.py
[2023-07-13T14:20:03.448+0000] {processor.py:826} INFO - Processing file /home/airflow/.local/lib/python3.7/site-packages/airflow/example_dags/example_branch_labels.py for tasks to queue
[2023-07-13T14:20:03.449+0000] {logging_mixin.py:150} INFO - [2023-07-13T14:20:03.449+0000] {dagbag.py:541} INFO - Filling up the DagBag from /home/airflow/.local/lib/python3.7/site-packages/airflow/example_dags/example_branch_labels.py
[2023-07-13T14:20:03.455+0000] {processor.py:836} INFO - DAG(s) dict_keys(['example_branch_labels']) retrieved from /home/airflow/.local/lib/python3.7/site-packages/airflow/example_dags/example_branch_labels.py
[2023-07-13T14:20:03.476+0000] {logging_mixin.py:150} INFO - [2023-07-13T14:20:03.476+0000] {dag.py:2742} INFO - Sync 1 DAGs
[2023-07-13T14:20:03.494+0000] {logging_mixin.py:150} INFO - [2023-07-13T14:20:03.494+0000] {dag.py:3508} INFO - Setting next_dagrun for example_branch_labels to 2023-07-12T00:00:00+00:00, run_after=2023-07-13T00:00:00+00:00
[2023-07-13T14:20:03.505+0000] {processor.py:179} INFO - Processing /home/airflow/.local/lib/python3.7/site-packages/airflow/example_dags/example_branch_labels.py took 0.061 seconds
[2023-07-13T14:20:33.814+0000] {processor.py:157} INFO - Started process (PID=446) to work on /home/airflow/.local/lib/python3.7/site-packages/airflow/example_dags/example_branch_labels.py
[2023-07-13T14:20:33.815+0000] {processor.py:826} INFO - Processing file /home/airflow/.local/lib/python3.7/site-packages/airflow/example_dags/example_branch_labels.py for tasks to queue
[2023-07-13T14:20:33.816+0000] {logging_mixin.py:150} INFO - [2023-07-13T14:20:33.815+0000] {dagbag.py:541} INFO - Filling up the DagBag from /home/airflow/.local/lib/python3.7/site-packages/airflow/example_dags/example_branch_labels.py
[2023-07-13T14:20:33.822+0000] {processor.py:836} INFO - DAG(s) dict_keys(['example_branch_labels']) retrieved from /home/airflow/.local/lib/python3.7/site-packages/airflow/example_dags/example_branch_labels.py
[2023-07-13T14:20:33.846+0000] {logging_mixin.py:150} INFO - [2023-07-13T14:20:33.846+0000] {dag.py:2742} INFO - Sync 1 DAGs
[2023-07-13T14:20:33.863+0000] {logging_mixin.py:150} INFO - [2023-07-13T14:20:33.863+0000] {dag.py:3508} INFO - Setting next_dagrun for example_branch_labels to 2023-07-12T00:00:00+00:00, run_after=2023-07-13T00:00:00+00:00
[2023-07-13T14:20:33.873+0000] {processor.py:179} INFO - Processing /home/airflow/.local/lib/python3.7/site-packages/airflow/example_dags/example_branch_labels.py took 0.063 seconds
[2023-07-13T14:21:04.693+0000] {processor.py:157} INFO - Started process (PID=502) to work on /home/airflow/.local/lib/python3.7/site-packages/airflow/example_dags/example_branch_labels.py
[2023-07-13T14:21:04.695+0000] {processor.py:826} INFO - Processing file /home/airflow/.local/lib/python3.7/site-packages/airflow/example_dags/example_branch_labels.py for tasks to queue
[2023-07-13T14:21:04.696+0000] {logging_mixin.py:150} INFO - [2023-07-13T14:21:04.696+0000] {dagbag.py:541} INFO - Filling up the DagBag from /home/airflow/.local/lib/python3.7/site-packages/airflow/example_dags/example_branch_labels.py
[2023-07-13T14:21:04.703+0000] {processor.py:836} INFO - DAG(s) dict_keys(['example_branch_labels']) retrieved from /home/airflow/.local/lib/python3.7/site-packages/airflow/example_dags/example_branch_labels.py
[2023-07-13T14:21:04.725+0000] {logging_mixin.py:150} INFO - [2023-07-13T14:21:04.725+0000] {dag.py:2742} INFO - Sync 1 DAGs
[2023-07-13T14:21:04.743+0000] {logging_mixin.py:150} INFO - [2023-07-13T14:21:04.743+0000] {dag.py:3508} INFO - Setting next_dagrun for example_branch_labels to 2023-07-12T00:00:00+00:00, run_after=2023-07-13T00:00:00+00:00
[2023-07-13T14:21:04.756+0000] {processor.py:179} INFO - Processing /home/airflow/.local/lib/python3.7/site-packages/airflow/example_dags/example_branch_labels.py took 0.066 seconds
[2023-07-13T14:21:35.267+0000] {processor.py:157} INFO - Started process (PID=558) to work on /home/airflow/.local/lib/python3.7/site-packages/airflow/example_dags/example_branch_labels.py
[2023-07-13T14:21:35.268+0000] {processor.py:826} INFO - Processing file /home/airflow/.local/lib/python3.7/site-packages/airflow/example_dags/example_branch_labels.py for tasks to queue
[2023-07-13T14:21:35.269+0000] {logging_mixin.py:150} INFO - [2023-07-13T14:21:35.269+0000] {dagbag.py:541} INFO - Filling up the DagBag from /home/airflow/.local/lib/python3.7/site-packages/airflow/example_dags/example_branch_labels.py
[2023-07-13T14:21:35.275+0000] {processor.py:836} INFO - DAG(s) dict_keys(['example_branch_labels']) retrieved from /home/airflow/.local/lib/python3.7/site-packages/airflow/example_dags/example_branch_labels.py
[2023-07-13T14:21:35.296+0000] {logging_mixin.py:150} INFO - [2023-07-13T14:21:35.296+0000] {dag.py:2742} INFO - Sync 1 DAGs
[2023-07-13T14:21:35.314+0000] {logging_mixin.py:150} INFO - [2023-07-13T14:21:35.313+0000] {dag.py:3508} INFO - Setting next_dagrun for example_branch_labels to 2023-07-12T00:00:00+00:00, run_after=2023-07-13T00:00:00+00:00
[2023-07-13T14:21:35.324+0000] {processor.py:179} INFO - Processing /home/airflow/.local/lib/python3.7/site-packages/airflow/example_dags/example_branch_labels.py took 0.060 seconds
[2023-07-13T14:22:06.346+0000] {processor.py:157} INFO - Started process (PID=615) to work on /home/airflow/.local/lib/python3.7/site-packages/airflow/example_dags/example_branch_labels.py
[2023-07-13T14:22:06.348+0000] {processor.py:826} INFO - Processing file /home/airflow/.local/lib/python3.7/site-packages/airflow/example_dags/example_branch_labels.py for tasks to queue
[2023-07-13T14:22:06.349+0000] {logging_mixin.py:150} INFO - [2023-07-13T14:22:06.348+0000] {dagbag.py:541} INFO - Filling up the DagBag from /home/airflow/.local/lib/python3.7/site-packages/airflow/example_dags/example_branch_labels.py
[2023-07-13T14:22:06.355+0000] {processor.py:836} INFO - DAG(s) dict_keys(['example_branch_labels']) retrieved from /home/airflow/.local/lib/python3.7/site-packages/airflow/example_dags/example_branch_labels.py
[2023-07-13T14:22:06.377+0000] {logging_mixin.py:150} INFO - [2023-07-13T14:22:06.377+0000] {dag.py:2742} INFO - Sync 1 DAGs
[2023-07-13T14:22:06.398+0000] {logging_mixin.py:150} INFO - [2023-07-13T14:22:06.398+0000] {dag.py:3508} INFO - Setting next_dagrun for example_branch_labels to 2023-07-12T00:00:00+00:00, run_after=2023-07-13T00:00:00+00:00
[2023-07-13T14:22:06.415+0000] {processor.py:179} INFO - Processing /home/airflow/.local/lib/python3.7/site-packages/airflow/example_dags/example_branch_labels.py took 0.071 seconds
[2023-07-13T14:22:40.014+0000] {processor.py:157} INFO - Started process (PID=672) to work on /home/airflow/.local/lib/python3.7/site-packages/airflow/example_dags/example_branch_labels.py
[2023-07-13T14:22:40.016+0000] {processor.py:826} INFO - Processing file /home/airflow/.local/lib/python3.7/site-packages/airflow/example_dags/example_branch_labels.py for tasks to queue
[2023-07-13T14:22:40.017+0000] {logging_mixin.py:150} INFO - [2023-07-13T14:22:40.017+0000] {dagbag.py:541} INFO - Filling up the DagBag from /home/airflow/.local/lib/python3.7/site-packages/airflow/example_dags/example_branch_labels.py
[2023-07-13T14:22:40.025+0000] {processor.py:836} INFO - DAG(s) dict_keys(['example_branch_labels']) retrieved from /home/airflow/.local/lib/python3.7/site-packages/airflow/example_dags/example_branch_labels.py
[2023-07-13T14:22:40.069+0000] {logging_mixin.py:150} INFO - [2023-07-13T14:22:40.068+0000] {dag.py:2742} INFO - Sync 1 DAGs
[2023-07-13T14:22:40.111+0000] {logging_mixin.py:150} INFO - [2023-07-13T14:22:40.111+0000] {dag.py:3508} INFO - Setting next_dagrun for example_branch_labels to 2023-07-12T00:00:00+00:00, run_after=2023-07-13T00:00:00+00:00
[2023-07-13T14:22:40.141+0000] {processor.py:179} INFO - Processing /home/airflow/.local/lib/python3.7/site-packages/airflow/example_dags/example_branch_labels.py took 0.130 seconds
[2023-07-13T14:23:10.248+0000] {processor.py:157} INFO - Started process (PID=730) to work on /home/airflow/.local/lib/python3.7/site-packages/airflow/example_dags/example_branch_labels.py
[2023-07-13T14:23:10.249+0000] {processor.py:826} INFO - Processing file /home/airflow/.local/lib/python3.7/site-packages/airflow/example_dags/example_branch_labels.py for tasks to queue
[2023-07-13T14:23:10.250+0000] {logging_mixin.py:150} INFO - [2023-07-13T14:23:10.250+0000] {dagbag.py:541} INFO - Filling up the DagBag from /home/airflow/.local/lib/python3.7/site-packages/airflow/example_dags/example_branch_labels.py
[2023-07-13T14:23:10.257+0000] {processor.py:836} INFO - DAG(s) dict_keys(['example_branch_labels']) retrieved from /home/airflow/.local/lib/python3.7/site-packages/airflow/example_dags/example_branch_labels.py
[2023-07-13T14:23:10.283+0000] {logging_mixin.py:150} INFO - [2023-07-13T14:23:10.283+0000] {dag.py:2742} INFO - Sync 1 DAGs
[2023-07-13T14:23:10.305+0000] {logging_mixin.py:150} INFO - [2023-07-13T14:23:10.305+0000] {dag.py:3508} INFO - Setting next_dagrun for example_branch_labels to 2023-07-12T00:00:00+00:00, run_after=2023-07-13T00:00:00+00:00
[2023-07-13T14:23:10.325+0000] {processor.py:179} INFO - Processing /home/airflow/.local/lib/python3.7/site-packages/airflow/example_dags/example_branch_labels.py took 0.081 seconds
[2023-07-13T14:23:42.395+0000] {processor.py:157} INFO - Started process (PID=787) to work on /home/airflow/.local/lib/python3.7/site-packages/airflow/example_dags/example_branch_labels.py
[2023-07-13T14:23:42.397+0000] {processor.py:826} INFO - Processing file /home/airflow/.local/lib/python3.7/site-packages/airflow/example_dags/example_branch_labels.py for tasks to queue
[2023-07-13T14:23:42.399+0000] {logging_mixin.py:150} INFO - [2023-07-13T14:23:42.398+0000] {dagbag.py:541} INFO - Filling up the DagBag from /home/airflow/.local/lib/python3.7/site-packages/airflow/example_dags/example_branch_labels.py
[2023-07-13T14:23:42.419+0000] {processor.py:836} INFO - DAG(s) dict_keys(['example_branch_labels']) retrieved from /home/airflow/.local/lib/python3.7/site-packages/airflow/example_dags/example_branch_labels.py
[2023-07-13T14:23:42.506+0000] {logging_mixin.py:150} INFO - [2023-07-13T14:23:42.506+0000] {dag.py:2742} INFO - Sync 1 DAGs
[2023-07-13T14:23:42.569+0000] {logging_mixin.py:150} INFO - [2023-07-13T14:23:42.569+0000] {dag.py:3508} INFO - Setting next_dagrun for example_branch_labels to 2023-07-12T00:00:00+00:00, run_after=2023-07-13T00:00:00+00:00
[2023-07-13T14:23:42.598+0000] {processor.py:179} INFO - Processing /home/airflow/.local/lib/python3.7/site-packages/airflow/example_dags/example_branch_labels.py took 0.213 seconds
[2023-07-13T14:24:12.669+0000] {processor.py:157} INFO - Started process (PID=845) to work on /home/airflow/.local/lib/python3.7/site-packages/airflow/example_dags/example_branch_labels.py
[2023-07-13T14:24:12.670+0000] {processor.py:826} INFO - Processing file /home/airflow/.local/lib/python3.7/site-packages/airflow/example_dags/example_branch_labels.py for tasks to queue
[2023-07-13T14:24:12.671+0000] {logging_mixin.py:150} INFO - [2023-07-13T14:24:12.671+0000] {dagbag.py:541} INFO - Filling up the DagBag from /home/airflow/.local/lib/python3.7/site-packages/airflow/example_dags/example_branch_labels.py
[2023-07-13T14:24:12.678+0000] {processor.py:836} INFO - DAG(s) dict_keys(['example_branch_labels']) retrieved from /home/airflow/.local/lib/python3.7/site-packages/airflow/example_dags/example_branch_labels.py
[2023-07-13T14:24:12.696+0000] {logging_mixin.py:150} INFO - [2023-07-13T14:24:12.696+0000] {dag.py:2742} INFO - Sync 1 DAGs
[2023-07-13T14:24:12.712+0000] {logging_mixin.py:150} INFO - [2023-07-13T14:24:12.712+0000] {dag.py:3508} INFO - Setting next_dagrun for example_branch_labels to 2023-07-12T00:00:00+00:00, run_after=2023-07-13T00:00:00+00:00
[2023-07-13T14:24:12.722+0000] {processor.py:179} INFO - Processing /home/airflow/.local/lib/python3.7/site-packages/airflow/example_dags/example_branch_labels.py took 0.057 seconds
[2023-07-13T14:24:43.089+0000] {processor.py:157} INFO - Started process (PID=902) to work on /home/airflow/.local/lib/python3.7/site-packages/airflow/example_dags/example_branch_labels.py
[2023-07-13T14:24:43.091+0000] {processor.py:826} INFO - Processing file /home/airflow/.local/lib/python3.7/site-packages/airflow/example_dags/example_branch_labels.py for tasks to queue
[2023-07-13T14:24:43.092+0000] {logging_mixin.py:150} INFO - [2023-07-13T14:24:43.091+0000] {dagbag.py:541} INFO - Filling up the DagBag from /home/airflow/.local/lib/python3.7/site-packages/airflow/example_dags/example_branch_labels.py
[2023-07-13T14:24:43.098+0000] {processor.py:836} INFO - DAG(s) dict_keys(['example_branch_labels']) retrieved from /home/airflow/.local/lib/python3.7/site-packages/airflow/example_dags/example_branch_labels.py
[2023-07-13T14:24:43.117+0000] {logging_mixin.py:150} INFO - [2023-07-13T14:24:43.117+0000] {dag.py:2742} INFO - Sync 1 DAGs
[2023-07-13T14:24:43.135+0000] {logging_mixin.py:150} INFO - [2023-07-13T14:24:43.135+0000] {dag.py:3508} INFO - Setting next_dagrun for example_branch_labels to 2023-07-12T00:00:00+00:00, run_after=2023-07-13T00:00:00+00:00
[2023-07-13T14:24:43.153+0000] {processor.py:179} INFO - Processing /home/airflow/.local/lib/python3.7/site-packages/airflow/example_dags/example_branch_labels.py took 0.067 seconds
[2023-07-13T14:25:13.530+0000] {processor.py:157} INFO - Started process (PID=958) to work on /home/airflow/.local/lib/python3.7/site-packages/airflow/example_dags/example_branch_labels.py
[2023-07-13T14:25:13.531+0000] {processor.py:826} INFO - Processing file /home/airflow/.local/lib/python3.7/site-packages/airflow/example_dags/example_branch_labels.py for tasks to queue
[2023-07-13T14:25:13.532+0000] {logging_mixin.py:150} INFO - [2023-07-13T14:25:13.532+0000] {dagbag.py:541} INFO - Filling up the DagBag from /home/airflow/.local/lib/python3.7/site-packages/airflow/example_dags/example_branch_labels.py
[2023-07-13T14:25:13.539+0000] {processor.py:836} INFO - DAG(s) dict_keys(['example_branch_labels']) retrieved from /home/airflow/.local/lib/python3.7/site-packages/airflow/example_dags/example_branch_labels.py
[2023-07-13T14:25:13.573+0000] {logging_mixin.py:150} INFO - [2023-07-13T14:25:13.572+0000] {dag.py:2742} INFO - Sync 1 DAGs
[2023-07-13T14:25:13.590+0000] {logging_mixin.py:150} INFO - [2023-07-13T14:25:13.590+0000] {dag.py:3508} INFO - Setting next_dagrun for example_branch_labels to 2023-07-12T00:00:00+00:00, run_after=2023-07-13T00:00:00+00:00
[2023-07-13T14:25:13.603+0000] {processor.py:179} INFO - Processing /home/airflow/.local/lib/python3.7/site-packages/airflow/example_dags/example_branch_labels.py took 0.076 seconds
