[2023-07-13T14:17:01.364+0000] {processor.py:157} INFO - Started process (PID=56) to work on /home/airflow/.local/lib/python3.7/site-packages/airflow/example_dags/example_kubernetes_executor.py
[2023-07-13T14:17:01.366+0000] {processor.py:826} INFO - Processing file /home/airflow/.local/lib/python3.7/site-packages/airflow/example_dags/example_kubernetes_executor.py for tasks to queue
[2023-07-13T14:17:01.367+0000] {logging_mixin.py:150} INFO - [2023-07-13T14:17:01.367+0000] {dagbag.py:541} INFO - Filling up the DagBag from /home/airflow/.local/lib/python3.7/site-packages/airflow/example_dags/example_kubernetes_executor.py
[2023-07-13T14:17:02.553+0000] {processor.py:836} INFO - DAG(s) dict_keys(['example_kubernetes_executor']) retrieved from /home/airflow/.local/lib/python3.7/site-packages/airflow/example_dags/example_kubernetes_executor.py
[2023-07-13T14:17:02.573+0000] {logging_mixin.py:150} INFO - [2023-07-13T14:17:02.573+0000] {dag.py:2742} INFO - Sync 1 DAGs
[2023-07-13T14:17:02.680+0000] {logging_mixin.py:150} INFO - [2023-07-13T14:17:02.680+0000] {dag.py:3508} INFO - Setting next_dagrun for example_kubernetes_executor to None, run_after=None
[2023-07-13T14:17:02.787+0000] {processor.py:179} INFO - Processing /home/airflow/.local/lib/python3.7/site-packages/airflow/example_dags/example_kubernetes_executor.py took 1.426 seconds
[2023-07-13T14:17:33.042+0000] {processor.py:157} INFO - Started process (PID=113) to work on /home/airflow/.local/lib/python3.7/site-packages/airflow/example_dags/example_kubernetes_executor.py
[2023-07-13T14:17:33.054+0000] {processor.py:826} INFO - Processing file /home/airflow/.local/lib/python3.7/site-packages/airflow/example_dags/example_kubernetes_executor.py for tasks to queue
[2023-07-13T14:17:33.060+0000] {logging_mixin.py:150} INFO - [2023-07-13T14:17:33.059+0000] {dagbag.py:541} INFO - Filling up the DagBag from /home/airflow/.local/lib/python3.7/site-packages/airflow/example_dags/example_kubernetes_executor.py
[2023-07-13T14:17:33.791+0000] {processor.py:836} INFO - DAG(s) dict_keys(['example_kubernetes_executor']) retrieved from /home/airflow/.local/lib/python3.7/site-packages/airflow/example_dags/example_kubernetes_executor.py
[2023-07-13T14:17:33.841+0000] {logging_mixin.py:150} INFO - [2023-07-13T14:17:33.841+0000] {dag.py:2742} INFO - Sync 1 DAGs
[2023-07-13T14:17:33.869+0000] {logging_mixin.py:150} INFO - [2023-07-13T14:17:33.869+0000] {dag.py:3508} INFO - Setting next_dagrun for example_kubernetes_executor to None, run_after=None
[2023-07-13T14:17:33.893+0000] {processor.py:179} INFO - Processing /home/airflow/.local/lib/python3.7/site-packages/airflow/example_dags/example_kubernetes_executor.py took 0.856 seconds
[2023-07-13T14:18:04.008+0000] {processor.py:157} INFO - Started process (PID=170) to work on /home/airflow/.local/lib/python3.7/site-packages/airflow/example_dags/example_kubernetes_executor.py
[2023-07-13T14:18:04.010+0000] {processor.py:826} INFO - Processing file /home/airflow/.local/lib/python3.7/site-packages/airflow/example_dags/example_kubernetes_executor.py for tasks to queue
[2023-07-13T14:18:04.011+0000] {logging_mixin.py:150} INFO - [2023-07-13T14:18:04.011+0000] {dagbag.py:541} INFO - Filling up the DagBag from /home/airflow/.local/lib/python3.7/site-packages/airflow/example_dags/example_kubernetes_executor.py
[2023-07-13T14:18:04.136+0000] {processor.py:836} INFO - DAG(s) dict_keys(['example_kubernetes_executor']) retrieved from /home/airflow/.local/lib/python3.7/site-packages/airflow/example_dags/example_kubernetes_executor.py
[2023-07-13T14:18:04.163+0000] {logging_mixin.py:150} INFO - [2023-07-13T14:18:04.163+0000] {dag.py:2742} INFO - Sync 1 DAGs
[2023-07-13T14:18:04.180+0000] {logging_mixin.py:150} INFO - [2023-07-13T14:18:04.180+0000] {dag.py:3508} INFO - Setting next_dagrun for example_kubernetes_executor to None, run_after=None
[2023-07-13T14:18:04.191+0000] {processor.py:179} INFO - Processing /home/airflow/.local/lib/python3.7/site-packages/airflow/example_dags/example_kubernetes_executor.py took 0.189 seconds
[2023-07-13T14:18:34.243+0000] {processor.py:157} INFO - Started process (PID=228) to work on /home/airflow/.local/lib/python3.7/site-packages/airflow/example_dags/example_kubernetes_executor.py
[2023-07-13T14:18:34.245+0000] {processor.py:826} INFO - Processing file /home/airflow/.local/lib/python3.7/site-packages/airflow/example_dags/example_kubernetes_executor.py for tasks to queue
[2023-07-13T14:18:34.246+0000] {logging_mixin.py:150} INFO - [2023-07-13T14:18:34.246+0000] {dagbag.py:541} INFO - Filling up the DagBag from /home/airflow/.local/lib/python3.7/site-packages/airflow/example_dags/example_kubernetes_executor.py
[2023-07-13T14:18:34.368+0000] {processor.py:836} INFO - DAG(s) dict_keys(['example_kubernetes_executor']) retrieved from /home/airflow/.local/lib/python3.7/site-packages/airflow/example_dags/example_kubernetes_executor.py
[2023-07-13T14:18:34.398+0000] {logging_mixin.py:150} INFO - [2023-07-13T14:18:34.398+0000] {dag.py:2742} INFO - Sync 1 DAGs
[2023-07-13T14:18:34.418+0000] {logging_mixin.py:150} INFO - [2023-07-13T14:18:34.418+0000] {dag.py:3508} INFO - Setting next_dagrun for example_kubernetes_executor to None, run_after=None
[2023-07-13T14:18:34.432+0000] {processor.py:179} INFO - Processing /home/airflow/.local/lib/python3.7/site-packages/airflow/example_dags/example_kubernetes_executor.py took 0.192 seconds
[2023-07-13T14:19:04.995+0000] {processor.py:157} INFO - Started process (PID=283) to work on /home/airflow/.local/lib/python3.7/site-packages/airflow/example_dags/example_kubernetes_executor.py
[2023-07-13T14:19:04.997+0000] {processor.py:826} INFO - Processing file /home/airflow/.local/lib/python3.7/site-packages/airflow/example_dags/example_kubernetes_executor.py for tasks to queue
[2023-07-13T14:19:04.999+0000] {logging_mixin.py:150} INFO - [2023-07-13T14:19:04.998+0000] {dagbag.py:541} INFO - Filling up the DagBag from /home/airflow/.local/lib/python3.7/site-packages/airflow/example_dags/example_kubernetes_executor.py
[2023-07-13T14:19:05.138+0000] {processor.py:836} INFO - DAG(s) dict_keys(['example_kubernetes_executor']) retrieved from /home/airflow/.local/lib/python3.7/site-packages/airflow/example_dags/example_kubernetes_executor.py
[2023-07-13T14:19:05.167+0000] {logging_mixin.py:150} INFO - [2023-07-13T14:19:05.167+0000] {dag.py:2742} INFO - Sync 1 DAGs
[2023-07-13T14:19:05.184+0000] {logging_mixin.py:150} INFO - [2023-07-13T14:19:05.183+0000] {dag.py:3508} INFO - Setting next_dagrun for example_kubernetes_executor to None, run_after=None
[2023-07-13T14:19:05.196+0000] {processor.py:179} INFO - Processing /home/airflow/.local/lib/python3.7/site-packages/airflow/example_dags/example_kubernetes_executor.py took 0.208 seconds
[2023-07-13T14:19:35.420+0000] {processor.py:157} INFO - Started process (PID=340) to work on /home/airflow/.local/lib/python3.7/site-packages/airflow/example_dags/example_kubernetes_executor.py
[2023-07-13T14:19:35.422+0000] {processor.py:826} INFO - Processing file /home/airflow/.local/lib/python3.7/site-packages/airflow/example_dags/example_kubernetes_executor.py for tasks to queue
[2023-07-13T14:19:35.424+0000] {logging_mixin.py:150} INFO - [2023-07-13T14:19:35.424+0000] {dagbag.py:541} INFO - Filling up the DagBag from /home/airflow/.local/lib/python3.7/site-packages/airflow/example_dags/example_kubernetes_executor.py
[2023-07-13T14:19:35.558+0000] {processor.py:836} INFO - DAG(s) dict_keys(['example_kubernetes_executor']) retrieved from /home/airflow/.local/lib/python3.7/site-packages/airflow/example_dags/example_kubernetes_executor.py
[2023-07-13T14:19:35.587+0000] {logging_mixin.py:150} INFO - [2023-07-13T14:19:35.586+0000] {dag.py:2742} INFO - Sync 1 DAGs
[2023-07-13T14:19:35.603+0000] {logging_mixin.py:150} INFO - [2023-07-13T14:19:35.603+0000] {dag.py:3508} INFO - Setting next_dagrun for example_kubernetes_executor to None, run_after=None
[2023-07-13T14:19:35.613+0000] {processor.py:179} INFO - Processing /home/airflow/.local/lib/python3.7/site-packages/airflow/example_dags/example_kubernetes_executor.py took 0.198 seconds
[2023-07-13T14:20:05.817+0000] {processor.py:157} INFO - Started process (PID=397) to work on /home/airflow/.local/lib/python3.7/site-packages/airflow/example_dags/example_kubernetes_executor.py
[2023-07-13T14:20:05.819+0000] {processor.py:826} INFO - Processing file /home/airflow/.local/lib/python3.7/site-packages/airflow/example_dags/example_kubernetes_executor.py for tasks to queue
[2023-07-13T14:20:05.821+0000] {logging_mixin.py:150} INFO - [2023-07-13T14:20:05.820+0000] {dagbag.py:541} INFO - Filling up the DagBag from /home/airflow/.local/lib/python3.7/site-packages/airflow/example_dags/example_kubernetes_executor.py
[2023-07-13T14:20:05.956+0000] {processor.py:836} INFO - DAG(s) dict_keys(['example_kubernetes_executor']) retrieved from /home/airflow/.local/lib/python3.7/site-packages/airflow/example_dags/example_kubernetes_executor.py
[2023-07-13T14:20:05.985+0000] {logging_mixin.py:150} INFO - [2023-07-13T14:20:05.985+0000] {dag.py:2742} INFO - Sync 1 DAGs
[2023-07-13T14:20:06.002+0000] {logging_mixin.py:150} INFO - [2023-07-13T14:20:06.002+0000] {dag.py:3508} INFO - Setting next_dagrun for example_kubernetes_executor to None, run_after=None
[2023-07-13T14:20:06.014+0000] {processor.py:179} INFO - Processing /home/airflow/.local/lib/python3.7/site-packages/airflow/example_dags/example_kubernetes_executor.py took 0.203 seconds
[2023-07-13T14:20:36.222+0000] {processor.py:157} INFO - Started process (PID=454) to work on /home/airflow/.local/lib/python3.7/site-packages/airflow/example_dags/example_kubernetes_executor.py
[2023-07-13T14:20:36.224+0000] {processor.py:826} INFO - Processing file /home/airflow/.local/lib/python3.7/site-packages/airflow/example_dags/example_kubernetes_executor.py for tasks to queue
[2023-07-13T14:20:36.227+0000] {logging_mixin.py:150} INFO - [2023-07-13T14:20:36.226+0000] {dagbag.py:541} INFO - Filling up the DagBag from /home/airflow/.local/lib/python3.7/site-packages/airflow/example_dags/example_kubernetes_executor.py
[2023-07-13T14:20:36.584+0000] {processor.py:836} INFO - DAG(s) dict_keys(['example_kubernetes_executor']) retrieved from /home/airflow/.local/lib/python3.7/site-packages/airflow/example_dags/example_kubernetes_executor.py
[2023-07-13T14:20:36.620+0000] {logging_mixin.py:150} INFO - [2023-07-13T14:20:36.620+0000] {dag.py:2742} INFO - Sync 1 DAGs
[2023-07-13T14:20:36.637+0000] {logging_mixin.py:150} INFO - [2023-07-13T14:20:36.637+0000] {dag.py:3508} INFO - Setting next_dagrun for example_kubernetes_executor to None, run_after=None
[2023-07-13T14:20:36.649+0000] {processor.py:179} INFO - Processing /home/airflow/.local/lib/python3.7/site-packages/airflow/example_dags/example_kubernetes_executor.py took 0.436 seconds
[2023-07-13T14:21:07.094+0000] {processor.py:157} INFO - Started process (PID=510) to work on /home/airflow/.local/lib/python3.7/site-packages/airflow/example_dags/example_kubernetes_executor.py
[2023-07-13T14:21:07.098+0000] {processor.py:826} INFO - Processing file /home/airflow/.local/lib/python3.7/site-packages/airflow/example_dags/example_kubernetes_executor.py for tasks to queue
[2023-07-13T14:21:07.102+0000] {logging_mixin.py:150} INFO - [2023-07-13T14:21:07.101+0000] {dagbag.py:541} INFO - Filling up the DagBag from /home/airflow/.local/lib/python3.7/site-packages/airflow/example_dags/example_kubernetes_executor.py
[2023-07-13T14:21:07.248+0000] {processor.py:836} INFO - DAG(s) dict_keys(['example_kubernetes_executor']) retrieved from /home/airflow/.local/lib/python3.7/site-packages/airflow/example_dags/example_kubernetes_executor.py
[2023-07-13T14:21:07.288+0000] {logging_mixin.py:150} INFO - [2023-07-13T14:21:07.288+0000] {dag.py:2742} INFO - Sync 1 DAGs
[2023-07-13T14:21:07.312+0000] {logging_mixin.py:150} INFO - [2023-07-13T14:21:07.312+0000] {dag.py:3508} INFO - Setting next_dagrun for example_kubernetes_executor to None, run_after=None
[2023-07-13T14:21:07.333+0000] {processor.py:179} INFO - Processing /home/airflow/.local/lib/python3.7/site-packages/airflow/example_dags/example_kubernetes_executor.py took 0.249 seconds
[2023-07-13T14:21:37.649+0000] {processor.py:157} INFO - Started process (PID=566) to work on /home/airflow/.local/lib/python3.7/site-packages/airflow/example_dags/example_kubernetes_executor.py
[2023-07-13T14:21:37.651+0000] {processor.py:826} INFO - Processing file /home/airflow/.local/lib/python3.7/site-packages/airflow/example_dags/example_kubernetes_executor.py for tasks to queue
[2023-07-13T14:21:37.653+0000] {logging_mixin.py:150} INFO - [2023-07-13T14:21:37.653+0000] {dagbag.py:541} INFO - Filling up the DagBag from /home/airflow/.local/lib/python3.7/site-packages/airflow/example_dags/example_kubernetes_executor.py
[2023-07-13T14:21:37.778+0000] {processor.py:836} INFO - DAG(s) dict_keys(['example_kubernetes_executor']) retrieved from /home/airflow/.local/lib/python3.7/site-packages/airflow/example_dags/example_kubernetes_executor.py
[2023-07-13T14:21:37.807+0000] {logging_mixin.py:150} INFO - [2023-07-13T14:21:37.807+0000] {dag.py:2742} INFO - Sync 1 DAGs
[2023-07-13T14:21:37.823+0000] {logging_mixin.py:150} INFO - [2023-07-13T14:21:37.823+0000] {dag.py:3508} INFO - Setting next_dagrun for example_kubernetes_executor to None, run_after=None
[2023-07-13T14:21:37.835+0000] {processor.py:179} INFO - Processing /home/airflow/.local/lib/python3.7/site-packages/airflow/example_dags/example_kubernetes_executor.py took 0.193 seconds
[2023-07-13T14:22:08.007+0000] {processor.py:157} INFO - Started process (PID=624) to work on /home/airflow/.local/lib/python3.7/site-packages/airflow/example_dags/example_kubernetes_executor.py
[2023-07-13T14:22:08.008+0000] {processor.py:826} INFO - Processing file /home/airflow/.local/lib/python3.7/site-packages/airflow/example_dags/example_kubernetes_executor.py for tasks to queue
[2023-07-13T14:22:08.009+0000] {logging_mixin.py:150} INFO - [2023-07-13T14:22:08.009+0000] {dagbag.py:541} INFO - Filling up the DagBag from /home/airflow/.local/lib/python3.7/site-packages/airflow/example_dags/example_kubernetes_executor.py
[2023-07-13T14:22:08.629+0000] {processor.py:836} INFO - DAG(s) dict_keys(['example_kubernetes_executor']) retrieved from /home/airflow/.local/lib/python3.7/site-packages/airflow/example_dags/example_kubernetes_executor.py
[2023-07-13T14:22:08.800+0000] {logging_mixin.py:150} INFO - [2023-07-13T14:22:08.799+0000] {dag.py:2742} INFO - Sync 1 DAGs
[2023-07-13T14:22:09.009+0000] {logging_mixin.py:150} INFO - [2023-07-13T14:22:09.007+0000] {dag.py:3508} INFO - Setting next_dagrun for example_kubernetes_executor to None, run_after=None
[2023-07-13T14:22:09.038+0000] {processor.py:179} INFO - Processing /home/airflow/.local/lib/python3.7/site-packages/airflow/example_dags/example_kubernetes_executor.py took 1.034 seconds
[2023-07-13T14:22:40.443+0000] {processor.py:157} INFO - Started process (PID=679) to work on /home/airflow/.local/lib/python3.7/site-packages/airflow/example_dags/example_kubernetes_executor.py
[2023-07-13T14:22:40.445+0000] {processor.py:826} INFO - Processing file /home/airflow/.local/lib/python3.7/site-packages/airflow/example_dags/example_kubernetes_executor.py for tasks to queue
[2023-07-13T14:22:40.446+0000] {logging_mixin.py:150} INFO - [2023-07-13T14:22:40.446+0000] {dagbag.py:541} INFO - Filling up the DagBag from /home/airflow/.local/lib/python3.7/site-packages/airflow/example_dags/example_kubernetes_executor.py
[2023-07-13T14:22:40.663+0000] {processor.py:836} INFO - DAG(s) dict_keys(['example_kubernetes_executor']) retrieved from /home/airflow/.local/lib/python3.7/site-packages/airflow/example_dags/example_kubernetes_executor.py
[2023-07-13T14:22:40.716+0000] {logging_mixin.py:150} INFO - [2023-07-13T14:22:40.716+0000] {dag.py:2742} INFO - Sync 1 DAGs
[2023-07-13T14:22:40.737+0000] {logging_mixin.py:150} INFO - [2023-07-13T14:22:40.736+0000] {dag.py:3508} INFO - Setting next_dagrun for example_kubernetes_executor to None, run_after=None
[2023-07-13T14:22:40.748+0000] {processor.py:179} INFO - Processing /home/airflow/.local/lib/python3.7/site-packages/airflow/example_dags/example_kubernetes_executor.py took 0.310 seconds
[2023-07-13T14:23:11.425+0000] {processor.py:157} INFO - Started process (PID=737) to work on /home/airflow/.local/lib/python3.7/site-packages/airflow/example_dags/example_kubernetes_executor.py
[2023-07-13T14:23:11.427+0000] {processor.py:826} INFO - Processing file /home/airflow/.local/lib/python3.7/site-packages/airflow/example_dags/example_kubernetes_executor.py for tasks to queue
[2023-07-13T14:23:11.428+0000] {logging_mixin.py:150} INFO - [2023-07-13T14:23:11.427+0000] {dagbag.py:541} INFO - Filling up the DagBag from /home/airflow/.local/lib/python3.7/site-packages/airflow/example_dags/example_kubernetes_executor.py
[2023-07-13T14:23:11.857+0000] {processor.py:836} INFO - DAG(s) dict_keys(['example_kubernetes_executor']) retrieved from /home/airflow/.local/lib/python3.7/site-packages/airflow/example_dags/example_kubernetes_executor.py
[2023-07-13T14:23:11.913+0000] {logging_mixin.py:150} INFO - [2023-07-13T14:23:11.913+0000] {dag.py:2742} INFO - Sync 1 DAGs
[2023-07-13T14:23:11.948+0000] {logging_mixin.py:150} INFO - [2023-07-13T14:23:11.948+0000] {dag.py:3508} INFO - Setting next_dagrun for example_kubernetes_executor to None, run_after=None
[2023-07-13T14:23:11.967+0000] {processor.py:179} INFO - Processing /home/airflow/.local/lib/python3.7/site-packages/airflow/example_dags/example_kubernetes_executor.py took 0.546 seconds
[2023-07-13T14:23:45.257+0000] {processor.py:157} INFO - Started process (PID=794) to work on /home/airflow/.local/lib/python3.7/site-packages/airflow/example_dags/example_kubernetes_executor.py
[2023-07-13T14:23:45.261+0000] {processor.py:826} INFO - Processing file /home/airflow/.local/lib/python3.7/site-packages/airflow/example_dags/example_kubernetes_executor.py for tasks to queue
[2023-07-13T14:23:45.264+0000] {logging_mixin.py:150} INFO - [2023-07-13T14:23:45.263+0000] {dagbag.py:541} INFO - Filling up the DagBag from /home/airflow/.local/lib/python3.7/site-packages/airflow/example_dags/example_kubernetes_executor.py
[2023-07-13T14:23:46.026+0000] {processor.py:836} INFO - DAG(s) dict_keys(['example_kubernetes_executor']) retrieved from /home/airflow/.local/lib/python3.7/site-packages/airflow/example_dags/example_kubernetes_executor.py
[2023-07-13T14:23:46.192+0000] {logging_mixin.py:150} INFO - [2023-07-13T14:23:46.191+0000] {dag.py:2742} INFO - Sync 1 DAGs
[2023-07-13T14:23:46.338+0000] {logging_mixin.py:150} INFO - [2023-07-13T14:23:46.338+0000] {dag.py:3508} INFO - Setting next_dagrun for example_kubernetes_executor to None, run_after=None
[2023-07-13T14:23:46.451+0000] {processor.py:179} INFO - Processing /home/airflow/.local/lib/python3.7/site-packages/airflow/example_dags/example_kubernetes_executor.py took 1.218 seconds
[2023-07-13T14:24:17.340+0000] {processor.py:157} INFO - Started process (PID=853) to work on /home/airflow/.local/lib/python3.7/site-packages/airflow/example_dags/example_kubernetes_executor.py
[2023-07-13T14:24:17.344+0000] {processor.py:826} INFO - Processing file /home/airflow/.local/lib/python3.7/site-packages/airflow/example_dags/example_kubernetes_executor.py for tasks to queue
[2023-07-13T14:24:17.347+0000] {logging_mixin.py:150} INFO - [2023-07-13T14:24:17.346+0000] {dagbag.py:541} INFO - Filling up the DagBag from /home/airflow/.local/lib/python3.7/site-packages/airflow/example_dags/example_kubernetes_executor.py
[2023-07-13T14:24:17.731+0000] {processor.py:836} INFO - DAG(s) dict_keys(['example_kubernetes_executor']) retrieved from /home/airflow/.local/lib/python3.7/site-packages/airflow/example_dags/example_kubernetes_executor.py
[2023-07-13T14:24:17.788+0000] {logging_mixin.py:150} INFO - [2023-07-13T14:24:17.788+0000] {dag.py:2742} INFO - Sync 1 DAGs
[2023-07-13T14:24:17.811+0000] {logging_mixin.py:150} INFO - [2023-07-13T14:24:17.811+0000] {dag.py:3508} INFO - Setting next_dagrun for example_kubernetes_executor to None, run_after=None
[2023-07-13T14:24:17.825+0000] {processor.py:179} INFO - Processing /home/airflow/.local/lib/python3.7/site-packages/airflow/example_dags/example_kubernetes_executor.py took 0.510 seconds
[2023-07-13T14:24:48.651+0000] {processor.py:157} INFO - Started process (PID=913) to work on /home/airflow/.local/lib/python3.7/site-packages/airflow/example_dags/example_kubernetes_executor.py
[2023-07-13T14:24:48.654+0000] {processor.py:826} INFO - Processing file /home/airflow/.local/lib/python3.7/site-packages/airflow/example_dags/example_kubernetes_executor.py for tasks to queue
[2023-07-13T14:24:48.656+0000] {logging_mixin.py:150} INFO - [2023-07-13T14:24:48.655+0000] {dagbag.py:541} INFO - Filling up the DagBag from /home/airflow/.local/lib/python3.7/site-packages/airflow/example_dags/example_kubernetes_executor.py
[2023-07-13T14:24:49.011+0000] {processor.py:836} INFO - DAG(s) dict_keys(['example_kubernetes_executor']) retrieved from /home/airflow/.local/lib/python3.7/site-packages/airflow/example_dags/example_kubernetes_executor.py
[2023-07-13T14:24:49.055+0000] {logging_mixin.py:150} INFO - [2023-07-13T14:24:49.055+0000] {dag.py:2742} INFO - Sync 1 DAGs
[2023-07-13T14:24:49.103+0000] {logging_mixin.py:150} INFO - [2023-07-13T14:24:49.102+0000] {dag.py:3508} INFO - Setting next_dagrun for example_kubernetes_executor to None, run_after=None
[2023-07-13T14:24:49.127+0000] {processor.py:179} INFO - Processing /home/airflow/.local/lib/python3.7/site-packages/airflow/example_dags/example_kubernetes_executor.py took 0.483 seconds
[2023-07-13T14:25:19.794+0000] {processor.py:157} INFO - Started process (PID=969) to work on /home/airflow/.local/lib/python3.7/site-packages/airflow/example_dags/example_kubernetes_executor.py
[2023-07-13T14:25:19.798+0000] {processor.py:826} INFO - Processing file /home/airflow/.local/lib/python3.7/site-packages/airflow/example_dags/example_kubernetes_executor.py for tasks to queue
[2023-07-13T14:25:19.800+0000] {logging_mixin.py:150} INFO - [2023-07-13T14:25:19.799+0000] {dagbag.py:541} INFO - Filling up the DagBag from /home/airflow/.local/lib/python3.7/site-packages/airflow/example_dags/example_kubernetes_executor.py
[2023-07-13T14:25:20.081+0000] {processor.py:836} INFO - DAG(s) dict_keys(['example_kubernetes_executor']) retrieved from /home/airflow/.local/lib/python3.7/site-packages/airflow/example_dags/example_kubernetes_executor.py
[2023-07-13T14:25:20.138+0000] {logging_mixin.py:150} INFO - [2023-07-13T14:25:20.138+0000] {dag.py:2742} INFO - Sync 1 DAGs
[2023-07-13T14:25:20.162+0000] {logging_mixin.py:150} INFO - [2023-07-13T14:25:20.162+0000] {dag.py:3508} INFO - Setting next_dagrun for example_kubernetes_executor to None, run_after=None
[2023-07-13T14:25:20.179+0000] {processor.py:179} INFO - Processing /home/airflow/.local/lib/python3.7/site-packages/airflow/example_dags/example_kubernetes_executor.py took 0.390 seconds
