[2023-07-13T14:17:00.711+0000] {processor.py:157} INFO - Started process (PID=51) to work on /home/airflow/.local/lib/python3.7/site-packages/airflow/example_dags/example_nested_branch_dag.py
[2023-07-13T14:17:00.716+0000] {processor.py:826} INFO - Processing file /home/airflow/.local/lib/python3.7/site-packages/airflow/example_dags/example_nested_branch_dag.py for tasks to queue
[2023-07-13T14:17:00.721+0000] {logging_mixin.py:150} INFO - [2023-07-13T14:17:00.721+0000] {dagbag.py:541} INFO - Filling up the DagBag from /home/airflow/.local/lib/python3.7/site-packages/airflow/example_dags/example_nested_branch_dag.py
[2023-07-13T14:17:00.796+0000] {processor.py:836} INFO - DAG(s) dict_keys(['example_nested_branch_dag']) retrieved from /home/airflow/.local/lib/python3.7/site-packages/airflow/example_dags/example_nested_branch_dag.py
[2023-07-13T14:17:00.822+0000] {logging_mixin.py:150} INFO - [2023-07-13T14:17:00.822+0000] {dag.py:2742} INFO - Sync 1 DAGs
[2023-07-13T14:17:00.872+0000] {logging_mixin.py:150} INFO - [2023-07-13T14:17:00.872+0000] {dag.py:3508} INFO - Setting next_dagrun for example_nested_branch_dag to 2023-07-12T00:00:00+00:00, run_after=2023-07-13T00:00:00+00:00
[2023-07-13T14:17:00.892+0000] {processor.py:179} INFO - Processing /home/airflow/.local/lib/python3.7/site-packages/airflow/example_dags/example_nested_branch_dag.py took 0.192 seconds
[2023-07-13T14:17:31.511+0000] {processor.py:157} INFO - Started process (PID=107) to work on /home/airflow/.local/lib/python3.7/site-packages/airflow/example_dags/example_nested_branch_dag.py
[2023-07-13T14:17:31.512+0000] {processor.py:826} INFO - Processing file /home/airflow/.local/lib/python3.7/site-packages/airflow/example_dags/example_nested_branch_dag.py for tasks to queue
[2023-07-13T14:17:31.513+0000] {logging_mixin.py:150} INFO - [2023-07-13T14:17:31.513+0000] {dagbag.py:541} INFO - Filling up the DagBag from /home/airflow/.local/lib/python3.7/site-packages/airflow/example_dags/example_nested_branch_dag.py
[2023-07-13T14:17:31.523+0000] {processor.py:836} INFO - DAG(s) dict_keys(['example_nested_branch_dag']) retrieved from /home/airflow/.local/lib/python3.7/site-packages/airflow/example_dags/example_nested_branch_dag.py
[2023-07-13T14:17:31.550+0000] {logging_mixin.py:150} INFO - [2023-07-13T14:17:31.550+0000] {dag.py:2742} INFO - Sync 1 DAGs
[2023-07-13T14:17:31.576+0000] {logging_mixin.py:150} INFO - [2023-07-13T14:17:31.576+0000] {dag.py:3508} INFO - Setting next_dagrun for example_nested_branch_dag to 2023-07-12T00:00:00+00:00, run_after=2023-07-13T00:00:00+00:00
[2023-07-13T14:17:31.599+0000] {processor.py:179} INFO - Processing /home/airflow/.local/lib/python3.7/site-packages/airflow/example_dags/example_nested_branch_dag.py took 0.091 seconds
[2023-07-13T14:18:01.645+0000] {processor.py:157} INFO - Started process (PID=164) to work on /home/airflow/.local/lib/python3.7/site-packages/airflow/example_dags/example_nested_branch_dag.py
[2023-07-13T14:18:01.646+0000] {processor.py:826} INFO - Processing file /home/airflow/.local/lib/python3.7/site-packages/airflow/example_dags/example_nested_branch_dag.py for tasks to queue
[2023-07-13T14:18:01.647+0000] {logging_mixin.py:150} INFO - [2023-07-13T14:18:01.647+0000] {dagbag.py:541} INFO - Filling up the DagBag from /home/airflow/.local/lib/python3.7/site-packages/airflow/example_dags/example_nested_branch_dag.py
[2023-07-13T14:18:01.654+0000] {processor.py:836} INFO - DAG(s) dict_keys(['example_nested_branch_dag']) retrieved from /home/airflow/.local/lib/python3.7/site-packages/airflow/example_dags/example_nested_branch_dag.py
[2023-07-13T14:18:01.673+0000] {logging_mixin.py:150} INFO - [2023-07-13T14:18:01.673+0000] {dag.py:2742} INFO - Sync 1 DAGs
[2023-07-13T14:18:01.688+0000] {logging_mixin.py:150} INFO - [2023-07-13T14:18:01.688+0000] {dag.py:3508} INFO - Setting next_dagrun for example_nested_branch_dag to 2023-07-12T00:00:00+00:00, run_after=2023-07-13T00:00:00+00:00
[2023-07-13T14:18:01.698+0000] {processor.py:179} INFO - Processing /home/airflow/.local/lib/python3.7/site-packages/airflow/example_dags/example_nested_branch_dag.py took 0.056 seconds
[2023-07-13T14:18:31.875+0000] {processor.py:157} INFO - Started process (PID=221) to work on /home/airflow/.local/lib/python3.7/site-packages/airflow/example_dags/example_nested_branch_dag.py
[2023-07-13T14:18:31.876+0000] {processor.py:826} INFO - Processing file /home/airflow/.local/lib/python3.7/site-packages/airflow/example_dags/example_nested_branch_dag.py for tasks to queue
[2023-07-13T14:18:31.877+0000] {logging_mixin.py:150} INFO - [2023-07-13T14:18:31.877+0000] {dagbag.py:541} INFO - Filling up the DagBag from /home/airflow/.local/lib/python3.7/site-packages/airflow/example_dags/example_nested_branch_dag.py
[2023-07-13T14:18:31.885+0000] {processor.py:836} INFO - DAG(s) dict_keys(['example_nested_branch_dag']) retrieved from /home/airflow/.local/lib/python3.7/site-packages/airflow/example_dags/example_nested_branch_dag.py
[2023-07-13T14:18:31.907+0000] {logging_mixin.py:150} INFO - [2023-07-13T14:18:31.906+0000] {dag.py:2742} INFO - Sync 1 DAGs
[2023-07-13T14:18:31.925+0000] {logging_mixin.py:150} INFO - [2023-07-13T14:18:31.925+0000] {dag.py:3508} INFO - Setting next_dagrun for example_nested_branch_dag to 2023-07-12T00:00:00+00:00, run_after=2023-07-13T00:00:00+00:00
[2023-07-13T14:18:31.936+0000] {processor.py:179} INFO - Processing /home/airflow/.local/lib/python3.7/site-packages/airflow/example_dags/example_nested_branch_dag.py took 0.064 seconds
[2023-07-13T14:19:02.671+0000] {processor.py:157} INFO - Started process (PID=277) to work on /home/airflow/.local/lib/python3.7/site-packages/airflow/example_dags/example_nested_branch_dag.py
[2023-07-13T14:19:02.673+0000] {processor.py:826} INFO - Processing file /home/airflow/.local/lib/python3.7/site-packages/airflow/example_dags/example_nested_branch_dag.py for tasks to queue
[2023-07-13T14:19:02.674+0000] {logging_mixin.py:150} INFO - [2023-07-13T14:19:02.674+0000] {dagbag.py:541} INFO - Filling up the DagBag from /home/airflow/.local/lib/python3.7/site-packages/airflow/example_dags/example_nested_branch_dag.py
[2023-07-13T14:19:02.681+0000] {processor.py:836} INFO - DAG(s) dict_keys(['example_nested_branch_dag']) retrieved from /home/airflow/.local/lib/python3.7/site-packages/airflow/example_dags/example_nested_branch_dag.py
[2023-07-13T14:19:02.703+0000] {logging_mixin.py:150} INFO - [2023-07-13T14:19:02.702+0000] {dag.py:2742} INFO - Sync 1 DAGs
[2023-07-13T14:19:02.723+0000] {logging_mixin.py:150} INFO - [2023-07-13T14:19:02.723+0000] {dag.py:3508} INFO - Setting next_dagrun for example_nested_branch_dag to 2023-07-12T00:00:00+00:00, run_after=2023-07-13T00:00:00+00:00
[2023-07-13T14:19:02.746+0000] {processor.py:179} INFO - Processing /home/airflow/.local/lib/python3.7/site-packages/airflow/example_dags/example_nested_branch_dag.py took 0.077 seconds
[2023-07-13T14:19:33.127+0000] {processor.py:157} INFO - Started process (PID=334) to work on /home/airflow/.local/lib/python3.7/site-packages/airflow/example_dags/example_nested_branch_dag.py
[2023-07-13T14:19:33.129+0000] {processor.py:826} INFO - Processing file /home/airflow/.local/lib/python3.7/site-packages/airflow/example_dags/example_nested_branch_dag.py for tasks to queue
[2023-07-13T14:19:33.130+0000] {logging_mixin.py:150} INFO - [2023-07-13T14:19:33.130+0000] {dagbag.py:541} INFO - Filling up the DagBag from /home/airflow/.local/lib/python3.7/site-packages/airflow/example_dags/example_nested_branch_dag.py
[2023-07-13T14:19:33.138+0000] {processor.py:836} INFO - DAG(s) dict_keys(['example_nested_branch_dag']) retrieved from /home/airflow/.local/lib/python3.7/site-packages/airflow/example_dags/example_nested_branch_dag.py
[2023-07-13T14:19:33.158+0000] {logging_mixin.py:150} INFO - [2023-07-13T14:19:33.158+0000] {dag.py:2742} INFO - Sync 1 DAGs
[2023-07-13T14:19:33.175+0000] {logging_mixin.py:150} INFO - [2023-07-13T14:19:33.175+0000] {dag.py:3508} INFO - Setting next_dagrun for example_nested_branch_dag to 2023-07-12T00:00:00+00:00, run_after=2023-07-13T00:00:00+00:00
[2023-07-13T14:19:33.186+0000] {processor.py:179} INFO - Processing /home/airflow/.local/lib/python3.7/site-packages/airflow/example_dags/example_nested_branch_dag.py took 0.061 seconds
[2023-07-13T14:20:03.526+0000] {processor.py:157} INFO - Started process (PID=391) to work on /home/airflow/.local/lib/python3.7/site-packages/airflow/example_dags/example_nested_branch_dag.py
[2023-07-13T14:20:03.528+0000] {processor.py:826} INFO - Processing file /home/airflow/.local/lib/python3.7/site-packages/airflow/example_dags/example_nested_branch_dag.py for tasks to queue
[2023-07-13T14:20:03.528+0000] {logging_mixin.py:150} INFO - [2023-07-13T14:20:03.528+0000] {dagbag.py:541} INFO - Filling up the DagBag from /home/airflow/.local/lib/python3.7/site-packages/airflow/example_dags/example_nested_branch_dag.py
[2023-07-13T14:20:03.538+0000] {processor.py:836} INFO - DAG(s) dict_keys(['example_nested_branch_dag']) retrieved from /home/airflow/.local/lib/python3.7/site-packages/airflow/example_dags/example_nested_branch_dag.py
[2023-07-13T14:20:03.561+0000] {logging_mixin.py:150} INFO - [2023-07-13T14:20:03.561+0000] {dag.py:2742} INFO - Sync 1 DAGs
[2023-07-13T14:20:03.579+0000] {logging_mixin.py:150} INFO - [2023-07-13T14:20:03.579+0000] {dag.py:3508} INFO - Setting next_dagrun for example_nested_branch_dag to 2023-07-12T00:00:00+00:00, run_after=2023-07-13T00:00:00+00:00
[2023-07-13T14:20:03.591+0000] {processor.py:179} INFO - Processing /home/airflow/.local/lib/python3.7/site-packages/airflow/example_dags/example_nested_branch_dag.py took 0.068 seconds
[2023-07-13T14:20:33.898+0000] {processor.py:157} INFO - Started process (PID=448) to work on /home/airflow/.local/lib/python3.7/site-packages/airflow/example_dags/example_nested_branch_dag.py
[2023-07-13T14:20:33.900+0000] {processor.py:826} INFO - Processing file /home/airflow/.local/lib/python3.7/site-packages/airflow/example_dags/example_nested_branch_dag.py for tasks to queue
[2023-07-13T14:20:33.901+0000] {logging_mixin.py:150} INFO - [2023-07-13T14:20:33.900+0000] {dagbag.py:541} INFO - Filling up the DagBag from /home/airflow/.local/lib/python3.7/site-packages/airflow/example_dags/example_nested_branch_dag.py
[2023-07-13T14:20:33.908+0000] {processor.py:836} INFO - DAG(s) dict_keys(['example_nested_branch_dag']) retrieved from /home/airflow/.local/lib/python3.7/site-packages/airflow/example_dags/example_nested_branch_dag.py
[2023-07-13T14:20:33.929+0000] {logging_mixin.py:150} INFO - [2023-07-13T14:20:33.929+0000] {dag.py:2742} INFO - Sync 1 DAGs
[2023-07-13T14:20:33.946+0000] {logging_mixin.py:150} INFO - [2023-07-13T14:20:33.946+0000] {dag.py:3508} INFO - Setting next_dagrun for example_nested_branch_dag to 2023-07-12T00:00:00+00:00, run_after=2023-07-13T00:00:00+00:00
[2023-07-13T14:20:33.957+0000] {processor.py:179} INFO - Processing /home/airflow/.local/lib/python3.7/site-packages/airflow/example_dags/example_nested_branch_dag.py took 0.062 seconds
[2023-07-13T14:21:04.778+0000] {processor.py:157} INFO - Started process (PID=504) to work on /home/airflow/.local/lib/python3.7/site-packages/airflow/example_dags/example_nested_branch_dag.py
[2023-07-13T14:21:04.779+0000] {processor.py:826} INFO - Processing file /home/airflow/.local/lib/python3.7/site-packages/airflow/example_dags/example_nested_branch_dag.py for tasks to queue
[2023-07-13T14:21:04.780+0000] {logging_mixin.py:150} INFO - [2023-07-13T14:21:04.780+0000] {dagbag.py:541} INFO - Filling up the DagBag from /home/airflow/.local/lib/python3.7/site-packages/airflow/example_dags/example_nested_branch_dag.py
[2023-07-13T14:21:04.788+0000] {processor.py:836} INFO - DAG(s) dict_keys(['example_nested_branch_dag']) retrieved from /home/airflow/.local/lib/python3.7/site-packages/airflow/example_dags/example_nested_branch_dag.py
[2023-07-13T14:21:04.808+0000] {logging_mixin.py:150} INFO - [2023-07-13T14:21:04.808+0000] {dag.py:2742} INFO - Sync 1 DAGs
[2023-07-13T14:21:04.826+0000] {logging_mixin.py:150} INFO - [2023-07-13T14:21:04.826+0000] {dag.py:3508} INFO - Setting next_dagrun for example_nested_branch_dag to 2023-07-12T00:00:00+00:00, run_after=2023-07-13T00:00:00+00:00
[2023-07-13T14:21:04.841+0000] {processor.py:179} INFO - Processing /home/airflow/.local/lib/python3.7/site-packages/airflow/example_dags/example_nested_branch_dag.py took 0.066 seconds
[2023-07-13T14:21:35.346+0000] {processor.py:157} INFO - Started process (PID=560) to work on /home/airflow/.local/lib/python3.7/site-packages/airflow/example_dags/example_nested_branch_dag.py
[2023-07-13T14:21:35.347+0000] {processor.py:826} INFO - Processing file /home/airflow/.local/lib/python3.7/site-packages/airflow/example_dags/example_nested_branch_dag.py for tasks to queue
[2023-07-13T14:21:35.349+0000] {logging_mixin.py:150} INFO - [2023-07-13T14:21:35.348+0000] {dagbag.py:541} INFO - Filling up the DagBag from /home/airflow/.local/lib/python3.7/site-packages/airflow/example_dags/example_nested_branch_dag.py
[2023-07-13T14:21:35.356+0000] {processor.py:836} INFO - DAG(s) dict_keys(['example_nested_branch_dag']) retrieved from /home/airflow/.local/lib/python3.7/site-packages/airflow/example_dags/example_nested_branch_dag.py
[2023-07-13T14:21:35.381+0000] {logging_mixin.py:150} INFO - [2023-07-13T14:21:35.381+0000] {dag.py:2742} INFO - Sync 1 DAGs
[2023-07-13T14:21:35.399+0000] {logging_mixin.py:150} INFO - [2023-07-13T14:21:35.399+0000] {dag.py:3508} INFO - Setting next_dagrun for example_nested_branch_dag to 2023-07-12T00:00:00+00:00, run_after=2023-07-13T00:00:00+00:00
[2023-07-13T14:21:35.410+0000] {processor.py:179} INFO - Processing /home/airflow/.local/lib/python3.7/site-packages/airflow/example_dags/example_nested_branch_dag.py took 0.066 seconds
[2023-07-13T14:22:06.443+0000] {processor.py:157} INFO - Started process (PID=617) to work on /home/airflow/.local/lib/python3.7/site-packages/airflow/example_dags/example_nested_branch_dag.py
[2023-07-13T14:22:06.444+0000] {processor.py:826} INFO - Processing file /home/airflow/.local/lib/python3.7/site-packages/airflow/example_dags/example_nested_branch_dag.py for tasks to queue
[2023-07-13T14:22:06.446+0000] {logging_mixin.py:150} INFO - [2023-07-13T14:22:06.446+0000] {dagbag.py:541} INFO - Filling up the DagBag from /home/airflow/.local/lib/python3.7/site-packages/airflow/example_dags/example_nested_branch_dag.py
[2023-07-13T14:22:06.454+0000] {processor.py:836} INFO - DAG(s) dict_keys(['example_nested_branch_dag']) retrieved from /home/airflow/.local/lib/python3.7/site-packages/airflow/example_dags/example_nested_branch_dag.py
[2023-07-13T14:22:06.476+0000] {logging_mixin.py:150} INFO - [2023-07-13T14:22:06.476+0000] {dag.py:2742} INFO - Sync 1 DAGs
[2023-07-13T14:22:06.493+0000] {logging_mixin.py:150} INFO - [2023-07-13T14:22:06.493+0000] {dag.py:3508} INFO - Setting next_dagrun for example_nested_branch_dag to 2023-07-12T00:00:00+00:00, run_after=2023-07-13T00:00:00+00:00
[2023-07-13T14:22:06.505+0000] {processor.py:179} INFO - Processing /home/airflow/.local/lib/python3.7/site-packages/airflow/example_dags/example_nested_branch_dag.py took 0.065 seconds
[2023-07-13T14:22:40.172+0000] {processor.py:157} INFO - Started process (PID=674) to work on /home/airflow/.local/lib/python3.7/site-packages/airflow/example_dags/example_nested_branch_dag.py
[2023-07-13T14:22:40.174+0000] {processor.py:826} INFO - Processing file /home/airflow/.local/lib/python3.7/site-packages/airflow/example_dags/example_nested_branch_dag.py for tasks to queue
[2023-07-13T14:22:40.176+0000] {logging_mixin.py:150} INFO - [2023-07-13T14:22:40.175+0000] {dagbag.py:541} INFO - Filling up the DagBag from /home/airflow/.local/lib/python3.7/site-packages/airflow/example_dags/example_nested_branch_dag.py
[2023-07-13T14:22:40.187+0000] {processor.py:836} INFO - DAG(s) dict_keys(['example_nested_branch_dag']) retrieved from /home/airflow/.local/lib/python3.7/site-packages/airflow/example_dags/example_nested_branch_dag.py
[2023-07-13T14:22:40.212+0000] {logging_mixin.py:150} INFO - [2023-07-13T14:22:40.212+0000] {dag.py:2742} INFO - Sync 1 DAGs
[2023-07-13T14:22:40.231+0000] {logging_mixin.py:150} INFO - [2023-07-13T14:22:40.231+0000] {dag.py:3508} INFO - Setting next_dagrun for example_nested_branch_dag to 2023-07-12T00:00:00+00:00, run_after=2023-07-13T00:00:00+00:00
[2023-07-13T14:22:40.244+0000] {processor.py:179} INFO - Processing /home/airflow/.local/lib/python3.7/site-packages/airflow/example_dags/example_nested_branch_dag.py took 0.075 seconds
[2023-07-13T14:23:10.369+0000] {processor.py:157} INFO - Started process (PID=732) to work on /home/airflow/.local/lib/python3.7/site-packages/airflow/example_dags/example_nested_branch_dag.py
[2023-07-13T14:23:10.372+0000] {processor.py:826} INFO - Processing file /home/airflow/.local/lib/python3.7/site-packages/airflow/example_dags/example_nested_branch_dag.py for tasks to queue
[2023-07-13T14:23:10.375+0000] {logging_mixin.py:150} INFO - [2023-07-13T14:23:10.374+0000] {dagbag.py:541} INFO - Filling up the DagBag from /home/airflow/.local/lib/python3.7/site-packages/airflow/example_dags/example_nested_branch_dag.py
[2023-07-13T14:23:10.398+0000] {processor.py:836} INFO - DAG(s) dict_keys(['example_nested_branch_dag']) retrieved from /home/airflow/.local/lib/python3.7/site-packages/airflow/example_dags/example_nested_branch_dag.py
[2023-07-13T14:23:10.458+0000] {logging_mixin.py:150} INFO - [2023-07-13T14:23:10.458+0000] {dag.py:2742} INFO - Sync 1 DAGs
[2023-07-13T14:23:10.493+0000] {logging_mixin.py:150} INFO - [2023-07-13T14:23:10.493+0000] {dag.py:3508} INFO - Setting next_dagrun for example_nested_branch_dag to 2023-07-12T00:00:00+00:00, run_after=2023-07-13T00:00:00+00:00
[2023-07-13T14:23:10.527+0000] {processor.py:179} INFO - Processing /home/airflow/.local/lib/python3.7/site-packages/airflow/example_dags/example_nested_branch_dag.py took 0.165 seconds
[2023-07-13T14:23:42.721+0000] {processor.py:157} INFO - Started process (PID=789) to work on /home/airflow/.local/lib/python3.7/site-packages/airflow/example_dags/example_nested_branch_dag.py
[2023-07-13T14:23:42.730+0000] {processor.py:826} INFO - Processing file /home/airflow/.local/lib/python3.7/site-packages/airflow/example_dags/example_nested_branch_dag.py for tasks to queue
[2023-07-13T14:23:42.756+0000] {logging_mixin.py:150} INFO - [2023-07-13T14:23:42.747+0000] {dagbag.py:541} INFO - Filling up the DagBag from /home/airflow/.local/lib/python3.7/site-packages/airflow/example_dags/example_nested_branch_dag.py
[2023-07-13T14:23:42.834+0000] {processor.py:836} INFO - DAG(s) dict_keys(['example_nested_branch_dag']) retrieved from /home/airflow/.local/lib/python3.7/site-packages/airflow/example_dags/example_nested_branch_dag.py
[2023-07-13T14:23:43.012+0000] {logging_mixin.py:150} INFO - [2023-07-13T14:23:43.012+0000] {dag.py:2742} INFO - Sync 1 DAGs
[2023-07-13T14:23:43.117+0000] {logging_mixin.py:150} INFO - [2023-07-13T14:23:43.116+0000] {dag.py:3508} INFO - Setting next_dagrun for example_nested_branch_dag to 2023-07-12T00:00:00+00:00, run_after=2023-07-13T00:00:00+00:00
[2023-07-13T14:23:43.196+0000] {processor.py:179} INFO - Processing /home/airflow/.local/lib/python3.7/site-packages/airflow/example_dags/example_nested_branch_dag.py took 0.507 seconds
[2023-07-13T14:24:13.719+0000] {processor.py:157} INFO - Started process (PID=847) to work on /home/airflow/.local/lib/python3.7/site-packages/airflow/example_dags/example_nested_branch_dag.py
[2023-07-13T14:24:13.721+0000] {processor.py:826} INFO - Processing file /home/airflow/.local/lib/python3.7/site-packages/airflow/example_dags/example_nested_branch_dag.py for tasks to queue
[2023-07-13T14:24:13.723+0000] {logging_mixin.py:150} INFO - [2023-07-13T14:24:13.723+0000] {dagbag.py:541} INFO - Filling up the DagBag from /home/airflow/.local/lib/python3.7/site-packages/airflow/example_dags/example_nested_branch_dag.py
[2023-07-13T14:24:13.734+0000] {processor.py:836} INFO - DAG(s) dict_keys(['example_nested_branch_dag']) retrieved from /home/airflow/.local/lib/python3.7/site-packages/airflow/example_dags/example_nested_branch_dag.py
[2023-07-13T14:24:13.755+0000] {logging_mixin.py:150} INFO - [2023-07-13T14:24:13.755+0000] {dag.py:2742} INFO - Sync 1 DAGs
[2023-07-13T14:24:13.773+0000] {logging_mixin.py:150} INFO - [2023-07-13T14:24:13.772+0000] {dag.py:3508} INFO - Setting next_dagrun for example_nested_branch_dag to 2023-07-12T00:00:00+00:00, run_after=2023-07-13T00:00:00+00:00
[2023-07-13T14:24:13.785+0000] {processor.py:179} INFO - Processing /home/airflow/.local/lib/python3.7/site-packages/airflow/example_dags/example_nested_branch_dag.py took 0.069 seconds
[2023-07-13T14:24:44.162+0000] {processor.py:157} INFO - Started process (PID=904) to work on /home/airflow/.local/lib/python3.7/site-packages/airflow/example_dags/example_nested_branch_dag.py
[2023-07-13T14:24:44.164+0000] {processor.py:826} INFO - Processing file /home/airflow/.local/lib/python3.7/site-packages/airflow/example_dags/example_nested_branch_dag.py for tasks to queue
[2023-07-13T14:24:44.167+0000] {logging_mixin.py:150} INFO - [2023-07-13T14:24:44.166+0000] {dagbag.py:541} INFO - Filling up the DagBag from /home/airflow/.local/lib/python3.7/site-packages/airflow/example_dags/example_nested_branch_dag.py
[2023-07-13T14:24:44.200+0000] {processor.py:836} INFO - DAG(s) dict_keys(['example_nested_branch_dag']) retrieved from /home/airflow/.local/lib/python3.7/site-packages/airflow/example_dags/example_nested_branch_dag.py
[2023-07-13T14:24:44.257+0000] {logging_mixin.py:150} INFO - [2023-07-13T14:24:44.257+0000] {dag.py:2742} INFO - Sync 1 DAGs
[2023-07-13T14:24:44.309+0000] {logging_mixin.py:150} INFO - [2023-07-13T14:24:44.309+0000] {dag.py:3508} INFO - Setting next_dagrun for example_nested_branch_dag to 2023-07-12T00:00:00+00:00, run_after=2023-07-13T00:00:00+00:00
[2023-07-13T14:24:44.328+0000] {processor.py:179} INFO - Processing /home/airflow/.local/lib/python3.7/site-packages/airflow/example_dags/example_nested_branch_dag.py took 0.190 seconds
[2023-07-13T14:25:14.644+0000] {processor.py:157} INFO - Started process (PID=960) to work on /home/airflow/.local/lib/python3.7/site-packages/airflow/example_dags/example_nested_branch_dag.py
[2023-07-13T14:25:14.647+0000] {processor.py:826} INFO - Processing file /home/airflow/.local/lib/python3.7/site-packages/airflow/example_dags/example_nested_branch_dag.py for tasks to queue
[2023-07-13T14:25:14.649+0000] {logging_mixin.py:150} INFO - [2023-07-13T14:25:14.648+0000] {dagbag.py:541} INFO - Filling up the DagBag from /home/airflow/.local/lib/python3.7/site-packages/airflow/example_dags/example_nested_branch_dag.py
[2023-07-13T14:25:14.673+0000] {processor.py:836} INFO - DAG(s) dict_keys(['example_nested_branch_dag']) retrieved from /home/airflow/.local/lib/python3.7/site-packages/airflow/example_dags/example_nested_branch_dag.py
[2023-07-13T14:25:14.758+0000] {logging_mixin.py:150} INFO - [2023-07-13T14:25:14.758+0000] {dag.py:2742} INFO - Sync 1 DAGs
[2023-07-13T14:25:14.851+0000] {logging_mixin.py:150} INFO - [2023-07-13T14:25:14.851+0000] {dag.py:3508} INFO - Setting next_dagrun for example_nested_branch_dag to 2023-07-12T00:00:00+00:00, run_after=2023-07-13T00:00:00+00:00
[2023-07-13T14:25:14.907+0000] {processor.py:179} INFO - Processing /home/airflow/.local/lib/python3.7/site-packages/airflow/example_dags/example_nested_branch_dag.py took 0.270 seconds
