[2023-07-13T14:16:58.498+0000] {processor.py:157} INFO - Started process (PID=39) to work on /home/airflow/.local/lib/python3.7/site-packages/airflow/example_dags/example_latest_only.py
[2023-07-13T14:16:58.500+0000] {processor.py:826} INFO - Processing file /home/airflow/.local/lib/python3.7/site-packages/airflow/example_dags/example_latest_only.py for tasks to queue
[2023-07-13T14:16:58.501+0000] {logging_mixin.py:150} INFO - [2023-07-13T14:16:58.501+0000] {dagbag.py:541} INFO - Filling up the DagBag from /home/airflow/.local/lib/python3.7/site-packages/airflow/example_dags/example_latest_only.py
[2023-07-13T14:16:58.511+0000] {processor.py:836} INFO - DAG(s) dict_keys(['latest_only']) retrieved from /home/airflow/.local/lib/python3.7/site-packages/airflow/example_dags/example_latest_only.py
[2023-07-13T14:16:58.528+0000] {logging_mixin.py:150} INFO - [2023-07-13T14:16:58.527+0000] {dag.py:2742} INFO - Sync 1 DAGs
[2023-07-13T14:16:58.572+0000] {logging_mixin.py:150} INFO - [2023-07-13T14:16:58.572+0000] {dag.py:3508} INFO - Setting next_dagrun for latest_only to 2023-07-13T10:16:58.572029+00:00, run_after=2023-07-13T14:16:58.572029+00:00
[2023-07-13T14:16:58.612+0000] {processor.py:179} INFO - Processing /home/airflow/.local/lib/python3.7/site-packages/airflow/example_dags/example_latest_only.py took 0.117 seconds
[2023-07-13T14:17:29.004+0000] {processor.py:157} INFO - Started process (PID=94) to work on /home/airflow/.local/lib/python3.7/site-packages/airflow/example_dags/example_latest_only.py
[2023-07-13T14:17:29.009+0000] {processor.py:826} INFO - Processing file /home/airflow/.local/lib/python3.7/site-packages/airflow/example_dags/example_latest_only.py for tasks to queue
[2023-07-13T14:17:29.013+0000] {logging_mixin.py:150} INFO - [2023-07-13T14:17:29.012+0000] {dagbag.py:541} INFO - Filling up the DagBag from /home/airflow/.local/lib/python3.7/site-packages/airflow/example_dags/example_latest_only.py
[2023-07-13T14:17:29.021+0000] {processor.py:836} INFO - DAG(s) dict_keys(['latest_only']) retrieved from /home/airflow/.local/lib/python3.7/site-packages/airflow/example_dags/example_latest_only.py
[2023-07-13T14:17:29.047+0000] {logging_mixin.py:150} INFO - [2023-07-13T14:17:29.046+0000] {dag.py:2742} INFO - Sync 1 DAGs
[2023-07-13T14:17:29.084+0000] {logging_mixin.py:150} INFO - [2023-07-13T14:17:29.083+0000] {dag.py:3508} INFO - Setting next_dagrun for latest_only to 2023-07-13T10:17:29.083668+00:00, run_after=2023-07-13T14:17:29.083668+00:00
[2023-07-13T14:17:29.132+0000] {processor.py:179} INFO - Processing /home/airflow/.local/lib/python3.7/site-packages/airflow/example_dags/example_latest_only.py took 0.134 seconds
[2023-07-13T14:17:59.658+0000] {processor.py:157} INFO - Started process (PID=151) to work on /home/airflow/.local/lib/python3.7/site-packages/airflow/example_dags/example_latest_only.py
[2023-07-13T14:17:59.661+0000] {processor.py:826} INFO - Processing file /home/airflow/.local/lib/python3.7/site-packages/airflow/example_dags/example_latest_only.py for tasks to queue
[2023-07-13T14:17:59.662+0000] {logging_mixin.py:150} INFO - [2023-07-13T14:17:59.662+0000] {dagbag.py:541} INFO - Filling up the DagBag from /home/airflow/.local/lib/python3.7/site-packages/airflow/example_dags/example_latest_only.py
[2023-07-13T14:17:59.668+0000] {processor.py:836} INFO - DAG(s) dict_keys(['latest_only']) retrieved from /home/airflow/.local/lib/python3.7/site-packages/airflow/example_dags/example_latest_only.py
[2023-07-13T14:17:59.685+0000] {logging_mixin.py:150} INFO - [2023-07-13T14:17:59.685+0000] {dag.py:2742} INFO - Sync 1 DAGs
[2023-07-13T14:17:59.700+0000] {logging_mixin.py:150} INFO - [2023-07-13T14:17:59.700+0000] {dag.py:3508} INFO - Setting next_dagrun for latest_only to 2023-07-13T10:17:59.700182+00:00, run_after=2023-07-13T14:17:59.700182+00:00
[2023-07-13T14:17:59.711+0000] {processor.py:179} INFO - Processing /home/airflow/.local/lib/python3.7/site-packages/airflow/example_dags/example_latest_only.py took 0.056 seconds
[2023-07-13T14:18:30.112+0000] {processor.py:157} INFO - Started process (PID=208) to work on /home/airflow/.local/lib/python3.7/site-packages/airflow/example_dags/example_latest_only.py
[2023-07-13T14:18:30.113+0000] {processor.py:826} INFO - Processing file /home/airflow/.local/lib/python3.7/site-packages/airflow/example_dags/example_latest_only.py for tasks to queue
[2023-07-13T14:18:30.114+0000] {logging_mixin.py:150} INFO - [2023-07-13T14:18:30.114+0000] {dagbag.py:541} INFO - Filling up the DagBag from /home/airflow/.local/lib/python3.7/site-packages/airflow/example_dags/example_latest_only.py
[2023-07-13T14:18:30.119+0000] {processor.py:836} INFO - DAG(s) dict_keys(['latest_only']) retrieved from /home/airflow/.local/lib/python3.7/site-packages/airflow/example_dags/example_latest_only.py
[2023-07-13T14:18:30.138+0000] {logging_mixin.py:150} INFO - [2023-07-13T14:18:30.138+0000] {dag.py:2742} INFO - Sync 1 DAGs
[2023-07-13T14:18:30.155+0000] {logging_mixin.py:150} INFO - [2023-07-13T14:18:30.154+0000] {dag.py:3508} INFO - Setting next_dagrun for latest_only to 2023-07-13T10:18:30.154733+00:00, run_after=2023-07-13T14:18:30.154733+00:00
[2023-07-13T14:18:30.168+0000] {processor.py:179} INFO - Processing /home/airflow/.local/lib/python3.7/site-packages/airflow/example_dags/example_latest_only.py took 0.059 seconds
[2023-07-13T14:19:01.023+0000] {processor.py:157} INFO - Started process (PID=265) to work on /home/airflow/.local/lib/python3.7/site-packages/airflow/example_dags/example_latest_only.py
[2023-07-13T14:19:01.025+0000] {processor.py:826} INFO - Processing file /home/airflow/.local/lib/python3.7/site-packages/airflow/example_dags/example_latest_only.py for tasks to queue
[2023-07-13T14:19:01.026+0000] {logging_mixin.py:150} INFO - [2023-07-13T14:19:01.026+0000] {dagbag.py:541} INFO - Filling up the DagBag from /home/airflow/.local/lib/python3.7/site-packages/airflow/example_dags/example_latest_only.py
[2023-07-13T14:19:01.036+0000] {processor.py:836} INFO - DAG(s) dict_keys(['latest_only']) retrieved from /home/airflow/.local/lib/python3.7/site-packages/airflow/example_dags/example_latest_only.py
[2023-07-13T14:19:01.054+0000] {logging_mixin.py:150} INFO - [2023-07-13T14:19:01.053+0000] {dag.py:2742} INFO - Sync 1 DAGs
[2023-07-13T14:19:01.069+0000] {logging_mixin.py:150} INFO - [2023-07-13T14:19:01.069+0000] {dag.py:3508} INFO - Setting next_dagrun for latest_only to 2023-07-13T10:19:01.069483+00:00, run_after=2023-07-13T14:19:01.069483+00:00
[2023-07-13T14:19:01.081+0000] {processor.py:179} INFO - Processing /home/airflow/.local/lib/python3.7/site-packages/airflow/example_dags/example_latest_only.py took 0.061 seconds
[2023-07-13T14:19:32.602+0000] {processor.py:157} INFO - Started process (PID=322) to work on /home/airflow/.local/lib/python3.7/site-packages/airflow/example_dags/example_latest_only.py
[2023-07-13T14:19:32.603+0000] {processor.py:826} INFO - Processing file /home/airflow/.local/lib/python3.7/site-packages/airflow/example_dags/example_latest_only.py for tasks to queue
[2023-07-13T14:19:32.604+0000] {logging_mixin.py:150} INFO - [2023-07-13T14:19:32.604+0000] {dagbag.py:541} INFO - Filling up the DagBag from /home/airflow/.local/lib/python3.7/site-packages/airflow/example_dags/example_latest_only.py
[2023-07-13T14:19:32.610+0000] {processor.py:836} INFO - DAG(s) dict_keys(['latest_only']) retrieved from /home/airflow/.local/lib/python3.7/site-packages/airflow/example_dags/example_latest_only.py
[2023-07-13T14:19:32.634+0000] {logging_mixin.py:150} INFO - [2023-07-13T14:19:32.634+0000] {dag.py:2742} INFO - Sync 1 DAGs
[2023-07-13T14:19:32.652+0000] {logging_mixin.py:150} INFO - [2023-07-13T14:19:32.652+0000] {dag.py:3508} INFO - Setting next_dagrun for latest_only to 2023-07-13T10:19:32.651959+00:00, run_after=2023-07-13T14:19:32.651959+00:00
[2023-07-13T14:19:32.665+0000] {processor.py:179} INFO - Processing /home/airflow/.local/lib/python3.7/site-packages/airflow/example_dags/example_latest_only.py took 0.066 seconds
[2023-07-13T14:20:03.020+0000] {processor.py:157} INFO - Started process (PID=379) to work on /home/airflow/.local/lib/python3.7/site-packages/airflow/example_dags/example_latest_only.py
[2023-07-13T14:20:03.022+0000] {processor.py:826} INFO - Processing file /home/airflow/.local/lib/python3.7/site-packages/airflow/example_dags/example_latest_only.py for tasks to queue
[2023-07-13T14:20:03.022+0000] {logging_mixin.py:150} INFO - [2023-07-13T14:20:03.022+0000] {dagbag.py:541} INFO - Filling up the DagBag from /home/airflow/.local/lib/python3.7/site-packages/airflow/example_dags/example_latest_only.py
[2023-07-13T14:20:03.027+0000] {processor.py:836} INFO - DAG(s) dict_keys(['latest_only']) retrieved from /home/airflow/.local/lib/python3.7/site-packages/airflow/example_dags/example_latest_only.py
[2023-07-13T14:20:03.046+0000] {logging_mixin.py:150} INFO - [2023-07-13T14:20:03.045+0000] {dag.py:2742} INFO - Sync 1 DAGs
[2023-07-13T14:20:03.061+0000] {logging_mixin.py:150} INFO - [2023-07-13T14:20:03.061+0000] {dag.py:3508} INFO - Setting next_dagrun for latest_only to 2023-07-13T10:20:03.061485+00:00, run_after=2023-07-13T14:20:03.061485+00:00
[2023-07-13T14:20:03.073+0000] {processor.py:179} INFO - Processing /home/airflow/.local/lib/python3.7/site-packages/airflow/example_dags/example_latest_only.py took 0.056 seconds
[2023-07-13T14:20:33.378+0000] {processor.py:157} INFO - Started process (PID=436) to work on /home/airflow/.local/lib/python3.7/site-packages/airflow/example_dags/example_latest_only.py
[2023-07-13T14:20:33.380+0000] {processor.py:826} INFO - Processing file /home/airflow/.local/lib/python3.7/site-packages/airflow/example_dags/example_latest_only.py for tasks to queue
[2023-07-13T14:20:33.380+0000] {logging_mixin.py:150} INFO - [2023-07-13T14:20:33.380+0000] {dagbag.py:541} INFO - Filling up the DagBag from /home/airflow/.local/lib/python3.7/site-packages/airflow/example_dags/example_latest_only.py
[2023-07-13T14:20:33.385+0000] {processor.py:836} INFO - DAG(s) dict_keys(['latest_only']) retrieved from /home/airflow/.local/lib/python3.7/site-packages/airflow/example_dags/example_latest_only.py
[2023-07-13T14:20:33.404+0000] {logging_mixin.py:150} INFO - [2023-07-13T14:20:33.404+0000] {dag.py:2742} INFO - Sync 1 DAGs
[2023-07-13T14:20:33.420+0000] {logging_mixin.py:150} INFO - [2023-07-13T14:20:33.420+0000] {dag.py:3508} INFO - Setting next_dagrun for latest_only to 2023-07-13T10:20:33.420427+00:00, run_after=2023-07-13T14:20:33.420427+00:00
[2023-07-13T14:20:33.433+0000] {processor.py:179} INFO - Processing /home/airflow/.local/lib/python3.7/site-packages/airflow/example_dags/example_latest_only.py took 0.058 seconds
[2023-07-13T14:21:04.172+0000] {processor.py:157} INFO - Started process (PID=492) to work on /home/airflow/.local/lib/python3.7/site-packages/airflow/example_dags/example_latest_only.py
[2023-07-13T14:21:04.173+0000] {processor.py:826} INFO - Processing file /home/airflow/.local/lib/python3.7/site-packages/airflow/example_dags/example_latest_only.py for tasks to queue
[2023-07-13T14:21:04.174+0000] {logging_mixin.py:150} INFO - [2023-07-13T14:21:04.174+0000] {dagbag.py:541} INFO - Filling up the DagBag from /home/airflow/.local/lib/python3.7/site-packages/airflow/example_dags/example_latest_only.py
[2023-07-13T14:21:04.180+0000] {processor.py:836} INFO - DAG(s) dict_keys(['latest_only']) retrieved from /home/airflow/.local/lib/python3.7/site-packages/airflow/example_dags/example_latest_only.py
[2023-07-13T14:21:04.203+0000] {logging_mixin.py:150} INFO - [2023-07-13T14:21:04.203+0000] {dag.py:2742} INFO - Sync 1 DAGs
[2023-07-13T14:21:04.223+0000] {logging_mixin.py:150} INFO - [2023-07-13T14:21:04.223+0000] {dag.py:3508} INFO - Setting next_dagrun for latest_only to 2023-07-13T10:21:04.223176+00:00, run_after=2023-07-13T14:21:04.223176+00:00
[2023-07-13T14:21:04.236+0000] {processor.py:179} INFO - Processing /home/airflow/.local/lib/python3.7/site-packages/airflow/example_dags/example_latest_only.py took 0.067 seconds
[2023-07-13T14:21:34.832+0000] {processor.py:157} INFO - Started process (PID=548) to work on /home/airflow/.local/lib/python3.7/site-packages/airflow/example_dags/example_latest_only.py
[2023-07-13T14:21:34.833+0000] {processor.py:826} INFO - Processing file /home/airflow/.local/lib/python3.7/site-packages/airflow/example_dags/example_latest_only.py for tasks to queue
[2023-07-13T14:21:34.834+0000] {logging_mixin.py:150} INFO - [2023-07-13T14:21:34.834+0000] {dagbag.py:541} INFO - Filling up the DagBag from /home/airflow/.local/lib/python3.7/site-packages/airflow/example_dags/example_latest_only.py
[2023-07-13T14:21:34.839+0000] {processor.py:836} INFO - DAG(s) dict_keys(['latest_only']) retrieved from /home/airflow/.local/lib/python3.7/site-packages/airflow/example_dags/example_latest_only.py
[2023-07-13T14:21:34.859+0000] {logging_mixin.py:150} INFO - [2023-07-13T14:21:34.858+0000] {dag.py:2742} INFO - Sync 1 DAGs
[2023-07-13T14:21:34.877+0000] {logging_mixin.py:150} INFO - [2023-07-13T14:21:34.876+0000] {dag.py:3508} INFO - Setting next_dagrun for latest_only to 2023-07-13T10:21:34.876681+00:00, run_after=2023-07-13T14:21:34.876681+00:00
[2023-07-13T14:21:34.890+0000] {processor.py:179} INFO - Processing /home/airflow/.local/lib/python3.7/site-packages/airflow/example_dags/example_latest_only.py took 0.061 seconds
[2023-07-13T14:22:05.857+0000] {processor.py:157} INFO - Started process (PID=605) to work on /home/airflow/.local/lib/python3.7/site-packages/airflow/example_dags/example_latest_only.py
[2023-07-13T14:22:05.859+0000] {processor.py:826} INFO - Processing file /home/airflow/.local/lib/python3.7/site-packages/airflow/example_dags/example_latest_only.py for tasks to queue
[2023-07-13T14:22:05.860+0000] {logging_mixin.py:150} INFO - [2023-07-13T14:22:05.859+0000] {dagbag.py:541} INFO - Filling up the DagBag from /home/airflow/.local/lib/python3.7/site-packages/airflow/example_dags/example_latest_only.py
[2023-07-13T14:22:05.866+0000] {processor.py:836} INFO - DAG(s) dict_keys(['latest_only']) retrieved from /home/airflow/.local/lib/python3.7/site-packages/airflow/example_dags/example_latest_only.py
[2023-07-13T14:22:05.893+0000] {logging_mixin.py:150} INFO - [2023-07-13T14:22:05.892+0000] {dag.py:2742} INFO - Sync 1 DAGs
[2023-07-13T14:22:05.916+0000] {logging_mixin.py:150} INFO - [2023-07-13T14:22:05.916+0000] {dag.py:3508} INFO - Setting next_dagrun for latest_only to 2023-07-13T10:22:05.915795+00:00, run_after=2023-07-13T14:22:05.915795+00:00
[2023-07-13T14:22:05.931+0000] {processor.py:179} INFO - Processing /home/airflow/.local/lib/python3.7/site-packages/airflow/example_dags/example_latest_only.py took 0.077 seconds
[2023-07-13T14:22:37.185+0000] {processor.py:157} INFO - Started process (PID=662) to work on /home/airflow/.local/lib/python3.7/site-packages/airflow/example_dags/example_latest_only.py
[2023-07-13T14:22:37.192+0000] {processor.py:826} INFO - Processing file /home/airflow/.local/lib/python3.7/site-packages/airflow/example_dags/example_latest_only.py for tasks to queue
[2023-07-13T14:22:37.208+0000] {logging_mixin.py:150} INFO - [2023-07-13T14:22:37.197+0000] {dagbag.py:541} INFO - Filling up the DagBag from /home/airflow/.local/lib/python3.7/site-packages/airflow/example_dags/example_latest_only.py
[2023-07-13T14:22:37.274+0000] {processor.py:836} INFO - DAG(s) dict_keys(['latest_only']) retrieved from /home/airflow/.local/lib/python3.7/site-packages/airflow/example_dags/example_latest_only.py
[2023-07-13T14:22:37.467+0000] {logging_mixin.py:150} INFO - [2023-07-13T14:22:37.467+0000] {dag.py:2742} INFO - Sync 1 DAGs
[2023-07-13T14:22:37.566+0000] {logging_mixin.py:150} INFO - [2023-07-13T14:22:37.565+0000] {dag.py:3508} INFO - Setting next_dagrun for latest_only to 2023-07-13T10:22:37.564627+00:00, run_after=2023-07-13T14:22:37.564627+00:00
[2023-07-13T14:22:37.604+0000] {processor.py:179} INFO - Processing /home/airflow/.local/lib/python3.7/site-packages/airflow/example_dags/example_latest_only.py took 0.449 seconds
[2023-07-13T14:23:07.994+0000] {processor.py:157} INFO - Started process (PID=720) to work on /home/airflow/.local/lib/python3.7/site-packages/airflow/example_dags/example_latest_only.py
[2023-07-13T14:23:07.996+0000] {processor.py:826} INFO - Processing file /home/airflow/.local/lib/python3.7/site-packages/airflow/example_dags/example_latest_only.py for tasks to queue
[2023-07-13T14:23:07.998+0000] {logging_mixin.py:150} INFO - [2023-07-13T14:23:07.997+0000] {dagbag.py:541} INFO - Filling up the DagBag from /home/airflow/.local/lib/python3.7/site-packages/airflow/example_dags/example_latest_only.py
[2023-07-13T14:23:08.006+0000] {processor.py:836} INFO - DAG(s) dict_keys(['latest_only']) retrieved from /home/airflow/.local/lib/python3.7/site-packages/airflow/example_dags/example_latest_only.py
[2023-07-13T14:23:08.034+0000] {logging_mixin.py:150} INFO - [2023-07-13T14:23:08.033+0000] {dag.py:2742} INFO - Sync 1 DAGs
[2023-07-13T14:23:08.058+0000] {logging_mixin.py:150} INFO - [2023-07-13T14:23:08.058+0000] {dag.py:3508} INFO - Setting next_dagrun for latest_only to 2023-07-13T10:23:08.057692+00:00, run_after=2023-07-13T14:23:08.057692+00:00
[2023-07-13T14:23:08.073+0000] {processor.py:179} INFO - Processing /home/airflow/.local/lib/python3.7/site-packages/airflow/example_dags/example_latest_only.py took 0.085 seconds
[2023-07-13T14:23:38.376+0000] {processor.py:157} INFO - Started process (PID=777) to work on /home/airflow/.local/lib/python3.7/site-packages/airflow/example_dags/example_latest_only.py
[2023-07-13T14:23:38.377+0000] {processor.py:826} INFO - Processing file /home/airflow/.local/lib/python3.7/site-packages/airflow/example_dags/example_latest_only.py for tasks to queue
[2023-07-13T14:23:38.378+0000] {logging_mixin.py:150} INFO - [2023-07-13T14:23:38.378+0000] {dagbag.py:541} INFO - Filling up the DagBag from /home/airflow/.local/lib/python3.7/site-packages/airflow/example_dags/example_latest_only.py
[2023-07-13T14:23:38.386+0000] {processor.py:836} INFO - DAG(s) dict_keys(['latest_only']) retrieved from /home/airflow/.local/lib/python3.7/site-packages/airflow/example_dags/example_latest_only.py
[2023-07-13T14:23:38.414+0000] {logging_mixin.py:150} INFO - [2023-07-13T14:23:38.414+0000] {dag.py:2742} INFO - Sync 1 DAGs
[2023-07-13T14:23:38.447+0000] {logging_mixin.py:150} INFO - [2023-07-13T14:23:38.447+0000] {dag.py:3508} INFO - Setting next_dagrun for latest_only to 2023-07-13T10:23:38.446664+00:00, run_after=2023-07-13T14:23:38.446664+00:00
[2023-07-13T14:23:38.483+0000] {processor.py:179} INFO - Processing /home/airflow/.local/lib/python3.7/site-packages/airflow/example_dags/example_latest_only.py took 0.110 seconds
[2023-07-13T14:24:08.952+0000] {processor.py:157} INFO - Started process (PID=835) to work on /home/airflow/.local/lib/python3.7/site-packages/airflow/example_dags/example_latest_only.py
[2023-07-13T14:24:08.953+0000] {processor.py:826} INFO - Processing file /home/airflow/.local/lib/python3.7/site-packages/airflow/example_dags/example_latest_only.py for tasks to queue
[2023-07-13T14:24:08.954+0000] {logging_mixin.py:150} INFO - [2023-07-13T14:24:08.954+0000] {dagbag.py:541} INFO - Filling up the DagBag from /home/airflow/.local/lib/python3.7/site-packages/airflow/example_dags/example_latest_only.py
[2023-07-13T14:24:08.960+0000] {processor.py:836} INFO - DAG(s) dict_keys(['latest_only']) retrieved from /home/airflow/.local/lib/python3.7/site-packages/airflow/example_dags/example_latest_only.py
[2023-07-13T14:24:08.992+0000] {logging_mixin.py:150} INFO - [2023-07-13T14:24:08.992+0000] {dag.py:2742} INFO - Sync 1 DAGs
[2023-07-13T14:24:09.021+0000] {logging_mixin.py:150} INFO - [2023-07-13T14:24:09.021+0000] {dag.py:3508} INFO - Setting next_dagrun for latest_only to 2023-07-13T10:24:09.020914+00:00, run_after=2023-07-13T14:24:09.020914+00:00
[2023-07-13T14:24:09.035+0000] {processor.py:179} INFO - Processing /home/airflow/.local/lib/python3.7/site-packages/airflow/example_dags/example_latest_only.py took 0.088 seconds
[2023-07-13T14:24:39.137+0000] {processor.py:157} INFO - Started process (PID=892) to work on /home/airflow/.local/lib/python3.7/site-packages/airflow/example_dags/example_latest_only.py
[2023-07-13T14:24:39.138+0000] {processor.py:826} INFO - Processing file /home/airflow/.local/lib/python3.7/site-packages/airflow/example_dags/example_latest_only.py for tasks to queue
[2023-07-13T14:24:39.139+0000] {logging_mixin.py:150} INFO - [2023-07-13T14:24:39.139+0000] {dagbag.py:541} INFO - Filling up the DagBag from /home/airflow/.local/lib/python3.7/site-packages/airflow/example_dags/example_latest_only.py
[2023-07-13T14:24:39.148+0000] {processor.py:836} INFO - DAG(s) dict_keys(['latest_only']) retrieved from /home/airflow/.local/lib/python3.7/site-packages/airflow/example_dags/example_latest_only.py
[2023-07-13T14:24:39.205+0000] {logging_mixin.py:150} INFO - [2023-07-13T14:24:39.205+0000] {dag.py:2742} INFO - Sync 1 DAGs
[2023-07-13T14:24:39.265+0000] {logging_mixin.py:150} INFO - [2023-07-13T14:24:39.264+0000] {dag.py:3508} INFO - Setting next_dagrun for latest_only to 2023-07-13T10:24:39.264238+00:00, run_after=2023-07-13T14:24:39.264238+00:00
[2023-07-13T14:24:39.296+0000] {processor.py:179} INFO - Processing /home/airflow/.local/lib/python3.7/site-packages/airflow/example_dags/example_latest_only.py took 0.162 seconds
[2023-07-13T14:25:09.419+0000] {processor.py:157} INFO - Started process (PID=947) to work on /home/airflow/.local/lib/python3.7/site-packages/airflow/example_dags/example_latest_only.py
[2023-07-13T14:25:09.420+0000] {processor.py:826} INFO - Processing file /home/airflow/.local/lib/python3.7/site-packages/airflow/example_dags/example_latest_only.py for tasks to queue
[2023-07-13T14:25:09.421+0000] {logging_mixin.py:150} INFO - [2023-07-13T14:25:09.421+0000] {dagbag.py:541} INFO - Filling up the DagBag from /home/airflow/.local/lib/python3.7/site-packages/airflow/example_dags/example_latest_only.py
[2023-07-13T14:25:09.427+0000] {processor.py:836} INFO - DAG(s) dict_keys(['latest_only']) retrieved from /home/airflow/.local/lib/python3.7/site-packages/airflow/example_dags/example_latest_only.py
[2023-07-13T14:25:09.445+0000] {logging_mixin.py:150} INFO - [2023-07-13T14:25:09.445+0000] {dag.py:2742} INFO - Sync 1 DAGs
[2023-07-13T14:25:09.460+0000] {logging_mixin.py:150} INFO - [2023-07-13T14:25:09.460+0000] {dag.py:3508} INFO - Setting next_dagrun for latest_only to 2023-07-13T10:25:09.460484+00:00, run_after=2023-07-13T14:25:09.460484+00:00
[2023-07-13T14:25:09.471+0000] {processor.py:179} INFO - Processing /home/airflow/.local/lib/python3.7/site-packages/airflow/example_dags/example_latest_only.py took 0.055 seconds
