[2023-07-13T14:17:00.407+0000] {processor.py:157} INFO - Started process (PID=50) to work on /home/airflow/.local/lib/python3.7/site-packages/airflow/example_dags/example_external_task_marker_dag.py
[2023-07-13T14:17:00.415+0000] {processor.py:826} INFO - Processing file /home/airflow/.local/lib/python3.7/site-packages/airflow/example_dags/example_external_task_marker_dag.py for tasks to queue
[2023-07-13T14:17:00.417+0000] {logging_mixin.py:150} INFO - [2023-07-13T14:17:00.416+0000] {dagbag.py:541} INFO - Filling up the DagBag from /home/airflow/.local/lib/python3.7/site-packages/airflow/example_dags/example_external_task_marker_dag.py
[2023-07-13T14:17:00.480+0000] {processor.py:836} INFO - DAG(s) dict_keys(['example_external_task_marker_child', 'example_external_task_marker_parent']) retrieved from /home/airflow/.local/lib/python3.7/site-packages/airflow/example_dags/example_external_task_marker_dag.py
[2023-07-13T14:17:00.557+0000] {logging_mixin.py:150} INFO - [2023-07-13T14:17:00.557+0000] {dag.py:2742} INFO - Sync 2 DAGs
[2023-07-13T14:17:00.673+0000] {logging_mixin.py:150} INFO - [2023-07-13T14:17:00.672+0000] {dag.py:3508} INFO - Setting next_dagrun for example_external_task_marker_child to None, run_after=None
[2023-07-13T14:17:00.715+0000] {logging_mixin.py:150} INFO - [2023-07-13T14:17:00.714+0000] {dag.py:3508} INFO - Setting next_dagrun for example_external_task_marker_parent to None, run_after=None
[2023-07-13T14:17:00.823+0000] {processor.py:179} INFO - Processing /home/airflow/.local/lib/python3.7/site-packages/airflow/example_dags/example_external_task_marker_dag.py took 0.421 seconds
[2023-07-13T14:17:31.408+0000] {processor.py:157} INFO - Started process (PID=106) to work on /home/airflow/.local/lib/python3.7/site-packages/airflow/example_dags/example_external_task_marker_dag.py
[2023-07-13T14:17:31.411+0000] {processor.py:826} INFO - Processing file /home/airflow/.local/lib/python3.7/site-packages/airflow/example_dags/example_external_task_marker_dag.py for tasks to queue
[2023-07-13T14:17:31.411+0000] {logging_mixin.py:150} INFO - [2023-07-13T14:17:31.411+0000] {dagbag.py:541} INFO - Filling up the DagBag from /home/airflow/.local/lib/python3.7/site-packages/airflow/example_dags/example_external_task_marker_dag.py
[2023-07-13T14:17:31.417+0000] {processor.py:836} INFO - DAG(s) dict_keys(['example_external_task_marker_parent', 'example_external_task_marker_child']) retrieved from /home/airflow/.local/lib/python3.7/site-packages/airflow/example_dags/example_external_task_marker_dag.py
[2023-07-13T14:17:31.440+0000] {logging_mixin.py:150} INFO - [2023-07-13T14:17:31.440+0000] {dag.py:2742} INFO - Sync 2 DAGs
[2023-07-13T14:17:31.465+0000] {logging_mixin.py:150} INFO - [2023-07-13T14:17:31.464+0000] {dag.py:3508} INFO - Setting next_dagrun for example_external_task_marker_child to None, run_after=None
[2023-07-13T14:17:31.471+0000] {logging_mixin.py:150} INFO - [2023-07-13T14:17:31.471+0000] {dag.py:3508} INFO - Setting next_dagrun for example_external_task_marker_parent to None, run_after=None
[2023-07-13T14:17:31.486+0000] {processor.py:179} INFO - Processing /home/airflow/.local/lib/python3.7/site-packages/airflow/example_dags/example_external_task_marker_dag.py took 0.081 seconds
[2023-07-13T14:18:01.570+0000] {processor.py:157} INFO - Started process (PID=163) to work on /home/airflow/.local/lib/python3.7/site-packages/airflow/example_dags/example_external_task_marker_dag.py
[2023-07-13T14:18:01.571+0000] {processor.py:826} INFO - Processing file /home/airflow/.local/lib/python3.7/site-packages/airflow/example_dags/example_external_task_marker_dag.py for tasks to queue
[2023-07-13T14:18:01.572+0000] {logging_mixin.py:150} INFO - [2023-07-13T14:18:01.571+0000] {dagbag.py:541} INFO - Filling up the DagBag from /home/airflow/.local/lib/python3.7/site-packages/airflow/example_dags/example_external_task_marker_dag.py
[2023-07-13T14:18:01.577+0000] {processor.py:836} INFO - DAG(s) dict_keys(['example_external_task_marker_child', 'example_external_task_marker_parent']) retrieved from /home/airflow/.local/lib/python3.7/site-packages/airflow/example_dags/example_external_task_marker_dag.py
[2023-07-13T14:18:01.597+0000] {logging_mixin.py:150} INFO - [2023-07-13T14:18:01.597+0000] {dag.py:2742} INFO - Sync 2 DAGs
[2023-07-13T14:18:01.612+0000] {logging_mixin.py:150} INFO - [2023-07-13T14:18:01.612+0000] {dag.py:3508} INFO - Setting next_dagrun for example_external_task_marker_child to None, run_after=None
[2023-07-13T14:18:01.614+0000] {logging_mixin.py:150} INFO - [2023-07-13T14:18:01.614+0000] {dag.py:3508} INFO - Setting next_dagrun for example_external_task_marker_parent to None, run_after=None
[2023-07-13T14:18:01.624+0000] {processor.py:179} INFO - Processing /home/airflow/.local/lib/python3.7/site-packages/airflow/example_dags/example_external_task_marker_dag.py took 0.057 seconds
[2023-07-13T14:18:31.829+0000] {processor.py:157} INFO - Started process (PID=220) to work on /home/airflow/.local/lib/python3.7/site-packages/airflow/example_dags/example_external_task_marker_dag.py
[2023-07-13T14:18:31.831+0000] {processor.py:826} INFO - Processing file /home/airflow/.local/lib/python3.7/site-packages/airflow/example_dags/example_external_task_marker_dag.py for tasks to queue
[2023-07-13T14:18:31.832+0000] {logging_mixin.py:150} INFO - [2023-07-13T14:18:31.832+0000] {dagbag.py:541} INFO - Filling up the DagBag from /home/airflow/.local/lib/python3.7/site-packages/airflow/example_dags/example_external_task_marker_dag.py
[2023-07-13T14:18:31.840+0000] {processor.py:836} INFO - DAG(s) dict_keys(['example_external_task_marker_child', 'example_external_task_marker_parent']) retrieved from /home/airflow/.local/lib/python3.7/site-packages/airflow/example_dags/example_external_task_marker_dag.py
[2023-07-13T14:18:31.866+0000] {logging_mixin.py:150} INFO - [2023-07-13T14:18:31.866+0000] {dag.py:2742} INFO - Sync 2 DAGs
[2023-07-13T14:18:31.883+0000] {logging_mixin.py:150} INFO - [2023-07-13T14:18:31.883+0000] {dag.py:3508} INFO - Setting next_dagrun for example_external_task_marker_child to None, run_after=None
[2023-07-13T14:18:31.885+0000] {logging_mixin.py:150} INFO - [2023-07-13T14:18:31.885+0000] {dag.py:3508} INFO - Setting next_dagrun for example_external_task_marker_parent to None, run_after=None
[2023-07-13T14:18:31.895+0000] {processor.py:179} INFO - Processing /home/airflow/.local/lib/python3.7/site-packages/airflow/example_dags/example_external_task_marker_dag.py took 0.069 seconds
[2023-07-13T14:19:02.617+0000] {processor.py:157} INFO - Started process (PID=276) to work on /home/airflow/.local/lib/python3.7/site-packages/airflow/example_dags/example_external_task_marker_dag.py
[2023-07-13T14:19:02.618+0000] {processor.py:826} INFO - Processing file /home/airflow/.local/lib/python3.7/site-packages/airflow/example_dags/example_external_task_marker_dag.py for tasks to queue
[2023-07-13T14:19:02.619+0000] {logging_mixin.py:150} INFO - [2023-07-13T14:19:02.619+0000] {dagbag.py:541} INFO - Filling up the DagBag from /home/airflow/.local/lib/python3.7/site-packages/airflow/example_dags/example_external_task_marker_dag.py
[2023-07-13T14:19:02.624+0000] {processor.py:836} INFO - DAG(s) dict_keys(['example_external_task_marker_parent', 'example_external_task_marker_child']) retrieved from /home/airflow/.local/lib/python3.7/site-packages/airflow/example_dags/example_external_task_marker_dag.py
[2023-07-13T14:19:02.654+0000] {logging_mixin.py:150} INFO - [2023-07-13T14:19:02.654+0000] {dag.py:2742} INFO - Sync 2 DAGs
[2023-07-13T14:19:02.673+0000] {logging_mixin.py:150} INFO - [2023-07-13T14:19:02.673+0000] {dag.py:3508} INFO - Setting next_dagrun for example_external_task_marker_child to None, run_after=None
[2023-07-13T14:19:02.676+0000] {logging_mixin.py:150} INFO - [2023-07-13T14:19:02.676+0000] {dag.py:3508} INFO - Setting next_dagrun for example_external_task_marker_parent to None, run_after=None
[2023-07-13T14:19:02.686+0000] {processor.py:179} INFO - Processing /home/airflow/.local/lib/python3.7/site-packages/airflow/example_dags/example_external_task_marker_dag.py took 0.072 seconds
[2023-07-13T14:19:33.089+0000] {processor.py:157} INFO - Started process (PID=333) to work on /home/airflow/.local/lib/python3.7/site-packages/airflow/example_dags/example_external_task_marker_dag.py
[2023-07-13T14:19:33.091+0000] {processor.py:826} INFO - Processing file /home/airflow/.local/lib/python3.7/site-packages/airflow/example_dags/example_external_task_marker_dag.py for tasks to queue
[2023-07-13T14:19:33.092+0000] {logging_mixin.py:150} INFO - [2023-07-13T14:19:33.092+0000] {dagbag.py:541} INFO - Filling up the DagBag from /home/airflow/.local/lib/python3.7/site-packages/airflow/example_dags/example_external_task_marker_dag.py
[2023-07-13T14:19:33.097+0000] {processor.py:836} INFO - DAG(s) dict_keys(['example_external_task_marker_child', 'example_external_task_marker_parent']) retrieved from /home/airflow/.local/lib/python3.7/site-packages/airflow/example_dags/example_external_task_marker_dag.py
[2023-07-13T14:19:33.119+0000] {logging_mixin.py:150} INFO - [2023-07-13T14:19:33.118+0000] {dag.py:2742} INFO - Sync 2 DAGs
[2023-07-13T14:19:33.136+0000] {logging_mixin.py:150} INFO - [2023-07-13T14:19:33.136+0000] {dag.py:3508} INFO - Setting next_dagrun for example_external_task_marker_child to None, run_after=None
[2023-07-13T14:19:33.138+0000] {logging_mixin.py:150} INFO - [2023-07-13T14:19:33.138+0000] {dag.py:3508} INFO - Setting next_dagrun for example_external_task_marker_parent to None, run_after=None
[2023-07-13T14:19:33.148+0000] {processor.py:179} INFO - Processing /home/airflow/.local/lib/python3.7/site-packages/airflow/example_dags/example_external_task_marker_dag.py took 0.061 seconds
[2023-07-13T14:20:03.490+0000] {processor.py:157} INFO - Started process (PID=390) to work on /home/airflow/.local/lib/python3.7/site-packages/airflow/example_dags/example_external_task_marker_dag.py
[2023-07-13T14:20:03.491+0000] {processor.py:826} INFO - Processing file /home/airflow/.local/lib/python3.7/site-packages/airflow/example_dags/example_external_task_marker_dag.py for tasks to queue
[2023-07-13T14:20:03.492+0000] {logging_mixin.py:150} INFO - [2023-07-13T14:20:03.492+0000] {dagbag.py:541} INFO - Filling up the DagBag from /home/airflow/.local/lib/python3.7/site-packages/airflow/example_dags/example_external_task_marker_dag.py
[2023-07-13T14:20:03.497+0000] {processor.py:836} INFO - DAG(s) dict_keys(['example_external_task_marker_parent', 'example_external_task_marker_child']) retrieved from /home/airflow/.local/lib/python3.7/site-packages/airflow/example_dags/example_external_task_marker_dag.py
[2023-07-13T14:20:03.519+0000] {logging_mixin.py:150} INFO - [2023-07-13T14:20:03.519+0000] {dag.py:2742} INFO - Sync 2 DAGs
[2023-07-13T14:20:03.538+0000] {logging_mixin.py:150} INFO - [2023-07-13T14:20:03.538+0000] {dag.py:3508} INFO - Setting next_dagrun for example_external_task_marker_child to None, run_after=None
[2023-07-13T14:20:03.543+0000] {logging_mixin.py:150} INFO - [2023-07-13T14:20:03.543+0000] {dag.py:3508} INFO - Setting next_dagrun for example_external_task_marker_parent to None, run_after=None
[2023-07-13T14:20:03.553+0000] {processor.py:179} INFO - Processing /home/airflow/.local/lib/python3.7/site-packages/airflow/example_dags/example_external_task_marker_dag.py took 0.066 seconds
[2023-07-13T14:20:33.857+0000] {processor.py:157} INFO - Started process (PID=447) to work on /home/airflow/.local/lib/python3.7/site-packages/airflow/example_dags/example_external_task_marker_dag.py
[2023-07-13T14:20:33.858+0000] {processor.py:826} INFO - Processing file /home/airflow/.local/lib/python3.7/site-packages/airflow/example_dags/example_external_task_marker_dag.py for tasks to queue
[2023-07-13T14:20:33.859+0000] {logging_mixin.py:150} INFO - [2023-07-13T14:20:33.859+0000] {dagbag.py:541} INFO - Filling up the DagBag from /home/airflow/.local/lib/python3.7/site-packages/airflow/example_dags/example_external_task_marker_dag.py
[2023-07-13T14:20:33.864+0000] {processor.py:836} INFO - DAG(s) dict_keys(['example_external_task_marker_parent', 'example_external_task_marker_child']) retrieved from /home/airflow/.local/lib/python3.7/site-packages/airflow/example_dags/example_external_task_marker_dag.py
[2023-07-13T14:20:33.885+0000] {logging_mixin.py:150} INFO - [2023-07-13T14:20:33.885+0000] {dag.py:2742} INFO - Sync 2 DAGs
[2023-07-13T14:20:33.902+0000] {logging_mixin.py:150} INFO - [2023-07-13T14:20:33.902+0000] {dag.py:3508} INFO - Setting next_dagrun for example_external_task_marker_child to None, run_after=None
[2023-07-13T14:20:33.904+0000] {logging_mixin.py:150} INFO - [2023-07-13T14:20:33.904+0000] {dag.py:3508} INFO - Setting next_dagrun for example_external_task_marker_parent to None, run_after=None
[2023-07-13T14:20:33.914+0000] {processor.py:179} INFO - Processing /home/airflow/.local/lib/python3.7/site-packages/airflow/example_dags/example_external_task_marker_dag.py took 0.060 seconds
[2023-07-13T14:21:04.737+0000] {processor.py:157} INFO - Started process (PID=503) to work on /home/airflow/.local/lib/python3.7/site-packages/airflow/example_dags/example_external_task_marker_dag.py
[2023-07-13T14:21:04.739+0000] {processor.py:826} INFO - Processing file /home/airflow/.local/lib/python3.7/site-packages/airflow/example_dags/example_external_task_marker_dag.py for tasks to queue
[2023-07-13T14:21:04.740+0000] {logging_mixin.py:150} INFO - [2023-07-13T14:21:04.739+0000] {dagbag.py:541} INFO - Filling up the DagBag from /home/airflow/.local/lib/python3.7/site-packages/airflow/example_dags/example_external_task_marker_dag.py
[2023-07-13T14:21:04.744+0000] {processor.py:836} INFO - DAG(s) dict_keys(['example_external_task_marker_parent', 'example_external_task_marker_child']) retrieved from /home/airflow/.local/lib/python3.7/site-packages/airflow/example_dags/example_external_task_marker_dag.py
[2023-07-13T14:21:04.769+0000] {logging_mixin.py:150} INFO - [2023-07-13T14:21:04.768+0000] {dag.py:2742} INFO - Sync 2 DAGs
[2023-07-13T14:21:04.786+0000] {logging_mixin.py:150} INFO - [2023-07-13T14:21:04.786+0000] {dag.py:3508} INFO - Setting next_dagrun for example_external_task_marker_child to None, run_after=None
[2023-07-13T14:21:04.788+0000] {logging_mixin.py:150} INFO - [2023-07-13T14:21:04.788+0000] {dag.py:3508} INFO - Setting next_dagrun for example_external_task_marker_parent to None, run_after=None
[2023-07-13T14:21:04.800+0000] {processor.py:179} INFO - Processing /home/airflow/.local/lib/python3.7/site-packages/airflow/example_dags/example_external_task_marker_dag.py took 0.066 seconds
[2023-07-13T14:21:35.302+0000] {processor.py:157} INFO - Started process (PID=559) to work on /home/airflow/.local/lib/python3.7/site-packages/airflow/example_dags/example_external_task_marker_dag.py
[2023-07-13T14:21:35.303+0000] {processor.py:826} INFO - Processing file /home/airflow/.local/lib/python3.7/site-packages/airflow/example_dags/example_external_task_marker_dag.py for tasks to queue
[2023-07-13T14:21:35.304+0000] {logging_mixin.py:150} INFO - [2023-07-13T14:21:35.304+0000] {dagbag.py:541} INFO - Filling up the DagBag from /home/airflow/.local/lib/python3.7/site-packages/airflow/example_dags/example_external_task_marker_dag.py
[2023-07-13T14:21:35.309+0000] {processor.py:836} INFO - DAG(s) dict_keys(['example_external_task_marker_child', 'example_external_task_marker_parent']) retrieved from /home/airflow/.local/lib/python3.7/site-packages/airflow/example_dags/example_external_task_marker_dag.py
[2023-07-13T14:21:35.331+0000] {logging_mixin.py:150} INFO - [2023-07-13T14:21:35.331+0000] {dag.py:2742} INFO - Sync 2 DAGs
[2023-07-13T14:21:35.348+0000] {logging_mixin.py:150} INFO - [2023-07-13T14:21:35.348+0000] {dag.py:3508} INFO - Setting next_dagrun for example_external_task_marker_child to None, run_after=None
[2023-07-13T14:21:35.351+0000] {logging_mixin.py:150} INFO - [2023-07-13T14:21:35.351+0000] {dag.py:3508} INFO - Setting next_dagrun for example_external_task_marker_parent to None, run_after=None
[2023-07-13T14:21:35.362+0000] {processor.py:179} INFO - Processing /home/airflow/.local/lib/python3.7/site-packages/airflow/example_dags/example_external_task_marker_dag.py took 0.063 seconds
[2023-07-13T14:22:06.390+0000] {processor.py:157} INFO - Started process (PID=616) to work on /home/airflow/.local/lib/python3.7/site-packages/airflow/example_dags/example_external_task_marker_dag.py
[2023-07-13T14:22:06.392+0000] {processor.py:826} INFO - Processing file /home/airflow/.local/lib/python3.7/site-packages/airflow/example_dags/example_external_task_marker_dag.py for tasks to queue
[2023-07-13T14:22:06.393+0000] {logging_mixin.py:150} INFO - [2023-07-13T14:22:06.393+0000] {dagbag.py:541} INFO - Filling up the DagBag from /home/airflow/.local/lib/python3.7/site-packages/airflow/example_dags/example_external_task_marker_dag.py
[2023-07-13T14:22:06.402+0000] {processor.py:836} INFO - DAG(s) dict_keys(['example_external_task_marker_parent', 'example_external_task_marker_child']) retrieved from /home/airflow/.local/lib/python3.7/site-packages/airflow/example_dags/example_external_task_marker_dag.py
[2023-07-13T14:22:06.436+0000] {logging_mixin.py:150} INFO - [2023-07-13T14:22:06.436+0000] {dag.py:2742} INFO - Sync 2 DAGs
[2023-07-13T14:22:06.454+0000] {logging_mixin.py:150} INFO - [2023-07-13T14:22:06.454+0000] {dag.py:3508} INFO - Setting next_dagrun for example_external_task_marker_child to None, run_after=None
[2023-07-13T14:22:06.456+0000] {logging_mixin.py:150} INFO - [2023-07-13T14:22:06.456+0000] {dag.py:3508} INFO - Setting next_dagrun for example_external_task_marker_parent to None, run_after=None
[2023-07-13T14:22:06.466+0000] {processor.py:179} INFO - Processing /home/airflow/.local/lib/python3.7/site-packages/airflow/example_dags/example_external_task_marker_dag.py took 0.079 seconds
[2023-07-13T14:22:40.072+0000] {processor.py:157} INFO - Started process (PID=673) to work on /home/airflow/.local/lib/python3.7/site-packages/airflow/example_dags/example_external_task_marker_dag.py
[2023-07-13T14:22:40.074+0000] {processor.py:826} INFO - Processing file /home/airflow/.local/lib/python3.7/site-packages/airflow/example_dags/example_external_task_marker_dag.py for tasks to queue
[2023-07-13T14:22:40.075+0000] {logging_mixin.py:150} INFO - [2023-07-13T14:22:40.075+0000] {dagbag.py:541} INFO - Filling up the DagBag from /home/airflow/.local/lib/python3.7/site-packages/airflow/example_dags/example_external_task_marker_dag.py
[2023-07-13T14:22:40.082+0000] {processor.py:836} INFO - DAG(s) dict_keys(['example_external_task_marker_parent', 'example_external_task_marker_child']) retrieved from /home/airflow/.local/lib/python3.7/site-packages/airflow/example_dags/example_external_task_marker_dag.py
[2023-07-13T14:22:40.145+0000] {logging_mixin.py:150} INFO - [2023-07-13T14:22:40.145+0000] {dag.py:2742} INFO - Sync 2 DAGs
[2023-07-13T14:22:40.169+0000] {logging_mixin.py:150} INFO - [2023-07-13T14:22:40.168+0000] {dag.py:3508} INFO - Setting next_dagrun for example_external_task_marker_child to None, run_after=None
[2023-07-13T14:22:40.173+0000] {logging_mixin.py:150} INFO - [2023-07-13T14:22:40.173+0000] {dag.py:3508} INFO - Setting next_dagrun for example_external_task_marker_parent to None, run_after=None
[2023-07-13T14:22:40.190+0000] {processor.py:179} INFO - Processing /home/airflow/.local/lib/python3.7/site-packages/airflow/example_dags/example_external_task_marker_dag.py took 0.123 seconds
[2023-07-13T14:23:10.253+0000] {processor.py:157} INFO - Started process (PID=731) to work on /home/airflow/.local/lib/python3.7/site-packages/airflow/example_dags/example_external_task_marker_dag.py
[2023-07-13T14:23:10.254+0000] {processor.py:826} INFO - Processing file /home/airflow/.local/lib/python3.7/site-packages/airflow/example_dags/example_external_task_marker_dag.py for tasks to queue
[2023-07-13T14:23:10.255+0000] {logging_mixin.py:150} INFO - [2023-07-13T14:23:10.255+0000] {dagbag.py:541} INFO - Filling up the DagBag from /home/airflow/.local/lib/python3.7/site-packages/airflow/example_dags/example_external_task_marker_dag.py
[2023-07-13T14:23:10.261+0000] {processor.py:836} INFO - DAG(s) dict_keys(['example_external_task_marker_parent', 'example_external_task_marker_child']) retrieved from /home/airflow/.local/lib/python3.7/site-packages/airflow/example_dags/example_external_task_marker_dag.py
[2023-07-13T14:23:10.289+0000] {logging_mixin.py:150} INFO - [2023-07-13T14:23:10.289+0000] {dag.py:2742} INFO - Sync 2 DAGs
[2023-07-13T14:23:10.314+0000] {logging_mixin.py:150} INFO - [2023-07-13T14:23:10.314+0000] {dag.py:3508} INFO - Setting next_dagrun for example_external_task_marker_child to None, run_after=None
[2023-07-13T14:23:10.318+0000] {logging_mixin.py:150} INFO - [2023-07-13T14:23:10.318+0000] {dag.py:3508} INFO - Setting next_dagrun for example_external_task_marker_parent to None, run_after=None
[2023-07-13T14:23:10.343+0000] {processor.py:179} INFO - Processing /home/airflow/.local/lib/python3.7/site-packages/airflow/example_dags/example_external_task_marker_dag.py took 0.093 seconds
[2023-07-13T14:23:42.498+0000] {processor.py:157} INFO - Started process (PID=788) to work on /home/airflow/.local/lib/python3.7/site-packages/airflow/example_dags/example_external_task_marker_dag.py
[2023-07-13T14:23:42.501+0000] {processor.py:826} INFO - Processing file /home/airflow/.local/lib/python3.7/site-packages/airflow/example_dags/example_external_task_marker_dag.py for tasks to queue
[2023-07-13T14:23:42.504+0000] {logging_mixin.py:150} INFO - [2023-07-13T14:23:42.503+0000] {dagbag.py:541} INFO - Filling up the DagBag from /home/airflow/.local/lib/python3.7/site-packages/airflow/example_dags/example_external_task_marker_dag.py
[2023-07-13T14:23:42.515+0000] {processor.py:836} INFO - DAG(s) dict_keys(['example_external_task_marker_child', 'example_external_task_marker_parent']) retrieved from /home/airflow/.local/lib/python3.7/site-packages/airflow/example_dags/example_external_task_marker_dag.py
[2023-07-13T14:23:42.608+0000] {logging_mixin.py:150} INFO - [2023-07-13T14:23:42.607+0000] {dag.py:2742} INFO - Sync 2 DAGs
[2023-07-13T14:23:42.729+0000] {logging_mixin.py:150} INFO - [2023-07-13T14:23:42.728+0000] {dag.py:3508} INFO - Setting next_dagrun for example_external_task_marker_child to None, run_after=None
[2023-07-13T14:23:42.809+0000] {logging_mixin.py:150} INFO - [2023-07-13T14:23:42.807+0000] {dag.py:3508} INFO - Setting next_dagrun for example_external_task_marker_parent to None, run_after=None
[2023-07-13T14:23:42.878+0000] {processor.py:179} INFO - Processing /home/airflow/.local/lib/python3.7/site-packages/airflow/example_dags/example_external_task_marker_dag.py took 0.384 seconds
[2023-07-13T14:24:13.713+0000] {processor.py:157} INFO - Started process (PID=846) to work on /home/airflow/.local/lib/python3.7/site-packages/airflow/example_dags/example_external_task_marker_dag.py
[2023-07-13T14:24:13.715+0000] {processor.py:826} INFO - Processing file /home/airflow/.local/lib/python3.7/site-packages/airflow/example_dags/example_external_task_marker_dag.py for tasks to queue
[2023-07-13T14:24:13.716+0000] {logging_mixin.py:150} INFO - [2023-07-13T14:24:13.716+0000] {dagbag.py:541} INFO - Filling up the DagBag from /home/airflow/.local/lib/python3.7/site-packages/airflow/example_dags/example_external_task_marker_dag.py
[2023-07-13T14:24:13.725+0000] {processor.py:836} INFO - DAG(s) dict_keys(['example_external_task_marker_parent', 'example_external_task_marker_child']) retrieved from /home/airflow/.local/lib/python3.7/site-packages/airflow/example_dags/example_external_task_marker_dag.py
[2023-07-13T14:24:13.754+0000] {logging_mixin.py:150} INFO - [2023-07-13T14:24:13.754+0000] {dag.py:2742} INFO - Sync 2 DAGs
[2023-07-13T14:24:13.772+0000] {logging_mixin.py:150} INFO - [2023-07-13T14:24:13.772+0000] {dag.py:3508} INFO - Setting next_dagrun for example_external_task_marker_child to None, run_after=None
[2023-07-13T14:24:13.775+0000] {logging_mixin.py:150} INFO - [2023-07-13T14:24:13.775+0000] {dag.py:3508} INFO - Setting next_dagrun for example_external_task_marker_parent to None, run_after=None
[2023-07-13T14:24:13.785+0000] {processor.py:179} INFO - Processing /home/airflow/.local/lib/python3.7/site-packages/airflow/example_dags/example_external_task_marker_dag.py took 0.077 seconds
[2023-07-13T14:24:44.142+0000] {processor.py:157} INFO - Started process (PID=903) to work on /home/airflow/.local/lib/python3.7/site-packages/airflow/example_dags/example_external_task_marker_dag.py
[2023-07-13T14:24:44.155+0000] {processor.py:826} INFO - Processing file /home/airflow/.local/lib/python3.7/site-packages/airflow/example_dags/example_external_task_marker_dag.py for tasks to queue
[2023-07-13T14:24:44.160+0000] {logging_mixin.py:150} INFO - [2023-07-13T14:24:44.159+0000] {dagbag.py:541} INFO - Filling up the DagBag from /home/airflow/.local/lib/python3.7/site-packages/airflow/example_dags/example_external_task_marker_dag.py
[2023-07-13T14:24:44.178+0000] {processor.py:836} INFO - DAG(s) dict_keys(['example_external_task_marker_parent', 'example_external_task_marker_child']) retrieved from /home/airflow/.local/lib/python3.7/site-packages/airflow/example_dags/example_external_task_marker_dag.py
[2023-07-13T14:24:44.260+0000] {logging_mixin.py:150} INFO - [2023-07-13T14:24:44.260+0000] {dag.py:2742} INFO - Sync 2 DAGs
[2023-07-13T14:24:44.307+0000] {logging_mixin.py:150} INFO - [2023-07-13T14:24:44.307+0000] {dag.py:3508} INFO - Setting next_dagrun for example_external_task_marker_child to None, run_after=None
[2023-07-13T14:24:44.311+0000] {logging_mixin.py:150} INFO - [2023-07-13T14:24:44.311+0000] {dag.py:3508} INFO - Setting next_dagrun for example_external_task_marker_parent to None, run_after=None
[2023-07-13T14:24:44.328+0000] {processor.py:179} INFO - Processing /home/airflow/.local/lib/python3.7/site-packages/airflow/example_dags/example_external_task_marker_dag.py took 0.197 seconds
[2023-07-13T14:25:14.631+0000] {processor.py:157} INFO - Started process (PID=959) to work on /home/airflow/.local/lib/python3.7/site-packages/airflow/example_dags/example_external_task_marker_dag.py
[2023-07-13T14:25:14.636+0000] {processor.py:826} INFO - Processing file /home/airflow/.local/lib/python3.7/site-packages/airflow/example_dags/example_external_task_marker_dag.py for tasks to queue
[2023-07-13T14:25:14.638+0000] {logging_mixin.py:150} INFO - [2023-07-13T14:25:14.638+0000] {dagbag.py:541} INFO - Filling up the DagBag from /home/airflow/.local/lib/python3.7/site-packages/airflow/example_dags/example_external_task_marker_dag.py
[2023-07-13T14:25:14.658+0000] {processor.py:836} INFO - DAG(s) dict_keys(['example_external_task_marker_parent', 'example_external_task_marker_child']) retrieved from /home/airflow/.local/lib/python3.7/site-packages/airflow/example_dags/example_external_task_marker_dag.py
[2023-07-13T14:25:14.765+0000] {logging_mixin.py:150} INFO - [2023-07-13T14:25:14.765+0000] {dag.py:2742} INFO - Sync 2 DAGs
[2023-07-13T14:25:14.841+0000] {logging_mixin.py:150} INFO - [2023-07-13T14:25:14.841+0000] {dag.py:3508} INFO - Setting next_dagrun for example_external_task_marker_child to None, run_after=None
[2023-07-13T14:25:14.850+0000] {logging_mixin.py:150} INFO - [2023-07-13T14:25:14.850+0000] {dag.py:3508} INFO - Setting next_dagrun for example_external_task_marker_parent to None, run_after=None
[2023-07-13T14:25:14.907+0000] {processor.py:179} INFO - Processing /home/airflow/.local/lib/python3.7/site-packages/airflow/example_dags/example_external_task_marker_dag.py took 0.303 seconds
