[2023-07-13T14:17:03.272+0000] {processor.py:157} INFO - Started process (PID=64) to work on /home/airflow/.local/lib/python3.7/site-packages/airflow/example_dags/example_xcomargs.py
[2023-07-13T14:17:03.282+0000] {processor.py:826} INFO - Processing file /home/airflow/.local/lib/python3.7/site-packages/airflow/example_dags/example_xcomargs.py for tasks to queue
[2023-07-13T14:17:03.283+0000] {logging_mixin.py:150} INFO - [2023-07-13T14:17:03.283+0000] {dagbag.py:541} INFO - Filling up the DagBag from /home/airflow/.local/lib/python3.7/site-packages/airflow/example_dags/example_xcomargs.py
[2023-07-13T14:17:03.325+0000] {processor.py:836} INFO - DAG(s) dict_keys(['example_xcom_args_with_operators', 'example_xcom_args']) retrieved from /home/airflow/.local/lib/python3.7/site-packages/airflow/example_dags/example_xcomargs.py
[2023-07-13T14:17:03.410+0000] {logging_mixin.py:150} INFO - [2023-07-13T14:17:03.410+0000] {dag.py:2742} INFO - Sync 2 DAGs
[2023-07-13T14:17:03.447+0000] {logging_mixin.py:150} INFO - [2023-07-13T14:17:03.447+0000] {dag.py:3508} INFO - Setting next_dagrun for example_xcom_args to None, run_after=None
[2023-07-13T14:17:03.451+0000] {logging_mixin.py:150} INFO - [2023-07-13T14:17:03.451+0000] {dag.py:3508} INFO - Setting next_dagrun for example_xcom_args_with_operators to None, run_after=None
[2023-07-13T14:17:03.522+0000] {processor.py:179} INFO - Processing /home/airflow/.local/lib/python3.7/site-packages/airflow/example_dags/example_xcomargs.py took 0.254 seconds
[2023-07-13T14:17:34.040+0000] {processor.py:157} INFO - Started process (PID=120) to work on /home/airflow/.local/lib/python3.7/site-packages/airflow/example_dags/example_xcomargs.py
[2023-07-13T14:17:34.042+0000] {processor.py:826} INFO - Processing file /home/airflow/.local/lib/python3.7/site-packages/airflow/example_dags/example_xcomargs.py for tasks to queue
[2023-07-13T14:17:34.043+0000] {logging_mixin.py:150} INFO - [2023-07-13T14:17:34.043+0000] {dagbag.py:541} INFO - Filling up the DagBag from /home/airflow/.local/lib/python3.7/site-packages/airflow/example_dags/example_xcomargs.py
[2023-07-13T14:17:34.055+0000] {processor.py:836} INFO - DAG(s) dict_keys(['example_xcom_args_with_operators', 'example_xcom_args']) retrieved from /home/airflow/.local/lib/python3.7/site-packages/airflow/example_dags/example_xcomargs.py
[2023-07-13T14:17:34.082+0000] {logging_mixin.py:150} INFO - [2023-07-13T14:17:34.082+0000] {dag.py:2742} INFO - Sync 2 DAGs
[2023-07-13T14:17:34.107+0000] {logging_mixin.py:150} INFO - [2023-07-13T14:17:34.107+0000] {dag.py:3508} INFO - Setting next_dagrun for example_xcom_args to None, run_after=None
[2023-07-13T14:17:34.110+0000] {logging_mixin.py:150} INFO - [2023-07-13T14:17:34.109+0000] {dag.py:3508} INFO - Setting next_dagrun for example_xcom_args_with_operators to None, run_after=None
[2023-07-13T14:17:34.121+0000] {processor.py:179} INFO - Processing /home/airflow/.local/lib/python3.7/site-packages/airflow/example_dags/example_xcomargs.py took 0.085 seconds
[2023-07-13T14:18:04.365+0000] {processor.py:157} INFO - Started process (PID=177) to work on /home/airflow/.local/lib/python3.7/site-packages/airflow/example_dags/example_xcomargs.py
[2023-07-13T14:18:04.366+0000] {processor.py:826} INFO - Processing file /home/airflow/.local/lib/python3.7/site-packages/airflow/example_dags/example_xcomargs.py for tasks to queue
[2023-07-13T14:18:04.367+0000] {logging_mixin.py:150} INFO - [2023-07-13T14:18:04.367+0000] {dagbag.py:541} INFO - Filling up the DagBag from /home/airflow/.local/lib/python3.7/site-packages/airflow/example_dags/example_xcomargs.py
[2023-07-13T14:18:04.374+0000] {processor.py:836} INFO - DAG(s) dict_keys(['example_xcom_args', 'example_xcom_args_with_operators']) retrieved from /home/airflow/.local/lib/python3.7/site-packages/airflow/example_dags/example_xcomargs.py
[2023-07-13T14:18:04.393+0000] {logging_mixin.py:150} INFO - [2023-07-13T14:18:04.393+0000] {dag.py:2742} INFO - Sync 2 DAGs
[2023-07-13T14:18:04.408+0000] {logging_mixin.py:150} INFO - [2023-07-13T14:18:04.408+0000] {dag.py:3508} INFO - Setting next_dagrun for example_xcom_args to None, run_after=None
[2023-07-13T14:18:04.411+0000] {logging_mixin.py:150} INFO - [2023-07-13T14:18:04.410+0000] {dag.py:3508} INFO - Setting next_dagrun for example_xcom_args_with_operators to None, run_after=None
[2023-07-13T14:18:04.424+0000] {processor.py:179} INFO - Processing /home/airflow/.local/lib/python3.7/site-packages/airflow/example_dags/example_xcomargs.py took 0.062 seconds
[2023-07-13T14:18:34.549+0000] {processor.py:157} INFO - Started process (PID=234) to work on /home/airflow/.local/lib/python3.7/site-packages/airflow/example_dags/example_xcomargs.py
[2023-07-13T14:18:34.550+0000] {processor.py:826} INFO - Processing file /home/airflow/.local/lib/python3.7/site-packages/airflow/example_dags/example_xcomargs.py for tasks to queue
[2023-07-13T14:18:34.551+0000] {logging_mixin.py:150} INFO - [2023-07-13T14:18:34.551+0000] {dagbag.py:541} INFO - Filling up the DagBag from /home/airflow/.local/lib/python3.7/site-packages/airflow/example_dags/example_xcomargs.py
[2023-07-13T14:18:34.559+0000] {processor.py:836} INFO - DAG(s) dict_keys(['example_xcom_args', 'example_xcom_args_with_operators']) retrieved from /home/airflow/.local/lib/python3.7/site-packages/airflow/example_dags/example_xcomargs.py
[2023-07-13T14:18:34.581+0000] {logging_mixin.py:150} INFO - [2023-07-13T14:18:34.581+0000] {dag.py:2742} INFO - Sync 2 DAGs
[2023-07-13T14:18:34.599+0000] {logging_mixin.py:150} INFO - [2023-07-13T14:18:34.599+0000] {dag.py:3508} INFO - Setting next_dagrun for example_xcom_args to None, run_after=None
[2023-07-13T14:18:34.601+0000] {logging_mixin.py:150} INFO - [2023-07-13T14:18:34.601+0000] {dag.py:3508} INFO - Setting next_dagrun for example_xcom_args_with_operators to None, run_after=None
[2023-07-13T14:18:34.611+0000] {processor.py:179} INFO - Processing /home/airflow/.local/lib/python3.7/site-packages/airflow/example_dags/example_xcomargs.py took 0.065 seconds
[2023-07-13T14:19:05.310+0000] {processor.py:157} INFO - Started process (PID=290) to work on /home/airflow/.local/lib/python3.7/site-packages/airflow/example_dags/example_xcomargs.py
[2023-07-13T14:19:05.311+0000] {processor.py:826} INFO - Processing file /home/airflow/.local/lib/python3.7/site-packages/airflow/example_dags/example_xcomargs.py for tasks to queue
[2023-07-13T14:19:05.312+0000] {logging_mixin.py:150} INFO - [2023-07-13T14:19:05.312+0000] {dagbag.py:541} INFO - Filling up the DagBag from /home/airflow/.local/lib/python3.7/site-packages/airflow/example_dags/example_xcomargs.py
[2023-07-13T14:19:05.318+0000] {processor.py:836} INFO - DAG(s) dict_keys(['example_xcom_args', 'example_xcom_args_with_operators']) retrieved from /home/airflow/.local/lib/python3.7/site-packages/airflow/example_dags/example_xcomargs.py
[2023-07-13T14:19:05.339+0000] {logging_mixin.py:150} INFO - [2023-07-13T14:19:05.339+0000] {dag.py:2742} INFO - Sync 2 DAGs
[2023-07-13T14:19:05.356+0000] {logging_mixin.py:150} INFO - [2023-07-13T14:19:05.356+0000] {dag.py:3508} INFO - Setting next_dagrun for example_xcom_args to None, run_after=None
[2023-07-13T14:19:05.359+0000] {logging_mixin.py:150} INFO - [2023-07-13T14:19:05.359+0000] {dag.py:3508} INFO - Setting next_dagrun for example_xcom_args_with_operators to None, run_after=None
[2023-07-13T14:19:05.369+0000] {processor.py:179} INFO - Processing /home/airflow/.local/lib/python3.7/site-packages/airflow/example_dags/example_xcomargs.py took 0.062 seconds
[2023-07-13T14:19:35.724+0000] {processor.py:157} INFO - Started process (PID=347) to work on /home/airflow/.local/lib/python3.7/site-packages/airflow/example_dags/example_xcomargs.py
[2023-07-13T14:19:35.725+0000] {processor.py:826} INFO - Processing file /home/airflow/.local/lib/python3.7/site-packages/airflow/example_dags/example_xcomargs.py for tasks to queue
[2023-07-13T14:19:35.726+0000] {logging_mixin.py:150} INFO - [2023-07-13T14:19:35.726+0000] {dagbag.py:541} INFO - Filling up the DagBag from /home/airflow/.local/lib/python3.7/site-packages/airflow/example_dags/example_xcomargs.py
[2023-07-13T14:19:35.733+0000] {processor.py:836} INFO - DAG(s) dict_keys(['example_xcom_args_with_operators', 'example_xcom_args']) retrieved from /home/airflow/.local/lib/python3.7/site-packages/airflow/example_dags/example_xcomargs.py
[2023-07-13T14:19:35.754+0000] {logging_mixin.py:150} INFO - [2023-07-13T14:19:35.753+0000] {dag.py:2742} INFO - Sync 2 DAGs
[2023-07-13T14:19:35.770+0000] {logging_mixin.py:150} INFO - [2023-07-13T14:19:35.770+0000] {dag.py:3508} INFO - Setting next_dagrun for example_xcom_args to None, run_after=None
[2023-07-13T14:19:35.772+0000] {logging_mixin.py:150} INFO - [2023-07-13T14:19:35.772+0000] {dag.py:3508} INFO - Setting next_dagrun for example_xcom_args_with_operators to None, run_after=None
[2023-07-13T14:19:35.783+0000] {processor.py:179} INFO - Processing /home/airflow/.local/lib/python3.7/site-packages/airflow/example_dags/example_xcomargs.py took 0.062 seconds
[2023-07-13T14:20:06.130+0000] {processor.py:157} INFO - Started process (PID=404) to work on /home/airflow/.local/lib/python3.7/site-packages/airflow/example_dags/example_xcomargs.py
[2023-07-13T14:20:06.131+0000] {processor.py:826} INFO - Processing file /home/airflow/.local/lib/python3.7/site-packages/airflow/example_dags/example_xcomargs.py for tasks to queue
[2023-07-13T14:20:06.132+0000] {logging_mixin.py:150} INFO - [2023-07-13T14:20:06.132+0000] {dagbag.py:541} INFO - Filling up the DagBag from /home/airflow/.local/lib/python3.7/site-packages/airflow/example_dags/example_xcomargs.py
[2023-07-13T14:20:06.139+0000] {processor.py:836} INFO - DAG(s) dict_keys(['example_xcom_args_with_operators', 'example_xcom_args']) retrieved from /home/airflow/.local/lib/python3.7/site-packages/airflow/example_dags/example_xcomargs.py
[2023-07-13T14:20:06.159+0000] {logging_mixin.py:150} INFO - [2023-07-13T14:20:06.159+0000] {dag.py:2742} INFO - Sync 2 DAGs
[2023-07-13T14:20:06.176+0000] {logging_mixin.py:150} INFO - [2023-07-13T14:20:06.176+0000] {dag.py:3508} INFO - Setting next_dagrun for example_xcom_args to None, run_after=None
[2023-07-13T14:20:06.179+0000] {logging_mixin.py:150} INFO - [2023-07-13T14:20:06.179+0000] {dag.py:3508} INFO - Setting next_dagrun for example_xcom_args_with_operators to None, run_after=None
[2023-07-13T14:20:06.189+0000] {processor.py:179} INFO - Processing /home/airflow/.local/lib/python3.7/site-packages/airflow/example_dags/example_xcomargs.py took 0.062 seconds
[2023-07-13T14:20:36.766+0000] {processor.py:157} INFO - Started process (PID=461) to work on /home/airflow/.local/lib/python3.7/site-packages/airflow/example_dags/example_xcomargs.py
[2023-07-13T14:20:36.767+0000] {processor.py:826} INFO - Processing file /home/airflow/.local/lib/python3.7/site-packages/airflow/example_dags/example_xcomargs.py for tasks to queue
[2023-07-13T14:20:36.768+0000] {logging_mixin.py:150} INFO - [2023-07-13T14:20:36.768+0000] {dagbag.py:541} INFO - Filling up the DagBag from /home/airflow/.local/lib/python3.7/site-packages/airflow/example_dags/example_xcomargs.py
[2023-07-13T14:20:36.775+0000] {processor.py:836} INFO - DAG(s) dict_keys(['example_xcom_args', 'example_xcom_args_with_operators']) retrieved from /home/airflow/.local/lib/python3.7/site-packages/airflow/example_dags/example_xcomargs.py
[2023-07-13T14:20:36.797+0000] {logging_mixin.py:150} INFO - [2023-07-13T14:20:36.797+0000] {dag.py:2742} INFO - Sync 2 DAGs
[2023-07-13T14:20:36.814+0000] {logging_mixin.py:150} INFO - [2023-07-13T14:20:36.814+0000] {dag.py:3508} INFO - Setting next_dagrun for example_xcom_args to None, run_after=None
[2023-07-13T14:20:36.817+0000] {logging_mixin.py:150} INFO - [2023-07-13T14:20:36.817+0000] {dag.py:3508} INFO - Setting next_dagrun for example_xcom_args_with_operators to None, run_after=None
[2023-07-13T14:20:36.827+0000] {processor.py:179} INFO - Processing /home/airflow/.local/lib/python3.7/site-packages/airflow/example_dags/example_xcomargs.py took 0.064 seconds
[2023-07-13T14:21:07.532+0000] {processor.py:157} INFO - Started process (PID=517) to work on /home/airflow/.local/lib/python3.7/site-packages/airflow/example_dags/example_xcomargs.py
[2023-07-13T14:21:07.533+0000] {processor.py:826} INFO - Processing file /home/airflow/.local/lib/python3.7/site-packages/airflow/example_dags/example_xcomargs.py for tasks to queue
[2023-07-13T14:21:07.534+0000] {logging_mixin.py:150} INFO - [2023-07-13T14:21:07.534+0000] {dagbag.py:541} INFO - Filling up the DagBag from /home/airflow/.local/lib/python3.7/site-packages/airflow/example_dags/example_xcomargs.py
[2023-07-13T14:21:07.541+0000] {processor.py:836} INFO - DAG(s) dict_keys(['example_xcom_args', 'example_xcom_args_with_operators']) retrieved from /home/airflow/.local/lib/python3.7/site-packages/airflow/example_dags/example_xcomargs.py
[2023-07-13T14:21:07.561+0000] {logging_mixin.py:150} INFO - [2023-07-13T14:21:07.561+0000] {dag.py:2742} INFO - Sync 2 DAGs
[2023-07-13T14:21:07.576+0000] {logging_mixin.py:150} INFO - [2023-07-13T14:21:07.576+0000] {dag.py:3508} INFO - Setting next_dagrun for example_xcom_args to None, run_after=None
[2023-07-13T14:21:07.579+0000] {logging_mixin.py:150} INFO - [2023-07-13T14:21:07.579+0000] {dag.py:3508} INFO - Setting next_dagrun for example_xcom_args_with_operators to None, run_after=None
[2023-07-13T14:21:07.588+0000] {processor.py:179} INFO - Processing /home/airflow/.local/lib/python3.7/site-packages/airflow/example_dags/example_xcomargs.py took 0.059 seconds
[2023-07-13T14:21:38.009+0000] {processor.py:157} INFO - Started process (PID=573) to work on /home/airflow/.local/lib/python3.7/site-packages/airflow/example_dags/example_xcomargs.py
[2023-07-13T14:21:38.011+0000] {processor.py:826} INFO - Processing file /home/airflow/.local/lib/python3.7/site-packages/airflow/example_dags/example_xcomargs.py for tasks to queue
[2023-07-13T14:21:38.011+0000] {logging_mixin.py:150} INFO - [2023-07-13T14:21:38.011+0000] {dagbag.py:541} INFO - Filling up the DagBag from /home/airflow/.local/lib/python3.7/site-packages/airflow/example_dags/example_xcomargs.py
[2023-07-13T14:21:38.017+0000] {processor.py:836} INFO - DAG(s) dict_keys(['example_xcom_args', 'example_xcom_args_with_operators']) retrieved from /home/airflow/.local/lib/python3.7/site-packages/airflow/example_dags/example_xcomargs.py
[2023-07-13T14:21:38.037+0000] {logging_mixin.py:150} INFO - [2023-07-13T14:21:38.037+0000] {dag.py:2742} INFO - Sync 2 DAGs
[2023-07-13T14:21:38.052+0000] {logging_mixin.py:150} INFO - [2023-07-13T14:21:38.052+0000] {dag.py:3508} INFO - Setting next_dagrun for example_xcom_args to None, run_after=None
[2023-07-13T14:21:38.055+0000] {logging_mixin.py:150} INFO - [2023-07-13T14:21:38.055+0000] {dag.py:3508} INFO - Setting next_dagrun for example_xcom_args_with_operators to None, run_after=None
[2023-07-13T14:21:38.064+0000] {processor.py:179} INFO - Processing /home/airflow/.local/lib/python3.7/site-packages/airflow/example_dags/example_xcomargs.py took 0.057 seconds
[2023-07-13T14:22:09.231+0000] {processor.py:157} INFO - Started process (PID=630) to work on /home/airflow/.local/lib/python3.7/site-packages/airflow/example_dags/example_xcomargs.py
[2023-07-13T14:22:09.232+0000] {processor.py:826} INFO - Processing file /home/airflow/.local/lib/python3.7/site-packages/airflow/example_dags/example_xcomargs.py for tasks to queue
[2023-07-13T14:22:09.233+0000] {logging_mixin.py:150} INFO - [2023-07-13T14:22:09.233+0000] {dagbag.py:541} INFO - Filling up the DagBag from /home/airflow/.local/lib/python3.7/site-packages/airflow/example_dags/example_xcomargs.py
[2023-07-13T14:22:09.241+0000] {processor.py:836} INFO - DAG(s) dict_keys(['example_xcom_args_with_operators', 'example_xcom_args']) retrieved from /home/airflow/.local/lib/python3.7/site-packages/airflow/example_dags/example_xcomargs.py
[2023-07-13T14:22:09.265+0000] {logging_mixin.py:150} INFO - [2023-07-13T14:22:09.265+0000] {dag.py:2742} INFO - Sync 2 DAGs
[2023-07-13T14:22:09.285+0000] {logging_mixin.py:150} INFO - [2023-07-13T14:22:09.285+0000] {dag.py:3508} INFO - Setting next_dagrun for example_xcom_args to None, run_after=None
[2023-07-13T14:22:09.288+0000] {logging_mixin.py:150} INFO - [2023-07-13T14:22:09.288+0000] {dag.py:3508} INFO - Setting next_dagrun for example_xcom_args_with_operators to None, run_after=None
[2023-07-13T14:22:09.302+0000] {processor.py:179} INFO - Processing /home/airflow/.local/lib/python3.7/site-packages/airflow/example_dags/example_xcomargs.py took 0.074 seconds
[2023-07-13T14:22:40.988+0000] {processor.py:157} INFO - Started process (PID=687) to work on /home/airflow/.local/lib/python3.7/site-packages/airflow/example_dags/example_xcomargs.py
[2023-07-13T14:22:40.989+0000] {processor.py:826} INFO - Processing file /home/airflow/.local/lib/python3.7/site-packages/airflow/example_dags/example_xcomargs.py for tasks to queue
[2023-07-13T14:22:40.990+0000] {logging_mixin.py:150} INFO - [2023-07-13T14:22:40.990+0000] {dagbag.py:541} INFO - Filling up the DagBag from /home/airflow/.local/lib/python3.7/site-packages/airflow/example_dags/example_xcomargs.py
[2023-07-13T14:22:40.997+0000] {processor.py:836} INFO - DAG(s) dict_keys(['example_xcom_args_with_operators', 'example_xcom_args']) retrieved from /home/airflow/.local/lib/python3.7/site-packages/airflow/example_dags/example_xcomargs.py
[2023-07-13T14:22:41.018+0000] {logging_mixin.py:150} INFO - [2023-07-13T14:22:41.018+0000] {dag.py:2742} INFO - Sync 2 DAGs
[2023-07-13T14:22:41.035+0000] {logging_mixin.py:150} INFO - [2023-07-13T14:22:41.035+0000] {dag.py:3508} INFO - Setting next_dagrun for example_xcom_args to None, run_after=None
[2023-07-13T14:22:41.038+0000] {logging_mixin.py:150} INFO - [2023-07-13T14:22:41.038+0000] {dag.py:3508} INFO - Setting next_dagrun for example_xcom_args_with_operators to None, run_after=None
[2023-07-13T14:22:41.047+0000] {processor.py:179} INFO - Processing /home/airflow/.local/lib/python3.7/site-packages/airflow/example_dags/example_xcomargs.py took 0.062 seconds
[2023-07-13T14:23:12.308+0000] {processor.py:157} INFO - Started process (PID=745) to work on /home/airflow/.local/lib/python3.7/site-packages/airflow/example_dags/example_xcomargs.py
[2023-07-13T14:23:12.310+0000] {processor.py:826} INFO - Processing file /home/airflow/.local/lib/python3.7/site-packages/airflow/example_dags/example_xcomargs.py for tasks to queue
[2023-07-13T14:23:12.311+0000] {logging_mixin.py:150} INFO - [2023-07-13T14:23:12.311+0000] {dagbag.py:541} INFO - Filling up the DagBag from /home/airflow/.local/lib/python3.7/site-packages/airflow/example_dags/example_xcomargs.py
[2023-07-13T14:23:12.320+0000] {processor.py:836} INFO - DAG(s) dict_keys(['example_xcom_args', 'example_xcom_args_with_operators']) retrieved from /home/airflow/.local/lib/python3.7/site-packages/airflow/example_dags/example_xcomargs.py
[2023-07-13T14:23:12.348+0000] {logging_mixin.py:150} INFO - [2023-07-13T14:23:12.347+0000] {dag.py:2742} INFO - Sync 2 DAGs
[2023-07-13T14:23:12.372+0000] {logging_mixin.py:150} INFO - [2023-07-13T14:23:12.371+0000] {dag.py:3508} INFO - Setting next_dagrun for example_xcom_args to None, run_after=None
[2023-07-13T14:23:12.376+0000] {logging_mixin.py:150} INFO - [2023-07-13T14:23:12.376+0000] {dag.py:3508} INFO - Setting next_dagrun for example_xcom_args_with_operators to None, run_after=None
[2023-07-13T14:23:12.392+0000] {processor.py:179} INFO - Processing /home/airflow/.local/lib/python3.7/site-packages/airflow/example_dags/example_xcomargs.py took 0.089 seconds
[2023-07-13T14:23:47.300+0000] {processor.py:157} INFO - Started process (PID=802) to work on /home/airflow/.local/lib/python3.7/site-packages/airflow/example_dags/example_xcomargs.py
[2023-07-13T14:23:47.301+0000] {processor.py:826} INFO - Processing file /home/airflow/.local/lib/python3.7/site-packages/airflow/example_dags/example_xcomargs.py for tasks to queue
[2023-07-13T14:23:47.303+0000] {logging_mixin.py:150} INFO - [2023-07-13T14:23:47.302+0000] {dagbag.py:541} INFO - Filling up the DagBag from /home/airflow/.local/lib/python3.7/site-packages/airflow/example_dags/example_xcomargs.py
[2023-07-13T14:23:47.311+0000] {processor.py:836} INFO - DAG(s) dict_keys(['example_xcom_args', 'example_xcom_args_with_operators']) retrieved from /home/airflow/.local/lib/python3.7/site-packages/airflow/example_dags/example_xcomargs.py
[2023-07-13T14:23:47.362+0000] {logging_mixin.py:150} INFO - [2023-07-13T14:23:47.362+0000] {dag.py:2742} INFO - Sync 2 DAGs
[2023-07-13T14:23:47.387+0000] {logging_mixin.py:150} INFO - [2023-07-13T14:23:47.387+0000] {dag.py:3508} INFO - Setting next_dagrun for example_xcom_args to None, run_after=None
[2023-07-13T14:23:47.392+0000] {logging_mixin.py:150} INFO - [2023-07-13T14:23:47.392+0000] {dag.py:3508} INFO - Setting next_dagrun for example_xcom_args_with_operators to None, run_after=None
[2023-07-13T14:23:47.411+0000] {processor.py:179} INFO - Processing /home/airflow/.local/lib/python3.7/site-packages/airflow/example_dags/example_xcomargs.py took 0.115 seconds
[2023-07-13T14:24:17.966+0000] {processor.py:157} INFO - Started process (PID=860) to work on /home/airflow/.local/lib/python3.7/site-packages/airflow/example_dags/example_xcomargs.py
[2023-07-13T14:24:17.968+0000] {processor.py:826} INFO - Processing file /home/airflow/.local/lib/python3.7/site-packages/airflow/example_dags/example_xcomargs.py for tasks to queue
[2023-07-13T14:24:17.969+0000] {logging_mixin.py:150} INFO - [2023-07-13T14:24:17.968+0000] {dagbag.py:541} INFO - Filling up the DagBag from /home/airflow/.local/lib/python3.7/site-packages/airflow/example_dags/example_xcomargs.py
[2023-07-13T14:24:17.976+0000] {processor.py:836} INFO - DAG(s) dict_keys(['example_xcom_args', 'example_xcom_args_with_operators']) retrieved from /home/airflow/.local/lib/python3.7/site-packages/airflow/example_dags/example_xcomargs.py
[2023-07-13T14:24:17.998+0000] {logging_mixin.py:150} INFO - [2023-07-13T14:24:17.998+0000] {dag.py:2742} INFO - Sync 2 DAGs
[2023-07-13T14:24:18.015+0000] {logging_mixin.py:150} INFO - [2023-07-13T14:24:18.015+0000] {dag.py:3508} INFO - Setting next_dagrun for example_xcom_args to None, run_after=None
[2023-07-13T14:24:18.018+0000] {logging_mixin.py:150} INFO - [2023-07-13T14:24:18.018+0000] {dag.py:3508} INFO - Setting next_dagrun for example_xcom_args_with_operators to None, run_after=None
[2023-07-13T14:24:18.027+0000] {processor.py:179} INFO - Processing /home/airflow/.local/lib/python3.7/site-packages/airflow/example_dags/example_xcomargs.py took 0.064 seconds
[2023-07-13T14:24:49.198+0000] {processor.py:157} INFO - Started process (PID=917) to work on /home/airflow/.local/lib/python3.7/site-packages/airflow/example_dags/example_xcomargs.py
[2023-07-13T14:24:49.200+0000] {processor.py:826} INFO - Processing file /home/airflow/.local/lib/python3.7/site-packages/airflow/example_dags/example_xcomargs.py for tasks to queue
[2023-07-13T14:24:49.201+0000] {logging_mixin.py:150} INFO - [2023-07-13T14:24:49.201+0000] {dagbag.py:541} INFO - Filling up the DagBag from /home/airflow/.local/lib/python3.7/site-packages/airflow/example_dags/example_xcomargs.py
[2023-07-13T14:24:49.210+0000] {processor.py:836} INFO - DAG(s) dict_keys(['example_xcom_args', 'example_xcom_args_with_operators']) retrieved from /home/airflow/.local/lib/python3.7/site-packages/airflow/example_dags/example_xcomargs.py
[2023-07-13T14:24:49.236+0000] {logging_mixin.py:150} INFO - [2023-07-13T14:24:49.235+0000] {dag.py:2742} INFO - Sync 2 DAGs
[2023-07-13T14:24:49.257+0000] {logging_mixin.py:150} INFO - [2023-07-13T14:24:49.257+0000] {dag.py:3508} INFO - Setting next_dagrun for example_xcom_args to None, run_after=None
[2023-07-13T14:24:49.260+0000] {logging_mixin.py:150} INFO - [2023-07-13T14:24:49.260+0000] {dag.py:3508} INFO - Setting next_dagrun for example_xcom_args_with_operators to None, run_after=None
[2023-07-13T14:24:49.274+0000] {processor.py:179} INFO - Processing /home/airflow/.local/lib/python3.7/site-packages/airflow/example_dags/example_xcomargs.py took 0.081 seconds
[2023-07-13T14:25:20.210+0000] {processor.py:157} INFO - Started process (PID=973) to work on /home/airflow/.local/lib/python3.7/site-packages/airflow/example_dags/example_xcomargs.py
[2023-07-13T14:25:20.215+0000] {processor.py:826} INFO - Processing file /home/airflow/.local/lib/python3.7/site-packages/airflow/example_dags/example_xcomargs.py for tasks to queue
[2023-07-13T14:25:20.217+0000] {logging_mixin.py:150} INFO - [2023-07-13T14:25:20.216+0000] {dagbag.py:541} INFO - Filling up the DagBag from /home/airflow/.local/lib/python3.7/site-packages/airflow/example_dags/example_xcomargs.py
[2023-07-13T14:25:20.228+0000] {processor.py:836} INFO - DAG(s) dict_keys(['example_xcom_args', 'example_xcom_args_with_operators']) retrieved from /home/airflow/.local/lib/python3.7/site-packages/airflow/example_dags/example_xcomargs.py
[2023-07-13T14:25:20.253+0000] {logging_mixin.py:150} INFO - [2023-07-13T14:25:20.253+0000] {dag.py:2742} INFO - Sync 2 DAGs
[2023-07-13T14:25:20.272+0000] {logging_mixin.py:150} INFO - [2023-07-13T14:25:20.272+0000] {dag.py:3508} INFO - Setting next_dagrun for example_xcom_args to None, run_after=None
[2023-07-13T14:25:20.276+0000] {logging_mixin.py:150} INFO - [2023-07-13T14:25:20.276+0000] {dag.py:3508} INFO - Setting next_dagrun for example_xcom_args_with_operators to None, run_after=None
[2023-07-13T14:25:20.288+0000] {processor.py:179} INFO - Processing /home/airflow/.local/lib/python3.7/site-packages/airflow/example_dags/example_xcomargs.py took 0.084 seconds
