[2023-07-13T14:17:03.782+0000] {processor.py:157} INFO - Started process (PID=68) to work on /home/airflow/.local/lib/python3.7/site-packages/airflow/example_dags/example_latest_only_with_trigger.py
[2023-07-13T14:17:03.786+0000] {processor.py:826} INFO - Processing file /home/airflow/.local/lib/python3.7/site-packages/airflow/example_dags/example_latest_only_with_trigger.py for tasks to queue
[2023-07-13T14:17:03.787+0000] {logging_mixin.py:150} INFO - [2023-07-13T14:17:03.787+0000] {dagbag.py:541} INFO - Filling up the DagBag from /home/airflow/.local/lib/python3.7/site-packages/airflow/example_dags/example_latest_only_with_trigger.py
[2023-07-13T14:17:03.795+0000] {processor.py:836} INFO - DAG(s) dict_keys(['latest_only_with_trigger']) retrieved from /home/airflow/.local/lib/python3.7/site-packages/airflow/example_dags/example_latest_only_with_trigger.py
[2023-07-13T14:17:03.813+0000] {logging_mixin.py:150} INFO - [2023-07-13T14:17:03.813+0000] {dag.py:2742} INFO - Sync 1 DAGs
[2023-07-13T14:17:03.836+0000] {logging_mixin.py:150} INFO - [2023-07-13T14:17:03.836+0000] {dag.py:3508} INFO - Setting next_dagrun for latest_only_with_trigger to 2023-07-13T10:17:03.835727+00:00, run_after=2023-07-13T14:17:03.835727+00:00
[2023-07-13T14:17:03.856+0000] {processor.py:179} INFO - Processing /home/airflow/.local/lib/python3.7/site-packages/airflow/example_dags/example_latest_only_with_trigger.py took 0.079 seconds
[2023-07-13T14:17:34.459+0000] {processor.py:157} INFO - Started process (PID=124) to work on /home/airflow/.local/lib/python3.7/site-packages/airflow/example_dags/example_latest_only_with_trigger.py
[2023-07-13T14:17:34.462+0000] {processor.py:826} INFO - Processing file /home/airflow/.local/lib/python3.7/site-packages/airflow/example_dags/example_latest_only_with_trigger.py for tasks to queue
[2023-07-13T14:17:34.464+0000] {logging_mixin.py:150} INFO - [2023-07-13T14:17:34.464+0000] {dagbag.py:541} INFO - Filling up the DagBag from /home/airflow/.local/lib/python3.7/site-packages/airflow/example_dags/example_latest_only_with_trigger.py
[2023-07-13T14:17:34.472+0000] {processor.py:836} INFO - DAG(s) dict_keys(['latest_only_with_trigger']) retrieved from /home/airflow/.local/lib/python3.7/site-packages/airflow/example_dags/example_latest_only_with_trigger.py
[2023-07-13T14:17:34.496+0000] {logging_mixin.py:150} INFO - [2023-07-13T14:17:34.495+0000] {dag.py:2742} INFO - Sync 1 DAGs
[2023-07-13T14:17:34.527+0000] {logging_mixin.py:150} INFO - [2023-07-13T14:17:34.527+0000] {dag.py:3508} INFO - Setting next_dagrun for latest_only_with_trigger to 2023-07-13T10:17:34.527285+00:00, run_after=2023-07-13T14:17:34.527285+00:00
[2023-07-13T14:17:34.548+0000] {processor.py:179} INFO - Processing /home/airflow/.local/lib/python3.7/site-packages/airflow/example_dags/example_latest_only_with_trigger.py took 0.094 seconds
[2023-07-13T14:18:04.620+0000] {processor.py:157} INFO - Started process (PID=181) to work on /home/airflow/.local/lib/python3.7/site-packages/airflow/example_dags/example_latest_only_with_trigger.py
[2023-07-13T14:18:04.621+0000] {processor.py:826} INFO - Processing file /home/airflow/.local/lib/python3.7/site-packages/airflow/example_dags/example_latest_only_with_trigger.py for tasks to queue
[2023-07-13T14:18:04.622+0000] {logging_mixin.py:150} INFO - [2023-07-13T14:18:04.622+0000] {dagbag.py:541} INFO - Filling up the DagBag from /home/airflow/.local/lib/python3.7/site-packages/airflow/example_dags/example_latest_only_with_trigger.py
[2023-07-13T14:18:04.628+0000] {processor.py:836} INFO - DAG(s) dict_keys(['latest_only_with_trigger']) retrieved from /home/airflow/.local/lib/python3.7/site-packages/airflow/example_dags/example_latest_only_with_trigger.py
[2023-07-13T14:18:04.646+0000] {logging_mixin.py:150} INFO - [2023-07-13T14:18:04.646+0000] {dag.py:2742} INFO - Sync 1 DAGs
[2023-07-13T14:18:04.662+0000] {logging_mixin.py:150} INFO - [2023-07-13T14:18:04.662+0000] {dag.py:3508} INFO - Setting next_dagrun for latest_only_with_trigger to 2023-07-13T10:18:04.662042+00:00, run_after=2023-07-13T14:18:04.662042+00:00
[2023-07-13T14:18:04.673+0000] {processor.py:179} INFO - Processing /home/airflow/.local/lib/python3.7/site-packages/airflow/example_dags/example_latest_only_with_trigger.py took 0.056 seconds
[2023-07-13T14:18:34.714+0000] {processor.py:157} INFO - Started process (PID=238) to work on /home/airflow/.local/lib/python3.7/site-packages/airflow/example_dags/example_latest_only_with_trigger.py
[2023-07-13T14:18:34.716+0000] {processor.py:826} INFO - Processing file /home/airflow/.local/lib/python3.7/site-packages/airflow/example_dags/example_latest_only_with_trigger.py for tasks to queue
[2023-07-13T14:18:34.717+0000] {logging_mixin.py:150} INFO - [2023-07-13T14:18:34.717+0000] {dagbag.py:541} INFO - Filling up the DagBag from /home/airflow/.local/lib/python3.7/site-packages/airflow/example_dags/example_latest_only_with_trigger.py
[2023-07-13T14:18:34.723+0000] {processor.py:836} INFO - DAG(s) dict_keys(['latest_only_with_trigger']) retrieved from /home/airflow/.local/lib/python3.7/site-packages/airflow/example_dags/example_latest_only_with_trigger.py
[2023-07-13T14:18:34.746+0000] {logging_mixin.py:150} INFO - [2023-07-13T14:18:34.746+0000] {dag.py:2742} INFO - Sync 1 DAGs
[2023-07-13T14:18:34.772+0000] {logging_mixin.py:150} INFO - [2023-07-13T14:18:34.772+0000] {dag.py:3508} INFO - Setting next_dagrun for latest_only_with_trigger to 2023-07-13T10:18:34.771830+00:00, run_after=2023-07-13T14:18:34.771830+00:00
[2023-07-13T14:18:34.786+0000] {processor.py:179} INFO - Processing /home/airflow/.local/lib/python3.7/site-packages/airflow/example_dags/example_latest_only_with_trigger.py took 0.075 seconds
[2023-07-13T14:19:05.505+0000] {processor.py:157} INFO - Started process (PID=294) to work on /home/airflow/.local/lib/python3.7/site-packages/airflow/example_dags/example_latest_only_with_trigger.py
[2023-07-13T14:19:05.506+0000] {processor.py:826} INFO - Processing file /home/airflow/.local/lib/python3.7/site-packages/airflow/example_dags/example_latest_only_with_trigger.py for tasks to queue
[2023-07-13T14:19:05.507+0000] {logging_mixin.py:150} INFO - [2023-07-13T14:19:05.507+0000] {dagbag.py:541} INFO - Filling up the DagBag from /home/airflow/.local/lib/python3.7/site-packages/airflow/example_dags/example_latest_only_with_trigger.py
[2023-07-13T14:19:05.512+0000] {processor.py:836} INFO - DAG(s) dict_keys(['latest_only_with_trigger']) retrieved from /home/airflow/.local/lib/python3.7/site-packages/airflow/example_dags/example_latest_only_with_trigger.py
[2023-07-13T14:19:05.531+0000] {logging_mixin.py:150} INFO - [2023-07-13T14:19:05.531+0000] {dag.py:2742} INFO - Sync 1 DAGs
[2023-07-13T14:19:05.548+0000] {logging_mixin.py:150} INFO - [2023-07-13T14:19:05.548+0000] {dag.py:3508} INFO - Setting next_dagrun for latest_only_with_trigger to 2023-07-13T10:19:05.548596+00:00, run_after=2023-07-13T14:19:05.548596+00:00
[2023-07-13T14:19:05.560+0000] {processor.py:179} INFO - Processing /home/airflow/.local/lib/python3.7/site-packages/airflow/example_dags/example_latest_only_with_trigger.py took 0.058 seconds
[2023-07-13T14:19:35.933+0000] {processor.py:157} INFO - Started process (PID=351) to work on /home/airflow/.local/lib/python3.7/site-packages/airflow/example_dags/example_latest_only_with_trigger.py
[2023-07-13T14:19:35.934+0000] {processor.py:826} INFO - Processing file /home/airflow/.local/lib/python3.7/site-packages/airflow/example_dags/example_latest_only_with_trigger.py for tasks to queue
[2023-07-13T14:19:35.935+0000] {logging_mixin.py:150} INFO - [2023-07-13T14:19:35.935+0000] {dagbag.py:541} INFO - Filling up the DagBag from /home/airflow/.local/lib/python3.7/site-packages/airflow/example_dags/example_latest_only_with_trigger.py
[2023-07-13T14:19:35.941+0000] {processor.py:836} INFO - DAG(s) dict_keys(['latest_only_with_trigger']) retrieved from /home/airflow/.local/lib/python3.7/site-packages/airflow/example_dags/example_latest_only_with_trigger.py
[2023-07-13T14:19:35.960+0000] {logging_mixin.py:150} INFO - [2023-07-13T14:19:35.960+0000] {dag.py:2742} INFO - Sync 1 DAGs
[2023-07-13T14:19:35.977+0000] {logging_mixin.py:150} INFO - [2023-07-13T14:19:35.977+0000] {dag.py:3508} INFO - Setting next_dagrun for latest_only_with_trigger to 2023-07-13T10:19:35.976982+00:00, run_after=2023-07-13T14:19:35.976982+00:00
[2023-07-13T14:19:35.989+0000] {processor.py:179} INFO - Processing /home/airflow/.local/lib/python3.7/site-packages/airflow/example_dags/example_latest_only_with_trigger.py took 0.059 seconds
[2023-07-13T14:20:06.334+0000] {processor.py:157} INFO - Started process (PID=408) to work on /home/airflow/.local/lib/python3.7/site-packages/airflow/example_dags/example_latest_only_with_trigger.py
[2023-07-13T14:20:06.335+0000] {processor.py:826} INFO - Processing file /home/airflow/.local/lib/python3.7/site-packages/airflow/example_dags/example_latest_only_with_trigger.py for tasks to queue
[2023-07-13T14:20:06.336+0000] {logging_mixin.py:150} INFO - [2023-07-13T14:20:06.336+0000] {dagbag.py:541} INFO - Filling up the DagBag from /home/airflow/.local/lib/python3.7/site-packages/airflow/example_dags/example_latest_only_with_trigger.py
[2023-07-13T14:20:06.342+0000] {processor.py:836} INFO - DAG(s) dict_keys(['latest_only_with_trigger']) retrieved from /home/airflow/.local/lib/python3.7/site-packages/airflow/example_dags/example_latest_only_with_trigger.py
[2023-07-13T14:20:06.361+0000] {logging_mixin.py:150} INFO - [2023-07-13T14:20:06.361+0000] {dag.py:2742} INFO - Sync 1 DAGs
[2023-07-13T14:20:06.379+0000] {logging_mixin.py:150} INFO - [2023-07-13T14:20:06.378+0000] {dag.py:3508} INFO - Setting next_dagrun for latest_only_with_trigger to 2023-07-13T10:20:06.378744+00:00, run_after=2023-07-13T14:20:06.378744+00:00
[2023-07-13T14:20:06.390+0000] {processor.py:179} INFO - Processing /home/airflow/.local/lib/python3.7/site-packages/airflow/example_dags/example_latest_only_with_trigger.py took 0.058 seconds
[2023-07-13T14:20:36.967+0000] {processor.py:157} INFO - Started process (PID=465) to work on /home/airflow/.local/lib/python3.7/site-packages/airflow/example_dags/example_latest_only_with_trigger.py
[2023-07-13T14:20:36.968+0000] {processor.py:826} INFO - Processing file /home/airflow/.local/lib/python3.7/site-packages/airflow/example_dags/example_latest_only_with_trigger.py for tasks to queue
[2023-07-13T14:20:36.969+0000] {logging_mixin.py:150} INFO - [2023-07-13T14:20:36.969+0000] {dagbag.py:541} INFO - Filling up the DagBag from /home/airflow/.local/lib/python3.7/site-packages/airflow/example_dags/example_latest_only_with_trigger.py
[2023-07-13T14:20:36.974+0000] {processor.py:836} INFO - DAG(s) dict_keys(['latest_only_with_trigger']) retrieved from /home/airflow/.local/lib/python3.7/site-packages/airflow/example_dags/example_latest_only_with_trigger.py
[2023-07-13T14:20:36.995+0000] {logging_mixin.py:150} INFO - [2023-07-13T14:20:36.994+0000] {dag.py:2742} INFO - Sync 1 DAGs
[2023-07-13T14:20:37.013+0000] {logging_mixin.py:150} INFO - [2023-07-13T14:20:37.013+0000] {dag.py:3508} INFO - Setting next_dagrun for latest_only_with_trigger to 2023-07-13T10:20:37.013358+00:00, run_after=2023-07-13T14:20:37.013358+00:00
[2023-07-13T14:20:37.029+0000] {processor.py:179} INFO - Processing /home/airflow/.local/lib/python3.7/site-packages/airflow/example_dags/example_latest_only_with_trigger.py took 0.065 seconds
[2023-07-13T14:21:07.765+0000] {processor.py:157} INFO - Started process (PID=521) to work on /home/airflow/.local/lib/python3.7/site-packages/airflow/example_dags/example_latest_only_with_trigger.py
[2023-07-13T14:21:07.767+0000] {processor.py:826} INFO - Processing file /home/airflow/.local/lib/python3.7/site-packages/airflow/example_dags/example_latest_only_with_trigger.py for tasks to queue
[2023-07-13T14:21:07.768+0000] {logging_mixin.py:150} INFO - [2023-07-13T14:21:07.767+0000] {dagbag.py:541} INFO - Filling up the DagBag from /home/airflow/.local/lib/python3.7/site-packages/airflow/example_dags/example_latest_only_with_trigger.py
[2023-07-13T14:21:07.774+0000] {processor.py:836} INFO - DAG(s) dict_keys(['latest_only_with_trigger']) retrieved from /home/airflow/.local/lib/python3.7/site-packages/airflow/example_dags/example_latest_only_with_trigger.py
[2023-07-13T14:21:07.795+0000] {logging_mixin.py:150} INFO - [2023-07-13T14:21:07.795+0000] {dag.py:2742} INFO - Sync 1 DAGs
[2023-07-13T14:21:07.813+0000] {logging_mixin.py:150} INFO - [2023-07-13T14:21:07.812+0000] {dag.py:3508} INFO - Setting next_dagrun for latest_only_with_trigger to 2023-07-13T10:21:07.812735+00:00, run_after=2023-07-13T14:21:07.812735+00:00
[2023-07-13T14:21:07.826+0000] {processor.py:179} INFO - Processing /home/airflow/.local/lib/python3.7/site-packages/airflow/example_dags/example_latest_only_with_trigger.py took 0.064 seconds
[2023-07-13T14:21:38.237+0000] {processor.py:157} INFO - Started process (PID=577) to work on /home/airflow/.local/lib/python3.7/site-packages/airflow/example_dags/example_latest_only_with_trigger.py
[2023-07-13T14:21:38.239+0000] {processor.py:826} INFO - Processing file /home/airflow/.local/lib/python3.7/site-packages/airflow/example_dags/example_latest_only_with_trigger.py for tasks to queue
[2023-07-13T14:21:38.240+0000] {logging_mixin.py:150} INFO - [2023-07-13T14:21:38.240+0000] {dagbag.py:541} INFO - Filling up the DagBag from /home/airflow/.local/lib/python3.7/site-packages/airflow/example_dags/example_latest_only_with_trigger.py
[2023-07-13T14:21:38.249+0000] {processor.py:836} INFO - DAG(s) dict_keys(['latest_only_with_trigger']) retrieved from /home/airflow/.local/lib/python3.7/site-packages/airflow/example_dags/example_latest_only_with_trigger.py
[2023-07-13T14:21:38.273+0000] {logging_mixin.py:150} INFO - [2023-07-13T14:21:38.273+0000] {dag.py:2742} INFO - Sync 1 DAGs
[2023-07-13T14:21:38.292+0000] {logging_mixin.py:150} INFO - [2023-07-13T14:21:38.292+0000] {dag.py:3508} INFO - Setting next_dagrun for latest_only_with_trigger to 2023-07-13T10:21:38.292203+00:00, run_after=2023-07-13T14:21:38.292203+00:00
[2023-07-13T14:21:38.305+0000] {processor.py:179} INFO - Processing /home/airflow/.local/lib/python3.7/site-packages/airflow/example_dags/example_latest_only_with_trigger.py took 0.074 seconds
[2023-07-13T14:22:09.648+0000] {processor.py:157} INFO - Started process (PID=634) to work on /home/airflow/.local/lib/python3.7/site-packages/airflow/example_dags/example_latest_only_with_trigger.py
[2023-07-13T14:22:09.655+0000] {processor.py:826} INFO - Processing file /home/airflow/.local/lib/python3.7/site-packages/airflow/example_dags/example_latest_only_with_trigger.py for tasks to queue
[2023-07-13T14:22:09.656+0000] {logging_mixin.py:150} INFO - [2023-07-13T14:22:09.656+0000] {dagbag.py:541} INFO - Filling up the DagBag from /home/airflow/.local/lib/python3.7/site-packages/airflow/example_dags/example_latest_only_with_trigger.py
[2023-07-13T14:22:09.663+0000] {processor.py:836} INFO - DAG(s) dict_keys(['latest_only_with_trigger']) retrieved from /home/airflow/.local/lib/python3.7/site-packages/airflow/example_dags/example_latest_only_with_trigger.py
[2023-07-13T14:22:09.707+0000] {logging_mixin.py:150} INFO - [2023-07-13T14:22:09.707+0000] {dag.py:2742} INFO - Sync 1 DAGs
[2023-07-13T14:22:09.729+0000] {logging_mixin.py:150} INFO - [2023-07-13T14:22:09.729+0000] {dag.py:3508} INFO - Setting next_dagrun for latest_only_with_trigger to 2023-07-13T10:22:09.729365+00:00, run_after=2023-07-13T14:22:09.729365+00:00
[2023-07-13T14:22:09.750+0000] {processor.py:179} INFO - Processing /home/airflow/.local/lib/python3.7/site-packages/airflow/example_dags/example_latest_only_with_trigger.py took 0.105 seconds
[2023-07-13T14:22:41.272+0000] {processor.py:157} INFO - Started process (PID=691) to work on /home/airflow/.local/lib/python3.7/site-packages/airflow/example_dags/example_latest_only_with_trigger.py
[2023-07-13T14:22:41.273+0000] {processor.py:826} INFO - Processing file /home/airflow/.local/lib/python3.7/site-packages/airflow/example_dags/example_latest_only_with_trigger.py for tasks to queue
[2023-07-13T14:22:41.274+0000] {logging_mixin.py:150} INFO - [2023-07-13T14:22:41.273+0000] {dagbag.py:541} INFO - Filling up the DagBag from /home/airflow/.local/lib/python3.7/site-packages/airflow/example_dags/example_latest_only_with_trigger.py
[2023-07-13T14:22:41.280+0000] {processor.py:836} INFO - DAG(s) dict_keys(['latest_only_with_trigger']) retrieved from /home/airflow/.local/lib/python3.7/site-packages/airflow/example_dags/example_latest_only_with_trigger.py
[2023-07-13T14:22:41.303+0000] {logging_mixin.py:150} INFO - [2023-07-13T14:22:41.303+0000] {dag.py:2742} INFO - Sync 1 DAGs
[2023-07-13T14:22:41.325+0000] {logging_mixin.py:150} INFO - [2023-07-13T14:22:41.324+0000] {dag.py:3508} INFO - Setting next_dagrun for latest_only_with_trigger to 2023-07-13T10:22:41.324657+00:00, run_after=2023-07-13T14:22:41.324657+00:00
[2023-07-13T14:22:41.337+0000] {processor.py:179} INFO - Processing /home/airflow/.local/lib/python3.7/site-packages/airflow/example_dags/example_latest_only_with_trigger.py took 0.069 seconds
[2023-07-13T14:23:12.594+0000] {processor.py:157} INFO - Started process (PID=749) to work on /home/airflow/.local/lib/python3.7/site-packages/airflow/example_dags/example_latest_only_with_trigger.py
[2023-07-13T14:23:12.595+0000] {processor.py:826} INFO - Processing file /home/airflow/.local/lib/python3.7/site-packages/airflow/example_dags/example_latest_only_with_trigger.py for tasks to queue
[2023-07-13T14:23:12.596+0000] {logging_mixin.py:150} INFO - [2023-07-13T14:23:12.596+0000] {dagbag.py:541} INFO - Filling up the DagBag from /home/airflow/.local/lib/python3.7/site-packages/airflow/example_dags/example_latest_only_with_trigger.py
[2023-07-13T14:23:12.602+0000] {processor.py:836} INFO - DAG(s) dict_keys(['latest_only_with_trigger']) retrieved from /home/airflow/.local/lib/python3.7/site-packages/airflow/example_dags/example_latest_only_with_trigger.py
[2023-07-13T14:23:12.625+0000] {logging_mixin.py:150} INFO - [2023-07-13T14:23:12.625+0000] {dag.py:2742} INFO - Sync 1 DAGs
[2023-07-13T14:23:12.650+0000] {logging_mixin.py:150} INFO - [2023-07-13T14:23:12.650+0000] {dag.py:3508} INFO - Setting next_dagrun for latest_only_with_trigger to 2023-07-13T10:23:12.650206+00:00, run_after=2023-07-13T14:23:12.650206+00:00
[2023-07-13T14:23:12.682+0000] {processor.py:179} INFO - Processing /home/airflow/.local/lib/python3.7/site-packages/airflow/example_dags/example_latest_only_with_trigger.py took 0.092 seconds
[2023-07-13T14:23:48.361+0000] {processor.py:157} INFO - Started process (PID=806) to work on /home/airflow/.local/lib/python3.7/site-packages/airflow/example_dags/example_latest_only_with_trigger.py
[2023-07-13T14:23:48.363+0000] {processor.py:826} INFO - Processing file /home/airflow/.local/lib/python3.7/site-packages/airflow/example_dags/example_latest_only_with_trigger.py for tasks to queue
[2023-07-13T14:23:48.364+0000] {logging_mixin.py:150} INFO - [2023-07-13T14:23:48.364+0000] {dagbag.py:541} INFO - Filling up the DagBag from /home/airflow/.local/lib/python3.7/site-packages/airflow/example_dags/example_latest_only_with_trigger.py
[2023-07-13T14:23:48.373+0000] {processor.py:836} INFO - DAG(s) dict_keys(['latest_only_with_trigger']) retrieved from /home/airflow/.local/lib/python3.7/site-packages/airflow/example_dags/example_latest_only_with_trigger.py
[2023-07-13T14:23:48.404+0000] {logging_mixin.py:150} INFO - [2023-07-13T14:23:48.403+0000] {dag.py:2742} INFO - Sync 1 DAGs
[2023-07-13T14:23:48.477+0000] {logging_mixin.py:150} INFO - [2023-07-13T14:23:48.476+0000] {dag.py:3508} INFO - Setting next_dagrun for latest_only_with_trigger to 2023-07-13T10:23:48.476044+00:00, run_after=2023-07-13T14:23:48.476044+00:00
[2023-07-13T14:23:48.540+0000] {processor.py:179} INFO - Processing /home/airflow/.local/lib/python3.7/site-packages/airflow/example_dags/example_latest_only_with_trigger.py took 0.191 seconds
[2023-07-13T14:24:19.360+0000] {processor.py:157} INFO - Started process (PID=864) to work on /home/airflow/.local/lib/python3.7/site-packages/airflow/example_dags/example_latest_only_with_trigger.py
[2023-07-13T14:24:19.363+0000] {processor.py:826} INFO - Processing file /home/airflow/.local/lib/python3.7/site-packages/airflow/example_dags/example_latest_only_with_trigger.py for tasks to queue
[2023-07-13T14:24:19.364+0000] {logging_mixin.py:150} INFO - [2023-07-13T14:24:19.364+0000] {dagbag.py:541} INFO - Filling up the DagBag from /home/airflow/.local/lib/python3.7/site-packages/airflow/example_dags/example_latest_only_with_trigger.py
[2023-07-13T14:24:19.371+0000] {processor.py:836} INFO - DAG(s) dict_keys(['latest_only_with_trigger']) retrieved from /home/airflow/.local/lib/python3.7/site-packages/airflow/example_dags/example_latest_only_with_trigger.py
[2023-07-13T14:24:19.390+0000] {logging_mixin.py:150} INFO - [2023-07-13T14:24:19.390+0000] {dag.py:2742} INFO - Sync 1 DAGs
[2023-07-13T14:24:19.407+0000] {logging_mixin.py:150} INFO - [2023-07-13T14:24:19.407+0000] {dag.py:3508} INFO - Setting next_dagrun for latest_only_with_trigger to 2023-07-13T10:24:19.406714+00:00, run_after=2023-07-13T14:24:19.406714+00:00
[2023-07-13T14:24:19.418+0000] {processor.py:179} INFO - Processing /home/airflow/.local/lib/python3.7/site-packages/airflow/example_dags/example_latest_only_with_trigger.py took 0.061 seconds
[2023-07-13T14:24:49.988+0000] {processor.py:157} INFO - Started process (PID=921) to work on /home/airflow/.local/lib/python3.7/site-packages/airflow/example_dags/example_latest_only_with_trigger.py
[2023-07-13T14:24:49.989+0000] {processor.py:826} INFO - Processing file /home/airflow/.local/lib/python3.7/site-packages/airflow/example_dags/example_latest_only_with_trigger.py for tasks to queue
[2023-07-13T14:24:49.990+0000] {logging_mixin.py:150} INFO - [2023-07-13T14:24:49.990+0000] {dagbag.py:541} INFO - Filling up the DagBag from /home/airflow/.local/lib/python3.7/site-packages/airflow/example_dags/example_latest_only_with_trigger.py
[2023-07-13T14:24:49.996+0000] {processor.py:836} INFO - DAG(s) dict_keys(['latest_only_with_trigger']) retrieved from /home/airflow/.local/lib/python3.7/site-packages/airflow/example_dags/example_latest_only_with_trigger.py
[2023-07-13T14:24:50.019+0000] {logging_mixin.py:150} INFO - [2023-07-13T14:24:50.018+0000] {dag.py:2742} INFO - Sync 1 DAGs
[2023-07-13T14:24:50.048+0000] {logging_mixin.py:150} INFO - [2023-07-13T14:24:50.047+0000] {dag.py:3508} INFO - Setting next_dagrun for latest_only_with_trigger to 2023-07-13T10:24:50.047585+00:00, run_after=2023-07-13T14:24:50.047585+00:00
[2023-07-13T14:24:50.062+0000] {processor.py:179} INFO - Processing /home/airflow/.local/lib/python3.7/site-packages/airflow/example_dags/example_latest_only_with_trigger.py took 0.077 seconds
[2023-07-13T14:25:20.454+0000] {processor.py:157} INFO - Started process (PID=977) to work on /home/airflow/.local/lib/python3.7/site-packages/airflow/example_dags/example_latest_only_with_trigger.py
[2023-07-13T14:25:20.456+0000] {processor.py:826} INFO - Processing file /home/airflow/.local/lib/python3.7/site-packages/airflow/example_dags/example_latest_only_with_trigger.py for tasks to queue
[2023-07-13T14:25:20.457+0000] {logging_mixin.py:150} INFO - [2023-07-13T14:25:20.457+0000] {dagbag.py:541} INFO - Filling up the DagBag from /home/airflow/.local/lib/python3.7/site-packages/airflow/example_dags/example_latest_only_with_trigger.py
[2023-07-13T14:25:20.462+0000] {processor.py:836} INFO - DAG(s) dict_keys(['latest_only_with_trigger']) retrieved from /home/airflow/.local/lib/python3.7/site-packages/airflow/example_dags/example_latest_only_with_trigger.py
[2023-07-13T14:25:20.482+0000] {logging_mixin.py:150} INFO - [2023-07-13T14:25:20.482+0000] {dag.py:2742} INFO - Sync 1 DAGs
[2023-07-13T14:25:20.501+0000] {logging_mixin.py:150} INFO - [2023-07-13T14:25:20.501+0000] {dag.py:3508} INFO - Setting next_dagrun for latest_only_with_trigger to 2023-07-13T10:25:20.500977+00:00, run_after=2023-07-13T14:25:20.500977+00:00
[2023-07-13T14:25:20.517+0000] {processor.py:179} INFO - Processing /home/airflow/.local/lib/python3.7/site-packages/airflow/example_dags/example_latest_only_with_trigger.py took 0.065 seconds
