[2023-07-13T14:16:59.393+0000] {processor.py:157} INFO - Started process (PID=44) to work on /home/airflow/.local/lib/python3.7/site-packages/airflow/example_dags/example_short_circuit_operator.py
[2023-07-13T14:16:59.396+0000] {processor.py:826} INFO - Processing file /home/airflow/.local/lib/python3.7/site-packages/airflow/example_dags/example_short_circuit_operator.py for tasks to queue
[2023-07-13T14:16:59.398+0000] {logging_mixin.py:150} INFO - [2023-07-13T14:16:59.398+0000] {dagbag.py:541} INFO - Filling up the DagBag from /home/airflow/.local/lib/python3.7/site-packages/airflow/example_dags/example_short_circuit_operator.py
[2023-07-13T14:16:59.420+0000] {processor.py:836} INFO - DAG(s) dict_keys(['example_short_circuit_operator']) retrieved from /home/airflow/.local/lib/python3.7/site-packages/airflow/example_dags/example_short_circuit_operator.py
[2023-07-13T14:16:59.467+0000] {logging_mixin.py:150} INFO - [2023-07-13T14:16:59.467+0000] {dag.py:2742} INFO - Sync 1 DAGs
[2023-07-13T14:16:59.549+0000] {logging_mixin.py:150} INFO - [2023-07-13T14:16:59.549+0000] {dag.py:3508} INFO - Setting next_dagrun for example_short_circuit_operator to 2023-07-12T14:16:59.548336+00:00, run_after=2023-07-13T14:16:59.548336+00:00
[2023-07-13T14:16:59.589+0000] {processor.py:179} INFO - Processing /home/airflow/.local/lib/python3.7/site-packages/airflow/example_dags/example_short_circuit_operator.py took 0.200 seconds
[2023-07-13T14:17:29.635+0000] {processor.py:157} INFO - Started process (PID=100) to work on /home/airflow/.local/lib/python3.7/site-packages/airflow/example_dags/example_short_circuit_operator.py
[2023-07-13T14:17:29.636+0000] {processor.py:826} INFO - Processing file /home/airflow/.local/lib/python3.7/site-packages/airflow/example_dags/example_short_circuit_operator.py for tasks to queue
[2023-07-13T14:17:29.637+0000] {logging_mixin.py:150} INFO - [2023-07-13T14:17:29.637+0000] {dagbag.py:541} INFO - Filling up the DagBag from /home/airflow/.local/lib/python3.7/site-packages/airflow/example_dags/example_short_circuit_operator.py
[2023-07-13T14:17:29.661+0000] {processor.py:836} INFO - DAG(s) dict_keys(['example_short_circuit_operator']) retrieved from /home/airflow/.local/lib/python3.7/site-packages/airflow/example_dags/example_short_circuit_operator.py
[2023-07-13T14:17:29.692+0000] {logging_mixin.py:150} INFO - [2023-07-13T14:17:29.692+0000] {dag.py:2742} INFO - Sync 1 DAGs
[2023-07-13T14:17:29.713+0000] {logging_mixin.py:150} INFO - [2023-07-13T14:17:29.713+0000] {dag.py:3508} INFO - Setting next_dagrun for example_short_circuit_operator to 2023-07-12T14:17:29.712787+00:00, run_after=2023-07-13T14:17:29.712787+00:00
[2023-07-13T14:17:29.734+0000] {processor.py:179} INFO - Processing /home/airflow/.local/lib/python3.7/site-packages/airflow/example_dags/example_short_circuit_operator.py took 0.102 seconds
[2023-07-13T14:18:00.095+0000] {processor.py:157} INFO - Started process (PID=157) to work on /home/airflow/.local/lib/python3.7/site-packages/airflow/example_dags/example_short_circuit_operator.py
[2023-07-13T14:18:00.097+0000] {processor.py:826} INFO - Processing file /home/airflow/.local/lib/python3.7/site-packages/airflow/example_dags/example_short_circuit_operator.py for tasks to queue
[2023-07-13T14:18:00.098+0000] {logging_mixin.py:150} INFO - [2023-07-13T14:18:00.098+0000] {dagbag.py:541} INFO - Filling up the DagBag from /home/airflow/.local/lib/python3.7/site-packages/airflow/example_dags/example_short_circuit_operator.py
[2023-07-13T14:18:00.105+0000] {processor.py:836} INFO - DAG(s) dict_keys(['example_short_circuit_operator']) retrieved from /home/airflow/.local/lib/python3.7/site-packages/airflow/example_dags/example_short_circuit_operator.py
[2023-07-13T14:18:00.130+0000] {logging_mixin.py:150} INFO - [2023-07-13T14:18:00.130+0000] {dag.py:2742} INFO - Sync 1 DAGs
[2023-07-13T14:18:00.149+0000] {logging_mixin.py:150} INFO - [2023-07-13T14:18:00.149+0000] {dag.py:3508} INFO - Setting next_dagrun for example_short_circuit_operator to 2023-07-12T14:18:00.148777+00:00, run_after=2023-07-13T14:18:00.148777+00:00
[2023-07-13T14:18:00.159+0000] {processor.py:179} INFO - Processing /home/airflow/.local/lib/python3.7/site-packages/airflow/example_dags/example_short_circuit_operator.py took 0.067 seconds
[2023-07-13T14:18:30.560+0000] {processor.py:157} INFO - Started process (PID=214) to work on /home/airflow/.local/lib/python3.7/site-packages/airflow/example_dags/example_short_circuit_operator.py
[2023-07-13T14:18:30.562+0000] {processor.py:826} INFO - Processing file /home/airflow/.local/lib/python3.7/site-packages/airflow/example_dags/example_short_circuit_operator.py for tasks to queue
[2023-07-13T14:18:30.562+0000] {logging_mixin.py:150} INFO - [2023-07-13T14:18:30.562+0000] {dagbag.py:541} INFO - Filling up the DagBag from /home/airflow/.local/lib/python3.7/site-packages/airflow/example_dags/example_short_circuit_operator.py
[2023-07-13T14:18:30.569+0000] {processor.py:836} INFO - DAG(s) dict_keys(['example_short_circuit_operator']) retrieved from /home/airflow/.local/lib/python3.7/site-packages/airflow/example_dags/example_short_circuit_operator.py
[2023-07-13T14:18:30.588+0000] {logging_mixin.py:150} INFO - [2023-07-13T14:18:30.588+0000] {dag.py:2742} INFO - Sync 1 DAGs
[2023-07-13T14:18:30.603+0000] {logging_mixin.py:150} INFO - [2023-07-13T14:18:30.603+0000] {dag.py:3508} INFO - Setting next_dagrun for example_short_circuit_operator to 2023-07-12T14:18:30.603053+00:00, run_after=2023-07-13T14:18:30.603053+00:00
[2023-07-13T14:18:30.613+0000] {processor.py:179} INFO - Processing /home/airflow/.local/lib/python3.7/site-packages/airflow/example_dags/example_short_circuit_operator.py took 0.055 seconds
[2023-07-13T14:19:01.326+0000] {processor.py:157} INFO - Started process (PID=270) to work on /home/airflow/.local/lib/python3.7/site-packages/airflow/example_dags/example_short_circuit_operator.py
[2023-07-13T14:19:01.327+0000] {processor.py:826} INFO - Processing file /home/airflow/.local/lib/python3.7/site-packages/airflow/example_dags/example_short_circuit_operator.py for tasks to queue
[2023-07-13T14:19:01.328+0000] {logging_mixin.py:150} INFO - [2023-07-13T14:19:01.328+0000] {dagbag.py:541} INFO - Filling up the DagBag from /home/airflow/.local/lib/python3.7/site-packages/airflow/example_dags/example_short_circuit_operator.py
[2023-07-13T14:19:01.334+0000] {processor.py:836} INFO - DAG(s) dict_keys(['example_short_circuit_operator']) retrieved from /home/airflow/.local/lib/python3.7/site-packages/airflow/example_dags/example_short_circuit_operator.py
[2023-07-13T14:19:01.355+0000] {logging_mixin.py:150} INFO - [2023-07-13T14:19:01.355+0000] {dag.py:2742} INFO - Sync 1 DAGs
[2023-07-13T14:19:01.370+0000] {logging_mixin.py:150} INFO - [2023-07-13T14:19:01.370+0000] {dag.py:3508} INFO - Setting next_dagrun for example_short_circuit_operator to 2023-07-12T14:19:01.370203+00:00, run_after=2023-07-13T14:19:01.370203+00:00
[2023-07-13T14:19:01.380+0000] {processor.py:179} INFO - Processing /home/airflow/.local/lib/python3.7/site-packages/airflow/example_dags/example_short_circuit_operator.py took 0.057 seconds
[2023-07-13T14:19:32.841+0000] {processor.py:157} INFO - Started process (PID=327) to work on /home/airflow/.local/lib/python3.7/site-packages/airflow/example_dags/example_short_circuit_operator.py
[2023-07-13T14:19:32.843+0000] {processor.py:826} INFO - Processing file /home/airflow/.local/lib/python3.7/site-packages/airflow/example_dags/example_short_circuit_operator.py for tasks to queue
[2023-07-13T14:19:32.844+0000] {logging_mixin.py:150} INFO - [2023-07-13T14:19:32.843+0000] {dagbag.py:541} INFO - Filling up the DagBag from /home/airflow/.local/lib/python3.7/site-packages/airflow/example_dags/example_short_circuit_operator.py
[2023-07-13T14:19:32.850+0000] {processor.py:836} INFO - DAG(s) dict_keys(['example_short_circuit_operator']) retrieved from /home/airflow/.local/lib/python3.7/site-packages/airflow/example_dags/example_short_circuit_operator.py
[2023-07-13T14:19:32.870+0000] {logging_mixin.py:150} INFO - [2023-07-13T14:19:32.870+0000] {dag.py:2742} INFO - Sync 1 DAGs
[2023-07-13T14:19:32.887+0000] {logging_mixin.py:150} INFO - [2023-07-13T14:19:32.887+0000] {dag.py:3508} INFO - Setting next_dagrun for example_short_circuit_operator to 2023-07-12T14:19:32.887222+00:00, run_after=2023-07-13T14:19:32.887222+00:00
[2023-07-13T14:19:32.899+0000] {processor.py:179} INFO - Processing /home/airflow/.local/lib/python3.7/site-packages/airflow/example_dags/example_short_circuit_operator.py took 0.060 seconds
[2023-07-13T14:20:03.246+0000] {processor.py:157} INFO - Started process (PID=384) to work on /home/airflow/.local/lib/python3.7/site-packages/airflow/example_dags/example_short_circuit_operator.py
[2023-07-13T14:20:03.247+0000] {processor.py:826} INFO - Processing file /home/airflow/.local/lib/python3.7/site-packages/airflow/example_dags/example_short_circuit_operator.py for tasks to queue
[2023-07-13T14:20:03.248+0000] {logging_mixin.py:150} INFO - [2023-07-13T14:20:03.247+0000] {dagbag.py:541} INFO - Filling up the DagBag from /home/airflow/.local/lib/python3.7/site-packages/airflow/example_dags/example_short_circuit_operator.py
[2023-07-13T14:20:03.254+0000] {processor.py:836} INFO - DAG(s) dict_keys(['example_short_circuit_operator']) retrieved from /home/airflow/.local/lib/python3.7/site-packages/airflow/example_dags/example_short_circuit_operator.py
[2023-07-13T14:20:03.273+0000] {logging_mixin.py:150} INFO - [2023-07-13T14:20:03.273+0000] {dag.py:2742} INFO - Sync 1 DAGs
[2023-07-13T14:20:03.289+0000] {logging_mixin.py:150} INFO - [2023-07-13T14:20:03.289+0000] {dag.py:3508} INFO - Setting next_dagrun for example_short_circuit_operator to 2023-07-12T14:20:03.289230+00:00, run_after=2023-07-13T14:20:03.289230+00:00
[2023-07-13T14:20:03.300+0000] {processor.py:179} INFO - Processing /home/airflow/.local/lib/python3.7/site-packages/airflow/example_dags/example_short_circuit_operator.py took 0.057 seconds
[2023-07-13T14:20:33.610+0000] {processor.py:157} INFO - Started process (PID=441) to work on /home/airflow/.local/lib/python3.7/site-packages/airflow/example_dags/example_short_circuit_operator.py
[2023-07-13T14:20:33.611+0000] {processor.py:826} INFO - Processing file /home/airflow/.local/lib/python3.7/site-packages/airflow/example_dags/example_short_circuit_operator.py for tasks to queue
[2023-07-13T14:20:33.612+0000] {logging_mixin.py:150} INFO - [2023-07-13T14:20:33.612+0000] {dagbag.py:541} INFO - Filling up the DagBag from /home/airflow/.local/lib/python3.7/site-packages/airflow/example_dags/example_short_circuit_operator.py
[2023-07-13T14:20:33.619+0000] {processor.py:836} INFO - DAG(s) dict_keys(['example_short_circuit_operator']) retrieved from /home/airflow/.local/lib/python3.7/site-packages/airflow/example_dags/example_short_circuit_operator.py
[2023-07-13T14:20:33.638+0000] {logging_mixin.py:150} INFO - [2023-07-13T14:20:33.638+0000] {dag.py:2742} INFO - Sync 1 DAGs
[2023-07-13T14:20:33.654+0000] {logging_mixin.py:150} INFO - [2023-07-13T14:20:33.654+0000] {dag.py:3508} INFO - Setting next_dagrun for example_short_circuit_operator to 2023-07-12T14:20:33.654160+00:00, run_after=2023-07-13T14:20:33.654160+00:00
[2023-07-13T14:20:33.665+0000] {processor.py:179} INFO - Processing /home/airflow/.local/lib/python3.7/site-packages/airflow/example_dags/example_short_circuit_operator.py took 0.057 seconds
[2023-07-13T14:21:04.386+0000] {processor.py:157} INFO - Started process (PID=497) to work on /home/airflow/.local/lib/python3.7/site-packages/airflow/example_dags/example_short_circuit_operator.py
[2023-07-13T14:21:04.387+0000] {processor.py:826} INFO - Processing file /home/airflow/.local/lib/python3.7/site-packages/airflow/example_dags/example_short_circuit_operator.py for tasks to queue
[2023-07-13T14:21:04.388+0000] {logging_mixin.py:150} INFO - [2023-07-13T14:21:04.387+0000] {dagbag.py:541} INFO - Filling up the DagBag from /home/airflow/.local/lib/python3.7/site-packages/airflow/example_dags/example_short_circuit_operator.py
[2023-07-13T14:21:04.394+0000] {processor.py:836} INFO - DAG(s) dict_keys(['example_short_circuit_operator']) retrieved from /home/airflow/.local/lib/python3.7/site-packages/airflow/example_dags/example_short_circuit_operator.py
[2023-07-13T14:21:04.415+0000] {logging_mixin.py:150} INFO - [2023-07-13T14:21:04.414+0000] {dag.py:2742} INFO - Sync 1 DAGs
[2023-07-13T14:21:04.432+0000] {logging_mixin.py:150} INFO - [2023-07-13T14:21:04.432+0000] {dag.py:3508} INFO - Setting next_dagrun for example_short_circuit_operator to 2023-07-12T14:21:04.432597+00:00, run_after=2023-07-13T14:21:04.432597+00:00
[2023-07-13T14:21:04.454+0000] {processor.py:179} INFO - Processing /home/airflow/.local/lib/python3.7/site-packages/airflow/example_dags/example_short_circuit_operator.py took 0.071 seconds
[2023-07-13T14:21:35.053+0000] {processor.py:157} INFO - Started process (PID=553) to work on /home/airflow/.local/lib/python3.7/site-packages/airflow/example_dags/example_short_circuit_operator.py
[2023-07-13T14:21:35.054+0000] {processor.py:826} INFO - Processing file /home/airflow/.local/lib/python3.7/site-packages/airflow/example_dags/example_short_circuit_operator.py for tasks to queue
[2023-07-13T14:21:35.055+0000] {logging_mixin.py:150} INFO - [2023-07-13T14:21:35.055+0000] {dagbag.py:541} INFO - Filling up the DagBag from /home/airflow/.local/lib/python3.7/site-packages/airflow/example_dags/example_short_circuit_operator.py
[2023-07-13T14:21:35.062+0000] {processor.py:836} INFO - DAG(s) dict_keys(['example_short_circuit_operator']) retrieved from /home/airflow/.local/lib/python3.7/site-packages/airflow/example_dags/example_short_circuit_operator.py
[2023-07-13T14:21:35.082+0000] {logging_mixin.py:150} INFO - [2023-07-13T14:21:35.081+0000] {dag.py:2742} INFO - Sync 1 DAGs
[2023-07-13T14:21:35.097+0000] {logging_mixin.py:150} INFO - [2023-07-13T14:21:35.097+0000] {dag.py:3508} INFO - Setting next_dagrun for example_short_circuit_operator to 2023-07-12T14:21:35.097669+00:00, run_after=2023-07-13T14:21:35.097669+00:00
[2023-07-13T14:21:35.109+0000] {processor.py:179} INFO - Processing /home/airflow/.local/lib/python3.7/site-packages/airflow/example_dags/example_short_circuit_operator.py took 0.059 seconds
[2023-07-13T14:22:06.109+0000] {processor.py:157} INFO - Started process (PID=610) to work on /home/airflow/.local/lib/python3.7/site-packages/airflow/example_dags/example_short_circuit_operator.py
[2023-07-13T14:22:06.111+0000] {processor.py:826} INFO - Processing file /home/airflow/.local/lib/python3.7/site-packages/airflow/example_dags/example_short_circuit_operator.py for tasks to queue
[2023-07-13T14:22:06.112+0000] {logging_mixin.py:150} INFO - [2023-07-13T14:22:06.111+0000] {dagbag.py:541} INFO - Filling up the DagBag from /home/airflow/.local/lib/python3.7/site-packages/airflow/example_dags/example_short_circuit_operator.py
[2023-07-13T14:22:06.119+0000] {processor.py:836} INFO - DAG(s) dict_keys(['example_short_circuit_operator']) retrieved from /home/airflow/.local/lib/python3.7/site-packages/airflow/example_dags/example_short_circuit_operator.py
[2023-07-13T14:22:06.139+0000] {logging_mixin.py:150} INFO - [2023-07-13T14:22:06.138+0000] {dag.py:2742} INFO - Sync 1 DAGs
[2023-07-13T14:22:06.155+0000] {logging_mixin.py:150} INFO - [2023-07-13T14:22:06.155+0000] {dag.py:3508} INFO - Setting next_dagrun for example_short_circuit_operator to 2023-07-12T14:22:06.155617+00:00, run_after=2023-07-13T14:22:06.155617+00:00
[2023-07-13T14:22:06.169+0000] {processor.py:179} INFO - Processing /home/airflow/.local/lib/python3.7/site-packages/airflow/example_dags/example_short_circuit_operator.py took 0.062 seconds
[2023-07-13T14:22:39.020+0000] {processor.py:157} INFO - Started process (PID=667) to work on /home/airflow/.local/lib/python3.7/site-packages/airflow/example_dags/example_short_circuit_operator.py
[2023-07-13T14:22:39.040+0000] {processor.py:826} INFO - Processing file /home/airflow/.local/lib/python3.7/site-packages/airflow/example_dags/example_short_circuit_operator.py for tasks to queue
[2023-07-13T14:22:39.060+0000] {logging_mixin.py:150} INFO - [2023-07-13T14:22:39.047+0000] {dagbag.py:541} INFO - Filling up the DagBag from /home/airflow/.local/lib/python3.7/site-packages/airflow/example_dags/example_short_circuit_operator.py
[2023-07-13T14:22:39.172+0000] {processor.py:836} INFO - DAG(s) dict_keys(['example_short_circuit_operator']) retrieved from /home/airflow/.local/lib/python3.7/site-packages/airflow/example_dags/example_short_circuit_operator.py
[2023-07-13T14:22:39.311+0000] {logging_mixin.py:150} INFO - [2023-07-13T14:22:39.309+0000] {dag.py:2742} INFO - Sync 1 DAGs
[2023-07-13T14:22:39.439+0000] {logging_mixin.py:150} INFO - [2023-07-13T14:22:39.439+0000] {dag.py:3508} INFO - Setting next_dagrun for example_short_circuit_operator to 2023-07-12T14:22:39.438188+00:00, run_after=2023-07-13T14:22:39.438188+00:00
[2023-07-13T14:22:39.504+0000] {processor.py:179} INFO - Processing /home/airflow/.local/lib/python3.7/site-packages/airflow/example_dags/example_short_circuit_operator.py took 0.542 seconds
[2023-07-13T14:23:09.777+0000] {processor.py:157} INFO - Started process (PID=725) to work on /home/airflow/.local/lib/python3.7/site-packages/airflow/example_dags/example_short_circuit_operator.py
[2023-07-13T14:23:09.779+0000] {processor.py:826} INFO - Processing file /home/airflow/.local/lib/python3.7/site-packages/airflow/example_dags/example_short_circuit_operator.py for tasks to queue
[2023-07-13T14:23:09.781+0000] {logging_mixin.py:150} INFO - [2023-07-13T14:23:09.781+0000] {dagbag.py:541} INFO - Filling up the DagBag from /home/airflow/.local/lib/python3.7/site-packages/airflow/example_dags/example_short_circuit_operator.py
[2023-07-13T14:23:09.789+0000] {processor.py:836} INFO - DAG(s) dict_keys(['example_short_circuit_operator']) retrieved from /home/airflow/.local/lib/python3.7/site-packages/airflow/example_dags/example_short_circuit_operator.py
[2023-07-13T14:23:09.816+0000] {logging_mixin.py:150} INFO - [2023-07-13T14:23:09.816+0000] {dag.py:2742} INFO - Sync 1 DAGs
[2023-07-13T14:23:09.833+0000] {logging_mixin.py:150} INFO - [2023-07-13T14:23:09.833+0000] {dag.py:3508} INFO - Setting next_dagrun for example_short_circuit_operator to 2023-07-12T14:23:09.833086+00:00, run_after=2023-07-13T14:23:09.833086+00:00
[2023-07-13T14:23:09.847+0000] {processor.py:179} INFO - Processing /home/airflow/.local/lib/python3.7/site-packages/airflow/example_dags/example_short_circuit_operator.py took 0.074 seconds
[2023-07-13T14:23:41.010+0000] {processor.py:157} INFO - Started process (PID=782) to work on /home/airflow/.local/lib/python3.7/site-packages/airflow/example_dags/example_short_circuit_operator.py
[2023-07-13T14:23:41.012+0000] {processor.py:826} INFO - Processing file /home/airflow/.local/lib/python3.7/site-packages/airflow/example_dags/example_short_circuit_operator.py for tasks to queue
[2023-07-13T14:23:41.013+0000] {logging_mixin.py:150} INFO - [2023-07-13T14:23:41.013+0000] {dagbag.py:541} INFO - Filling up the DagBag from /home/airflow/.local/lib/python3.7/site-packages/airflow/example_dags/example_short_circuit_operator.py
[2023-07-13T14:23:41.022+0000] {processor.py:836} INFO - DAG(s) dict_keys(['example_short_circuit_operator']) retrieved from /home/airflow/.local/lib/python3.7/site-packages/airflow/example_dags/example_short_circuit_operator.py
[2023-07-13T14:23:41.045+0000] {logging_mixin.py:150} INFO - [2023-07-13T14:23:41.045+0000] {dag.py:2742} INFO - Sync 1 DAGs
[2023-07-13T14:23:41.064+0000] {logging_mixin.py:150} INFO - [2023-07-13T14:23:41.064+0000] {dag.py:3508} INFO - Setting next_dagrun for example_short_circuit_operator to 2023-07-12T14:23:41.063925+00:00, run_after=2023-07-13T14:23:41.063925+00:00
[2023-07-13T14:23:41.079+0000] {processor.py:179} INFO - Processing /home/airflow/.local/lib/python3.7/site-packages/airflow/example_dags/example_short_circuit_operator.py took 0.079 seconds
[2023-07-13T14:24:11.373+0000] {processor.py:157} INFO - Started process (PID=840) to work on /home/airflow/.local/lib/python3.7/site-packages/airflow/example_dags/example_short_circuit_operator.py
[2023-07-13T14:24:11.374+0000] {processor.py:826} INFO - Processing file /home/airflow/.local/lib/python3.7/site-packages/airflow/example_dags/example_short_circuit_operator.py for tasks to queue
[2023-07-13T14:24:11.375+0000] {logging_mixin.py:150} INFO - [2023-07-13T14:24:11.375+0000] {dagbag.py:541} INFO - Filling up the DagBag from /home/airflow/.local/lib/python3.7/site-packages/airflow/example_dags/example_short_circuit_operator.py
[2023-07-13T14:24:11.382+0000] {processor.py:836} INFO - DAG(s) dict_keys(['example_short_circuit_operator']) retrieved from /home/airflow/.local/lib/python3.7/site-packages/airflow/example_dags/example_short_circuit_operator.py
[2023-07-13T14:24:11.403+0000] {logging_mixin.py:150} INFO - [2023-07-13T14:24:11.403+0000] {dag.py:2742} INFO - Sync 1 DAGs
[2023-07-13T14:24:11.421+0000] {logging_mixin.py:150} INFO - [2023-07-13T14:24:11.420+0000] {dag.py:3508} INFO - Setting next_dagrun for example_short_circuit_operator to 2023-07-12T14:24:11.420661+00:00, run_after=2023-07-13T14:24:11.420661+00:00
[2023-07-13T14:24:11.433+0000] {processor.py:179} INFO - Processing /home/airflow/.local/lib/python3.7/site-packages/airflow/example_dags/example_short_circuit_operator.py took 0.063 seconds
[2023-07-13T14:24:41.775+0000] {processor.py:157} INFO - Started process (PID=897) to work on /home/airflow/.local/lib/python3.7/site-packages/airflow/example_dags/example_short_circuit_operator.py
[2023-07-13T14:24:41.776+0000] {processor.py:826} INFO - Processing file /home/airflow/.local/lib/python3.7/site-packages/airflow/example_dags/example_short_circuit_operator.py for tasks to queue
[2023-07-13T14:24:41.777+0000] {logging_mixin.py:150} INFO - [2023-07-13T14:24:41.777+0000] {dagbag.py:541} INFO - Filling up the DagBag from /home/airflow/.local/lib/python3.7/site-packages/airflow/example_dags/example_short_circuit_operator.py
[2023-07-13T14:24:41.786+0000] {processor.py:836} INFO - DAG(s) dict_keys(['example_short_circuit_operator']) retrieved from /home/airflow/.local/lib/python3.7/site-packages/airflow/example_dags/example_short_circuit_operator.py
[2023-07-13T14:24:41.810+0000] {logging_mixin.py:150} INFO - [2023-07-13T14:24:41.810+0000] {dag.py:2742} INFO - Sync 1 DAGs
[2023-07-13T14:24:41.833+0000] {logging_mixin.py:150} INFO - [2023-07-13T14:24:41.833+0000] {dag.py:3508} INFO - Setting next_dagrun for example_short_circuit_operator to 2023-07-12T14:24:41.832791+00:00, run_after=2023-07-13T14:24:41.832791+00:00
[2023-07-13T14:24:41.847+0000] {processor.py:179} INFO - Processing /home/airflow/.local/lib/python3.7/site-packages/airflow/example_dags/example_short_circuit_operator.py took 0.075 seconds
[2023-07-13T14:25:12.095+0000] {processor.py:157} INFO - Started process (PID=953) to work on /home/airflow/.local/lib/python3.7/site-packages/airflow/example_dags/example_short_circuit_operator.py
[2023-07-13T14:25:12.096+0000] {processor.py:826} INFO - Processing file /home/airflow/.local/lib/python3.7/site-packages/airflow/example_dags/example_short_circuit_operator.py for tasks to queue
[2023-07-13T14:25:12.097+0000] {logging_mixin.py:150} INFO - [2023-07-13T14:25:12.096+0000] {dagbag.py:541} INFO - Filling up the DagBag from /home/airflow/.local/lib/python3.7/site-packages/airflow/example_dags/example_short_circuit_operator.py
[2023-07-13T14:25:12.103+0000] {processor.py:836} INFO - DAG(s) dict_keys(['example_short_circuit_operator']) retrieved from /home/airflow/.local/lib/python3.7/site-packages/airflow/example_dags/example_short_circuit_operator.py
[2023-07-13T14:25:12.124+0000] {logging_mixin.py:150} INFO - [2023-07-13T14:25:12.124+0000] {dag.py:2742} INFO - Sync 1 DAGs
[2023-07-13T14:25:12.140+0000] {logging_mixin.py:150} INFO - [2023-07-13T14:25:12.139+0000] {dag.py:3508} INFO - Setting next_dagrun for example_short_circuit_operator to 2023-07-12T14:25:12.139686+00:00, run_after=2023-07-13T14:25:12.139686+00:00
[2023-07-13T14:25:12.152+0000] {processor.py:179} INFO - Processing /home/airflow/.local/lib/python3.7/site-packages/airflow/example_dags/example_short_circuit_operator.py took 0.060 seconds
