[2023-07-13T14:17:02.331+0000] {processor.py:157} INFO - Started process (PID=59) to work on /home/airflow/.local/lib/python3.7/site-packages/airflow/example_dags/tutorial_taskflow_api_virtualenv.py
[2023-07-13T14:17:02.333+0000] {processor.py:826} INFO - Processing file /home/airflow/.local/lib/python3.7/site-packages/airflow/example_dags/tutorial_taskflow_api_virtualenv.py for tasks to queue
[2023-07-13T14:17:02.337+0000] {logging_mixin.py:150} INFO - [2023-07-13T14:17:02.334+0000] {dagbag.py:541} INFO - Filling up the DagBag from /home/airflow/.local/lib/python3.7/site-packages/airflow/example_dags/tutorial_taskflow_api_virtualenv.py
[2023-07-13T14:17:02.368+0000] {processor.py:836} INFO - DAG(s) dict_keys(['tutorial_taskflow_api_virtualenv']) retrieved from /home/airflow/.local/lib/python3.7/site-packages/airflow/example_dags/tutorial_taskflow_api_virtualenv.py
[2023-07-13T14:17:02.406+0000] {logging_mixin.py:150} INFO - [2023-07-13T14:17:02.405+0000] {dag.py:2742} INFO - Sync 1 DAGs
[2023-07-13T14:17:02.573+0000] {logging_mixin.py:150} INFO - [2023-07-13T14:17:02.573+0000] {dag.py:3508} INFO - Setting next_dagrun for tutorial_taskflow_api_virtualenv to None, run_after=None
[2023-07-13T14:17:02.735+0000] {processor.py:179} INFO - Processing /home/airflow/.local/lib/python3.7/site-packages/airflow/example_dags/tutorial_taskflow_api_virtualenv.py took 0.412 seconds
[2023-07-13T14:17:33.403+0000] {processor.py:157} INFO - Started process (PID=115) to work on /home/airflow/.local/lib/python3.7/site-packages/airflow/example_dags/tutorial_taskflow_api_virtualenv.py
[2023-07-13T14:17:33.405+0000] {processor.py:826} INFO - Processing file /home/airflow/.local/lib/python3.7/site-packages/airflow/example_dags/tutorial_taskflow_api_virtualenv.py for tasks to queue
[2023-07-13T14:17:33.407+0000] {logging_mixin.py:150} INFO - [2023-07-13T14:17:33.406+0000] {dagbag.py:541} INFO - Filling up the DagBag from /home/airflow/.local/lib/python3.7/site-packages/airflow/example_dags/tutorial_taskflow_api_virtualenv.py
[2023-07-13T14:17:33.416+0000] {processor.py:836} INFO - DAG(s) dict_keys(['tutorial_taskflow_api_virtualenv']) retrieved from /home/airflow/.local/lib/python3.7/site-packages/airflow/example_dags/tutorial_taskflow_api_virtualenv.py
[2023-07-13T14:17:33.452+0000] {logging_mixin.py:150} INFO - [2023-07-13T14:17:33.452+0000] {dag.py:2742} INFO - Sync 1 DAGs
[2023-07-13T14:17:33.484+0000] {logging_mixin.py:150} INFO - [2023-07-13T14:17:33.484+0000] {dag.py:3508} INFO - Setting next_dagrun for tutorial_taskflow_api_virtualenv to None, run_after=None
[2023-07-13T14:17:33.516+0000] {processor.py:179} INFO - Processing /home/airflow/.local/lib/python3.7/site-packages/airflow/example_dags/tutorial_taskflow_api_virtualenv.py took 0.116 seconds
[2023-07-13T14:18:04.102+0000] {processor.py:157} INFO - Started process (PID=172) to work on /home/airflow/.local/lib/python3.7/site-packages/airflow/example_dags/tutorial_taskflow_api_virtualenv.py
[2023-07-13T14:18:04.103+0000] {processor.py:826} INFO - Processing file /home/airflow/.local/lib/python3.7/site-packages/airflow/example_dags/tutorial_taskflow_api_virtualenv.py for tasks to queue
[2023-07-13T14:18:04.104+0000] {logging_mixin.py:150} INFO - [2023-07-13T14:18:04.104+0000] {dagbag.py:541} INFO - Filling up the DagBag from /home/airflow/.local/lib/python3.7/site-packages/airflow/example_dags/tutorial_taskflow_api_virtualenv.py
[2023-07-13T14:18:04.109+0000] {processor.py:836} INFO - DAG(s) dict_keys(['tutorial_taskflow_api_virtualenv']) retrieved from /home/airflow/.local/lib/python3.7/site-packages/airflow/example_dags/tutorial_taskflow_api_virtualenv.py
[2023-07-13T14:18:04.128+0000] {logging_mixin.py:150} INFO - [2023-07-13T14:18:04.128+0000] {dag.py:2742} INFO - Sync 1 DAGs
[2023-07-13T14:18:04.145+0000] {logging_mixin.py:150} INFO - [2023-07-13T14:18:04.145+0000] {dag.py:3508} INFO - Setting next_dagrun for tutorial_taskflow_api_virtualenv to None, run_after=None
[2023-07-13T14:18:04.156+0000] {processor.py:179} INFO - Processing /home/airflow/.local/lib/python3.7/site-packages/airflow/example_dags/tutorial_taskflow_api_virtualenv.py took 0.057 seconds
[2023-07-13T14:18:34.276+0000] {processor.py:157} INFO - Started process (PID=229) to work on /home/airflow/.local/lib/python3.7/site-packages/airflow/example_dags/tutorial_taskflow_api_virtualenv.py
[2023-07-13T14:18:34.277+0000] {processor.py:826} INFO - Processing file /home/airflow/.local/lib/python3.7/site-packages/airflow/example_dags/tutorial_taskflow_api_virtualenv.py for tasks to queue
[2023-07-13T14:18:34.278+0000] {logging_mixin.py:150} INFO - [2023-07-13T14:18:34.278+0000] {dagbag.py:541} INFO - Filling up the DagBag from /home/airflow/.local/lib/python3.7/site-packages/airflow/example_dags/tutorial_taskflow_api_virtualenv.py
[2023-07-13T14:18:34.283+0000] {processor.py:836} INFO - DAG(s) dict_keys(['tutorial_taskflow_api_virtualenv']) retrieved from /home/airflow/.local/lib/python3.7/site-packages/airflow/example_dags/tutorial_taskflow_api_virtualenv.py
[2023-07-13T14:18:34.302+0000] {logging_mixin.py:150} INFO - [2023-07-13T14:18:34.302+0000] {dag.py:2742} INFO - Sync 1 DAGs
[2023-07-13T14:18:34.319+0000] {logging_mixin.py:150} INFO - [2023-07-13T14:18:34.319+0000] {dag.py:3508} INFO - Setting next_dagrun for tutorial_taskflow_api_virtualenv to None, run_after=None
[2023-07-13T14:18:34.331+0000] {processor.py:179} INFO - Processing /home/airflow/.local/lib/python3.7/site-packages/airflow/example_dags/tutorial_taskflow_api_virtualenv.py took 0.057 seconds
[2023-07-13T14:19:05.091+0000] {processor.py:157} INFO - Started process (PID=285) to work on /home/airflow/.local/lib/python3.7/site-packages/airflow/example_dags/tutorial_taskflow_api_virtualenv.py
[2023-07-13T14:19:05.092+0000] {processor.py:826} INFO - Processing file /home/airflow/.local/lib/python3.7/site-packages/airflow/example_dags/tutorial_taskflow_api_virtualenv.py for tasks to queue
[2023-07-13T14:19:05.093+0000] {logging_mixin.py:150} INFO - [2023-07-13T14:19:05.093+0000] {dagbag.py:541} INFO - Filling up the DagBag from /home/airflow/.local/lib/python3.7/site-packages/airflow/example_dags/tutorial_taskflow_api_virtualenv.py
[2023-07-13T14:19:05.098+0000] {processor.py:836} INFO - DAG(s) dict_keys(['tutorial_taskflow_api_virtualenv']) retrieved from /home/airflow/.local/lib/python3.7/site-packages/airflow/example_dags/tutorial_taskflow_api_virtualenv.py
[2023-07-13T14:19:05.119+0000] {logging_mixin.py:150} INFO - [2023-07-13T14:19:05.119+0000] {dag.py:2742} INFO - Sync 1 DAGs
[2023-07-13T14:19:05.137+0000] {logging_mixin.py:150} INFO - [2023-07-13T14:19:05.137+0000] {dag.py:3508} INFO - Setting next_dagrun for tutorial_taskflow_api_virtualenv to None, run_after=None
[2023-07-13T14:19:05.150+0000] {processor.py:179} INFO - Processing /home/airflow/.local/lib/python3.7/site-packages/airflow/example_dags/tutorial_taskflow_api_virtualenv.py took 0.062 seconds
[2023-07-13T14:19:35.514+0000] {processor.py:157} INFO - Started process (PID=342) to work on /home/airflow/.local/lib/python3.7/site-packages/airflow/example_dags/tutorial_taskflow_api_virtualenv.py
[2023-07-13T14:19:35.516+0000] {processor.py:826} INFO - Processing file /home/airflow/.local/lib/python3.7/site-packages/airflow/example_dags/tutorial_taskflow_api_virtualenv.py for tasks to queue
[2023-07-13T14:19:35.517+0000] {logging_mixin.py:150} INFO - [2023-07-13T14:19:35.516+0000] {dagbag.py:541} INFO - Filling up the DagBag from /home/airflow/.local/lib/python3.7/site-packages/airflow/example_dags/tutorial_taskflow_api_virtualenv.py
[2023-07-13T14:19:35.522+0000] {processor.py:836} INFO - DAG(s) dict_keys(['tutorial_taskflow_api_virtualenv']) retrieved from /home/airflow/.local/lib/python3.7/site-packages/airflow/example_dags/tutorial_taskflow_api_virtualenv.py
[2023-07-13T14:19:35.543+0000] {logging_mixin.py:150} INFO - [2023-07-13T14:19:35.543+0000] {dag.py:2742} INFO - Sync 1 DAGs
[2023-07-13T14:19:35.560+0000] {logging_mixin.py:150} INFO - [2023-07-13T14:19:35.560+0000] {dag.py:3508} INFO - Setting next_dagrun for tutorial_taskflow_api_virtualenv to None, run_after=None
[2023-07-13T14:19:35.572+0000] {processor.py:179} INFO - Processing /home/airflow/.local/lib/python3.7/site-packages/airflow/example_dags/tutorial_taskflow_api_virtualenv.py took 0.060 seconds
[2023-07-13T14:20:05.912+0000] {processor.py:157} INFO - Started process (PID=399) to work on /home/airflow/.local/lib/python3.7/site-packages/airflow/example_dags/tutorial_taskflow_api_virtualenv.py
[2023-07-13T14:20:05.913+0000] {processor.py:826} INFO - Processing file /home/airflow/.local/lib/python3.7/site-packages/airflow/example_dags/tutorial_taskflow_api_virtualenv.py for tasks to queue
[2023-07-13T14:20:05.914+0000] {logging_mixin.py:150} INFO - [2023-07-13T14:20:05.914+0000] {dagbag.py:541} INFO - Filling up the DagBag from /home/airflow/.local/lib/python3.7/site-packages/airflow/example_dags/tutorial_taskflow_api_virtualenv.py
[2023-07-13T14:20:05.920+0000] {processor.py:836} INFO - DAG(s) dict_keys(['tutorial_taskflow_api_virtualenv']) retrieved from /home/airflow/.local/lib/python3.7/site-packages/airflow/example_dags/tutorial_taskflow_api_virtualenv.py
[2023-07-13T14:20:05.940+0000] {logging_mixin.py:150} INFO - [2023-07-13T14:20:05.940+0000] {dag.py:2742} INFO - Sync 1 DAGs
[2023-07-13T14:20:05.957+0000] {logging_mixin.py:150} INFO - [2023-07-13T14:20:05.957+0000] {dag.py:3508} INFO - Setting next_dagrun for tutorial_taskflow_api_virtualenv to None, run_after=None
[2023-07-13T14:20:05.969+0000] {processor.py:179} INFO - Processing /home/airflow/.local/lib/python3.7/site-packages/airflow/example_dags/tutorial_taskflow_api_virtualenv.py took 0.060 seconds
[2023-07-13T14:20:36.520+0000] {processor.py:157} INFO - Started process (PID=456) to work on /home/airflow/.local/lib/python3.7/site-packages/airflow/example_dags/tutorial_taskflow_api_virtualenv.py
[2023-07-13T14:20:36.521+0000] {processor.py:826} INFO - Processing file /home/airflow/.local/lib/python3.7/site-packages/airflow/example_dags/tutorial_taskflow_api_virtualenv.py for tasks to queue
[2023-07-13T14:20:36.523+0000] {logging_mixin.py:150} INFO - [2023-07-13T14:20:36.522+0000] {dagbag.py:541} INFO - Filling up the DagBag from /home/airflow/.local/lib/python3.7/site-packages/airflow/example_dags/tutorial_taskflow_api_virtualenv.py
[2023-07-13T14:20:36.529+0000] {processor.py:836} INFO - DAG(s) dict_keys(['tutorial_taskflow_api_virtualenv']) retrieved from /home/airflow/.local/lib/python3.7/site-packages/airflow/example_dags/tutorial_taskflow_api_virtualenv.py
[2023-07-13T14:20:36.552+0000] {logging_mixin.py:150} INFO - [2023-07-13T14:20:36.552+0000] {dag.py:2742} INFO - Sync 1 DAGs
[2023-07-13T14:20:36.572+0000] {logging_mixin.py:150} INFO - [2023-07-13T14:20:36.572+0000] {dag.py:3508} INFO - Setting next_dagrun for tutorial_taskflow_api_virtualenv to None, run_after=None
[2023-07-13T14:20:36.590+0000] {processor.py:179} INFO - Processing /home/airflow/.local/lib/python3.7/site-packages/airflow/example_dags/tutorial_taskflow_api_virtualenv.py took 0.073 seconds
[2023-07-13T14:21:07.208+0000] {processor.py:157} INFO - Started process (PID=512) to work on /home/airflow/.local/lib/python3.7/site-packages/airflow/example_dags/tutorial_taskflow_api_virtualenv.py
[2023-07-13T14:21:07.209+0000] {processor.py:826} INFO - Processing file /home/airflow/.local/lib/python3.7/site-packages/airflow/example_dags/tutorial_taskflow_api_virtualenv.py for tasks to queue
[2023-07-13T14:21:07.210+0000] {logging_mixin.py:150} INFO - [2023-07-13T14:21:07.210+0000] {dagbag.py:541} INFO - Filling up the DagBag from /home/airflow/.local/lib/python3.7/site-packages/airflow/example_dags/tutorial_taskflow_api_virtualenv.py
[2023-07-13T14:21:07.215+0000] {processor.py:836} INFO - DAG(s) dict_keys(['tutorial_taskflow_api_virtualenv']) retrieved from /home/airflow/.local/lib/python3.7/site-packages/airflow/example_dags/tutorial_taskflow_api_virtualenv.py
[2023-07-13T14:21:07.236+0000] {logging_mixin.py:150} INFO - [2023-07-13T14:21:07.235+0000] {dag.py:2742} INFO - Sync 1 DAGs
[2023-07-13T14:21:07.254+0000] {logging_mixin.py:150} INFO - [2023-07-13T14:21:07.254+0000] {dag.py:3508} INFO - Setting next_dagrun for tutorial_taskflow_api_virtualenv to None, run_after=None
[2023-07-13T14:21:07.270+0000] {processor.py:179} INFO - Processing /home/airflow/.local/lib/python3.7/site-packages/airflow/example_dags/tutorial_taskflow_api_virtualenv.py took 0.065 seconds
[2023-07-13T14:21:37.744+0000] {processor.py:157} INFO - Started process (PID=568) to work on /home/airflow/.local/lib/python3.7/site-packages/airflow/example_dags/tutorial_taskflow_api_virtualenv.py
[2023-07-13T14:21:37.746+0000] {processor.py:826} INFO - Processing file /home/airflow/.local/lib/python3.7/site-packages/airflow/example_dags/tutorial_taskflow_api_virtualenv.py for tasks to queue
[2023-07-13T14:21:37.747+0000] {logging_mixin.py:150} INFO - [2023-07-13T14:21:37.746+0000] {dagbag.py:541} INFO - Filling up the DagBag from /home/airflow/.local/lib/python3.7/site-packages/airflow/example_dags/tutorial_taskflow_api_virtualenv.py
[2023-07-13T14:21:37.752+0000] {processor.py:836} INFO - DAG(s) dict_keys(['tutorial_taskflow_api_virtualenv']) retrieved from /home/airflow/.local/lib/python3.7/site-packages/airflow/example_dags/tutorial_taskflow_api_virtualenv.py
[2023-07-13T14:21:37.771+0000] {logging_mixin.py:150} INFO - [2023-07-13T14:21:37.771+0000] {dag.py:2742} INFO - Sync 1 DAGs
[2023-07-13T14:21:37.787+0000] {logging_mixin.py:150} INFO - [2023-07-13T14:21:37.787+0000] {dag.py:3508} INFO - Setting next_dagrun for tutorial_taskflow_api_virtualenv to None, run_after=None
[2023-07-13T14:21:37.799+0000] {processor.py:179} INFO - Processing /home/airflow/.local/lib/python3.7/site-packages/airflow/example_dags/tutorial_taskflow_api_virtualenv.py took 0.057 seconds
[2023-07-13T14:22:08.011+0000] {processor.py:157} INFO - Started process (PID=625) to work on /home/airflow/.local/lib/python3.7/site-packages/airflow/example_dags/tutorial_taskflow_api_virtualenv.py
[2023-07-13T14:22:08.012+0000] {processor.py:826} INFO - Processing file /home/airflow/.local/lib/python3.7/site-packages/airflow/example_dags/tutorial_taskflow_api_virtualenv.py for tasks to queue
[2023-07-13T14:22:08.013+0000] {logging_mixin.py:150} INFO - [2023-07-13T14:22:08.013+0000] {dagbag.py:541} INFO - Filling up the DagBag from /home/airflow/.local/lib/python3.7/site-packages/airflow/example_dags/tutorial_taskflow_api_virtualenv.py
[2023-07-13T14:22:08.019+0000] {processor.py:836} INFO - DAG(s) dict_keys(['tutorial_taskflow_api_virtualenv']) retrieved from /home/airflow/.local/lib/python3.7/site-packages/airflow/example_dags/tutorial_taskflow_api_virtualenv.py
[2023-07-13T14:22:08.063+0000] {logging_mixin.py:150} INFO - [2023-07-13T14:22:08.062+0000] {dag.py:2742} INFO - Sync 1 DAGs
[2023-07-13T14:22:08.143+0000] {logging_mixin.py:150} INFO - [2023-07-13T14:22:08.141+0000] {dag.py:3508} INFO - Setting next_dagrun for tutorial_taskflow_api_virtualenv to None, run_after=None
[2023-07-13T14:22:08.426+0000] {processor.py:179} INFO - Processing /home/airflow/.local/lib/python3.7/site-packages/airflow/example_dags/tutorial_taskflow_api_virtualenv.py took 0.418 seconds
[2023-07-13T14:22:40.739+0000] {processor.py:157} INFO - Started process (PID=682) to work on /home/airflow/.local/lib/python3.7/site-packages/airflow/example_dags/tutorial_taskflow_api_virtualenv.py
[2023-07-13T14:22:40.741+0000] {processor.py:826} INFO - Processing file /home/airflow/.local/lib/python3.7/site-packages/airflow/example_dags/tutorial_taskflow_api_virtualenv.py for tasks to queue
[2023-07-13T14:22:40.742+0000] {logging_mixin.py:150} INFO - [2023-07-13T14:22:40.741+0000] {dagbag.py:541} INFO - Filling up the DagBag from /home/airflow/.local/lib/python3.7/site-packages/airflow/example_dags/tutorial_taskflow_api_virtualenv.py
[2023-07-13T14:22:40.748+0000] {processor.py:836} INFO - DAG(s) dict_keys(['tutorial_taskflow_api_virtualenv']) retrieved from /home/airflow/.local/lib/python3.7/site-packages/airflow/example_dags/tutorial_taskflow_api_virtualenv.py
[2023-07-13T14:22:40.772+0000] {logging_mixin.py:150} INFO - [2023-07-13T14:22:40.771+0000] {dag.py:2742} INFO - Sync 1 DAGs
[2023-07-13T14:22:40.789+0000] {logging_mixin.py:150} INFO - [2023-07-13T14:22:40.788+0000] {dag.py:3508} INFO - Setting next_dagrun for tutorial_taskflow_api_virtualenv to None, run_after=None
[2023-07-13T14:22:40.800+0000] {processor.py:179} INFO - Processing /home/airflow/.local/lib/python3.7/site-packages/airflow/example_dags/tutorial_taskflow_api_virtualenv.py took 0.063 seconds
[2023-07-13T14:23:12.051+0000] {processor.py:157} INFO - Started process (PID=740) to work on /home/airflow/.local/lib/python3.7/site-packages/airflow/example_dags/tutorial_taskflow_api_virtualenv.py
[2023-07-13T14:23:12.053+0000] {processor.py:826} INFO - Processing file /home/airflow/.local/lib/python3.7/site-packages/airflow/example_dags/tutorial_taskflow_api_virtualenv.py for tasks to queue
[2023-07-13T14:23:12.055+0000] {logging_mixin.py:150} INFO - [2023-07-13T14:23:12.054+0000] {dagbag.py:541} INFO - Filling up the DagBag from /home/airflow/.local/lib/python3.7/site-packages/airflow/example_dags/tutorial_taskflow_api_virtualenv.py
[2023-07-13T14:23:12.063+0000] {processor.py:836} INFO - DAG(s) dict_keys(['tutorial_taskflow_api_virtualenv']) retrieved from /home/airflow/.local/lib/python3.7/site-packages/airflow/example_dags/tutorial_taskflow_api_virtualenv.py
[2023-07-13T14:23:12.095+0000] {logging_mixin.py:150} INFO - [2023-07-13T14:23:12.094+0000] {dag.py:2742} INFO - Sync 1 DAGs
[2023-07-13T14:23:12.118+0000] {logging_mixin.py:150} INFO - [2023-07-13T14:23:12.118+0000] {dag.py:3508} INFO - Setting next_dagrun for tutorial_taskflow_api_virtualenv to None, run_after=None
[2023-07-13T14:23:12.132+0000] {processor.py:179} INFO - Processing /home/airflow/.local/lib/python3.7/site-packages/airflow/example_dags/tutorial_taskflow_api_virtualenv.py took 0.085 seconds
[2023-07-13T14:23:46.617+0000] {processor.py:157} INFO - Started process (PID=797) to work on /home/airflow/.local/lib/python3.7/site-packages/airflow/example_dags/tutorial_taskflow_api_virtualenv.py
[2023-07-13T14:23:46.621+0000] {processor.py:826} INFO - Processing file /home/airflow/.local/lib/python3.7/site-packages/airflow/example_dags/tutorial_taskflow_api_virtualenv.py for tasks to queue
[2023-07-13T14:23:46.624+0000] {logging_mixin.py:150} INFO - [2023-07-13T14:23:46.623+0000] {dagbag.py:541} INFO - Filling up the DagBag from /home/airflow/.local/lib/python3.7/site-packages/airflow/example_dags/tutorial_taskflow_api_virtualenv.py
[2023-07-13T14:23:46.679+0000] {processor.py:836} INFO - DAG(s) dict_keys(['tutorial_taskflow_api_virtualenv']) retrieved from /home/airflow/.local/lib/python3.7/site-packages/airflow/example_dags/tutorial_taskflow_api_virtualenv.py
[2023-07-13T14:23:46.833+0000] {logging_mixin.py:150} INFO - [2023-07-13T14:23:46.833+0000] {dag.py:2742} INFO - Sync 1 DAGs
[2023-07-13T14:23:46.907+0000] {logging_mixin.py:150} INFO - [2023-07-13T14:23:46.906+0000] {dag.py:3508} INFO - Setting next_dagrun for tutorial_taskflow_api_virtualenv to None, run_after=None
[2023-07-13T14:23:46.950+0000] {processor.py:179} INFO - Processing /home/airflow/.local/lib/python3.7/site-packages/airflow/example_dags/tutorial_taskflow_api_virtualenv.py took 0.347 seconds
[2023-07-13T14:24:17.627+0000] {processor.py:157} INFO - Started process (PID=855) to work on /home/airflow/.local/lib/python3.7/site-packages/airflow/example_dags/tutorial_taskflow_api_virtualenv.py
[2023-07-13T14:24:17.628+0000] {processor.py:826} INFO - Processing file /home/airflow/.local/lib/python3.7/site-packages/airflow/example_dags/tutorial_taskflow_api_virtualenv.py for tasks to queue
[2023-07-13T14:24:17.629+0000] {logging_mixin.py:150} INFO - [2023-07-13T14:24:17.629+0000] {dagbag.py:541} INFO - Filling up the DagBag from /home/airflow/.local/lib/python3.7/site-packages/airflow/example_dags/tutorial_taskflow_api_virtualenv.py
[2023-07-13T14:24:17.641+0000] {processor.py:836} INFO - DAG(s) dict_keys(['tutorial_taskflow_api_virtualenv']) retrieved from /home/airflow/.local/lib/python3.7/site-packages/airflow/example_dags/tutorial_taskflow_api_virtualenv.py
[2023-07-13T14:24:17.692+0000] {logging_mixin.py:150} INFO - [2023-07-13T14:24:17.691+0000] {dag.py:2742} INFO - Sync 1 DAGs
[2023-07-13T14:24:17.738+0000] {logging_mixin.py:150} INFO - [2023-07-13T14:24:17.738+0000] {dag.py:3508} INFO - Setting next_dagrun for tutorial_taskflow_api_virtualenv to None, run_after=None
[2023-07-13T14:24:17.767+0000] {processor.py:179} INFO - Processing /home/airflow/.local/lib/python3.7/site-packages/airflow/example_dags/tutorial_taskflow_api_virtualenv.py took 0.144 seconds
[2023-07-13T14:24:47.947+0000] {processor.py:157} INFO - Started process (PID=911) to work on /home/airflow/.local/lib/python3.7/site-packages/airflow/example_dags/tutorial_taskflow_api_virtualenv.py
[2023-07-13T14:24:47.952+0000] {processor.py:826} INFO - Processing file /home/airflow/.local/lib/python3.7/site-packages/airflow/example_dags/tutorial_taskflow_api_virtualenv.py for tasks to queue
[2023-07-13T14:24:47.957+0000] {logging_mixin.py:150} INFO - [2023-07-13T14:24:47.956+0000] {dagbag.py:541} INFO - Filling up the DagBag from /home/airflow/.local/lib/python3.7/site-packages/airflow/example_dags/tutorial_taskflow_api_virtualenv.py
[2023-07-13T14:24:47.984+0000] {processor.py:836} INFO - DAG(s) dict_keys(['tutorial_taskflow_api_virtualenv']) retrieved from /home/airflow/.local/lib/python3.7/site-packages/airflow/example_dags/tutorial_taskflow_api_virtualenv.py
[2023-07-13T14:24:48.230+0000] {logging_mixin.py:150} INFO - [2023-07-13T14:24:48.230+0000] {dag.py:2742} INFO - Sync 1 DAGs
[2023-07-13T14:24:48.328+0000] {logging_mixin.py:150} INFO - [2023-07-13T14:24:48.327+0000] {dag.py:3508} INFO - Setting next_dagrun for tutorial_taskflow_api_virtualenv to None, run_after=None
[2023-07-13T14:24:48.410+0000] {processor.py:179} INFO - Processing /home/airflow/.local/lib/python3.7/site-packages/airflow/example_dags/tutorial_taskflow_api_virtualenv.py took 0.489 seconds
[2023-07-13T14:25:18.618+0000] {processor.py:157} INFO - Started process (PID=967) to work on /home/airflow/.local/lib/python3.7/site-packages/airflow/example_dags/tutorial_taskflow_api_virtualenv.py
[2023-07-13T14:25:18.619+0000] {processor.py:826} INFO - Processing file /home/airflow/.local/lib/python3.7/site-packages/airflow/example_dags/tutorial_taskflow_api_virtualenv.py for tasks to queue
[2023-07-13T14:25:18.621+0000] {logging_mixin.py:150} INFO - [2023-07-13T14:25:18.620+0000] {dagbag.py:541} INFO - Filling up the DagBag from /home/airflow/.local/lib/python3.7/site-packages/airflow/example_dags/tutorial_taskflow_api_virtualenv.py
[2023-07-13T14:25:18.633+0000] {processor.py:836} INFO - DAG(s) dict_keys(['tutorial_taskflow_api_virtualenv']) retrieved from /home/airflow/.local/lib/python3.7/site-packages/airflow/example_dags/tutorial_taskflow_api_virtualenv.py
[2023-07-13T14:25:18.663+0000] {logging_mixin.py:150} INFO - [2023-07-13T14:25:18.663+0000] {dag.py:2742} INFO - Sync 1 DAGs
[2023-07-13T14:25:18.686+0000] {logging_mixin.py:150} INFO - [2023-07-13T14:25:18.686+0000] {dag.py:3508} INFO - Setting next_dagrun for tutorial_taskflow_api_virtualenv to None, run_after=None
[2023-07-13T14:25:18.712+0000] {processor.py:179} INFO - Processing /home/airflow/.local/lib/python3.7/site-packages/airflow/example_dags/tutorial_taskflow_api_virtualenv.py took 0.100 seconds
