[2023-07-23T00:00:23.511+0000] {processor.py:157} INFO - Started process (PID=1449) to work on /home/airflow/.local/lib/python3.7/site-packages/airflow/example_dags/example_external_task_marker_dag.py
[2023-07-23T00:00:23.513+0000] {processor.py:826} INFO - Processing file /home/airflow/.local/lib/python3.7/site-packages/airflow/example_dags/example_external_task_marker_dag.py for tasks to queue
[2023-07-23T00:00:23.514+0000] {logging_mixin.py:150} INFO - [2023-07-23T00:00:23.514+0000] {dagbag.py:541} INFO - Filling up the DagBag from /home/airflow/.local/lib/python3.7/site-packages/airflow/example_dags/example_external_task_marker_dag.py
[2023-07-23T00:00:23.523+0000] {processor.py:836} INFO - DAG(s) dict_keys(['example_external_task_marker_parent', 'example_external_task_marker_child']) retrieved from /home/airflow/.local/lib/python3.7/site-packages/airflow/example_dags/example_external_task_marker_dag.py
[2023-07-23T00:00:23.606+0000] {logging_mixin.py:150} INFO - [2023-07-23T00:00:23.605+0000] {dag.py:2742} INFO - Sync 2 DAGs
[2023-07-23T00:00:23.626+0000] {logging_mixin.py:150} INFO - [2023-07-23T00:00:23.626+0000] {dag.py:3508} INFO - Setting next_dagrun for example_external_task_marker_child to None, run_after=None
[2023-07-23T00:00:23.629+0000] {logging_mixin.py:150} INFO - [2023-07-23T00:00:23.629+0000] {dag.py:3508} INFO - Setting next_dagrun for example_external_task_marker_parent to None, run_after=None
[2023-07-23T00:00:23.641+0000] {processor.py:179} INFO - Processing /home/airflow/.local/lib/python3.7/site-packages/airflow/example_dags/example_external_task_marker_dag.py took 0.134 seconds
[2023-07-23T00:00:54.148+0000] {processor.py:157} INFO - Started process (PID=1512) to work on /home/airflow/.local/lib/python3.7/site-packages/airflow/example_dags/example_external_task_marker_dag.py
[2023-07-23T00:00:54.150+0000] {processor.py:826} INFO - Processing file /home/airflow/.local/lib/python3.7/site-packages/airflow/example_dags/example_external_task_marker_dag.py for tasks to queue
[2023-07-23T00:00:54.152+0000] {logging_mixin.py:150} INFO - [2023-07-23T00:00:54.151+0000] {dagbag.py:541} INFO - Filling up the DagBag from /home/airflow/.local/lib/python3.7/site-packages/airflow/example_dags/example_external_task_marker_dag.py
[2023-07-23T00:00:54.161+0000] {processor.py:836} INFO - DAG(s) dict_keys(['example_external_task_marker_parent', 'example_external_task_marker_child']) retrieved from /home/airflow/.local/lib/python3.7/site-packages/airflow/example_dags/example_external_task_marker_dag.py
[2023-07-23T00:00:54.191+0000] {logging_mixin.py:150} INFO - [2023-07-23T00:00:54.190+0000] {dag.py:2742} INFO - Sync 2 DAGs
[2023-07-23T00:00:54.211+0000] {logging_mixin.py:150} INFO - [2023-07-23T00:00:54.211+0000] {dag.py:3508} INFO - Setting next_dagrun for example_external_task_marker_child to None, run_after=None
[2023-07-23T00:00:54.214+0000] {logging_mixin.py:150} INFO - [2023-07-23T00:00:54.214+0000] {dag.py:3508} INFO - Setting next_dagrun for example_external_task_marker_parent to None, run_after=None
[2023-07-23T00:00:54.226+0000] {processor.py:179} INFO - Processing /home/airflow/.local/lib/python3.7/site-packages/airflow/example_dags/example_external_task_marker_dag.py took 0.087 seconds
[2023-07-23T00:01:24.436+0000] {processor.py:157} INFO - Started process (PID=1574) to work on /home/airflow/.local/lib/python3.7/site-packages/airflow/example_dags/example_external_task_marker_dag.py
[2023-07-23T00:01:24.438+0000] {processor.py:826} INFO - Processing file /home/airflow/.local/lib/python3.7/site-packages/airflow/example_dags/example_external_task_marker_dag.py for tasks to queue
[2023-07-23T00:01:24.439+0000] {logging_mixin.py:150} INFO - [2023-07-23T00:01:24.439+0000] {dagbag.py:541} INFO - Filling up the DagBag from /home/airflow/.local/lib/python3.7/site-packages/airflow/example_dags/example_external_task_marker_dag.py
[2023-07-23T00:01:24.451+0000] {processor.py:836} INFO - DAG(s) dict_keys(['example_external_task_marker_child', 'example_external_task_marker_parent']) retrieved from /home/airflow/.local/lib/python3.7/site-packages/airflow/example_dags/example_external_task_marker_dag.py
[2023-07-23T00:01:24.488+0000] {logging_mixin.py:150} INFO - [2023-07-23T00:01:24.487+0000] {dag.py:2742} INFO - Sync 2 DAGs
[2023-07-23T00:01:24.506+0000] {logging_mixin.py:150} INFO - [2023-07-23T00:01:24.506+0000] {dag.py:3508} INFO - Setting next_dagrun for example_external_task_marker_child to None, run_after=None
[2023-07-23T00:01:24.509+0000] {logging_mixin.py:150} INFO - [2023-07-23T00:01:24.509+0000] {dag.py:3508} INFO - Setting next_dagrun for example_external_task_marker_parent to None, run_after=None
[2023-07-23T00:01:24.520+0000] {processor.py:179} INFO - Processing /home/airflow/.local/lib/python3.7/site-packages/airflow/example_dags/example_external_task_marker_dag.py took 0.090 seconds
[2023-07-23T00:01:55.477+0000] {processor.py:157} INFO - Started process (PID=1638) to work on /home/airflow/.local/lib/python3.7/site-packages/airflow/example_dags/example_external_task_marker_dag.py
[2023-07-23T00:01:55.479+0000] {processor.py:826} INFO - Processing file /home/airflow/.local/lib/python3.7/site-packages/airflow/example_dags/example_external_task_marker_dag.py for tasks to queue
[2023-07-23T00:01:55.480+0000] {logging_mixin.py:150} INFO - [2023-07-23T00:01:55.480+0000] {dagbag.py:541} INFO - Filling up the DagBag from /home/airflow/.local/lib/python3.7/site-packages/airflow/example_dags/example_external_task_marker_dag.py
[2023-07-23T00:01:55.498+0000] {processor.py:836} INFO - DAG(s) dict_keys(['example_external_task_marker_parent', 'example_external_task_marker_child']) retrieved from /home/airflow/.local/lib/python3.7/site-packages/airflow/example_dags/example_external_task_marker_dag.py
[2023-07-23T00:01:55.561+0000] {logging_mixin.py:150} INFO - [2023-07-23T00:01:55.561+0000] {dag.py:2742} INFO - Sync 2 DAGs
[2023-07-23T00:01:55.587+0000] {logging_mixin.py:150} INFO - [2023-07-23T00:01:55.586+0000] {dag.py:3508} INFO - Setting next_dagrun for example_external_task_marker_child to None, run_after=None
[2023-07-23T00:01:55.590+0000] {logging_mixin.py:150} INFO - [2023-07-23T00:01:55.590+0000] {dag.py:3508} INFO - Setting next_dagrun for example_external_task_marker_parent to None, run_after=None
[2023-07-23T00:01:55.605+0000] {processor.py:179} INFO - Processing /home/airflow/.local/lib/python3.7/site-packages/airflow/example_dags/example_external_task_marker_dag.py took 0.135 seconds
[2023-07-23T00:02:25.895+0000] {processor.py:157} INFO - Started process (PID=1701) to work on /home/airflow/.local/lib/python3.7/site-packages/airflow/example_dags/example_external_task_marker_dag.py
[2023-07-23T00:02:25.901+0000] {processor.py:826} INFO - Processing file /home/airflow/.local/lib/python3.7/site-packages/airflow/example_dags/example_external_task_marker_dag.py for tasks to queue
[2023-07-23T00:02:25.908+0000] {logging_mixin.py:150} INFO - [2023-07-23T00:02:25.906+0000] {dagbag.py:541} INFO - Filling up the DagBag from /home/airflow/.local/lib/python3.7/site-packages/airflow/example_dags/example_external_task_marker_dag.py
[2023-07-23T00:02:25.921+0000] {processor.py:836} INFO - DAG(s) dict_keys(['example_external_task_marker_child', 'example_external_task_marker_parent']) retrieved from /home/airflow/.local/lib/python3.7/site-packages/airflow/example_dags/example_external_task_marker_dag.py
[2023-07-23T00:02:25.980+0000] {logging_mixin.py:150} INFO - [2023-07-23T00:02:25.980+0000] {dag.py:2742} INFO - Sync 2 DAGs
[2023-07-23T00:02:26.006+0000] {logging_mixin.py:150} INFO - [2023-07-23T00:02:26.006+0000] {dag.py:3508} INFO - Setting next_dagrun for example_external_task_marker_child to None, run_after=None
[2023-07-23T00:02:26.009+0000] {logging_mixin.py:150} INFO - [2023-07-23T00:02:26.009+0000] {dag.py:3508} INFO - Setting next_dagrun for example_external_task_marker_parent to None, run_after=None
[2023-07-23T00:02:26.023+0000] {processor.py:179} INFO - Processing /home/airflow/.local/lib/python3.7/site-packages/airflow/example_dags/example_external_task_marker_dag.py took 0.134 seconds
[2023-07-23T00:02:56.849+0000] {processor.py:157} INFO - Started process (PID=1769) to work on /home/airflow/.local/lib/python3.7/site-packages/airflow/example_dags/example_external_task_marker_dag.py
[2023-07-23T00:02:56.855+0000] {processor.py:826} INFO - Processing file /home/airflow/.local/lib/python3.7/site-packages/airflow/example_dags/example_external_task_marker_dag.py for tasks to queue
[2023-07-23T00:02:56.857+0000] {logging_mixin.py:150} INFO - [2023-07-23T00:02:56.856+0000] {dagbag.py:541} INFO - Filling up the DagBag from /home/airflow/.local/lib/python3.7/site-packages/airflow/example_dags/example_external_task_marker_dag.py
[2023-07-23T00:02:56.869+0000] {processor.py:836} INFO - DAG(s) dict_keys(['example_external_task_marker_child', 'example_external_task_marker_parent']) retrieved from /home/airflow/.local/lib/python3.7/site-packages/airflow/example_dags/example_external_task_marker_dag.py
[2023-07-23T00:02:56.923+0000] {logging_mixin.py:150} INFO - [2023-07-23T00:02:56.923+0000] {dag.py:2742} INFO - Sync 2 DAGs
[2023-07-23T00:02:56.949+0000] {logging_mixin.py:150} INFO - [2023-07-23T00:02:56.949+0000] {dag.py:3508} INFO - Setting next_dagrun for example_external_task_marker_child to None, run_after=None
[2023-07-23T00:02:56.952+0000] {logging_mixin.py:150} INFO - [2023-07-23T00:02:56.952+0000] {dag.py:3508} INFO - Setting next_dagrun for example_external_task_marker_parent to None, run_after=None
[2023-07-23T00:02:56.965+0000] {processor.py:179} INFO - Processing /home/airflow/.local/lib/python3.7/site-packages/airflow/example_dags/example_external_task_marker_dag.py took 0.127 seconds
[2023-07-23T00:03:27.195+0000] {processor.py:157} INFO - Started process (PID=1832) to work on /home/airflow/.local/lib/python3.7/site-packages/airflow/example_dags/example_external_task_marker_dag.py
[2023-07-23T00:03:27.196+0000] {processor.py:826} INFO - Processing file /home/airflow/.local/lib/python3.7/site-packages/airflow/example_dags/example_external_task_marker_dag.py for tasks to queue
[2023-07-23T00:03:27.198+0000] {logging_mixin.py:150} INFO - [2023-07-23T00:03:27.197+0000] {dagbag.py:541} INFO - Filling up the DagBag from /home/airflow/.local/lib/python3.7/site-packages/airflow/example_dags/example_external_task_marker_dag.py
[2023-07-23T00:03:27.205+0000] {processor.py:836} INFO - DAG(s) dict_keys(['example_external_task_marker_parent', 'example_external_task_marker_child']) retrieved from /home/airflow/.local/lib/python3.7/site-packages/airflow/example_dags/example_external_task_marker_dag.py
[2023-07-23T00:03:27.233+0000] {logging_mixin.py:150} INFO - [2023-07-23T00:03:27.233+0000] {dag.py:2742} INFO - Sync 2 DAGs
[2023-07-23T00:03:27.248+0000] {logging_mixin.py:150} INFO - [2023-07-23T00:03:27.248+0000] {dag.py:3508} INFO - Setting next_dagrun for example_external_task_marker_child to None, run_after=None
[2023-07-23T00:03:27.251+0000] {logging_mixin.py:150} INFO - [2023-07-23T00:03:27.250+0000] {dag.py:3508} INFO - Setting next_dagrun for example_external_task_marker_parent to None, run_after=None
[2023-07-23T00:03:27.260+0000] {processor.py:179} INFO - Processing /home/airflow/.local/lib/python3.7/site-packages/airflow/example_dags/example_external_task_marker_dag.py took 0.070 seconds
[2023-07-23T00:03:57.566+0000] {processor.py:157} INFO - Started process (PID=1895) to work on /home/airflow/.local/lib/python3.7/site-packages/airflow/example_dags/example_external_task_marker_dag.py
[2023-07-23T00:03:57.568+0000] {processor.py:826} INFO - Processing file /home/airflow/.local/lib/python3.7/site-packages/airflow/example_dags/example_external_task_marker_dag.py for tasks to queue
[2023-07-23T00:03:57.570+0000] {logging_mixin.py:150} INFO - [2023-07-23T00:03:57.569+0000] {dagbag.py:541} INFO - Filling up the DagBag from /home/airflow/.local/lib/python3.7/site-packages/airflow/example_dags/example_external_task_marker_dag.py
[2023-07-23T00:03:57.578+0000] {processor.py:836} INFO - DAG(s) dict_keys(['example_external_task_marker_parent', 'example_external_task_marker_child']) retrieved from /home/airflow/.local/lib/python3.7/site-packages/airflow/example_dags/example_external_task_marker_dag.py
[2023-07-23T00:03:57.611+0000] {logging_mixin.py:150} INFO - [2023-07-23T00:03:57.611+0000] {dag.py:2742} INFO - Sync 2 DAGs
[2023-07-23T00:03:57.633+0000] {logging_mixin.py:150} INFO - [2023-07-23T00:03:57.633+0000] {dag.py:3508} INFO - Setting next_dagrun for example_external_task_marker_child to None, run_after=None
[2023-07-23T00:03:57.636+0000] {logging_mixin.py:150} INFO - [2023-07-23T00:03:57.636+0000] {dag.py:3508} INFO - Setting next_dagrun for example_external_task_marker_parent to None, run_after=None
[2023-07-23T00:03:57.648+0000] {processor.py:179} INFO - Processing /home/airflow/.local/lib/python3.7/site-packages/airflow/example_dags/example_external_task_marker_dag.py took 0.087 seconds
[2023-07-23T00:04:28.090+0000] {processor.py:157} INFO - Started process (PID=1959) to work on /home/airflow/.local/lib/python3.7/site-packages/airflow/example_dags/example_external_task_marker_dag.py
[2023-07-23T00:04:28.092+0000] {processor.py:826} INFO - Processing file /home/airflow/.local/lib/python3.7/site-packages/airflow/example_dags/example_external_task_marker_dag.py for tasks to queue
[2023-07-23T00:04:28.094+0000] {logging_mixin.py:150} INFO - [2023-07-23T00:04:28.093+0000] {dagbag.py:541} INFO - Filling up the DagBag from /home/airflow/.local/lib/python3.7/site-packages/airflow/example_dags/example_external_task_marker_dag.py
[2023-07-23T00:04:28.105+0000] {processor.py:836} INFO - DAG(s) dict_keys(['example_external_task_marker_child', 'example_external_task_marker_parent']) retrieved from /home/airflow/.local/lib/python3.7/site-packages/airflow/example_dags/example_external_task_marker_dag.py
[2023-07-23T00:04:28.165+0000] {logging_mixin.py:150} INFO - [2023-07-23T00:04:28.165+0000] {dag.py:2742} INFO - Sync 2 DAGs
[2023-07-23T00:04:28.190+0000] {logging_mixin.py:150} INFO - [2023-07-23T00:04:28.190+0000] {dag.py:3508} INFO - Setting next_dagrun for example_external_task_marker_child to None, run_after=None
[2023-07-23T00:04:28.194+0000] {logging_mixin.py:150} INFO - [2023-07-23T00:04:28.194+0000] {dag.py:3508} INFO - Setting next_dagrun for example_external_task_marker_parent to None, run_after=None
[2023-07-23T00:04:28.217+0000] {processor.py:179} INFO - Processing /home/airflow/.local/lib/python3.7/site-packages/airflow/example_dags/example_external_task_marker_dag.py took 0.134 seconds
[2023-07-23T00:04:58.551+0000] {processor.py:157} INFO - Started process (PID=2022) to work on /home/airflow/.local/lib/python3.7/site-packages/airflow/example_dags/example_external_task_marker_dag.py
[2023-07-23T00:04:58.554+0000] {processor.py:826} INFO - Processing file /home/airflow/.local/lib/python3.7/site-packages/airflow/example_dags/example_external_task_marker_dag.py for tasks to queue
[2023-07-23T00:04:58.556+0000] {logging_mixin.py:150} INFO - [2023-07-23T00:04:58.556+0000] {dagbag.py:541} INFO - Filling up the DagBag from /home/airflow/.local/lib/python3.7/site-packages/airflow/example_dags/example_external_task_marker_dag.py
[2023-07-23T00:04:58.573+0000] {processor.py:836} INFO - DAG(s) dict_keys(['example_external_task_marker_parent', 'example_external_task_marker_child']) retrieved from /home/airflow/.local/lib/python3.7/site-packages/airflow/example_dags/example_external_task_marker_dag.py
[2023-07-23T00:04:58.615+0000] {logging_mixin.py:150} INFO - [2023-07-23T00:04:58.615+0000] {dag.py:2742} INFO - Sync 2 DAGs
[2023-07-23T00:04:58.637+0000] {logging_mixin.py:150} INFO - [2023-07-23T00:04:58.637+0000] {dag.py:3508} INFO - Setting next_dagrun for example_external_task_marker_child to None, run_after=None
[2023-07-23T00:04:58.640+0000] {logging_mixin.py:150} INFO - [2023-07-23T00:04:58.640+0000] {dag.py:3508} INFO - Setting next_dagrun for example_external_task_marker_parent to None, run_after=None
[2023-07-23T00:04:58.651+0000] {processor.py:179} INFO - Processing /home/airflow/.local/lib/python3.7/site-packages/airflow/example_dags/example_external_task_marker_dag.py took 0.106 seconds
[2023-07-23T00:05:29.604+0000] {processor.py:157} INFO - Started process (PID=2085) to work on /home/airflow/.local/lib/python3.7/site-packages/airflow/example_dags/example_external_task_marker_dag.py
[2023-07-23T00:05:29.609+0000] {processor.py:826} INFO - Processing file /home/airflow/.local/lib/python3.7/site-packages/airflow/example_dags/example_external_task_marker_dag.py for tasks to queue
[2023-07-23T00:05:29.612+0000] {logging_mixin.py:150} INFO - [2023-07-23T00:05:29.611+0000] {dagbag.py:541} INFO - Filling up the DagBag from /home/airflow/.local/lib/python3.7/site-packages/airflow/example_dags/example_external_task_marker_dag.py
[2023-07-23T00:05:29.623+0000] {processor.py:836} INFO - DAG(s) dict_keys(['example_external_task_marker_child', 'example_external_task_marker_parent']) retrieved from /home/airflow/.local/lib/python3.7/site-packages/airflow/example_dags/example_external_task_marker_dag.py
[2023-07-23T00:05:29.648+0000] {logging_mixin.py:150} INFO - [2023-07-23T00:05:29.648+0000] {dag.py:2742} INFO - Sync 2 DAGs
[2023-07-23T00:05:29.666+0000] {logging_mixin.py:150} INFO - [2023-07-23T00:05:29.665+0000] {dag.py:3508} INFO - Setting next_dagrun for example_external_task_marker_child to None, run_after=None
[2023-07-23T00:05:29.668+0000] {logging_mixin.py:150} INFO - [2023-07-23T00:05:29.668+0000] {dag.py:3508} INFO - Setting next_dagrun for example_external_task_marker_parent to None, run_after=None
[2023-07-23T00:05:29.680+0000] {processor.py:179} INFO - Processing /home/airflow/.local/lib/python3.7/site-packages/airflow/example_dags/example_external_task_marker_dag.py took 0.087 seconds
[2023-07-23T00:06:00.253+0000] {processor.py:157} INFO - Started process (PID=2148) to work on /home/airflow/.local/lib/python3.7/site-packages/airflow/example_dags/example_external_task_marker_dag.py
[2023-07-23T00:06:00.255+0000] {processor.py:826} INFO - Processing file /home/airflow/.local/lib/python3.7/site-packages/airflow/example_dags/example_external_task_marker_dag.py for tasks to queue
[2023-07-23T00:06:00.256+0000] {logging_mixin.py:150} INFO - [2023-07-23T00:06:00.255+0000] {dagbag.py:541} INFO - Filling up the DagBag from /home/airflow/.local/lib/python3.7/site-packages/airflow/example_dags/example_external_task_marker_dag.py
[2023-07-23T00:06:00.265+0000] {processor.py:836} INFO - DAG(s) dict_keys(['example_external_task_marker_parent', 'example_external_task_marker_child']) retrieved from /home/airflow/.local/lib/python3.7/site-packages/airflow/example_dags/example_external_task_marker_dag.py
[2023-07-23T00:06:00.301+0000] {logging_mixin.py:150} INFO - [2023-07-23T00:06:00.301+0000] {dag.py:2742} INFO - Sync 2 DAGs
[2023-07-23T00:06:00.322+0000] {logging_mixin.py:150} INFO - [2023-07-23T00:06:00.322+0000] {dag.py:3508} INFO - Setting next_dagrun for example_external_task_marker_child to None, run_after=None
[2023-07-23T00:06:00.325+0000] {logging_mixin.py:150} INFO - [2023-07-23T00:06:00.325+0000] {dag.py:3508} INFO - Setting next_dagrun for example_external_task_marker_parent to None, run_after=None
[2023-07-23T00:06:00.339+0000] {processor.py:179} INFO - Processing /home/airflow/.local/lib/python3.7/site-packages/airflow/example_dags/example_external_task_marker_dag.py took 0.090 seconds
[2023-07-23T00:06:30.980+0000] {processor.py:157} INFO - Started process (PID=2211) to work on /home/airflow/.local/lib/python3.7/site-packages/airflow/example_dags/example_external_task_marker_dag.py
[2023-07-23T00:06:30.984+0000] {processor.py:826} INFO - Processing file /home/airflow/.local/lib/python3.7/site-packages/airflow/example_dags/example_external_task_marker_dag.py for tasks to queue
[2023-07-23T00:06:30.986+0000] {logging_mixin.py:150} INFO - [2023-07-23T00:06:30.985+0000] {dagbag.py:541} INFO - Filling up the DagBag from /home/airflow/.local/lib/python3.7/site-packages/airflow/example_dags/example_external_task_marker_dag.py
[2023-07-23T00:06:30.997+0000] {processor.py:836} INFO - DAG(s) dict_keys(['example_external_task_marker_parent', 'example_external_task_marker_child']) retrieved from /home/airflow/.local/lib/python3.7/site-packages/airflow/example_dags/example_external_task_marker_dag.py
[2023-07-23T00:06:31.023+0000] {logging_mixin.py:150} INFO - [2023-07-23T00:06:31.023+0000] {dag.py:2742} INFO - Sync 2 DAGs
[2023-07-23T00:06:31.042+0000] {logging_mixin.py:150} INFO - [2023-07-23T00:06:31.042+0000] {dag.py:3508} INFO - Setting next_dagrun for example_external_task_marker_child to None, run_after=None
[2023-07-23T00:06:31.045+0000] {logging_mixin.py:150} INFO - [2023-07-23T00:06:31.045+0000] {dag.py:3508} INFO - Setting next_dagrun for example_external_task_marker_parent to None, run_after=None
[2023-07-23T00:06:31.056+0000] {processor.py:179} INFO - Processing /home/airflow/.local/lib/python3.7/site-packages/airflow/example_dags/example_external_task_marker_dag.py took 0.085 seconds
[2023-07-23T00:07:01.412+0000] {processor.py:157} INFO - Started process (PID=2274) to work on /home/airflow/.local/lib/python3.7/site-packages/airflow/example_dags/example_external_task_marker_dag.py
[2023-07-23T00:07:01.414+0000] {processor.py:826} INFO - Processing file /home/airflow/.local/lib/python3.7/site-packages/airflow/example_dags/example_external_task_marker_dag.py for tasks to queue
[2023-07-23T00:07:01.415+0000] {logging_mixin.py:150} INFO - [2023-07-23T00:07:01.415+0000] {dagbag.py:541} INFO - Filling up the DagBag from /home/airflow/.local/lib/python3.7/site-packages/airflow/example_dags/example_external_task_marker_dag.py
[2023-07-23T00:07:01.424+0000] {processor.py:836} INFO - DAG(s) dict_keys(['example_external_task_marker_child', 'example_external_task_marker_parent']) retrieved from /home/airflow/.local/lib/python3.7/site-packages/airflow/example_dags/example_external_task_marker_dag.py
[2023-07-23T00:07:01.558+0000] {logging_mixin.py:150} INFO - [2023-07-23T00:07:01.558+0000] {dag.py:2742} INFO - Sync 2 DAGs
[2023-07-23T00:07:01.590+0000] {logging_mixin.py:150} INFO - [2023-07-23T00:07:01.590+0000] {dag.py:3508} INFO - Setting next_dagrun for example_external_task_marker_child to None, run_after=None
[2023-07-23T00:07:01.594+0000] {logging_mixin.py:150} INFO - [2023-07-23T00:07:01.594+0000] {dag.py:3508} INFO - Setting next_dagrun for example_external_task_marker_parent to None, run_after=None
[2023-07-23T00:07:01.609+0000] {processor.py:179} INFO - Processing /home/airflow/.local/lib/python3.7/site-packages/airflow/example_dags/example_external_task_marker_dag.py took 0.202 seconds
[2023-07-23T00:07:31.812+0000] {processor.py:157} INFO - Started process (PID=2337) to work on /home/airflow/.local/lib/python3.7/site-packages/airflow/example_dags/example_external_task_marker_dag.py
[2023-07-23T00:07:31.814+0000] {processor.py:826} INFO - Processing file /home/airflow/.local/lib/python3.7/site-packages/airflow/example_dags/example_external_task_marker_dag.py for tasks to queue
[2023-07-23T00:07:31.816+0000] {logging_mixin.py:150} INFO - [2023-07-23T00:07:31.816+0000] {dagbag.py:541} INFO - Filling up the DagBag from /home/airflow/.local/lib/python3.7/site-packages/airflow/example_dags/example_external_task_marker_dag.py
[2023-07-23T00:07:31.825+0000] {processor.py:836} INFO - DAG(s) dict_keys(['example_external_task_marker_child', 'example_external_task_marker_parent']) retrieved from /home/airflow/.local/lib/python3.7/site-packages/airflow/example_dags/example_external_task_marker_dag.py
[2023-07-23T00:07:31.856+0000] {logging_mixin.py:150} INFO - [2023-07-23T00:07:31.855+0000] {dag.py:2742} INFO - Sync 2 DAGs
[2023-07-23T00:07:31.871+0000] {logging_mixin.py:150} INFO - [2023-07-23T00:07:31.871+0000] {dag.py:3508} INFO - Setting next_dagrun for example_external_task_marker_child to None, run_after=None
[2023-07-23T00:07:31.873+0000] {logging_mixin.py:150} INFO - [2023-07-23T00:07:31.873+0000] {dag.py:3508} INFO - Setting next_dagrun for example_external_task_marker_parent to None, run_after=None
[2023-07-23T00:07:31.883+0000] {processor.py:179} INFO - Processing /home/airflow/.local/lib/python3.7/site-packages/airflow/example_dags/example_external_task_marker_dag.py took 0.076 seconds
[2023-07-23T00:08:02.153+0000] {processor.py:157} INFO - Started process (PID=2403) to work on /home/airflow/.local/lib/python3.7/site-packages/airflow/example_dags/example_external_task_marker_dag.py
[2023-07-23T00:08:02.156+0000] {processor.py:826} INFO - Processing file /home/airflow/.local/lib/python3.7/site-packages/airflow/example_dags/example_external_task_marker_dag.py for tasks to queue
[2023-07-23T00:08:02.158+0000] {logging_mixin.py:150} INFO - [2023-07-23T00:08:02.158+0000] {dagbag.py:541} INFO - Filling up the DagBag from /home/airflow/.local/lib/python3.7/site-packages/airflow/example_dags/example_external_task_marker_dag.py
[2023-07-23T00:08:02.168+0000] {processor.py:836} INFO - DAG(s) dict_keys(['example_external_task_marker_parent', 'example_external_task_marker_child']) retrieved from /home/airflow/.local/lib/python3.7/site-packages/airflow/example_dags/example_external_task_marker_dag.py
[2023-07-23T00:08:02.198+0000] {logging_mixin.py:150} INFO - [2023-07-23T00:08:02.198+0000] {dag.py:2742} INFO - Sync 2 DAGs
[2023-07-23T00:08:02.216+0000] {logging_mixin.py:150} INFO - [2023-07-23T00:08:02.216+0000] {dag.py:3508} INFO - Setting next_dagrun for example_external_task_marker_child to None, run_after=None
[2023-07-23T00:08:02.218+0000] {logging_mixin.py:150} INFO - [2023-07-23T00:08:02.218+0000] {dag.py:3508} INFO - Setting next_dagrun for example_external_task_marker_parent to None, run_after=None
[2023-07-23T00:08:02.228+0000] {processor.py:179} INFO - Processing /home/airflow/.local/lib/python3.7/site-packages/airflow/example_dags/example_external_task_marker_dag.py took 0.081 seconds
[2023-07-23T00:08:32.721+0000] {processor.py:157} INFO - Started process (PID=2468) to work on /home/airflow/.local/lib/python3.7/site-packages/airflow/example_dags/example_external_task_marker_dag.py
[2023-07-23T00:08:32.723+0000] {processor.py:826} INFO - Processing file /home/airflow/.local/lib/python3.7/site-packages/airflow/example_dags/example_external_task_marker_dag.py for tasks to queue
[2023-07-23T00:08:32.725+0000] {logging_mixin.py:150} INFO - [2023-07-23T00:08:32.725+0000] {dagbag.py:541} INFO - Filling up the DagBag from /home/airflow/.local/lib/python3.7/site-packages/airflow/example_dags/example_external_task_marker_dag.py
[2023-07-23T00:08:32.734+0000] {processor.py:836} INFO - DAG(s) dict_keys(['example_external_task_marker_parent', 'example_external_task_marker_child']) retrieved from /home/airflow/.local/lib/python3.7/site-packages/airflow/example_dags/example_external_task_marker_dag.py
[2023-07-23T00:08:32.768+0000] {logging_mixin.py:150} INFO - [2023-07-23T00:08:32.768+0000] {dag.py:2742} INFO - Sync 2 DAGs
[2023-07-23T00:08:32.786+0000] {logging_mixin.py:150} INFO - [2023-07-23T00:08:32.785+0000] {dag.py:3508} INFO - Setting next_dagrun for example_external_task_marker_child to None, run_after=None
[2023-07-23T00:08:32.789+0000] {logging_mixin.py:150} INFO - [2023-07-23T00:08:32.789+0000] {dag.py:3508} INFO - Setting next_dagrun for example_external_task_marker_parent to None, run_after=None
[2023-07-23T00:08:32.800+0000] {processor.py:179} INFO - Processing /home/airflow/.local/lib/python3.7/site-packages/airflow/example_dags/example_external_task_marker_dag.py took 0.085 seconds
[2023-07-23T00:09:03.412+0000] {processor.py:157} INFO - Started process (PID=2531) to work on /home/airflow/.local/lib/python3.7/site-packages/airflow/example_dags/example_external_task_marker_dag.py
[2023-07-23T00:09:03.415+0000] {processor.py:826} INFO - Processing file /home/airflow/.local/lib/python3.7/site-packages/airflow/example_dags/example_external_task_marker_dag.py for tasks to queue
[2023-07-23T00:09:03.417+0000] {logging_mixin.py:150} INFO - [2023-07-23T00:09:03.417+0000] {dagbag.py:541} INFO - Filling up the DagBag from /home/airflow/.local/lib/python3.7/site-packages/airflow/example_dags/example_external_task_marker_dag.py
[2023-07-23T00:09:03.429+0000] {processor.py:836} INFO - DAG(s) dict_keys(['example_external_task_marker_child', 'example_external_task_marker_parent']) retrieved from /home/airflow/.local/lib/python3.7/site-packages/airflow/example_dags/example_external_task_marker_dag.py
[2023-07-23T00:09:03.480+0000] {logging_mixin.py:150} INFO - [2023-07-23T00:09:03.480+0000] {dag.py:2742} INFO - Sync 2 DAGs
[2023-07-23T00:09:03.505+0000] {logging_mixin.py:150} INFO - [2023-07-23T00:09:03.505+0000] {dag.py:3508} INFO - Setting next_dagrun for example_external_task_marker_child to None, run_after=None
[2023-07-23T00:09:03.510+0000] {logging_mixin.py:150} INFO - [2023-07-23T00:09:03.510+0000] {dag.py:3508} INFO - Setting next_dagrun for example_external_task_marker_parent to None, run_after=None
[2023-07-23T00:09:03.536+0000] {processor.py:179} INFO - Processing /home/airflow/.local/lib/python3.7/site-packages/airflow/example_dags/example_external_task_marker_dag.py took 0.131 seconds
[2023-07-23T00:09:33.677+0000] {processor.py:157} INFO - Started process (PID=2595) to work on /home/airflow/.local/lib/python3.7/site-packages/airflow/example_dags/example_external_task_marker_dag.py
[2023-07-23T00:09:33.679+0000] {processor.py:826} INFO - Processing file /home/airflow/.local/lib/python3.7/site-packages/airflow/example_dags/example_external_task_marker_dag.py for tasks to queue
[2023-07-23T00:09:33.681+0000] {logging_mixin.py:150} INFO - [2023-07-23T00:09:33.680+0000] {dagbag.py:541} INFO - Filling up the DagBag from /home/airflow/.local/lib/python3.7/site-packages/airflow/example_dags/example_external_task_marker_dag.py
[2023-07-23T00:09:33.690+0000] {processor.py:836} INFO - DAG(s) dict_keys(['example_external_task_marker_parent', 'example_external_task_marker_child']) retrieved from /home/airflow/.local/lib/python3.7/site-packages/airflow/example_dags/example_external_task_marker_dag.py
[2023-07-23T00:09:33.719+0000] {logging_mixin.py:150} INFO - [2023-07-23T00:09:33.719+0000] {dag.py:2742} INFO - Sync 2 DAGs
[2023-07-23T00:09:33.757+0000] {logging_mixin.py:150} INFO - [2023-07-23T00:09:33.757+0000] {dag.py:3508} INFO - Setting next_dagrun for example_external_task_marker_child to None, run_after=None
[2023-07-23T00:09:33.765+0000] {logging_mixin.py:150} INFO - [2023-07-23T00:09:33.764+0000] {dag.py:3508} INFO - Setting next_dagrun for example_external_task_marker_parent to None, run_after=None
[2023-07-23T00:09:33.782+0000] {processor.py:179} INFO - Processing /home/airflow/.local/lib/python3.7/site-packages/airflow/example_dags/example_external_task_marker_dag.py took 0.111 seconds
[2023-07-23T00:10:04.906+0000] {processor.py:157} INFO - Started process (PID=2659) to work on /home/airflow/.local/lib/python3.7/site-packages/airflow/example_dags/example_external_task_marker_dag.py
[2023-07-23T00:10:04.908+0000] {processor.py:826} INFO - Processing file /home/airflow/.local/lib/python3.7/site-packages/airflow/example_dags/example_external_task_marker_dag.py for tasks to queue
[2023-07-23T00:10:04.909+0000] {logging_mixin.py:150} INFO - [2023-07-23T00:10:04.908+0000] {dagbag.py:541} INFO - Filling up the DagBag from /home/airflow/.local/lib/python3.7/site-packages/airflow/example_dags/example_external_task_marker_dag.py
[2023-07-23T00:10:04.914+0000] {processor.py:836} INFO - DAG(s) dict_keys(['example_external_task_marker_parent', 'example_external_task_marker_child']) retrieved from /home/airflow/.local/lib/python3.7/site-packages/airflow/example_dags/example_external_task_marker_dag.py
[2023-07-23T00:10:04.939+0000] {logging_mixin.py:150} INFO - [2023-07-23T00:10:04.938+0000] {dag.py:2742} INFO - Sync 2 DAGs
[2023-07-23T00:10:04.957+0000] {logging_mixin.py:150} INFO - [2023-07-23T00:10:04.957+0000] {dag.py:3508} INFO - Setting next_dagrun for example_external_task_marker_child to None, run_after=None
[2023-07-23T00:10:04.959+0000] {logging_mixin.py:150} INFO - [2023-07-23T00:10:04.959+0000] {dag.py:3508} INFO - Setting next_dagrun for example_external_task_marker_parent to None, run_after=None
[2023-07-23T00:10:04.969+0000] {processor.py:179} INFO - Processing /home/airflow/.local/lib/python3.7/site-packages/airflow/example_dags/example_external_task_marker_dag.py took 0.065 seconds
[2023-07-23T00:10:35.285+0000] {processor.py:157} INFO - Started process (PID=2718) to work on /home/airflow/.local/lib/python3.7/site-packages/airflow/example_dags/example_external_task_marker_dag.py
[2023-07-23T00:10:35.286+0000] {processor.py:826} INFO - Processing file /home/airflow/.local/lib/python3.7/site-packages/airflow/example_dags/example_external_task_marker_dag.py for tasks to queue
[2023-07-23T00:10:35.287+0000] {logging_mixin.py:150} INFO - [2023-07-23T00:10:35.287+0000] {dagbag.py:541} INFO - Filling up the DagBag from /home/airflow/.local/lib/python3.7/site-packages/airflow/example_dags/example_external_task_marker_dag.py
[2023-07-23T00:10:35.293+0000] {processor.py:836} INFO - DAG(s) dict_keys(['example_external_task_marker_parent', 'example_external_task_marker_child']) retrieved from /home/airflow/.local/lib/python3.7/site-packages/airflow/example_dags/example_external_task_marker_dag.py
[2023-07-23T00:10:35.347+0000] {logging_mixin.py:150} INFO - [2023-07-23T00:10:35.347+0000] {dag.py:2742} INFO - Sync 2 DAGs
[2023-07-23T00:10:35.369+0000] {logging_mixin.py:150} INFO - [2023-07-23T00:10:35.369+0000] {dag.py:3508} INFO - Setting next_dagrun for example_external_task_marker_child to None, run_after=None
[2023-07-23T00:10:35.372+0000] {logging_mixin.py:150} INFO - [2023-07-23T00:10:35.372+0000] {dag.py:3508} INFO - Setting next_dagrun for example_external_task_marker_parent to None, run_after=None
[2023-07-23T00:10:35.386+0000] {processor.py:179} INFO - Processing /home/airflow/.local/lib/python3.7/site-packages/airflow/example_dags/example_external_task_marker_dag.py took 0.104 seconds
[2023-07-23T00:11:05.945+0000] {processor.py:157} INFO - Started process (PID=2780) to work on /home/airflow/.local/lib/python3.7/site-packages/airflow/example_dags/example_external_task_marker_dag.py
[2023-07-23T00:11:05.946+0000] {processor.py:826} INFO - Processing file /home/airflow/.local/lib/python3.7/site-packages/airflow/example_dags/example_external_task_marker_dag.py for tasks to queue
[2023-07-23T00:11:05.947+0000] {logging_mixin.py:150} INFO - [2023-07-23T00:11:05.947+0000] {dagbag.py:541} INFO - Filling up the DagBag from /home/airflow/.local/lib/python3.7/site-packages/airflow/example_dags/example_external_task_marker_dag.py
[2023-07-23T00:11:05.952+0000] {processor.py:836} INFO - DAG(s) dict_keys(['example_external_task_marker_child', 'example_external_task_marker_parent']) retrieved from /home/airflow/.local/lib/python3.7/site-packages/airflow/example_dags/example_external_task_marker_dag.py
[2023-07-23T00:11:05.973+0000] {logging_mixin.py:150} INFO - [2023-07-23T00:11:05.972+0000] {dag.py:2742} INFO - Sync 2 DAGs
[2023-07-23T00:11:05.987+0000] {logging_mixin.py:150} INFO - [2023-07-23T00:11:05.987+0000] {dag.py:3508} INFO - Setting next_dagrun for example_external_task_marker_child to None, run_after=None
[2023-07-23T00:11:05.990+0000] {logging_mixin.py:150} INFO - [2023-07-23T00:11:05.990+0000] {dag.py:3508} INFO - Setting next_dagrun for example_external_task_marker_parent to None, run_after=None
[2023-07-23T00:11:05.999+0000] {processor.py:179} INFO - Processing /home/airflow/.local/lib/python3.7/site-packages/airflow/example_dags/example_external_task_marker_dag.py took 0.057 seconds
[2023-07-23T00:11:36.297+0000] {processor.py:157} INFO - Started process (PID=2843) to work on /home/airflow/.local/lib/python3.7/site-packages/airflow/example_dags/example_external_task_marker_dag.py
[2023-07-23T00:11:36.298+0000] {processor.py:826} INFO - Processing file /home/airflow/.local/lib/python3.7/site-packages/airflow/example_dags/example_external_task_marker_dag.py for tasks to queue
[2023-07-23T00:11:36.299+0000] {logging_mixin.py:150} INFO - [2023-07-23T00:11:36.299+0000] {dagbag.py:541} INFO - Filling up the DagBag from /home/airflow/.local/lib/python3.7/site-packages/airflow/example_dags/example_external_task_marker_dag.py
[2023-07-23T00:11:36.304+0000] {processor.py:836} INFO - DAG(s) dict_keys(['example_external_task_marker_child', 'example_external_task_marker_parent']) retrieved from /home/airflow/.local/lib/python3.7/site-packages/airflow/example_dags/example_external_task_marker_dag.py
[2023-07-23T00:11:36.325+0000] {logging_mixin.py:150} INFO - [2023-07-23T00:11:36.325+0000] {dag.py:2742} INFO - Sync 2 DAGs
[2023-07-23T00:11:36.340+0000] {logging_mixin.py:150} INFO - [2023-07-23T00:11:36.340+0000] {dag.py:3508} INFO - Setting next_dagrun for example_external_task_marker_child to None, run_after=None
[2023-07-23T00:11:36.342+0000] {logging_mixin.py:150} INFO - [2023-07-23T00:11:36.342+0000] {dag.py:3508} INFO - Setting next_dagrun for example_external_task_marker_parent to None, run_after=None
[2023-07-23T00:11:36.351+0000] {processor.py:179} INFO - Processing /home/airflow/.local/lib/python3.7/site-packages/airflow/example_dags/example_external_task_marker_dag.py took 0.056 seconds
[2023-07-23T00:12:06.443+0000] {processor.py:157} INFO - Started process (PID=2905) to work on /home/airflow/.local/lib/python3.7/site-packages/airflow/example_dags/example_external_task_marker_dag.py
[2023-07-23T00:12:06.444+0000] {processor.py:826} INFO - Processing file /home/airflow/.local/lib/python3.7/site-packages/airflow/example_dags/example_external_task_marker_dag.py for tasks to queue
[2023-07-23T00:12:06.445+0000] {logging_mixin.py:150} INFO - [2023-07-23T00:12:06.445+0000] {dagbag.py:541} INFO - Filling up the DagBag from /home/airflow/.local/lib/python3.7/site-packages/airflow/example_dags/example_external_task_marker_dag.py
[2023-07-23T00:12:06.449+0000] {processor.py:836} INFO - DAG(s) dict_keys(['example_external_task_marker_child', 'example_external_task_marker_parent']) retrieved from /home/airflow/.local/lib/python3.7/site-packages/airflow/example_dags/example_external_task_marker_dag.py
[2023-07-23T00:12:06.470+0000] {logging_mixin.py:150} INFO - [2023-07-23T00:12:06.470+0000] {dag.py:2742} INFO - Sync 2 DAGs
[2023-07-23T00:12:06.485+0000] {logging_mixin.py:150} INFO - [2023-07-23T00:12:06.485+0000] {dag.py:3508} INFO - Setting next_dagrun for example_external_task_marker_child to None, run_after=None
[2023-07-23T00:12:06.488+0000] {logging_mixin.py:150} INFO - [2023-07-23T00:12:06.488+0000] {dag.py:3508} INFO - Setting next_dagrun for example_external_task_marker_parent to None, run_after=None
[2023-07-23T00:12:06.497+0000] {processor.py:179} INFO - Processing /home/airflow/.local/lib/python3.7/site-packages/airflow/example_dags/example_external_task_marker_dag.py took 0.057 seconds
[2023-07-23T00:12:36.981+0000] {processor.py:157} INFO - Started process (PID=2971) to work on /home/airflow/.local/lib/python3.7/site-packages/airflow/example_dags/example_external_task_marker_dag.py
[2023-07-23T00:12:36.988+0000] {processor.py:826} INFO - Processing file /home/airflow/.local/lib/python3.7/site-packages/airflow/example_dags/example_external_task_marker_dag.py for tasks to queue
[2023-07-23T00:12:36.991+0000] {logging_mixin.py:150} INFO - [2023-07-23T00:12:36.990+0000] {dagbag.py:541} INFO - Filling up the DagBag from /home/airflow/.local/lib/python3.7/site-packages/airflow/example_dags/example_external_task_marker_dag.py
[2023-07-23T00:12:37.008+0000] {processor.py:836} INFO - DAG(s) dict_keys(['example_external_task_marker_child', 'example_external_task_marker_parent']) retrieved from /home/airflow/.local/lib/python3.7/site-packages/airflow/example_dags/example_external_task_marker_dag.py
[2023-07-23T00:12:37.092+0000] {logging_mixin.py:150} INFO - [2023-07-23T00:12:37.092+0000] {dag.py:2742} INFO - Sync 2 DAGs
[2023-07-23T00:12:37.112+0000] {logging_mixin.py:150} INFO - [2023-07-23T00:12:37.112+0000] {dag.py:3508} INFO - Setting next_dagrun for example_external_task_marker_child to None, run_after=None
[2023-07-23T00:12:37.115+0000] {logging_mixin.py:150} INFO - [2023-07-23T00:12:37.115+0000] {dag.py:3508} INFO - Setting next_dagrun for example_external_task_marker_parent to None, run_after=None
[2023-07-23T00:12:37.126+0000] {processor.py:179} INFO - Processing /home/airflow/.local/lib/python3.7/site-packages/airflow/example_dags/example_external_task_marker_dag.py took 0.265 seconds
[2023-07-23T00:13:07.475+0000] {processor.py:157} INFO - Started process (PID=3033) to work on /home/airflow/.local/lib/python3.7/site-packages/airflow/example_dags/example_external_task_marker_dag.py
[2023-07-23T00:13:07.476+0000] {processor.py:826} INFO - Processing file /home/airflow/.local/lib/python3.7/site-packages/airflow/example_dags/example_external_task_marker_dag.py for tasks to queue
[2023-07-23T00:13:07.478+0000] {logging_mixin.py:150} INFO - [2023-07-23T00:13:07.477+0000] {dagbag.py:541} INFO - Filling up the DagBag from /home/airflow/.local/lib/python3.7/site-packages/airflow/example_dags/example_external_task_marker_dag.py
[2023-07-23T00:13:07.483+0000] {processor.py:836} INFO - DAG(s) dict_keys(['example_external_task_marker_parent', 'example_external_task_marker_child']) retrieved from /home/airflow/.local/lib/python3.7/site-packages/airflow/example_dags/example_external_task_marker_dag.py
[2023-07-23T00:13:07.509+0000] {logging_mixin.py:150} INFO - [2023-07-23T00:13:07.509+0000] {dag.py:2742} INFO - Sync 2 DAGs
[2023-07-23T00:13:07.526+0000] {logging_mixin.py:150} INFO - [2023-07-23T00:13:07.526+0000] {dag.py:3508} INFO - Setting next_dagrun for example_external_task_marker_child to None, run_after=None
[2023-07-23T00:13:07.530+0000] {logging_mixin.py:150} INFO - [2023-07-23T00:13:07.530+0000] {dag.py:3508} INFO - Setting next_dagrun for example_external_task_marker_parent to None, run_after=None
[2023-07-23T00:13:07.541+0000] {processor.py:179} INFO - Processing /home/airflow/.local/lib/python3.7/site-packages/airflow/example_dags/example_external_task_marker_dag.py took 0.069 seconds
[2023-07-23T00:13:37.859+0000] {processor.py:157} INFO - Started process (PID=3096) to work on /home/airflow/.local/lib/python3.7/site-packages/airflow/example_dags/example_external_task_marker_dag.py
[2023-07-23T00:13:37.861+0000] {processor.py:826} INFO - Processing file /home/airflow/.local/lib/python3.7/site-packages/airflow/example_dags/example_external_task_marker_dag.py for tasks to queue
[2023-07-23T00:13:37.862+0000] {logging_mixin.py:150} INFO - [2023-07-23T00:13:37.862+0000] {dagbag.py:541} INFO - Filling up the DagBag from /home/airflow/.local/lib/python3.7/site-packages/airflow/example_dags/example_external_task_marker_dag.py
[2023-07-23T00:13:37.867+0000] {processor.py:836} INFO - DAG(s) dict_keys(['example_external_task_marker_parent', 'example_external_task_marker_child']) retrieved from /home/airflow/.local/lib/python3.7/site-packages/airflow/example_dags/example_external_task_marker_dag.py
[2023-07-23T00:13:37.891+0000] {logging_mixin.py:150} INFO - [2023-07-23T00:13:37.891+0000] {dag.py:2742} INFO - Sync 2 DAGs
[2023-07-23T00:13:37.907+0000] {logging_mixin.py:150} INFO - [2023-07-23T00:13:37.907+0000] {dag.py:3508} INFO - Setting next_dagrun for example_external_task_marker_child to None, run_after=None
[2023-07-23T00:13:37.910+0000] {logging_mixin.py:150} INFO - [2023-07-23T00:13:37.910+0000] {dag.py:3508} INFO - Setting next_dagrun for example_external_task_marker_parent to None, run_after=None
[2023-07-23T00:13:37.920+0000] {processor.py:179} INFO - Processing /home/airflow/.local/lib/python3.7/site-packages/airflow/example_dags/example_external_task_marker_dag.py took 0.065 seconds
[2023-07-23T00:14:08.093+0000] {processor.py:157} INFO - Started process (PID=3161) to work on /home/airflow/.local/lib/python3.7/site-packages/airflow/example_dags/example_external_task_marker_dag.py
[2023-07-23T00:14:08.094+0000] {processor.py:826} INFO - Processing file /home/airflow/.local/lib/python3.7/site-packages/airflow/example_dags/example_external_task_marker_dag.py for tasks to queue
[2023-07-23T00:14:08.095+0000] {logging_mixin.py:150} INFO - [2023-07-23T00:14:08.095+0000] {dagbag.py:541} INFO - Filling up the DagBag from /home/airflow/.local/lib/python3.7/site-packages/airflow/example_dags/example_external_task_marker_dag.py
[2023-07-23T00:14:08.100+0000] {processor.py:836} INFO - DAG(s) dict_keys(['example_external_task_marker_parent', 'example_external_task_marker_child']) retrieved from /home/airflow/.local/lib/python3.7/site-packages/airflow/example_dags/example_external_task_marker_dag.py
[2023-07-23T00:14:08.122+0000] {logging_mixin.py:150} INFO - [2023-07-23T00:14:08.122+0000] {dag.py:2742} INFO - Sync 2 DAGs
[2023-07-23T00:14:08.137+0000] {logging_mixin.py:150} INFO - [2023-07-23T00:14:08.137+0000] {dag.py:3508} INFO - Setting next_dagrun for example_external_task_marker_child to None, run_after=None
[2023-07-23T00:14:08.139+0000] {logging_mixin.py:150} INFO - [2023-07-23T00:14:08.139+0000] {dag.py:3508} INFO - Setting next_dagrun for example_external_task_marker_parent to None, run_after=None
[2023-07-23T00:14:08.148+0000] {processor.py:179} INFO - Processing /home/airflow/.local/lib/python3.7/site-packages/airflow/example_dags/example_external_task_marker_dag.py took 0.058 seconds
[2023-07-23T00:14:39.103+0000] {processor.py:157} INFO - Started process (PID=3224) to work on /home/airflow/.local/lib/python3.7/site-packages/airflow/example_dags/example_external_task_marker_dag.py
[2023-07-23T00:14:39.104+0000] {processor.py:826} INFO - Processing file /home/airflow/.local/lib/python3.7/site-packages/airflow/example_dags/example_external_task_marker_dag.py for tasks to queue
[2023-07-23T00:14:39.105+0000] {logging_mixin.py:150} INFO - [2023-07-23T00:14:39.105+0000] {dagbag.py:541} INFO - Filling up the DagBag from /home/airflow/.local/lib/python3.7/site-packages/airflow/example_dags/example_external_task_marker_dag.py
[2023-07-23T00:14:39.110+0000] {processor.py:836} INFO - DAG(s) dict_keys(['example_external_task_marker_child', 'example_external_task_marker_parent']) retrieved from /home/airflow/.local/lib/python3.7/site-packages/airflow/example_dags/example_external_task_marker_dag.py
[2023-07-23T00:14:39.131+0000] {logging_mixin.py:150} INFO - [2023-07-23T00:14:39.131+0000] {dag.py:2742} INFO - Sync 2 DAGs
[2023-07-23T00:14:39.146+0000] {logging_mixin.py:150} INFO - [2023-07-23T00:14:39.146+0000] {dag.py:3508} INFO - Setting next_dagrun for example_external_task_marker_child to None, run_after=None
[2023-07-23T00:14:39.148+0000] {logging_mixin.py:150} INFO - [2023-07-23T00:14:39.148+0000] {dag.py:3508} INFO - Setting next_dagrun for example_external_task_marker_parent to None, run_after=None
[2023-07-23T00:14:39.159+0000] {processor.py:179} INFO - Processing /home/airflow/.local/lib/python3.7/site-packages/airflow/example_dags/example_external_task_marker_dag.py took 0.058 seconds
[2023-07-23T00:15:10.042+0000] {processor.py:157} INFO - Started process (PID=3286) to work on /home/airflow/.local/lib/python3.7/site-packages/airflow/example_dags/example_external_task_marker_dag.py
[2023-07-23T00:15:10.043+0000] {processor.py:826} INFO - Processing file /home/airflow/.local/lib/python3.7/site-packages/airflow/example_dags/example_external_task_marker_dag.py for tasks to queue
[2023-07-23T00:15:10.044+0000] {logging_mixin.py:150} INFO - [2023-07-23T00:15:10.044+0000] {dagbag.py:541} INFO - Filling up the DagBag from /home/airflow/.local/lib/python3.7/site-packages/airflow/example_dags/example_external_task_marker_dag.py
[2023-07-23T00:15:10.050+0000] {processor.py:836} INFO - DAG(s) dict_keys(['example_external_task_marker_child', 'example_external_task_marker_parent']) retrieved from /home/airflow/.local/lib/python3.7/site-packages/airflow/example_dags/example_external_task_marker_dag.py
[2023-07-23T00:15:10.075+0000] {logging_mixin.py:150} INFO - [2023-07-23T00:15:10.075+0000] {dag.py:2742} INFO - Sync 2 DAGs
[2023-07-23T00:15:10.101+0000] {logging_mixin.py:150} INFO - [2023-07-23T00:15:10.101+0000] {dag.py:3508} INFO - Setting next_dagrun for example_external_task_marker_child to None, run_after=None
[2023-07-23T00:15:10.108+0000] {logging_mixin.py:150} INFO - [2023-07-23T00:15:10.108+0000] {dag.py:3508} INFO - Setting next_dagrun for example_external_task_marker_parent to None, run_after=None
[2023-07-23T00:15:10.120+0000] {processor.py:179} INFO - Processing /home/airflow/.local/lib/python3.7/site-packages/airflow/example_dags/example_external_task_marker_dag.py took 0.081 seconds
[2023-07-23T00:15:41.119+0000] {processor.py:157} INFO - Started process (PID=3356) to work on /home/airflow/.local/lib/python3.7/site-packages/airflow/example_dags/example_external_task_marker_dag.py
[2023-07-23T00:15:41.120+0000] {processor.py:826} INFO - Processing file /home/airflow/.local/lib/python3.7/site-packages/airflow/example_dags/example_external_task_marker_dag.py for tasks to queue
[2023-07-23T00:15:41.121+0000] {logging_mixin.py:150} INFO - [2023-07-23T00:15:41.121+0000] {dagbag.py:541} INFO - Filling up the DagBag from /home/airflow/.local/lib/python3.7/site-packages/airflow/example_dags/example_external_task_marker_dag.py
[2023-07-23T00:15:41.126+0000] {processor.py:836} INFO - DAG(s) dict_keys(['example_external_task_marker_parent', 'example_external_task_marker_child']) retrieved from /home/airflow/.local/lib/python3.7/site-packages/airflow/example_dags/example_external_task_marker_dag.py
[2023-07-23T00:15:41.151+0000] {logging_mixin.py:150} INFO - [2023-07-23T00:15:41.151+0000] {dag.py:2742} INFO - Sync 2 DAGs
[2023-07-23T00:15:41.167+0000] {logging_mixin.py:150} INFO - [2023-07-23T00:15:41.166+0000] {dag.py:3508} INFO - Setting next_dagrun for example_external_task_marker_child to None, run_after=None
[2023-07-23T00:15:41.169+0000] {logging_mixin.py:150} INFO - [2023-07-23T00:15:41.169+0000] {dag.py:3508} INFO - Setting next_dagrun for example_external_task_marker_parent to None, run_after=None
[2023-07-23T00:15:41.182+0000] {processor.py:179} INFO - Processing /home/airflow/.local/lib/python3.7/site-packages/airflow/example_dags/example_external_task_marker_dag.py took 0.066 seconds
[2023-07-23T00:16:12.040+0000] {processor.py:157} INFO - Started process (PID=3420) to work on /home/airflow/.local/lib/python3.7/site-packages/airflow/example_dags/example_external_task_marker_dag.py
[2023-07-23T00:16:12.041+0000] {processor.py:826} INFO - Processing file /home/airflow/.local/lib/python3.7/site-packages/airflow/example_dags/example_external_task_marker_dag.py for tasks to queue
[2023-07-23T00:16:12.042+0000] {logging_mixin.py:150} INFO - [2023-07-23T00:16:12.042+0000] {dagbag.py:541} INFO - Filling up the DagBag from /home/airflow/.local/lib/python3.7/site-packages/airflow/example_dags/example_external_task_marker_dag.py
[2023-07-23T00:16:12.047+0000] {processor.py:836} INFO - DAG(s) dict_keys(['example_external_task_marker_parent', 'example_external_task_marker_child']) retrieved from /home/airflow/.local/lib/python3.7/site-packages/airflow/example_dags/example_external_task_marker_dag.py
[2023-07-23T00:16:12.068+0000] {logging_mixin.py:150} INFO - [2023-07-23T00:16:12.068+0000] {dag.py:2742} INFO - Sync 2 DAGs
[2023-07-23T00:16:12.083+0000] {logging_mixin.py:150} INFO - [2023-07-23T00:16:12.082+0000] {dag.py:3508} INFO - Setting next_dagrun for example_external_task_marker_child to None, run_after=None
[2023-07-23T00:16:12.085+0000] {logging_mixin.py:150} INFO - [2023-07-23T00:16:12.085+0000] {dag.py:3508} INFO - Setting next_dagrun for example_external_task_marker_parent to None, run_after=None
[2023-07-23T00:16:12.094+0000] {processor.py:179} INFO - Processing /home/airflow/.local/lib/python3.7/site-packages/airflow/example_dags/example_external_task_marker_dag.py took 0.056 seconds
[2023-07-23T00:16:42.697+0000] {processor.py:157} INFO - Started process (PID=3485) to work on /home/airflow/.local/lib/python3.7/site-packages/airflow/example_dags/example_external_task_marker_dag.py
[2023-07-23T00:16:42.698+0000] {processor.py:826} INFO - Processing file /home/airflow/.local/lib/python3.7/site-packages/airflow/example_dags/example_external_task_marker_dag.py for tasks to queue
[2023-07-23T00:16:42.699+0000] {logging_mixin.py:150} INFO - [2023-07-23T00:16:42.699+0000] {dagbag.py:541} INFO - Filling up the DagBag from /home/airflow/.local/lib/python3.7/site-packages/airflow/example_dags/example_external_task_marker_dag.py
[2023-07-23T00:16:42.705+0000] {processor.py:836} INFO - DAG(s) dict_keys(['example_external_task_marker_child', 'example_external_task_marker_parent']) retrieved from /home/airflow/.local/lib/python3.7/site-packages/airflow/example_dags/example_external_task_marker_dag.py
[2023-07-23T00:16:42.732+0000] {logging_mixin.py:150} INFO - [2023-07-23T00:16:42.731+0000] {dag.py:2742} INFO - Sync 2 DAGs
[2023-07-23T00:16:42.748+0000] {logging_mixin.py:150} INFO - [2023-07-23T00:16:42.748+0000] {dag.py:3508} INFO - Setting next_dagrun for example_external_task_marker_child to None, run_after=None
[2023-07-23T00:16:42.750+0000] {logging_mixin.py:150} INFO - [2023-07-23T00:16:42.750+0000] {dag.py:3508} INFO - Setting next_dagrun for example_external_task_marker_parent to None, run_after=None
[2023-07-23T00:16:42.760+0000] {processor.py:179} INFO - Processing /home/airflow/.local/lib/python3.7/site-packages/airflow/example_dags/example_external_task_marker_dag.py took 0.066 seconds
[2023-07-23T00:17:14.053+0000] {processor.py:157} INFO - Started process (PID=3548) to work on /home/airflow/.local/lib/python3.7/site-packages/airflow/example_dags/example_external_task_marker_dag.py
[2023-07-23T00:17:14.058+0000] {processor.py:826} INFO - Processing file /home/airflow/.local/lib/python3.7/site-packages/airflow/example_dags/example_external_task_marker_dag.py for tasks to queue
[2023-07-23T00:17:14.060+0000] {logging_mixin.py:150} INFO - [2023-07-23T00:17:14.059+0000] {dagbag.py:541} INFO - Filling up the DagBag from /home/airflow/.local/lib/python3.7/site-packages/airflow/example_dags/example_external_task_marker_dag.py
[2023-07-23T00:17:14.079+0000] {processor.py:836} INFO - DAG(s) dict_keys(['example_external_task_marker_child', 'example_external_task_marker_parent']) retrieved from /home/airflow/.local/lib/python3.7/site-packages/airflow/example_dags/example_external_task_marker_dag.py
[2023-07-23T00:17:14.161+0000] {logging_mixin.py:150} INFO - [2023-07-23T00:17:14.161+0000] {dag.py:2742} INFO - Sync 2 DAGs
[2023-07-23T00:17:14.206+0000] {logging_mixin.py:150} INFO - [2023-07-23T00:17:14.205+0000] {dag.py:3508} INFO - Setting next_dagrun for example_external_task_marker_child to None, run_after=None
[2023-07-23T00:17:14.210+0000] {logging_mixin.py:150} INFO - [2023-07-23T00:17:14.210+0000] {dag.py:3508} INFO - Setting next_dagrun for example_external_task_marker_parent to None, run_after=None
[2023-07-23T00:17:14.230+0000] {processor.py:179} INFO - Processing /home/airflow/.local/lib/python3.7/site-packages/airflow/example_dags/example_external_task_marker_dag.py took 0.186 seconds
[2023-07-23T00:17:44.404+0000] {processor.py:157} INFO - Started process (PID=3611) to work on /home/airflow/.local/lib/python3.7/site-packages/airflow/example_dags/example_external_task_marker_dag.py
[2023-07-23T00:17:44.405+0000] {processor.py:826} INFO - Processing file /home/airflow/.local/lib/python3.7/site-packages/airflow/example_dags/example_external_task_marker_dag.py for tasks to queue
[2023-07-23T00:17:44.406+0000] {logging_mixin.py:150} INFO - [2023-07-23T00:17:44.406+0000] {dagbag.py:541} INFO - Filling up the DagBag from /home/airflow/.local/lib/python3.7/site-packages/airflow/example_dags/example_external_task_marker_dag.py
[2023-07-23T00:17:44.411+0000] {processor.py:836} INFO - DAG(s) dict_keys(['example_external_task_marker_parent', 'example_external_task_marker_child']) retrieved from /home/airflow/.local/lib/python3.7/site-packages/airflow/example_dags/example_external_task_marker_dag.py
[2023-07-23T00:17:44.431+0000] {logging_mixin.py:150} INFO - [2023-07-23T00:17:44.430+0000] {dag.py:2742} INFO - Sync 2 DAGs
[2023-07-23T00:17:44.445+0000] {logging_mixin.py:150} INFO - [2023-07-23T00:17:44.445+0000] {dag.py:3508} INFO - Setting next_dagrun for example_external_task_marker_child to None, run_after=None
[2023-07-23T00:17:44.447+0000] {logging_mixin.py:150} INFO - [2023-07-23T00:17:44.447+0000] {dag.py:3508} INFO - Setting next_dagrun for example_external_task_marker_parent to None, run_after=None
[2023-07-23T00:17:44.456+0000] {processor.py:179} INFO - Processing /home/airflow/.local/lib/python3.7/site-packages/airflow/example_dags/example_external_task_marker_dag.py took 0.054 seconds
[2023-07-23T00:18:14.837+0000] {processor.py:157} INFO - Started process (PID=3674) to work on /home/airflow/.local/lib/python3.7/site-packages/airflow/example_dags/example_external_task_marker_dag.py
[2023-07-23T00:18:14.839+0000] {processor.py:826} INFO - Processing file /home/airflow/.local/lib/python3.7/site-packages/airflow/example_dags/example_external_task_marker_dag.py for tasks to queue
[2023-07-23T00:18:14.840+0000] {logging_mixin.py:150} INFO - [2023-07-23T00:18:14.839+0000] {dagbag.py:541} INFO - Filling up the DagBag from /home/airflow/.local/lib/python3.7/site-packages/airflow/example_dags/example_external_task_marker_dag.py
[2023-07-23T00:18:14.845+0000] {processor.py:836} INFO - DAG(s) dict_keys(['example_external_task_marker_child', 'example_external_task_marker_parent']) retrieved from /home/airflow/.local/lib/python3.7/site-packages/airflow/example_dags/example_external_task_marker_dag.py
[2023-07-23T00:18:14.871+0000] {logging_mixin.py:150} INFO - [2023-07-23T00:18:14.871+0000] {dag.py:2742} INFO - Sync 2 DAGs
[2023-07-23T00:18:14.889+0000] {logging_mixin.py:150} INFO - [2023-07-23T00:18:14.889+0000] {dag.py:3508} INFO - Setting next_dagrun for example_external_task_marker_child to None, run_after=None
[2023-07-23T00:18:14.892+0000] {logging_mixin.py:150} INFO - [2023-07-23T00:18:14.892+0000] {dag.py:3508} INFO - Setting next_dagrun for example_external_task_marker_parent to None, run_after=None
[2023-07-23T00:18:14.902+0000] {processor.py:179} INFO - Processing /home/airflow/.local/lib/python3.7/site-packages/airflow/example_dags/example_external_task_marker_dag.py took 0.067 seconds
[2023-07-23T00:18:45.727+0000] {processor.py:157} INFO - Started process (PID=3736) to work on /home/airflow/.local/lib/python3.7/site-packages/airflow/example_dags/example_external_task_marker_dag.py
[2023-07-23T00:18:45.729+0000] {processor.py:826} INFO - Processing file /home/airflow/.local/lib/python3.7/site-packages/airflow/example_dags/example_external_task_marker_dag.py for tasks to queue
[2023-07-23T00:18:45.730+0000] {logging_mixin.py:150} INFO - [2023-07-23T00:18:45.729+0000] {dagbag.py:541} INFO - Filling up the DagBag from /home/airflow/.local/lib/python3.7/site-packages/airflow/example_dags/example_external_task_marker_dag.py
[2023-07-23T00:18:45.735+0000] {processor.py:836} INFO - DAG(s) dict_keys(['example_external_task_marker_child', 'example_external_task_marker_parent']) retrieved from /home/airflow/.local/lib/python3.7/site-packages/airflow/example_dags/example_external_task_marker_dag.py
[2023-07-23T00:18:45.758+0000] {logging_mixin.py:150} INFO - [2023-07-23T00:18:45.758+0000] {dag.py:2742} INFO - Sync 2 DAGs
[2023-07-23T00:18:45.773+0000] {logging_mixin.py:150} INFO - [2023-07-23T00:18:45.773+0000] {dag.py:3508} INFO - Setting next_dagrun for example_external_task_marker_child to None, run_after=None
[2023-07-23T00:18:45.776+0000] {logging_mixin.py:150} INFO - [2023-07-23T00:18:45.776+0000] {dag.py:3508} INFO - Setting next_dagrun for example_external_task_marker_parent to None, run_after=None
[2023-07-23T00:18:45.785+0000] {processor.py:179} INFO - Processing /home/airflow/.local/lib/python3.7/site-packages/airflow/example_dags/example_external_task_marker_dag.py took 0.060 seconds
[2023-07-23T00:19:15.892+0000] {processor.py:157} INFO - Started process (PID=3800) to work on /home/airflow/.local/lib/python3.7/site-packages/airflow/example_dags/example_external_task_marker_dag.py
[2023-07-23T00:19:15.893+0000] {processor.py:826} INFO - Processing file /home/airflow/.local/lib/python3.7/site-packages/airflow/example_dags/example_external_task_marker_dag.py for tasks to queue
[2023-07-23T00:19:15.894+0000] {logging_mixin.py:150} INFO - [2023-07-23T00:19:15.894+0000] {dagbag.py:541} INFO - Filling up the DagBag from /home/airflow/.local/lib/python3.7/site-packages/airflow/example_dags/example_external_task_marker_dag.py
[2023-07-23T00:19:15.899+0000] {processor.py:836} INFO - DAG(s) dict_keys(['example_external_task_marker_parent', 'example_external_task_marker_child']) retrieved from /home/airflow/.local/lib/python3.7/site-packages/airflow/example_dags/example_external_task_marker_dag.py
[2023-07-23T00:19:15.920+0000] {logging_mixin.py:150} INFO - [2023-07-23T00:19:15.920+0000] {dag.py:2742} INFO - Sync 2 DAGs
[2023-07-23T00:19:15.937+0000] {logging_mixin.py:150} INFO - [2023-07-23T00:19:15.937+0000] {dag.py:3508} INFO - Setting next_dagrun for example_external_task_marker_child to None, run_after=None
[2023-07-23T00:19:15.940+0000] {logging_mixin.py:150} INFO - [2023-07-23T00:19:15.940+0000] {dag.py:3508} INFO - Setting next_dagrun for example_external_task_marker_parent to None, run_after=None
[2023-07-23T00:19:15.950+0000] {processor.py:179} INFO - Processing /home/airflow/.local/lib/python3.7/site-packages/airflow/example_dags/example_external_task_marker_dag.py took 0.060 seconds
[2023-07-23T00:19:47.939+0000] {processor.py:157} INFO - Started process (PID=3863) to work on /home/airflow/.local/lib/python3.7/site-packages/airflow/example_dags/example_external_task_marker_dag.py
[2023-07-23T00:19:47.948+0000] {processor.py:826} INFO - Processing file /home/airflow/.local/lib/python3.7/site-packages/airflow/example_dags/example_external_task_marker_dag.py for tasks to queue
[2023-07-23T00:19:47.955+0000] {logging_mixin.py:150} INFO - [2023-07-23T00:19:47.954+0000] {dagbag.py:541} INFO - Filling up the DagBag from /home/airflow/.local/lib/python3.7/site-packages/airflow/example_dags/example_external_task_marker_dag.py
[2023-07-23T00:19:48.005+0000] {processor.py:836} INFO - DAG(s) dict_keys(['example_external_task_marker_parent', 'example_external_task_marker_child']) retrieved from /home/airflow/.local/lib/python3.7/site-packages/airflow/example_dags/example_external_task_marker_dag.py
[2023-07-23T00:19:48.099+0000] {logging_mixin.py:150} INFO - [2023-07-23T00:19:48.099+0000] {dag.py:2742} INFO - Sync 2 DAGs
[2023-07-23T00:19:48.136+0000] {logging_mixin.py:150} INFO - [2023-07-23T00:19:48.136+0000] {dag.py:3508} INFO - Setting next_dagrun for example_external_task_marker_child to None, run_after=None
[2023-07-23T00:19:48.140+0000] {logging_mixin.py:150} INFO - [2023-07-23T00:19:48.140+0000] {dag.py:3508} INFO - Setting next_dagrun for example_external_task_marker_parent to None, run_after=None
[2023-07-23T00:19:48.157+0000] {processor.py:179} INFO - Processing /home/airflow/.local/lib/python3.7/site-packages/airflow/example_dags/example_external_task_marker_dag.py took 0.224 seconds
[2023-07-23T00:20:18.588+0000] {processor.py:157} INFO - Started process (PID=3926) to work on /home/airflow/.local/lib/python3.7/site-packages/airflow/example_dags/example_external_task_marker_dag.py
[2023-07-23T00:20:18.590+0000] {processor.py:826} INFO - Processing file /home/airflow/.local/lib/python3.7/site-packages/airflow/example_dags/example_external_task_marker_dag.py for tasks to queue
[2023-07-23T00:20:18.591+0000] {logging_mixin.py:150} INFO - [2023-07-23T00:20:18.591+0000] {dagbag.py:541} INFO - Filling up the DagBag from /home/airflow/.local/lib/python3.7/site-packages/airflow/example_dags/example_external_task_marker_dag.py
[2023-07-23T00:20:18.597+0000] {processor.py:836} INFO - DAG(s) dict_keys(['example_external_task_marker_child', 'example_external_task_marker_parent']) retrieved from /home/airflow/.local/lib/python3.7/site-packages/airflow/example_dags/example_external_task_marker_dag.py
[2023-07-23T00:20:18.617+0000] {logging_mixin.py:150} INFO - [2023-07-23T00:20:18.617+0000] {dag.py:2742} INFO - Sync 2 DAGs
[2023-07-23T00:20:18.632+0000] {logging_mixin.py:150} INFO - [2023-07-23T00:20:18.632+0000] {dag.py:3508} INFO - Setting next_dagrun for example_external_task_marker_child to None, run_after=None
[2023-07-23T00:20:18.635+0000] {logging_mixin.py:150} INFO - [2023-07-23T00:20:18.635+0000] {dag.py:3508} INFO - Setting next_dagrun for example_external_task_marker_parent to None, run_after=None
[2023-07-23T00:20:18.643+0000] {processor.py:179} INFO - Processing /home/airflow/.local/lib/python3.7/site-packages/airflow/example_dags/example_external_task_marker_dag.py took 0.059 seconds
[2023-07-23T00:20:49.003+0000] {processor.py:157} INFO - Started process (PID=3988) to work on /home/airflow/.local/lib/python3.7/site-packages/airflow/example_dags/example_external_task_marker_dag.py
[2023-07-23T00:20:49.004+0000] {processor.py:826} INFO - Processing file /home/airflow/.local/lib/python3.7/site-packages/airflow/example_dags/example_external_task_marker_dag.py for tasks to queue
[2023-07-23T00:20:49.006+0000] {logging_mixin.py:150} INFO - [2023-07-23T00:20:49.006+0000] {dagbag.py:541} INFO - Filling up the DagBag from /home/airflow/.local/lib/python3.7/site-packages/airflow/example_dags/example_external_task_marker_dag.py
[2023-07-23T00:20:49.015+0000] {processor.py:836} INFO - DAG(s) dict_keys(['example_external_task_marker_child', 'example_external_task_marker_parent']) retrieved from /home/airflow/.local/lib/python3.7/site-packages/airflow/example_dags/example_external_task_marker_dag.py
[2023-07-23T00:20:49.047+0000] {logging_mixin.py:150} INFO - [2023-07-23T00:20:49.047+0000] {dag.py:2742} INFO - Sync 2 DAGs
[2023-07-23T00:20:49.067+0000] {logging_mixin.py:150} INFO - [2023-07-23T00:20:49.067+0000] {dag.py:3508} INFO - Setting next_dagrun for example_external_task_marker_child to None, run_after=None
[2023-07-23T00:20:49.071+0000] {logging_mixin.py:150} INFO - [2023-07-23T00:20:49.071+0000] {dag.py:3508} INFO - Setting next_dagrun for example_external_task_marker_parent to None, run_after=None
[2023-07-23T00:20:49.085+0000] {processor.py:179} INFO - Processing /home/airflow/.local/lib/python3.7/site-packages/airflow/example_dags/example_external_task_marker_dag.py took 0.086 seconds
[2023-07-23T00:21:19.942+0000] {processor.py:157} INFO - Started process (PID=4046) to work on /home/airflow/.local/lib/python3.7/site-packages/airflow/example_dags/example_external_task_marker_dag.py
[2023-07-23T00:21:19.944+0000] {processor.py:826} INFO - Processing file /home/airflow/.local/lib/python3.7/site-packages/airflow/example_dags/example_external_task_marker_dag.py for tasks to queue
[2023-07-23T00:21:19.946+0000] {logging_mixin.py:150} INFO - [2023-07-23T00:21:19.945+0000] {dagbag.py:541} INFO - Filling up the DagBag from /home/airflow/.local/lib/python3.7/site-packages/airflow/example_dags/example_external_task_marker_dag.py
[2023-07-23T00:21:19.954+0000] {processor.py:836} INFO - DAG(s) dict_keys(['example_external_task_marker_child', 'example_external_task_marker_parent']) retrieved from /home/airflow/.local/lib/python3.7/site-packages/airflow/example_dags/example_external_task_marker_dag.py
[2023-07-23T00:21:19.982+0000] {logging_mixin.py:150} INFO - [2023-07-23T00:21:19.981+0000] {dag.py:2742} INFO - Sync 2 DAGs
[2023-07-23T00:21:19.999+0000] {logging_mixin.py:150} INFO - [2023-07-23T00:21:19.998+0000] {dag.py:3508} INFO - Setting next_dagrun for example_external_task_marker_child to None, run_after=None
[2023-07-23T00:21:20.001+0000] {logging_mixin.py:150} INFO - [2023-07-23T00:21:20.001+0000] {dag.py:3508} INFO - Setting next_dagrun for example_external_task_marker_parent to None, run_after=None
[2023-07-23T00:21:20.013+0000] {processor.py:179} INFO - Processing /home/airflow/.local/lib/python3.7/site-packages/airflow/example_dags/example_external_task_marker_dag.py took 0.077 seconds
[2023-07-23T00:21:50.910+0000] {processor.py:157} INFO - Started process (PID=4108) to work on /home/airflow/.local/lib/python3.7/site-packages/airflow/example_dags/example_external_task_marker_dag.py
[2023-07-23T00:21:50.911+0000] {processor.py:826} INFO - Processing file /home/airflow/.local/lib/python3.7/site-packages/airflow/example_dags/example_external_task_marker_dag.py for tasks to queue
[2023-07-23T00:21:50.912+0000] {logging_mixin.py:150} INFO - [2023-07-23T00:21:50.912+0000] {dagbag.py:541} INFO - Filling up the DagBag from /home/airflow/.local/lib/python3.7/site-packages/airflow/example_dags/example_external_task_marker_dag.py
[2023-07-23T00:21:50.918+0000] {processor.py:836} INFO - DAG(s) dict_keys(['example_external_task_marker_child', 'example_external_task_marker_parent']) retrieved from /home/airflow/.local/lib/python3.7/site-packages/airflow/example_dags/example_external_task_marker_dag.py
[2023-07-23T00:21:50.941+0000] {logging_mixin.py:150} INFO - [2023-07-23T00:21:50.941+0000] {dag.py:2742} INFO - Sync 2 DAGs
[2023-07-23T00:21:50.960+0000] {logging_mixin.py:150} INFO - [2023-07-23T00:21:50.959+0000] {dag.py:3508} INFO - Setting next_dagrun for example_external_task_marker_child to None, run_after=None
[2023-07-23T00:21:50.963+0000] {logging_mixin.py:150} INFO - [2023-07-23T00:21:50.963+0000] {dag.py:3508} INFO - Setting next_dagrun for example_external_task_marker_parent to None, run_after=None
[2023-07-23T00:21:50.975+0000] {processor.py:179} INFO - Processing /home/airflow/.local/lib/python3.7/site-packages/airflow/example_dags/example_external_task_marker_dag.py took 0.067 seconds
[2023-07-23T00:22:21.729+0000] {processor.py:157} INFO - Started process (PID=4171) to work on /home/airflow/.local/lib/python3.7/site-packages/airflow/example_dags/example_external_task_marker_dag.py
[2023-07-23T00:22:21.731+0000] {processor.py:826} INFO - Processing file /home/airflow/.local/lib/python3.7/site-packages/airflow/example_dags/example_external_task_marker_dag.py for tasks to queue
[2023-07-23T00:22:21.733+0000] {logging_mixin.py:150} INFO - [2023-07-23T00:22:21.733+0000] {dagbag.py:541} INFO - Filling up the DagBag from /home/airflow/.local/lib/python3.7/site-packages/airflow/example_dags/example_external_task_marker_dag.py
[2023-07-23T00:22:21.742+0000] {processor.py:836} INFO - DAG(s) dict_keys(['example_external_task_marker_child', 'example_external_task_marker_parent']) retrieved from /home/airflow/.local/lib/python3.7/site-packages/airflow/example_dags/example_external_task_marker_dag.py
[2023-07-23T00:22:21.772+0000] {logging_mixin.py:150} INFO - [2023-07-23T00:22:21.772+0000] {dag.py:2742} INFO - Sync 2 DAGs
[2023-07-23T00:22:21.792+0000] {logging_mixin.py:150} INFO - [2023-07-23T00:22:21.792+0000] {dag.py:3508} INFO - Setting next_dagrun for example_external_task_marker_child to None, run_after=None
[2023-07-23T00:22:21.795+0000] {logging_mixin.py:150} INFO - [2023-07-23T00:22:21.795+0000] {dag.py:3508} INFO - Setting next_dagrun for example_external_task_marker_parent to None, run_after=None
[2023-07-23T00:22:21.819+0000] {processor.py:179} INFO - Processing /home/airflow/.local/lib/python3.7/site-packages/airflow/example_dags/example_external_task_marker_dag.py took 0.096 seconds
[2023-07-23T00:22:52.546+0000] {processor.py:157} INFO - Started process (PID=4234) to work on /home/airflow/.local/lib/python3.7/site-packages/airflow/example_dags/example_external_task_marker_dag.py
[2023-07-23T00:22:52.550+0000] {processor.py:826} INFO - Processing file /home/airflow/.local/lib/python3.7/site-packages/airflow/example_dags/example_external_task_marker_dag.py for tasks to queue
[2023-07-23T00:22:52.552+0000] {logging_mixin.py:150} INFO - [2023-07-23T00:22:52.551+0000] {dagbag.py:541} INFO - Filling up the DagBag from /home/airflow/.local/lib/python3.7/site-packages/airflow/example_dags/example_external_task_marker_dag.py
[2023-07-23T00:22:52.563+0000] {processor.py:836} INFO - DAG(s) dict_keys(['example_external_task_marker_child', 'example_external_task_marker_parent']) retrieved from /home/airflow/.local/lib/python3.7/site-packages/airflow/example_dags/example_external_task_marker_dag.py
[2023-07-23T00:22:52.603+0000] {logging_mixin.py:150} INFO - [2023-07-23T00:22:52.603+0000] {dag.py:2742} INFO - Sync 2 DAGs
[2023-07-23T00:22:52.635+0000] {logging_mixin.py:150} INFO - [2023-07-23T00:22:52.635+0000] {dag.py:3508} INFO - Setting next_dagrun for example_external_task_marker_child to None, run_after=None
[2023-07-23T00:22:52.638+0000] {logging_mixin.py:150} INFO - [2023-07-23T00:22:52.638+0000] {dag.py:3508} INFO - Setting next_dagrun for example_external_task_marker_parent to None, run_after=None
[2023-07-23T00:22:52.655+0000] {processor.py:179} INFO - Processing /home/airflow/.local/lib/python3.7/site-packages/airflow/example_dags/example_external_task_marker_dag.py took 0.116 seconds
[2023-07-23T00:23:22.787+0000] {processor.py:157} INFO - Started process (PID=4298) to work on /home/airflow/.local/lib/python3.7/site-packages/airflow/example_dags/example_external_task_marker_dag.py
[2023-07-23T00:23:22.790+0000] {processor.py:826} INFO - Processing file /home/airflow/.local/lib/python3.7/site-packages/airflow/example_dags/example_external_task_marker_dag.py for tasks to queue
[2023-07-23T00:23:22.792+0000] {logging_mixin.py:150} INFO - [2023-07-23T00:23:22.792+0000] {dagbag.py:541} INFO - Filling up the DagBag from /home/airflow/.local/lib/python3.7/site-packages/airflow/example_dags/example_external_task_marker_dag.py
[2023-07-23T00:23:22.807+0000] {processor.py:836} INFO - DAG(s) dict_keys(['example_external_task_marker_child', 'example_external_task_marker_parent']) retrieved from /home/airflow/.local/lib/python3.7/site-packages/airflow/example_dags/example_external_task_marker_dag.py
[2023-07-23T00:23:22.841+0000] {logging_mixin.py:150} INFO - [2023-07-23T00:23:22.841+0000] {dag.py:2742} INFO - Sync 2 DAGs
[2023-07-23T00:23:22.863+0000] {logging_mixin.py:150} INFO - [2023-07-23T00:23:22.863+0000] {dag.py:3508} INFO - Setting next_dagrun for example_external_task_marker_child to None, run_after=None
[2023-07-23T00:23:22.866+0000] {logging_mixin.py:150} INFO - [2023-07-23T00:23:22.866+0000] {dag.py:3508} INFO - Setting next_dagrun for example_external_task_marker_parent to None, run_after=None
[2023-07-23T00:23:22.878+0000] {processor.py:179} INFO - Processing /home/airflow/.local/lib/python3.7/site-packages/airflow/example_dags/example_external_task_marker_dag.py took 0.098 seconds
[2023-07-23T00:23:53.163+0000] {processor.py:157} INFO - Started process (PID=4361) to work on /home/airflow/.local/lib/python3.7/site-packages/airflow/example_dags/example_external_task_marker_dag.py
[2023-07-23T00:23:53.164+0000] {processor.py:826} INFO - Processing file /home/airflow/.local/lib/python3.7/site-packages/airflow/example_dags/example_external_task_marker_dag.py for tasks to queue
[2023-07-23T00:23:53.166+0000] {logging_mixin.py:150} INFO - [2023-07-23T00:23:53.165+0000] {dagbag.py:541} INFO - Filling up the DagBag from /home/airflow/.local/lib/python3.7/site-packages/airflow/example_dags/example_external_task_marker_dag.py
[2023-07-23T00:23:53.174+0000] {processor.py:836} INFO - DAG(s) dict_keys(['example_external_task_marker_parent', 'example_external_task_marker_child']) retrieved from /home/airflow/.local/lib/python3.7/site-packages/airflow/example_dags/example_external_task_marker_dag.py
[2023-07-23T00:23:53.201+0000] {logging_mixin.py:150} INFO - [2023-07-23T00:23:53.201+0000] {dag.py:2742} INFO - Sync 2 DAGs
[2023-07-23T00:23:53.216+0000] {logging_mixin.py:150} INFO - [2023-07-23T00:23:53.216+0000] {dag.py:3508} INFO - Setting next_dagrun for example_external_task_marker_child to None, run_after=None
[2023-07-23T00:23:53.219+0000] {logging_mixin.py:150} INFO - [2023-07-23T00:23:53.219+0000] {dag.py:3508} INFO - Setting next_dagrun for example_external_task_marker_parent to None, run_after=None
[2023-07-23T00:23:53.228+0000] {processor.py:179} INFO - Processing /home/airflow/.local/lib/python3.7/site-packages/airflow/example_dags/example_external_task_marker_dag.py took 0.070 seconds
[2023-07-23T00:24:23.412+0000] {processor.py:157} INFO - Started process (PID=4425) to work on /home/airflow/.local/lib/python3.7/site-packages/airflow/example_dags/example_external_task_marker_dag.py
[2023-07-23T00:24:23.414+0000] {processor.py:826} INFO - Processing file /home/airflow/.local/lib/python3.7/site-packages/airflow/example_dags/example_external_task_marker_dag.py for tasks to queue
[2023-07-23T00:24:23.415+0000] {logging_mixin.py:150} INFO - [2023-07-23T00:24:23.415+0000] {dagbag.py:541} INFO - Filling up the DagBag from /home/airflow/.local/lib/python3.7/site-packages/airflow/example_dags/example_external_task_marker_dag.py
[2023-07-23T00:24:23.421+0000] {processor.py:836} INFO - DAG(s) dict_keys(['example_external_task_marker_child', 'example_external_task_marker_parent']) retrieved from /home/airflow/.local/lib/python3.7/site-packages/airflow/example_dags/example_external_task_marker_dag.py
[2023-07-23T00:24:23.445+0000] {logging_mixin.py:150} INFO - [2023-07-23T00:24:23.445+0000] {dag.py:2742} INFO - Sync 2 DAGs
[2023-07-23T00:24:23.462+0000] {logging_mixin.py:150} INFO - [2023-07-23T00:24:23.462+0000] {dag.py:3508} INFO - Setting next_dagrun for example_external_task_marker_child to None, run_after=None
[2023-07-23T00:24:23.466+0000] {logging_mixin.py:150} INFO - [2023-07-23T00:24:23.466+0000] {dag.py:3508} INFO - Setting next_dagrun for example_external_task_marker_parent to None, run_after=None
[2023-07-23T00:24:23.550+0000] {processor.py:179} INFO - Processing /home/airflow/.local/lib/python3.7/site-packages/airflow/example_dags/example_external_task_marker_dag.py took 0.142 seconds
[2023-07-23T00:24:54.482+0000] {processor.py:157} INFO - Started process (PID=4488) to work on /home/airflow/.local/lib/python3.7/site-packages/airflow/example_dags/example_external_task_marker_dag.py
[2023-07-23T00:24:54.484+0000] {processor.py:826} INFO - Processing file /home/airflow/.local/lib/python3.7/site-packages/airflow/example_dags/example_external_task_marker_dag.py for tasks to queue
[2023-07-23T00:24:54.486+0000] {logging_mixin.py:150} INFO - [2023-07-23T00:24:54.486+0000] {dagbag.py:541} INFO - Filling up the DagBag from /home/airflow/.local/lib/python3.7/site-packages/airflow/example_dags/example_external_task_marker_dag.py
[2023-07-23T00:24:54.499+0000] {processor.py:836} INFO - DAG(s) dict_keys(['example_external_task_marker_child', 'example_external_task_marker_parent']) retrieved from /home/airflow/.local/lib/python3.7/site-packages/airflow/example_dags/example_external_task_marker_dag.py
[2023-07-23T00:24:54.535+0000] {logging_mixin.py:150} INFO - [2023-07-23T00:24:54.535+0000] {dag.py:2742} INFO - Sync 2 DAGs
[2023-07-23T00:24:54.554+0000] {logging_mixin.py:150} INFO - [2023-07-23T00:24:54.554+0000] {dag.py:3508} INFO - Setting next_dagrun for example_external_task_marker_child to None, run_after=None
[2023-07-23T00:24:54.557+0000] {logging_mixin.py:150} INFO - [2023-07-23T00:24:54.557+0000] {dag.py:3508} INFO - Setting next_dagrun for example_external_task_marker_parent to None, run_after=None
[2023-07-23T00:24:54.568+0000] {processor.py:179} INFO - Processing /home/airflow/.local/lib/python3.7/site-packages/airflow/example_dags/example_external_task_marker_dag.py took 0.092 seconds
[2023-07-23T00:25:24.972+0000] {processor.py:157} INFO - Started process (PID=4552) to work on /home/airflow/.local/lib/python3.7/site-packages/airflow/example_dags/example_external_task_marker_dag.py
[2023-07-23T00:25:24.974+0000] {processor.py:826} INFO - Processing file /home/airflow/.local/lib/python3.7/site-packages/airflow/example_dags/example_external_task_marker_dag.py for tasks to queue
[2023-07-23T00:25:24.976+0000] {logging_mixin.py:150} INFO - [2023-07-23T00:25:24.976+0000] {dagbag.py:541} INFO - Filling up the DagBag from /home/airflow/.local/lib/python3.7/site-packages/airflow/example_dags/example_external_task_marker_dag.py
[2023-07-23T00:25:24.985+0000] {processor.py:836} INFO - DAG(s) dict_keys(['example_external_task_marker_child', 'example_external_task_marker_parent']) retrieved from /home/airflow/.local/lib/python3.7/site-packages/airflow/example_dags/example_external_task_marker_dag.py
[2023-07-23T00:25:25.012+0000] {logging_mixin.py:150} INFO - [2023-07-23T00:25:25.012+0000] {dag.py:2742} INFO - Sync 2 DAGs
[2023-07-23T00:25:25.028+0000] {logging_mixin.py:150} INFO - [2023-07-23T00:25:25.028+0000] {dag.py:3508} INFO - Setting next_dagrun for example_external_task_marker_child to None, run_after=None
[2023-07-23T00:25:25.031+0000] {logging_mixin.py:150} INFO - [2023-07-23T00:25:25.030+0000] {dag.py:3508} INFO - Setting next_dagrun for example_external_task_marker_parent to None, run_after=None
[2023-07-23T00:25:25.041+0000] {processor.py:179} INFO - Processing /home/airflow/.local/lib/python3.7/site-packages/airflow/example_dags/example_external_task_marker_dag.py took 0.074 seconds
[2023-07-23T00:25:56.004+0000] {processor.py:157} INFO - Started process (PID=4615) to work on /home/airflow/.local/lib/python3.7/site-packages/airflow/example_dags/example_external_task_marker_dag.py
[2023-07-23T00:25:56.006+0000] {processor.py:826} INFO - Processing file /home/airflow/.local/lib/python3.7/site-packages/airflow/example_dags/example_external_task_marker_dag.py for tasks to queue
[2023-07-23T00:25:56.008+0000] {logging_mixin.py:150} INFO - [2023-07-23T00:25:56.008+0000] {dagbag.py:541} INFO - Filling up the DagBag from /home/airflow/.local/lib/python3.7/site-packages/airflow/example_dags/example_external_task_marker_dag.py
[2023-07-23T00:25:56.017+0000] {processor.py:836} INFO - DAG(s) dict_keys(['example_external_task_marker_parent', 'example_external_task_marker_child']) retrieved from /home/airflow/.local/lib/python3.7/site-packages/airflow/example_dags/example_external_task_marker_dag.py
[2023-07-23T00:25:56.045+0000] {logging_mixin.py:150} INFO - [2023-07-23T00:25:56.045+0000] {dag.py:2742} INFO - Sync 2 DAGs
[2023-07-23T00:25:56.182+0000] {logging_mixin.py:150} INFO - [2023-07-23T00:25:56.182+0000] {dag.py:3508} INFO - Setting next_dagrun for example_external_task_marker_child to None, run_after=None
[2023-07-23T00:25:56.185+0000] {logging_mixin.py:150} INFO - [2023-07-23T00:25:56.185+0000] {dag.py:3508} INFO - Setting next_dagrun for example_external_task_marker_parent to None, run_after=None
[2023-07-23T00:25:56.193+0000] {processor.py:179} INFO - Processing /home/airflow/.local/lib/python3.7/site-packages/airflow/example_dags/example_external_task_marker_dag.py took 0.196 seconds
[2023-07-23T00:26:27.132+0000] {processor.py:157} INFO - Started process (PID=4678) to work on /home/airflow/.local/lib/python3.7/site-packages/airflow/example_dags/example_external_task_marker_dag.py
[2023-07-23T00:26:27.135+0000] {processor.py:826} INFO - Processing file /home/airflow/.local/lib/python3.7/site-packages/airflow/example_dags/example_external_task_marker_dag.py for tasks to queue
[2023-07-23T00:26:27.137+0000] {logging_mixin.py:150} INFO - [2023-07-23T00:26:27.136+0000] {dagbag.py:541} INFO - Filling up the DagBag from /home/airflow/.local/lib/python3.7/site-packages/airflow/example_dags/example_external_task_marker_dag.py
[2023-07-23T00:26:27.151+0000] {processor.py:836} INFO - DAG(s) dict_keys(['example_external_task_marker_parent', 'example_external_task_marker_child']) retrieved from /home/airflow/.local/lib/python3.7/site-packages/airflow/example_dags/example_external_task_marker_dag.py
[2023-07-23T00:26:27.193+0000] {logging_mixin.py:150} INFO - [2023-07-23T00:26:27.193+0000] {dag.py:2742} INFO - Sync 2 DAGs
[2023-07-23T00:26:27.216+0000] {logging_mixin.py:150} INFO - [2023-07-23T00:26:27.216+0000] {dag.py:3508} INFO - Setting next_dagrun for example_external_task_marker_child to None, run_after=None
[2023-07-23T00:26:27.219+0000] {logging_mixin.py:150} INFO - [2023-07-23T00:26:27.219+0000] {dag.py:3508} INFO - Setting next_dagrun for example_external_task_marker_parent to None, run_after=None
[2023-07-23T00:26:27.232+0000] {processor.py:179} INFO - Processing /home/airflow/.local/lib/python3.7/site-packages/airflow/example_dags/example_external_task_marker_dag.py took 0.111 seconds
[2023-07-23T00:26:57.534+0000] {processor.py:157} INFO - Started process (PID=4741) to work on /home/airflow/.local/lib/python3.7/site-packages/airflow/example_dags/example_external_task_marker_dag.py
[2023-07-23T00:26:57.536+0000] {processor.py:826} INFO - Processing file /home/airflow/.local/lib/python3.7/site-packages/airflow/example_dags/example_external_task_marker_dag.py for tasks to queue
[2023-07-23T00:26:57.537+0000] {logging_mixin.py:150} INFO - [2023-07-23T00:26:57.537+0000] {dagbag.py:541} INFO - Filling up the DagBag from /home/airflow/.local/lib/python3.7/site-packages/airflow/example_dags/example_external_task_marker_dag.py
[2023-07-23T00:26:57.548+0000] {processor.py:836} INFO - DAG(s) dict_keys(['example_external_task_marker_parent', 'example_external_task_marker_child']) retrieved from /home/airflow/.local/lib/python3.7/site-packages/airflow/example_dags/example_external_task_marker_dag.py
[2023-07-23T00:26:57.603+0000] {logging_mixin.py:150} INFO - [2023-07-23T00:26:57.603+0000] {dag.py:2742} INFO - Sync 2 DAGs
[2023-07-23T00:26:57.655+0000] {logging_mixin.py:150} INFO - [2023-07-23T00:26:57.654+0000] {dag.py:3508} INFO - Setting next_dagrun for example_external_task_marker_child to None, run_after=None
[2023-07-23T00:26:57.663+0000] {logging_mixin.py:150} INFO - [2023-07-23T00:26:57.663+0000] {dag.py:3508} INFO - Setting next_dagrun for example_external_task_marker_parent to None, run_after=None
[2023-07-23T00:26:57.682+0000] {processor.py:179} INFO - Processing /home/airflow/.local/lib/python3.7/site-packages/airflow/example_dags/example_external_task_marker_dag.py took 0.154 seconds
[2023-07-23T00:27:28.151+0000] {processor.py:157} INFO - Started process (PID=4804) to work on /home/airflow/.local/lib/python3.7/site-packages/airflow/example_dags/example_external_task_marker_dag.py
[2023-07-23T00:27:28.155+0000] {processor.py:826} INFO - Processing file /home/airflow/.local/lib/python3.7/site-packages/airflow/example_dags/example_external_task_marker_dag.py for tasks to queue
[2023-07-23T00:27:28.161+0000] {logging_mixin.py:150} INFO - [2023-07-23T00:27:28.161+0000] {dagbag.py:541} INFO - Filling up the DagBag from /home/airflow/.local/lib/python3.7/site-packages/airflow/example_dags/example_external_task_marker_dag.py
[2023-07-23T00:27:28.174+0000] {processor.py:836} INFO - DAG(s) dict_keys(['example_external_task_marker_parent', 'example_external_task_marker_child']) retrieved from /home/airflow/.local/lib/python3.7/site-packages/airflow/example_dags/example_external_task_marker_dag.py
[2023-07-23T00:27:28.214+0000] {logging_mixin.py:150} INFO - [2023-07-23T00:27:28.214+0000] {dag.py:2742} INFO - Sync 2 DAGs
[2023-07-23T00:27:28.382+0000] {logging_mixin.py:150} INFO - [2023-07-23T00:27:28.381+0000] {dag.py:3508} INFO - Setting next_dagrun for example_external_task_marker_child to None, run_after=None
[2023-07-23T00:27:28.386+0000] {logging_mixin.py:150} INFO - [2023-07-23T00:27:28.385+0000] {dag.py:3508} INFO - Setting next_dagrun for example_external_task_marker_parent to None, run_after=None
[2023-07-23T00:27:28.396+0000] {processor.py:179} INFO - Processing /home/airflow/.local/lib/python3.7/site-packages/airflow/example_dags/example_external_task_marker_dag.py took 0.252 seconds
