[2023-07-23T00:00:05.319+0000] {processor.py:157} INFO - Started process (PID=1416) to work on /home/airflow/.local/lib/python3.7/site-packages/airflow/example_dags/example_task_group_decorator.py
[2023-07-23T00:00:05.321+0000] {processor.py:826} INFO - Processing file /home/airflow/.local/lib/python3.7/site-packages/airflow/example_dags/example_task_group_decorator.py for tasks to queue
[2023-07-23T00:00:05.326+0000] {logging_mixin.py:150} INFO - [2023-07-23T00:00:05.325+0000] {dagbag.py:541} INFO - Filling up the DagBag from /home/airflow/.local/lib/python3.7/site-packages/airflow/example_dags/example_task_group_decorator.py
[2023-07-23T00:00:05.364+0000] {processor.py:836} INFO - DAG(s) dict_keys(['example_task_group_decorator']) retrieved from /home/airflow/.local/lib/python3.7/site-packages/airflow/example_dags/example_task_group_decorator.py
[2023-07-23T00:00:05.460+0000] {logging_mixin.py:150} INFO - [2023-07-23T00:00:05.460+0000] {dag.py:2742} INFO - Sync 1 DAGs
[2023-07-23T00:00:05.510+0000] {logging_mixin.py:150} INFO - [2023-07-23T00:00:05.509+0000] {dag.py:3508} INFO - Setting next_dagrun for example_task_group_decorator to 2023-07-22T00:00:05.509250+00:00, run_after=2023-07-23T00:00:05.509250+00:00
[2023-07-23T00:00:05.534+0000] {processor.py:179} INFO - Processing /home/airflow/.local/lib/python3.7/site-packages/airflow/example_dags/example_task_group_decorator.py took 0.222 seconds
[2023-07-23T00:00:36.043+0000] {processor.py:157} INFO - Started process (PID=1483) to work on /home/airflow/.local/lib/python3.7/site-packages/airflow/example_dags/example_task_group_decorator.py
[2023-07-23T00:00:36.044+0000] {processor.py:826} INFO - Processing file /home/airflow/.local/lib/python3.7/site-packages/airflow/example_dags/example_task_group_decorator.py for tasks to queue
[2023-07-23T00:00:36.045+0000] {logging_mixin.py:150} INFO - [2023-07-23T00:00:36.045+0000] {dagbag.py:541} INFO - Filling up the DagBag from /home/airflow/.local/lib/python3.7/site-packages/airflow/example_dags/example_task_group_decorator.py
[2023-07-23T00:00:36.056+0000] {processor.py:836} INFO - DAG(s) dict_keys(['example_task_group_decorator']) retrieved from /home/airflow/.local/lib/python3.7/site-packages/airflow/example_dags/example_task_group_decorator.py
[2023-07-23T00:00:36.079+0000] {logging_mixin.py:150} INFO - [2023-07-23T00:00:36.079+0000] {dag.py:2742} INFO - Sync 1 DAGs
[2023-07-23T00:00:36.103+0000] {logging_mixin.py:150} INFO - [2023-07-23T00:00:36.103+0000] {dag.py:3508} INFO - Setting next_dagrun for example_task_group_decorator to 2023-07-22T00:00:36.103074+00:00, run_after=2023-07-23T00:00:36.103074+00:00
[2023-07-23T00:00:36.121+0000] {processor.py:179} INFO - Processing /home/airflow/.local/lib/python3.7/site-packages/airflow/example_dags/example_task_group_decorator.py took 0.081 seconds
[2023-07-23T00:01:06.668+0000] {processor.py:157} INFO - Started process (PID=1546) to work on /home/airflow/.local/lib/python3.7/site-packages/airflow/example_dags/example_task_group_decorator.py
[2023-07-23T00:01:06.669+0000] {processor.py:826} INFO - Processing file /home/airflow/.local/lib/python3.7/site-packages/airflow/example_dags/example_task_group_decorator.py for tasks to queue
[2023-07-23T00:01:06.670+0000] {logging_mixin.py:150} INFO - [2023-07-23T00:01:06.670+0000] {dagbag.py:541} INFO - Filling up the DagBag from /home/airflow/.local/lib/python3.7/site-packages/airflow/example_dags/example_task_group_decorator.py
[2023-07-23T00:01:06.680+0000] {processor.py:836} INFO - DAG(s) dict_keys(['example_task_group_decorator']) retrieved from /home/airflow/.local/lib/python3.7/site-packages/airflow/example_dags/example_task_group_decorator.py
[2023-07-23T00:01:06.700+0000] {logging_mixin.py:150} INFO - [2023-07-23T00:01:06.699+0000] {dag.py:2742} INFO - Sync 1 DAGs
[2023-07-23T00:01:06.714+0000] {logging_mixin.py:150} INFO - [2023-07-23T00:01:06.714+0000] {dag.py:3508} INFO - Setting next_dagrun for example_task_group_decorator to 2023-07-22T00:01:06.714686+00:00, run_after=2023-07-23T00:01:06.714686+00:00
[2023-07-23T00:01:06.726+0000] {processor.py:179} INFO - Processing /home/airflow/.local/lib/python3.7/site-packages/airflow/example_dags/example_task_group_decorator.py took 0.061 seconds
[2023-07-23T00:01:37.178+0000] {processor.py:157} INFO - Started process (PID=1609) to work on /home/airflow/.local/lib/python3.7/site-packages/airflow/example_dags/example_task_group_decorator.py
[2023-07-23T00:01:37.179+0000] {processor.py:826} INFO - Processing file /home/airflow/.local/lib/python3.7/site-packages/airflow/example_dags/example_task_group_decorator.py for tasks to queue
[2023-07-23T00:01:37.180+0000] {logging_mixin.py:150} INFO - [2023-07-23T00:01:37.180+0000] {dagbag.py:541} INFO - Filling up the DagBag from /home/airflow/.local/lib/python3.7/site-packages/airflow/example_dags/example_task_group_decorator.py
[2023-07-23T00:01:37.190+0000] {processor.py:836} INFO - DAG(s) dict_keys(['example_task_group_decorator']) retrieved from /home/airflow/.local/lib/python3.7/site-packages/airflow/example_dags/example_task_group_decorator.py
[2023-07-23T00:01:37.214+0000] {logging_mixin.py:150} INFO - [2023-07-23T00:01:37.214+0000] {dag.py:2742} INFO - Sync 1 DAGs
[2023-07-23T00:01:37.232+0000] {logging_mixin.py:150} INFO - [2023-07-23T00:01:37.232+0000] {dag.py:3508} INFO - Setting next_dagrun for example_task_group_decorator to 2023-07-22T00:01:37.232303+00:00, run_after=2023-07-23T00:01:37.232303+00:00
[2023-07-23T00:01:37.245+0000] {processor.py:179} INFO - Processing /home/airflow/.local/lib/python3.7/site-packages/airflow/example_dags/example_task_group_decorator.py took 0.069 seconds
[2023-07-23T00:02:07.827+0000] {processor.py:157} INFO - Started process (PID=1674) to work on /home/airflow/.local/lib/python3.7/site-packages/airflow/example_dags/example_task_group_decorator.py
[2023-07-23T00:02:07.831+0000] {processor.py:826} INFO - Processing file /home/airflow/.local/lib/python3.7/site-packages/airflow/example_dags/example_task_group_decorator.py for tasks to queue
[2023-07-23T00:02:07.834+0000] {logging_mixin.py:150} INFO - [2023-07-23T00:02:07.834+0000] {dagbag.py:541} INFO - Filling up the DagBag from /home/airflow/.local/lib/python3.7/site-packages/airflow/example_dags/example_task_group_decorator.py
[2023-07-23T00:02:07.856+0000] {processor.py:836} INFO - DAG(s) dict_keys(['example_task_group_decorator']) retrieved from /home/airflow/.local/lib/python3.7/site-packages/airflow/example_dags/example_task_group_decorator.py
[2023-07-23T00:02:07.888+0000] {logging_mixin.py:150} INFO - [2023-07-23T00:02:07.887+0000] {dag.py:2742} INFO - Sync 1 DAGs
[2023-07-23T00:02:07.909+0000] {logging_mixin.py:150} INFO - [2023-07-23T00:02:07.909+0000] {dag.py:3508} INFO - Setting next_dagrun for example_task_group_decorator to 2023-07-22T00:02:07.909200+00:00, run_after=2023-07-23T00:02:07.909200+00:00
[2023-07-23T00:02:07.923+0000] {processor.py:179} INFO - Processing /home/airflow/.local/lib/python3.7/site-packages/airflow/example_dags/example_task_group_decorator.py took 0.109 seconds
[2023-07-23T00:02:38.410+0000] {processor.py:157} INFO - Started process (PID=1740) to work on /home/airflow/.local/lib/python3.7/site-packages/airflow/example_dags/example_task_group_decorator.py
[2023-07-23T00:02:38.411+0000] {processor.py:826} INFO - Processing file /home/airflow/.local/lib/python3.7/site-packages/airflow/example_dags/example_task_group_decorator.py for tasks to queue
[2023-07-23T00:02:38.412+0000] {logging_mixin.py:150} INFO - [2023-07-23T00:02:38.412+0000] {dagbag.py:541} INFO - Filling up the DagBag from /home/airflow/.local/lib/python3.7/site-packages/airflow/example_dags/example_task_group_decorator.py
[2023-07-23T00:02:38.424+0000] {processor.py:836} INFO - DAG(s) dict_keys(['example_task_group_decorator']) retrieved from /home/airflow/.local/lib/python3.7/site-packages/airflow/example_dags/example_task_group_decorator.py
[2023-07-23T00:02:38.455+0000] {logging_mixin.py:150} INFO - [2023-07-23T00:02:38.454+0000] {dag.py:2742} INFO - Sync 1 DAGs
[2023-07-23T00:02:38.480+0000] {logging_mixin.py:150} INFO - [2023-07-23T00:02:38.480+0000] {dag.py:3508} INFO - Setting next_dagrun for example_task_group_decorator to 2023-07-22T00:02:38.479925+00:00, run_after=2023-07-23T00:02:38.479925+00:00
[2023-07-23T00:02:38.493+0000] {processor.py:179} INFO - Processing /home/airflow/.local/lib/python3.7/site-packages/airflow/example_dags/example_task_group_decorator.py took 0.086 seconds
[2023-07-23T00:03:09.088+0000] {processor.py:157} INFO - Started process (PID=1804) to work on /home/airflow/.local/lib/python3.7/site-packages/airflow/example_dags/example_task_group_decorator.py
[2023-07-23T00:03:09.090+0000] {processor.py:826} INFO - Processing file /home/airflow/.local/lib/python3.7/site-packages/airflow/example_dags/example_task_group_decorator.py for tasks to queue
[2023-07-23T00:03:09.091+0000] {logging_mixin.py:150} INFO - [2023-07-23T00:03:09.091+0000] {dagbag.py:541} INFO - Filling up the DagBag from /home/airflow/.local/lib/python3.7/site-packages/airflow/example_dags/example_task_group_decorator.py
[2023-07-23T00:03:09.111+0000] {processor.py:836} INFO - DAG(s) dict_keys(['example_task_group_decorator']) retrieved from /home/airflow/.local/lib/python3.7/site-packages/airflow/example_dags/example_task_group_decorator.py
[2023-07-23T00:03:09.135+0000] {logging_mixin.py:150} INFO - [2023-07-23T00:03:09.135+0000] {dag.py:2742} INFO - Sync 1 DAGs
[2023-07-23T00:03:09.153+0000] {logging_mixin.py:150} INFO - [2023-07-23T00:03:09.153+0000] {dag.py:3508} INFO - Setting next_dagrun for example_task_group_decorator to 2023-07-22T00:03:09.152863+00:00, run_after=2023-07-23T00:03:09.152863+00:00
[2023-07-23T00:03:09.167+0000] {processor.py:179} INFO - Processing /home/airflow/.local/lib/python3.7/site-packages/airflow/example_dags/example_task_group_decorator.py took 0.087 seconds
[2023-07-23T00:03:39.608+0000] {processor.py:157} INFO - Started process (PID=1867) to work on /home/airflow/.local/lib/python3.7/site-packages/airflow/example_dags/example_task_group_decorator.py
[2023-07-23T00:03:39.610+0000] {processor.py:826} INFO - Processing file /home/airflow/.local/lib/python3.7/site-packages/airflow/example_dags/example_task_group_decorator.py for tasks to queue
[2023-07-23T00:03:39.611+0000] {logging_mixin.py:150} INFO - [2023-07-23T00:03:39.611+0000] {dagbag.py:541} INFO - Filling up the DagBag from /home/airflow/.local/lib/python3.7/site-packages/airflow/example_dags/example_task_group_decorator.py
[2023-07-23T00:03:39.627+0000] {processor.py:836} INFO - DAG(s) dict_keys(['example_task_group_decorator']) retrieved from /home/airflow/.local/lib/python3.7/site-packages/airflow/example_dags/example_task_group_decorator.py
[2023-07-23T00:03:39.655+0000] {logging_mixin.py:150} INFO - [2023-07-23T00:03:39.655+0000] {dag.py:2742} INFO - Sync 1 DAGs
[2023-07-23T00:03:39.675+0000] {logging_mixin.py:150} INFO - [2023-07-23T00:03:39.675+0000] {dag.py:3508} INFO - Setting next_dagrun for example_task_group_decorator to 2023-07-22T00:03:39.674779+00:00, run_after=2023-07-23T00:03:39.674779+00:00
[2023-07-23T00:03:39.691+0000] {processor.py:179} INFO - Processing /home/airflow/.local/lib/python3.7/site-packages/airflow/example_dags/example_task_group_decorator.py took 0.088 seconds
[2023-07-23T00:04:10.164+0000] {processor.py:157} INFO - Started process (PID=1931) to work on /home/airflow/.local/lib/python3.7/site-packages/airflow/example_dags/example_task_group_decorator.py
[2023-07-23T00:04:10.165+0000] {processor.py:826} INFO - Processing file /home/airflow/.local/lib/python3.7/site-packages/airflow/example_dags/example_task_group_decorator.py for tasks to queue
[2023-07-23T00:04:10.166+0000] {logging_mixin.py:150} INFO - [2023-07-23T00:04:10.166+0000] {dagbag.py:541} INFO - Filling up the DagBag from /home/airflow/.local/lib/python3.7/site-packages/airflow/example_dags/example_task_group_decorator.py
[2023-07-23T00:04:10.177+0000] {processor.py:836} INFO - DAG(s) dict_keys(['example_task_group_decorator']) retrieved from /home/airflow/.local/lib/python3.7/site-packages/airflow/example_dags/example_task_group_decorator.py
[2023-07-23T00:04:10.196+0000] {logging_mixin.py:150} INFO - [2023-07-23T00:04:10.196+0000] {dag.py:2742} INFO - Sync 1 DAGs
[2023-07-23T00:04:10.212+0000] {logging_mixin.py:150} INFO - [2023-07-23T00:04:10.212+0000] {dag.py:3508} INFO - Setting next_dagrun for example_task_group_decorator to 2023-07-22T00:04:10.212566+00:00, run_after=2023-07-23T00:04:10.212566+00:00
[2023-07-23T00:04:10.224+0000] {processor.py:179} INFO - Processing /home/airflow/.local/lib/python3.7/site-packages/airflow/example_dags/example_task_group_decorator.py took 0.063 seconds
[2023-07-23T00:04:40.853+0000] {processor.py:157} INFO - Started process (PID=1994) to work on /home/airflow/.local/lib/python3.7/site-packages/airflow/example_dags/example_task_group_decorator.py
[2023-07-23T00:04:40.855+0000] {processor.py:826} INFO - Processing file /home/airflow/.local/lib/python3.7/site-packages/airflow/example_dags/example_task_group_decorator.py for tasks to queue
[2023-07-23T00:04:40.856+0000] {logging_mixin.py:150} INFO - [2023-07-23T00:04:40.856+0000] {dagbag.py:541} INFO - Filling up the DagBag from /home/airflow/.local/lib/python3.7/site-packages/airflow/example_dags/example_task_group_decorator.py
[2023-07-23T00:04:40.883+0000] {processor.py:836} INFO - DAG(s) dict_keys(['example_task_group_decorator']) retrieved from /home/airflow/.local/lib/python3.7/site-packages/airflow/example_dags/example_task_group_decorator.py
[2023-07-23T00:04:40.917+0000] {logging_mixin.py:150} INFO - [2023-07-23T00:04:40.917+0000] {dag.py:2742} INFO - Sync 1 DAGs
[2023-07-23T00:04:40.936+0000] {logging_mixin.py:150} INFO - [2023-07-23T00:04:40.936+0000] {dag.py:3508} INFO - Setting next_dagrun for example_task_group_decorator to 2023-07-22T00:04:40.936330+00:00, run_after=2023-07-23T00:04:40.936330+00:00
[2023-07-23T00:04:40.953+0000] {processor.py:179} INFO - Processing /home/airflow/.local/lib/python3.7/site-packages/airflow/example_dags/example_task_group_decorator.py took 0.107 seconds
[2023-07-23T00:05:11.916+0000] {processor.py:157} INFO - Started process (PID=2057) to work on /home/airflow/.local/lib/python3.7/site-packages/airflow/example_dags/example_task_group_decorator.py
[2023-07-23T00:05:11.918+0000] {processor.py:826} INFO - Processing file /home/airflow/.local/lib/python3.7/site-packages/airflow/example_dags/example_task_group_decorator.py for tasks to queue
[2023-07-23T00:05:11.920+0000] {logging_mixin.py:150} INFO - [2023-07-23T00:05:11.920+0000] {dagbag.py:541} INFO - Filling up the DagBag from /home/airflow/.local/lib/python3.7/site-packages/airflow/example_dags/example_task_group_decorator.py
[2023-07-23T00:05:11.943+0000] {processor.py:836} INFO - DAG(s) dict_keys(['example_task_group_decorator']) retrieved from /home/airflow/.local/lib/python3.7/site-packages/airflow/example_dags/example_task_group_decorator.py
[2023-07-23T00:05:11.971+0000] {logging_mixin.py:150} INFO - [2023-07-23T00:05:11.970+0000] {dag.py:2742} INFO - Sync 1 DAGs
[2023-07-23T00:05:11.991+0000] {logging_mixin.py:150} INFO - [2023-07-23T00:05:11.991+0000] {dag.py:3508} INFO - Setting next_dagrun for example_task_group_decorator to 2023-07-22T00:05:11.991018+00:00, run_after=2023-07-23T00:05:11.991018+00:00
[2023-07-23T00:05:12.004+0000] {processor.py:179} INFO - Processing /home/airflow/.local/lib/python3.7/site-packages/airflow/example_dags/example_task_group_decorator.py took 0.097 seconds
[2023-07-23T00:05:42.191+0000] {processor.py:157} INFO - Started process (PID=2119) to work on /home/airflow/.local/lib/python3.7/site-packages/airflow/example_dags/example_task_group_decorator.py
[2023-07-23T00:05:42.193+0000] {processor.py:826} INFO - Processing file /home/airflow/.local/lib/python3.7/site-packages/airflow/example_dags/example_task_group_decorator.py for tasks to queue
[2023-07-23T00:05:42.194+0000] {logging_mixin.py:150} INFO - [2023-07-23T00:05:42.194+0000] {dagbag.py:541} INFO - Filling up the DagBag from /home/airflow/.local/lib/python3.7/site-packages/airflow/example_dags/example_task_group_decorator.py
[2023-07-23T00:05:42.217+0000] {processor.py:836} INFO - DAG(s) dict_keys(['example_task_group_decorator']) retrieved from /home/airflow/.local/lib/python3.7/site-packages/airflow/example_dags/example_task_group_decorator.py
[2023-07-23T00:05:42.244+0000] {logging_mixin.py:150} INFO - [2023-07-23T00:05:42.244+0000] {dag.py:2742} INFO - Sync 1 DAGs
[2023-07-23T00:05:42.260+0000] {logging_mixin.py:150} INFO - [2023-07-23T00:05:42.260+0000] {dag.py:3508} INFO - Setting next_dagrun for example_task_group_decorator to 2023-07-22T00:05:42.260620+00:00, run_after=2023-07-23T00:05:42.260620+00:00
[2023-07-23T00:05:42.273+0000] {processor.py:179} INFO - Processing /home/airflow/.local/lib/python3.7/site-packages/airflow/example_dags/example_task_group_decorator.py took 0.086 seconds
[2023-07-23T00:06:13.073+0000] {processor.py:157} INFO - Started process (PID=2177) to work on /home/airflow/.local/lib/python3.7/site-packages/airflow/example_dags/example_task_group_decorator.py
[2023-07-23T00:06:13.075+0000] {processor.py:826} INFO - Processing file /home/airflow/.local/lib/python3.7/site-packages/airflow/example_dags/example_task_group_decorator.py for tasks to queue
[2023-07-23T00:06:13.076+0000] {logging_mixin.py:150} INFO - [2023-07-23T00:06:13.076+0000] {dagbag.py:541} INFO - Filling up the DagBag from /home/airflow/.local/lib/python3.7/site-packages/airflow/example_dags/example_task_group_decorator.py
[2023-07-23T00:06:13.094+0000] {processor.py:836} INFO - DAG(s) dict_keys(['example_task_group_decorator']) retrieved from /home/airflow/.local/lib/python3.7/site-packages/airflow/example_dags/example_task_group_decorator.py
[2023-07-23T00:06:13.124+0000] {logging_mixin.py:150} INFO - [2023-07-23T00:06:13.124+0000] {dag.py:2742} INFO - Sync 1 DAGs
[2023-07-23T00:06:13.145+0000] {logging_mixin.py:150} INFO - [2023-07-23T00:06:13.145+0000] {dag.py:3508} INFO - Setting next_dagrun for example_task_group_decorator to 2023-07-22T00:06:13.144738+00:00, run_after=2023-07-23T00:06:13.144738+00:00
[2023-07-23T00:06:13.160+0000] {processor.py:179} INFO - Processing /home/airflow/.local/lib/python3.7/site-packages/airflow/example_dags/example_task_group_decorator.py took 0.091 seconds
[2023-07-23T00:06:43.489+0000] {processor.py:157} INFO - Started process (PID=2240) to work on /home/airflow/.local/lib/python3.7/site-packages/airflow/example_dags/example_task_group_decorator.py
[2023-07-23T00:06:43.492+0000] {processor.py:826} INFO - Processing file /home/airflow/.local/lib/python3.7/site-packages/airflow/example_dags/example_task_group_decorator.py for tasks to queue
[2023-07-23T00:06:43.510+0000] {logging_mixin.py:150} INFO - [2023-07-23T00:06:43.509+0000] {dagbag.py:541} INFO - Filling up the DagBag from /home/airflow/.local/lib/python3.7/site-packages/airflow/example_dags/example_task_group_decorator.py
[2023-07-23T00:06:43.612+0000] {processor.py:836} INFO - DAG(s) dict_keys(['example_task_group_decorator']) retrieved from /home/airflow/.local/lib/python3.7/site-packages/airflow/example_dags/example_task_group_decorator.py
[2023-07-23T00:06:43.676+0000] {logging_mixin.py:150} INFO - [2023-07-23T00:06:43.675+0000] {dag.py:2742} INFO - Sync 1 DAGs
[2023-07-23T00:06:43.703+0000] {logging_mixin.py:150} INFO - [2023-07-23T00:06:43.703+0000] {dag.py:3508} INFO - Setting next_dagrun for example_task_group_decorator to 2023-07-22T00:06:43.702503+00:00, run_after=2023-07-23T00:06:43.702503+00:00
[2023-07-23T00:06:43.720+0000] {processor.py:179} INFO - Processing /home/airflow/.local/lib/python3.7/site-packages/airflow/example_dags/example_task_group_decorator.py took 0.235 seconds
[2023-07-23T00:07:13.939+0000] {processor.py:157} INFO - Started process (PID=2303) to work on /home/airflow/.local/lib/python3.7/site-packages/airflow/example_dags/example_task_group_decorator.py
[2023-07-23T00:07:13.945+0000] {processor.py:826} INFO - Processing file /home/airflow/.local/lib/python3.7/site-packages/airflow/example_dags/example_task_group_decorator.py for tasks to queue
[2023-07-23T00:07:13.957+0000] {logging_mixin.py:150} INFO - [2023-07-23T00:07:13.956+0000] {dagbag.py:541} INFO - Filling up the DagBag from /home/airflow/.local/lib/python3.7/site-packages/airflow/example_dags/example_task_group_decorator.py
[2023-07-23T00:07:13.991+0000] {processor.py:836} INFO - DAG(s) dict_keys(['example_task_group_decorator']) retrieved from /home/airflow/.local/lib/python3.7/site-packages/airflow/example_dags/example_task_group_decorator.py
[2023-07-23T00:07:14.029+0000] {logging_mixin.py:150} INFO - [2023-07-23T00:07:14.029+0000] {dag.py:2742} INFO - Sync 1 DAGs
[2023-07-23T00:07:14.052+0000] {logging_mixin.py:150} INFO - [2023-07-23T00:07:14.052+0000] {dag.py:3508} INFO - Setting next_dagrun for example_task_group_decorator to 2023-07-22T00:07:14.052164+00:00, run_after=2023-07-23T00:07:14.052164+00:00
[2023-07-23T00:07:14.070+0000] {processor.py:179} INFO - Processing /home/airflow/.local/lib/python3.7/site-packages/airflow/example_dags/example_task_group_decorator.py took 0.135 seconds
[2023-07-23T00:07:44.255+0000] {processor.py:157} INFO - Started process (PID=2367) to work on /home/airflow/.local/lib/python3.7/site-packages/airflow/example_dags/example_task_group_decorator.py
[2023-07-23T00:07:44.257+0000] {processor.py:826} INFO - Processing file /home/airflow/.local/lib/python3.7/site-packages/airflow/example_dags/example_task_group_decorator.py for tasks to queue
[2023-07-23T00:07:44.259+0000] {logging_mixin.py:150} INFO - [2023-07-23T00:07:44.258+0000] {dagbag.py:541} INFO - Filling up the DagBag from /home/airflow/.local/lib/python3.7/site-packages/airflow/example_dags/example_task_group_decorator.py
[2023-07-23T00:07:44.273+0000] {processor.py:836} INFO - DAG(s) dict_keys(['example_task_group_decorator']) retrieved from /home/airflow/.local/lib/python3.7/site-packages/airflow/example_dags/example_task_group_decorator.py
[2023-07-23T00:07:44.296+0000] {logging_mixin.py:150} INFO - [2023-07-23T00:07:44.296+0000] {dag.py:2742} INFO - Sync 1 DAGs
[2023-07-23T00:07:44.311+0000] {logging_mixin.py:150} INFO - [2023-07-23T00:07:44.311+0000] {dag.py:3508} INFO - Setting next_dagrun for example_task_group_decorator to 2023-07-22T00:07:44.311376+00:00, run_after=2023-07-23T00:07:44.311376+00:00
[2023-07-23T00:07:44.322+0000] {processor.py:179} INFO - Processing /home/airflow/.local/lib/python3.7/site-packages/airflow/example_dags/example_task_group_decorator.py took 0.072 seconds
[2023-07-23T00:08:14.795+0000] {processor.py:157} INFO - Started process (PID=2435) to work on /home/airflow/.local/lib/python3.7/site-packages/airflow/example_dags/example_task_group_decorator.py
[2023-07-23T00:08:14.799+0000] {processor.py:826} INFO - Processing file /home/airflow/.local/lib/python3.7/site-packages/airflow/example_dags/example_task_group_decorator.py for tasks to queue
[2023-07-23T00:08:14.801+0000] {logging_mixin.py:150} INFO - [2023-07-23T00:08:14.800+0000] {dagbag.py:541} INFO - Filling up the DagBag from /home/airflow/.local/lib/python3.7/site-packages/airflow/example_dags/example_task_group_decorator.py
[2023-07-23T00:08:14.821+0000] {processor.py:836} INFO - DAG(s) dict_keys(['example_task_group_decorator']) retrieved from /home/airflow/.local/lib/python3.7/site-packages/airflow/example_dags/example_task_group_decorator.py
[2023-07-23T00:08:14.860+0000] {logging_mixin.py:150} INFO - [2023-07-23T00:08:14.860+0000] {dag.py:2742} INFO - Sync 1 DAGs
[2023-07-23T00:08:14.882+0000] {logging_mixin.py:150} INFO - [2023-07-23T00:08:14.882+0000] {dag.py:3508} INFO - Setting next_dagrun for example_task_group_decorator to 2023-07-22T00:08:14.881919+00:00, run_after=2023-07-23T00:08:14.881919+00:00
[2023-07-23T00:08:14.898+0000] {processor.py:179} INFO - Processing /home/airflow/.local/lib/python3.7/site-packages/airflow/example_dags/example_task_group_decorator.py took 0.106 seconds
[2023-07-23T00:08:45.060+0000] {processor.py:157} INFO - Started process (PID=2498) to work on /home/airflow/.local/lib/python3.7/site-packages/airflow/example_dags/example_task_group_decorator.py
[2023-07-23T00:08:45.062+0000] {processor.py:826} INFO - Processing file /home/airflow/.local/lib/python3.7/site-packages/airflow/example_dags/example_task_group_decorator.py for tasks to queue
[2023-07-23T00:08:45.063+0000] {logging_mixin.py:150} INFO - [2023-07-23T00:08:45.063+0000] {dagbag.py:541} INFO - Filling up the DagBag from /home/airflow/.local/lib/python3.7/site-packages/airflow/example_dags/example_task_group_decorator.py
[2023-07-23T00:08:45.079+0000] {processor.py:836} INFO - DAG(s) dict_keys(['example_task_group_decorator']) retrieved from /home/airflow/.local/lib/python3.7/site-packages/airflow/example_dags/example_task_group_decorator.py
[2023-07-23T00:08:45.105+0000] {logging_mixin.py:150} INFO - [2023-07-23T00:08:45.105+0000] {dag.py:2742} INFO - Sync 1 DAGs
[2023-07-23T00:08:45.120+0000] {logging_mixin.py:150} INFO - [2023-07-23T00:08:45.120+0000] {dag.py:3508} INFO - Setting next_dagrun for example_task_group_decorator to 2023-07-22T00:08:45.120395+00:00, run_after=2023-07-23T00:08:45.120395+00:00
[2023-07-23T00:08:45.132+0000] {processor.py:179} INFO - Processing /home/airflow/.local/lib/python3.7/site-packages/airflow/example_dags/example_task_group_decorator.py took 0.078 seconds
[2023-07-23T00:09:15.961+0000] {processor.py:157} INFO - Started process (PID=2562) to work on /home/airflow/.local/lib/python3.7/site-packages/airflow/example_dags/example_task_group_decorator.py
[2023-07-23T00:09:15.962+0000] {processor.py:826} INFO - Processing file /home/airflow/.local/lib/python3.7/site-packages/airflow/example_dags/example_task_group_decorator.py for tasks to queue
[2023-07-23T00:09:15.963+0000] {logging_mixin.py:150} INFO - [2023-07-23T00:09:15.963+0000] {dagbag.py:541} INFO - Filling up the DagBag from /home/airflow/.local/lib/python3.7/site-packages/airflow/example_dags/example_task_group_decorator.py
[2023-07-23T00:09:15.972+0000] {processor.py:836} INFO - DAG(s) dict_keys(['example_task_group_decorator']) retrieved from /home/airflow/.local/lib/python3.7/site-packages/airflow/example_dags/example_task_group_decorator.py
[2023-07-23T00:09:15.991+0000] {logging_mixin.py:150} INFO - [2023-07-23T00:09:15.990+0000] {dag.py:2742} INFO - Sync 1 DAGs
[2023-07-23T00:09:16.006+0000] {logging_mixin.py:150} INFO - [2023-07-23T00:09:16.006+0000] {dag.py:3508} INFO - Setting next_dagrun for example_task_group_decorator to 2023-07-22T00:09:16.006034+00:00, run_after=2023-07-23T00:09:16.006034+00:00
[2023-07-23T00:09:16.016+0000] {processor.py:179} INFO - Processing /home/airflow/.local/lib/python3.7/site-packages/airflow/example_dags/example_task_group_decorator.py took 0.058 seconds
[2023-07-23T00:09:46.191+0000] {processor.py:157} INFO - Started process (PID=2626) to work on /home/airflow/.local/lib/python3.7/site-packages/airflow/example_dags/example_task_group_decorator.py
[2023-07-23T00:09:46.192+0000] {processor.py:826} INFO - Processing file /home/airflow/.local/lib/python3.7/site-packages/airflow/example_dags/example_task_group_decorator.py for tasks to queue
[2023-07-23T00:09:46.193+0000] {logging_mixin.py:150} INFO - [2023-07-23T00:09:46.193+0000] {dagbag.py:541} INFO - Filling up the DagBag from /home/airflow/.local/lib/python3.7/site-packages/airflow/example_dags/example_task_group_decorator.py
[2023-07-23T00:09:46.203+0000] {processor.py:836} INFO - DAG(s) dict_keys(['example_task_group_decorator']) retrieved from /home/airflow/.local/lib/python3.7/site-packages/airflow/example_dags/example_task_group_decorator.py
[2023-07-23T00:09:46.221+0000] {logging_mixin.py:150} INFO - [2023-07-23T00:09:46.221+0000] {dag.py:2742} INFO - Sync 1 DAGs
[2023-07-23T00:09:46.236+0000] {logging_mixin.py:150} INFO - [2023-07-23T00:09:46.236+0000] {dag.py:3508} INFO - Setting next_dagrun for example_task_group_decorator to 2023-07-22T00:09:46.235977+00:00, run_after=2023-07-23T00:09:46.235977+00:00
[2023-07-23T00:09:46.246+0000] {processor.py:179} INFO - Processing /home/airflow/.local/lib/python3.7/site-packages/airflow/example_dags/example_task_group_decorator.py took 0.057 seconds
[2023-07-23T00:10:16.379+0000] {processor.py:157} INFO - Started process (PID=2689) to work on /home/airflow/.local/lib/python3.7/site-packages/airflow/example_dags/example_task_group_decorator.py
[2023-07-23T00:10:16.380+0000] {processor.py:826} INFO - Processing file /home/airflow/.local/lib/python3.7/site-packages/airflow/example_dags/example_task_group_decorator.py for tasks to queue
[2023-07-23T00:10:16.381+0000] {logging_mixin.py:150} INFO - [2023-07-23T00:10:16.381+0000] {dagbag.py:541} INFO - Filling up the DagBag from /home/airflow/.local/lib/python3.7/site-packages/airflow/example_dags/example_task_group_decorator.py
[2023-07-23T00:10:16.390+0000] {processor.py:836} INFO - DAG(s) dict_keys(['example_task_group_decorator']) retrieved from /home/airflow/.local/lib/python3.7/site-packages/airflow/example_dags/example_task_group_decorator.py
[2023-07-23T00:10:16.409+0000] {logging_mixin.py:150} INFO - [2023-07-23T00:10:16.408+0000] {dag.py:2742} INFO - Sync 1 DAGs
[2023-07-23T00:10:16.423+0000] {logging_mixin.py:150} INFO - [2023-07-23T00:10:16.422+0000] {dag.py:3508} INFO - Setting next_dagrun for example_task_group_decorator to 2023-07-22T00:10:16.422726+00:00, run_after=2023-07-23T00:10:16.422726+00:00
[2023-07-23T00:10:16.433+0000] {processor.py:179} INFO - Processing /home/airflow/.local/lib/python3.7/site-packages/airflow/example_dags/example_task_group_decorator.py took 0.056 seconds
[2023-07-23T00:10:46.702+0000] {processor.py:157} INFO - Started process (PID=2752) to work on /home/airflow/.local/lib/python3.7/site-packages/airflow/example_dags/example_task_group_decorator.py
[2023-07-23T00:10:46.703+0000] {processor.py:826} INFO - Processing file /home/airflow/.local/lib/python3.7/site-packages/airflow/example_dags/example_task_group_decorator.py for tasks to queue
[2023-07-23T00:10:46.704+0000] {logging_mixin.py:150} INFO - [2023-07-23T00:10:46.703+0000] {dagbag.py:541} INFO - Filling up the DagBag from /home/airflow/.local/lib/python3.7/site-packages/airflow/example_dags/example_task_group_decorator.py
[2023-07-23T00:10:46.713+0000] {processor.py:836} INFO - DAG(s) dict_keys(['example_task_group_decorator']) retrieved from /home/airflow/.local/lib/python3.7/site-packages/airflow/example_dags/example_task_group_decorator.py
[2023-07-23T00:10:46.733+0000] {logging_mixin.py:150} INFO - [2023-07-23T00:10:46.733+0000] {dag.py:2742} INFO - Sync 1 DAGs
[2023-07-23T00:10:46.748+0000] {logging_mixin.py:150} INFO - [2023-07-23T00:10:46.748+0000] {dag.py:3508} INFO - Setting next_dagrun for example_task_group_decorator to 2023-07-22T00:10:46.748476+00:00, run_after=2023-07-23T00:10:46.748476+00:00
[2023-07-23T00:10:46.760+0000] {processor.py:179} INFO - Processing /home/airflow/.local/lib/python3.7/site-packages/airflow/example_dags/example_task_group_decorator.py took 0.061 seconds
[2023-07-23T00:11:17.093+0000] {processor.py:157} INFO - Started process (PID=2815) to work on /home/airflow/.local/lib/python3.7/site-packages/airflow/example_dags/example_task_group_decorator.py
[2023-07-23T00:11:17.094+0000] {processor.py:826} INFO - Processing file /home/airflow/.local/lib/python3.7/site-packages/airflow/example_dags/example_task_group_decorator.py for tasks to queue
[2023-07-23T00:11:17.095+0000] {logging_mixin.py:150} INFO - [2023-07-23T00:11:17.095+0000] {dagbag.py:541} INFO - Filling up the DagBag from /home/airflow/.local/lib/python3.7/site-packages/airflow/example_dags/example_task_group_decorator.py
[2023-07-23T00:11:17.104+0000] {processor.py:836} INFO - DAG(s) dict_keys(['example_task_group_decorator']) retrieved from /home/airflow/.local/lib/python3.7/site-packages/airflow/example_dags/example_task_group_decorator.py
[2023-07-23T00:11:17.123+0000] {logging_mixin.py:150} INFO - [2023-07-23T00:11:17.123+0000] {dag.py:2742} INFO - Sync 1 DAGs
[2023-07-23T00:11:17.138+0000] {logging_mixin.py:150} INFO - [2023-07-23T00:11:17.138+0000] {dag.py:3508} INFO - Setting next_dagrun for example_task_group_decorator to 2023-07-22T00:11:17.138270+00:00, run_after=2023-07-23T00:11:17.138270+00:00
[2023-07-23T00:11:17.148+0000] {processor.py:179} INFO - Processing /home/airflow/.local/lib/python3.7/site-packages/airflow/example_dags/example_task_group_decorator.py took 0.058 seconds
[2023-07-23T00:11:47.478+0000] {processor.py:157} INFO - Started process (PID=2877) to work on /home/airflow/.local/lib/python3.7/site-packages/airflow/example_dags/example_task_group_decorator.py
[2023-07-23T00:11:47.479+0000] {processor.py:826} INFO - Processing file /home/airflow/.local/lib/python3.7/site-packages/airflow/example_dags/example_task_group_decorator.py for tasks to queue
[2023-07-23T00:11:47.480+0000] {logging_mixin.py:150} INFO - [2023-07-23T00:11:47.480+0000] {dagbag.py:541} INFO - Filling up the DagBag from /home/airflow/.local/lib/python3.7/site-packages/airflow/example_dags/example_task_group_decorator.py
[2023-07-23T00:11:47.489+0000] {processor.py:836} INFO - DAG(s) dict_keys(['example_task_group_decorator']) retrieved from /home/airflow/.local/lib/python3.7/site-packages/airflow/example_dags/example_task_group_decorator.py
[2023-07-23T00:11:47.508+0000] {logging_mixin.py:150} INFO - [2023-07-23T00:11:47.508+0000] {dag.py:2742} INFO - Sync 1 DAGs
[2023-07-23T00:11:47.522+0000] {logging_mixin.py:150} INFO - [2023-07-23T00:11:47.522+0000] {dag.py:3508} INFO - Setting next_dagrun for example_task_group_decorator to 2023-07-22T00:11:47.522090+00:00, run_after=2023-07-23T00:11:47.522090+00:00
[2023-07-23T00:11:47.532+0000] {processor.py:179} INFO - Processing /home/airflow/.local/lib/python3.7/site-packages/airflow/example_dags/example_task_group_decorator.py took 0.057 seconds
[2023-07-23T00:12:17.982+0000] {processor.py:157} INFO - Started process (PID=2941) to work on /home/airflow/.local/lib/python3.7/site-packages/airflow/example_dags/example_task_group_decorator.py
[2023-07-23T00:12:17.983+0000] {processor.py:826} INFO - Processing file /home/airflow/.local/lib/python3.7/site-packages/airflow/example_dags/example_task_group_decorator.py for tasks to queue
[2023-07-23T00:12:17.984+0000] {logging_mixin.py:150} INFO - [2023-07-23T00:12:17.984+0000] {dagbag.py:541} INFO - Filling up the DagBag from /home/airflow/.local/lib/python3.7/site-packages/airflow/example_dags/example_task_group_decorator.py
[2023-07-23T00:12:17.995+0000] {processor.py:836} INFO - DAG(s) dict_keys(['example_task_group_decorator']) retrieved from /home/airflow/.local/lib/python3.7/site-packages/airflow/example_dags/example_task_group_decorator.py
[2023-07-23T00:12:18.015+0000] {logging_mixin.py:150} INFO - [2023-07-23T00:12:18.015+0000] {dag.py:2742} INFO - Sync 1 DAGs
[2023-07-23T00:12:18.034+0000] {logging_mixin.py:150} INFO - [2023-07-23T00:12:18.034+0000] {dag.py:3508} INFO - Setting next_dagrun for example_task_group_decorator to 2023-07-22T00:12:18.034493+00:00, run_after=2023-07-23T00:12:18.034493+00:00
[2023-07-23T00:12:18.062+0000] {processor.py:179} INFO - Processing /home/airflow/.local/lib/python3.7/site-packages/airflow/example_dags/example_task_group_decorator.py took 0.084 seconds
[2023-07-23T00:12:48.320+0000] {processor.py:157} INFO - Started process (PID=3004) to work on /home/airflow/.local/lib/python3.7/site-packages/airflow/example_dags/example_task_group_decorator.py
[2023-07-23T00:12:48.322+0000] {processor.py:826} INFO - Processing file /home/airflow/.local/lib/python3.7/site-packages/airflow/example_dags/example_task_group_decorator.py for tasks to queue
[2023-07-23T00:12:48.324+0000] {logging_mixin.py:150} INFO - [2023-07-23T00:12:48.323+0000] {dagbag.py:541} INFO - Filling up the DagBag from /home/airflow/.local/lib/python3.7/site-packages/airflow/example_dags/example_task_group_decorator.py
[2023-07-23T00:12:48.343+0000] {processor.py:836} INFO - DAG(s) dict_keys(['example_task_group_decorator']) retrieved from /home/airflow/.local/lib/python3.7/site-packages/airflow/example_dags/example_task_group_decorator.py
[2023-07-23T00:12:48.371+0000] {logging_mixin.py:150} INFO - [2023-07-23T00:12:48.370+0000] {dag.py:2742} INFO - Sync 1 DAGs
[2023-07-23T00:12:48.388+0000] {logging_mixin.py:150} INFO - [2023-07-23T00:12:48.388+0000] {dag.py:3508} INFO - Setting next_dagrun for example_task_group_decorator to 2023-07-22T00:12:48.387818+00:00, run_after=2023-07-23T00:12:48.387818+00:00
[2023-07-23T00:12:48.401+0000] {processor.py:179} INFO - Processing /home/airflow/.local/lib/python3.7/site-packages/airflow/example_dags/example_task_group_decorator.py took 0.086 seconds
[2023-07-23T00:13:18.588+0000] {processor.py:157} INFO - Started process (PID=3067) to work on /home/airflow/.local/lib/python3.7/site-packages/airflow/example_dags/example_task_group_decorator.py
[2023-07-23T00:13:18.589+0000] {processor.py:826} INFO - Processing file /home/airflow/.local/lib/python3.7/site-packages/airflow/example_dags/example_task_group_decorator.py for tasks to queue
[2023-07-23T00:13:18.590+0000] {logging_mixin.py:150} INFO - [2023-07-23T00:13:18.589+0000] {dagbag.py:541} INFO - Filling up the DagBag from /home/airflow/.local/lib/python3.7/site-packages/airflow/example_dags/example_task_group_decorator.py
[2023-07-23T00:13:18.605+0000] {processor.py:836} INFO - DAG(s) dict_keys(['example_task_group_decorator']) retrieved from /home/airflow/.local/lib/python3.7/site-packages/airflow/example_dags/example_task_group_decorator.py
[2023-07-23T00:13:18.630+0000] {logging_mixin.py:150} INFO - [2023-07-23T00:13:18.630+0000] {dag.py:2742} INFO - Sync 1 DAGs
[2023-07-23T00:13:18.652+0000] {logging_mixin.py:150} INFO - [2023-07-23T00:13:18.651+0000] {dag.py:3508} INFO - Setting next_dagrun for example_task_group_decorator to 2023-07-22T00:13:18.651646+00:00, run_after=2023-07-23T00:13:18.651646+00:00
[2023-07-23T00:13:18.666+0000] {processor.py:179} INFO - Processing /home/airflow/.local/lib/python3.7/site-packages/airflow/example_dags/example_task_group_decorator.py took 0.081 seconds
[2023-07-23T00:13:49.626+0000] {processor.py:157} INFO - Started process (PID=3131) to work on /home/airflow/.local/lib/python3.7/site-packages/airflow/example_dags/example_task_group_decorator.py
[2023-07-23T00:13:49.628+0000] {processor.py:826} INFO - Processing file /home/airflow/.local/lib/python3.7/site-packages/airflow/example_dags/example_task_group_decorator.py for tasks to queue
[2023-07-23T00:13:49.629+0000] {logging_mixin.py:150} INFO - [2023-07-23T00:13:49.629+0000] {dagbag.py:541} INFO - Filling up the DagBag from /home/airflow/.local/lib/python3.7/site-packages/airflow/example_dags/example_task_group_decorator.py
[2023-07-23T00:13:49.643+0000] {processor.py:836} INFO - DAG(s) dict_keys(['example_task_group_decorator']) retrieved from /home/airflow/.local/lib/python3.7/site-packages/airflow/example_dags/example_task_group_decorator.py
[2023-07-23T00:13:49.675+0000] {logging_mixin.py:150} INFO - [2023-07-23T00:13:49.675+0000] {dag.py:2742} INFO - Sync 1 DAGs
[2023-07-23T00:13:49.715+0000] {logging_mixin.py:150} INFO - [2023-07-23T00:13:49.715+0000] {dag.py:3508} INFO - Setting next_dagrun for example_task_group_decorator to 2023-07-22T00:13:49.714910+00:00, run_after=2023-07-23T00:13:49.714910+00:00
[2023-07-23T00:13:49.732+0000] {processor.py:179} INFO - Processing /home/airflow/.local/lib/python3.7/site-packages/airflow/example_dags/example_task_group_decorator.py took 0.109 seconds
[2023-07-23T00:14:20.738+0000] {processor.py:157} INFO - Started process (PID=3195) to work on /home/airflow/.local/lib/python3.7/site-packages/airflow/example_dags/example_task_group_decorator.py
[2023-07-23T00:14:20.740+0000] {processor.py:826} INFO - Processing file /home/airflow/.local/lib/python3.7/site-packages/airflow/example_dags/example_task_group_decorator.py for tasks to queue
[2023-07-23T00:14:20.741+0000] {logging_mixin.py:150} INFO - [2023-07-23T00:14:20.741+0000] {dagbag.py:541} INFO - Filling up the DagBag from /home/airflow/.local/lib/python3.7/site-packages/airflow/example_dags/example_task_group_decorator.py
[2023-07-23T00:14:20.757+0000] {processor.py:836} INFO - DAG(s) dict_keys(['example_task_group_decorator']) retrieved from /home/airflow/.local/lib/python3.7/site-packages/airflow/example_dags/example_task_group_decorator.py
[2023-07-23T00:14:20.782+0000] {logging_mixin.py:150} INFO - [2023-07-23T00:14:20.782+0000] {dag.py:2742} INFO - Sync 1 DAGs
[2023-07-23T00:14:20.814+0000] {logging_mixin.py:150} INFO - [2023-07-23T00:14:20.814+0000] {dag.py:3508} INFO - Setting next_dagrun for example_task_group_decorator to 2023-07-22T00:14:20.813792+00:00, run_after=2023-07-23T00:14:20.813792+00:00
[2023-07-23T00:14:20.849+0000] {processor.py:179} INFO - Processing /home/airflow/.local/lib/python3.7/site-packages/airflow/example_dags/example_task_group_decorator.py took 0.116 seconds
[2023-07-23T00:14:51.205+0000] {processor.py:157} INFO - Started process (PID=3257) to work on /home/airflow/.local/lib/python3.7/site-packages/airflow/example_dags/example_task_group_decorator.py
[2023-07-23T00:14:51.209+0000] {processor.py:826} INFO - Processing file /home/airflow/.local/lib/python3.7/site-packages/airflow/example_dags/example_task_group_decorator.py for tasks to queue
[2023-07-23T00:14:51.215+0000] {logging_mixin.py:150} INFO - [2023-07-23T00:14:51.214+0000] {dagbag.py:541} INFO - Filling up the DagBag from /home/airflow/.local/lib/python3.7/site-packages/airflow/example_dags/example_task_group_decorator.py
[2023-07-23T00:14:51.261+0000] {processor.py:836} INFO - DAG(s) dict_keys(['example_task_group_decorator']) retrieved from /home/airflow/.local/lib/python3.7/site-packages/airflow/example_dags/example_task_group_decorator.py
[2023-07-23T00:14:51.296+0000] {logging_mixin.py:150} INFO - [2023-07-23T00:14:51.296+0000] {dag.py:2742} INFO - Sync 1 DAGs
[2023-07-23T00:14:51.336+0000] {logging_mixin.py:150} INFO - [2023-07-23T00:14:51.336+0000] {dag.py:3508} INFO - Setting next_dagrun for example_task_group_decorator to 2023-07-22T00:14:51.336211+00:00, run_after=2023-07-23T00:14:51.336211+00:00
[2023-07-23T00:14:51.357+0000] {processor.py:179} INFO - Processing /home/airflow/.local/lib/python3.7/site-packages/airflow/example_dags/example_task_group_decorator.py took 0.167 seconds
[2023-07-23T00:15:21.525+0000] {processor.py:157} INFO - Started process (PID=3320) to work on /home/airflow/.local/lib/python3.7/site-packages/airflow/example_dags/example_task_group_decorator.py
[2023-07-23T00:15:21.528+0000] {processor.py:826} INFO - Processing file /home/airflow/.local/lib/python3.7/site-packages/airflow/example_dags/example_task_group_decorator.py for tasks to queue
[2023-07-23T00:15:21.530+0000] {logging_mixin.py:150} INFO - [2023-07-23T00:15:21.529+0000] {dagbag.py:541} INFO - Filling up the DagBag from /home/airflow/.local/lib/python3.7/site-packages/airflow/example_dags/example_task_group_decorator.py
[2023-07-23T00:15:21.554+0000] {processor.py:836} INFO - DAG(s) dict_keys(['example_task_group_decorator']) retrieved from /home/airflow/.local/lib/python3.7/site-packages/airflow/example_dags/example_task_group_decorator.py
[2023-07-23T00:15:21.582+0000] {logging_mixin.py:150} INFO - [2023-07-23T00:15:21.582+0000] {dag.py:2742} INFO - Sync 1 DAGs
[2023-07-23T00:15:21.604+0000] {logging_mixin.py:150} INFO - [2023-07-23T00:15:21.604+0000] {dag.py:3508} INFO - Setting next_dagrun for example_task_group_decorator to 2023-07-22T00:15:21.603645+00:00, run_after=2023-07-23T00:15:21.603645+00:00
[2023-07-23T00:15:21.619+0000] {processor.py:179} INFO - Processing /home/airflow/.local/lib/python3.7/site-packages/airflow/example_dags/example_task_group_decorator.py took 0.103 seconds
[2023-07-23T00:15:52.653+0000] {processor.py:157} INFO - Started process (PID=3383) to work on /home/airflow/.local/lib/python3.7/site-packages/airflow/example_dags/example_task_group_decorator.py
[2023-07-23T00:15:52.656+0000] {processor.py:826} INFO - Processing file /home/airflow/.local/lib/python3.7/site-packages/airflow/example_dags/example_task_group_decorator.py for tasks to queue
[2023-07-23T00:15:52.657+0000] {logging_mixin.py:150} INFO - [2023-07-23T00:15:52.657+0000] {dagbag.py:541} INFO - Filling up the DagBag from /home/airflow/.local/lib/python3.7/site-packages/airflow/example_dags/example_task_group_decorator.py
[2023-07-23T00:15:52.677+0000] {processor.py:836} INFO - DAG(s) dict_keys(['example_task_group_decorator']) retrieved from /home/airflow/.local/lib/python3.7/site-packages/airflow/example_dags/example_task_group_decorator.py
[2023-07-23T00:15:52.703+0000] {logging_mixin.py:150} INFO - [2023-07-23T00:15:52.703+0000] {dag.py:2742} INFO - Sync 1 DAGs
[2023-07-23T00:15:52.722+0000] {logging_mixin.py:150} INFO - [2023-07-23T00:15:52.722+0000] {dag.py:3508} INFO - Setting next_dagrun for example_task_group_decorator to 2023-07-22T00:15:52.722165+00:00, run_after=2023-07-23T00:15:52.722165+00:00
[2023-07-23T00:15:52.736+0000] {processor.py:179} INFO - Processing /home/airflow/.local/lib/python3.7/site-packages/airflow/example_dags/example_task_group_decorator.py took 0.091 seconds
[2023-07-23T00:16:23.753+0000] {processor.py:157} INFO - Started process (PID=3447) to work on /home/airflow/.local/lib/python3.7/site-packages/airflow/example_dags/example_task_group_decorator.py
[2023-07-23T00:16:23.760+0000] {processor.py:826} INFO - Processing file /home/airflow/.local/lib/python3.7/site-packages/airflow/example_dags/example_task_group_decorator.py for tasks to queue
[2023-07-23T00:16:23.765+0000] {logging_mixin.py:150} INFO - [2023-07-23T00:16:23.764+0000] {dagbag.py:541} INFO - Filling up the DagBag from /home/airflow/.local/lib/python3.7/site-packages/airflow/example_dags/example_task_group_decorator.py
[2023-07-23T00:16:23.854+0000] {processor.py:836} INFO - DAG(s) dict_keys(['example_task_group_decorator']) retrieved from /home/airflow/.local/lib/python3.7/site-packages/airflow/example_dags/example_task_group_decorator.py
[2023-07-23T00:16:23.885+0000] {logging_mixin.py:150} INFO - [2023-07-23T00:16:23.885+0000] {dag.py:2742} INFO - Sync 1 DAGs
[2023-07-23T00:16:23.907+0000] {logging_mixin.py:150} INFO - [2023-07-23T00:16:23.907+0000] {dag.py:3508} INFO - Setting next_dagrun for example_task_group_decorator to 2023-07-22T00:16:23.907184+00:00, run_after=2023-07-23T00:16:23.907184+00:00
[2023-07-23T00:16:23.934+0000] {processor.py:179} INFO - Processing /home/airflow/.local/lib/python3.7/site-packages/airflow/example_dags/example_task_group_decorator.py took 0.187 seconds
[2023-07-23T00:16:54.989+0000] {processor.py:157} INFO - Started process (PID=3512) to work on /home/airflow/.local/lib/python3.7/site-packages/airflow/example_dags/example_task_group_decorator.py
[2023-07-23T00:16:54.992+0000] {processor.py:826} INFO - Processing file /home/airflow/.local/lib/python3.7/site-packages/airflow/example_dags/example_task_group_decorator.py for tasks to queue
[2023-07-23T00:16:54.995+0000] {logging_mixin.py:150} INFO - [2023-07-23T00:16:54.994+0000] {dagbag.py:541} INFO - Filling up the DagBag from /home/airflow/.local/lib/python3.7/site-packages/airflow/example_dags/example_task_group_decorator.py
[2023-07-23T00:16:55.016+0000] {processor.py:836} INFO - DAG(s) dict_keys(['example_task_group_decorator']) retrieved from /home/airflow/.local/lib/python3.7/site-packages/airflow/example_dags/example_task_group_decorator.py
[2023-07-23T00:16:55.083+0000] {logging_mixin.py:150} INFO - [2023-07-23T00:16:55.082+0000] {dag.py:2742} INFO - Sync 1 DAGs
[2023-07-23T00:16:55.132+0000] {logging_mixin.py:150} INFO - [2023-07-23T00:16:55.132+0000] {dag.py:3508} INFO - Setting next_dagrun for example_task_group_decorator to 2023-07-22T00:16:55.132434+00:00, run_after=2023-07-23T00:16:55.132434+00:00
[2023-07-23T00:16:55.150+0000] {processor.py:179} INFO - Processing /home/airflow/.local/lib/python3.7/site-packages/airflow/example_dags/example_task_group_decorator.py took 0.173 seconds
[2023-07-23T00:17:26.475+0000] {processor.py:157} INFO - Started process (PID=3577) to work on /home/airflow/.local/lib/python3.7/site-packages/airflow/example_dags/example_task_group_decorator.py
[2023-07-23T00:17:26.479+0000] {processor.py:826} INFO - Processing file /home/airflow/.local/lib/python3.7/site-packages/airflow/example_dags/example_task_group_decorator.py for tasks to queue
[2023-07-23T00:17:26.481+0000] {logging_mixin.py:150} INFO - [2023-07-23T00:17:26.480+0000] {dagbag.py:541} INFO - Filling up the DagBag from /home/airflow/.local/lib/python3.7/site-packages/airflow/example_dags/example_task_group_decorator.py
[2023-07-23T00:17:26.511+0000] {processor.py:836} INFO - DAG(s) dict_keys(['example_task_group_decorator']) retrieved from /home/airflow/.local/lib/python3.7/site-packages/airflow/example_dags/example_task_group_decorator.py
[2023-07-23T00:17:26.559+0000] {logging_mixin.py:150} INFO - [2023-07-23T00:17:26.559+0000] {dag.py:2742} INFO - Sync 1 DAGs
[2023-07-23T00:17:26.596+0000] {logging_mixin.py:150} INFO - [2023-07-23T00:17:26.596+0000] {dag.py:3508} INFO - Setting next_dagrun for example_task_group_decorator to 2023-07-22T00:17:26.596059+00:00, run_after=2023-07-23T00:17:26.596059+00:00
[2023-07-23T00:17:26.614+0000] {processor.py:179} INFO - Processing /home/airflow/.local/lib/python3.7/site-packages/airflow/example_dags/example_task_group_decorator.py took 0.153 seconds
[2023-07-23T00:17:57.743+0000] {processor.py:157} INFO - Started process (PID=3640) to work on /home/airflow/.local/lib/python3.7/site-packages/airflow/example_dags/example_task_group_decorator.py
[2023-07-23T00:17:57.746+0000] {processor.py:826} INFO - Processing file /home/airflow/.local/lib/python3.7/site-packages/airflow/example_dags/example_task_group_decorator.py for tasks to queue
[2023-07-23T00:17:57.750+0000] {logging_mixin.py:150} INFO - [2023-07-23T00:17:57.749+0000] {dagbag.py:541} INFO - Filling up the DagBag from /home/airflow/.local/lib/python3.7/site-packages/airflow/example_dags/example_task_group_decorator.py
[2023-07-23T00:17:57.771+0000] {processor.py:836} INFO - DAG(s) dict_keys(['example_task_group_decorator']) retrieved from /home/airflow/.local/lib/python3.7/site-packages/airflow/example_dags/example_task_group_decorator.py
[2023-07-23T00:17:57.844+0000] {logging_mixin.py:150} INFO - [2023-07-23T00:17:57.843+0000] {dag.py:2742} INFO - Sync 1 DAGs
[2023-07-23T00:17:57.865+0000] {logging_mixin.py:150} INFO - [2023-07-23T00:17:57.865+0000] {dag.py:3508} INFO - Setting next_dagrun for example_task_group_decorator to 2023-07-22T00:17:57.865008+00:00, run_after=2023-07-23T00:17:57.865008+00:00
[2023-07-23T00:17:57.893+0000] {processor.py:179} INFO - Processing /home/airflow/.local/lib/python3.7/site-packages/airflow/example_dags/example_task_group_decorator.py took 0.164 seconds
[2023-07-23T00:18:29.143+0000] {processor.py:157} INFO - Started process (PID=3705) to work on /home/airflow/.local/lib/python3.7/site-packages/airflow/example_dags/example_task_group_decorator.py
[2023-07-23T00:18:29.144+0000] {processor.py:826} INFO - Processing file /home/airflow/.local/lib/python3.7/site-packages/airflow/example_dags/example_task_group_decorator.py for tasks to queue
[2023-07-23T00:18:29.145+0000] {logging_mixin.py:150} INFO - [2023-07-23T00:18:29.145+0000] {dagbag.py:541} INFO - Filling up the DagBag from /home/airflow/.local/lib/python3.7/site-packages/airflow/example_dags/example_task_group_decorator.py
[2023-07-23T00:18:29.155+0000] {processor.py:836} INFO - DAG(s) dict_keys(['example_task_group_decorator']) retrieved from /home/airflow/.local/lib/python3.7/site-packages/airflow/example_dags/example_task_group_decorator.py
[2023-07-23T00:18:29.190+0000] {logging_mixin.py:150} INFO - [2023-07-23T00:18:29.189+0000] {dag.py:2742} INFO - Sync 1 DAGs
[2023-07-23T00:18:29.218+0000] {logging_mixin.py:150} INFO - [2023-07-23T00:18:29.218+0000] {dag.py:3508} INFO - Setting next_dagrun for example_task_group_decorator to 2023-07-22T00:18:29.218070+00:00, run_after=2023-07-23T00:18:29.218070+00:00
[2023-07-23T00:18:29.231+0000] {processor.py:179} INFO - Processing /home/airflow/.local/lib/python3.7/site-packages/airflow/example_dags/example_task_group_decorator.py took 0.091 seconds
[2023-07-23T00:18:59.386+0000] {processor.py:157} INFO - Started process (PID=3763) to work on /home/airflow/.local/lib/python3.7/site-packages/airflow/example_dags/example_task_group_decorator.py
[2023-07-23T00:18:59.387+0000] {processor.py:826} INFO - Processing file /home/airflow/.local/lib/python3.7/site-packages/airflow/example_dags/example_task_group_decorator.py for tasks to queue
[2023-07-23T00:18:59.388+0000] {logging_mixin.py:150} INFO - [2023-07-23T00:18:59.387+0000] {dagbag.py:541} INFO - Filling up the DagBag from /home/airflow/.local/lib/python3.7/site-packages/airflow/example_dags/example_task_group_decorator.py
[2023-07-23T00:18:59.397+0000] {processor.py:836} INFO - DAG(s) dict_keys(['example_task_group_decorator']) retrieved from /home/airflow/.local/lib/python3.7/site-packages/airflow/example_dags/example_task_group_decorator.py
[2023-07-23T00:18:59.418+0000] {logging_mixin.py:150} INFO - [2023-07-23T00:18:59.418+0000] {dag.py:2742} INFO - Sync 1 DAGs
[2023-07-23T00:18:59.435+0000] {logging_mixin.py:150} INFO - [2023-07-23T00:18:59.435+0000] {dag.py:3508} INFO - Setting next_dagrun for example_task_group_decorator to 2023-07-22T00:18:59.435558+00:00, run_after=2023-07-23T00:18:59.435558+00:00
[2023-07-23T00:18:59.448+0000] {processor.py:179} INFO - Processing /home/airflow/.local/lib/python3.7/site-packages/airflow/example_dags/example_task_group_decorator.py took 0.064 seconds
[2023-07-23T00:19:30.869+0000] {processor.py:157} INFO - Started process (PID=3832) to work on /home/airflow/.local/lib/python3.7/site-packages/airflow/example_dags/example_task_group_decorator.py
[2023-07-23T00:19:30.870+0000] {processor.py:826} INFO - Processing file /home/airflow/.local/lib/python3.7/site-packages/airflow/example_dags/example_task_group_decorator.py for tasks to queue
[2023-07-23T00:19:30.871+0000] {logging_mixin.py:150} INFO - [2023-07-23T00:19:30.871+0000] {dagbag.py:541} INFO - Filling up the DagBag from /home/airflow/.local/lib/python3.7/site-packages/airflow/example_dags/example_task_group_decorator.py
[2023-07-23T00:19:30.881+0000] {processor.py:836} INFO - DAG(s) dict_keys(['example_task_group_decorator']) retrieved from /home/airflow/.local/lib/python3.7/site-packages/airflow/example_dags/example_task_group_decorator.py
[2023-07-23T00:19:30.903+0000] {logging_mixin.py:150} INFO - [2023-07-23T00:19:30.903+0000] {dag.py:2742} INFO - Sync 1 DAGs
[2023-07-23T00:19:30.919+0000] {logging_mixin.py:150} INFO - [2023-07-23T00:19:30.919+0000] {dag.py:3508} INFO - Setting next_dagrun for example_task_group_decorator to 2023-07-22T00:19:30.919448+00:00, run_after=2023-07-23T00:19:30.919448+00:00
[2023-07-23T00:19:30.932+0000] {processor.py:179} INFO - Processing /home/airflow/.local/lib/python3.7/site-packages/airflow/example_dags/example_task_group_decorator.py took 0.065 seconds
[2023-07-23T00:20:02.065+0000] {processor.py:157} INFO - Started process (PID=3894) to work on /home/airflow/.local/lib/python3.7/site-packages/airflow/example_dags/example_task_group_decorator.py
[2023-07-23T00:20:02.066+0000] {processor.py:826} INFO - Processing file /home/airflow/.local/lib/python3.7/site-packages/airflow/example_dags/example_task_group_decorator.py for tasks to queue
[2023-07-23T00:20:02.068+0000] {logging_mixin.py:150} INFO - [2023-07-23T00:20:02.067+0000] {dagbag.py:541} INFO - Filling up the DagBag from /home/airflow/.local/lib/python3.7/site-packages/airflow/example_dags/example_task_group_decorator.py
[2023-07-23T00:20:02.082+0000] {processor.py:836} INFO - DAG(s) dict_keys(['example_task_group_decorator']) retrieved from /home/airflow/.local/lib/python3.7/site-packages/airflow/example_dags/example_task_group_decorator.py
[2023-07-23T00:20:02.187+0000] {logging_mixin.py:150} INFO - [2023-07-23T00:20:02.187+0000] {dag.py:2742} INFO - Sync 1 DAGs
[2023-07-23T00:20:02.244+0000] {logging_mixin.py:150} INFO - [2023-07-23T00:20:02.244+0000] {dag.py:3508} INFO - Setting next_dagrun for example_task_group_decorator to 2023-07-22T00:20:02.243918+00:00, run_after=2023-07-23T00:20:02.243918+00:00
[2023-07-23T00:20:02.275+0000] {processor.py:179} INFO - Processing /home/airflow/.local/lib/python3.7/site-packages/airflow/example_dags/example_task_group_decorator.py took 0.215 seconds
[2023-07-23T00:20:33.187+0000] {processor.py:157} INFO - Started process (PID=3954) to work on /home/airflow/.local/lib/python3.7/site-packages/airflow/example_dags/example_task_group_decorator.py
[2023-07-23T00:20:33.190+0000] {processor.py:826} INFO - Processing file /home/airflow/.local/lib/python3.7/site-packages/airflow/example_dags/example_task_group_decorator.py for tasks to queue
[2023-07-23T00:20:33.191+0000] {logging_mixin.py:150} INFO - [2023-07-23T00:20:33.191+0000] {dagbag.py:541} INFO - Filling up the DagBag from /home/airflow/.local/lib/python3.7/site-packages/airflow/example_dags/example_task_group_decorator.py
[2023-07-23T00:20:33.212+0000] {processor.py:836} INFO - DAG(s) dict_keys(['example_task_group_decorator']) retrieved from /home/airflow/.local/lib/python3.7/site-packages/airflow/example_dags/example_task_group_decorator.py
[2023-07-23T00:20:33.243+0000] {logging_mixin.py:150} INFO - [2023-07-23T00:20:33.243+0000] {dag.py:2742} INFO - Sync 1 DAGs
[2023-07-23T00:20:33.266+0000] {logging_mixin.py:150} INFO - [2023-07-23T00:20:33.266+0000] {dag.py:3508} INFO - Setting next_dagrun for example_task_group_decorator to 2023-07-22T00:20:33.265887+00:00, run_after=2023-07-23T00:20:33.265887+00:00
[2023-07-23T00:20:33.281+0000] {processor.py:179} INFO - Processing /home/airflow/.local/lib/python3.7/site-packages/airflow/example_dags/example_task_group_decorator.py took 0.101 seconds
[2023-07-23T00:21:03.524+0000] {processor.py:157} INFO - Started process (PID=4017) to work on /home/airflow/.local/lib/python3.7/site-packages/airflow/example_dags/example_task_group_decorator.py
[2023-07-23T00:21:03.526+0000] {processor.py:826} INFO - Processing file /home/airflow/.local/lib/python3.7/site-packages/airflow/example_dags/example_task_group_decorator.py for tasks to queue
[2023-07-23T00:21:03.527+0000] {logging_mixin.py:150} INFO - [2023-07-23T00:21:03.526+0000] {dagbag.py:541} INFO - Filling up the DagBag from /home/airflow/.local/lib/python3.7/site-packages/airflow/example_dags/example_task_group_decorator.py
[2023-07-23T00:21:03.541+0000] {processor.py:836} INFO - DAG(s) dict_keys(['example_task_group_decorator']) retrieved from /home/airflow/.local/lib/python3.7/site-packages/airflow/example_dags/example_task_group_decorator.py
[2023-07-23T00:21:03.564+0000] {logging_mixin.py:150} INFO - [2023-07-23T00:21:03.563+0000] {dag.py:2742} INFO - Sync 1 DAGs
[2023-07-23T00:21:03.580+0000] {logging_mixin.py:150} INFO - [2023-07-23T00:21:03.580+0000] {dag.py:3508} INFO - Setting next_dagrun for example_task_group_decorator to 2023-07-22T00:21:03.579930+00:00, run_after=2023-07-23T00:21:03.579930+00:00
[2023-07-23T00:21:03.592+0000] {processor.py:179} INFO - Processing /home/airflow/.local/lib/python3.7/site-packages/airflow/example_dags/example_task_group_decorator.py took 0.072 seconds
[2023-07-23T00:21:34.049+0000] {processor.py:157} INFO - Started process (PID=4080) to work on /home/airflow/.local/lib/python3.7/site-packages/airflow/example_dags/example_task_group_decorator.py
[2023-07-23T00:21:34.050+0000] {processor.py:826} INFO - Processing file /home/airflow/.local/lib/python3.7/site-packages/airflow/example_dags/example_task_group_decorator.py for tasks to queue
[2023-07-23T00:21:34.051+0000] {logging_mixin.py:150} INFO - [2023-07-23T00:21:34.051+0000] {dagbag.py:541} INFO - Filling up the DagBag from /home/airflow/.local/lib/python3.7/site-packages/airflow/example_dags/example_task_group_decorator.py
[2023-07-23T00:21:34.065+0000] {processor.py:836} INFO - DAG(s) dict_keys(['example_task_group_decorator']) retrieved from /home/airflow/.local/lib/python3.7/site-packages/airflow/example_dags/example_task_group_decorator.py
[2023-07-23T00:21:34.088+0000] {logging_mixin.py:150} INFO - [2023-07-23T00:21:34.088+0000] {dag.py:2742} INFO - Sync 1 DAGs
[2023-07-23T00:21:34.107+0000] {logging_mixin.py:150} INFO - [2023-07-23T00:21:34.107+0000] {dag.py:3508} INFO - Setting next_dagrun for example_task_group_decorator to 2023-07-22T00:21:34.107175+00:00, run_after=2023-07-23T00:21:34.107175+00:00
[2023-07-23T00:21:34.120+0000] {processor.py:179} INFO - Processing /home/airflow/.local/lib/python3.7/site-packages/airflow/example_dags/example_task_group_decorator.py took 0.075 seconds
[2023-07-23T00:22:04.646+0000] {processor.py:157} INFO - Started process (PID=4142) to work on /home/airflow/.local/lib/python3.7/site-packages/airflow/example_dags/example_task_group_decorator.py
[2023-07-23T00:22:04.650+0000] {processor.py:826} INFO - Processing file /home/airflow/.local/lib/python3.7/site-packages/airflow/example_dags/example_task_group_decorator.py for tasks to queue
[2023-07-23T00:22:04.654+0000] {logging_mixin.py:150} INFO - [2023-07-23T00:22:04.653+0000] {dagbag.py:541} INFO - Filling up the DagBag from /home/airflow/.local/lib/python3.7/site-packages/airflow/example_dags/example_task_group_decorator.py
[2023-07-23T00:22:04.684+0000] {processor.py:836} INFO - DAG(s) dict_keys(['example_task_group_decorator']) retrieved from /home/airflow/.local/lib/python3.7/site-packages/airflow/example_dags/example_task_group_decorator.py
[2023-07-23T00:22:04.716+0000] {logging_mixin.py:150} INFO - [2023-07-23T00:22:04.716+0000] {dag.py:2742} INFO - Sync 1 DAGs
[2023-07-23T00:22:04.785+0000] {logging_mixin.py:150} INFO - [2023-07-23T00:22:04.785+0000] {dag.py:3508} INFO - Setting next_dagrun for example_task_group_decorator to 2023-07-22T00:22:04.784900+00:00, run_after=2023-07-23T00:22:04.784900+00:00
[2023-07-23T00:22:04.816+0000] {processor.py:179} INFO - Processing /home/airflow/.local/lib/python3.7/site-packages/airflow/example_dags/example_task_group_decorator.py took 0.180 seconds
[2023-07-23T00:22:35.761+0000] {processor.py:157} INFO - Started process (PID=4205) to work on /home/airflow/.local/lib/python3.7/site-packages/airflow/example_dags/example_task_group_decorator.py
[2023-07-23T00:22:35.763+0000] {processor.py:826} INFO - Processing file /home/airflow/.local/lib/python3.7/site-packages/airflow/example_dags/example_task_group_decorator.py for tasks to queue
[2023-07-23T00:22:35.764+0000] {logging_mixin.py:150} INFO - [2023-07-23T00:22:35.764+0000] {dagbag.py:541} INFO - Filling up the DagBag from /home/airflow/.local/lib/python3.7/site-packages/airflow/example_dags/example_task_group_decorator.py
[2023-07-23T00:22:35.779+0000] {processor.py:836} INFO - DAG(s) dict_keys(['example_task_group_decorator']) retrieved from /home/airflow/.local/lib/python3.7/site-packages/airflow/example_dags/example_task_group_decorator.py
[2023-07-23T00:22:35.800+0000] {logging_mixin.py:150} INFO - [2023-07-23T00:22:35.800+0000] {dag.py:2742} INFO - Sync 1 DAGs
[2023-07-23T00:22:35.816+0000] {logging_mixin.py:150} INFO - [2023-07-23T00:22:35.816+0000] {dag.py:3508} INFO - Setting next_dagrun for example_task_group_decorator to 2023-07-22T00:22:35.816053+00:00, run_after=2023-07-23T00:22:35.816053+00:00
[2023-07-23T00:22:35.833+0000] {processor.py:179} INFO - Processing /home/airflow/.local/lib/python3.7/site-packages/airflow/example_dags/example_task_group_decorator.py took 0.076 seconds
[2023-07-23T00:23:05.902+0000] {processor.py:157} INFO - Started process (PID=4268) to work on /home/airflow/.local/lib/python3.7/site-packages/airflow/example_dags/example_task_group_decorator.py
[2023-07-23T00:23:05.904+0000] {processor.py:826} INFO - Processing file /home/airflow/.local/lib/python3.7/site-packages/airflow/example_dags/example_task_group_decorator.py for tasks to queue
[2023-07-23T00:23:05.905+0000] {logging_mixin.py:150} INFO - [2023-07-23T00:23:05.905+0000] {dagbag.py:541} INFO - Filling up the DagBag from /home/airflow/.local/lib/python3.7/site-packages/airflow/example_dags/example_task_group_decorator.py
[2023-07-23T00:23:05.916+0000] {processor.py:836} INFO - DAG(s) dict_keys(['example_task_group_decorator']) retrieved from /home/airflow/.local/lib/python3.7/site-packages/airflow/example_dags/example_task_group_decorator.py
[2023-07-23T00:23:05.936+0000] {logging_mixin.py:150} INFO - [2023-07-23T00:23:05.936+0000] {dag.py:2742} INFO - Sync 1 DAGs
[2023-07-23T00:23:05.954+0000] {logging_mixin.py:150} INFO - [2023-07-23T00:23:05.953+0000] {dag.py:3508} INFO - Setting next_dagrun for example_task_group_decorator to 2023-07-22T00:23:05.953679+00:00, run_after=2023-07-23T00:23:05.953679+00:00
[2023-07-23T00:23:05.965+0000] {processor.py:179} INFO - Processing /home/airflow/.local/lib/python3.7/site-packages/airflow/example_dags/example_task_group_decorator.py took 0.065 seconds
[2023-07-23T00:23:36.222+0000] {processor.py:157} INFO - Started process (PID=4332) to work on /home/airflow/.local/lib/python3.7/site-packages/airflow/example_dags/example_task_group_decorator.py
[2023-07-23T00:23:36.225+0000] {processor.py:826} INFO - Processing file /home/airflow/.local/lib/python3.7/site-packages/airflow/example_dags/example_task_group_decorator.py for tasks to queue
[2023-07-23T00:23:36.228+0000] {logging_mixin.py:150} INFO - [2023-07-23T00:23:36.227+0000] {dagbag.py:541} INFO - Filling up the DagBag from /home/airflow/.local/lib/python3.7/site-packages/airflow/example_dags/example_task_group_decorator.py
[2023-07-23T00:23:36.247+0000] {processor.py:836} INFO - DAG(s) dict_keys(['example_task_group_decorator']) retrieved from /home/airflow/.local/lib/python3.7/site-packages/airflow/example_dags/example_task_group_decorator.py
[2023-07-23T00:23:36.271+0000] {logging_mixin.py:150} INFO - [2023-07-23T00:23:36.271+0000] {dag.py:2742} INFO - Sync 1 DAGs
[2023-07-23T00:23:36.287+0000] {logging_mixin.py:150} INFO - [2023-07-23T00:23:36.287+0000] {dag.py:3508} INFO - Setting next_dagrun for example_task_group_decorator to 2023-07-22T00:23:36.286987+00:00, run_after=2023-07-23T00:23:36.286987+00:00
[2023-07-23T00:23:36.299+0000] {processor.py:179} INFO - Processing /home/airflow/.local/lib/python3.7/site-packages/airflow/example_dags/example_task_group_decorator.py took 0.083 seconds
[2023-07-23T00:24:06.385+0000] {processor.py:157} INFO - Started process (PID=4395) to work on /home/airflow/.local/lib/python3.7/site-packages/airflow/example_dags/example_task_group_decorator.py
[2023-07-23T00:24:06.387+0000] {processor.py:826} INFO - Processing file /home/airflow/.local/lib/python3.7/site-packages/airflow/example_dags/example_task_group_decorator.py for tasks to queue
[2023-07-23T00:24:06.389+0000] {logging_mixin.py:150} INFO - [2023-07-23T00:24:06.388+0000] {dagbag.py:541} INFO - Filling up the DagBag from /home/airflow/.local/lib/python3.7/site-packages/airflow/example_dags/example_task_group_decorator.py
[2023-07-23T00:24:06.404+0000] {processor.py:836} INFO - DAG(s) dict_keys(['example_task_group_decorator']) retrieved from /home/airflow/.local/lib/python3.7/site-packages/airflow/example_dags/example_task_group_decorator.py
[2023-07-23T00:24:06.432+0000] {logging_mixin.py:150} INFO - [2023-07-23T00:24:06.431+0000] {dag.py:2742} INFO - Sync 1 DAGs
[2023-07-23T00:24:06.459+0000] {logging_mixin.py:150} INFO - [2023-07-23T00:24:06.459+0000] {dag.py:3508} INFO - Setting next_dagrun for example_task_group_decorator to 2023-07-22T00:24:06.459114+00:00, run_after=2023-07-23T00:24:06.459114+00:00
[2023-07-23T00:24:06.474+0000] {processor.py:179} INFO - Processing /home/airflow/.local/lib/python3.7/site-packages/airflow/example_dags/example_task_group_decorator.py took 0.094 seconds
[2023-07-23T00:24:36.565+0000] {processor.py:157} INFO - Started process (PID=4459) to work on /home/airflow/.local/lib/python3.7/site-packages/airflow/example_dags/example_task_group_decorator.py
[2023-07-23T00:24:36.567+0000] {processor.py:826} INFO - Processing file /home/airflow/.local/lib/python3.7/site-packages/airflow/example_dags/example_task_group_decorator.py for tasks to queue
[2023-07-23T00:24:36.568+0000] {logging_mixin.py:150} INFO - [2023-07-23T00:24:36.568+0000] {dagbag.py:541} INFO - Filling up the DagBag from /home/airflow/.local/lib/python3.7/site-packages/airflow/example_dags/example_task_group_decorator.py
[2023-07-23T00:24:36.584+0000] {processor.py:836} INFO - DAG(s) dict_keys(['example_task_group_decorator']) retrieved from /home/airflow/.local/lib/python3.7/site-packages/airflow/example_dags/example_task_group_decorator.py
[2023-07-23T00:24:36.625+0000] {logging_mixin.py:150} INFO - [2023-07-23T00:24:36.625+0000] {dag.py:2742} INFO - Sync 1 DAGs
[2023-07-23T00:24:36.654+0000] {logging_mixin.py:150} INFO - [2023-07-23T00:24:36.654+0000] {dag.py:3508} INFO - Setting next_dagrun for example_task_group_decorator to 2023-07-22T00:24:36.654209+00:00, run_after=2023-07-23T00:24:36.654209+00:00
[2023-07-23T00:24:36.669+0000] {processor.py:179} INFO - Processing /home/airflow/.local/lib/python3.7/site-packages/airflow/example_dags/example_task_group_decorator.py took 0.109 seconds
[2023-07-23T00:25:07.600+0000] {processor.py:157} INFO - Started process (PID=4522) to work on /home/airflow/.local/lib/python3.7/site-packages/airflow/example_dags/example_task_group_decorator.py
[2023-07-23T00:25:07.604+0000] {processor.py:826} INFO - Processing file /home/airflow/.local/lib/python3.7/site-packages/airflow/example_dags/example_task_group_decorator.py for tasks to queue
[2023-07-23T00:25:07.605+0000] {logging_mixin.py:150} INFO - [2023-07-23T00:25:07.604+0000] {dagbag.py:541} INFO - Filling up the DagBag from /home/airflow/.local/lib/python3.7/site-packages/airflow/example_dags/example_task_group_decorator.py
[2023-07-23T00:25:07.641+0000] {processor.py:836} INFO - DAG(s) dict_keys(['example_task_group_decorator']) retrieved from /home/airflow/.local/lib/python3.7/site-packages/airflow/example_dags/example_task_group_decorator.py
[2023-07-23T00:25:07.691+0000] {logging_mixin.py:150} INFO - [2023-07-23T00:25:07.691+0000] {dag.py:2742} INFO - Sync 1 DAGs
[2023-07-23T00:25:07.720+0000] {logging_mixin.py:150} INFO - [2023-07-23T00:25:07.720+0000] {dag.py:3508} INFO - Setting next_dagrun for example_task_group_decorator to 2023-07-22T00:25:07.719695+00:00, run_after=2023-07-23T00:25:07.719695+00:00
[2023-07-23T00:25:07.752+0000] {processor.py:179} INFO - Processing /home/airflow/.local/lib/python3.7/site-packages/airflow/example_dags/example_task_group_decorator.py took 0.159 seconds
[2023-07-23T00:25:38.546+0000] {processor.py:157} INFO - Started process (PID=4586) to work on /home/airflow/.local/lib/python3.7/site-packages/airflow/example_dags/example_task_group_decorator.py
[2023-07-23T00:25:38.549+0000] {processor.py:826} INFO - Processing file /home/airflow/.local/lib/python3.7/site-packages/airflow/example_dags/example_task_group_decorator.py for tasks to queue
[2023-07-23T00:25:38.550+0000] {logging_mixin.py:150} INFO - [2023-07-23T00:25:38.550+0000] {dagbag.py:541} INFO - Filling up the DagBag from /home/airflow/.local/lib/python3.7/site-packages/airflow/example_dags/example_task_group_decorator.py
[2023-07-23T00:25:38.568+0000] {processor.py:836} INFO - DAG(s) dict_keys(['example_task_group_decorator']) retrieved from /home/airflow/.local/lib/python3.7/site-packages/airflow/example_dags/example_task_group_decorator.py
[2023-07-23T00:25:38.597+0000] {logging_mixin.py:150} INFO - [2023-07-23T00:25:38.597+0000] {dag.py:2742} INFO - Sync 1 DAGs
[2023-07-23T00:25:38.617+0000] {logging_mixin.py:150} INFO - [2023-07-23T00:25:38.616+0000] {dag.py:3508} INFO - Setting next_dagrun for example_task_group_decorator to 2023-07-22T00:25:38.616700+00:00, run_after=2023-07-23T00:25:38.616700+00:00
[2023-07-23T00:25:38.630+0000] {processor.py:179} INFO - Processing /home/airflow/.local/lib/python3.7/site-packages/airflow/example_dags/example_task_group_decorator.py took 0.086 seconds
[2023-07-23T00:26:09.386+0000] {processor.py:157} INFO - Started process (PID=4649) to work on /home/airflow/.local/lib/python3.7/site-packages/airflow/example_dags/example_task_group_decorator.py
[2023-07-23T00:26:09.390+0000] {processor.py:826} INFO - Processing file /home/airflow/.local/lib/python3.7/site-packages/airflow/example_dags/example_task_group_decorator.py for tasks to queue
[2023-07-23T00:26:09.394+0000] {logging_mixin.py:150} INFO - [2023-07-23T00:26:09.392+0000] {dagbag.py:541} INFO - Filling up the DagBag from /home/airflow/.local/lib/python3.7/site-packages/airflow/example_dags/example_task_group_decorator.py
[2023-07-23T00:26:09.415+0000] {processor.py:836} INFO - DAG(s) dict_keys(['example_task_group_decorator']) retrieved from /home/airflow/.local/lib/python3.7/site-packages/airflow/example_dags/example_task_group_decorator.py
[2023-07-23T00:26:09.441+0000] {logging_mixin.py:150} INFO - [2023-07-23T00:26:09.441+0000] {dag.py:2742} INFO - Sync 1 DAGs
[2023-07-23T00:26:09.470+0000] {logging_mixin.py:150} INFO - [2023-07-23T00:26:09.470+0000] {dag.py:3508} INFO - Setting next_dagrun for example_task_group_decorator to 2023-07-22T00:26:09.469882+00:00, run_after=2023-07-23T00:26:09.469882+00:00
[2023-07-23T00:26:09.485+0000] {processor.py:179} INFO - Processing /home/airflow/.local/lib/python3.7/site-packages/airflow/example_dags/example_task_group_decorator.py took 0.109 seconds
[2023-07-23T00:26:39.582+0000] {processor.py:157} INFO - Started process (PID=4712) to work on /home/airflow/.local/lib/python3.7/site-packages/airflow/example_dags/example_task_group_decorator.py
[2023-07-23T00:26:39.584+0000] {processor.py:826} INFO - Processing file /home/airflow/.local/lib/python3.7/site-packages/airflow/example_dags/example_task_group_decorator.py for tasks to queue
[2023-07-23T00:26:39.585+0000] {logging_mixin.py:150} INFO - [2023-07-23T00:26:39.584+0000] {dagbag.py:541} INFO - Filling up the DagBag from /home/airflow/.local/lib/python3.7/site-packages/airflow/example_dags/example_task_group_decorator.py
[2023-07-23T00:26:39.601+0000] {processor.py:836} INFO - DAG(s) dict_keys(['example_task_group_decorator']) retrieved from /home/airflow/.local/lib/python3.7/site-packages/airflow/example_dags/example_task_group_decorator.py
[2023-07-23T00:26:39.629+0000] {logging_mixin.py:150} INFO - [2023-07-23T00:26:39.628+0000] {dag.py:2742} INFO - Sync 1 DAGs
[2023-07-23T00:26:39.658+0000] {logging_mixin.py:150} INFO - [2023-07-23T00:26:39.658+0000] {dag.py:3508} INFO - Setting next_dagrun for example_task_group_decorator to 2023-07-22T00:26:39.658149+00:00, run_after=2023-07-23T00:26:39.658149+00:00
[2023-07-23T00:26:39.676+0000] {processor.py:179} INFO - Processing /home/airflow/.local/lib/python3.7/site-packages/airflow/example_dags/example_task_group_decorator.py took 0.097 seconds
[2023-07-23T00:27:09.966+0000] {processor.py:157} INFO - Started process (PID=4775) to work on /home/airflow/.local/lib/python3.7/site-packages/airflow/example_dags/example_task_group_decorator.py
[2023-07-23T00:27:09.968+0000] {processor.py:826} INFO - Processing file /home/airflow/.local/lib/python3.7/site-packages/airflow/example_dags/example_task_group_decorator.py for tasks to queue
[2023-07-23T00:27:09.969+0000] {logging_mixin.py:150} INFO - [2023-07-23T00:27:09.969+0000] {dagbag.py:541} INFO - Filling up the DagBag from /home/airflow/.local/lib/python3.7/site-packages/airflow/example_dags/example_task_group_decorator.py
[2023-07-23T00:27:09.986+0000] {processor.py:836} INFO - DAG(s) dict_keys(['example_task_group_decorator']) retrieved from /home/airflow/.local/lib/python3.7/site-packages/airflow/example_dags/example_task_group_decorator.py
[2023-07-23T00:27:10.032+0000] {logging_mixin.py:150} INFO - [2023-07-23T00:27:10.032+0000] {dag.py:2742} INFO - Sync 1 DAGs
[2023-07-23T00:27:10.057+0000] {logging_mixin.py:150} INFO - [2023-07-23T00:27:10.057+0000] {dag.py:3508} INFO - Setting next_dagrun for example_task_group_decorator to 2023-07-22T00:27:10.057144+00:00, run_after=2023-07-23T00:27:10.057144+00:00
[2023-07-23T00:27:10.276+0000] {processor.py:179} INFO - Processing /home/airflow/.local/lib/python3.7/site-packages/airflow/example_dags/example_task_group_decorator.py took 0.315 seconds
[2023-07-23T00:27:41.203+0000] {processor.py:157} INFO - Started process (PID=4838) to work on /home/airflow/.local/lib/python3.7/site-packages/airflow/example_dags/example_task_group_decorator.py
[2023-07-23T00:27:41.205+0000] {processor.py:826} INFO - Processing file /home/airflow/.local/lib/python3.7/site-packages/airflow/example_dags/example_task_group_decorator.py for tasks to queue
[2023-07-23T00:27:41.207+0000] {logging_mixin.py:150} INFO - [2023-07-23T00:27:41.206+0000] {dagbag.py:541} INFO - Filling up the DagBag from /home/airflow/.local/lib/python3.7/site-packages/airflow/example_dags/example_task_group_decorator.py
[2023-07-23T00:27:41.223+0000] {processor.py:836} INFO - DAG(s) dict_keys(['example_task_group_decorator']) retrieved from /home/airflow/.local/lib/python3.7/site-packages/airflow/example_dags/example_task_group_decorator.py
[2023-07-23T00:27:41.251+0000] {logging_mixin.py:150} INFO - [2023-07-23T00:27:41.251+0000] {dag.py:2742} INFO - Sync 1 DAGs
[2023-07-23T00:27:41.269+0000] {logging_mixin.py:150} INFO - [2023-07-23T00:27:41.269+0000] {dag.py:3508} INFO - Setting next_dagrun for example_task_group_decorator to 2023-07-22T00:27:41.269542+00:00, run_after=2023-07-23T00:27:41.269542+00:00
[2023-07-23T00:27:41.288+0000] {processor.py:179} INFO - Processing /home/airflow/.local/lib/python3.7/site-packages/airflow/example_dags/example_task_group_decorator.py took 0.092 seconds
