[2023-07-23T00:00:28.165+0000] {processor.py:157} INFO - Started process (PID=1461) to work on /home/airflow/.local/lib/python3.7/site-packages/airflow/example_dags/example_task_group.py
[2023-07-23T00:00:28.167+0000] {processor.py:826} INFO - Processing file /home/airflow/.local/lib/python3.7/site-packages/airflow/example_dags/example_task_group.py for tasks to queue
[2023-07-23T00:00:28.168+0000] {logging_mixin.py:150} INFO - [2023-07-23T00:00:28.168+0000] {dagbag.py:541} INFO - Filling up the DagBag from /home/airflow/.local/lib/python3.7/site-packages/airflow/example_dags/example_task_group.py
[2023-07-23T00:00:28.174+0000] {processor.py:836} INFO - DAG(s) dict_keys(['example_task_group']) retrieved from /home/airflow/.local/lib/python3.7/site-packages/airflow/example_dags/example_task_group.py
[2023-07-23T00:00:28.197+0000] {logging_mixin.py:150} INFO - [2023-07-23T00:00:28.197+0000] {dag.py:2742} INFO - Sync 1 DAGs
[2023-07-23T00:00:28.217+0000] {logging_mixin.py:150} INFO - [2023-07-23T00:00:28.216+0000] {dag.py:3508} INFO - Setting next_dagrun for example_task_group to 2023-07-22T00:00:28.216712+00:00, run_after=2023-07-23T00:00:28.216712+00:00
[2023-07-23T00:00:28.233+0000] {processor.py:179} INFO - Processing /home/airflow/.local/lib/python3.7/site-packages/airflow/example_dags/example_task_group.py took 0.071 seconds
[2023-07-23T00:00:58.984+0000] {processor.py:157} INFO - Started process (PID=1524) to work on /home/airflow/.local/lib/python3.7/site-packages/airflow/example_dags/example_task_group.py
[2023-07-23T00:00:58.985+0000] {processor.py:826} INFO - Processing file /home/airflow/.local/lib/python3.7/site-packages/airflow/example_dags/example_task_group.py for tasks to queue
[2023-07-23T00:00:58.986+0000] {logging_mixin.py:150} INFO - [2023-07-23T00:00:58.986+0000] {dagbag.py:541} INFO - Filling up the DagBag from /home/airflow/.local/lib/python3.7/site-packages/airflow/example_dags/example_task_group.py
[2023-07-23T00:00:58.992+0000] {processor.py:836} INFO - DAG(s) dict_keys(['example_task_group']) retrieved from /home/airflow/.local/lib/python3.7/site-packages/airflow/example_dags/example_task_group.py
[2023-07-23T00:00:59.012+0000] {logging_mixin.py:150} INFO - [2023-07-23T00:00:59.012+0000] {dag.py:2742} INFO - Sync 1 DAGs
[2023-07-23T00:00:59.028+0000] {logging_mixin.py:150} INFO - [2023-07-23T00:00:59.028+0000] {dag.py:3508} INFO - Setting next_dagrun for example_task_group to 2023-07-22T00:00:59.027981+00:00, run_after=2023-07-23T00:00:59.027981+00:00
[2023-07-23T00:00:59.040+0000] {processor.py:179} INFO - Processing /home/airflow/.local/lib/python3.7/site-packages/airflow/example_dags/example_task_group.py took 0.058 seconds
[2023-07-23T00:01:29.274+0000] {processor.py:157} INFO - Started process (PID=1587) to work on /home/airflow/.local/lib/python3.7/site-packages/airflow/example_dags/example_task_group.py
[2023-07-23T00:01:29.275+0000] {processor.py:826} INFO - Processing file /home/airflow/.local/lib/python3.7/site-packages/airflow/example_dags/example_task_group.py for tasks to queue
[2023-07-23T00:01:29.276+0000] {logging_mixin.py:150} INFO - [2023-07-23T00:01:29.276+0000] {dagbag.py:541} INFO - Filling up the DagBag from /home/airflow/.local/lib/python3.7/site-packages/airflow/example_dags/example_task_group.py
[2023-07-23T00:01:29.283+0000] {processor.py:836} INFO - DAG(s) dict_keys(['example_task_group']) retrieved from /home/airflow/.local/lib/python3.7/site-packages/airflow/example_dags/example_task_group.py
[2023-07-23T00:01:29.301+0000] {logging_mixin.py:150} INFO - [2023-07-23T00:01:29.301+0000] {dag.py:2742} INFO - Sync 1 DAGs
[2023-07-23T00:01:29.317+0000] {logging_mixin.py:150} INFO - [2023-07-23T00:01:29.317+0000] {dag.py:3508} INFO - Setting next_dagrun for example_task_group to 2023-07-22T00:01:29.316810+00:00, run_after=2023-07-23T00:01:29.316810+00:00
[2023-07-23T00:01:29.327+0000] {processor.py:179} INFO - Processing /home/airflow/.local/lib/python3.7/site-packages/airflow/example_dags/example_task_group.py took 0.055 seconds
[2023-07-23T00:02:00.660+0000] {processor.py:157} INFO - Started process (PID=1652) to work on /home/airflow/.local/lib/python3.7/site-packages/airflow/example_dags/example_task_group.py
[2023-07-23T00:02:00.667+0000] {processor.py:826} INFO - Processing file /home/airflow/.local/lib/python3.7/site-packages/airflow/example_dags/example_task_group.py for tasks to queue
[2023-07-23T00:02:00.669+0000] {logging_mixin.py:150} INFO - [2023-07-23T00:02:00.669+0000] {dagbag.py:541} INFO - Filling up the DagBag from /home/airflow/.local/lib/python3.7/site-packages/airflow/example_dags/example_task_group.py
[2023-07-23T00:02:00.772+0000] {processor.py:836} INFO - DAG(s) dict_keys(['example_task_group']) retrieved from /home/airflow/.local/lib/python3.7/site-packages/airflow/example_dags/example_task_group.py
[2023-07-23T00:02:00.856+0000] {logging_mixin.py:150} INFO - [2023-07-23T00:02:00.856+0000] {dag.py:2742} INFO - Sync 1 DAGs
[2023-07-23T00:02:00.918+0000] {logging_mixin.py:150} INFO - [2023-07-23T00:02:00.918+0000] {dag.py:3508} INFO - Setting next_dagrun for example_task_group to 2023-07-22T00:02:00.917950+00:00, run_after=2023-07-23T00:02:00.917950+00:00
[2023-07-23T00:02:00.947+0000] {processor.py:179} INFO - Processing /home/airflow/.local/lib/python3.7/site-packages/airflow/example_dags/example_task_group.py took 0.293 seconds
[2023-07-23T00:02:31.699+0000] {processor.py:157} INFO - Started process (PID=1719) to work on /home/airflow/.local/lib/python3.7/site-packages/airflow/example_dags/example_task_group.py
[2023-07-23T00:02:31.702+0000] {processor.py:826} INFO - Processing file /home/airflow/.local/lib/python3.7/site-packages/airflow/example_dags/example_task_group.py for tasks to queue
[2023-07-23T00:02:31.704+0000] {logging_mixin.py:150} INFO - [2023-07-23T00:02:31.704+0000] {dagbag.py:541} INFO - Filling up the DagBag from /home/airflow/.local/lib/python3.7/site-packages/airflow/example_dags/example_task_group.py
[2023-07-23T00:02:31.712+0000] {processor.py:836} INFO - DAG(s) dict_keys(['example_task_group']) retrieved from /home/airflow/.local/lib/python3.7/site-packages/airflow/example_dags/example_task_group.py
[2023-07-23T00:02:31.748+0000] {logging_mixin.py:150} INFO - [2023-07-23T00:02:31.748+0000] {dag.py:2742} INFO - Sync 1 DAGs
[2023-07-23T00:02:31.787+0000] {logging_mixin.py:150} INFO - [2023-07-23T00:02:31.787+0000] {dag.py:3508} INFO - Setting next_dagrun for example_task_group to 2023-07-22T00:02:31.786974+00:00, run_after=2023-07-23T00:02:31.786974+00:00
[2023-07-23T00:02:31.804+0000] {processor.py:179} INFO - Processing /home/airflow/.local/lib/python3.7/site-packages/airflow/example_dags/example_task_group.py took 0.114 seconds
[2023-07-23T00:03:02.829+0000] {processor.py:157} INFO - Started process (PID=1782) to work on /home/airflow/.local/lib/python3.7/site-packages/airflow/example_dags/example_task_group.py
[2023-07-23T00:03:02.838+0000] {processor.py:826} INFO - Processing file /home/airflow/.local/lib/python3.7/site-packages/airflow/example_dags/example_task_group.py for tasks to queue
[2023-07-23T00:03:02.842+0000] {logging_mixin.py:150} INFO - [2023-07-23T00:03:02.840+0000] {dagbag.py:541} INFO - Filling up the DagBag from /home/airflow/.local/lib/python3.7/site-packages/airflow/example_dags/example_task_group.py
[2023-07-23T00:03:02.858+0000] {processor.py:836} INFO - DAG(s) dict_keys(['example_task_group']) retrieved from /home/airflow/.local/lib/python3.7/site-packages/airflow/example_dags/example_task_group.py
[2023-07-23T00:03:02.898+0000] {logging_mixin.py:150} INFO - [2023-07-23T00:03:02.898+0000] {dag.py:2742} INFO - Sync 1 DAGs
[2023-07-23T00:03:02.945+0000] {logging_mixin.py:150} INFO - [2023-07-23T00:03:02.944+0000] {dag.py:3508} INFO - Setting next_dagrun for example_task_group to 2023-07-22T00:03:02.943182+00:00, run_after=2023-07-23T00:03:02.943182+00:00
[2023-07-23T00:03:02.966+0000] {processor.py:179} INFO - Processing /home/airflow/.local/lib/python3.7/site-packages/airflow/example_dags/example_task_group.py took 0.151 seconds
[2023-07-23T00:03:33.972+0000] {processor.py:157} INFO - Started process (PID=1845) to work on /home/airflow/.local/lib/python3.7/site-packages/airflow/example_dags/example_task_group.py
[2023-07-23T00:03:33.975+0000] {processor.py:826} INFO - Processing file /home/airflow/.local/lib/python3.7/site-packages/airflow/example_dags/example_task_group.py for tasks to queue
[2023-07-23T00:03:33.978+0000] {logging_mixin.py:150} INFO - [2023-07-23T00:03:33.978+0000] {dagbag.py:541} INFO - Filling up the DagBag from /home/airflow/.local/lib/python3.7/site-packages/airflow/example_dags/example_task_group.py
[2023-07-23T00:03:33.994+0000] {processor.py:836} INFO - DAG(s) dict_keys(['example_task_group']) retrieved from /home/airflow/.local/lib/python3.7/site-packages/airflow/example_dags/example_task_group.py
[2023-07-23T00:03:34.040+0000] {logging_mixin.py:150} INFO - [2023-07-23T00:03:34.040+0000] {dag.py:2742} INFO - Sync 1 DAGs
[2023-07-23T00:03:34.077+0000] {logging_mixin.py:150} INFO - [2023-07-23T00:03:34.077+0000] {dag.py:3508} INFO - Setting next_dagrun for example_task_group to 2023-07-22T00:03:34.076554+00:00, run_after=2023-07-23T00:03:34.076554+00:00
[2023-07-23T00:03:34.110+0000] {processor.py:179} INFO - Processing /home/airflow/.local/lib/python3.7/site-packages/airflow/example_dags/example_task_group.py took 0.178 seconds
[2023-07-23T00:04:04.920+0000] {processor.py:157} INFO - Started process (PID=1908) to work on /home/airflow/.local/lib/python3.7/site-packages/airflow/example_dags/example_task_group.py
[2023-07-23T00:04:04.922+0000] {processor.py:826} INFO - Processing file /home/airflow/.local/lib/python3.7/site-packages/airflow/example_dags/example_task_group.py for tasks to queue
[2023-07-23T00:04:04.925+0000] {logging_mixin.py:150} INFO - [2023-07-23T00:04:04.924+0000] {dagbag.py:541} INFO - Filling up the DagBag from /home/airflow/.local/lib/python3.7/site-packages/airflow/example_dags/example_task_group.py
[2023-07-23T00:04:04.938+0000] {processor.py:836} INFO - DAG(s) dict_keys(['example_task_group']) retrieved from /home/airflow/.local/lib/python3.7/site-packages/airflow/example_dags/example_task_group.py
[2023-07-23T00:04:04.966+0000] {logging_mixin.py:150} INFO - [2023-07-23T00:04:04.966+0000] {dag.py:2742} INFO - Sync 1 DAGs
[2023-07-23T00:04:04.994+0000] {logging_mixin.py:150} INFO - [2023-07-23T00:04:04.994+0000] {dag.py:3508} INFO - Setting next_dagrun for example_task_group to 2023-07-22T00:04:04.994279+00:00, run_after=2023-07-23T00:04:04.994279+00:00
[2023-07-23T00:04:05.013+0000] {processor.py:179} INFO - Processing /home/airflow/.local/lib/python3.7/site-packages/airflow/example_dags/example_task_group.py took 0.101 seconds
[2023-07-23T00:04:35.181+0000] {processor.py:157} INFO - Started process (PID=1972) to work on /home/airflow/.local/lib/python3.7/site-packages/airflow/example_dags/example_task_group.py
[2023-07-23T00:04:35.184+0000] {processor.py:826} INFO - Processing file /home/airflow/.local/lib/python3.7/site-packages/airflow/example_dags/example_task_group.py for tasks to queue
[2023-07-23T00:04:35.211+0000] {logging_mixin.py:150} INFO - [2023-07-23T00:04:35.206+0000] {dagbag.py:541} INFO - Filling up the DagBag from /home/airflow/.local/lib/python3.7/site-packages/airflow/example_dags/example_task_group.py
[2023-07-23T00:04:35.242+0000] {processor.py:836} INFO - DAG(s) dict_keys(['example_task_group']) retrieved from /home/airflow/.local/lib/python3.7/site-packages/airflow/example_dags/example_task_group.py
[2023-07-23T00:04:35.346+0000] {logging_mixin.py:150} INFO - [2023-07-23T00:04:35.345+0000] {dag.py:2742} INFO - Sync 1 DAGs
[2023-07-23T00:04:35.409+0000] {logging_mixin.py:150} INFO - [2023-07-23T00:04:35.409+0000] {dag.py:3508} INFO - Setting next_dagrun for example_task_group to 2023-07-22T00:04:35.409066+00:00, run_after=2023-07-23T00:04:35.409066+00:00
[2023-07-23T00:04:35.433+0000] {processor.py:179} INFO - Processing /home/airflow/.local/lib/python3.7/site-packages/airflow/example_dags/example_task_group.py took 0.264 seconds
[2023-07-23T00:05:06.215+0000] {processor.py:157} INFO - Started process (PID=2035) to work on /home/airflow/.local/lib/python3.7/site-packages/airflow/example_dags/example_task_group.py
[2023-07-23T00:05:06.217+0000] {processor.py:826} INFO - Processing file /home/airflow/.local/lib/python3.7/site-packages/airflow/example_dags/example_task_group.py for tasks to queue
[2023-07-23T00:05:06.219+0000] {logging_mixin.py:150} INFO - [2023-07-23T00:05:06.219+0000] {dagbag.py:541} INFO - Filling up the DagBag from /home/airflow/.local/lib/python3.7/site-packages/airflow/example_dags/example_task_group.py
[2023-07-23T00:05:06.228+0000] {processor.py:836} INFO - DAG(s) dict_keys(['example_task_group']) retrieved from /home/airflow/.local/lib/python3.7/site-packages/airflow/example_dags/example_task_group.py
[2023-07-23T00:05:06.257+0000] {logging_mixin.py:150} INFO - [2023-07-23T00:05:06.257+0000] {dag.py:2742} INFO - Sync 1 DAGs
[2023-07-23T00:05:06.288+0000] {logging_mixin.py:150} INFO - [2023-07-23T00:05:06.288+0000] {dag.py:3508} INFO - Setting next_dagrun for example_task_group to 2023-07-22T00:05:06.288150+00:00, run_after=2023-07-23T00:05:06.288150+00:00
[2023-07-23T00:05:06.302+0000] {processor.py:179} INFO - Processing /home/airflow/.local/lib/python3.7/site-packages/airflow/example_dags/example_task_group.py took 0.093 seconds
[2023-07-23T00:05:36.494+0000] {processor.py:157} INFO - Started process (PID=2098) to work on /home/airflow/.local/lib/python3.7/site-packages/airflow/example_dags/example_task_group.py
[2023-07-23T00:05:36.498+0000] {processor.py:826} INFO - Processing file /home/airflow/.local/lib/python3.7/site-packages/airflow/example_dags/example_task_group.py for tasks to queue
[2023-07-23T00:05:36.500+0000] {logging_mixin.py:150} INFO - [2023-07-23T00:05:36.500+0000] {dagbag.py:541} INFO - Filling up the DagBag from /home/airflow/.local/lib/python3.7/site-packages/airflow/example_dags/example_task_group.py
[2023-07-23T00:05:36.526+0000] {processor.py:836} INFO - DAG(s) dict_keys(['example_task_group']) retrieved from /home/airflow/.local/lib/python3.7/site-packages/airflow/example_dags/example_task_group.py
[2023-07-23T00:05:36.572+0000] {logging_mixin.py:150} INFO - [2023-07-23T00:05:36.572+0000] {dag.py:2742} INFO - Sync 1 DAGs
[2023-07-23T00:05:36.602+0000] {logging_mixin.py:150} INFO - [2023-07-23T00:05:36.602+0000] {dag.py:3508} INFO - Setting next_dagrun for example_task_group to 2023-07-22T00:05:36.601917+00:00, run_after=2023-07-23T00:05:36.601917+00:00
[2023-07-23T00:05:36.618+0000] {processor.py:179} INFO - Processing /home/airflow/.local/lib/python3.7/site-packages/airflow/example_dags/example_task_group.py took 0.132 seconds
[2023-07-23T00:06:07.248+0000] {processor.py:157} INFO - Started process (PID=2168) to work on /home/airflow/.local/lib/python3.7/site-packages/airflow/example_dags/example_task_group.py
[2023-07-23T00:06:07.250+0000] {processor.py:826} INFO - Processing file /home/airflow/.local/lib/python3.7/site-packages/airflow/example_dags/example_task_group.py for tasks to queue
[2023-07-23T00:06:07.252+0000] {logging_mixin.py:150} INFO - [2023-07-23T00:06:07.252+0000] {dagbag.py:541} INFO - Filling up the DagBag from /home/airflow/.local/lib/python3.7/site-packages/airflow/example_dags/example_task_group.py
[2023-07-23T00:06:07.266+0000] {processor.py:836} INFO - DAG(s) dict_keys(['example_task_group']) retrieved from /home/airflow/.local/lib/python3.7/site-packages/airflow/example_dags/example_task_group.py
[2023-07-23T00:06:07.299+0000] {logging_mixin.py:150} INFO - [2023-07-23T00:06:07.299+0000] {dag.py:2742} INFO - Sync 1 DAGs
[2023-07-23T00:06:07.322+0000] {logging_mixin.py:150} INFO - [2023-07-23T00:06:07.322+0000] {dag.py:3508} INFO - Setting next_dagrun for example_task_group to 2023-07-22T00:06:07.322426+00:00, run_after=2023-07-23T00:06:07.322426+00:00
[2023-07-23T00:06:07.341+0000] {processor.py:179} INFO - Processing /home/airflow/.local/lib/python3.7/site-packages/airflow/example_dags/example_task_group.py took 0.100 seconds
[2023-07-23T00:06:37.823+0000] {processor.py:157} INFO - Started process (PID=2231) to work on /home/airflow/.local/lib/python3.7/site-packages/airflow/example_dags/example_task_group.py
[2023-07-23T00:06:37.827+0000] {processor.py:826} INFO - Processing file /home/airflow/.local/lib/python3.7/site-packages/airflow/example_dags/example_task_group.py for tasks to queue
[2023-07-23T00:06:37.828+0000] {logging_mixin.py:150} INFO - [2023-07-23T00:06:37.828+0000] {dagbag.py:541} INFO - Filling up the DagBag from /home/airflow/.local/lib/python3.7/site-packages/airflow/example_dags/example_task_group.py
[2023-07-23T00:06:37.839+0000] {processor.py:836} INFO - DAG(s) dict_keys(['example_task_group']) retrieved from /home/airflow/.local/lib/python3.7/site-packages/airflow/example_dags/example_task_group.py
[2023-07-23T00:06:37.868+0000] {logging_mixin.py:150} INFO - [2023-07-23T00:06:37.868+0000] {dag.py:2742} INFO - Sync 1 DAGs
[2023-07-23T00:06:37.891+0000] {logging_mixin.py:150} INFO - [2023-07-23T00:06:37.891+0000] {dag.py:3508} INFO - Setting next_dagrun for example_task_group to 2023-07-22T00:06:37.890914+00:00, run_after=2023-07-23T00:06:37.890914+00:00
[2023-07-23T00:06:37.907+0000] {processor.py:179} INFO - Processing /home/airflow/.local/lib/python3.7/site-packages/airflow/example_dags/example_task_group.py took 0.090 seconds
[2023-07-23T00:07:08.185+0000] {processor.py:157} INFO - Started process (PID=2294) to work on /home/airflow/.local/lib/python3.7/site-packages/airflow/example_dags/example_task_group.py
[2023-07-23T00:07:08.188+0000] {processor.py:826} INFO - Processing file /home/airflow/.local/lib/python3.7/site-packages/airflow/example_dags/example_task_group.py for tasks to queue
[2023-07-23T00:07:08.189+0000] {logging_mixin.py:150} INFO - [2023-07-23T00:07:08.189+0000] {dagbag.py:541} INFO - Filling up the DagBag from /home/airflow/.local/lib/python3.7/site-packages/airflow/example_dags/example_task_group.py
[2023-07-23T00:07:08.200+0000] {processor.py:836} INFO - DAG(s) dict_keys(['example_task_group']) retrieved from /home/airflow/.local/lib/python3.7/site-packages/airflow/example_dags/example_task_group.py
[2023-07-23T00:07:08.227+0000] {logging_mixin.py:150} INFO - [2023-07-23T00:07:08.227+0000] {dag.py:2742} INFO - Sync 1 DAGs
[2023-07-23T00:07:08.247+0000] {logging_mixin.py:150} INFO - [2023-07-23T00:07:08.247+0000] {dag.py:3508} INFO - Setting next_dagrun for example_task_group to 2023-07-22T00:07:08.246833+00:00, run_after=2023-07-23T00:07:08.246833+00:00
[2023-07-23T00:07:08.261+0000] {processor.py:179} INFO - Processing /home/airflow/.local/lib/python3.7/site-packages/airflow/example_dags/example_task_group.py took 0.081 seconds
[2023-07-23T00:07:38.681+0000] {processor.py:157} INFO - Started process (PID=2358) to work on /home/airflow/.local/lib/python3.7/site-packages/airflow/example_dags/example_task_group.py
[2023-07-23T00:07:38.683+0000] {processor.py:826} INFO - Processing file /home/airflow/.local/lib/python3.7/site-packages/airflow/example_dags/example_task_group.py for tasks to queue
[2023-07-23T00:07:38.685+0000] {logging_mixin.py:150} INFO - [2023-07-23T00:07:38.685+0000] {dagbag.py:541} INFO - Filling up the DagBag from /home/airflow/.local/lib/python3.7/site-packages/airflow/example_dags/example_task_group.py
[2023-07-23T00:07:38.695+0000] {processor.py:836} INFO - DAG(s) dict_keys(['example_task_group']) retrieved from /home/airflow/.local/lib/python3.7/site-packages/airflow/example_dags/example_task_group.py
[2023-07-23T00:07:38.727+0000] {logging_mixin.py:150} INFO - [2023-07-23T00:07:38.727+0000] {dag.py:2742} INFO - Sync 1 DAGs
[2023-07-23T00:07:38.750+0000] {logging_mixin.py:150} INFO - [2023-07-23T00:07:38.750+0000] {dag.py:3508} INFO - Setting next_dagrun for example_task_group to 2023-07-22T00:07:38.749555+00:00, run_after=2023-07-23T00:07:38.749555+00:00
[2023-07-23T00:07:38.769+0000] {processor.py:179} INFO - Processing /home/airflow/.local/lib/python3.7/site-packages/airflow/example_dags/example_task_group.py took 0.094 seconds
[2023-07-23T00:08:09.183+0000] {processor.py:157} INFO - Started process (PID=2423) to work on /home/airflow/.local/lib/python3.7/site-packages/airflow/example_dags/example_task_group.py
[2023-07-23T00:08:09.185+0000] {processor.py:826} INFO - Processing file /home/airflow/.local/lib/python3.7/site-packages/airflow/example_dags/example_task_group.py for tasks to queue
[2023-07-23T00:08:09.187+0000] {logging_mixin.py:150} INFO - [2023-07-23T00:08:09.186+0000] {dagbag.py:541} INFO - Filling up the DagBag from /home/airflow/.local/lib/python3.7/site-packages/airflow/example_dags/example_task_group.py
[2023-07-23T00:08:09.195+0000] {processor.py:836} INFO - DAG(s) dict_keys(['example_task_group']) retrieved from /home/airflow/.local/lib/python3.7/site-packages/airflow/example_dags/example_task_group.py
[2023-07-23T00:08:09.217+0000] {logging_mixin.py:150} INFO - [2023-07-23T00:08:09.216+0000] {dag.py:2742} INFO - Sync 1 DAGs
[2023-07-23T00:08:09.234+0000] {logging_mixin.py:150} INFO - [2023-07-23T00:08:09.234+0000] {dag.py:3508} INFO - Setting next_dagrun for example_task_group to 2023-07-22T00:08:09.233960+00:00, run_after=2023-07-23T00:08:09.233960+00:00
[2023-07-23T00:08:09.246+0000] {processor.py:179} INFO - Processing /home/airflow/.local/lib/python3.7/site-packages/airflow/example_dags/example_task_group.py took 0.067 seconds
[2023-07-23T00:08:39.457+0000] {processor.py:157} INFO - Started process (PID=2488) to work on /home/airflow/.local/lib/python3.7/site-packages/airflow/example_dags/example_task_group.py
[2023-07-23T00:08:39.460+0000] {processor.py:826} INFO - Processing file /home/airflow/.local/lib/python3.7/site-packages/airflow/example_dags/example_task_group.py for tasks to queue
[2023-07-23T00:08:39.462+0000] {logging_mixin.py:150} INFO - [2023-07-23T00:08:39.461+0000] {dagbag.py:541} INFO - Filling up the DagBag from /home/airflow/.local/lib/python3.7/site-packages/airflow/example_dags/example_task_group.py
[2023-07-23T00:08:39.475+0000] {processor.py:836} INFO - DAG(s) dict_keys(['example_task_group']) retrieved from /home/airflow/.local/lib/python3.7/site-packages/airflow/example_dags/example_task_group.py
[2023-07-23T00:08:39.500+0000] {logging_mixin.py:150} INFO - [2023-07-23T00:08:39.500+0000] {dag.py:2742} INFO - Sync 1 DAGs
[2023-07-23T00:08:39.517+0000] {logging_mixin.py:150} INFO - [2023-07-23T00:08:39.517+0000] {dag.py:3508} INFO - Setting next_dagrun for example_task_group to 2023-07-22T00:08:39.516939+00:00, run_after=2023-07-23T00:08:39.516939+00:00
[2023-07-23T00:08:39.530+0000] {processor.py:179} INFO - Processing /home/airflow/.local/lib/python3.7/site-packages/airflow/example_dags/example_task_group.py took 0.079 seconds
[2023-07-23T00:09:10.280+0000] {processor.py:157} INFO - Started process (PID=2551) to work on /home/airflow/.local/lib/python3.7/site-packages/airflow/example_dags/example_task_group.py
[2023-07-23T00:09:10.283+0000] {processor.py:826} INFO - Processing file /home/airflow/.local/lib/python3.7/site-packages/airflow/example_dags/example_task_group.py for tasks to queue
[2023-07-23T00:09:10.285+0000] {logging_mixin.py:150} INFO - [2023-07-23T00:09:10.284+0000] {dagbag.py:541} INFO - Filling up the DagBag from /home/airflow/.local/lib/python3.7/site-packages/airflow/example_dags/example_task_group.py
[2023-07-23T00:09:10.301+0000] {processor.py:836} INFO - DAG(s) dict_keys(['example_task_group']) retrieved from /home/airflow/.local/lib/python3.7/site-packages/airflow/example_dags/example_task_group.py
[2023-07-23T00:09:10.328+0000] {logging_mixin.py:150} INFO - [2023-07-23T00:09:10.328+0000] {dag.py:2742} INFO - Sync 1 DAGs
[2023-07-23T00:09:10.349+0000] {logging_mixin.py:150} INFO - [2023-07-23T00:09:10.348+0000] {dag.py:3508} INFO - Setting next_dagrun for example_task_group to 2023-07-22T00:09:10.348718+00:00, run_after=2023-07-23T00:09:10.348718+00:00
[2023-07-23T00:09:10.362+0000] {processor.py:179} INFO - Processing /home/airflow/.local/lib/python3.7/site-packages/airflow/example_dags/example_task_group.py took 0.091 seconds
[2023-07-23T00:09:40.615+0000] {processor.py:157} INFO - Started process (PID=2616) to work on /home/airflow/.local/lib/python3.7/site-packages/airflow/example_dags/example_task_group.py
[2023-07-23T00:09:40.618+0000] {processor.py:826} INFO - Processing file /home/airflow/.local/lib/python3.7/site-packages/airflow/example_dags/example_task_group.py for tasks to queue
[2023-07-23T00:09:40.625+0000] {logging_mixin.py:150} INFO - [2023-07-23T00:09:40.623+0000] {dagbag.py:541} INFO - Filling up the DagBag from /home/airflow/.local/lib/python3.7/site-packages/airflow/example_dags/example_task_group.py
[2023-07-23T00:09:40.653+0000] {processor.py:836} INFO - DAG(s) dict_keys(['example_task_group']) retrieved from /home/airflow/.local/lib/python3.7/site-packages/airflow/example_dags/example_task_group.py
[2023-07-23T00:09:40.695+0000] {logging_mixin.py:150} INFO - [2023-07-23T00:09:40.695+0000] {dag.py:2742} INFO - Sync 1 DAGs
[2023-07-23T00:09:40.720+0000] {logging_mixin.py:150} INFO - [2023-07-23T00:09:40.720+0000] {dag.py:3508} INFO - Setting next_dagrun for example_task_group to 2023-07-22T00:09:40.720142+00:00, run_after=2023-07-23T00:09:40.720142+00:00
[2023-07-23T00:09:40.735+0000] {processor.py:179} INFO - Processing /home/airflow/.local/lib/python3.7/site-packages/airflow/example_dags/example_task_group.py took 0.130 seconds
[2023-07-23T00:10:10.766+0000] {processor.py:157} INFO - Started process (PID=2679) to work on /home/airflow/.local/lib/python3.7/site-packages/airflow/example_dags/example_task_group.py
[2023-07-23T00:10:10.767+0000] {processor.py:826} INFO - Processing file /home/airflow/.local/lib/python3.7/site-packages/airflow/example_dags/example_task_group.py for tasks to queue
[2023-07-23T00:10:10.768+0000] {logging_mixin.py:150} INFO - [2023-07-23T00:10:10.768+0000] {dagbag.py:541} INFO - Filling up the DagBag from /home/airflow/.local/lib/python3.7/site-packages/airflow/example_dags/example_task_group.py
[2023-07-23T00:10:10.776+0000] {processor.py:836} INFO - DAG(s) dict_keys(['example_task_group']) retrieved from /home/airflow/.local/lib/python3.7/site-packages/airflow/example_dags/example_task_group.py
[2023-07-23T00:10:10.798+0000] {logging_mixin.py:150} INFO - [2023-07-23T00:10:10.798+0000] {dag.py:2742} INFO - Sync 1 DAGs
[2023-07-23T00:10:10.815+0000] {logging_mixin.py:150} INFO - [2023-07-23T00:10:10.815+0000] {dag.py:3508} INFO - Setting next_dagrun for example_task_group to 2023-07-22T00:10:10.814779+00:00, run_after=2023-07-23T00:10:10.814779+00:00
[2023-07-23T00:10:10.826+0000] {processor.py:179} INFO - Processing /home/airflow/.local/lib/python3.7/site-packages/airflow/example_dags/example_task_group.py took 0.064 seconds
[2023-07-23T00:10:41.088+0000] {processor.py:157} INFO - Started process (PID=2741) to work on /home/airflow/.local/lib/python3.7/site-packages/airflow/example_dags/example_task_group.py
[2023-07-23T00:10:41.090+0000] {processor.py:826} INFO - Processing file /home/airflow/.local/lib/python3.7/site-packages/airflow/example_dags/example_task_group.py for tasks to queue
[2023-07-23T00:10:41.091+0000] {logging_mixin.py:150} INFO - [2023-07-23T00:10:41.091+0000] {dagbag.py:541} INFO - Filling up the DagBag from /home/airflow/.local/lib/python3.7/site-packages/airflow/example_dags/example_task_group.py
[2023-07-23T00:10:41.099+0000] {processor.py:836} INFO - DAG(s) dict_keys(['example_task_group']) retrieved from /home/airflow/.local/lib/python3.7/site-packages/airflow/example_dags/example_task_group.py
[2023-07-23T00:10:41.119+0000] {logging_mixin.py:150} INFO - [2023-07-23T00:10:41.119+0000] {dag.py:2742} INFO - Sync 1 DAGs
[2023-07-23T00:10:41.138+0000] {logging_mixin.py:150} INFO - [2023-07-23T00:10:41.138+0000] {dag.py:3508} INFO - Setting next_dagrun for example_task_group to 2023-07-22T00:10:41.138112+00:00, run_after=2023-07-23T00:10:41.138112+00:00
[2023-07-23T00:10:41.151+0000] {processor.py:179} INFO - Processing /home/airflow/.local/lib/python3.7/site-packages/airflow/example_dags/example_task_group.py took 0.067 seconds
[2023-07-23T00:11:11.466+0000] {processor.py:157} INFO - Started process (PID=2804) to work on /home/airflow/.local/lib/python3.7/site-packages/airflow/example_dags/example_task_group.py
[2023-07-23T00:11:11.468+0000] {processor.py:826} INFO - Processing file /home/airflow/.local/lib/python3.7/site-packages/airflow/example_dags/example_task_group.py for tasks to queue
[2023-07-23T00:11:11.469+0000] {logging_mixin.py:150} INFO - [2023-07-23T00:11:11.469+0000] {dagbag.py:541} INFO - Filling up the DagBag from /home/airflow/.local/lib/python3.7/site-packages/airflow/example_dags/example_task_group.py
[2023-07-23T00:11:11.475+0000] {processor.py:836} INFO - DAG(s) dict_keys(['example_task_group']) retrieved from /home/airflow/.local/lib/python3.7/site-packages/airflow/example_dags/example_task_group.py
[2023-07-23T00:11:11.493+0000] {logging_mixin.py:150} INFO - [2023-07-23T00:11:11.493+0000] {dag.py:2742} INFO - Sync 1 DAGs
[2023-07-23T00:11:11.508+0000] {logging_mixin.py:150} INFO - [2023-07-23T00:11:11.508+0000] {dag.py:3508} INFO - Setting next_dagrun for example_task_group to 2023-07-22T00:11:11.508047+00:00, run_after=2023-07-23T00:11:11.508047+00:00
[2023-07-23T00:11:11.520+0000] {processor.py:179} INFO - Processing /home/airflow/.local/lib/python3.7/site-packages/airflow/example_dags/example_task_group.py took 0.059 seconds
[2023-07-23T00:11:42.469+0000] {processor.py:157} INFO - Started process (PID=2866) to work on /home/airflow/.local/lib/python3.7/site-packages/airflow/example_dags/example_task_group.py
[2023-07-23T00:11:42.470+0000] {processor.py:826} INFO - Processing file /home/airflow/.local/lib/python3.7/site-packages/airflow/example_dags/example_task_group.py for tasks to queue
[2023-07-23T00:11:42.471+0000] {logging_mixin.py:150} INFO - [2023-07-23T00:11:42.471+0000] {dagbag.py:541} INFO - Filling up the DagBag from /home/airflow/.local/lib/python3.7/site-packages/airflow/example_dags/example_task_group.py
[2023-07-23T00:11:42.478+0000] {processor.py:836} INFO - DAG(s) dict_keys(['example_task_group']) retrieved from /home/airflow/.local/lib/python3.7/site-packages/airflow/example_dags/example_task_group.py
[2023-07-23T00:11:42.499+0000] {logging_mixin.py:150} INFO - [2023-07-23T00:11:42.499+0000] {dag.py:2742} INFO - Sync 1 DAGs
[2023-07-23T00:11:42.518+0000] {logging_mixin.py:150} INFO - [2023-07-23T00:11:42.518+0000] {dag.py:3508} INFO - Setting next_dagrun for example_task_group to 2023-07-22T00:11:42.518217+00:00, run_after=2023-07-23T00:11:42.518217+00:00
[2023-07-23T00:11:42.529+0000] {processor.py:179} INFO - Processing /home/airflow/.local/lib/python3.7/site-packages/airflow/example_dags/example_task_group.py took 0.064 seconds
[2023-07-23T00:12:13.523+0000] {processor.py:157} INFO - Started process (PID=2930) to work on /home/airflow/.local/lib/python3.7/site-packages/airflow/example_dags/example_task_group.py
[2023-07-23T00:12:13.525+0000] {processor.py:826} INFO - Processing file /home/airflow/.local/lib/python3.7/site-packages/airflow/example_dags/example_task_group.py for tasks to queue
[2023-07-23T00:12:13.526+0000] {logging_mixin.py:150} INFO - [2023-07-23T00:12:13.526+0000] {dagbag.py:541} INFO - Filling up the DagBag from /home/airflow/.local/lib/python3.7/site-packages/airflow/example_dags/example_task_group.py
[2023-07-23T00:12:13.534+0000] {processor.py:836} INFO - DAG(s) dict_keys(['example_task_group']) retrieved from /home/airflow/.local/lib/python3.7/site-packages/airflow/example_dags/example_task_group.py
[2023-07-23T00:12:13.559+0000] {logging_mixin.py:150} INFO - [2023-07-23T00:12:13.559+0000] {dag.py:2742} INFO - Sync 1 DAGs
[2023-07-23T00:12:13.578+0000] {logging_mixin.py:150} INFO - [2023-07-23T00:12:13.578+0000] {dag.py:3508} INFO - Setting next_dagrun for example_task_group to 2023-07-22T00:12:13.577743+00:00, run_after=2023-07-23T00:12:13.577743+00:00
[2023-07-23T00:12:13.589+0000] {processor.py:179} INFO - Processing /home/airflow/.local/lib/python3.7/site-packages/airflow/example_dags/example_task_group.py took 0.070 seconds
[2023-07-23T00:12:44.218+0000] {processor.py:157} INFO - Started process (PID=2994) to work on /home/airflow/.local/lib/python3.7/site-packages/airflow/example_dags/example_task_group.py
[2023-07-23T00:12:44.220+0000] {processor.py:826} INFO - Processing file /home/airflow/.local/lib/python3.7/site-packages/airflow/example_dags/example_task_group.py for tasks to queue
[2023-07-23T00:12:44.221+0000] {logging_mixin.py:150} INFO - [2023-07-23T00:12:44.221+0000] {dagbag.py:541} INFO - Filling up the DagBag from /home/airflow/.local/lib/python3.7/site-packages/airflow/example_dags/example_task_group.py
[2023-07-23T00:12:44.227+0000] {processor.py:836} INFO - DAG(s) dict_keys(['example_task_group']) retrieved from /home/airflow/.local/lib/python3.7/site-packages/airflow/example_dags/example_task_group.py
[2023-07-23T00:12:44.246+0000] {logging_mixin.py:150} INFO - [2023-07-23T00:12:44.246+0000] {dag.py:2742} INFO - Sync 1 DAGs
[2023-07-23T00:12:44.262+0000] {logging_mixin.py:150} INFO - [2023-07-23T00:12:44.261+0000] {dag.py:3508} INFO - Setting next_dagrun for example_task_group to 2023-07-22T00:12:44.261670+00:00, run_after=2023-07-23T00:12:44.261670+00:00
[2023-07-23T00:12:44.274+0000] {processor.py:179} INFO - Processing /home/airflow/.local/lib/python3.7/site-packages/airflow/example_dags/example_task_group.py took 0.059 seconds
[2023-07-23T00:13:14.512+0000] {processor.py:157} INFO - Started process (PID=3057) to work on /home/airflow/.local/lib/python3.7/site-packages/airflow/example_dags/example_task_group.py
[2023-07-23T00:13:14.513+0000] {processor.py:826} INFO - Processing file /home/airflow/.local/lib/python3.7/site-packages/airflow/example_dags/example_task_group.py for tasks to queue
[2023-07-23T00:13:14.514+0000] {logging_mixin.py:150} INFO - [2023-07-23T00:13:14.514+0000] {dagbag.py:541} INFO - Filling up the DagBag from /home/airflow/.local/lib/python3.7/site-packages/airflow/example_dags/example_task_group.py
[2023-07-23T00:13:14.522+0000] {processor.py:836} INFO - DAG(s) dict_keys(['example_task_group']) retrieved from /home/airflow/.local/lib/python3.7/site-packages/airflow/example_dags/example_task_group.py
[2023-07-23T00:13:14.547+0000] {logging_mixin.py:150} INFO - [2023-07-23T00:13:14.547+0000] {dag.py:2742} INFO - Sync 1 DAGs
[2023-07-23T00:13:14.563+0000] {logging_mixin.py:150} INFO - [2023-07-23T00:13:14.563+0000] {dag.py:3508} INFO - Setting next_dagrun for example_task_group to 2023-07-22T00:13:14.563352+00:00, run_after=2023-07-23T00:13:14.563352+00:00
[2023-07-23T00:13:14.575+0000] {processor.py:179} INFO - Processing /home/airflow/.local/lib/python3.7/site-packages/airflow/example_dags/example_task_group.py took 0.068 seconds
[2023-07-23T00:13:44.674+0000] {processor.py:157} INFO - Started process (PID=3121) to work on /home/airflow/.local/lib/python3.7/site-packages/airflow/example_dags/example_task_group.py
[2023-07-23T00:13:44.675+0000] {processor.py:826} INFO - Processing file /home/airflow/.local/lib/python3.7/site-packages/airflow/example_dags/example_task_group.py for tasks to queue
[2023-07-23T00:13:44.675+0000] {logging_mixin.py:150} INFO - [2023-07-23T00:13:44.675+0000] {dagbag.py:541} INFO - Filling up the DagBag from /home/airflow/.local/lib/python3.7/site-packages/airflow/example_dags/example_task_group.py
[2023-07-23T00:13:44.681+0000] {processor.py:836} INFO - DAG(s) dict_keys(['example_task_group']) retrieved from /home/airflow/.local/lib/python3.7/site-packages/airflow/example_dags/example_task_group.py
[2023-07-23T00:13:44.699+0000] {logging_mixin.py:150} INFO - [2023-07-23T00:13:44.699+0000] {dag.py:2742} INFO - Sync 1 DAGs
[2023-07-23T00:13:44.718+0000] {logging_mixin.py:150} INFO - [2023-07-23T00:13:44.718+0000] {dag.py:3508} INFO - Setting next_dagrun for example_task_group to 2023-07-22T00:13:44.718011+00:00, run_after=2023-07-23T00:13:44.718011+00:00
[2023-07-23T00:13:44.730+0000] {processor.py:179} INFO - Processing /home/airflow/.local/lib/python3.7/site-packages/airflow/example_dags/example_task_group.py took 0.059 seconds
[2023-07-23T00:14:15.158+0000] {processor.py:157} INFO - Started process (PID=3185) to work on /home/airflow/.local/lib/python3.7/site-packages/airflow/example_dags/example_task_group.py
[2023-07-23T00:14:15.159+0000] {processor.py:826} INFO - Processing file /home/airflow/.local/lib/python3.7/site-packages/airflow/example_dags/example_task_group.py for tasks to queue
[2023-07-23T00:14:15.160+0000] {logging_mixin.py:150} INFO - [2023-07-23T00:14:15.160+0000] {dagbag.py:541} INFO - Filling up the DagBag from /home/airflow/.local/lib/python3.7/site-packages/airflow/example_dags/example_task_group.py
[2023-07-23T00:14:15.168+0000] {processor.py:836} INFO - DAG(s) dict_keys(['example_task_group']) retrieved from /home/airflow/.local/lib/python3.7/site-packages/airflow/example_dags/example_task_group.py
[2023-07-23T00:14:15.200+0000] {logging_mixin.py:150} INFO - [2023-07-23T00:14:15.200+0000] {dag.py:2742} INFO - Sync 1 DAGs
[2023-07-23T00:14:15.219+0000] {logging_mixin.py:150} INFO - [2023-07-23T00:14:15.219+0000] {dag.py:3508} INFO - Setting next_dagrun for example_task_group to 2023-07-22T00:14:15.219423+00:00, run_after=2023-07-23T00:14:15.219423+00:00
[2023-07-23T00:14:15.235+0000] {processor.py:179} INFO - Processing /home/airflow/.local/lib/python3.7/site-packages/airflow/example_dags/example_task_group.py took 0.080 seconds
[2023-07-23T00:14:48.011+0000] {processor.py:157} INFO - Started process (PID=3247) to work on /home/airflow/.local/lib/python3.7/site-packages/airflow/example_dags/example_task_group.py
[2023-07-23T00:14:48.013+0000] {processor.py:826} INFO - Processing file /home/airflow/.local/lib/python3.7/site-packages/airflow/example_dags/example_task_group.py for tasks to queue
[2023-07-23T00:14:48.015+0000] {logging_mixin.py:150} INFO - [2023-07-23T00:14:48.014+0000] {dagbag.py:541} INFO - Filling up the DagBag from /home/airflow/.local/lib/python3.7/site-packages/airflow/example_dags/example_task_group.py
[2023-07-23T00:14:48.026+0000] {processor.py:836} INFO - DAG(s) dict_keys(['example_task_group']) retrieved from /home/airflow/.local/lib/python3.7/site-packages/airflow/example_dags/example_task_group.py
[2023-07-23T00:14:48.076+0000] {logging_mixin.py:150} INFO - [2023-07-23T00:14:48.076+0000] {dag.py:2742} INFO - Sync 1 DAGs
[2023-07-23T00:14:48.129+0000] {logging_mixin.py:150} INFO - [2023-07-23T00:14:48.129+0000] {dag.py:3508} INFO - Setting next_dagrun for example_task_group to 2023-07-22T00:14:48.122061+00:00, run_after=2023-07-23T00:14:48.122061+00:00
[2023-07-23T00:14:48.145+0000] {processor.py:179} INFO - Processing /home/airflow/.local/lib/python3.7/site-packages/airflow/example_dags/example_task_group.py took 0.138 seconds
[2023-07-23T00:15:19.771+0000] {processor.py:157} INFO - Started process (PID=3310) to work on /home/airflow/.local/lib/python3.7/site-packages/airflow/example_dags/example_task_group.py
[2023-07-23T00:15:19.774+0000] {processor.py:826} INFO - Processing file /home/airflow/.local/lib/python3.7/site-packages/airflow/example_dags/example_task_group.py for tasks to queue
[2023-07-23T00:15:19.776+0000] {logging_mixin.py:150} INFO - [2023-07-23T00:15:19.775+0000] {dagbag.py:541} INFO - Filling up the DagBag from /home/airflow/.local/lib/python3.7/site-packages/airflow/example_dags/example_task_group.py
[2023-07-23T00:15:19.787+0000] {processor.py:836} INFO - DAG(s) dict_keys(['example_task_group']) retrieved from /home/airflow/.local/lib/python3.7/site-packages/airflow/example_dags/example_task_group.py
[2023-07-23T00:15:19.831+0000] {logging_mixin.py:150} INFO - [2023-07-23T00:15:19.831+0000] {dag.py:2742} INFO - Sync 1 DAGs
[2023-07-23T00:15:19.855+0000] {logging_mixin.py:150} INFO - [2023-07-23T00:15:19.854+0000] {dag.py:3508} INFO - Setting next_dagrun for example_task_group to 2023-07-22T00:15:19.854543+00:00, run_after=2023-07-23T00:15:19.854543+00:00
[2023-07-23T00:15:19.869+0000] {processor.py:179} INFO - Processing /home/airflow/.local/lib/python3.7/site-packages/airflow/example_dags/example_task_group.py took 0.105 seconds
[2023-07-23T00:15:50.746+0000] {processor.py:157} INFO - Started process (PID=3373) to work on /home/airflow/.local/lib/python3.7/site-packages/airflow/example_dags/example_task_group.py
[2023-07-23T00:15:50.748+0000] {processor.py:826} INFO - Processing file /home/airflow/.local/lib/python3.7/site-packages/airflow/example_dags/example_task_group.py for tasks to queue
[2023-07-23T00:15:50.748+0000] {logging_mixin.py:150} INFO - [2023-07-23T00:15:50.748+0000] {dagbag.py:541} INFO - Filling up the DagBag from /home/airflow/.local/lib/python3.7/site-packages/airflow/example_dags/example_task_group.py
[2023-07-23T00:15:50.755+0000] {processor.py:836} INFO - DAG(s) dict_keys(['example_task_group']) retrieved from /home/airflow/.local/lib/python3.7/site-packages/airflow/example_dags/example_task_group.py
[2023-07-23T00:15:50.786+0000] {logging_mixin.py:150} INFO - [2023-07-23T00:15:50.785+0000] {dag.py:2742} INFO - Sync 1 DAGs
[2023-07-23T00:15:50.812+0000] {logging_mixin.py:150} INFO - [2023-07-23T00:15:50.812+0000] {dag.py:3508} INFO - Setting next_dagrun for example_task_group to 2023-07-22T00:15:50.812102+00:00, run_after=2023-07-23T00:15:50.812102+00:00
[2023-07-23T00:15:50.829+0000] {processor.py:179} INFO - Processing /home/airflow/.local/lib/python3.7/site-packages/airflow/example_dags/example_task_group.py took 0.086 seconds
[2023-07-23T00:16:20.950+0000] {processor.py:157} INFO - Started process (PID=3433) to work on /home/airflow/.local/lib/python3.7/site-packages/airflow/example_dags/example_task_group.py
[2023-07-23T00:16:20.951+0000] {processor.py:826} INFO - Processing file /home/airflow/.local/lib/python3.7/site-packages/airflow/example_dags/example_task_group.py for tasks to queue
[2023-07-23T00:16:20.954+0000] {logging_mixin.py:150} INFO - [2023-07-23T00:16:20.953+0000] {dagbag.py:541} INFO - Filling up the DagBag from /home/airflow/.local/lib/python3.7/site-packages/airflow/example_dags/example_task_group.py
[2023-07-23T00:16:20.962+0000] {processor.py:836} INFO - DAG(s) dict_keys(['example_task_group']) retrieved from /home/airflow/.local/lib/python3.7/site-packages/airflow/example_dags/example_task_group.py
[2023-07-23T00:16:20.983+0000] {logging_mixin.py:150} INFO - [2023-07-23T00:16:20.983+0000] {dag.py:2742} INFO - Sync 1 DAGs
[2023-07-23T00:16:21.000+0000] {logging_mixin.py:150} INFO - [2023-07-23T00:16:21.000+0000] {dag.py:3508} INFO - Setting next_dagrun for example_task_group to 2023-07-22T00:16:20.999888+00:00, run_after=2023-07-23T00:16:20.999888+00:00
[2023-07-23T00:16:21.011+0000] {processor.py:179} INFO - Processing /home/airflow/.local/lib/python3.7/site-packages/airflow/example_dags/example_task_group.py took 0.065 seconds
[2023-07-23T00:16:51.377+0000] {processor.py:157} INFO - Started process (PID=3498) to work on /home/airflow/.local/lib/python3.7/site-packages/airflow/example_dags/example_task_group.py
[2023-07-23T00:16:51.378+0000] {processor.py:826} INFO - Processing file /home/airflow/.local/lib/python3.7/site-packages/airflow/example_dags/example_task_group.py for tasks to queue
[2023-07-23T00:16:51.379+0000] {logging_mixin.py:150} INFO - [2023-07-23T00:16:51.379+0000] {dagbag.py:541} INFO - Filling up the DagBag from /home/airflow/.local/lib/python3.7/site-packages/airflow/example_dags/example_task_group.py
[2023-07-23T00:16:51.394+0000] {processor.py:836} INFO - DAG(s) dict_keys(['example_task_group']) retrieved from /home/airflow/.local/lib/python3.7/site-packages/airflow/example_dags/example_task_group.py
[2023-07-23T00:16:51.447+0000] {logging_mixin.py:150} INFO - [2023-07-23T00:16:51.447+0000] {dag.py:2742} INFO - Sync 1 DAGs
[2023-07-23T00:16:51.469+0000] {logging_mixin.py:150} INFO - [2023-07-23T00:16:51.469+0000] {dag.py:3508} INFO - Setting next_dagrun for example_task_group to 2023-07-22T00:16:51.469406+00:00, run_after=2023-07-23T00:16:51.469406+00:00
[2023-07-23T00:16:51.486+0000] {processor.py:179} INFO - Processing /home/airflow/.local/lib/python3.7/site-packages/airflow/example_dags/example_task_group.py took 0.114 seconds
[2023-07-23T00:17:22.365+0000] {processor.py:157} INFO - Started process (PID=3561) to work on /home/airflow/.local/lib/python3.7/site-packages/airflow/example_dags/example_task_group.py
[2023-07-23T00:17:22.367+0000] {processor.py:826} INFO - Processing file /home/airflow/.local/lib/python3.7/site-packages/airflow/example_dags/example_task_group.py for tasks to queue
[2023-07-23T00:17:22.368+0000] {logging_mixin.py:150} INFO - [2023-07-23T00:17:22.368+0000] {dagbag.py:541} INFO - Filling up the DagBag from /home/airflow/.local/lib/python3.7/site-packages/airflow/example_dags/example_task_group.py
[2023-07-23T00:17:22.374+0000] {processor.py:836} INFO - DAG(s) dict_keys(['example_task_group']) retrieved from /home/airflow/.local/lib/python3.7/site-packages/airflow/example_dags/example_task_group.py
[2023-07-23T00:17:22.513+0000] {logging_mixin.py:150} INFO - [2023-07-23T00:17:22.512+0000] {dag.py:2742} INFO - Sync 1 DAGs
[2023-07-23T00:17:22.570+0000] {logging_mixin.py:150} INFO - [2023-07-23T00:17:22.569+0000] {dag.py:3508} INFO - Setting next_dagrun for example_task_group to 2023-07-22T00:17:22.565415+00:00, run_after=2023-07-23T00:17:22.565415+00:00
[2023-07-23T00:17:22.600+0000] {processor.py:179} INFO - Processing /home/airflow/.local/lib/python3.7/site-packages/airflow/example_dags/example_task_group.py took 0.238 seconds
[2023-07-23T00:17:53.407+0000] {processor.py:157} INFO - Started process (PID=3624) to work on /home/airflow/.local/lib/python3.7/site-packages/airflow/example_dags/example_task_group.py
[2023-07-23T00:17:53.410+0000] {processor.py:826} INFO - Processing file /home/airflow/.local/lib/python3.7/site-packages/airflow/example_dags/example_task_group.py for tasks to queue
[2023-07-23T00:17:53.412+0000] {logging_mixin.py:150} INFO - [2023-07-23T00:17:53.412+0000] {dagbag.py:541} INFO - Filling up the DagBag from /home/airflow/.local/lib/python3.7/site-packages/airflow/example_dags/example_task_group.py
[2023-07-23T00:17:53.423+0000] {processor.py:836} INFO - DAG(s) dict_keys(['example_task_group']) retrieved from /home/airflow/.local/lib/python3.7/site-packages/airflow/example_dags/example_task_group.py
[2023-07-23T00:17:53.457+0000] {logging_mixin.py:150} INFO - [2023-07-23T00:17:53.457+0000] {dag.py:2742} INFO - Sync 1 DAGs
[2023-07-23T00:17:53.485+0000] {logging_mixin.py:150} INFO - [2023-07-23T00:17:53.485+0000] {dag.py:3508} INFO - Setting next_dagrun for example_task_group to 2023-07-22T00:17:53.485013+00:00, run_after=2023-07-23T00:17:53.485013+00:00
[2023-07-23T00:17:53.502+0000] {processor.py:179} INFO - Processing /home/airflow/.local/lib/python3.7/site-packages/airflow/example_dags/example_task_group.py took 0.101 seconds
[2023-07-23T00:18:24.030+0000] {processor.py:157} INFO - Started process (PID=3687) to work on /home/airflow/.local/lib/python3.7/site-packages/airflow/example_dags/example_task_group.py
[2023-07-23T00:18:24.032+0000] {processor.py:826} INFO - Processing file /home/airflow/.local/lib/python3.7/site-packages/airflow/example_dags/example_task_group.py for tasks to queue
[2023-07-23T00:18:24.033+0000] {logging_mixin.py:150} INFO - [2023-07-23T00:18:24.033+0000] {dagbag.py:541} INFO - Filling up the DagBag from /home/airflow/.local/lib/python3.7/site-packages/airflow/example_dags/example_task_group.py
[2023-07-23T00:18:24.043+0000] {processor.py:836} INFO - DAG(s) dict_keys(['example_task_group']) retrieved from /home/airflow/.local/lib/python3.7/site-packages/airflow/example_dags/example_task_group.py
[2023-07-23T00:18:24.064+0000] {logging_mixin.py:150} INFO - [2023-07-23T00:18:24.064+0000] {dag.py:2742} INFO - Sync 1 DAGs
[2023-07-23T00:18:24.081+0000] {logging_mixin.py:150} INFO - [2023-07-23T00:18:24.081+0000] {dag.py:3508} INFO - Setting next_dagrun for example_task_group to 2023-07-22T00:18:24.081545+00:00, run_after=2023-07-23T00:18:24.081545+00:00
[2023-07-23T00:18:24.093+0000] {processor.py:179} INFO - Processing /home/airflow/.local/lib/python3.7/site-packages/airflow/example_dags/example_task_group.py took 0.070 seconds
[2023-07-23T00:18:54.682+0000] {processor.py:157} INFO - Started process (PID=3749) to work on /home/airflow/.local/lib/python3.7/site-packages/airflow/example_dags/example_task_group.py
[2023-07-23T00:18:54.684+0000] {processor.py:826} INFO - Processing file /home/airflow/.local/lib/python3.7/site-packages/airflow/example_dags/example_task_group.py for tasks to queue
[2023-07-23T00:18:54.685+0000] {logging_mixin.py:150} INFO - [2023-07-23T00:18:54.685+0000] {dagbag.py:541} INFO - Filling up the DagBag from /home/airflow/.local/lib/python3.7/site-packages/airflow/example_dags/example_task_group.py
[2023-07-23T00:18:54.695+0000] {processor.py:836} INFO - DAG(s) dict_keys(['example_task_group']) retrieved from /home/airflow/.local/lib/python3.7/site-packages/airflow/example_dags/example_task_group.py
[2023-07-23T00:18:54.717+0000] {logging_mixin.py:150} INFO - [2023-07-23T00:18:54.717+0000] {dag.py:2742} INFO - Sync 1 DAGs
[2023-07-23T00:18:54.733+0000] {logging_mixin.py:150} INFO - [2023-07-23T00:18:54.733+0000] {dag.py:3508} INFO - Setting next_dagrun for example_task_group to 2023-07-22T00:18:54.733108+00:00, run_after=2023-07-23T00:18:54.733108+00:00
[2023-07-23T00:18:54.744+0000] {processor.py:179} INFO - Processing /home/airflow/.local/lib/python3.7/site-packages/airflow/example_dags/example_task_group.py took 0.068 seconds
[2023-07-23T00:19:25.038+0000] {processor.py:157} INFO - Started process (PID=3812) to work on /home/airflow/.local/lib/python3.7/site-packages/airflow/example_dags/example_task_group.py
[2023-07-23T00:19:25.040+0000] {processor.py:826} INFO - Processing file /home/airflow/.local/lib/python3.7/site-packages/airflow/example_dags/example_task_group.py for tasks to queue
[2023-07-23T00:19:25.044+0000] {logging_mixin.py:150} INFO - [2023-07-23T00:19:25.043+0000] {dagbag.py:541} INFO - Filling up the DagBag from /home/airflow/.local/lib/python3.7/site-packages/airflow/example_dags/example_task_group.py
[2023-07-23T00:19:25.070+0000] {processor.py:836} INFO - DAG(s) dict_keys(['example_task_group']) retrieved from /home/airflow/.local/lib/python3.7/site-packages/airflow/example_dags/example_task_group.py
[2023-07-23T00:19:25.111+0000] {logging_mixin.py:150} INFO - [2023-07-23T00:19:25.111+0000] {dag.py:2742} INFO - Sync 1 DAGs
[2023-07-23T00:19:25.133+0000] {logging_mixin.py:150} INFO - [2023-07-23T00:19:25.133+0000] {dag.py:3508} INFO - Setting next_dagrun for example_task_group to 2023-07-22T00:19:25.133137+00:00, run_after=2023-07-23T00:19:25.133137+00:00
[2023-07-23T00:19:25.148+0000] {processor.py:179} INFO - Processing /home/airflow/.local/lib/python3.7/site-packages/airflow/example_dags/example_task_group.py took 0.115 seconds
[2023-07-23T00:19:55.562+0000] {processor.py:157} INFO - Started process (PID=3875) to work on /home/airflow/.local/lib/python3.7/site-packages/airflow/example_dags/example_task_group.py
[2023-07-23T00:19:55.564+0000] {processor.py:826} INFO - Processing file /home/airflow/.local/lib/python3.7/site-packages/airflow/example_dags/example_task_group.py for tasks to queue
[2023-07-23T00:19:55.566+0000] {logging_mixin.py:150} INFO - [2023-07-23T00:19:55.565+0000] {dagbag.py:541} INFO - Filling up the DagBag from /home/airflow/.local/lib/python3.7/site-packages/airflow/example_dags/example_task_group.py
[2023-07-23T00:19:55.576+0000] {processor.py:836} INFO - DAG(s) dict_keys(['example_task_group']) retrieved from /home/airflow/.local/lib/python3.7/site-packages/airflow/example_dags/example_task_group.py
[2023-07-23T00:19:55.604+0000] {logging_mixin.py:150} INFO - [2023-07-23T00:19:55.604+0000] {dag.py:2742} INFO - Sync 1 DAGs
[2023-07-23T00:19:55.626+0000] {logging_mixin.py:150} INFO - [2023-07-23T00:19:55.626+0000] {dag.py:3508} INFO - Setting next_dagrun for example_task_group to 2023-07-22T00:19:55.626104+00:00, run_after=2023-07-23T00:19:55.626104+00:00
[2023-07-23T00:19:55.639+0000] {processor.py:179} INFO - Processing /home/airflow/.local/lib/python3.7/site-packages/airflow/example_dags/example_task_group.py took 0.082 seconds
[2023-07-23T00:20:26.209+0000] {processor.py:157} INFO - Started process (PID=3938) to work on /home/airflow/.local/lib/python3.7/site-packages/airflow/example_dags/example_task_group.py
[2023-07-23T00:20:26.212+0000] {processor.py:826} INFO - Processing file /home/airflow/.local/lib/python3.7/site-packages/airflow/example_dags/example_task_group.py for tasks to queue
[2023-07-23T00:20:26.214+0000] {logging_mixin.py:150} INFO - [2023-07-23T00:20:26.213+0000] {dagbag.py:541} INFO - Filling up the DagBag from /home/airflow/.local/lib/python3.7/site-packages/airflow/example_dags/example_task_group.py
[2023-07-23T00:20:26.225+0000] {processor.py:836} INFO - DAG(s) dict_keys(['example_task_group']) retrieved from /home/airflow/.local/lib/python3.7/site-packages/airflow/example_dags/example_task_group.py
[2023-07-23T00:20:26.249+0000] {logging_mixin.py:150} INFO - [2023-07-23T00:20:26.249+0000] {dag.py:2742} INFO - Sync 1 DAGs
[2023-07-23T00:20:26.266+0000] {logging_mixin.py:150} INFO - [2023-07-23T00:20:26.266+0000] {dag.py:3508} INFO - Setting next_dagrun for example_task_group to 2023-07-22T00:20:26.266049+00:00, run_after=2023-07-23T00:20:26.266049+00:00
[2023-07-23T00:20:26.278+0000] {processor.py:179} INFO - Processing /home/airflow/.local/lib/python3.7/site-packages/airflow/example_dags/example_task_group.py took 0.075 seconds
[2023-07-23T00:20:56.632+0000] {processor.py:157} INFO - Started process (PID=4001) to work on /home/airflow/.local/lib/python3.7/site-packages/airflow/example_dags/example_task_group.py
[2023-07-23T00:20:56.633+0000] {processor.py:826} INFO - Processing file /home/airflow/.local/lib/python3.7/site-packages/airflow/example_dags/example_task_group.py for tasks to queue
[2023-07-23T00:20:56.634+0000] {logging_mixin.py:150} INFO - [2023-07-23T00:20:56.634+0000] {dagbag.py:541} INFO - Filling up the DagBag from /home/airflow/.local/lib/python3.7/site-packages/airflow/example_dags/example_task_group.py
[2023-07-23T00:20:56.642+0000] {processor.py:836} INFO - DAG(s) dict_keys(['example_task_group']) retrieved from /home/airflow/.local/lib/python3.7/site-packages/airflow/example_dags/example_task_group.py
[2023-07-23T00:20:56.663+0000] {logging_mixin.py:150} INFO - [2023-07-23T00:20:56.663+0000] {dag.py:2742} INFO - Sync 1 DAGs
[2023-07-23T00:20:56.678+0000] {logging_mixin.py:150} INFO - [2023-07-23T00:20:56.678+0000] {dag.py:3508} INFO - Setting next_dagrun for example_task_group to 2023-07-22T00:20:56.678333+00:00, run_after=2023-07-23T00:20:56.678333+00:00
[2023-07-23T00:20:56.690+0000] {processor.py:179} INFO - Processing /home/airflow/.local/lib/python3.7/site-packages/airflow/example_dags/example_task_group.py took 0.063 seconds
[2023-07-23T00:21:27.184+0000] {processor.py:157} INFO - Started process (PID=4064) to work on /home/airflow/.local/lib/python3.7/site-packages/airflow/example_dags/example_task_group.py
[2023-07-23T00:21:27.186+0000] {processor.py:826} INFO - Processing file /home/airflow/.local/lib/python3.7/site-packages/airflow/example_dags/example_task_group.py for tasks to queue
[2023-07-23T00:21:27.187+0000] {logging_mixin.py:150} INFO - [2023-07-23T00:21:27.187+0000] {dagbag.py:541} INFO - Filling up the DagBag from /home/airflow/.local/lib/python3.7/site-packages/airflow/example_dags/example_task_group.py
[2023-07-23T00:21:27.196+0000] {processor.py:836} INFO - DAG(s) dict_keys(['example_task_group']) retrieved from /home/airflow/.local/lib/python3.7/site-packages/airflow/example_dags/example_task_group.py
[2023-07-23T00:21:27.224+0000] {logging_mixin.py:150} INFO - [2023-07-23T00:21:27.224+0000] {dag.py:2742} INFO - Sync 1 DAGs
[2023-07-23T00:21:27.240+0000] {logging_mixin.py:150} INFO - [2023-07-23T00:21:27.240+0000] {dag.py:3508} INFO - Setting next_dagrun for example_task_group to 2023-07-22T00:21:27.239989+00:00, run_after=2023-07-23T00:21:27.239989+00:00
[2023-07-23T00:21:27.252+0000] {processor.py:179} INFO - Processing /home/airflow/.local/lib/python3.7/site-packages/airflow/example_dags/example_task_group.py took 0.071 seconds
[2023-07-23T00:21:57.301+0000] {processor.py:157} INFO - Started process (PID=4126) to work on /home/airflow/.local/lib/python3.7/site-packages/airflow/example_dags/example_task_group.py
[2023-07-23T00:21:57.302+0000] {processor.py:826} INFO - Processing file /home/airflow/.local/lib/python3.7/site-packages/airflow/example_dags/example_task_group.py for tasks to queue
[2023-07-23T00:21:57.303+0000] {logging_mixin.py:150} INFO - [2023-07-23T00:21:57.303+0000] {dagbag.py:541} INFO - Filling up the DagBag from /home/airflow/.local/lib/python3.7/site-packages/airflow/example_dags/example_task_group.py
[2023-07-23T00:21:57.309+0000] {processor.py:836} INFO - DAG(s) dict_keys(['example_task_group']) retrieved from /home/airflow/.local/lib/python3.7/site-packages/airflow/example_dags/example_task_group.py
[2023-07-23T00:21:57.328+0000] {logging_mixin.py:150} INFO - [2023-07-23T00:21:57.328+0000] {dag.py:2742} INFO - Sync 1 DAGs
[2023-07-23T00:21:57.344+0000] {logging_mixin.py:150} INFO - [2023-07-23T00:21:57.344+0000] {dag.py:3508} INFO - Setting next_dagrun for example_task_group to 2023-07-22T00:21:57.344109+00:00, run_after=2023-07-23T00:21:57.344109+00:00
[2023-07-23T00:21:57.355+0000] {processor.py:179} INFO - Processing /home/airflow/.local/lib/python3.7/site-packages/airflow/example_dags/example_task_group.py took 0.057 seconds
[2023-07-23T00:22:27.885+0000] {processor.py:157} INFO - Started process (PID=4189) to work on /home/airflow/.local/lib/python3.7/site-packages/airflow/example_dags/example_task_group.py
[2023-07-23T00:22:27.887+0000] {processor.py:826} INFO - Processing file /home/airflow/.local/lib/python3.7/site-packages/airflow/example_dags/example_task_group.py for tasks to queue
[2023-07-23T00:22:27.888+0000] {logging_mixin.py:150} INFO - [2023-07-23T00:22:27.888+0000] {dagbag.py:541} INFO - Filling up the DagBag from /home/airflow/.local/lib/python3.7/site-packages/airflow/example_dags/example_task_group.py
[2023-07-23T00:22:27.894+0000] {processor.py:836} INFO - DAG(s) dict_keys(['example_task_group']) retrieved from /home/airflow/.local/lib/python3.7/site-packages/airflow/example_dags/example_task_group.py
[2023-07-23T00:22:27.912+0000] {logging_mixin.py:150} INFO - [2023-07-23T00:22:27.912+0000] {dag.py:2742} INFO - Sync 1 DAGs
[2023-07-23T00:22:27.928+0000] {logging_mixin.py:150} INFO - [2023-07-23T00:22:27.928+0000] {dag.py:3508} INFO - Setting next_dagrun for example_task_group to 2023-07-22T00:22:27.928229+00:00, run_after=2023-07-23T00:22:27.928229+00:00
[2023-07-23T00:22:27.939+0000] {processor.py:179} INFO - Processing /home/airflow/.local/lib/python3.7/site-packages/airflow/example_dags/example_task_group.py took 0.057 seconds
[2023-07-23T00:22:58.875+0000] {processor.py:157} INFO - Started process (PID=4252) to work on /home/airflow/.local/lib/python3.7/site-packages/airflow/example_dags/example_task_group.py
[2023-07-23T00:22:58.877+0000] {processor.py:826} INFO - Processing file /home/airflow/.local/lib/python3.7/site-packages/airflow/example_dags/example_task_group.py for tasks to queue
[2023-07-23T00:22:58.878+0000] {logging_mixin.py:150} INFO - [2023-07-23T00:22:58.878+0000] {dagbag.py:541} INFO - Filling up the DagBag from /home/airflow/.local/lib/python3.7/site-packages/airflow/example_dags/example_task_group.py
[2023-07-23T00:22:58.885+0000] {processor.py:836} INFO - DAG(s) dict_keys(['example_task_group']) retrieved from /home/airflow/.local/lib/python3.7/site-packages/airflow/example_dags/example_task_group.py
[2023-07-23T00:22:58.906+0000] {logging_mixin.py:150} INFO - [2023-07-23T00:22:58.906+0000] {dag.py:2742} INFO - Sync 1 DAGs
[2023-07-23T00:22:58.923+0000] {logging_mixin.py:150} INFO - [2023-07-23T00:22:58.923+0000] {dag.py:3508} INFO - Setting next_dagrun for example_task_group to 2023-07-22T00:22:58.923414+00:00, run_after=2023-07-23T00:22:58.923414+00:00
[2023-07-23T00:22:58.935+0000] {processor.py:179} INFO - Processing /home/airflow/.local/lib/python3.7/site-packages/airflow/example_dags/example_task_group.py took 0.063 seconds
[2023-07-23T00:23:29.275+0000] {processor.py:157} INFO - Started process (PID=4316) to work on /home/airflow/.local/lib/python3.7/site-packages/airflow/example_dags/example_task_group.py
[2023-07-23T00:23:29.276+0000] {processor.py:826} INFO - Processing file /home/airflow/.local/lib/python3.7/site-packages/airflow/example_dags/example_task_group.py for tasks to queue
[2023-07-23T00:23:29.278+0000] {logging_mixin.py:150} INFO - [2023-07-23T00:23:29.277+0000] {dagbag.py:541} INFO - Filling up the DagBag from /home/airflow/.local/lib/python3.7/site-packages/airflow/example_dags/example_task_group.py
[2023-07-23T00:23:29.285+0000] {processor.py:836} INFO - DAG(s) dict_keys(['example_task_group']) retrieved from /home/airflow/.local/lib/python3.7/site-packages/airflow/example_dags/example_task_group.py
[2023-07-23T00:23:29.307+0000] {logging_mixin.py:150} INFO - [2023-07-23T00:23:29.307+0000] {dag.py:2742} INFO - Sync 1 DAGs
[2023-07-23T00:23:29.325+0000] {logging_mixin.py:150} INFO - [2023-07-23T00:23:29.324+0000] {dag.py:3508} INFO - Setting next_dagrun for example_task_group to 2023-07-22T00:23:29.324709+00:00, run_after=2023-07-23T00:23:29.324709+00:00
[2023-07-23T00:23:29.338+0000] {processor.py:179} INFO - Processing /home/airflow/.local/lib/python3.7/site-packages/airflow/example_dags/example_task_group.py took 0.066 seconds
[2023-07-23T00:23:59.582+0000] {processor.py:157} INFO - Started process (PID=4379) to work on /home/airflow/.local/lib/python3.7/site-packages/airflow/example_dags/example_task_group.py
[2023-07-23T00:23:59.583+0000] {processor.py:826} INFO - Processing file /home/airflow/.local/lib/python3.7/site-packages/airflow/example_dags/example_task_group.py for tasks to queue
[2023-07-23T00:23:59.584+0000] {logging_mixin.py:150} INFO - [2023-07-23T00:23:59.584+0000] {dagbag.py:541} INFO - Filling up the DagBag from /home/airflow/.local/lib/python3.7/site-packages/airflow/example_dags/example_task_group.py
[2023-07-23T00:23:59.593+0000] {processor.py:836} INFO - DAG(s) dict_keys(['example_task_group']) retrieved from /home/airflow/.local/lib/python3.7/site-packages/airflow/example_dags/example_task_group.py
[2023-07-23T00:23:59.614+0000] {logging_mixin.py:150} INFO - [2023-07-23T00:23:59.614+0000] {dag.py:2742} INFO - Sync 1 DAGs
[2023-07-23T00:23:59.630+0000] {logging_mixin.py:150} INFO - [2023-07-23T00:23:59.630+0000] {dag.py:3508} INFO - Setting next_dagrun for example_task_group to 2023-07-22T00:23:59.630165+00:00, run_after=2023-07-23T00:23:59.630165+00:00
[2023-07-23T00:23:59.643+0000] {processor.py:179} INFO - Processing /home/airflow/.local/lib/python3.7/site-packages/airflow/example_dags/example_task_group.py took 0.066 seconds
[2023-07-23T00:24:29.723+0000] {processor.py:157} INFO - Started process (PID=4443) to work on /home/airflow/.local/lib/python3.7/site-packages/airflow/example_dags/example_task_group.py
[2023-07-23T00:24:29.724+0000] {processor.py:826} INFO - Processing file /home/airflow/.local/lib/python3.7/site-packages/airflow/example_dags/example_task_group.py for tasks to queue
[2023-07-23T00:24:29.725+0000] {logging_mixin.py:150} INFO - [2023-07-23T00:24:29.725+0000] {dagbag.py:541} INFO - Filling up the DagBag from /home/airflow/.local/lib/python3.7/site-packages/airflow/example_dags/example_task_group.py
[2023-07-23T00:24:29.733+0000] {processor.py:836} INFO - DAG(s) dict_keys(['example_task_group']) retrieved from /home/airflow/.local/lib/python3.7/site-packages/airflow/example_dags/example_task_group.py
[2023-07-23T00:24:29.756+0000] {logging_mixin.py:150} INFO - [2023-07-23T00:24:29.756+0000] {dag.py:2742} INFO - Sync 1 DAGs
[2023-07-23T00:24:29.772+0000] {logging_mixin.py:150} INFO - [2023-07-23T00:24:29.772+0000] {dag.py:3508} INFO - Setting next_dagrun for example_task_group to 2023-07-22T00:24:29.772258+00:00, run_after=2023-07-23T00:24:29.772258+00:00
[2023-07-23T00:24:29.783+0000] {processor.py:179} INFO - Processing /home/airflow/.local/lib/python3.7/site-packages/airflow/example_dags/example_task_group.py took 0.063 seconds
[2023-07-23T00:25:00.031+0000] {processor.py:157} INFO - Started process (PID=4506) to work on /home/airflow/.local/lib/python3.7/site-packages/airflow/example_dags/example_task_group.py
[2023-07-23T00:25:00.034+0000] {processor.py:826} INFO - Processing file /home/airflow/.local/lib/python3.7/site-packages/airflow/example_dags/example_task_group.py for tasks to queue
[2023-07-23T00:25:00.039+0000] {logging_mixin.py:150} INFO - [2023-07-23T00:25:00.037+0000] {dagbag.py:541} INFO - Filling up the DagBag from /home/airflow/.local/lib/python3.7/site-packages/airflow/example_dags/example_task_group.py
[2023-07-23T00:25:00.053+0000] {processor.py:836} INFO - DAG(s) dict_keys(['example_task_group']) retrieved from /home/airflow/.local/lib/python3.7/site-packages/airflow/example_dags/example_task_group.py
[2023-07-23T00:25:00.078+0000] {logging_mixin.py:150} INFO - [2023-07-23T00:25:00.077+0000] {dag.py:2742} INFO - Sync 1 DAGs
[2023-07-23T00:25:00.189+0000] {logging_mixin.py:150} INFO - [2023-07-23T00:25:00.188+0000] {dag.py:3508} INFO - Setting next_dagrun for example_task_group to 2023-07-22T00:25:00.186232+00:00, run_after=2023-07-23T00:25:00.186232+00:00
[2023-07-23T00:25:00.201+0000] {processor.py:179} INFO - Processing /home/airflow/.local/lib/python3.7/site-packages/airflow/example_dags/example_task_group.py took 0.177 seconds
[2023-07-23T00:25:30.244+0000] {processor.py:157} INFO - Started process (PID=4570) to work on /home/airflow/.local/lib/python3.7/site-packages/airflow/example_dags/example_task_group.py
[2023-07-23T00:25:30.245+0000] {processor.py:826} INFO - Processing file /home/airflow/.local/lib/python3.7/site-packages/airflow/example_dags/example_task_group.py for tasks to queue
[2023-07-23T00:25:30.246+0000] {logging_mixin.py:150} INFO - [2023-07-23T00:25:30.246+0000] {dagbag.py:541} INFO - Filling up the DagBag from /home/airflow/.local/lib/python3.7/site-packages/airflow/example_dags/example_task_group.py
[2023-07-23T00:25:30.252+0000] {processor.py:836} INFO - DAG(s) dict_keys(['example_task_group']) retrieved from /home/airflow/.local/lib/python3.7/site-packages/airflow/example_dags/example_task_group.py
[2023-07-23T00:25:30.272+0000] {logging_mixin.py:150} INFO - [2023-07-23T00:25:30.272+0000] {dag.py:2742} INFO - Sync 1 DAGs
[2023-07-23T00:25:30.293+0000] {logging_mixin.py:150} INFO - [2023-07-23T00:25:30.293+0000] {dag.py:3508} INFO - Setting next_dagrun for example_task_group to 2023-07-22T00:25:30.293383+00:00, run_after=2023-07-23T00:25:30.293383+00:00
[2023-07-23T00:25:30.305+0000] {processor.py:179} INFO - Processing /home/airflow/.local/lib/python3.7/site-packages/airflow/example_dags/example_task_group.py took 0.064 seconds
[2023-07-23T00:26:00.988+0000] {processor.py:157} INFO - Started process (PID=4628) to work on /home/airflow/.local/lib/python3.7/site-packages/airflow/example_dags/example_task_group.py
[2023-07-23T00:26:00.990+0000] {processor.py:826} INFO - Processing file /home/airflow/.local/lib/python3.7/site-packages/airflow/example_dags/example_task_group.py for tasks to queue
[2023-07-23T00:26:00.991+0000] {logging_mixin.py:150} INFO - [2023-07-23T00:26:00.991+0000] {dagbag.py:541} INFO - Filling up the DagBag from /home/airflow/.local/lib/python3.7/site-packages/airflow/example_dags/example_task_group.py
[2023-07-23T00:26:01.001+0000] {processor.py:836} INFO - DAG(s) dict_keys(['example_task_group']) retrieved from /home/airflow/.local/lib/python3.7/site-packages/airflow/example_dags/example_task_group.py
[2023-07-23T00:26:01.023+0000] {logging_mixin.py:150} INFO - [2023-07-23T00:26:01.023+0000] {dag.py:2742} INFO - Sync 1 DAGs
[2023-07-23T00:26:01.049+0000] {logging_mixin.py:150} INFO - [2023-07-23T00:26:01.049+0000] {dag.py:3508} INFO - Setting next_dagrun for example_task_group to 2023-07-22T00:26:01.048995+00:00, run_after=2023-07-23T00:26:01.048995+00:00
[2023-07-23T00:26:01.089+0000] {processor.py:179} INFO - Processing /home/airflow/.local/lib/python3.7/site-packages/airflow/example_dags/example_task_group.py took 0.104 seconds
