[2023-07-23T00:00:10.306+0000] {processor.py:157} INFO - Started process (PID=1427) to work on /home/airflow/.local/lib/python3.7/site-packages/airflow/example_dags/example_branch_day_of_week_operator.py
[2023-07-23T00:00:10.307+0000] {processor.py:826} INFO - Processing file /home/airflow/.local/lib/python3.7/site-packages/airflow/example_dags/example_branch_day_of_week_operator.py for tasks to queue
[2023-07-23T00:00:10.308+0000] {logging_mixin.py:150} INFO - [2023-07-23T00:00:10.308+0000] {dagbag.py:541} INFO - Filling up the DagBag from /home/airflow/.local/lib/python3.7/site-packages/airflow/example_dags/example_branch_day_of_week_operator.py
[2023-07-23T00:00:10.314+0000] {processor.py:836} INFO - DAG(s) dict_keys(['example_weekday_branch_operator']) retrieved from /home/airflow/.local/lib/python3.7/site-packages/airflow/example_dags/example_branch_day_of_week_operator.py
[2023-07-23T00:00:10.333+0000] {logging_mixin.py:150} INFO - [2023-07-23T00:00:10.332+0000] {dag.py:2742} INFO - Sync 1 DAGs
[2023-07-23T00:00:10.350+0000] {logging_mixin.py:150} INFO - [2023-07-23T00:00:10.350+0000] {dag.py:3508} INFO - Setting next_dagrun for example_weekday_branch_operator to 2023-07-22T00:00:00+00:00, run_after=2023-07-23T00:00:00+00:00
[2023-07-23T00:00:10.368+0000] {processor.py:179} INFO - Processing /home/airflow/.local/lib/python3.7/site-packages/airflow/example_dags/example_branch_day_of_week_operator.py took 0.065 seconds
[2023-07-23T00:00:40.500+0000] {processor.py:157} INFO - Started process (PID=1493) to work on /home/airflow/.local/lib/python3.7/site-packages/airflow/example_dags/example_branch_day_of_week_operator.py
[2023-07-23T00:00:40.501+0000] {processor.py:826} INFO - Processing file /home/airflow/.local/lib/python3.7/site-packages/airflow/example_dags/example_branch_day_of_week_operator.py for tasks to queue
[2023-07-23T00:00:40.502+0000] {logging_mixin.py:150} INFO - [2023-07-23T00:00:40.501+0000] {dagbag.py:541} INFO - Filling up the DagBag from /home/airflow/.local/lib/python3.7/site-packages/airflow/example_dags/example_branch_day_of_week_operator.py
[2023-07-23T00:00:40.508+0000] {processor.py:836} INFO - DAG(s) dict_keys(['example_weekday_branch_operator']) retrieved from /home/airflow/.local/lib/python3.7/site-packages/airflow/example_dags/example_branch_day_of_week_operator.py
[2023-07-23T00:00:40.529+0000] {logging_mixin.py:150} INFO - [2023-07-23T00:00:40.529+0000] {dag.py:2742} INFO - Sync 1 DAGs
[2023-07-23T00:00:40.547+0000] {logging_mixin.py:150} INFO - [2023-07-23T00:00:40.547+0000] {dag.py:3508} INFO - Setting next_dagrun for example_weekday_branch_operator to 2023-07-22T00:00:00+00:00, run_after=2023-07-23T00:00:00+00:00
[2023-07-23T00:00:40.560+0000] {processor.py:179} INFO - Processing /home/airflow/.local/lib/python3.7/site-packages/airflow/example_dags/example_branch_day_of_week_operator.py took 0.063 seconds
[2023-07-23T00:01:11.445+0000] {processor.py:157} INFO - Started process (PID=1556) to work on /home/airflow/.local/lib/python3.7/site-packages/airflow/example_dags/example_branch_day_of_week_operator.py
[2023-07-23T00:01:11.446+0000] {processor.py:826} INFO - Processing file /home/airflow/.local/lib/python3.7/site-packages/airflow/example_dags/example_branch_day_of_week_operator.py for tasks to queue
[2023-07-23T00:01:11.451+0000] {logging_mixin.py:150} INFO - [2023-07-23T00:01:11.450+0000] {dagbag.py:541} INFO - Filling up the DagBag from /home/airflow/.local/lib/python3.7/site-packages/airflow/example_dags/example_branch_day_of_week_operator.py
[2023-07-23T00:01:11.457+0000] {processor.py:836} INFO - DAG(s) dict_keys(['example_weekday_branch_operator']) retrieved from /home/airflow/.local/lib/python3.7/site-packages/airflow/example_dags/example_branch_day_of_week_operator.py
[2023-07-23T00:01:11.486+0000] {logging_mixin.py:150} INFO - [2023-07-23T00:01:11.486+0000] {dag.py:2742} INFO - Sync 1 DAGs
[2023-07-23T00:01:11.514+0000] {logging_mixin.py:150} INFO - [2023-07-23T00:01:11.514+0000] {dag.py:3508} INFO - Setting next_dagrun for example_weekday_branch_operator to 2023-07-22T00:00:00+00:00, run_after=2023-07-23T00:00:00+00:00
[2023-07-23T00:01:11.524+0000] {processor.py:179} INFO - Processing /home/airflow/.local/lib/python3.7/site-packages/airflow/example_dags/example_branch_day_of_week_operator.py took 0.082 seconds
[2023-07-23T00:01:41.668+0000] {processor.py:157} INFO - Started process (PID=1619) to work on /home/airflow/.local/lib/python3.7/site-packages/airflow/example_dags/example_branch_day_of_week_operator.py
[2023-07-23T00:01:41.669+0000] {processor.py:826} INFO - Processing file /home/airflow/.local/lib/python3.7/site-packages/airflow/example_dags/example_branch_day_of_week_operator.py for tasks to queue
[2023-07-23T00:01:41.670+0000] {logging_mixin.py:150} INFO - [2023-07-23T00:01:41.670+0000] {dagbag.py:541} INFO - Filling up the DagBag from /home/airflow/.local/lib/python3.7/site-packages/airflow/example_dags/example_branch_day_of_week_operator.py
[2023-07-23T00:01:41.678+0000] {processor.py:836} INFO - DAG(s) dict_keys(['example_weekday_branch_operator']) retrieved from /home/airflow/.local/lib/python3.7/site-packages/airflow/example_dags/example_branch_day_of_week_operator.py
[2023-07-23T00:01:41.699+0000] {logging_mixin.py:150} INFO - [2023-07-23T00:01:41.699+0000] {dag.py:2742} INFO - Sync 1 DAGs
[2023-07-23T00:01:41.716+0000] {logging_mixin.py:150} INFO - [2023-07-23T00:01:41.716+0000] {dag.py:3508} INFO - Setting next_dagrun for example_weekday_branch_operator to 2023-07-22T00:00:00+00:00, run_after=2023-07-23T00:00:00+00:00
[2023-07-23T00:01:41.731+0000] {processor.py:179} INFO - Processing /home/airflow/.local/lib/python3.7/site-packages/airflow/example_dags/example_branch_day_of_week_operator.py took 0.066 seconds
[2023-07-23T00:02:12.545+0000] {processor.py:157} INFO - Started process (PID=1684) to work on /home/airflow/.local/lib/python3.7/site-packages/airflow/example_dags/example_branch_day_of_week_operator.py
[2023-07-23T00:02:12.546+0000] {processor.py:826} INFO - Processing file /home/airflow/.local/lib/python3.7/site-packages/airflow/example_dags/example_branch_day_of_week_operator.py for tasks to queue
[2023-07-23T00:02:12.547+0000] {logging_mixin.py:150} INFO - [2023-07-23T00:02:12.547+0000] {dagbag.py:541} INFO - Filling up the DagBag from /home/airflow/.local/lib/python3.7/site-packages/airflow/example_dags/example_branch_day_of_week_operator.py
[2023-07-23T00:02:12.554+0000] {processor.py:836} INFO - DAG(s) dict_keys(['example_weekday_branch_operator']) retrieved from /home/airflow/.local/lib/python3.7/site-packages/airflow/example_dags/example_branch_day_of_week_operator.py
[2023-07-23T00:02:12.575+0000] {logging_mixin.py:150} INFO - [2023-07-23T00:02:12.575+0000] {dag.py:2742} INFO - Sync 1 DAGs
[2023-07-23T00:02:12.594+0000] {logging_mixin.py:150} INFO - [2023-07-23T00:02:12.594+0000] {dag.py:3508} INFO - Setting next_dagrun for example_weekday_branch_operator to 2023-07-22T00:00:00+00:00, run_after=2023-07-23T00:00:00+00:00
[2023-07-23T00:02:12.606+0000] {processor.py:179} INFO - Processing /home/airflow/.local/lib/python3.7/site-packages/airflow/example_dags/example_branch_day_of_week_operator.py took 0.064 seconds
[2023-07-23T00:02:43.097+0000] {processor.py:157} INFO - Started process (PID=1750) to work on /home/airflow/.local/lib/python3.7/site-packages/airflow/example_dags/example_branch_day_of_week_operator.py
[2023-07-23T00:02:43.098+0000] {processor.py:826} INFO - Processing file /home/airflow/.local/lib/python3.7/site-packages/airflow/example_dags/example_branch_day_of_week_operator.py for tasks to queue
[2023-07-23T00:02:43.099+0000] {logging_mixin.py:150} INFO - [2023-07-23T00:02:43.098+0000] {dagbag.py:541} INFO - Filling up the DagBag from /home/airflow/.local/lib/python3.7/site-packages/airflow/example_dags/example_branch_day_of_week_operator.py
[2023-07-23T00:02:43.105+0000] {processor.py:836} INFO - DAG(s) dict_keys(['example_weekday_branch_operator']) retrieved from /home/airflow/.local/lib/python3.7/site-packages/airflow/example_dags/example_branch_day_of_week_operator.py
[2023-07-23T00:02:43.122+0000] {logging_mixin.py:150} INFO - [2023-07-23T00:02:43.122+0000] {dag.py:2742} INFO - Sync 1 DAGs
[2023-07-23T00:02:43.138+0000] {logging_mixin.py:150} INFO - [2023-07-23T00:02:43.138+0000] {dag.py:3508} INFO - Setting next_dagrun for example_weekday_branch_operator to 2023-07-22T00:00:00+00:00, run_after=2023-07-23T00:00:00+00:00
[2023-07-23T00:02:43.149+0000] {processor.py:179} INFO - Processing /home/airflow/.local/lib/python3.7/site-packages/airflow/example_dags/example_branch_day_of_week_operator.py took 0.054 seconds
[2023-07-23T00:03:13.637+0000] {processor.py:157} INFO - Started process (PID=1814) to work on /home/airflow/.local/lib/python3.7/site-packages/airflow/example_dags/example_branch_day_of_week_operator.py
[2023-07-23T00:03:13.638+0000] {processor.py:826} INFO - Processing file /home/airflow/.local/lib/python3.7/site-packages/airflow/example_dags/example_branch_day_of_week_operator.py for tasks to queue
[2023-07-23T00:03:13.639+0000] {logging_mixin.py:150} INFO - [2023-07-23T00:03:13.639+0000] {dagbag.py:541} INFO - Filling up the DagBag from /home/airflow/.local/lib/python3.7/site-packages/airflow/example_dags/example_branch_day_of_week_operator.py
[2023-07-23T00:03:13.646+0000] {processor.py:836} INFO - DAG(s) dict_keys(['example_weekday_branch_operator']) retrieved from /home/airflow/.local/lib/python3.7/site-packages/airflow/example_dags/example_branch_day_of_week_operator.py
[2023-07-23T00:03:13.676+0000] {logging_mixin.py:150} INFO - [2023-07-23T00:03:13.676+0000] {dag.py:2742} INFO - Sync 1 DAGs
[2023-07-23T00:03:13.702+0000] {logging_mixin.py:150} INFO - [2023-07-23T00:03:13.702+0000] {dag.py:3508} INFO - Setting next_dagrun for example_weekday_branch_operator to 2023-07-22T00:00:00+00:00, run_after=2023-07-23T00:00:00+00:00
[2023-07-23T00:03:13.729+0000] {processor.py:179} INFO - Processing /home/airflow/.local/lib/python3.7/site-packages/airflow/example_dags/example_branch_day_of_week_operator.py took 0.095 seconds
[2023-07-23T00:03:44.057+0000] {processor.py:157} INFO - Started process (PID=1877) to work on /home/airflow/.local/lib/python3.7/site-packages/airflow/example_dags/example_branch_day_of_week_operator.py
[2023-07-23T00:03:44.058+0000] {processor.py:826} INFO - Processing file /home/airflow/.local/lib/python3.7/site-packages/airflow/example_dags/example_branch_day_of_week_operator.py for tasks to queue
[2023-07-23T00:03:44.058+0000] {logging_mixin.py:150} INFO - [2023-07-23T00:03:44.058+0000] {dagbag.py:541} INFO - Filling up the DagBag from /home/airflow/.local/lib/python3.7/site-packages/airflow/example_dags/example_branch_day_of_week_operator.py
[2023-07-23T00:03:44.064+0000] {processor.py:836} INFO - DAG(s) dict_keys(['example_weekday_branch_operator']) retrieved from /home/airflow/.local/lib/python3.7/site-packages/airflow/example_dags/example_branch_day_of_week_operator.py
[2023-07-23T00:03:44.085+0000] {logging_mixin.py:150} INFO - [2023-07-23T00:03:44.085+0000] {dag.py:2742} INFO - Sync 1 DAGs
[2023-07-23T00:03:44.102+0000] {logging_mixin.py:150} INFO - [2023-07-23T00:03:44.102+0000] {dag.py:3508} INFO - Setting next_dagrun for example_weekday_branch_operator to 2023-07-22T00:00:00+00:00, run_after=2023-07-23T00:00:00+00:00
[2023-07-23T00:03:44.115+0000] {processor.py:179} INFO - Processing /home/airflow/.local/lib/python3.7/site-packages/airflow/example_dags/example_branch_day_of_week_operator.py took 0.061 seconds
[2023-07-23T00:04:14.934+0000] {processor.py:157} INFO - Started process (PID=1941) to work on /home/airflow/.local/lib/python3.7/site-packages/airflow/example_dags/example_branch_day_of_week_operator.py
[2023-07-23T00:04:14.936+0000] {processor.py:826} INFO - Processing file /home/airflow/.local/lib/python3.7/site-packages/airflow/example_dags/example_branch_day_of_week_operator.py for tasks to queue
[2023-07-23T00:04:14.937+0000] {logging_mixin.py:150} INFO - [2023-07-23T00:04:14.937+0000] {dagbag.py:541} INFO - Filling up the DagBag from /home/airflow/.local/lib/python3.7/site-packages/airflow/example_dags/example_branch_day_of_week_operator.py
[2023-07-23T00:04:14.944+0000] {processor.py:836} INFO - DAG(s) dict_keys(['example_weekday_branch_operator']) retrieved from /home/airflow/.local/lib/python3.7/site-packages/airflow/example_dags/example_branch_day_of_week_operator.py
[2023-07-23T00:04:14.966+0000] {logging_mixin.py:150} INFO - [2023-07-23T00:04:14.966+0000] {dag.py:2742} INFO - Sync 1 DAGs
[2023-07-23T00:04:14.988+0000] {logging_mixin.py:150} INFO - [2023-07-23T00:04:14.987+0000] {dag.py:3508} INFO - Setting next_dagrun for example_weekday_branch_operator to 2023-07-22T00:00:00+00:00, run_after=2023-07-23T00:00:00+00:00
[2023-07-23T00:04:15.005+0000] {processor.py:179} INFO - Processing /home/airflow/.local/lib/python3.7/site-packages/airflow/example_dags/example_branch_day_of_week_operator.py took 0.074 seconds
[2023-07-23T00:04:45.418+0000] {processor.py:157} INFO - Started process (PID=2004) to work on /home/airflow/.local/lib/python3.7/site-packages/airflow/example_dags/example_branch_day_of_week_operator.py
[2023-07-23T00:04:45.419+0000] {processor.py:826} INFO - Processing file /home/airflow/.local/lib/python3.7/site-packages/airflow/example_dags/example_branch_day_of_week_operator.py for tasks to queue
[2023-07-23T00:04:45.420+0000] {logging_mixin.py:150} INFO - [2023-07-23T00:04:45.420+0000] {dagbag.py:541} INFO - Filling up the DagBag from /home/airflow/.local/lib/python3.7/site-packages/airflow/example_dags/example_branch_day_of_week_operator.py
[2023-07-23T00:04:45.429+0000] {processor.py:836} INFO - DAG(s) dict_keys(['example_weekday_branch_operator']) retrieved from /home/airflow/.local/lib/python3.7/site-packages/airflow/example_dags/example_branch_day_of_week_operator.py
[2023-07-23T00:04:45.462+0000] {logging_mixin.py:150} INFO - [2023-07-23T00:04:45.462+0000] {dag.py:2742} INFO - Sync 1 DAGs
[2023-07-23T00:04:45.492+0000] {logging_mixin.py:150} INFO - [2023-07-23T00:04:45.492+0000] {dag.py:3508} INFO - Setting next_dagrun for example_weekday_branch_operator to 2023-07-22T00:00:00+00:00, run_after=2023-07-23T00:00:00+00:00
[2023-07-23T00:04:45.510+0000] {processor.py:179} INFO - Processing /home/airflow/.local/lib/python3.7/site-packages/airflow/example_dags/example_branch_day_of_week_operator.py took 0.095 seconds
[2023-07-23T00:05:16.007+0000] {processor.py:157} INFO - Started process (PID=2067) to work on /home/airflow/.local/lib/python3.7/site-packages/airflow/example_dags/example_branch_day_of_week_operator.py
[2023-07-23T00:05:16.008+0000] {processor.py:826} INFO - Processing file /home/airflow/.local/lib/python3.7/site-packages/airflow/example_dags/example_branch_day_of_week_operator.py for tasks to queue
[2023-07-23T00:05:16.009+0000] {logging_mixin.py:150} INFO - [2023-07-23T00:05:16.009+0000] {dagbag.py:541} INFO - Filling up the DagBag from /home/airflow/.local/lib/python3.7/site-packages/airflow/example_dags/example_branch_day_of_week_operator.py
[2023-07-23T00:05:16.016+0000] {processor.py:836} INFO - DAG(s) dict_keys(['example_weekday_branch_operator']) retrieved from /home/airflow/.local/lib/python3.7/site-packages/airflow/example_dags/example_branch_day_of_week_operator.py
[2023-07-23T00:05:16.036+0000] {logging_mixin.py:150} INFO - [2023-07-23T00:05:16.036+0000] {dag.py:2742} INFO - Sync 1 DAGs
[2023-07-23T00:05:16.052+0000] {logging_mixin.py:150} INFO - [2023-07-23T00:05:16.052+0000] {dag.py:3508} INFO - Setting next_dagrun for example_weekday_branch_operator to 2023-07-22T00:00:00+00:00, run_after=2023-07-23T00:00:00+00:00
[2023-07-23T00:05:16.066+0000] {processor.py:179} INFO - Processing /home/airflow/.local/lib/python3.7/site-packages/airflow/example_dags/example_branch_day_of_week_operator.py took 0.062 seconds
[2023-07-23T00:05:46.699+0000] {processor.py:157} INFO - Started process (PID=2130) to work on /home/airflow/.local/lib/python3.7/site-packages/airflow/example_dags/example_branch_day_of_week_operator.py
[2023-07-23T00:05:46.701+0000] {processor.py:826} INFO - Processing file /home/airflow/.local/lib/python3.7/site-packages/airflow/example_dags/example_branch_day_of_week_operator.py for tasks to queue
[2023-07-23T00:05:46.702+0000] {logging_mixin.py:150} INFO - [2023-07-23T00:05:46.702+0000] {dagbag.py:541} INFO - Filling up the DagBag from /home/airflow/.local/lib/python3.7/site-packages/airflow/example_dags/example_branch_day_of_week_operator.py
[2023-07-23T00:05:46.709+0000] {processor.py:836} INFO - DAG(s) dict_keys(['example_weekday_branch_operator']) retrieved from /home/airflow/.local/lib/python3.7/site-packages/airflow/example_dags/example_branch_day_of_week_operator.py
[2023-07-23T00:05:46.730+0000] {logging_mixin.py:150} INFO - [2023-07-23T00:05:46.730+0000] {dag.py:2742} INFO - Sync 1 DAGs
[2023-07-23T00:05:46.747+0000] {logging_mixin.py:150} INFO - [2023-07-23T00:05:46.747+0000] {dag.py:3508} INFO - Setting next_dagrun for example_weekday_branch_operator to 2023-07-22T00:00:00+00:00, run_after=2023-07-23T00:00:00+00:00
[2023-07-23T00:05:46.758+0000] {processor.py:179} INFO - Processing /home/airflow/.local/lib/python3.7/site-packages/airflow/example_dags/example_branch_day_of_week_operator.py took 0.063 seconds
[2023-07-23T00:06:17.318+0000] {processor.py:157} INFO - Started process (PID=2193) to work on /home/airflow/.local/lib/python3.7/site-packages/airflow/example_dags/example_branch_day_of_week_operator.py
[2023-07-23T00:06:17.319+0000] {processor.py:826} INFO - Processing file /home/airflow/.local/lib/python3.7/site-packages/airflow/example_dags/example_branch_day_of_week_operator.py for tasks to queue
[2023-07-23T00:06:17.320+0000] {logging_mixin.py:150} INFO - [2023-07-23T00:06:17.320+0000] {dagbag.py:541} INFO - Filling up the DagBag from /home/airflow/.local/lib/python3.7/site-packages/airflow/example_dags/example_branch_day_of_week_operator.py
[2023-07-23T00:06:17.327+0000] {processor.py:836} INFO - DAG(s) dict_keys(['example_weekday_branch_operator']) retrieved from /home/airflow/.local/lib/python3.7/site-packages/airflow/example_dags/example_branch_day_of_week_operator.py
[2023-07-23T00:06:17.349+0000] {logging_mixin.py:150} INFO - [2023-07-23T00:06:17.349+0000] {dag.py:2742} INFO - Sync 1 DAGs
[2023-07-23T00:06:17.374+0000] {logging_mixin.py:150} INFO - [2023-07-23T00:06:17.374+0000] {dag.py:3508} INFO - Setting next_dagrun for example_weekday_branch_operator to 2023-07-22T00:00:00+00:00, run_after=2023-07-23T00:00:00+00:00
[2023-07-23T00:06:17.402+0000] {processor.py:179} INFO - Processing /home/airflow/.local/lib/python3.7/site-packages/airflow/example_dags/example_branch_day_of_week_operator.py took 0.087 seconds
[2023-07-23T00:06:48.391+0000] {processor.py:157} INFO - Started process (PID=2256) to work on /home/airflow/.local/lib/python3.7/site-packages/airflow/example_dags/example_branch_day_of_week_operator.py
[2023-07-23T00:06:48.393+0000] {processor.py:826} INFO - Processing file /home/airflow/.local/lib/python3.7/site-packages/airflow/example_dags/example_branch_day_of_week_operator.py for tasks to queue
[2023-07-23T00:06:48.394+0000] {logging_mixin.py:150} INFO - [2023-07-23T00:06:48.393+0000] {dagbag.py:541} INFO - Filling up the DagBag from /home/airflow/.local/lib/python3.7/site-packages/airflow/example_dags/example_branch_day_of_week_operator.py
[2023-07-23T00:06:48.400+0000] {processor.py:836} INFO - DAG(s) dict_keys(['example_weekday_branch_operator']) retrieved from /home/airflow/.local/lib/python3.7/site-packages/airflow/example_dags/example_branch_day_of_week_operator.py
[2023-07-23T00:06:48.419+0000] {logging_mixin.py:150} INFO - [2023-07-23T00:06:48.419+0000] {dag.py:2742} INFO - Sync 1 DAGs
[2023-07-23T00:06:48.440+0000] {logging_mixin.py:150} INFO - [2023-07-23T00:06:48.439+0000] {dag.py:3508} INFO - Setting next_dagrun for example_weekday_branch_operator to 2023-07-22T00:00:00+00:00, run_after=2023-07-23T00:00:00+00:00
[2023-07-23T00:06:48.462+0000] {processor.py:179} INFO - Processing /home/airflow/.local/lib/python3.7/site-packages/airflow/example_dags/example_branch_day_of_week_operator.py took 0.074 seconds
[2023-07-23T00:07:19.256+0000] {processor.py:157} INFO - Started process (PID=2319) to work on /home/airflow/.local/lib/python3.7/site-packages/airflow/example_dags/example_branch_day_of_week_operator.py
[2023-07-23T00:07:19.257+0000] {processor.py:826} INFO - Processing file /home/airflow/.local/lib/python3.7/site-packages/airflow/example_dags/example_branch_day_of_week_operator.py for tasks to queue
[2023-07-23T00:07:19.259+0000] {logging_mixin.py:150} INFO - [2023-07-23T00:07:19.258+0000] {dagbag.py:541} INFO - Filling up the DagBag from /home/airflow/.local/lib/python3.7/site-packages/airflow/example_dags/example_branch_day_of_week_operator.py
[2023-07-23T00:07:19.265+0000] {processor.py:836} INFO - DAG(s) dict_keys(['example_weekday_branch_operator']) retrieved from /home/airflow/.local/lib/python3.7/site-packages/airflow/example_dags/example_branch_day_of_week_operator.py
[2023-07-23T00:07:19.286+0000] {logging_mixin.py:150} INFO - [2023-07-23T00:07:19.286+0000] {dag.py:2742} INFO - Sync 1 DAGs
[2023-07-23T00:07:19.303+0000] {logging_mixin.py:150} INFO - [2023-07-23T00:07:19.303+0000] {dag.py:3508} INFO - Setting next_dagrun for example_weekday_branch_operator to 2023-07-22T00:00:00+00:00, run_after=2023-07-23T00:00:00+00:00
[2023-07-23T00:07:19.322+0000] {processor.py:179} INFO - Processing /home/airflow/.local/lib/python3.7/site-packages/airflow/example_dags/example_branch_day_of_week_operator.py took 0.069 seconds
[2023-07-23T00:07:49.441+0000] {processor.py:157} INFO - Started process (PID=2383) to work on /home/airflow/.local/lib/python3.7/site-packages/airflow/example_dags/example_branch_day_of_week_operator.py
[2023-07-23T00:07:49.442+0000] {processor.py:826} INFO - Processing file /home/airflow/.local/lib/python3.7/site-packages/airflow/example_dags/example_branch_day_of_week_operator.py for tasks to queue
[2023-07-23T00:07:49.443+0000] {logging_mixin.py:150} INFO - [2023-07-23T00:07:49.442+0000] {dagbag.py:541} INFO - Filling up the DagBag from /home/airflow/.local/lib/python3.7/site-packages/airflow/example_dags/example_branch_day_of_week_operator.py
[2023-07-23T00:07:49.449+0000] {processor.py:836} INFO - DAG(s) dict_keys(['example_weekday_branch_operator']) retrieved from /home/airflow/.local/lib/python3.7/site-packages/airflow/example_dags/example_branch_day_of_week_operator.py
[2023-07-23T00:07:49.468+0000] {logging_mixin.py:150} INFO - [2023-07-23T00:07:49.468+0000] {dag.py:2742} INFO - Sync 1 DAGs
[2023-07-23T00:07:49.486+0000] {logging_mixin.py:150} INFO - [2023-07-23T00:07:49.486+0000] {dag.py:3508} INFO - Setting next_dagrun for example_weekday_branch_operator to 2023-07-22T00:00:00+00:00, run_after=2023-07-23T00:00:00+00:00
[2023-07-23T00:07:49.501+0000] {processor.py:179} INFO - Processing /home/airflow/.local/lib/python3.7/site-packages/airflow/example_dags/example_branch_day_of_week_operator.py took 0.063 seconds
[2023-07-23T00:08:20.138+0000] {processor.py:157} INFO - Started process (PID=2451) to work on /home/airflow/.local/lib/python3.7/site-packages/airflow/example_dags/example_branch_day_of_week_operator.py
[2023-07-23T00:08:20.139+0000] {processor.py:826} INFO - Processing file /home/airflow/.local/lib/python3.7/site-packages/airflow/example_dags/example_branch_day_of_week_operator.py for tasks to queue
[2023-07-23T00:08:20.139+0000] {logging_mixin.py:150} INFO - [2023-07-23T00:08:20.139+0000] {dagbag.py:541} INFO - Filling up the DagBag from /home/airflow/.local/lib/python3.7/site-packages/airflow/example_dags/example_branch_day_of_week_operator.py
[2023-07-23T00:08:20.145+0000] {processor.py:836} INFO - DAG(s) dict_keys(['example_weekday_branch_operator']) retrieved from /home/airflow/.local/lib/python3.7/site-packages/airflow/example_dags/example_branch_day_of_week_operator.py
[2023-07-23T00:08:20.165+0000] {logging_mixin.py:150} INFO - [2023-07-23T00:08:20.165+0000] {dag.py:2742} INFO - Sync 1 DAGs
[2023-07-23T00:08:20.184+0000] {logging_mixin.py:150} INFO - [2023-07-23T00:08:20.184+0000] {dag.py:3508} INFO - Setting next_dagrun for example_weekday_branch_operator to 2023-07-22T00:00:00+00:00, run_after=2023-07-23T00:00:00+00:00
[2023-07-23T00:08:20.197+0000] {processor.py:179} INFO - Processing /home/airflow/.local/lib/python3.7/site-packages/airflow/example_dags/example_branch_day_of_week_operator.py took 0.062 seconds
[2023-07-23T00:08:50.353+0000] {processor.py:157} INFO - Started process (PID=2514) to work on /home/airflow/.local/lib/python3.7/site-packages/airflow/example_dags/example_branch_day_of_week_operator.py
[2023-07-23T00:08:50.354+0000] {processor.py:826} INFO - Processing file /home/airflow/.local/lib/python3.7/site-packages/airflow/example_dags/example_branch_day_of_week_operator.py for tasks to queue
[2023-07-23T00:08:50.356+0000] {logging_mixin.py:150} INFO - [2023-07-23T00:08:50.356+0000] {dagbag.py:541} INFO - Filling up the DagBag from /home/airflow/.local/lib/python3.7/site-packages/airflow/example_dags/example_branch_day_of_week_operator.py
[2023-07-23T00:08:50.364+0000] {processor.py:836} INFO - DAG(s) dict_keys(['example_weekday_branch_operator']) retrieved from /home/airflow/.local/lib/python3.7/site-packages/airflow/example_dags/example_branch_day_of_week_operator.py
[2023-07-23T00:08:50.394+0000] {logging_mixin.py:150} INFO - [2023-07-23T00:08:50.394+0000] {dag.py:2742} INFO - Sync 1 DAGs
[2023-07-23T00:08:50.414+0000] {logging_mixin.py:150} INFO - [2023-07-23T00:08:50.414+0000] {dag.py:3508} INFO - Setting next_dagrun for example_weekday_branch_operator to 2023-07-22T00:00:00+00:00, run_after=2023-07-23T00:00:00+00:00
[2023-07-23T00:08:50.427+0000] {processor.py:179} INFO - Processing /home/airflow/.local/lib/python3.7/site-packages/airflow/example_dags/example_branch_day_of_week_operator.py took 0.078 seconds
[2023-07-23T00:09:21.040+0000] {processor.py:157} INFO - Started process (PID=2578) to work on /home/airflow/.local/lib/python3.7/site-packages/airflow/example_dags/example_branch_day_of_week_operator.py
[2023-07-23T00:09:21.042+0000] {processor.py:826} INFO - Processing file /home/airflow/.local/lib/python3.7/site-packages/airflow/example_dags/example_branch_day_of_week_operator.py for tasks to queue
[2023-07-23T00:09:21.043+0000] {logging_mixin.py:150} INFO - [2023-07-23T00:09:21.043+0000] {dagbag.py:541} INFO - Filling up the DagBag from /home/airflow/.local/lib/python3.7/site-packages/airflow/example_dags/example_branch_day_of_week_operator.py
[2023-07-23T00:09:21.050+0000] {processor.py:836} INFO - DAG(s) dict_keys(['example_weekday_branch_operator']) retrieved from /home/airflow/.local/lib/python3.7/site-packages/airflow/example_dags/example_branch_day_of_week_operator.py
[2023-07-23T00:09:21.070+0000] {logging_mixin.py:150} INFO - [2023-07-23T00:09:21.070+0000] {dag.py:2742} INFO - Sync 1 DAGs
[2023-07-23T00:09:21.108+0000] {logging_mixin.py:150} INFO - [2023-07-23T00:09:21.108+0000] {dag.py:3508} INFO - Setting next_dagrun for example_weekday_branch_operator to 2023-07-22T00:00:00+00:00, run_after=2023-07-23T00:00:00+00:00
[2023-07-23T00:09:21.125+0000] {processor.py:179} INFO - Processing /home/airflow/.local/lib/python3.7/site-packages/airflow/example_dags/example_branch_day_of_week_operator.py took 0.087 seconds
[2023-07-23T00:09:51.670+0000] {processor.py:157} INFO - Started process (PID=2635) to work on /home/airflow/.local/lib/python3.7/site-packages/airflow/example_dags/example_branch_day_of_week_operator.py
[2023-07-23T00:09:51.671+0000] {processor.py:826} INFO - Processing file /home/airflow/.local/lib/python3.7/site-packages/airflow/example_dags/example_branch_day_of_week_operator.py for tasks to queue
[2023-07-23T00:09:51.672+0000] {logging_mixin.py:150} INFO - [2023-07-23T00:09:51.672+0000] {dagbag.py:541} INFO - Filling up the DagBag from /home/airflow/.local/lib/python3.7/site-packages/airflow/example_dags/example_branch_day_of_week_operator.py
[2023-07-23T00:09:51.678+0000] {processor.py:836} INFO - DAG(s) dict_keys(['example_weekday_branch_operator']) retrieved from /home/airflow/.local/lib/python3.7/site-packages/airflow/example_dags/example_branch_day_of_week_operator.py
[2023-07-23T00:09:51.697+0000] {logging_mixin.py:150} INFO - [2023-07-23T00:09:51.697+0000] {dag.py:2742} INFO - Sync 1 DAGs
[2023-07-23T00:09:51.713+0000] {logging_mixin.py:150} INFO - [2023-07-23T00:09:51.713+0000] {dag.py:3508} INFO - Setting next_dagrun for example_weekday_branch_operator to 2023-07-22T00:00:00+00:00, run_after=2023-07-23T00:00:00+00:00
[2023-07-23T00:09:51.723+0000] {processor.py:179} INFO - Processing /home/airflow/.local/lib/python3.7/site-packages/airflow/example_dags/example_branch_day_of_week_operator.py took 0.056 seconds
[2023-07-23T00:10:21.849+0000] {processor.py:157} INFO - Started process (PID=2698) to work on /home/airflow/.local/lib/python3.7/site-packages/airflow/example_dags/example_branch_day_of_week_operator.py
[2023-07-23T00:10:21.850+0000] {processor.py:826} INFO - Processing file /home/airflow/.local/lib/python3.7/site-packages/airflow/example_dags/example_branch_day_of_week_operator.py for tasks to queue
[2023-07-23T00:10:21.851+0000] {logging_mixin.py:150} INFO - [2023-07-23T00:10:21.851+0000] {dagbag.py:541} INFO - Filling up the DagBag from /home/airflow/.local/lib/python3.7/site-packages/airflow/example_dags/example_branch_day_of_week_operator.py
[2023-07-23T00:10:21.857+0000] {processor.py:836} INFO - DAG(s) dict_keys(['example_weekday_branch_operator']) retrieved from /home/airflow/.local/lib/python3.7/site-packages/airflow/example_dags/example_branch_day_of_week_operator.py
[2023-07-23T00:10:21.875+0000] {logging_mixin.py:150} INFO - [2023-07-23T00:10:21.875+0000] {dag.py:2742} INFO - Sync 1 DAGs
[2023-07-23T00:10:21.891+0000] {logging_mixin.py:150} INFO - [2023-07-23T00:10:21.891+0000] {dag.py:3508} INFO - Setting next_dagrun for example_weekday_branch_operator to 2023-07-22T00:00:00+00:00, run_after=2023-07-23T00:00:00+00:00
[2023-07-23T00:10:21.902+0000] {processor.py:179} INFO - Processing /home/airflow/.local/lib/python3.7/site-packages/airflow/example_dags/example_branch_day_of_week_operator.py took 0.056 seconds
[2023-07-23T00:10:52.257+0000] {processor.py:157} INFO - Started process (PID=2761) to work on /home/airflow/.local/lib/python3.7/site-packages/airflow/example_dags/example_branch_day_of_week_operator.py
[2023-07-23T00:10:52.258+0000] {processor.py:826} INFO - Processing file /home/airflow/.local/lib/python3.7/site-packages/airflow/example_dags/example_branch_day_of_week_operator.py for tasks to queue
[2023-07-23T00:10:52.259+0000] {logging_mixin.py:150} INFO - [2023-07-23T00:10:52.259+0000] {dagbag.py:541} INFO - Filling up the DagBag from /home/airflow/.local/lib/python3.7/site-packages/airflow/example_dags/example_branch_day_of_week_operator.py
[2023-07-23T00:10:52.265+0000] {processor.py:836} INFO - DAG(s) dict_keys(['example_weekday_branch_operator']) retrieved from /home/airflow/.local/lib/python3.7/site-packages/airflow/example_dags/example_branch_day_of_week_operator.py
[2023-07-23T00:10:52.284+0000] {logging_mixin.py:150} INFO - [2023-07-23T00:10:52.284+0000] {dag.py:2742} INFO - Sync 1 DAGs
[2023-07-23T00:10:52.300+0000] {logging_mixin.py:150} INFO - [2023-07-23T00:10:52.300+0000] {dag.py:3508} INFO - Setting next_dagrun for example_weekday_branch_operator to 2023-07-22T00:00:00+00:00, run_after=2023-07-23T00:00:00+00:00
[2023-07-23T00:10:52.311+0000] {processor.py:179} INFO - Processing /home/airflow/.local/lib/python3.7/site-packages/airflow/example_dags/example_branch_day_of_week_operator.py took 0.057 seconds
[2023-07-23T00:11:22.751+0000] {processor.py:157} INFO - Started process (PID=2824) to work on /home/airflow/.local/lib/python3.7/site-packages/airflow/example_dags/example_branch_day_of_week_operator.py
[2023-07-23T00:11:22.752+0000] {processor.py:826} INFO - Processing file /home/airflow/.local/lib/python3.7/site-packages/airflow/example_dags/example_branch_day_of_week_operator.py for tasks to queue
[2023-07-23T00:11:22.753+0000] {logging_mixin.py:150} INFO - [2023-07-23T00:11:22.753+0000] {dagbag.py:541} INFO - Filling up the DagBag from /home/airflow/.local/lib/python3.7/site-packages/airflow/example_dags/example_branch_day_of_week_operator.py
[2023-07-23T00:11:22.760+0000] {processor.py:836} INFO - DAG(s) dict_keys(['example_weekday_branch_operator']) retrieved from /home/airflow/.local/lib/python3.7/site-packages/airflow/example_dags/example_branch_day_of_week_operator.py
[2023-07-23T00:11:22.779+0000] {logging_mixin.py:150} INFO - [2023-07-23T00:11:22.779+0000] {dag.py:2742} INFO - Sync 1 DAGs
[2023-07-23T00:11:22.797+0000] {logging_mixin.py:150} INFO - [2023-07-23T00:11:22.797+0000] {dag.py:3508} INFO - Setting next_dagrun for example_weekday_branch_operator to 2023-07-22T00:00:00+00:00, run_after=2023-07-23T00:00:00+00:00
[2023-07-23T00:11:22.816+0000] {processor.py:179} INFO - Processing /home/airflow/.local/lib/python3.7/site-packages/airflow/example_dags/example_branch_day_of_week_operator.py took 0.069 seconds
[2023-07-23T00:11:52.985+0000] {processor.py:157} INFO - Started process (PID=2886) to work on /home/airflow/.local/lib/python3.7/site-packages/airflow/example_dags/example_branch_day_of_week_operator.py
[2023-07-23T00:11:52.986+0000] {processor.py:826} INFO - Processing file /home/airflow/.local/lib/python3.7/site-packages/airflow/example_dags/example_branch_day_of_week_operator.py for tasks to queue
[2023-07-23T00:11:52.987+0000] {logging_mixin.py:150} INFO - [2023-07-23T00:11:52.987+0000] {dagbag.py:541} INFO - Filling up the DagBag from /home/airflow/.local/lib/python3.7/site-packages/airflow/example_dags/example_branch_day_of_week_operator.py
[2023-07-23T00:11:52.992+0000] {processor.py:836} INFO - DAG(s) dict_keys(['example_weekday_branch_operator']) retrieved from /home/airflow/.local/lib/python3.7/site-packages/airflow/example_dags/example_branch_day_of_week_operator.py
[2023-07-23T00:11:53.010+0000] {logging_mixin.py:150} INFO - [2023-07-23T00:11:53.010+0000] {dag.py:2742} INFO - Sync 1 DAGs
[2023-07-23T00:11:53.025+0000] {logging_mixin.py:150} INFO - [2023-07-23T00:11:53.025+0000] {dag.py:3508} INFO - Setting next_dagrun for example_weekday_branch_operator to 2023-07-22T00:00:00+00:00, run_after=2023-07-23T00:00:00+00:00
[2023-07-23T00:11:53.035+0000] {processor.py:179} INFO - Processing /home/airflow/.local/lib/python3.7/site-packages/airflow/example_dags/example_branch_day_of_week_operator.py took 0.053 seconds
[2023-07-23T00:12:23.501+0000] {processor.py:157} INFO - Started process (PID=2950) to work on /home/airflow/.local/lib/python3.7/site-packages/airflow/example_dags/example_branch_day_of_week_operator.py
[2023-07-23T00:12:23.502+0000] {processor.py:826} INFO - Processing file /home/airflow/.local/lib/python3.7/site-packages/airflow/example_dags/example_branch_day_of_week_operator.py for tasks to queue
[2023-07-23T00:12:23.503+0000] {logging_mixin.py:150} INFO - [2023-07-23T00:12:23.502+0000] {dagbag.py:541} INFO - Filling up the DagBag from /home/airflow/.local/lib/python3.7/site-packages/airflow/example_dags/example_branch_day_of_week_operator.py
[2023-07-23T00:12:23.508+0000] {processor.py:836} INFO - DAG(s) dict_keys(['example_weekday_branch_operator']) retrieved from /home/airflow/.local/lib/python3.7/site-packages/airflow/example_dags/example_branch_day_of_week_operator.py
[2023-07-23T00:12:23.526+0000] {logging_mixin.py:150} INFO - [2023-07-23T00:12:23.526+0000] {dag.py:2742} INFO - Sync 1 DAGs
[2023-07-23T00:12:23.577+0000] {logging_mixin.py:150} INFO - [2023-07-23T00:12:23.577+0000] {dag.py:3508} INFO - Setting next_dagrun for example_weekday_branch_operator to 2023-07-22T00:00:00+00:00, run_after=2023-07-23T00:00:00+00:00
[2023-07-23T00:12:23.591+0000] {processor.py:179} INFO - Processing /home/airflow/.local/lib/python3.7/site-packages/airflow/example_dags/example_branch_day_of_week_operator.py took 0.092 seconds
[2023-07-23T00:12:53.893+0000] {processor.py:157} INFO - Started process (PID=3013) to work on /home/airflow/.local/lib/python3.7/site-packages/airflow/example_dags/example_branch_day_of_week_operator.py
[2023-07-23T00:12:53.894+0000] {processor.py:826} INFO - Processing file /home/airflow/.local/lib/python3.7/site-packages/airflow/example_dags/example_branch_day_of_week_operator.py for tasks to queue
[2023-07-23T00:12:53.895+0000] {logging_mixin.py:150} INFO - [2023-07-23T00:12:53.894+0000] {dagbag.py:541} INFO - Filling up the DagBag from /home/airflow/.local/lib/python3.7/site-packages/airflow/example_dags/example_branch_day_of_week_operator.py
[2023-07-23T00:12:53.900+0000] {processor.py:836} INFO - DAG(s) dict_keys(['example_weekday_branch_operator']) retrieved from /home/airflow/.local/lib/python3.7/site-packages/airflow/example_dags/example_branch_day_of_week_operator.py
[2023-07-23T00:12:53.918+0000] {logging_mixin.py:150} INFO - [2023-07-23T00:12:53.918+0000] {dag.py:2742} INFO - Sync 1 DAGs
[2023-07-23T00:12:53.932+0000] {logging_mixin.py:150} INFO - [2023-07-23T00:12:53.932+0000] {dag.py:3508} INFO - Setting next_dagrun for example_weekday_branch_operator to 2023-07-22T00:00:00+00:00, run_after=2023-07-23T00:00:00+00:00
[2023-07-23T00:12:53.943+0000] {processor.py:179} INFO - Processing /home/airflow/.local/lib/python3.7/site-packages/airflow/example_dags/example_branch_day_of_week_operator.py took 0.052 seconds
[2023-07-23T00:13:25.237+0000] {processor.py:157} INFO - Started process (PID=3076) to work on /home/airflow/.local/lib/python3.7/site-packages/airflow/example_dags/example_branch_day_of_week_operator.py
[2023-07-23T00:13:25.240+0000] {processor.py:826} INFO - Processing file /home/airflow/.local/lib/python3.7/site-packages/airflow/example_dags/example_branch_day_of_week_operator.py for tasks to queue
[2023-07-23T00:13:25.242+0000] {logging_mixin.py:150} INFO - [2023-07-23T00:13:25.242+0000] {dagbag.py:541} INFO - Filling up the DagBag from /home/airflow/.local/lib/python3.7/site-packages/airflow/example_dags/example_branch_day_of_week_operator.py
[2023-07-23T00:13:25.254+0000] {processor.py:836} INFO - DAG(s) dict_keys(['example_weekday_branch_operator']) retrieved from /home/airflow/.local/lib/python3.7/site-packages/airflow/example_dags/example_branch_day_of_week_operator.py
[2023-07-23T00:13:25.280+0000] {logging_mixin.py:150} INFO - [2023-07-23T00:13:25.280+0000] {dag.py:2742} INFO - Sync 1 DAGs
[2023-07-23T00:13:25.298+0000] {logging_mixin.py:150} INFO - [2023-07-23T00:13:25.298+0000] {dag.py:3508} INFO - Setting next_dagrun for example_weekday_branch_operator to 2023-07-22T00:00:00+00:00, run_after=2023-07-23T00:00:00+00:00
[2023-07-23T00:13:25.310+0000] {processor.py:179} INFO - Processing /home/airflow/.local/lib/python3.7/site-packages/airflow/example_dags/example_branch_day_of_week_operator.py took 0.079 seconds
[2023-07-23T00:13:55.491+0000] {processor.py:157} INFO - Started process (PID=3140) to work on /home/airflow/.local/lib/python3.7/site-packages/airflow/example_dags/example_branch_day_of_week_operator.py
[2023-07-23T00:13:55.494+0000] {processor.py:826} INFO - Processing file /home/airflow/.local/lib/python3.7/site-packages/airflow/example_dags/example_branch_day_of_week_operator.py for tasks to queue
[2023-07-23T00:13:55.496+0000] {logging_mixin.py:150} INFO - [2023-07-23T00:13:55.496+0000] {dagbag.py:541} INFO - Filling up the DagBag from /home/airflow/.local/lib/python3.7/site-packages/airflow/example_dags/example_branch_day_of_week_operator.py
[2023-07-23T00:13:55.507+0000] {processor.py:836} INFO - DAG(s) dict_keys(['example_weekday_branch_operator']) retrieved from /home/airflow/.local/lib/python3.7/site-packages/airflow/example_dags/example_branch_day_of_week_operator.py
[2023-07-23T00:13:55.535+0000] {logging_mixin.py:150} INFO - [2023-07-23T00:13:55.535+0000] {dag.py:2742} INFO - Sync 1 DAGs
[2023-07-23T00:13:55.555+0000] {logging_mixin.py:150} INFO - [2023-07-23T00:13:55.554+0000] {dag.py:3508} INFO - Setting next_dagrun for example_weekday_branch_operator to 2023-07-22T00:00:00+00:00, run_after=2023-07-23T00:00:00+00:00
[2023-07-23T00:13:55.570+0000] {processor.py:179} INFO - Processing /home/airflow/.local/lib/python3.7/site-packages/airflow/example_dags/example_branch_day_of_week_operator.py took 0.085 seconds
[2023-07-23T00:14:25.700+0000] {processor.py:157} INFO - Started process (PID=3204) to work on /home/airflow/.local/lib/python3.7/site-packages/airflow/example_dags/example_branch_day_of_week_operator.py
[2023-07-23T00:14:25.702+0000] {processor.py:826} INFO - Processing file /home/airflow/.local/lib/python3.7/site-packages/airflow/example_dags/example_branch_day_of_week_operator.py for tasks to queue
[2023-07-23T00:14:25.703+0000] {logging_mixin.py:150} INFO - [2023-07-23T00:14:25.703+0000] {dagbag.py:541} INFO - Filling up the DagBag from /home/airflow/.local/lib/python3.7/site-packages/airflow/example_dags/example_branch_day_of_week_operator.py
[2023-07-23T00:14:25.716+0000] {processor.py:836} INFO - DAG(s) dict_keys(['example_weekday_branch_operator']) retrieved from /home/airflow/.local/lib/python3.7/site-packages/airflow/example_dags/example_branch_day_of_week_operator.py
[2023-07-23T00:14:25.747+0000] {logging_mixin.py:150} INFO - [2023-07-23T00:14:25.747+0000] {dag.py:2742} INFO - Sync 1 DAGs
[2023-07-23T00:14:25.766+0000] {logging_mixin.py:150} INFO - [2023-07-23T00:14:25.766+0000] {dag.py:3508} INFO - Setting next_dagrun for example_weekday_branch_operator to 2023-07-22T00:00:00+00:00, run_after=2023-07-23T00:00:00+00:00
[2023-07-23T00:14:25.778+0000] {processor.py:179} INFO - Processing /home/airflow/.local/lib/python3.7/site-packages/airflow/example_dags/example_branch_day_of_week_operator.py took 0.084 seconds
[2023-07-23T00:14:56.576+0000] {processor.py:157} INFO - Started process (PID=3267) to work on /home/airflow/.local/lib/python3.7/site-packages/airflow/example_dags/example_branch_day_of_week_operator.py
[2023-07-23T00:14:56.581+0000] {processor.py:826} INFO - Processing file /home/airflow/.local/lib/python3.7/site-packages/airflow/example_dags/example_branch_day_of_week_operator.py for tasks to queue
[2023-07-23T00:14:56.583+0000] {logging_mixin.py:150} INFO - [2023-07-23T00:14:56.582+0000] {dagbag.py:541} INFO - Filling up the DagBag from /home/airflow/.local/lib/python3.7/site-packages/airflow/example_dags/example_branch_day_of_week_operator.py
[2023-07-23T00:14:56.607+0000] {processor.py:836} INFO - DAG(s) dict_keys(['example_weekday_branch_operator']) retrieved from /home/airflow/.local/lib/python3.7/site-packages/airflow/example_dags/example_branch_day_of_week_operator.py
[2023-07-23T00:14:56.656+0000] {logging_mixin.py:150} INFO - [2023-07-23T00:14:56.656+0000] {dag.py:2742} INFO - Sync 1 DAGs
[2023-07-23T00:14:56.694+0000] {logging_mixin.py:150} INFO - [2023-07-23T00:14:56.694+0000] {dag.py:3508} INFO - Setting next_dagrun for example_weekday_branch_operator to 2023-07-22T00:00:00+00:00, run_after=2023-07-23T00:00:00+00:00
[2023-07-23T00:14:56.710+0000] {processor.py:179} INFO - Processing /home/airflow/.local/lib/python3.7/site-packages/airflow/example_dags/example_branch_day_of_week_operator.py took 0.144 seconds
[2023-07-23T00:15:27.318+0000] {processor.py:157} INFO - Started process (PID=3330) to work on /home/airflow/.local/lib/python3.7/site-packages/airflow/example_dags/example_branch_day_of_week_operator.py
[2023-07-23T00:15:27.321+0000] {processor.py:826} INFO - Processing file /home/airflow/.local/lib/python3.7/site-packages/airflow/example_dags/example_branch_day_of_week_operator.py for tasks to queue
[2023-07-23T00:15:27.323+0000] {logging_mixin.py:150} INFO - [2023-07-23T00:15:27.322+0000] {dagbag.py:541} INFO - Filling up the DagBag from /home/airflow/.local/lib/python3.7/site-packages/airflow/example_dags/example_branch_day_of_week_operator.py
[2023-07-23T00:15:27.334+0000] {processor.py:836} INFO - DAG(s) dict_keys(['example_weekday_branch_operator']) retrieved from /home/airflow/.local/lib/python3.7/site-packages/airflow/example_dags/example_branch_day_of_week_operator.py
[2023-07-23T00:15:27.362+0000] {logging_mixin.py:150} INFO - [2023-07-23T00:15:27.362+0000] {dag.py:2742} INFO - Sync 1 DAGs
[2023-07-23T00:15:27.387+0000] {logging_mixin.py:150} INFO - [2023-07-23T00:15:27.387+0000] {dag.py:3508} INFO - Setting next_dagrun for example_weekday_branch_operator to 2023-07-22T00:00:00+00:00, run_after=2023-07-23T00:00:00+00:00
[2023-07-23T00:15:27.410+0000] {processor.py:179} INFO - Processing /home/airflow/.local/lib/python3.7/site-packages/airflow/example_dags/example_branch_day_of_week_operator.py took 0.097 seconds
[2023-07-23T00:15:57.561+0000] {processor.py:157} INFO - Started process (PID=3393) to work on /home/airflow/.local/lib/python3.7/site-packages/airflow/example_dags/example_branch_day_of_week_operator.py
[2023-07-23T00:15:57.564+0000] {processor.py:826} INFO - Processing file /home/airflow/.local/lib/python3.7/site-packages/airflow/example_dags/example_branch_day_of_week_operator.py for tasks to queue
[2023-07-23T00:15:57.565+0000] {logging_mixin.py:150} INFO - [2023-07-23T00:15:57.565+0000] {dagbag.py:541} INFO - Filling up the DagBag from /home/airflow/.local/lib/python3.7/site-packages/airflow/example_dags/example_branch_day_of_week_operator.py
[2023-07-23T00:15:57.575+0000] {processor.py:836} INFO - DAG(s) dict_keys(['example_weekday_branch_operator']) retrieved from /home/airflow/.local/lib/python3.7/site-packages/airflow/example_dags/example_branch_day_of_week_operator.py
[2023-07-23T00:15:57.599+0000] {logging_mixin.py:150} INFO - [2023-07-23T00:15:57.599+0000] {dag.py:2742} INFO - Sync 1 DAGs
[2023-07-23T00:15:57.616+0000] {logging_mixin.py:150} INFO - [2023-07-23T00:15:57.616+0000] {dag.py:3508} INFO - Setting next_dagrun for example_weekday_branch_operator to 2023-07-22T00:00:00+00:00, run_after=2023-07-23T00:00:00+00:00
[2023-07-23T00:15:57.627+0000] {processor.py:179} INFO - Processing /home/airflow/.local/lib/python3.7/site-packages/airflow/example_dags/example_branch_day_of_week_operator.py took 0.072 seconds
[2023-07-23T00:16:27.901+0000] {processor.py:157} INFO - Started process (PID=3457) to work on /home/airflow/.local/lib/python3.7/site-packages/airflow/example_dags/example_branch_day_of_week_operator.py
[2023-07-23T00:16:27.903+0000] {processor.py:826} INFO - Processing file /home/airflow/.local/lib/python3.7/site-packages/airflow/example_dags/example_branch_day_of_week_operator.py for tasks to queue
[2023-07-23T00:16:27.905+0000] {logging_mixin.py:150} INFO - [2023-07-23T00:16:27.905+0000] {dagbag.py:541} INFO - Filling up the DagBag from /home/airflow/.local/lib/python3.7/site-packages/airflow/example_dags/example_branch_day_of_week_operator.py
[2023-07-23T00:16:27.917+0000] {processor.py:836} INFO - DAG(s) dict_keys(['example_weekday_branch_operator']) retrieved from /home/airflow/.local/lib/python3.7/site-packages/airflow/example_dags/example_branch_day_of_week_operator.py
[2023-07-23T00:16:27.946+0000] {logging_mixin.py:150} INFO - [2023-07-23T00:16:27.946+0000] {dag.py:2742} INFO - Sync 1 DAGs
[2023-07-23T00:16:27.970+0000] {logging_mixin.py:150} INFO - [2023-07-23T00:16:27.970+0000] {dag.py:3508} INFO - Setting next_dagrun for example_weekday_branch_operator to 2023-07-22T00:00:00+00:00, run_after=2023-07-23T00:00:00+00:00
[2023-07-23T00:16:27.981+0000] {processor.py:179} INFO - Processing /home/airflow/.local/lib/python3.7/site-packages/airflow/example_dags/example_branch_day_of_week_operator.py took 0.091 seconds
[2023-07-23T00:16:58.089+0000] {processor.py:157} INFO - Started process (PID=3522) to work on /home/airflow/.local/lib/python3.7/site-packages/airflow/example_dags/example_branch_day_of_week_operator.py
[2023-07-23T00:16:58.097+0000] {processor.py:826} INFO - Processing file /home/airflow/.local/lib/python3.7/site-packages/airflow/example_dags/example_branch_day_of_week_operator.py for tasks to queue
[2023-07-23T00:16:58.100+0000] {logging_mixin.py:150} INFO - [2023-07-23T00:16:58.099+0000] {dagbag.py:541} INFO - Filling up the DagBag from /home/airflow/.local/lib/python3.7/site-packages/airflow/example_dags/example_branch_day_of_week_operator.py
[2023-07-23T00:16:58.131+0000] {processor.py:836} INFO - DAG(s) dict_keys(['example_weekday_branch_operator']) retrieved from /home/airflow/.local/lib/python3.7/site-packages/airflow/example_dags/example_branch_day_of_week_operator.py
[2023-07-23T00:16:58.194+0000] {logging_mixin.py:150} INFO - [2023-07-23T00:16:58.193+0000] {dag.py:2742} INFO - Sync 1 DAGs
[2023-07-23T00:16:58.276+0000] {logging_mixin.py:150} INFO - [2023-07-23T00:16:58.276+0000] {dag.py:3508} INFO - Setting next_dagrun for example_weekday_branch_operator to 2023-07-22T00:00:00+00:00, run_after=2023-07-23T00:00:00+00:00
[2023-07-23T00:16:58.302+0000] {processor.py:179} INFO - Processing /home/airflow/.local/lib/python3.7/site-packages/airflow/example_dags/example_branch_day_of_week_operator.py took 0.231 seconds
[2023-07-23T00:17:29.062+0000] {processor.py:157} INFO - Started process (PID=3585) to work on /home/airflow/.local/lib/python3.7/site-packages/airflow/example_dags/example_branch_day_of_week_operator.py
[2023-07-23T00:17:29.065+0000] {processor.py:826} INFO - Processing file /home/airflow/.local/lib/python3.7/site-packages/airflow/example_dags/example_branch_day_of_week_operator.py for tasks to queue
[2023-07-23T00:17:29.067+0000] {logging_mixin.py:150} INFO - [2023-07-23T00:17:29.066+0000] {dagbag.py:541} INFO - Filling up the DagBag from /home/airflow/.local/lib/python3.7/site-packages/airflow/example_dags/example_branch_day_of_week_operator.py
[2023-07-23T00:17:29.093+0000] {processor.py:836} INFO - DAG(s) dict_keys(['example_weekday_branch_operator']) retrieved from /home/airflow/.local/lib/python3.7/site-packages/airflow/example_dags/example_branch_day_of_week_operator.py
[2023-07-23T00:17:29.125+0000] {logging_mixin.py:150} INFO - [2023-07-23T00:17:29.125+0000] {dag.py:2742} INFO - Sync 1 DAGs
[2023-07-23T00:17:29.148+0000] {logging_mixin.py:150} INFO - [2023-07-23T00:17:29.148+0000] {dag.py:3508} INFO - Setting next_dagrun for example_weekday_branch_operator to 2023-07-22T00:00:00+00:00, run_after=2023-07-23T00:00:00+00:00
[2023-07-23T00:17:29.163+0000] {processor.py:179} INFO - Processing /home/airflow/.local/lib/python3.7/site-packages/airflow/example_dags/example_branch_day_of_week_operator.py took 0.107 seconds
[2023-07-23T00:17:59.232+0000] {processor.py:157} INFO - Started process (PID=3648) to work on /home/airflow/.local/lib/python3.7/site-packages/airflow/example_dags/example_branch_day_of_week_operator.py
[2023-07-23T00:17:59.234+0000] {processor.py:826} INFO - Processing file /home/airflow/.local/lib/python3.7/site-packages/airflow/example_dags/example_branch_day_of_week_operator.py for tasks to queue
[2023-07-23T00:17:59.235+0000] {logging_mixin.py:150} INFO - [2023-07-23T00:17:59.234+0000] {dagbag.py:541} INFO - Filling up the DagBag from /home/airflow/.local/lib/python3.7/site-packages/airflow/example_dags/example_branch_day_of_week_operator.py
[2023-07-23T00:17:59.243+0000] {processor.py:836} INFO - DAG(s) dict_keys(['example_weekday_branch_operator']) retrieved from /home/airflow/.local/lib/python3.7/site-packages/airflow/example_dags/example_branch_day_of_week_operator.py
[2023-07-23T00:17:59.275+0000] {logging_mixin.py:150} INFO - [2023-07-23T00:17:59.275+0000] {dag.py:2742} INFO - Sync 1 DAGs
[2023-07-23T00:17:59.297+0000] {logging_mixin.py:150} INFO - [2023-07-23T00:17:59.297+0000] {dag.py:3508} INFO - Setting next_dagrun for example_weekday_branch_operator to 2023-07-22T00:00:00+00:00, run_after=2023-07-23T00:00:00+00:00
[2023-07-23T00:17:59.312+0000] {processor.py:179} INFO - Processing /home/airflow/.local/lib/python3.7/site-packages/airflow/example_dags/example_branch_day_of_week_operator.py took 0.082 seconds
[2023-07-23T00:18:29.419+0000] {processor.py:157} INFO - Started process (PID=3710) to work on /home/airflow/.local/lib/python3.7/site-packages/airflow/example_dags/example_branch_day_of_week_operator.py
[2023-07-23T00:18:29.420+0000] {processor.py:826} INFO - Processing file /home/airflow/.local/lib/python3.7/site-packages/airflow/example_dags/example_branch_day_of_week_operator.py for tasks to queue
[2023-07-23T00:18:29.421+0000] {logging_mixin.py:150} INFO - [2023-07-23T00:18:29.421+0000] {dagbag.py:541} INFO - Filling up the DagBag from /home/airflow/.local/lib/python3.7/site-packages/airflow/example_dags/example_branch_day_of_week_operator.py
[2023-07-23T00:18:29.426+0000] {processor.py:836} INFO - DAG(s) dict_keys(['example_weekday_branch_operator']) retrieved from /home/airflow/.local/lib/python3.7/site-packages/airflow/example_dags/example_branch_day_of_week_operator.py
[2023-07-23T00:18:29.444+0000] {logging_mixin.py:150} INFO - [2023-07-23T00:18:29.444+0000] {dag.py:2742} INFO - Sync 1 DAGs
[2023-07-23T00:18:29.511+0000] {logging_mixin.py:150} INFO - [2023-07-23T00:18:29.509+0000] {dag.py:3508} INFO - Setting next_dagrun for example_weekday_branch_operator to 2023-07-22T00:00:00+00:00, run_after=2023-07-23T00:00:00+00:00
[2023-07-23T00:18:29.849+0000] {processor.py:179} INFO - Processing /home/airflow/.local/lib/python3.7/site-packages/airflow/example_dags/example_branch_day_of_week_operator.py took 0.432 seconds
[2023-07-23T00:19:00.059+0000] {processor.py:157} INFO - Started process (PID=3772) to work on /home/airflow/.local/lib/python3.7/site-packages/airflow/example_dags/example_branch_day_of_week_operator.py
[2023-07-23T00:19:00.060+0000] {processor.py:826} INFO - Processing file /home/airflow/.local/lib/python3.7/site-packages/airflow/example_dags/example_branch_day_of_week_operator.py for tasks to queue
[2023-07-23T00:19:00.061+0000] {logging_mixin.py:150} INFO - [2023-07-23T00:19:00.061+0000] {dagbag.py:541} INFO - Filling up the DagBag from /home/airflow/.local/lib/python3.7/site-packages/airflow/example_dags/example_branch_day_of_week_operator.py
[2023-07-23T00:19:00.067+0000] {processor.py:836} INFO - DAG(s) dict_keys(['example_weekday_branch_operator']) retrieved from /home/airflow/.local/lib/python3.7/site-packages/airflow/example_dags/example_branch_day_of_week_operator.py
[2023-07-23T00:19:00.085+0000] {logging_mixin.py:150} INFO - [2023-07-23T00:19:00.085+0000] {dag.py:2742} INFO - Sync 1 DAGs
[2023-07-23T00:19:00.101+0000] {logging_mixin.py:150} INFO - [2023-07-23T00:19:00.101+0000] {dag.py:3508} INFO - Setting next_dagrun for example_weekday_branch_operator to 2023-07-22T00:00:00+00:00, run_after=2023-07-23T00:00:00+00:00
[2023-07-23T00:19:00.113+0000] {processor.py:179} INFO - Processing /home/airflow/.local/lib/python3.7/site-packages/airflow/example_dags/example_branch_day_of_week_operator.py took 0.056 seconds
[2023-07-23T00:19:30.772+0000] {processor.py:157} INFO - Started process (PID=3830) to work on /home/airflow/.local/lib/python3.7/site-packages/airflow/example_dags/example_branch_day_of_week_operator.py
[2023-07-23T00:19:30.773+0000] {processor.py:826} INFO - Processing file /home/airflow/.local/lib/python3.7/site-packages/airflow/example_dags/example_branch_day_of_week_operator.py for tasks to queue
[2023-07-23T00:19:30.774+0000] {logging_mixin.py:150} INFO - [2023-07-23T00:19:30.773+0000] {dagbag.py:541} INFO - Filling up the DagBag from /home/airflow/.local/lib/python3.7/site-packages/airflow/example_dags/example_branch_day_of_week_operator.py
[2023-07-23T00:19:30.779+0000] {processor.py:836} INFO - DAG(s) dict_keys(['example_weekday_branch_operator']) retrieved from /home/airflow/.local/lib/python3.7/site-packages/airflow/example_dags/example_branch_day_of_week_operator.py
[2023-07-23T00:19:30.802+0000] {logging_mixin.py:150} INFO - [2023-07-23T00:19:30.802+0000] {dag.py:2742} INFO - Sync 1 DAGs
[2023-07-23T00:19:30.824+0000] {logging_mixin.py:150} INFO - [2023-07-23T00:19:30.824+0000] {dag.py:3508} INFO - Setting next_dagrun for example_weekday_branch_operator to 2023-07-22T00:00:00+00:00, run_after=2023-07-23T00:00:00+00:00
[2023-07-23T00:19:30.848+0000] {processor.py:179} INFO - Processing /home/airflow/.local/lib/python3.7/site-packages/airflow/example_dags/example_branch_day_of_week_operator.py took 0.079 seconds
[2023-07-23T00:20:01.827+0000] {processor.py:157} INFO - Started process (PID=3890) to work on /home/airflow/.local/lib/python3.7/site-packages/airflow/example_dags/example_branch_day_of_week_operator.py
[2023-07-23T00:20:01.829+0000] {processor.py:826} INFO - Processing file /home/airflow/.local/lib/python3.7/site-packages/airflow/example_dags/example_branch_day_of_week_operator.py for tasks to queue
[2023-07-23T00:20:01.831+0000] {logging_mixin.py:150} INFO - [2023-07-23T00:20:01.831+0000] {dagbag.py:541} INFO - Filling up the DagBag from /home/airflow/.local/lib/python3.7/site-packages/airflow/example_dags/example_branch_day_of_week_operator.py
[2023-07-23T00:20:01.847+0000] {processor.py:836} INFO - DAG(s) dict_keys(['example_weekday_branch_operator']) retrieved from /home/airflow/.local/lib/python3.7/site-packages/airflow/example_dags/example_branch_day_of_week_operator.py
[2023-07-23T00:20:01.925+0000] {logging_mixin.py:150} INFO - [2023-07-23T00:20:01.925+0000] {dag.py:2742} INFO - Sync 1 DAGs
[2023-07-23T00:20:01.965+0000] {logging_mixin.py:150} INFO - [2023-07-23T00:20:01.965+0000] {dag.py:3508} INFO - Setting next_dagrun for example_weekday_branch_operator to 2023-07-22T00:00:00+00:00, run_after=2023-07-23T00:00:00+00:00
[2023-07-23T00:20:02.034+0000] {processor.py:179} INFO - Processing /home/airflow/.local/lib/python3.7/site-packages/airflow/example_dags/example_branch_day_of_week_operator.py took 0.215 seconds
[2023-07-23T00:20:32.106+0000] {processor.py:157} INFO - Started process (PID=3952) to work on /home/airflow/.local/lib/python3.7/site-packages/airflow/example_dags/example_branch_day_of_week_operator.py
[2023-07-23T00:20:32.109+0000] {processor.py:826} INFO - Processing file /home/airflow/.local/lib/python3.7/site-packages/airflow/example_dags/example_branch_day_of_week_operator.py for tasks to queue
[2023-07-23T00:20:32.111+0000] {logging_mixin.py:150} INFO - [2023-07-23T00:20:32.110+0000] {dagbag.py:541} INFO - Filling up the DagBag from /home/airflow/.local/lib/python3.7/site-packages/airflow/example_dags/example_branch_day_of_week_operator.py
[2023-07-23T00:20:32.122+0000] {processor.py:836} INFO - DAG(s) dict_keys(['example_weekday_branch_operator']) retrieved from /home/airflow/.local/lib/python3.7/site-packages/airflow/example_dags/example_branch_day_of_week_operator.py
[2023-07-23T00:20:32.154+0000] {logging_mixin.py:150} INFO - [2023-07-23T00:20:32.154+0000] {dag.py:2742} INFO - Sync 1 DAGs
[2023-07-23T00:20:32.177+0000] {logging_mixin.py:150} INFO - [2023-07-23T00:20:32.177+0000] {dag.py:3508} INFO - Setting next_dagrun for example_weekday_branch_operator to 2023-07-22T00:00:00+00:00, run_after=2023-07-23T00:00:00+00:00
[2023-07-23T00:20:32.192+0000] {processor.py:179} INFO - Processing /home/airflow/.local/lib/python3.7/site-packages/airflow/example_dags/example_branch_day_of_week_operator.py took 0.094 seconds
[2023-07-23T00:21:02.433+0000] {processor.py:157} INFO - Started process (PID=4015) to work on /home/airflow/.local/lib/python3.7/site-packages/airflow/example_dags/example_branch_day_of_week_operator.py
[2023-07-23T00:21:02.436+0000] {processor.py:826} INFO - Processing file /home/airflow/.local/lib/python3.7/site-packages/airflow/example_dags/example_branch_day_of_week_operator.py for tasks to queue
[2023-07-23T00:21:02.438+0000] {logging_mixin.py:150} INFO - [2023-07-23T00:21:02.438+0000] {dagbag.py:541} INFO - Filling up the DagBag from /home/airflow/.local/lib/python3.7/site-packages/airflow/example_dags/example_branch_day_of_week_operator.py
[2023-07-23T00:21:02.450+0000] {processor.py:836} INFO - DAG(s) dict_keys(['example_weekday_branch_operator']) retrieved from /home/airflow/.local/lib/python3.7/site-packages/airflow/example_dags/example_branch_day_of_week_operator.py
[2023-07-23T00:21:02.475+0000] {logging_mixin.py:150} INFO - [2023-07-23T00:21:02.475+0000] {dag.py:2742} INFO - Sync 1 DAGs
[2023-07-23T00:21:02.490+0000] {logging_mixin.py:150} INFO - [2023-07-23T00:21:02.490+0000] {dag.py:3508} INFO - Setting next_dagrun for example_weekday_branch_operator to 2023-07-22T00:00:00+00:00, run_after=2023-07-23T00:00:00+00:00
[2023-07-23T00:21:02.501+0000] {processor.py:179} INFO - Processing /home/airflow/.local/lib/python3.7/site-packages/airflow/example_dags/example_branch_day_of_week_operator.py took 0.074 seconds
[2023-07-23T00:21:32.973+0000] {processor.py:157} INFO - Started process (PID=4078) to work on /home/airflow/.local/lib/python3.7/site-packages/airflow/example_dags/example_branch_day_of_week_operator.py
[2023-07-23T00:21:32.976+0000] {processor.py:826} INFO - Processing file /home/airflow/.local/lib/python3.7/site-packages/airflow/example_dags/example_branch_day_of_week_operator.py for tasks to queue
[2023-07-23T00:21:32.978+0000] {logging_mixin.py:150} INFO - [2023-07-23T00:21:32.978+0000] {dagbag.py:541} INFO - Filling up the DagBag from /home/airflow/.local/lib/python3.7/site-packages/airflow/example_dags/example_branch_day_of_week_operator.py
[2023-07-23T00:21:32.989+0000] {processor.py:836} INFO - DAG(s) dict_keys(['example_weekday_branch_operator']) retrieved from /home/airflow/.local/lib/python3.7/site-packages/airflow/example_dags/example_branch_day_of_week_operator.py
[2023-07-23T00:21:33.036+0000] {logging_mixin.py:150} INFO - [2023-07-23T00:21:33.036+0000] {dag.py:2742} INFO - Sync 1 DAGs
[2023-07-23T00:21:33.059+0000] {logging_mixin.py:150} INFO - [2023-07-23T00:21:33.058+0000] {dag.py:3508} INFO - Setting next_dagrun for example_weekday_branch_operator to 2023-07-22T00:00:00+00:00, run_after=2023-07-23T00:00:00+00:00
[2023-07-23T00:21:33.071+0000] {processor.py:179} INFO - Processing /home/airflow/.local/lib/python3.7/site-packages/airflow/example_dags/example_branch_day_of_week_operator.py took 0.103 seconds
[2023-07-23T00:22:03.521+0000] {processor.py:157} INFO - Started process (PID=4140) to work on /home/airflow/.local/lib/python3.7/site-packages/airflow/example_dags/example_branch_day_of_week_operator.py
[2023-07-23T00:22:03.524+0000] {processor.py:826} INFO - Processing file /home/airflow/.local/lib/python3.7/site-packages/airflow/example_dags/example_branch_day_of_week_operator.py for tasks to queue
[2023-07-23T00:22:03.526+0000] {logging_mixin.py:150} INFO - [2023-07-23T00:22:03.526+0000] {dagbag.py:541} INFO - Filling up the DagBag from /home/airflow/.local/lib/python3.7/site-packages/airflow/example_dags/example_branch_day_of_week_operator.py
[2023-07-23T00:22:03.536+0000] {processor.py:836} INFO - DAG(s) dict_keys(['example_weekday_branch_operator']) retrieved from /home/airflow/.local/lib/python3.7/site-packages/airflow/example_dags/example_branch_day_of_week_operator.py
[2023-07-23T00:22:03.567+0000] {logging_mixin.py:150} INFO - [2023-07-23T00:22:03.567+0000] {dag.py:2742} INFO - Sync 1 DAGs
[2023-07-23T00:22:03.592+0000] {logging_mixin.py:150} INFO - [2023-07-23T00:22:03.592+0000] {dag.py:3508} INFO - Setting next_dagrun for example_weekday_branch_operator to 2023-07-22T00:00:00+00:00, run_after=2023-07-23T00:00:00+00:00
[2023-07-23T00:22:03.611+0000] {processor.py:179} INFO - Processing /home/airflow/.local/lib/python3.7/site-packages/airflow/example_dags/example_branch_day_of_week_operator.py took 0.098 seconds
[2023-07-23T00:22:33.675+0000] {processor.py:157} INFO - Started process (PID=4203) to work on /home/airflow/.local/lib/python3.7/site-packages/airflow/example_dags/example_branch_day_of_week_operator.py
[2023-07-23T00:22:33.678+0000] {processor.py:826} INFO - Processing file /home/airflow/.local/lib/python3.7/site-packages/airflow/example_dags/example_branch_day_of_week_operator.py for tasks to queue
[2023-07-23T00:22:33.679+0000] {logging_mixin.py:150} INFO - [2023-07-23T00:22:33.679+0000] {dagbag.py:541} INFO - Filling up the DagBag from /home/airflow/.local/lib/python3.7/site-packages/airflow/example_dags/example_branch_day_of_week_operator.py
[2023-07-23T00:22:33.690+0000] {processor.py:836} INFO - DAG(s) dict_keys(['example_weekday_branch_operator']) retrieved from /home/airflow/.local/lib/python3.7/site-packages/airflow/example_dags/example_branch_day_of_week_operator.py
[2023-07-23T00:22:33.716+0000] {logging_mixin.py:150} INFO - [2023-07-23T00:22:33.716+0000] {dag.py:2742} INFO - Sync 1 DAGs
[2023-07-23T00:22:33.732+0000] {logging_mixin.py:150} INFO - [2023-07-23T00:22:33.732+0000] {dag.py:3508} INFO - Setting next_dagrun for example_weekday_branch_operator to 2023-07-22T00:00:00+00:00, run_after=2023-07-23T00:00:00+00:00
[2023-07-23T00:22:33.742+0000] {processor.py:179} INFO - Processing /home/airflow/.local/lib/python3.7/site-packages/airflow/example_dags/example_branch_day_of_week_operator.py took 0.073 seconds
[2023-07-23T00:23:03.788+0000] {processor.py:157} INFO - Started process (PID=4266) to work on /home/airflow/.local/lib/python3.7/site-packages/airflow/example_dags/example_branch_day_of_week_operator.py
[2023-07-23T00:23:03.791+0000] {processor.py:826} INFO - Processing file /home/airflow/.local/lib/python3.7/site-packages/airflow/example_dags/example_branch_day_of_week_operator.py for tasks to queue
[2023-07-23T00:23:03.793+0000] {logging_mixin.py:150} INFO - [2023-07-23T00:23:03.793+0000] {dagbag.py:541} INFO - Filling up the DagBag from /home/airflow/.local/lib/python3.7/site-packages/airflow/example_dags/example_branch_day_of_week_operator.py
[2023-07-23T00:23:03.807+0000] {processor.py:836} INFO - DAG(s) dict_keys(['example_weekday_branch_operator']) retrieved from /home/airflow/.local/lib/python3.7/site-packages/airflow/example_dags/example_branch_day_of_week_operator.py
[2023-07-23T00:23:03.832+0000] {logging_mixin.py:150} INFO - [2023-07-23T00:23:03.832+0000] {dag.py:2742} INFO - Sync 1 DAGs
[2023-07-23T00:23:03.848+0000] {logging_mixin.py:150} INFO - [2023-07-23T00:23:03.848+0000] {dag.py:3508} INFO - Setting next_dagrun for example_weekday_branch_operator to 2023-07-22T00:00:00+00:00, run_after=2023-07-23T00:00:00+00:00
[2023-07-23T00:23:03.858+0000] {processor.py:179} INFO - Processing /home/airflow/.local/lib/python3.7/site-packages/airflow/example_dags/example_branch_day_of_week_operator.py took 0.076 seconds
[2023-07-23T00:23:34.139+0000] {processor.py:157} INFO - Started process (PID=4330) to work on /home/airflow/.local/lib/python3.7/site-packages/airflow/example_dags/example_branch_day_of_week_operator.py
[2023-07-23T00:23:34.142+0000] {processor.py:826} INFO - Processing file /home/airflow/.local/lib/python3.7/site-packages/airflow/example_dags/example_branch_day_of_week_operator.py for tasks to queue
[2023-07-23T00:23:34.143+0000] {logging_mixin.py:150} INFO - [2023-07-23T00:23:34.143+0000] {dagbag.py:541} INFO - Filling up the DagBag from /home/airflow/.local/lib/python3.7/site-packages/airflow/example_dags/example_branch_day_of_week_operator.py
[2023-07-23T00:23:34.155+0000] {processor.py:836} INFO - DAG(s) dict_keys(['example_weekday_branch_operator']) retrieved from /home/airflow/.local/lib/python3.7/site-packages/airflow/example_dags/example_branch_day_of_week_operator.py
[2023-07-23T00:23:34.184+0000] {logging_mixin.py:150} INFO - [2023-07-23T00:23:34.184+0000] {dag.py:2742} INFO - Sync 1 DAGs
[2023-07-23T00:23:34.202+0000] {logging_mixin.py:150} INFO - [2023-07-23T00:23:34.202+0000] {dag.py:3508} INFO - Setting next_dagrun for example_weekday_branch_operator to 2023-07-22T00:00:00+00:00, run_after=2023-07-23T00:00:00+00:00
[2023-07-23T00:23:34.214+0000] {processor.py:179} INFO - Processing /home/airflow/.local/lib/python3.7/site-packages/airflow/example_dags/example_branch_day_of_week_operator.py took 0.083 seconds
[2023-07-23T00:24:04.295+0000] {processor.py:157} INFO - Started process (PID=4393) to work on /home/airflow/.local/lib/python3.7/site-packages/airflow/example_dags/example_branch_day_of_week_operator.py
[2023-07-23T00:24:04.298+0000] {processor.py:826} INFO - Processing file /home/airflow/.local/lib/python3.7/site-packages/airflow/example_dags/example_branch_day_of_week_operator.py for tasks to queue
[2023-07-23T00:24:04.300+0000] {logging_mixin.py:150} INFO - [2023-07-23T00:24:04.300+0000] {dagbag.py:541} INFO - Filling up the DagBag from /home/airflow/.local/lib/python3.7/site-packages/airflow/example_dags/example_branch_day_of_week_operator.py
[2023-07-23T00:24:04.316+0000] {processor.py:836} INFO - DAG(s) dict_keys(['example_weekday_branch_operator']) retrieved from /home/airflow/.local/lib/python3.7/site-packages/airflow/example_dags/example_branch_day_of_week_operator.py
[2023-07-23T00:24:04.344+0000] {logging_mixin.py:150} INFO - [2023-07-23T00:24:04.344+0000] {dag.py:2742} INFO - Sync 1 DAGs
[2023-07-23T00:24:04.367+0000] {logging_mixin.py:150} INFO - [2023-07-23T00:24:04.367+0000] {dag.py:3508} INFO - Setting next_dagrun for example_weekday_branch_operator to 2023-07-22T00:00:00+00:00, run_after=2023-07-23T00:00:00+00:00
[2023-07-23T00:24:04.384+0000] {processor.py:179} INFO - Processing /home/airflow/.local/lib/python3.7/site-packages/airflow/example_dags/example_branch_day_of_week_operator.py took 0.095 seconds
[2023-07-23T00:24:34.468+0000] {processor.py:157} INFO - Started process (PID=4457) to work on /home/airflow/.local/lib/python3.7/site-packages/airflow/example_dags/example_branch_day_of_week_operator.py
[2023-07-23T00:24:34.472+0000] {processor.py:826} INFO - Processing file /home/airflow/.local/lib/python3.7/site-packages/airflow/example_dags/example_branch_day_of_week_operator.py for tasks to queue
[2023-07-23T00:24:34.473+0000] {logging_mixin.py:150} INFO - [2023-07-23T00:24:34.473+0000] {dagbag.py:541} INFO - Filling up the DagBag from /home/airflow/.local/lib/python3.7/site-packages/airflow/example_dags/example_branch_day_of_week_operator.py
[2023-07-23T00:24:34.485+0000] {processor.py:836} INFO - DAG(s) dict_keys(['example_weekday_branch_operator']) retrieved from /home/airflow/.local/lib/python3.7/site-packages/airflow/example_dags/example_branch_day_of_week_operator.py
[2023-07-23T00:24:34.514+0000] {logging_mixin.py:150} INFO - [2023-07-23T00:24:34.514+0000] {dag.py:2742} INFO - Sync 1 DAGs
[2023-07-23T00:24:34.530+0000] {logging_mixin.py:150} INFO - [2023-07-23T00:24:34.530+0000] {dag.py:3508} INFO - Setting next_dagrun for example_weekday_branch_operator to 2023-07-22T00:00:00+00:00, run_after=2023-07-23T00:00:00+00:00
[2023-07-23T00:24:34.542+0000] {processor.py:179} INFO - Processing /home/airflow/.local/lib/python3.7/site-packages/airflow/example_dags/example_branch_day_of_week_operator.py took 0.081 seconds
[2023-07-23T00:25:05.394+0000] {processor.py:157} INFO - Started process (PID=4520) to work on /home/airflow/.local/lib/python3.7/site-packages/airflow/example_dags/example_branch_day_of_week_operator.py
[2023-07-23T00:25:05.397+0000] {processor.py:826} INFO - Processing file /home/airflow/.local/lib/python3.7/site-packages/airflow/example_dags/example_branch_day_of_week_operator.py for tasks to queue
[2023-07-23T00:25:05.398+0000] {logging_mixin.py:150} INFO - [2023-07-23T00:25:05.398+0000] {dagbag.py:541} INFO - Filling up the DagBag from /home/airflow/.local/lib/python3.7/site-packages/airflow/example_dags/example_branch_day_of_week_operator.py
[2023-07-23T00:25:05.409+0000] {processor.py:836} INFO - DAG(s) dict_keys(['example_weekday_branch_operator']) retrieved from /home/airflow/.local/lib/python3.7/site-packages/airflow/example_dags/example_branch_day_of_week_operator.py
[2023-07-23T00:25:05.435+0000] {logging_mixin.py:150} INFO - [2023-07-23T00:25:05.435+0000] {dag.py:2742} INFO - Sync 1 DAGs
[2023-07-23T00:25:05.451+0000] {logging_mixin.py:150} INFO - [2023-07-23T00:25:05.451+0000] {dag.py:3508} INFO - Setting next_dagrun for example_weekday_branch_operator to 2023-07-22T00:00:00+00:00, run_after=2023-07-23T00:00:00+00:00
[2023-07-23T00:25:05.461+0000] {processor.py:179} INFO - Processing /home/airflow/.local/lib/python3.7/site-packages/airflow/example_dags/example_branch_day_of_week_operator.py took 0.073 seconds
[2023-07-23T00:25:36.525+0000] {processor.py:157} INFO - Started process (PID=4584) to work on /home/airflow/.local/lib/python3.7/site-packages/airflow/example_dags/example_branch_day_of_week_operator.py
[2023-07-23T00:25:36.528+0000] {processor.py:826} INFO - Processing file /home/airflow/.local/lib/python3.7/site-packages/airflow/example_dags/example_branch_day_of_week_operator.py for tasks to queue
[2023-07-23T00:25:36.530+0000] {logging_mixin.py:150} INFO - [2023-07-23T00:25:36.530+0000] {dagbag.py:541} INFO - Filling up the DagBag from /home/airflow/.local/lib/python3.7/site-packages/airflow/example_dags/example_branch_day_of_week_operator.py
[2023-07-23T00:25:36.545+0000] {processor.py:836} INFO - DAG(s) dict_keys(['example_weekday_branch_operator']) retrieved from /home/airflow/.local/lib/python3.7/site-packages/airflow/example_dags/example_branch_day_of_week_operator.py
[2023-07-23T00:25:36.579+0000] {logging_mixin.py:150} INFO - [2023-07-23T00:25:36.578+0000] {dag.py:2742} INFO - Sync 1 DAGs
[2023-07-23T00:25:36.600+0000] {logging_mixin.py:150} INFO - [2023-07-23T00:25:36.600+0000] {dag.py:3508} INFO - Setting next_dagrun for example_weekday_branch_operator to 2023-07-22T00:00:00+00:00, run_after=2023-07-23T00:00:00+00:00
[2023-07-23T00:25:36.614+0000] {processor.py:179} INFO - Processing /home/airflow/.local/lib/python3.7/site-packages/airflow/example_dags/example_branch_day_of_week_operator.py took 0.096 seconds
[2023-07-23T00:26:07.303+0000] {processor.py:157} INFO - Started process (PID=4647) to work on /home/airflow/.local/lib/python3.7/site-packages/airflow/example_dags/example_branch_day_of_week_operator.py
[2023-07-23T00:26:07.305+0000] {processor.py:826} INFO - Processing file /home/airflow/.local/lib/python3.7/site-packages/airflow/example_dags/example_branch_day_of_week_operator.py for tasks to queue
[2023-07-23T00:26:07.307+0000] {logging_mixin.py:150} INFO - [2023-07-23T00:26:07.306+0000] {dagbag.py:541} INFO - Filling up the DagBag from /home/airflow/.local/lib/python3.7/site-packages/airflow/example_dags/example_branch_day_of_week_operator.py
[2023-07-23T00:26:07.316+0000] {processor.py:836} INFO - DAG(s) dict_keys(['example_weekday_branch_operator']) retrieved from /home/airflow/.local/lib/python3.7/site-packages/airflow/example_dags/example_branch_day_of_week_operator.py
[2023-07-23T00:26:07.340+0000] {logging_mixin.py:150} INFO - [2023-07-23T00:26:07.340+0000] {dag.py:2742} INFO - Sync 1 DAGs
[2023-07-23T00:26:07.356+0000] {logging_mixin.py:150} INFO - [2023-07-23T00:26:07.356+0000] {dag.py:3508} INFO - Setting next_dagrun for example_weekday_branch_operator to 2023-07-22T00:00:00+00:00, run_after=2023-07-23T00:00:00+00:00
[2023-07-23T00:26:07.368+0000] {processor.py:179} INFO - Processing /home/airflow/.local/lib/python3.7/site-packages/airflow/example_dags/example_branch_day_of_week_operator.py took 0.072 seconds
