[2023-07-23T00:00:02.408+0000] {processor.py:157} INFO - Started process (PID=1401) to work on /home/airflow/.local/lib/python3.7/site-packages/airflow/example_dags/example_kubernetes_executor.py
[2023-07-23T00:00:02.414+0000] {processor.py:826} INFO - Processing file /home/airflow/.local/lib/python3.7/site-packages/airflow/example_dags/example_kubernetes_executor.py for tasks to queue
[2023-07-23T00:00:02.417+0000] {logging_mixin.py:150} INFO - [2023-07-23T00:00:02.416+0000] {dagbag.py:541} INFO - Filling up the DagBag from /home/airflow/.local/lib/python3.7/site-packages/airflow/example_dags/example_kubernetes_executor.py
[2023-07-23T00:00:03.132+0000] {processor.py:836} INFO - DAG(s) dict_keys(['example_kubernetes_executor']) retrieved from /home/airflow/.local/lib/python3.7/site-packages/airflow/example_dags/example_kubernetes_executor.py
[2023-07-23T00:00:03.199+0000] {logging_mixin.py:150} INFO - [2023-07-23T00:00:03.198+0000] {dag.py:2742} INFO - Sync 1 DAGs
[2023-07-23T00:00:04.386+0000] {logging_mixin.py:150} INFO - [2023-07-23T00:00:04.378+0000] {dag.py:3508} INFO - Setting next_dagrun for example_kubernetes_executor to None, run_after=None
[2023-07-23T00:00:04.677+0000] {processor.py:179} INFO - Processing /home/airflow/.local/lib/python3.7/site-packages/airflow/example_dags/example_kubernetes_executor.py took 2.274 seconds
[2023-07-23T00:00:34.822+0000] {processor.py:157} INFO - Started process (PID=1472) to work on /home/airflow/.local/lib/python3.7/site-packages/airflow/example_dags/example_kubernetes_executor.py
[2023-07-23T00:00:34.824+0000] {processor.py:826} INFO - Processing file /home/airflow/.local/lib/python3.7/site-packages/airflow/example_dags/example_kubernetes_executor.py for tasks to queue
[2023-07-23T00:00:34.825+0000] {logging_mixin.py:150} INFO - [2023-07-23T00:00:34.825+0000] {dagbag.py:541} INFO - Filling up the DagBag from /home/airflow/.local/lib/python3.7/site-packages/airflow/example_dags/example_kubernetes_executor.py
[2023-07-23T00:00:34.982+0000] {processor.py:836} INFO - DAG(s) dict_keys(['example_kubernetes_executor']) retrieved from /home/airflow/.local/lib/python3.7/site-packages/airflow/example_dags/example_kubernetes_executor.py
[2023-07-23T00:00:35.012+0000] {logging_mixin.py:150} INFO - [2023-07-23T00:00:35.011+0000] {dag.py:2742} INFO - Sync 1 DAGs
[2023-07-23T00:00:35.030+0000] {logging_mixin.py:150} INFO - [2023-07-23T00:00:35.030+0000] {dag.py:3508} INFO - Setting next_dagrun for example_kubernetes_executor to None, run_after=None
[2023-07-23T00:00:35.042+0000] {processor.py:179} INFO - Processing /home/airflow/.local/lib/python3.7/site-packages/airflow/example_dags/example_kubernetes_executor.py took 0.222 seconds
[2023-07-23T00:01:05.400+0000] {processor.py:157} INFO - Started process (PID=1541) to work on /home/airflow/.local/lib/python3.7/site-packages/airflow/example_dags/example_kubernetes_executor.py
[2023-07-23T00:01:05.401+0000] {processor.py:826} INFO - Processing file /home/airflow/.local/lib/python3.7/site-packages/airflow/example_dags/example_kubernetes_executor.py for tasks to queue
[2023-07-23T00:01:05.402+0000] {logging_mixin.py:150} INFO - [2023-07-23T00:01:05.402+0000] {dagbag.py:541} INFO - Filling up the DagBag from /home/airflow/.local/lib/python3.7/site-packages/airflow/example_dags/example_kubernetes_executor.py
[2023-07-23T00:01:05.562+0000] {processor.py:836} INFO - DAG(s) dict_keys(['example_kubernetes_executor']) retrieved from /home/airflow/.local/lib/python3.7/site-packages/airflow/example_dags/example_kubernetes_executor.py
[2023-07-23T00:01:05.600+0000] {logging_mixin.py:150} INFO - [2023-07-23T00:01:05.599+0000] {dag.py:2742} INFO - Sync 1 DAGs
[2023-07-23T00:01:05.616+0000] {logging_mixin.py:150} INFO - [2023-07-23T00:01:05.616+0000] {dag.py:3508} INFO - Setting next_dagrun for example_kubernetes_executor to None, run_after=None
[2023-07-23T00:01:05.629+0000] {processor.py:179} INFO - Processing /home/airflow/.local/lib/python3.7/site-packages/airflow/example_dags/example_kubernetes_executor.py took 0.232 seconds
[2023-07-23T00:01:35.763+0000] {processor.py:157} INFO - Started process (PID=1604) to work on /home/airflow/.local/lib/python3.7/site-packages/airflow/example_dags/example_kubernetes_executor.py
[2023-07-23T00:01:35.765+0000] {processor.py:826} INFO - Processing file /home/airflow/.local/lib/python3.7/site-packages/airflow/example_dags/example_kubernetes_executor.py for tasks to queue
[2023-07-23T00:01:35.767+0000] {logging_mixin.py:150} INFO - [2023-07-23T00:01:35.767+0000] {dagbag.py:541} INFO - Filling up the DagBag from /home/airflow/.local/lib/python3.7/site-packages/airflow/example_dags/example_kubernetes_executor.py
[2023-07-23T00:01:36.140+0000] {processor.py:836} INFO - DAG(s) dict_keys(['example_kubernetes_executor']) retrieved from /home/airflow/.local/lib/python3.7/site-packages/airflow/example_dags/example_kubernetes_executor.py
[2023-07-23T00:01:36.176+0000] {logging_mixin.py:150} INFO - [2023-07-23T00:01:36.176+0000] {dag.py:2742} INFO - Sync 1 DAGs
[2023-07-23T00:01:36.437+0000] {logging_mixin.py:150} INFO - [2023-07-23T00:01:36.436+0000] {dag.py:3508} INFO - Setting next_dagrun for example_kubernetes_executor to None, run_after=None
[2023-07-23T00:01:36.450+0000] {processor.py:179} INFO - Processing /home/airflow/.local/lib/python3.7/site-packages/airflow/example_dags/example_kubernetes_executor.py took 0.693 seconds
[2023-07-23T00:02:06.501+0000] {processor.py:157} INFO - Started process (PID=1670) to work on /home/airflow/.local/lib/python3.7/site-packages/airflow/example_dags/example_kubernetes_executor.py
[2023-07-23T00:02:06.502+0000] {processor.py:826} INFO - Processing file /home/airflow/.local/lib/python3.7/site-packages/airflow/example_dags/example_kubernetes_executor.py for tasks to queue
[2023-07-23T00:02:06.503+0000] {logging_mixin.py:150} INFO - [2023-07-23T00:02:06.503+0000] {dagbag.py:541} INFO - Filling up the DagBag from /home/airflow/.local/lib/python3.7/site-packages/airflow/example_dags/example_kubernetes_executor.py
[2023-07-23T00:02:06.690+0000] {processor.py:836} INFO - DAG(s) dict_keys(['example_kubernetes_executor']) retrieved from /home/airflow/.local/lib/python3.7/site-packages/airflow/example_dags/example_kubernetes_executor.py
[2023-07-23T00:02:06.724+0000] {logging_mixin.py:150} INFO - [2023-07-23T00:02:06.724+0000] {dag.py:2742} INFO - Sync 1 DAGs
[2023-07-23T00:02:06.746+0000] {logging_mixin.py:150} INFO - [2023-07-23T00:02:06.746+0000] {dag.py:3508} INFO - Setting next_dagrun for example_kubernetes_executor to None, run_after=None
[2023-07-23T00:02:06.923+0000] {processor.py:179} INFO - Processing /home/airflow/.local/lib/python3.7/site-packages/airflow/example_dags/example_kubernetes_executor.py took 0.425 seconds
[2023-07-23T00:02:36.996+0000] {processor.py:157} INFO - Started process (PID=1735) to work on /home/airflow/.local/lib/python3.7/site-packages/airflow/example_dags/example_kubernetes_executor.py
[2023-07-23T00:02:36.999+0000] {processor.py:826} INFO - Processing file /home/airflow/.local/lib/python3.7/site-packages/airflow/example_dags/example_kubernetes_executor.py for tasks to queue
[2023-07-23T00:02:37.001+0000] {logging_mixin.py:150} INFO - [2023-07-23T00:02:37.000+0000] {dagbag.py:541} INFO - Filling up the DagBag from /home/airflow/.local/lib/python3.7/site-packages/airflow/example_dags/example_kubernetes_executor.py
[2023-07-23T00:02:37.205+0000] {processor.py:836} INFO - DAG(s) dict_keys(['example_kubernetes_executor']) retrieved from /home/airflow/.local/lib/python3.7/site-packages/airflow/example_dags/example_kubernetes_executor.py
[2023-07-23T00:02:37.373+0000] {logging_mixin.py:150} INFO - [2023-07-23T00:02:37.373+0000] {dag.py:2742} INFO - Sync 1 DAGs
[2023-07-23T00:02:37.387+0000] {logging_mixin.py:150} INFO - [2023-07-23T00:02:37.387+0000] {dag.py:3508} INFO - Setting next_dagrun for example_kubernetes_executor to None, run_after=None
[2023-07-23T00:02:37.397+0000] {processor.py:179} INFO - Processing /home/airflow/.local/lib/python3.7/site-packages/airflow/example_dags/example_kubernetes_executor.py took 0.408 seconds
[2023-07-23T00:03:07.439+0000] {processor.py:157} INFO - Started process (PID=1799) to work on /home/airflow/.local/lib/python3.7/site-packages/airflow/example_dags/example_kubernetes_executor.py
[2023-07-23T00:03:07.442+0000] {processor.py:826} INFO - Processing file /home/airflow/.local/lib/python3.7/site-packages/airflow/example_dags/example_kubernetes_executor.py for tasks to queue
[2023-07-23T00:03:07.444+0000] {logging_mixin.py:150} INFO - [2023-07-23T00:03:07.443+0000] {dagbag.py:541} INFO - Filling up the DagBag from /home/airflow/.local/lib/python3.7/site-packages/airflow/example_dags/example_kubernetes_executor.py
[2023-07-23T00:03:07.760+0000] {processor.py:836} INFO - DAG(s) dict_keys(['example_kubernetes_executor']) retrieved from /home/airflow/.local/lib/python3.7/site-packages/airflow/example_dags/example_kubernetes_executor.py
[2023-07-23T00:03:08.008+0000] {logging_mixin.py:150} INFO - [2023-07-23T00:03:08.008+0000] {dag.py:2742} INFO - Sync 1 DAGs
[2023-07-23T00:03:08.026+0000] {logging_mixin.py:150} INFO - [2023-07-23T00:03:08.026+0000] {dag.py:3508} INFO - Setting next_dagrun for example_kubernetes_executor to None, run_after=None
[2023-07-23T00:03:08.039+0000] {processor.py:179} INFO - Processing /home/airflow/.local/lib/python3.7/site-packages/airflow/example_dags/example_kubernetes_executor.py took 0.606 seconds
[2023-07-23T00:03:38.232+0000] {processor.py:157} INFO - Started process (PID=1862) to work on /home/airflow/.local/lib/python3.7/site-packages/airflow/example_dags/example_kubernetes_executor.py
[2023-07-23T00:03:38.235+0000] {processor.py:826} INFO - Processing file /home/airflow/.local/lib/python3.7/site-packages/airflow/example_dags/example_kubernetes_executor.py for tasks to queue
[2023-07-23T00:03:38.237+0000] {logging_mixin.py:150} INFO - [2023-07-23T00:03:38.237+0000] {dagbag.py:541} INFO - Filling up the DagBag from /home/airflow/.local/lib/python3.7/site-packages/airflow/example_dags/example_kubernetes_executor.py
[2023-07-23T00:03:38.495+0000] {processor.py:836} INFO - DAG(s) dict_keys(['example_kubernetes_executor']) retrieved from /home/airflow/.local/lib/python3.7/site-packages/airflow/example_dags/example_kubernetes_executor.py
[2023-07-23T00:03:38.534+0000] {logging_mixin.py:150} INFO - [2023-07-23T00:03:38.534+0000] {dag.py:2742} INFO - Sync 1 DAGs
[2023-07-23T00:03:38.660+0000] {logging_mixin.py:150} INFO - [2023-07-23T00:03:38.660+0000] {dag.py:3508} INFO - Setting next_dagrun for example_kubernetes_executor to None, run_after=None
[2023-07-23T00:03:38.690+0000] {processor.py:179} INFO - Processing /home/airflow/.local/lib/python3.7/site-packages/airflow/example_dags/example_kubernetes_executor.py took 0.463 seconds
[2023-07-23T00:04:08.838+0000] {processor.py:157} INFO - Started process (PID=1926) to work on /home/airflow/.local/lib/python3.7/site-packages/airflow/example_dags/example_kubernetes_executor.py
[2023-07-23T00:04:08.840+0000] {processor.py:826} INFO - Processing file /home/airflow/.local/lib/python3.7/site-packages/airflow/example_dags/example_kubernetes_executor.py for tasks to queue
[2023-07-23T00:04:08.842+0000] {logging_mixin.py:150} INFO - [2023-07-23T00:04:08.842+0000] {dagbag.py:541} INFO - Filling up the DagBag from /home/airflow/.local/lib/python3.7/site-packages/airflow/example_dags/example_kubernetes_executor.py
[2023-07-23T00:04:09.157+0000] {processor.py:836} INFO - DAG(s) dict_keys(['example_kubernetes_executor']) retrieved from /home/airflow/.local/lib/python3.7/site-packages/airflow/example_dags/example_kubernetes_executor.py
[2023-07-23T00:04:09.181+0000] {logging_mixin.py:150} INFO - [2023-07-23T00:04:09.181+0000] {dag.py:2742} INFO - Sync 1 DAGs
[2023-07-23T00:04:09.194+0000] {logging_mixin.py:150} INFO - [2023-07-23T00:04:09.194+0000] {dag.py:3508} INFO - Setting next_dagrun for example_kubernetes_executor to None, run_after=None
[2023-07-23T00:04:09.204+0000] {processor.py:179} INFO - Processing /home/airflow/.local/lib/python3.7/site-packages/airflow/example_dags/example_kubernetes_executor.py took 0.374 seconds
[2023-07-23T00:04:40.292+0000] {processor.py:157} INFO - Started process (PID=1990) to work on /home/airflow/.local/lib/python3.7/site-packages/airflow/example_dags/example_kubernetes_executor.py
[2023-07-23T00:04:40.297+0000] {processor.py:826} INFO - Processing file /home/airflow/.local/lib/python3.7/site-packages/airflow/example_dags/example_kubernetes_executor.py for tasks to queue
[2023-07-23T00:04:40.301+0000] {logging_mixin.py:150} INFO - [2023-07-23T00:04:40.300+0000] {dagbag.py:541} INFO - Filling up the DagBag from /home/airflow/.local/lib/python3.7/site-packages/airflow/example_dags/example_kubernetes_executor.py
[2023-07-23T00:04:40.621+0000] {processor.py:836} INFO - DAG(s) dict_keys(['example_kubernetes_executor']) retrieved from /home/airflow/.local/lib/python3.7/site-packages/airflow/example_dags/example_kubernetes_executor.py
[2023-07-23T00:04:40.920+0000] {logging_mixin.py:150} INFO - [2023-07-23T00:04:40.920+0000] {dag.py:2742} INFO - Sync 1 DAGs
[2023-07-23T00:04:40.936+0000] {logging_mixin.py:150} INFO - [2023-07-23T00:04:40.936+0000] {dag.py:3508} INFO - Setting next_dagrun for example_kubernetes_executor to None, run_after=None
[2023-07-23T00:04:40.948+0000] {processor.py:179} INFO - Processing /home/airflow/.local/lib/python3.7/site-packages/airflow/example_dags/example_kubernetes_executor.py took 0.666 seconds
[2023-07-23T00:05:11.906+0000] {processor.py:157} INFO - Started process (PID=2056) to work on /home/airflow/.local/lib/python3.7/site-packages/airflow/example_dags/example_kubernetes_executor.py
[2023-07-23T00:05:11.911+0000] {processor.py:826} INFO - Processing file /home/airflow/.local/lib/python3.7/site-packages/airflow/example_dags/example_kubernetes_executor.py for tasks to queue
[2023-07-23T00:05:11.913+0000] {logging_mixin.py:150} INFO - [2023-07-23T00:05:11.913+0000] {dagbag.py:541} INFO - Filling up the DagBag from /home/airflow/.local/lib/python3.7/site-packages/airflow/example_dags/example_kubernetes_executor.py
[2023-07-23T00:05:12.458+0000] {processor.py:836} INFO - DAG(s) dict_keys(['example_kubernetes_executor']) retrieved from /home/airflow/.local/lib/python3.7/site-packages/airflow/example_dags/example_kubernetes_executor.py
[2023-07-23T00:05:12.557+0000] {logging_mixin.py:150} INFO - [2023-07-23T00:05:12.557+0000] {dag.py:2742} INFO - Sync 1 DAGs
[2023-07-23T00:05:12.606+0000] {logging_mixin.py:150} INFO - [2023-07-23T00:05:12.606+0000] {dag.py:3508} INFO - Setting next_dagrun for example_kubernetes_executor to None, run_after=None
[2023-07-23T00:05:12.640+0000] {processor.py:179} INFO - Processing /home/airflow/.local/lib/python3.7/site-packages/airflow/example_dags/example_kubernetes_executor.py took 0.744 seconds
[2023-07-23T00:05:43.420+0000] {processor.py:157} INFO - Started process (PID=2124) to work on /home/airflow/.local/lib/python3.7/site-packages/airflow/example_dags/example_kubernetes_executor.py
[2023-07-23T00:05:43.422+0000] {processor.py:826} INFO - Processing file /home/airflow/.local/lib/python3.7/site-packages/airflow/example_dags/example_kubernetes_executor.py for tasks to queue
[2023-07-23T00:05:43.424+0000] {logging_mixin.py:150} INFO - [2023-07-23T00:05:43.423+0000] {dagbag.py:541} INFO - Filling up the DagBag from /home/airflow/.local/lib/python3.7/site-packages/airflow/example_dags/example_kubernetes_executor.py
[2023-07-23T00:05:43.795+0000] {processor.py:836} INFO - DAG(s) dict_keys(['example_kubernetes_executor']) retrieved from /home/airflow/.local/lib/python3.7/site-packages/airflow/example_dags/example_kubernetes_executor.py
[2023-07-23T00:05:43.825+0000] {logging_mixin.py:150} INFO - [2023-07-23T00:05:43.825+0000] {dag.py:2742} INFO - Sync 1 DAGs
[2023-07-23T00:05:43.841+0000] {logging_mixin.py:150} INFO - [2023-07-23T00:05:43.841+0000] {dag.py:3508} INFO - Setting next_dagrun for example_kubernetes_executor to None, run_after=None
[2023-07-23T00:05:43.852+0000] {processor.py:179} INFO - Processing /home/airflow/.local/lib/python3.7/site-packages/airflow/example_dags/example_kubernetes_executor.py took 0.439 seconds
[2023-07-23T00:06:14.012+0000] {processor.py:157} INFO - Started process (PID=2187) to work on /home/airflow/.local/lib/python3.7/site-packages/airflow/example_dags/example_kubernetes_executor.py
[2023-07-23T00:06:14.014+0000] {processor.py:826} INFO - Processing file /home/airflow/.local/lib/python3.7/site-packages/airflow/example_dags/example_kubernetes_executor.py for tasks to queue
[2023-07-23T00:06:14.015+0000] {logging_mixin.py:150} INFO - [2023-07-23T00:06:14.015+0000] {dagbag.py:541} INFO - Filling up the DagBag from /home/airflow/.local/lib/python3.7/site-packages/airflow/example_dags/example_kubernetes_executor.py
[2023-07-23T00:06:14.279+0000] {processor.py:836} INFO - DAG(s) dict_keys(['example_kubernetes_executor']) retrieved from /home/airflow/.local/lib/python3.7/site-packages/airflow/example_dags/example_kubernetes_executor.py
[2023-07-23T00:06:14.312+0000] {logging_mixin.py:150} INFO - [2023-07-23T00:06:14.312+0000] {dag.py:2742} INFO - Sync 1 DAGs
[2023-07-23T00:06:14.331+0000] {logging_mixin.py:150} INFO - [2023-07-23T00:06:14.331+0000] {dag.py:3508} INFO - Setting next_dagrun for example_kubernetes_executor to None, run_after=None
[2023-07-23T00:06:14.342+0000] {processor.py:179} INFO - Processing /home/airflow/.local/lib/python3.7/site-packages/airflow/example_dags/example_kubernetes_executor.py took 0.333 seconds
[2023-07-23T00:06:44.964+0000] {processor.py:157} INFO - Started process (PID=2244) to work on /home/airflow/.local/lib/python3.7/site-packages/airflow/example_dags/example_kubernetes_executor.py
[2023-07-23T00:06:44.967+0000] {processor.py:826} INFO - Processing file /home/airflow/.local/lib/python3.7/site-packages/airflow/example_dags/example_kubernetes_executor.py for tasks to queue
[2023-07-23T00:06:44.969+0000] {logging_mixin.py:150} INFO - [2023-07-23T00:06:44.968+0000] {dagbag.py:541} INFO - Filling up the DagBag from /home/airflow/.local/lib/python3.7/site-packages/airflow/example_dags/example_kubernetes_executor.py
[2023-07-23T00:06:45.632+0000] {processor.py:836} INFO - DAG(s) dict_keys(['example_kubernetes_executor']) retrieved from /home/airflow/.local/lib/python3.7/site-packages/airflow/example_dags/example_kubernetes_executor.py
[2023-07-23T00:06:45.829+0000] {logging_mixin.py:150} INFO - [2023-07-23T00:06:45.829+0000] {dag.py:2742} INFO - Sync 1 DAGs
[2023-07-23T00:06:45.865+0000] {logging_mixin.py:150} INFO - [2023-07-23T00:06:45.865+0000] {dag.py:3508} INFO - Setting next_dagrun for example_kubernetes_executor to None, run_after=None
[2023-07-23T00:06:45.885+0000] {processor.py:179} INFO - Processing /home/airflow/.local/lib/python3.7/site-packages/airflow/example_dags/example_kubernetes_executor.py took 0.927 seconds
[2023-07-23T00:07:16.395+0000] {processor.py:157} INFO - Started process (PID=2309) to work on /home/airflow/.local/lib/python3.7/site-packages/airflow/example_dags/example_kubernetes_executor.py
[2023-07-23T00:07:16.396+0000] {processor.py:826} INFO - Processing file /home/airflow/.local/lib/python3.7/site-packages/airflow/example_dags/example_kubernetes_executor.py for tasks to queue
[2023-07-23T00:07:16.397+0000] {logging_mixin.py:150} INFO - [2023-07-23T00:07:16.397+0000] {dagbag.py:541} INFO - Filling up the DagBag from /home/airflow/.local/lib/python3.7/site-packages/airflow/example_dags/example_kubernetes_executor.py
[2023-07-23T00:07:16.849+0000] {processor.py:836} INFO - DAG(s) dict_keys(['example_kubernetes_executor']) retrieved from /home/airflow/.local/lib/python3.7/site-packages/airflow/example_dags/example_kubernetes_executor.py
[2023-07-23T00:07:16.887+0000] {logging_mixin.py:150} INFO - [2023-07-23T00:07:16.887+0000] {dag.py:2742} INFO - Sync 1 DAGs
[2023-07-23T00:07:16.907+0000] {logging_mixin.py:150} INFO - [2023-07-23T00:07:16.907+0000] {dag.py:3508} INFO - Setting next_dagrun for example_kubernetes_executor to None, run_after=None
[2023-07-23T00:07:16.922+0000] {processor.py:179} INFO - Processing /home/airflow/.local/lib/python3.7/site-packages/airflow/example_dags/example_kubernetes_executor.py took 0.530 seconds
[2023-07-23T00:07:47.598+0000] {processor.py:157} INFO - Started process (PID=2373) to work on /home/airflow/.local/lib/python3.7/site-packages/airflow/example_dags/example_kubernetes_executor.py
[2023-07-23T00:07:47.602+0000] {processor.py:826} INFO - Processing file /home/airflow/.local/lib/python3.7/site-packages/airflow/example_dags/example_kubernetes_executor.py for tasks to queue
[2023-07-23T00:07:47.603+0000] {logging_mixin.py:150} INFO - [2023-07-23T00:07:47.603+0000] {dagbag.py:541} INFO - Filling up the DagBag from /home/airflow/.local/lib/python3.7/site-packages/airflow/example_dags/example_kubernetes_executor.py
[2023-07-23T00:07:48.095+0000] {processor.py:836} INFO - DAG(s) dict_keys(['example_kubernetes_executor']) retrieved from /home/airflow/.local/lib/python3.7/site-packages/airflow/example_dags/example_kubernetes_executor.py
[2023-07-23T00:07:48.147+0000] {logging_mixin.py:150} INFO - [2023-07-23T00:07:48.147+0000] {dag.py:2742} INFO - Sync 1 DAGs
[2023-07-23T00:07:48.165+0000] {logging_mixin.py:150} INFO - [2023-07-23T00:07:48.165+0000] {dag.py:3508} INFO - Setting next_dagrun for example_kubernetes_executor to None, run_after=None
[2023-07-23T00:07:48.178+0000] {processor.py:179} INFO - Processing /home/airflow/.local/lib/python3.7/site-packages/airflow/example_dags/example_kubernetes_executor.py took 0.585 seconds
[2023-07-23T00:08:18.278+0000] {processor.py:157} INFO - Started process (PID=2441) to work on /home/airflow/.local/lib/python3.7/site-packages/airflow/example_dags/example_kubernetes_executor.py
[2023-07-23T00:08:18.280+0000] {processor.py:826} INFO - Processing file /home/airflow/.local/lib/python3.7/site-packages/airflow/example_dags/example_kubernetes_executor.py for tasks to queue
[2023-07-23T00:08:18.281+0000] {logging_mixin.py:150} INFO - [2023-07-23T00:08:18.281+0000] {dagbag.py:541} INFO - Filling up the DagBag from /home/airflow/.local/lib/python3.7/site-packages/airflow/example_dags/example_kubernetes_executor.py
[2023-07-23T00:08:18.747+0000] {processor.py:836} INFO - DAG(s) dict_keys(['example_kubernetes_executor']) retrieved from /home/airflow/.local/lib/python3.7/site-packages/airflow/example_dags/example_kubernetes_executor.py
[2023-07-23T00:08:18.802+0000] {logging_mixin.py:150} INFO - [2023-07-23T00:08:18.802+0000] {dag.py:2742} INFO - Sync 1 DAGs
[2023-07-23T00:08:18.819+0000] {logging_mixin.py:150} INFO - [2023-07-23T00:08:18.819+0000] {dag.py:3508} INFO - Setting next_dagrun for example_kubernetes_executor to None, run_after=None
[2023-07-23T00:08:18.833+0000] {processor.py:179} INFO - Processing /home/airflow/.local/lib/python3.7/site-packages/airflow/example_dags/example_kubernetes_executor.py took 0.560 seconds
[2023-07-23T00:08:49.356+0000] {processor.py:157} INFO - Started process (PID=2504) to work on /home/airflow/.local/lib/python3.7/site-packages/airflow/example_dags/example_kubernetes_executor.py
[2023-07-23T00:08:49.359+0000] {processor.py:826} INFO - Processing file /home/airflow/.local/lib/python3.7/site-packages/airflow/example_dags/example_kubernetes_executor.py for tasks to queue
[2023-07-23T00:08:49.360+0000] {logging_mixin.py:150} INFO - [2023-07-23T00:08:49.360+0000] {dagbag.py:541} INFO - Filling up the DagBag from /home/airflow/.local/lib/python3.7/site-packages/airflow/example_dags/example_kubernetes_executor.py
[2023-07-23T00:08:49.982+0000] {processor.py:836} INFO - DAG(s) dict_keys(['example_kubernetes_executor']) retrieved from /home/airflow/.local/lib/python3.7/site-packages/airflow/example_dags/example_kubernetes_executor.py
[2023-07-23T00:08:50.074+0000] {logging_mixin.py:150} INFO - [2023-07-23T00:08:50.072+0000] {dag.py:2742} INFO - Sync 1 DAGs
[2023-07-23T00:08:50.097+0000] {logging_mixin.py:150} INFO - [2023-07-23T00:08:50.096+0000] {dag.py:3508} INFO - Setting next_dagrun for example_kubernetes_executor to None, run_after=None
[2023-07-23T00:08:50.110+0000] {processor.py:179} INFO - Processing /home/airflow/.local/lib/python3.7/site-packages/airflow/example_dags/example_kubernetes_executor.py took 0.762 seconds
[2023-07-23T00:09:20.339+0000] {processor.py:157} INFO - Started process (PID=2569) to work on /home/airflow/.local/lib/python3.7/site-packages/airflow/example_dags/example_kubernetes_executor.py
[2023-07-23T00:09:20.341+0000] {processor.py:826} INFO - Processing file /home/airflow/.local/lib/python3.7/site-packages/airflow/example_dags/example_kubernetes_executor.py for tasks to queue
[2023-07-23T00:09:20.343+0000] {logging_mixin.py:150} INFO - [2023-07-23T00:09:20.342+0000] {dagbag.py:541} INFO - Filling up the DagBag from /home/airflow/.local/lib/python3.7/site-packages/airflow/example_dags/example_kubernetes_executor.py
[2023-07-23T00:09:20.772+0000] {processor.py:836} INFO - DAG(s) dict_keys(['example_kubernetes_executor']) retrieved from /home/airflow/.local/lib/python3.7/site-packages/airflow/example_dags/example_kubernetes_executor.py
[2023-07-23T00:09:20.819+0000] {logging_mixin.py:150} INFO - [2023-07-23T00:09:20.819+0000] {dag.py:2742} INFO - Sync 1 DAGs
[2023-07-23T00:09:20.842+0000] {logging_mixin.py:150} INFO - [2023-07-23T00:09:20.842+0000] {dag.py:3508} INFO - Setting next_dagrun for example_kubernetes_executor to None, run_after=None
[2023-07-23T00:09:20.858+0000] {processor.py:179} INFO - Processing /home/airflow/.local/lib/python3.7/site-packages/airflow/example_dags/example_kubernetes_executor.py took 0.522 seconds
[2023-07-23T00:09:51.747+0000] {processor.py:157} INFO - Started process (PID=2637) to work on /home/airflow/.local/lib/python3.7/site-packages/airflow/example_dags/example_kubernetes_executor.py
[2023-07-23T00:09:51.748+0000] {processor.py:826} INFO - Processing file /home/airflow/.local/lib/python3.7/site-packages/airflow/example_dags/example_kubernetes_executor.py for tasks to queue
[2023-07-23T00:09:51.749+0000] {logging_mixin.py:150} INFO - [2023-07-23T00:09:51.749+0000] {dagbag.py:541} INFO - Filling up the DagBag from /home/airflow/.local/lib/python3.7/site-packages/airflow/example_dags/example_kubernetes_executor.py
[2023-07-23T00:09:52.271+0000] {processor.py:836} INFO - DAG(s) dict_keys(['example_kubernetes_executor']) retrieved from /home/airflow/.local/lib/python3.7/site-packages/airflow/example_dags/example_kubernetes_executor.py
[2023-07-23T00:09:52.329+0000] {logging_mixin.py:150} INFO - [2023-07-23T00:09:52.329+0000] {dag.py:2742} INFO - Sync 1 DAGs
[2023-07-23T00:09:52.355+0000] {logging_mixin.py:150} INFO - [2023-07-23T00:09:52.355+0000] {dag.py:3508} INFO - Setting next_dagrun for example_kubernetes_executor to None, run_after=None
[2023-07-23T00:09:52.387+0000] {processor.py:179} INFO - Processing /home/airflow/.local/lib/python3.7/site-packages/airflow/example_dags/example_kubernetes_executor.py took 0.642 seconds
[2023-07-23T00:10:22.880+0000] {processor.py:157} INFO - Started process (PID=2700) to work on /home/airflow/.local/lib/python3.7/site-packages/airflow/example_dags/example_kubernetes_executor.py
[2023-07-23T00:10:22.882+0000] {processor.py:826} INFO - Processing file /home/airflow/.local/lib/python3.7/site-packages/airflow/example_dags/example_kubernetes_executor.py for tasks to queue
[2023-07-23T00:10:22.883+0000] {logging_mixin.py:150} INFO - [2023-07-23T00:10:22.883+0000] {dagbag.py:541} INFO - Filling up the DagBag from /home/airflow/.local/lib/python3.7/site-packages/airflow/example_dags/example_kubernetes_executor.py
[2023-07-23T00:10:23.295+0000] {processor.py:836} INFO - DAG(s) dict_keys(['example_kubernetes_executor']) retrieved from /home/airflow/.local/lib/python3.7/site-packages/airflow/example_dags/example_kubernetes_executor.py
[2023-07-23T00:10:23.348+0000] {logging_mixin.py:150} INFO - [2023-07-23T00:10:23.348+0000] {dag.py:2742} INFO - Sync 1 DAGs
[2023-07-23T00:10:23.363+0000] {logging_mixin.py:150} INFO - [2023-07-23T00:10:23.363+0000] {dag.py:3508} INFO - Setting next_dagrun for example_kubernetes_executor to None, run_after=None
[2023-07-23T00:10:23.392+0000] {processor.py:179} INFO - Processing /home/airflow/.local/lib/python3.7/site-packages/airflow/example_dags/example_kubernetes_executor.py took 0.517 seconds
[2023-07-23T00:10:54.539+0000] {processor.py:157} INFO - Started process (PID=2763) to work on /home/airflow/.local/lib/python3.7/site-packages/airflow/example_dags/example_kubernetes_executor.py
[2023-07-23T00:10:54.543+0000] {processor.py:826} INFO - Processing file /home/airflow/.local/lib/python3.7/site-packages/airflow/example_dags/example_kubernetes_executor.py for tasks to queue
[2023-07-23T00:10:54.545+0000] {logging_mixin.py:150} INFO - [2023-07-23T00:10:54.545+0000] {dagbag.py:541} INFO - Filling up the DagBag from /home/airflow/.local/lib/python3.7/site-packages/airflow/example_dags/example_kubernetes_executor.py
[2023-07-23T00:10:55.130+0000] {processor.py:836} INFO - DAG(s) dict_keys(['example_kubernetes_executor']) retrieved from /home/airflow/.local/lib/python3.7/site-packages/airflow/example_dags/example_kubernetes_executor.py
[2023-07-23T00:10:55.200+0000] {logging_mixin.py:150} INFO - [2023-07-23T00:10:55.200+0000] {dag.py:2742} INFO - Sync 1 DAGs
[2023-07-23T00:10:55.222+0000] {logging_mixin.py:150} INFO - [2023-07-23T00:10:55.222+0000] {dag.py:3508} INFO - Setting next_dagrun for example_kubernetes_executor to None, run_after=None
[2023-07-23T00:10:55.239+0000] {processor.py:179} INFO - Processing /home/airflow/.local/lib/python3.7/site-packages/airflow/example_dags/example_kubernetes_executor.py took 0.709 seconds
[2023-07-23T00:11:25.921+0000] {processor.py:157} INFO - Started process (PID=2826) to work on /home/airflow/.local/lib/python3.7/site-packages/airflow/example_dags/example_kubernetes_executor.py
[2023-07-23T00:11:25.924+0000] {processor.py:826} INFO - Processing file /home/airflow/.local/lib/python3.7/site-packages/airflow/example_dags/example_kubernetes_executor.py for tasks to queue
[2023-07-23T00:11:25.925+0000] {logging_mixin.py:150} INFO - [2023-07-23T00:11:25.925+0000] {dagbag.py:541} INFO - Filling up the DagBag from /home/airflow/.local/lib/python3.7/site-packages/airflow/example_dags/example_kubernetes_executor.py
[2023-07-23T00:11:26.410+0000] {processor.py:836} INFO - DAG(s) dict_keys(['example_kubernetes_executor']) retrieved from /home/airflow/.local/lib/python3.7/site-packages/airflow/example_dags/example_kubernetes_executor.py
[2023-07-23T00:11:26.474+0000] {logging_mixin.py:150} INFO - [2023-07-23T00:11:26.473+0000] {dag.py:2742} INFO - Sync 1 DAGs
[2023-07-23T00:11:26.492+0000] {logging_mixin.py:150} INFO - [2023-07-23T00:11:26.492+0000] {dag.py:3508} INFO - Setting next_dagrun for example_kubernetes_executor to None, run_after=None
[2023-07-23T00:11:26.506+0000] {processor.py:179} INFO - Processing /home/airflow/.local/lib/python3.7/site-packages/airflow/example_dags/example_kubernetes_executor.py took 0.591 seconds
[2023-07-23T00:11:57.169+0000] {processor.py:157} INFO - Started process (PID=2888) to work on /home/airflow/.local/lib/python3.7/site-packages/airflow/example_dags/example_kubernetes_executor.py
[2023-07-23T00:11:57.172+0000] {processor.py:826} INFO - Processing file /home/airflow/.local/lib/python3.7/site-packages/airflow/example_dags/example_kubernetes_executor.py for tasks to queue
[2023-07-23T00:11:57.174+0000] {logging_mixin.py:150} INFO - [2023-07-23T00:11:57.173+0000] {dagbag.py:541} INFO - Filling up the DagBag from /home/airflow/.local/lib/python3.7/site-packages/airflow/example_dags/example_kubernetes_executor.py
[2023-07-23T00:11:57.608+0000] {processor.py:836} INFO - DAG(s) dict_keys(['example_kubernetes_executor']) retrieved from /home/airflow/.local/lib/python3.7/site-packages/airflow/example_dags/example_kubernetes_executor.py
[2023-07-23T00:11:57.659+0000] {logging_mixin.py:150} INFO - [2023-07-23T00:11:57.658+0000] {dag.py:2742} INFO - Sync 1 DAGs
[2023-07-23T00:11:57.681+0000] {logging_mixin.py:150} INFO - [2023-07-23T00:11:57.681+0000] {dag.py:3508} INFO - Setting next_dagrun for example_kubernetes_executor to None, run_after=None
[2023-07-23T00:11:57.705+0000] {processor.py:179} INFO - Processing /home/airflow/.local/lib/python3.7/site-packages/airflow/example_dags/example_kubernetes_executor.py took 0.543 seconds
[2023-07-23T00:12:27.968+0000] {processor.py:157} INFO - Started process (PID=2954) to work on /home/airflow/.local/lib/python3.7/site-packages/airflow/example_dags/example_kubernetes_executor.py
[2023-07-23T00:12:27.972+0000] {processor.py:826} INFO - Processing file /home/airflow/.local/lib/python3.7/site-packages/airflow/example_dags/example_kubernetes_executor.py for tasks to queue
[2023-07-23T00:12:27.975+0000] {logging_mixin.py:150} INFO - [2023-07-23T00:12:27.975+0000] {dagbag.py:541} INFO - Filling up the DagBag from /home/airflow/.local/lib/python3.7/site-packages/airflow/example_dags/example_kubernetes_executor.py
[2023-07-23T00:12:28.610+0000] {processor.py:836} INFO - DAG(s) dict_keys(['example_kubernetes_executor']) retrieved from /home/airflow/.local/lib/python3.7/site-packages/airflow/example_dags/example_kubernetes_executor.py
[2023-07-23T00:12:28.688+0000] {logging_mixin.py:150} INFO - [2023-07-23T00:12:28.688+0000] {dag.py:2742} INFO - Sync 1 DAGs
[2023-07-23T00:12:28.710+0000] {logging_mixin.py:150} INFO - [2023-07-23T00:12:28.710+0000] {dag.py:3508} INFO - Setting next_dagrun for example_kubernetes_executor to None, run_after=None
[2023-07-23T00:12:28.727+0000] {processor.py:179} INFO - Processing /home/airflow/.local/lib/python3.7/site-packages/airflow/example_dags/example_kubernetes_executor.py took 0.767 seconds
[2023-07-23T00:12:59.174+0000] {processor.py:157} INFO - Started process (PID=3016) to work on /home/airflow/.local/lib/python3.7/site-packages/airflow/example_dags/example_kubernetes_executor.py
[2023-07-23T00:12:59.178+0000] {processor.py:826} INFO - Processing file /home/airflow/.local/lib/python3.7/site-packages/airflow/example_dags/example_kubernetes_executor.py for tasks to queue
[2023-07-23T00:12:59.182+0000] {logging_mixin.py:150} INFO - [2023-07-23T00:12:59.181+0000] {dagbag.py:541} INFO - Filling up the DagBag from /home/airflow/.local/lib/python3.7/site-packages/airflow/example_dags/example_kubernetes_executor.py
[2023-07-23T00:12:59.645+0000] {processor.py:836} INFO - DAG(s) dict_keys(['example_kubernetes_executor']) retrieved from /home/airflow/.local/lib/python3.7/site-packages/airflow/example_dags/example_kubernetes_executor.py
[2023-07-23T00:12:59.710+0000] {logging_mixin.py:150} INFO - [2023-07-23T00:12:59.710+0000] {dag.py:2742} INFO - Sync 1 DAGs
[2023-07-23T00:12:59.727+0000] {logging_mixin.py:150} INFO - [2023-07-23T00:12:59.727+0000] {dag.py:3508} INFO - Setting next_dagrun for example_kubernetes_executor to None, run_after=None
[2023-07-23T00:12:59.739+0000] {processor.py:179} INFO - Processing /home/airflow/.local/lib/python3.7/site-packages/airflow/example_dags/example_kubernetes_executor.py took 0.575 seconds
[2023-07-23T00:13:30.518+0000] {processor.py:157} INFO - Started process (PID=3079) to work on /home/airflow/.local/lib/python3.7/site-packages/airflow/example_dags/example_kubernetes_executor.py
[2023-07-23T00:13:30.520+0000] {processor.py:826} INFO - Processing file /home/airflow/.local/lib/python3.7/site-packages/airflow/example_dags/example_kubernetes_executor.py for tasks to queue
[2023-07-23T00:13:30.522+0000] {logging_mixin.py:150} INFO - [2023-07-23T00:13:30.521+0000] {dagbag.py:541} INFO - Filling up the DagBag from /home/airflow/.local/lib/python3.7/site-packages/airflow/example_dags/example_kubernetes_executor.py
[2023-07-23T00:13:30.991+0000] {processor.py:836} INFO - DAG(s) dict_keys(['example_kubernetes_executor']) retrieved from /home/airflow/.local/lib/python3.7/site-packages/airflow/example_dags/example_kubernetes_executor.py
[2023-07-23T00:13:31.035+0000] {logging_mixin.py:150} INFO - [2023-07-23T00:13:31.035+0000] {dag.py:2742} INFO - Sync 1 DAGs
[2023-07-23T00:13:31.059+0000] {logging_mixin.py:150} INFO - [2023-07-23T00:13:31.059+0000] {dag.py:3508} INFO - Setting next_dagrun for example_kubernetes_executor to None, run_after=None
[2023-07-23T00:13:31.072+0000] {processor.py:179} INFO - Processing /home/airflow/.local/lib/python3.7/site-packages/airflow/example_dags/example_kubernetes_executor.py took 0.563 seconds
[2023-07-23T00:14:01.766+0000] {processor.py:157} INFO - Started process (PID=3143) to work on /home/airflow/.local/lib/python3.7/site-packages/airflow/example_dags/example_kubernetes_executor.py
[2023-07-23T00:14:01.774+0000] {processor.py:826} INFO - Processing file /home/airflow/.local/lib/python3.7/site-packages/airflow/example_dags/example_kubernetes_executor.py for tasks to queue
[2023-07-23T00:14:01.776+0000] {logging_mixin.py:150} INFO - [2023-07-23T00:14:01.776+0000] {dagbag.py:541} INFO - Filling up the DagBag from /home/airflow/.local/lib/python3.7/site-packages/airflow/example_dags/example_kubernetes_executor.py
[2023-07-23T00:14:02.272+0000] {processor.py:836} INFO - DAG(s) dict_keys(['example_kubernetes_executor']) retrieved from /home/airflow/.local/lib/python3.7/site-packages/airflow/example_dags/example_kubernetes_executor.py
[2023-07-23T00:14:02.322+0000] {logging_mixin.py:150} INFO - [2023-07-23T00:14:02.322+0000] {dag.py:2742} INFO - Sync 1 DAGs
[2023-07-23T00:14:02.342+0000] {logging_mixin.py:150} INFO - [2023-07-23T00:14:02.341+0000] {dag.py:3508} INFO - Setting next_dagrun for example_kubernetes_executor to None, run_after=None
[2023-07-23T00:14:02.356+0000] {processor.py:179} INFO - Processing /home/airflow/.local/lib/python3.7/site-packages/airflow/example_dags/example_kubernetes_executor.py took 0.605 seconds
[2023-07-23T00:14:32.896+0000] {processor.py:157} INFO - Started process (PID=3206) to work on /home/airflow/.local/lib/python3.7/site-packages/airflow/example_dags/example_kubernetes_executor.py
[2023-07-23T00:14:32.898+0000] {processor.py:826} INFO - Processing file /home/airflow/.local/lib/python3.7/site-packages/airflow/example_dags/example_kubernetes_executor.py for tasks to queue
[2023-07-23T00:14:32.900+0000] {logging_mixin.py:150} INFO - [2023-07-23T00:14:32.899+0000] {dagbag.py:541} INFO - Filling up the DagBag from /home/airflow/.local/lib/python3.7/site-packages/airflow/example_dags/example_kubernetes_executor.py
[2023-07-23T00:14:33.384+0000] {processor.py:836} INFO - DAG(s) dict_keys(['example_kubernetes_executor']) retrieved from /home/airflow/.local/lib/python3.7/site-packages/airflow/example_dags/example_kubernetes_executor.py
[2023-07-23T00:14:33.440+0000] {logging_mixin.py:150} INFO - [2023-07-23T00:14:33.440+0000] {dag.py:2742} INFO - Sync 1 DAGs
[2023-07-23T00:14:33.456+0000] {logging_mixin.py:150} INFO - [2023-07-23T00:14:33.456+0000] {dag.py:3508} INFO - Setting next_dagrun for example_kubernetes_executor to None, run_after=None
[2023-07-23T00:14:33.467+0000] {processor.py:179} INFO - Processing /home/airflow/.local/lib/python3.7/site-packages/airflow/example_dags/example_kubernetes_executor.py took 0.579 seconds
[2023-07-23T00:15:03.862+0000] {processor.py:157} INFO - Started process (PID=3269) to work on /home/airflow/.local/lib/python3.7/site-packages/airflow/example_dags/example_kubernetes_executor.py
[2023-07-23T00:15:03.869+0000] {processor.py:826} INFO - Processing file /home/airflow/.local/lib/python3.7/site-packages/airflow/example_dags/example_kubernetes_executor.py for tasks to queue
[2023-07-23T00:15:03.874+0000] {logging_mixin.py:150} INFO - [2023-07-23T00:15:03.873+0000] {dagbag.py:541} INFO - Filling up the DagBag from /home/airflow/.local/lib/python3.7/site-packages/airflow/example_dags/example_kubernetes_executor.py
[2023-07-23T00:15:04.941+0000] {processor.py:836} INFO - DAG(s) dict_keys(['example_kubernetes_executor']) retrieved from /home/airflow/.local/lib/python3.7/site-packages/airflow/example_dags/example_kubernetes_executor.py
[2023-07-23T00:15:05.012+0000] {logging_mixin.py:150} INFO - [2023-07-23T00:15:05.012+0000] {dag.py:2742} INFO - Sync 1 DAGs
[2023-07-23T00:15:05.076+0000] {logging_mixin.py:150} INFO - [2023-07-23T00:15:05.075+0000] {dag.py:3508} INFO - Setting next_dagrun for example_kubernetes_executor to None, run_after=None
[2023-07-23T00:15:05.106+0000] {processor.py:179} INFO - Processing /home/airflow/.local/lib/python3.7/site-packages/airflow/example_dags/example_kubernetes_executor.py took 1.266 seconds
[2023-07-23T00:15:35.566+0000] {processor.py:157} INFO - Started process (PID=3332) to work on /home/airflow/.local/lib/python3.7/site-packages/airflow/example_dags/example_kubernetes_executor.py
[2023-07-23T00:15:35.569+0000] {processor.py:826} INFO - Processing file /home/airflow/.local/lib/python3.7/site-packages/airflow/example_dags/example_kubernetes_executor.py for tasks to queue
[2023-07-23T00:15:35.572+0000] {logging_mixin.py:150} INFO - [2023-07-23T00:15:35.571+0000] {dagbag.py:541} INFO - Filling up the DagBag from /home/airflow/.local/lib/python3.7/site-packages/airflow/example_dags/example_kubernetes_executor.py
[2023-07-23T00:15:37.072+0000] {processor.py:836} INFO - DAG(s) dict_keys(['example_kubernetes_executor']) retrieved from /home/airflow/.local/lib/python3.7/site-packages/airflow/example_dags/example_kubernetes_executor.py
[2023-07-23T00:15:37.274+0000] {logging_mixin.py:150} INFO - [2023-07-23T00:15:37.270+0000] {dag.py:2742} INFO - Sync 1 DAGs
[2023-07-23T00:15:37.305+0000] {logging_mixin.py:150} INFO - [2023-07-23T00:15:37.305+0000] {dag.py:3508} INFO - Setting next_dagrun for example_kubernetes_executor to None, run_after=None
[2023-07-23T00:15:37.360+0000] {processor.py:179} INFO - Processing /home/airflow/.local/lib/python3.7/site-packages/airflow/example_dags/example_kubernetes_executor.py took 1.826 seconds
[2023-07-23T00:16:07.825+0000] {processor.py:157} INFO - Started process (PID=3395) to work on /home/airflow/.local/lib/python3.7/site-packages/airflow/example_dags/example_kubernetes_executor.py
[2023-07-23T00:16:07.828+0000] {processor.py:826} INFO - Processing file /home/airflow/.local/lib/python3.7/site-packages/airflow/example_dags/example_kubernetes_executor.py for tasks to queue
[2023-07-23T00:16:07.831+0000] {logging_mixin.py:150} INFO - [2023-07-23T00:16:07.830+0000] {dagbag.py:541} INFO - Filling up the DagBag from /home/airflow/.local/lib/python3.7/site-packages/airflow/example_dags/example_kubernetes_executor.py
[2023-07-23T00:16:08.332+0000] {processor.py:836} INFO - DAG(s) dict_keys(['example_kubernetes_executor']) retrieved from /home/airflow/.local/lib/python3.7/site-packages/airflow/example_dags/example_kubernetes_executor.py
[2023-07-23T00:16:08.374+0000] {logging_mixin.py:150} INFO - [2023-07-23T00:16:08.374+0000] {dag.py:2742} INFO - Sync 1 DAGs
[2023-07-23T00:16:08.391+0000] {logging_mixin.py:150} INFO - [2023-07-23T00:16:08.391+0000] {dag.py:3508} INFO - Setting next_dagrun for example_kubernetes_executor to None, run_after=None
[2023-07-23T00:16:08.406+0000] {processor.py:179} INFO - Processing /home/airflow/.local/lib/python3.7/site-packages/airflow/example_dags/example_kubernetes_executor.py took 0.594 seconds
[2023-07-23T00:16:39.350+0000] {processor.py:157} INFO - Started process (PID=3460) to work on /home/airflow/.local/lib/python3.7/site-packages/airflow/example_dags/example_kubernetes_executor.py
[2023-07-23T00:16:39.354+0000] {processor.py:826} INFO - Processing file /home/airflow/.local/lib/python3.7/site-packages/airflow/example_dags/example_kubernetes_executor.py for tasks to queue
[2023-07-23T00:16:39.357+0000] {logging_mixin.py:150} INFO - [2023-07-23T00:16:39.356+0000] {dagbag.py:541} INFO - Filling up the DagBag from /home/airflow/.local/lib/python3.7/site-packages/airflow/example_dags/example_kubernetes_executor.py
[2023-07-23T00:16:40.037+0000] {processor.py:836} INFO - DAG(s) dict_keys(['example_kubernetes_executor']) retrieved from /home/airflow/.local/lib/python3.7/site-packages/airflow/example_dags/example_kubernetes_executor.py
[2023-07-23T00:16:40.111+0000] {logging_mixin.py:150} INFO - [2023-07-23T00:16:40.110+0000] {dag.py:2742} INFO - Sync 1 DAGs
[2023-07-23T00:16:40.129+0000] {logging_mixin.py:150} INFO - [2023-07-23T00:16:40.129+0000] {dag.py:3508} INFO - Setting next_dagrun for example_kubernetes_executor to None, run_after=None
[2023-07-23T00:16:40.144+0000] {processor.py:179} INFO - Processing /home/airflow/.local/lib/python3.7/site-packages/airflow/example_dags/example_kubernetes_executor.py took 0.816 seconds
[2023-07-23T00:17:10.382+0000] {processor.py:157} INFO - Started process (PID=3524) to work on /home/airflow/.local/lib/python3.7/site-packages/airflow/example_dags/example_kubernetes_executor.py
[2023-07-23T00:17:10.385+0000] {processor.py:826} INFO - Processing file /home/airflow/.local/lib/python3.7/site-packages/airflow/example_dags/example_kubernetes_executor.py for tasks to queue
[2023-07-23T00:17:10.387+0000] {logging_mixin.py:150} INFO - [2023-07-23T00:17:10.387+0000] {dagbag.py:541} INFO - Filling up the DagBag from /home/airflow/.local/lib/python3.7/site-packages/airflow/example_dags/example_kubernetes_executor.py
[2023-07-23T00:17:10.976+0000] {processor.py:836} INFO - DAG(s) dict_keys(['example_kubernetes_executor']) retrieved from /home/airflow/.local/lib/python3.7/site-packages/airflow/example_dags/example_kubernetes_executor.py
[2023-07-23T00:17:11.086+0000] {logging_mixin.py:150} INFO - [2023-07-23T00:17:11.084+0000] {dag.py:2742} INFO - Sync 1 DAGs
[2023-07-23T00:17:11.109+0000] {logging_mixin.py:150} INFO - [2023-07-23T00:17:11.109+0000] {dag.py:3508} INFO - Setting next_dagrun for example_kubernetes_executor to None, run_after=None
[2023-07-23T00:17:11.127+0000] {processor.py:179} INFO - Processing /home/airflow/.local/lib/python3.7/site-packages/airflow/example_dags/example_kubernetes_executor.py took 0.757 seconds
[2023-07-23T00:17:41.242+0000] {processor.py:157} INFO - Started process (PID=3594) to work on /home/airflow/.local/lib/python3.7/site-packages/airflow/example_dags/example_kubernetes_executor.py
[2023-07-23T00:17:41.245+0000] {processor.py:826} INFO - Processing file /home/airflow/.local/lib/python3.7/site-packages/airflow/example_dags/example_kubernetes_executor.py for tasks to queue
[2023-07-23T00:17:41.247+0000] {logging_mixin.py:150} INFO - [2023-07-23T00:17:41.246+0000] {dagbag.py:541} INFO - Filling up the DagBag from /home/airflow/.local/lib/python3.7/site-packages/airflow/example_dags/example_kubernetes_executor.py
[2023-07-23T00:17:41.734+0000] {processor.py:836} INFO - DAG(s) dict_keys(['example_kubernetes_executor']) retrieved from /home/airflow/.local/lib/python3.7/site-packages/airflow/example_dags/example_kubernetes_executor.py
[2023-07-23T00:17:41.780+0000] {logging_mixin.py:150} INFO - [2023-07-23T00:17:41.780+0000] {dag.py:2742} INFO - Sync 1 DAGs
[2023-07-23T00:17:41.804+0000] {logging_mixin.py:150} INFO - [2023-07-23T00:17:41.804+0000] {dag.py:3508} INFO - Setting next_dagrun for example_kubernetes_executor to None, run_after=None
[2023-07-23T00:17:41.818+0000] {processor.py:179} INFO - Processing /home/airflow/.local/lib/python3.7/site-packages/airflow/example_dags/example_kubernetes_executor.py took 0.584 seconds
[2023-07-23T00:18:12.740+0000] {processor.py:157} INFO - Started process (PID=3657) to work on /home/airflow/.local/lib/python3.7/site-packages/airflow/example_dags/example_kubernetes_executor.py
[2023-07-23T00:18:12.743+0000] {processor.py:826} INFO - Processing file /home/airflow/.local/lib/python3.7/site-packages/airflow/example_dags/example_kubernetes_executor.py for tasks to queue
[2023-07-23T00:18:12.746+0000] {logging_mixin.py:150} INFO - [2023-07-23T00:18:12.744+0000] {dagbag.py:541} INFO - Filling up the DagBag from /home/airflow/.local/lib/python3.7/site-packages/airflow/example_dags/example_kubernetes_executor.py
[2023-07-23T00:18:13.220+0000] {processor.py:836} INFO - DAG(s) dict_keys(['example_kubernetes_executor']) retrieved from /home/airflow/.local/lib/python3.7/site-packages/airflow/example_dags/example_kubernetes_executor.py
[2023-07-23T00:18:13.272+0000] {logging_mixin.py:150} INFO - [2023-07-23T00:18:13.271+0000] {dag.py:2742} INFO - Sync 1 DAGs
[2023-07-23T00:18:13.287+0000] {logging_mixin.py:150} INFO - [2023-07-23T00:18:13.287+0000] {dag.py:3508} INFO - Setting next_dagrun for example_kubernetes_executor to None, run_after=None
[2023-07-23T00:18:13.300+0000] {processor.py:179} INFO - Processing /home/airflow/.local/lib/python3.7/site-packages/airflow/example_dags/example_kubernetes_executor.py took 0.567 seconds
[2023-07-23T00:18:43.548+0000] {processor.py:157} INFO - Started process (PID=3719) to work on /home/airflow/.local/lib/python3.7/site-packages/airflow/example_dags/example_kubernetes_executor.py
[2023-07-23T00:18:43.550+0000] {processor.py:826} INFO - Processing file /home/airflow/.local/lib/python3.7/site-packages/airflow/example_dags/example_kubernetes_executor.py for tasks to queue
[2023-07-23T00:18:43.552+0000] {logging_mixin.py:150} INFO - [2023-07-23T00:18:43.552+0000] {dagbag.py:541} INFO - Filling up the DagBag from /home/airflow/.local/lib/python3.7/site-packages/airflow/example_dags/example_kubernetes_executor.py
[2023-07-23T00:18:44.026+0000] {processor.py:836} INFO - DAG(s) dict_keys(['example_kubernetes_executor']) retrieved from /home/airflow/.local/lib/python3.7/site-packages/airflow/example_dags/example_kubernetes_executor.py
[2023-07-23T00:18:44.079+0000] {logging_mixin.py:150} INFO - [2023-07-23T00:18:44.079+0000] {dag.py:2742} INFO - Sync 1 DAGs
[2023-07-23T00:18:44.101+0000] {logging_mixin.py:150} INFO - [2023-07-23T00:18:44.101+0000] {dag.py:3508} INFO - Setting next_dagrun for example_kubernetes_executor to None, run_after=None
[2023-07-23T00:18:44.123+0000] {processor.py:179} INFO - Processing /home/airflow/.local/lib/python3.7/site-packages/airflow/example_dags/example_kubernetes_executor.py took 0.581 seconds
[2023-07-23T00:19:14.694+0000] {processor.py:157} INFO - Started process (PID=3783) to work on /home/airflow/.local/lib/python3.7/site-packages/airflow/example_dags/example_kubernetes_executor.py
[2023-07-23T00:19:14.697+0000] {processor.py:826} INFO - Processing file /home/airflow/.local/lib/python3.7/site-packages/airflow/example_dags/example_kubernetes_executor.py for tasks to queue
[2023-07-23T00:19:14.699+0000] {logging_mixin.py:150} INFO - [2023-07-23T00:19:14.699+0000] {dagbag.py:541} INFO - Filling up the DagBag from /home/airflow/.local/lib/python3.7/site-packages/airflow/example_dags/example_kubernetes_executor.py
[2023-07-23T00:19:15.232+0000] {processor.py:836} INFO - DAG(s) dict_keys(['example_kubernetes_executor']) retrieved from /home/airflow/.local/lib/python3.7/site-packages/airflow/example_dags/example_kubernetes_executor.py
[2023-07-23T00:19:15.284+0000] {logging_mixin.py:150} INFO - [2023-07-23T00:19:15.284+0000] {dag.py:2742} INFO - Sync 1 DAGs
[2023-07-23T00:19:15.301+0000] {logging_mixin.py:150} INFO - [2023-07-23T00:19:15.301+0000] {dag.py:3508} INFO - Setting next_dagrun for example_kubernetes_executor to None, run_after=None
[2023-07-23T00:19:15.312+0000] {processor.py:179} INFO - Processing /home/airflow/.local/lib/python3.7/site-packages/airflow/example_dags/example_kubernetes_executor.py took 0.625 seconds
[2023-07-23T00:19:46.215+0000] {processor.py:157} INFO - Started process (PID=3853) to work on /home/airflow/.local/lib/python3.7/site-packages/airflow/example_dags/example_kubernetes_executor.py
[2023-07-23T00:19:46.216+0000] {processor.py:826} INFO - Processing file /home/airflow/.local/lib/python3.7/site-packages/airflow/example_dags/example_kubernetes_executor.py for tasks to queue
[2023-07-23T00:19:46.218+0000] {logging_mixin.py:150} INFO - [2023-07-23T00:19:46.217+0000] {dagbag.py:541} INFO - Filling up the DagBag from /home/airflow/.local/lib/python3.7/site-packages/airflow/example_dags/example_kubernetes_executor.py
[2023-07-23T00:19:46.696+0000] {processor.py:836} INFO - DAG(s) dict_keys(['example_kubernetes_executor']) retrieved from /home/airflow/.local/lib/python3.7/site-packages/airflow/example_dags/example_kubernetes_executor.py
[2023-07-23T00:19:46.754+0000] {logging_mixin.py:150} INFO - [2023-07-23T00:19:46.753+0000] {dag.py:2742} INFO - Sync 1 DAGs
[2023-07-23T00:19:46.788+0000] {logging_mixin.py:150} INFO - [2023-07-23T00:19:46.787+0000] {dag.py:3508} INFO - Setting next_dagrun for example_kubernetes_executor to None, run_after=None
[2023-07-23T00:19:46.846+0000] {processor.py:179} INFO - Processing /home/airflow/.local/lib/python3.7/site-packages/airflow/example_dags/example_kubernetes_executor.py took 0.635 seconds
[2023-07-23T00:20:17.784+0000] {processor.py:157} INFO - Started process (PID=3917) to work on /home/airflow/.local/lib/python3.7/site-packages/airflow/example_dags/example_kubernetes_executor.py
[2023-07-23T00:20:17.786+0000] {processor.py:826} INFO - Processing file /home/airflow/.local/lib/python3.7/site-packages/airflow/example_dags/example_kubernetes_executor.py for tasks to queue
[2023-07-23T00:20:17.787+0000] {logging_mixin.py:150} INFO - [2023-07-23T00:20:17.787+0000] {dagbag.py:541} INFO - Filling up the DagBag from /home/airflow/.local/lib/python3.7/site-packages/airflow/example_dags/example_kubernetes_executor.py
[2023-07-23T00:20:18.235+0000] {processor.py:836} INFO - DAG(s) dict_keys(['example_kubernetes_executor']) retrieved from /home/airflow/.local/lib/python3.7/site-packages/airflow/example_dags/example_kubernetes_executor.py
[2023-07-23T00:20:18.267+0000] {logging_mixin.py:150} INFO - [2023-07-23T00:20:18.267+0000] {dag.py:2742} INFO - Sync 1 DAGs
[2023-07-23T00:20:18.289+0000] {logging_mixin.py:150} INFO - [2023-07-23T00:20:18.289+0000] {dag.py:3508} INFO - Setting next_dagrun for example_kubernetes_executor to None, run_after=None
[2023-07-23T00:20:18.304+0000] {processor.py:179} INFO - Processing /home/airflow/.local/lib/python3.7/site-packages/airflow/example_dags/example_kubernetes_executor.py took 0.522 seconds
[2023-07-23T00:20:48.466+0000] {processor.py:157} INFO - Started process (PID=3980) to work on /home/airflow/.local/lib/python3.7/site-packages/airflow/example_dags/example_kubernetes_executor.py
[2023-07-23T00:20:48.467+0000] {processor.py:826} INFO - Processing file /home/airflow/.local/lib/python3.7/site-packages/airflow/example_dags/example_kubernetes_executor.py for tasks to queue
[2023-07-23T00:20:48.469+0000] {logging_mixin.py:150} INFO - [2023-07-23T00:20:48.468+0000] {dagbag.py:541} INFO - Filling up the DagBag from /home/airflow/.local/lib/python3.7/site-packages/airflow/example_dags/example_kubernetes_executor.py
[2023-07-23T00:20:48.884+0000] {processor.py:836} INFO - DAG(s) dict_keys(['example_kubernetes_executor']) retrieved from /home/airflow/.local/lib/python3.7/site-packages/airflow/example_dags/example_kubernetes_executor.py
[2023-07-23T00:20:48.911+0000] {logging_mixin.py:150} INFO - [2023-07-23T00:20:48.911+0000] {dag.py:2742} INFO - Sync 1 DAGs
[2023-07-23T00:20:48.956+0000] {logging_mixin.py:150} INFO - [2023-07-23T00:20:48.956+0000] {dag.py:3508} INFO - Setting next_dagrun for example_kubernetes_executor to None, run_after=None
[2023-07-23T00:20:48.970+0000] {processor.py:179} INFO - Processing /home/airflow/.local/lib/python3.7/site-packages/airflow/example_dags/example_kubernetes_executor.py took 0.508 seconds
[2023-07-23T00:21:19.951+0000] {processor.py:157} INFO - Started process (PID=4047) to work on /home/airflow/.local/lib/python3.7/site-packages/airflow/example_dags/example_kubernetes_executor.py
[2023-07-23T00:21:19.952+0000] {processor.py:826} INFO - Processing file /home/airflow/.local/lib/python3.7/site-packages/airflow/example_dags/example_kubernetes_executor.py for tasks to queue
[2023-07-23T00:21:19.954+0000] {logging_mixin.py:150} INFO - [2023-07-23T00:21:19.953+0000] {dagbag.py:541} INFO - Filling up the DagBag from /home/airflow/.local/lib/python3.7/site-packages/airflow/example_dags/example_kubernetes_executor.py
[2023-07-23T00:21:20.476+0000] {processor.py:836} INFO - DAG(s) dict_keys(['example_kubernetes_executor']) retrieved from /home/airflow/.local/lib/python3.7/site-packages/airflow/example_dags/example_kubernetes_executor.py
[2023-07-23T00:21:20.520+0000] {logging_mixin.py:150} INFO - [2023-07-23T00:21:20.520+0000] {dag.py:2742} INFO - Sync 1 DAGs
[2023-07-23T00:21:20.542+0000] {logging_mixin.py:150} INFO - [2023-07-23T00:21:20.542+0000] {dag.py:3508} INFO - Setting next_dagrun for example_kubernetes_executor to None, run_after=None
[2023-07-23T00:21:20.561+0000] {processor.py:179} INFO - Processing /home/airflow/.local/lib/python3.7/site-packages/airflow/example_dags/example_kubernetes_executor.py took 0.614 seconds
[2023-07-23T00:21:50.917+0000] {processor.py:157} INFO - Started process (PID=4109) to work on /home/airflow/.local/lib/python3.7/site-packages/airflow/example_dags/example_kubernetes_executor.py
[2023-07-23T00:21:50.918+0000] {processor.py:826} INFO - Processing file /home/airflow/.local/lib/python3.7/site-packages/airflow/example_dags/example_kubernetes_executor.py for tasks to queue
[2023-07-23T00:21:50.919+0000] {logging_mixin.py:150} INFO - [2023-07-23T00:21:50.919+0000] {dagbag.py:541} INFO - Filling up the DagBag from /home/airflow/.local/lib/python3.7/site-packages/airflow/example_dags/example_kubernetes_executor.py
[2023-07-23T00:21:51.512+0000] {processor.py:836} INFO - DAG(s) dict_keys(['example_kubernetes_executor']) retrieved from /home/airflow/.local/lib/python3.7/site-packages/airflow/example_dags/example_kubernetes_executor.py
[2023-07-23T00:21:51.558+0000] {logging_mixin.py:150} INFO - [2023-07-23T00:21:51.557+0000] {dag.py:2742} INFO - Sync 1 DAGs
[2023-07-23T00:21:51.587+0000] {logging_mixin.py:150} INFO - [2023-07-23T00:21:51.586+0000] {dag.py:3508} INFO - Setting next_dagrun for example_kubernetes_executor to None, run_after=None
[2023-07-23T00:21:51.599+0000] {processor.py:179} INFO - Processing /home/airflow/.local/lib/python3.7/site-packages/airflow/example_dags/example_kubernetes_executor.py took 0.686 seconds
[2023-07-23T00:22:21.738+0000] {processor.py:157} INFO - Started process (PID=4172) to work on /home/airflow/.local/lib/python3.7/site-packages/airflow/example_dags/example_kubernetes_executor.py
[2023-07-23T00:22:21.740+0000] {processor.py:826} INFO - Processing file /home/airflow/.local/lib/python3.7/site-packages/airflow/example_dags/example_kubernetes_executor.py for tasks to queue
[2023-07-23T00:22:21.741+0000] {logging_mixin.py:150} INFO - [2023-07-23T00:22:21.741+0000] {dagbag.py:541} INFO - Filling up the DagBag from /home/airflow/.local/lib/python3.7/site-packages/airflow/example_dags/example_kubernetes_executor.py
[2023-07-23T00:22:22.224+0000] {processor.py:836} INFO - DAG(s) dict_keys(['example_kubernetes_executor']) retrieved from /home/airflow/.local/lib/python3.7/site-packages/airflow/example_dags/example_kubernetes_executor.py
[2023-07-23T00:22:22.262+0000] {logging_mixin.py:150} INFO - [2023-07-23T00:22:22.261+0000] {dag.py:2742} INFO - Sync 1 DAGs
[2023-07-23T00:22:22.281+0000] {logging_mixin.py:150} INFO - [2023-07-23T00:22:22.281+0000] {dag.py:3508} INFO - Setting next_dagrun for example_kubernetes_executor to None, run_after=None
[2023-07-23T00:22:22.294+0000] {processor.py:179} INFO - Processing /home/airflow/.local/lib/python3.7/site-packages/airflow/example_dags/example_kubernetes_executor.py took 0.560 seconds
[2023-07-23T00:22:52.556+0000] {processor.py:157} INFO - Started process (PID=4235) to work on /home/airflow/.local/lib/python3.7/site-packages/airflow/example_dags/example_kubernetes_executor.py
[2023-07-23T00:22:52.557+0000] {processor.py:826} INFO - Processing file /home/airflow/.local/lib/python3.7/site-packages/airflow/example_dags/example_kubernetes_executor.py for tasks to queue
[2023-07-23T00:22:52.559+0000] {logging_mixin.py:150} INFO - [2023-07-23T00:22:52.558+0000] {dagbag.py:541} INFO - Filling up the DagBag from /home/airflow/.local/lib/python3.7/site-packages/airflow/example_dags/example_kubernetes_executor.py
[2023-07-23T00:22:53.093+0000] {processor.py:836} INFO - DAG(s) dict_keys(['example_kubernetes_executor']) retrieved from /home/airflow/.local/lib/python3.7/site-packages/airflow/example_dags/example_kubernetes_executor.py
[2023-07-23T00:22:53.148+0000] {logging_mixin.py:150} INFO - [2023-07-23T00:22:53.148+0000] {dag.py:2742} INFO - Sync 1 DAGs
[2023-07-23T00:22:53.168+0000] {logging_mixin.py:150} INFO - [2023-07-23T00:22:53.168+0000] {dag.py:3508} INFO - Setting next_dagrun for example_kubernetes_executor to None, run_after=None
[2023-07-23T00:22:53.182+0000] {processor.py:179} INFO - Processing /home/airflow/.local/lib/python3.7/site-packages/airflow/example_dags/example_kubernetes_executor.py took 0.631 seconds
[2023-07-23T00:23:23.836+0000] {processor.py:157} INFO - Started process (PID=4299) to work on /home/airflow/.local/lib/python3.7/site-packages/airflow/example_dags/example_kubernetes_executor.py
[2023-07-23T00:23:23.839+0000] {processor.py:826} INFO - Processing file /home/airflow/.local/lib/python3.7/site-packages/airflow/example_dags/example_kubernetes_executor.py for tasks to queue
[2023-07-23T00:23:23.845+0000] {logging_mixin.py:150} INFO - [2023-07-23T00:23:23.844+0000] {dagbag.py:541} INFO - Filling up the DagBag from /home/airflow/.local/lib/python3.7/site-packages/airflow/example_dags/example_kubernetes_executor.py
[2023-07-23T00:23:24.485+0000] {processor.py:836} INFO - DAG(s) dict_keys(['example_kubernetes_executor']) retrieved from /home/airflow/.local/lib/python3.7/site-packages/airflow/example_dags/example_kubernetes_executor.py
[2023-07-23T00:23:24.539+0000] {logging_mixin.py:150} INFO - [2023-07-23T00:23:24.539+0000] {dag.py:2742} INFO - Sync 1 DAGs
[2023-07-23T00:23:24.560+0000] {logging_mixin.py:150} INFO - [2023-07-23T00:23:24.560+0000] {dag.py:3508} INFO - Setting next_dagrun for example_kubernetes_executor to None, run_after=None
[2023-07-23T00:23:24.577+0000] {processor.py:179} INFO - Processing /home/airflow/.local/lib/python3.7/site-packages/airflow/example_dags/example_kubernetes_executor.py took 0.748 seconds
[2023-07-23T00:23:55.491+0000] {processor.py:157} INFO - Started process (PID=4367) to work on /home/airflow/.local/lib/python3.7/site-packages/airflow/example_dags/example_kubernetes_executor.py
[2023-07-23T00:23:55.492+0000] {processor.py:826} INFO - Processing file /home/airflow/.local/lib/python3.7/site-packages/airflow/example_dags/example_kubernetes_executor.py for tasks to queue
[2023-07-23T00:23:55.493+0000] {logging_mixin.py:150} INFO - [2023-07-23T00:23:55.492+0000] {dagbag.py:541} INFO - Filling up the DagBag from /home/airflow/.local/lib/python3.7/site-packages/airflow/example_dags/example_kubernetes_executor.py
[2023-07-23T00:23:55.934+0000] {processor.py:836} INFO - DAG(s) dict_keys(['example_kubernetes_executor']) retrieved from /home/airflow/.local/lib/python3.7/site-packages/airflow/example_dags/example_kubernetes_executor.py
[2023-07-23T00:23:55.959+0000] {logging_mixin.py:150} INFO - [2023-07-23T00:23:55.959+0000] {dag.py:2742} INFO - Sync 1 DAGs
[2023-07-23T00:23:55.983+0000] {logging_mixin.py:150} INFO - [2023-07-23T00:23:55.983+0000] {dag.py:3508} INFO - Setting next_dagrun for example_kubernetes_executor to None, run_after=None
[2023-07-23T00:23:55.998+0000] {processor.py:179} INFO - Processing /home/airflow/.local/lib/python3.7/site-packages/airflow/example_dags/example_kubernetes_executor.py took 0.511 seconds
[2023-07-23T00:24:26.925+0000] {processor.py:157} INFO - Started process (PID=4433) to work on /home/airflow/.local/lib/python3.7/site-packages/airflow/example_dags/example_kubernetes_executor.py
[2023-07-23T00:24:26.927+0000] {processor.py:826} INFO - Processing file /home/airflow/.local/lib/python3.7/site-packages/airflow/example_dags/example_kubernetes_executor.py for tasks to queue
[2023-07-23T00:24:26.929+0000] {logging_mixin.py:150} INFO - [2023-07-23T00:24:26.929+0000] {dagbag.py:541} INFO - Filling up the DagBag from /home/airflow/.local/lib/python3.7/site-packages/airflow/example_dags/example_kubernetes_executor.py
[2023-07-23T00:24:27.310+0000] {processor.py:836} INFO - DAG(s) dict_keys(['example_kubernetes_executor']) retrieved from /home/airflow/.local/lib/python3.7/site-packages/airflow/example_dags/example_kubernetes_executor.py
[2023-07-23T00:24:27.342+0000] {logging_mixin.py:150} INFO - [2023-07-23T00:24:27.342+0000] {dag.py:2742} INFO - Sync 1 DAGs
[2023-07-23T00:24:27.358+0000] {logging_mixin.py:150} INFO - [2023-07-23T00:24:27.358+0000] {dag.py:3508} INFO - Setting next_dagrun for example_kubernetes_executor to None, run_after=None
[2023-07-23T00:24:27.377+0000] {processor.py:179} INFO - Processing /home/airflow/.local/lib/python3.7/site-packages/airflow/example_dags/example_kubernetes_executor.py took 0.460 seconds
[2023-07-23T00:24:58.232+0000] {processor.py:157} INFO - Started process (PID=4498) to work on /home/airflow/.local/lib/python3.7/site-packages/airflow/example_dags/example_kubernetes_executor.py
[2023-07-23T00:24:58.233+0000] {processor.py:826} INFO - Processing file /home/airflow/.local/lib/python3.7/site-packages/airflow/example_dags/example_kubernetes_executor.py for tasks to queue
[2023-07-23T00:24:58.234+0000] {logging_mixin.py:150} INFO - [2023-07-23T00:24:58.233+0000] {dagbag.py:541} INFO - Filling up the DagBag from /home/airflow/.local/lib/python3.7/site-packages/airflow/example_dags/example_kubernetes_executor.py
[2023-07-23T00:24:58.609+0000] {processor.py:836} INFO - DAG(s) dict_keys(['example_kubernetes_executor']) retrieved from /home/airflow/.local/lib/python3.7/site-packages/airflow/example_dags/example_kubernetes_executor.py
[2023-07-23T00:24:58.654+0000] {logging_mixin.py:150} INFO - [2023-07-23T00:24:58.654+0000] {dag.py:2742} INFO - Sync 1 DAGs
[2023-07-23T00:24:58.673+0000] {logging_mixin.py:150} INFO - [2023-07-23T00:24:58.673+0000] {dag.py:3508} INFO - Setting next_dagrun for example_kubernetes_executor to None, run_after=None
[2023-07-23T00:24:58.695+0000] {processor.py:179} INFO - Processing /home/airflow/.local/lib/python3.7/site-packages/airflow/example_dags/example_kubernetes_executor.py took 0.467 seconds
[2023-07-23T00:25:29.454+0000] {processor.py:157} INFO - Started process (PID=4562) to work on /home/airflow/.local/lib/python3.7/site-packages/airflow/example_dags/example_kubernetes_executor.py
[2023-07-23T00:25:29.456+0000] {processor.py:826} INFO - Processing file /home/airflow/.local/lib/python3.7/site-packages/airflow/example_dags/example_kubernetes_executor.py for tasks to queue
[2023-07-23T00:25:29.458+0000] {logging_mixin.py:150} INFO - [2023-07-23T00:25:29.458+0000] {dagbag.py:541} INFO - Filling up the DagBag from /home/airflow/.local/lib/python3.7/site-packages/airflow/example_dags/example_kubernetes_executor.py
[2023-07-23T00:25:30.048+0000] {processor.py:836} INFO - DAG(s) dict_keys(['example_kubernetes_executor']) retrieved from /home/airflow/.local/lib/python3.7/site-packages/airflow/example_dags/example_kubernetes_executor.py
[2023-07-23T00:25:30.100+0000] {logging_mixin.py:150} INFO - [2023-07-23T00:25:30.100+0000] {dag.py:2742} INFO - Sync 1 DAGs
[2023-07-23T00:25:30.118+0000] {logging_mixin.py:150} INFO - [2023-07-23T00:25:30.117+0000] {dag.py:3508} INFO - Setting next_dagrun for example_kubernetes_executor to None, run_after=None
[2023-07-23T00:25:30.130+0000] {processor.py:179} INFO - Processing /home/airflow/.local/lib/python3.7/site-packages/airflow/example_dags/example_kubernetes_executor.py took 0.683 seconds
[2023-07-23T00:26:00.725+0000] {processor.py:157} INFO - Started process (PID=4625) to work on /home/airflow/.local/lib/python3.7/site-packages/airflow/example_dags/example_kubernetes_executor.py
[2023-07-23T00:26:00.727+0000] {processor.py:826} INFO - Processing file /home/airflow/.local/lib/python3.7/site-packages/airflow/example_dags/example_kubernetes_executor.py for tasks to queue
[2023-07-23T00:26:00.729+0000] {logging_mixin.py:150} INFO - [2023-07-23T00:26:00.728+0000] {dagbag.py:541} INFO - Filling up the DagBag from /home/airflow/.local/lib/python3.7/site-packages/airflow/example_dags/example_kubernetes_executor.py
[2023-07-23T00:26:01.282+0000] {processor.py:836} INFO - DAG(s) dict_keys(['example_kubernetes_executor']) retrieved from /home/airflow/.local/lib/python3.7/site-packages/airflow/example_dags/example_kubernetes_executor.py
[2023-07-23T00:26:01.321+0000] {logging_mixin.py:150} INFO - [2023-07-23T00:26:01.321+0000] {dag.py:2742} INFO - Sync 1 DAGs
[2023-07-23T00:26:01.338+0000] {logging_mixin.py:150} INFO - [2023-07-23T00:26:01.338+0000] {dag.py:3508} INFO - Setting next_dagrun for example_kubernetes_executor to None, run_after=None
[2023-07-23T00:26:01.353+0000] {processor.py:179} INFO - Processing /home/airflow/.local/lib/python3.7/site-packages/airflow/example_dags/example_kubernetes_executor.py took 0.645 seconds
