[2023-07-23T00:00:28.208+0000] {processor.py:157} INFO - Started process (PID=1462) to work on /home/airflow/.local/lib/python3.7/site-packages/airflow/example_dags/example_xcomargs.py
[2023-07-23T00:00:28.210+0000] {processor.py:826} INFO - Processing file /home/airflow/.local/lib/python3.7/site-packages/airflow/example_dags/example_xcomargs.py for tasks to queue
[2023-07-23T00:00:28.212+0000] {logging_mixin.py:150} INFO - [2023-07-23T00:00:28.212+0000] {dagbag.py:541} INFO - Filling up the DagBag from /home/airflow/.local/lib/python3.7/site-packages/airflow/example_dags/example_xcomargs.py
[2023-07-23T00:00:28.221+0000] {processor.py:836} INFO - DAG(s) dict_keys(['example_xcom_args_with_operators', 'example_xcom_args']) retrieved from /home/airflow/.local/lib/python3.7/site-packages/airflow/example_dags/example_xcomargs.py
[2023-07-23T00:00:28.252+0000] {logging_mixin.py:150} INFO - [2023-07-23T00:00:28.252+0000] {dag.py:2742} INFO - Sync 2 DAGs
[2023-07-23T00:00:28.273+0000] {logging_mixin.py:150} INFO - [2023-07-23T00:00:28.273+0000] {dag.py:3508} INFO - Setting next_dagrun for example_xcom_args to None, run_after=None
[2023-07-23T00:00:28.276+0000] {logging_mixin.py:150} INFO - [2023-07-23T00:00:28.276+0000] {dag.py:3508} INFO - Setting next_dagrun for example_xcom_args_with_operators to None, run_after=None
[2023-07-23T00:00:28.288+0000] {processor.py:179} INFO - Processing /home/airflow/.local/lib/python3.7/site-packages/airflow/example_dags/example_xcomargs.py took 0.082 seconds
[2023-07-23T00:00:59.015+0000] {processor.py:157} INFO - Started process (PID=1525) to work on /home/airflow/.local/lib/python3.7/site-packages/airflow/example_dags/example_xcomargs.py
[2023-07-23T00:00:59.016+0000] {processor.py:826} INFO - Processing file /home/airflow/.local/lib/python3.7/site-packages/airflow/example_dags/example_xcomargs.py for tasks to queue
[2023-07-23T00:00:59.017+0000] {logging_mixin.py:150} INFO - [2023-07-23T00:00:59.017+0000] {dagbag.py:541} INFO - Filling up the DagBag from /home/airflow/.local/lib/python3.7/site-packages/airflow/example_dags/example_xcomargs.py
[2023-07-23T00:00:59.023+0000] {processor.py:836} INFO - DAG(s) dict_keys(['example_xcom_args_with_operators', 'example_xcom_args']) retrieved from /home/airflow/.local/lib/python3.7/site-packages/airflow/example_dags/example_xcomargs.py
[2023-07-23T00:00:59.049+0000] {logging_mixin.py:150} INFO - [2023-07-23T00:00:59.049+0000] {dag.py:2742} INFO - Sync 2 DAGs
[2023-07-23T00:00:59.067+0000] {logging_mixin.py:150} INFO - [2023-07-23T00:00:59.067+0000] {dag.py:3508} INFO - Setting next_dagrun for example_xcom_args to None, run_after=None
[2023-07-23T00:00:59.070+0000] {logging_mixin.py:150} INFO - [2023-07-23T00:00:59.069+0000] {dag.py:3508} INFO - Setting next_dagrun for example_xcom_args_with_operators to None, run_after=None
[2023-07-23T00:00:59.081+0000] {processor.py:179} INFO - Processing /home/airflow/.local/lib/python3.7/site-packages/airflow/example_dags/example_xcomargs.py took 0.069 seconds
[2023-07-23T00:01:29.285+0000] {processor.py:157} INFO - Started process (PID=1588) to work on /home/airflow/.local/lib/python3.7/site-packages/airflow/example_dags/example_xcomargs.py
[2023-07-23T00:01:29.286+0000] {processor.py:826} INFO - Processing file /home/airflow/.local/lib/python3.7/site-packages/airflow/example_dags/example_xcomargs.py for tasks to queue
[2023-07-23T00:01:29.287+0000] {logging_mixin.py:150} INFO - [2023-07-23T00:01:29.287+0000] {dagbag.py:541} INFO - Filling up the DagBag from /home/airflow/.local/lib/python3.7/site-packages/airflow/example_dags/example_xcomargs.py
[2023-07-23T00:01:29.293+0000] {processor.py:836} INFO - DAG(s) dict_keys(['example_xcom_args_with_operators', 'example_xcom_args']) retrieved from /home/airflow/.local/lib/python3.7/site-packages/airflow/example_dags/example_xcomargs.py
[2023-07-23T00:01:29.313+0000] {logging_mixin.py:150} INFO - [2023-07-23T00:01:29.312+0000] {dag.py:2742} INFO - Sync 2 DAGs
[2023-07-23T00:01:29.328+0000] {logging_mixin.py:150} INFO - [2023-07-23T00:01:29.328+0000] {dag.py:3508} INFO - Setting next_dagrun for example_xcom_args to None, run_after=None
[2023-07-23T00:01:29.331+0000] {logging_mixin.py:150} INFO - [2023-07-23T00:01:29.331+0000] {dag.py:3508} INFO - Setting next_dagrun for example_xcom_args_with_operators to None, run_after=None
[2023-07-23T00:01:29.341+0000] {processor.py:179} INFO - Processing /home/airflow/.local/lib/python3.7/site-packages/airflow/example_dags/example_xcomargs.py took 0.058 seconds
[2023-07-23T00:02:00.801+0000] {processor.py:157} INFO - Started process (PID=1653) to work on /home/airflow/.local/lib/python3.7/site-packages/airflow/example_dags/example_xcomargs.py
[2023-07-23T00:02:00.804+0000] {processor.py:826} INFO - Processing file /home/airflow/.local/lib/python3.7/site-packages/airflow/example_dags/example_xcomargs.py for tasks to queue
[2023-07-23T00:02:00.809+0000] {logging_mixin.py:150} INFO - [2023-07-23T00:02:00.806+0000] {dagbag.py:541} INFO - Filling up the DagBag from /home/airflow/.local/lib/python3.7/site-packages/airflow/example_dags/example_xcomargs.py
[2023-07-23T00:02:00.847+0000] {processor.py:836} INFO - DAG(s) dict_keys(['example_xcom_args', 'example_xcom_args_with_operators']) retrieved from /home/airflow/.local/lib/python3.7/site-packages/airflow/example_dags/example_xcomargs.py
[2023-07-23T00:02:00.919+0000] {logging_mixin.py:150} INFO - [2023-07-23T00:02:00.919+0000] {dag.py:2742} INFO - Sync 2 DAGs
[2023-07-23T00:02:00.949+0000] {logging_mixin.py:150} INFO - [2023-07-23T00:02:00.949+0000] {dag.py:3508} INFO - Setting next_dagrun for example_xcom_args to None, run_after=None
[2023-07-23T00:02:00.954+0000] {logging_mixin.py:150} INFO - [2023-07-23T00:02:00.954+0000] {dag.py:3508} INFO - Setting next_dagrun for example_xcom_args_with_operators to None, run_after=None
[2023-07-23T00:02:01.003+0000] {processor.py:179} INFO - Processing /home/airflow/.local/lib/python3.7/site-packages/airflow/example_dags/example_xcomargs.py took 0.215 seconds
[2023-07-23T00:02:31.848+0000] {processor.py:157} INFO - Started process (PID=1720) to work on /home/airflow/.local/lib/python3.7/site-packages/airflow/example_dags/example_xcomargs.py
[2023-07-23T00:02:31.851+0000] {processor.py:826} INFO - Processing file /home/airflow/.local/lib/python3.7/site-packages/airflow/example_dags/example_xcomargs.py for tasks to queue
[2023-07-23T00:02:31.854+0000] {logging_mixin.py:150} INFO - [2023-07-23T00:02:31.854+0000] {dagbag.py:541} INFO - Filling up the DagBag from /home/airflow/.local/lib/python3.7/site-packages/airflow/example_dags/example_xcomargs.py
[2023-07-23T00:02:31.867+0000] {processor.py:836} INFO - DAG(s) dict_keys(['example_xcom_args', 'example_xcom_args_with_operators']) retrieved from /home/airflow/.local/lib/python3.7/site-packages/airflow/example_dags/example_xcomargs.py
[2023-07-23T00:02:31.902+0000] {logging_mixin.py:150} INFO - [2023-07-23T00:02:31.902+0000] {dag.py:2742} INFO - Sync 2 DAGs
[2023-07-23T00:02:31.925+0000] {logging_mixin.py:150} INFO - [2023-07-23T00:02:31.925+0000] {dag.py:3508} INFO - Setting next_dagrun for example_xcom_args to None, run_after=None
[2023-07-23T00:02:31.928+0000] {logging_mixin.py:150} INFO - [2023-07-23T00:02:31.928+0000] {dag.py:3508} INFO - Setting next_dagrun for example_xcom_args_with_operators to None, run_after=None
[2023-07-23T00:02:31.954+0000] {processor.py:179} INFO - Processing /home/airflow/.local/lib/python3.7/site-packages/airflow/example_dags/example_xcomargs.py took 0.119 seconds
[2023-07-23T00:03:02.849+0000] {processor.py:157} INFO - Started process (PID=1783) to work on /home/airflow/.local/lib/python3.7/site-packages/airflow/example_dags/example_xcomargs.py
[2023-07-23T00:03:02.853+0000] {processor.py:826} INFO - Processing file /home/airflow/.local/lib/python3.7/site-packages/airflow/example_dags/example_xcomargs.py for tasks to queue
[2023-07-23T00:03:02.854+0000] {logging_mixin.py:150} INFO - [2023-07-23T00:03:02.854+0000] {dagbag.py:541} INFO - Filling up the DagBag from /home/airflow/.local/lib/python3.7/site-packages/airflow/example_dags/example_xcomargs.py
[2023-07-23T00:03:02.866+0000] {processor.py:836} INFO - DAG(s) dict_keys(['example_xcom_args_with_operators', 'example_xcom_args']) retrieved from /home/airflow/.local/lib/python3.7/site-packages/airflow/example_dags/example_xcomargs.py
[2023-07-23T00:03:02.912+0000] {logging_mixin.py:150} INFO - [2023-07-23T00:03:02.912+0000] {dag.py:2742} INFO - Sync 2 DAGs
[2023-07-23T00:03:02.952+0000] {logging_mixin.py:150} INFO - [2023-07-23T00:03:02.952+0000] {dag.py:3508} INFO - Setting next_dagrun for example_xcom_args to None, run_after=None
[2023-07-23T00:03:02.955+0000] {logging_mixin.py:150} INFO - [2023-07-23T00:03:02.955+0000] {dag.py:3508} INFO - Setting next_dagrun for example_xcom_args_with_operators to None, run_after=None
[2023-07-23T00:03:02.973+0000] {processor.py:179} INFO - Processing /home/airflow/.local/lib/python3.7/site-packages/airflow/example_dags/example_xcomargs.py took 0.134 seconds
[2023-07-23T00:03:33.980+0000] {processor.py:157} INFO - Started process (PID=1846) to work on /home/airflow/.local/lib/python3.7/site-packages/airflow/example_dags/example_xcomargs.py
[2023-07-23T00:03:33.982+0000] {processor.py:826} INFO - Processing file /home/airflow/.local/lib/python3.7/site-packages/airflow/example_dags/example_xcomargs.py for tasks to queue
[2023-07-23T00:03:33.983+0000] {logging_mixin.py:150} INFO - [2023-07-23T00:03:33.983+0000] {dagbag.py:541} INFO - Filling up the DagBag from /home/airflow/.local/lib/python3.7/site-packages/airflow/example_dags/example_xcomargs.py
[2023-07-23T00:03:33.996+0000] {processor.py:836} INFO - DAG(s) dict_keys(['example_xcom_args_with_operators', 'example_xcom_args']) retrieved from /home/airflow/.local/lib/python3.7/site-packages/airflow/example_dags/example_xcomargs.py
[2023-07-23T00:03:34.042+0000] {logging_mixin.py:150} INFO - [2023-07-23T00:03:34.042+0000] {dag.py:2742} INFO - Sync 2 DAGs
[2023-07-23T00:03:34.088+0000] {logging_mixin.py:150} INFO - [2023-07-23T00:03:34.087+0000] {dag.py:3508} INFO - Setting next_dagrun for example_xcom_args to None, run_after=None
[2023-07-23T00:03:34.094+0000] {logging_mixin.py:150} INFO - [2023-07-23T00:03:34.094+0000] {dag.py:3508} INFO - Setting next_dagrun for example_xcom_args_with_operators to None, run_after=None
[2023-07-23T00:03:34.120+0000] {processor.py:179} INFO - Processing /home/airflow/.local/lib/python3.7/site-packages/airflow/example_dags/example_xcomargs.py took 0.145 seconds
[2023-07-23T00:04:04.928+0000] {processor.py:157} INFO - Started process (PID=1909) to work on /home/airflow/.local/lib/python3.7/site-packages/airflow/example_dags/example_xcomargs.py
[2023-07-23T00:04:04.930+0000] {processor.py:826} INFO - Processing file /home/airflow/.local/lib/python3.7/site-packages/airflow/example_dags/example_xcomargs.py for tasks to queue
[2023-07-23T00:04:04.931+0000] {logging_mixin.py:150} INFO - [2023-07-23T00:04:04.931+0000] {dagbag.py:541} INFO - Filling up the DagBag from /home/airflow/.local/lib/python3.7/site-packages/airflow/example_dags/example_xcomargs.py
[2023-07-23T00:04:04.940+0000] {processor.py:836} INFO - DAG(s) dict_keys(['example_xcom_args', 'example_xcom_args_with_operators']) retrieved from /home/airflow/.local/lib/python3.7/site-packages/airflow/example_dags/example_xcomargs.py
[2023-07-23T00:04:04.970+0000] {logging_mixin.py:150} INFO - [2023-07-23T00:04:04.970+0000] {dag.py:2742} INFO - Sync 2 DAGs
[2023-07-23T00:04:04.994+0000] {logging_mixin.py:150} INFO - [2023-07-23T00:04:04.994+0000] {dag.py:3508} INFO - Setting next_dagrun for example_xcom_args to None, run_after=None
[2023-07-23T00:04:04.999+0000] {logging_mixin.py:150} INFO - [2023-07-23T00:04:04.998+0000] {dag.py:3508} INFO - Setting next_dagrun for example_xcom_args_with_operators to None, run_after=None
[2023-07-23T00:04:05.013+0000] {processor.py:179} INFO - Processing /home/airflow/.local/lib/python3.7/site-packages/airflow/example_dags/example_xcomargs.py took 0.089 seconds
[2023-07-23T00:04:35.212+0000] {processor.py:157} INFO - Started process (PID=1973) to work on /home/airflow/.local/lib/python3.7/site-packages/airflow/example_dags/example_xcomargs.py
[2023-07-23T00:04:35.215+0000] {processor.py:826} INFO - Processing file /home/airflow/.local/lib/python3.7/site-packages/airflow/example_dags/example_xcomargs.py for tasks to queue
[2023-07-23T00:04:35.218+0000] {logging_mixin.py:150} INFO - [2023-07-23T00:04:35.217+0000] {dagbag.py:541} INFO - Filling up the DagBag from /home/airflow/.local/lib/python3.7/site-packages/airflow/example_dags/example_xcomargs.py
[2023-07-23T00:04:35.236+0000] {processor.py:836} INFO - DAG(s) dict_keys(['example_xcom_args', 'example_xcom_args_with_operators']) retrieved from /home/airflow/.local/lib/python3.7/site-packages/airflow/example_dags/example_xcomargs.py
[2023-07-23T00:04:35.352+0000] {logging_mixin.py:150} INFO - [2023-07-23T00:04:35.352+0000] {dag.py:2742} INFO - Sync 2 DAGs
[2023-07-23T00:04:35.409+0000] {logging_mixin.py:150} INFO - [2023-07-23T00:04:35.408+0000] {dag.py:3508} INFO - Setting next_dagrun for example_xcom_args to None, run_after=None
[2023-07-23T00:04:35.414+0000] {logging_mixin.py:150} INFO - [2023-07-23T00:04:35.414+0000] {dag.py:3508} INFO - Setting next_dagrun for example_xcom_args_with_operators to None, run_after=None
[2023-07-23T00:04:35.433+0000] {processor.py:179} INFO - Processing /home/airflow/.local/lib/python3.7/site-packages/airflow/example_dags/example_xcomargs.py took 0.252 seconds
[2023-07-23T00:05:06.218+0000] {processor.py:157} INFO - Started process (PID=2036) to work on /home/airflow/.local/lib/python3.7/site-packages/airflow/example_dags/example_xcomargs.py
[2023-07-23T00:05:06.219+0000] {processor.py:826} INFO - Processing file /home/airflow/.local/lib/python3.7/site-packages/airflow/example_dags/example_xcomargs.py for tasks to queue
[2023-07-23T00:05:06.220+0000] {logging_mixin.py:150} INFO - [2023-07-23T00:05:06.220+0000] {dagbag.py:541} INFO - Filling up the DagBag from /home/airflow/.local/lib/python3.7/site-packages/airflow/example_dags/example_xcomargs.py
[2023-07-23T00:05:06.229+0000] {processor.py:836} INFO - DAG(s) dict_keys(['example_xcom_args', 'example_xcom_args_with_operators']) retrieved from /home/airflow/.local/lib/python3.7/site-packages/airflow/example_dags/example_xcomargs.py
[2023-07-23T00:05:06.260+0000] {logging_mixin.py:150} INFO - [2023-07-23T00:05:06.259+0000] {dag.py:2742} INFO - Sync 2 DAGs
[2023-07-23T00:05:06.288+0000] {logging_mixin.py:150} INFO - [2023-07-23T00:05:06.288+0000] {dag.py:3508} INFO - Setting next_dagrun for example_xcom_args to None, run_after=None
[2023-07-23T00:05:06.291+0000] {logging_mixin.py:150} INFO - [2023-07-23T00:05:06.291+0000] {dag.py:3508} INFO - Setting next_dagrun for example_xcom_args_with_operators to None, run_after=None
[2023-07-23T00:05:06.303+0000] {processor.py:179} INFO - Processing /home/airflow/.local/lib/python3.7/site-packages/airflow/example_dags/example_xcomargs.py took 0.089 seconds
[2023-07-23T00:05:36.494+0000] {processor.py:157} INFO - Started process (PID=2099) to work on /home/airflow/.local/lib/python3.7/site-packages/airflow/example_dags/example_xcomargs.py
[2023-07-23T00:05:36.498+0000] {processor.py:826} INFO - Processing file /home/airflow/.local/lib/python3.7/site-packages/airflow/example_dags/example_xcomargs.py for tasks to queue
[2023-07-23T00:05:36.500+0000] {logging_mixin.py:150} INFO - [2023-07-23T00:05:36.500+0000] {dagbag.py:541} INFO - Filling up the DagBag from /home/airflow/.local/lib/python3.7/site-packages/airflow/example_dags/example_xcomargs.py
[2023-07-23T00:05:36.526+0000] {processor.py:836} INFO - DAG(s) dict_keys(['example_xcom_args', 'example_xcom_args_with_operators']) retrieved from /home/airflow/.local/lib/python3.7/site-packages/airflow/example_dags/example_xcomargs.py
[2023-07-23T00:05:36.577+0000] {logging_mixin.py:150} INFO - [2023-07-23T00:05:36.576+0000] {dag.py:2742} INFO - Sync 2 DAGs
[2023-07-23T00:05:36.602+0000] {logging_mixin.py:150} INFO - [2023-07-23T00:05:36.601+0000] {dag.py:3508} INFO - Setting next_dagrun for example_xcom_args to None, run_after=None
[2023-07-23T00:05:36.605+0000] {logging_mixin.py:150} INFO - [2023-07-23T00:05:36.605+0000] {dag.py:3508} INFO - Setting next_dagrun for example_xcom_args_with_operators to None, run_after=None
[2023-07-23T00:05:36.618+0000] {processor.py:179} INFO - Processing /home/airflow/.local/lib/python3.7/site-packages/airflow/example_dags/example_xcomargs.py took 0.129 seconds
[2023-07-23T00:06:07.251+0000] {processor.py:157} INFO - Started process (PID=2169) to work on /home/airflow/.local/lib/python3.7/site-packages/airflow/example_dags/example_xcomargs.py
[2023-07-23T00:06:07.252+0000] {processor.py:826} INFO - Processing file /home/airflow/.local/lib/python3.7/site-packages/airflow/example_dags/example_xcomargs.py for tasks to queue
[2023-07-23T00:06:07.254+0000] {logging_mixin.py:150} INFO - [2023-07-23T00:06:07.253+0000] {dagbag.py:541} INFO - Filling up the DagBag from /home/airflow/.local/lib/python3.7/site-packages/airflow/example_dags/example_xcomargs.py
[2023-07-23T00:06:07.267+0000] {processor.py:836} INFO - DAG(s) dict_keys(['example_xcom_args', 'example_xcom_args_with_operators']) retrieved from /home/airflow/.local/lib/python3.7/site-packages/airflow/example_dags/example_xcomargs.py
[2023-07-23T00:06:07.302+0000] {logging_mixin.py:150} INFO - [2023-07-23T00:06:07.302+0000] {dag.py:2742} INFO - Sync 2 DAGs
[2023-07-23T00:06:07.324+0000] {logging_mixin.py:150} INFO - [2023-07-23T00:06:07.324+0000] {dag.py:3508} INFO - Setting next_dagrun for example_xcom_args to None, run_after=None
[2023-07-23T00:06:07.327+0000] {logging_mixin.py:150} INFO - [2023-07-23T00:06:07.327+0000] {dag.py:3508} INFO - Setting next_dagrun for example_xcom_args_with_operators to None, run_after=None
[2023-07-23T00:06:07.347+0000] {processor.py:179} INFO - Processing /home/airflow/.local/lib/python3.7/site-packages/airflow/example_dags/example_xcomargs.py took 0.100 seconds
[2023-07-23T00:06:37.829+0000] {processor.py:157} INFO - Started process (PID=2232) to work on /home/airflow/.local/lib/python3.7/site-packages/airflow/example_dags/example_xcomargs.py
[2023-07-23T00:06:37.833+0000] {processor.py:826} INFO - Processing file /home/airflow/.local/lib/python3.7/site-packages/airflow/example_dags/example_xcomargs.py for tasks to queue
[2023-07-23T00:06:37.834+0000] {logging_mixin.py:150} INFO - [2023-07-23T00:06:37.833+0000] {dagbag.py:541} INFO - Filling up the DagBag from /home/airflow/.local/lib/python3.7/site-packages/airflow/example_dags/example_xcomargs.py
[2023-07-23T00:06:37.843+0000] {processor.py:836} INFO - DAG(s) dict_keys(['example_xcom_args', 'example_xcom_args_with_operators']) retrieved from /home/airflow/.local/lib/python3.7/site-packages/airflow/example_dags/example_xcomargs.py
[2023-07-23T00:06:37.871+0000] {logging_mixin.py:150} INFO - [2023-07-23T00:06:37.871+0000] {dag.py:2742} INFO - Sync 2 DAGs
[2023-07-23T00:06:37.890+0000] {logging_mixin.py:150} INFO - [2023-07-23T00:06:37.890+0000] {dag.py:3508} INFO - Setting next_dagrun for example_xcom_args to None, run_after=None
[2023-07-23T00:06:37.894+0000] {logging_mixin.py:150} INFO - [2023-07-23T00:06:37.894+0000] {dag.py:3508} INFO - Setting next_dagrun for example_xcom_args_with_operators to None, run_after=None
[2023-07-23T00:06:37.928+0000] {processor.py:179} INFO - Processing /home/airflow/.local/lib/python3.7/site-packages/airflow/example_dags/example_xcomargs.py took 0.103 seconds
[2023-07-23T00:07:08.194+0000] {processor.py:157} INFO - Started process (PID=2295) to work on /home/airflow/.local/lib/python3.7/site-packages/airflow/example_dags/example_xcomargs.py
[2023-07-23T00:07:08.196+0000] {processor.py:826} INFO - Processing file /home/airflow/.local/lib/python3.7/site-packages/airflow/example_dags/example_xcomargs.py for tasks to queue
[2023-07-23T00:07:08.197+0000] {logging_mixin.py:150} INFO - [2023-07-23T00:07:08.197+0000] {dagbag.py:541} INFO - Filling up the DagBag from /home/airflow/.local/lib/python3.7/site-packages/airflow/example_dags/example_xcomargs.py
[2023-07-23T00:07:08.207+0000] {processor.py:836} INFO - DAG(s) dict_keys(['example_xcom_args', 'example_xcom_args_with_operators']) retrieved from /home/airflow/.local/lib/python3.7/site-packages/airflow/example_dags/example_xcomargs.py
[2023-07-23T00:07:08.230+0000] {logging_mixin.py:150} INFO - [2023-07-23T00:07:08.230+0000] {dag.py:2742} INFO - Sync 2 DAGs
[2023-07-23T00:07:08.248+0000] {logging_mixin.py:150} INFO - [2023-07-23T00:07:08.248+0000] {dag.py:3508} INFO - Setting next_dagrun for example_xcom_args to None, run_after=None
[2023-07-23T00:07:08.250+0000] {logging_mixin.py:150} INFO - [2023-07-23T00:07:08.250+0000] {dag.py:3508} INFO - Setting next_dagrun for example_xcom_args_with_operators to None, run_after=None
[2023-07-23T00:07:08.262+0000] {processor.py:179} INFO - Processing /home/airflow/.local/lib/python3.7/site-packages/airflow/example_dags/example_xcomargs.py took 0.071 seconds
[2023-07-23T00:07:38.690+0000] {processor.py:157} INFO - Started process (PID=2359) to work on /home/airflow/.local/lib/python3.7/site-packages/airflow/example_dags/example_xcomargs.py
[2023-07-23T00:07:38.692+0000] {processor.py:826} INFO - Processing file /home/airflow/.local/lib/python3.7/site-packages/airflow/example_dags/example_xcomargs.py for tasks to queue
[2023-07-23T00:07:38.694+0000] {logging_mixin.py:150} INFO - [2023-07-23T00:07:38.693+0000] {dagbag.py:541} INFO - Filling up the DagBag from /home/airflow/.local/lib/python3.7/site-packages/airflow/example_dags/example_xcomargs.py
[2023-07-23T00:07:38.703+0000] {processor.py:836} INFO - DAG(s) dict_keys(['example_xcom_args', 'example_xcom_args_with_operators']) retrieved from /home/airflow/.local/lib/python3.7/site-packages/airflow/example_dags/example_xcomargs.py
[2023-07-23T00:07:38.737+0000] {logging_mixin.py:150} INFO - [2023-07-23T00:07:38.737+0000] {dag.py:2742} INFO - Sync 2 DAGs
[2023-07-23T00:07:38.757+0000] {logging_mixin.py:150} INFO - [2023-07-23T00:07:38.757+0000] {dag.py:3508} INFO - Setting next_dagrun for example_xcom_args to None, run_after=None
[2023-07-23T00:07:38.760+0000] {logging_mixin.py:150} INFO - [2023-07-23T00:07:38.760+0000] {dag.py:3508} INFO - Setting next_dagrun for example_xcom_args_with_operators to None, run_after=None
[2023-07-23T00:07:38.786+0000] {processor.py:179} INFO - Processing /home/airflow/.local/lib/python3.7/site-packages/airflow/example_dags/example_xcomargs.py took 0.101 seconds
[2023-07-23T00:08:09.185+0000] {processor.py:157} INFO - Started process (PID=2424) to work on /home/airflow/.local/lib/python3.7/site-packages/airflow/example_dags/example_xcomargs.py
[2023-07-23T00:08:09.186+0000] {processor.py:826} INFO - Processing file /home/airflow/.local/lib/python3.7/site-packages/airflow/example_dags/example_xcomargs.py for tasks to queue
[2023-07-23T00:08:09.187+0000] {logging_mixin.py:150} INFO - [2023-07-23T00:08:09.187+0000] {dagbag.py:541} INFO - Filling up the DagBag from /home/airflow/.local/lib/python3.7/site-packages/airflow/example_dags/example_xcomargs.py
[2023-07-23T00:08:09.195+0000] {processor.py:836} INFO - DAG(s) dict_keys(['example_xcom_args_with_operators', 'example_xcom_args']) retrieved from /home/airflow/.local/lib/python3.7/site-packages/airflow/example_dags/example_xcomargs.py
[2023-07-23T00:08:09.219+0000] {logging_mixin.py:150} INFO - [2023-07-23T00:08:09.219+0000] {dag.py:2742} INFO - Sync 2 DAGs
[2023-07-23T00:08:09.234+0000] {logging_mixin.py:150} INFO - [2023-07-23T00:08:09.234+0000] {dag.py:3508} INFO - Setting next_dagrun for example_xcom_args to None, run_after=None
[2023-07-23T00:08:09.237+0000] {logging_mixin.py:150} INFO - [2023-07-23T00:08:09.236+0000] {dag.py:3508} INFO - Setting next_dagrun for example_xcom_args_with_operators to None, run_after=None
[2023-07-23T00:08:09.246+0000] {processor.py:179} INFO - Processing /home/airflow/.local/lib/python3.7/site-packages/airflow/example_dags/example_xcomargs.py took 0.064 seconds
[2023-07-23T00:08:39.468+0000] {processor.py:157} INFO - Started process (PID=2489) to work on /home/airflow/.local/lib/python3.7/site-packages/airflow/example_dags/example_xcomargs.py
[2023-07-23T00:08:39.471+0000] {processor.py:826} INFO - Processing file /home/airflow/.local/lib/python3.7/site-packages/airflow/example_dags/example_xcomargs.py for tasks to queue
[2023-07-23T00:08:39.472+0000] {logging_mixin.py:150} INFO - [2023-07-23T00:08:39.472+0000] {dagbag.py:541} INFO - Filling up the DagBag from /home/airflow/.local/lib/python3.7/site-packages/airflow/example_dags/example_xcomargs.py
[2023-07-23T00:08:39.481+0000] {processor.py:836} INFO - DAG(s) dict_keys(['example_xcom_args', 'example_xcom_args_with_operators']) retrieved from /home/airflow/.local/lib/python3.7/site-packages/airflow/example_dags/example_xcomargs.py
[2023-07-23T00:08:39.505+0000] {logging_mixin.py:150} INFO - [2023-07-23T00:08:39.505+0000] {dag.py:2742} INFO - Sync 2 DAGs
[2023-07-23T00:08:39.522+0000] {logging_mixin.py:150} INFO - [2023-07-23T00:08:39.522+0000] {dag.py:3508} INFO - Setting next_dagrun for example_xcom_args to None, run_after=None
[2023-07-23T00:08:39.525+0000] {logging_mixin.py:150} INFO - [2023-07-23T00:08:39.525+0000] {dag.py:3508} INFO - Setting next_dagrun for example_xcom_args_with_operators to None, run_after=None
[2023-07-23T00:08:39.535+0000] {processor.py:179} INFO - Processing /home/airflow/.local/lib/python3.7/site-packages/airflow/example_dags/example_xcomargs.py took 0.075 seconds
[2023-07-23T00:09:10.287+0000] {processor.py:157} INFO - Started process (PID=2552) to work on /home/airflow/.local/lib/python3.7/site-packages/airflow/example_dags/example_xcomargs.py
[2023-07-23T00:09:10.289+0000] {processor.py:826} INFO - Processing file /home/airflow/.local/lib/python3.7/site-packages/airflow/example_dags/example_xcomargs.py for tasks to queue
[2023-07-23T00:09:10.291+0000] {logging_mixin.py:150} INFO - [2023-07-23T00:09:10.291+0000] {dagbag.py:541} INFO - Filling up the DagBag from /home/airflow/.local/lib/python3.7/site-packages/airflow/example_dags/example_xcomargs.py
[2023-07-23T00:09:10.303+0000] {processor.py:836} INFO - DAG(s) dict_keys(['example_xcom_args_with_operators', 'example_xcom_args']) retrieved from /home/airflow/.local/lib/python3.7/site-packages/airflow/example_dags/example_xcomargs.py
[2023-07-23T00:09:10.331+0000] {logging_mixin.py:150} INFO - [2023-07-23T00:09:10.331+0000] {dag.py:2742} INFO - Sync 2 DAGs
[2023-07-23T00:09:10.348+0000] {logging_mixin.py:150} INFO - [2023-07-23T00:09:10.348+0000] {dag.py:3508} INFO - Setting next_dagrun for example_xcom_args to None, run_after=None
[2023-07-23T00:09:10.351+0000] {logging_mixin.py:150} INFO - [2023-07-23T00:09:10.351+0000] {dag.py:3508} INFO - Setting next_dagrun for example_xcom_args_with_operators to None, run_after=None
[2023-07-23T00:09:10.362+0000] {processor.py:179} INFO - Processing /home/airflow/.local/lib/python3.7/site-packages/airflow/example_dags/example_xcomargs.py took 0.082 seconds
[2023-07-23T00:09:40.619+0000] {processor.py:157} INFO - Started process (PID=2617) to work on /home/airflow/.local/lib/python3.7/site-packages/airflow/example_dags/example_xcomargs.py
[2023-07-23T00:09:40.624+0000] {processor.py:826} INFO - Processing file /home/airflow/.local/lib/python3.7/site-packages/airflow/example_dags/example_xcomargs.py for tasks to queue
[2023-07-23T00:09:40.627+0000] {logging_mixin.py:150} INFO - [2023-07-23T00:09:40.626+0000] {dagbag.py:541} INFO - Filling up the DagBag from /home/airflow/.local/lib/python3.7/site-packages/airflow/example_dags/example_xcomargs.py
[2023-07-23T00:09:40.652+0000] {processor.py:836} INFO - DAG(s) dict_keys(['example_xcom_args', 'example_xcom_args_with_operators']) retrieved from /home/airflow/.local/lib/python3.7/site-packages/airflow/example_dags/example_xcomargs.py
[2023-07-23T00:09:40.698+0000] {logging_mixin.py:150} INFO - [2023-07-23T00:09:40.698+0000] {dag.py:2742} INFO - Sync 2 DAGs
[2023-07-23T00:09:40.720+0000] {logging_mixin.py:150} INFO - [2023-07-23T00:09:40.719+0000] {dag.py:3508} INFO - Setting next_dagrun for example_xcom_args to None, run_after=None
[2023-07-23T00:09:40.723+0000] {logging_mixin.py:150} INFO - [2023-07-23T00:09:40.723+0000] {dag.py:3508} INFO - Setting next_dagrun for example_xcom_args_with_operators to None, run_after=None
[2023-07-23T00:09:40.735+0000] {processor.py:179} INFO - Processing /home/airflow/.local/lib/python3.7/site-packages/airflow/example_dags/example_xcomargs.py took 0.122 seconds
[2023-07-23T00:10:10.850+0000] {processor.py:157} INFO - Started process (PID=2680) to work on /home/airflow/.local/lib/python3.7/site-packages/airflow/example_dags/example_xcomargs.py
[2023-07-23T00:10:10.852+0000] {processor.py:826} INFO - Processing file /home/airflow/.local/lib/python3.7/site-packages/airflow/example_dags/example_xcomargs.py for tasks to queue
[2023-07-23T00:10:10.852+0000] {logging_mixin.py:150} INFO - [2023-07-23T00:10:10.852+0000] {dagbag.py:541} INFO - Filling up the DagBag from /home/airflow/.local/lib/python3.7/site-packages/airflow/example_dags/example_xcomargs.py
[2023-07-23T00:10:10.859+0000] {processor.py:836} INFO - DAG(s) dict_keys(['example_xcom_args', 'example_xcom_args_with_operators']) retrieved from /home/airflow/.local/lib/python3.7/site-packages/airflow/example_dags/example_xcomargs.py
[2023-07-23T00:10:10.883+0000] {logging_mixin.py:150} INFO - [2023-07-23T00:10:10.882+0000] {dag.py:2742} INFO - Sync 2 DAGs
[2023-07-23T00:10:10.909+0000] {logging_mixin.py:150} INFO - [2023-07-23T00:10:10.909+0000] {dag.py:3508} INFO - Setting next_dagrun for example_xcom_args to None, run_after=None
[2023-07-23T00:10:10.912+0000] {logging_mixin.py:150} INFO - [2023-07-23T00:10:10.912+0000] {dag.py:3508} INFO - Setting next_dagrun for example_xcom_args_with_operators to None, run_after=None
[2023-07-23T00:10:10.925+0000] {processor.py:179} INFO - Processing /home/airflow/.local/lib/python3.7/site-packages/airflow/example_dags/example_xcomargs.py took 0.077 seconds
[2023-07-23T00:10:41.092+0000] {processor.py:157} INFO - Started process (PID=2742) to work on /home/airflow/.local/lib/python3.7/site-packages/airflow/example_dags/example_xcomargs.py
[2023-07-23T00:10:41.093+0000] {processor.py:826} INFO - Processing file /home/airflow/.local/lib/python3.7/site-packages/airflow/example_dags/example_xcomargs.py for tasks to queue
[2023-07-23T00:10:41.094+0000] {logging_mixin.py:150} INFO - [2023-07-23T00:10:41.094+0000] {dagbag.py:541} INFO - Filling up the DagBag from /home/airflow/.local/lib/python3.7/site-packages/airflow/example_dags/example_xcomargs.py
[2023-07-23T00:10:41.101+0000] {processor.py:836} INFO - DAG(s) dict_keys(['example_xcom_args', 'example_xcom_args_with_operators']) retrieved from /home/airflow/.local/lib/python3.7/site-packages/airflow/example_dags/example_xcomargs.py
[2023-07-23T00:10:41.123+0000] {logging_mixin.py:150} INFO - [2023-07-23T00:10:41.122+0000] {dag.py:2742} INFO - Sync 2 DAGs
[2023-07-23T00:10:41.140+0000] {logging_mixin.py:150} INFO - [2023-07-23T00:10:41.140+0000] {dag.py:3508} INFO - Setting next_dagrun for example_xcom_args to None, run_after=None
[2023-07-23T00:10:41.142+0000] {logging_mixin.py:150} INFO - [2023-07-23T00:10:41.142+0000] {dag.py:3508} INFO - Setting next_dagrun for example_xcom_args_with_operators to None, run_after=None
[2023-07-23T00:10:41.152+0000] {processor.py:179} INFO - Processing /home/airflow/.local/lib/python3.7/site-packages/airflow/example_dags/example_xcomargs.py took 0.063 seconds
[2023-07-23T00:11:11.549+0000] {processor.py:157} INFO - Started process (PID=2805) to work on /home/airflow/.local/lib/python3.7/site-packages/airflow/example_dags/example_xcomargs.py
[2023-07-23T00:11:11.550+0000] {processor.py:826} INFO - Processing file /home/airflow/.local/lib/python3.7/site-packages/airflow/example_dags/example_xcomargs.py for tasks to queue
[2023-07-23T00:11:11.552+0000] {logging_mixin.py:150} INFO - [2023-07-23T00:11:11.551+0000] {dagbag.py:541} INFO - Filling up the DagBag from /home/airflow/.local/lib/python3.7/site-packages/airflow/example_dags/example_xcomargs.py
[2023-07-23T00:11:11.560+0000] {processor.py:836} INFO - DAG(s) dict_keys(['example_xcom_args', 'example_xcom_args_with_operators']) retrieved from /home/airflow/.local/lib/python3.7/site-packages/airflow/example_dags/example_xcomargs.py
[2023-07-23T00:11:11.582+0000] {logging_mixin.py:150} INFO - [2023-07-23T00:11:11.582+0000] {dag.py:2742} INFO - Sync 2 DAGs
[2023-07-23T00:11:11.596+0000] {logging_mixin.py:150} INFO - [2023-07-23T00:11:11.596+0000] {dag.py:3508} INFO - Setting next_dagrun for example_xcom_args to None, run_after=None
[2023-07-23T00:11:11.599+0000] {logging_mixin.py:150} INFO - [2023-07-23T00:11:11.599+0000] {dag.py:3508} INFO - Setting next_dagrun for example_xcom_args_with_operators to None, run_after=None
[2023-07-23T00:11:11.612+0000] {processor.py:179} INFO - Processing /home/airflow/.local/lib/python3.7/site-packages/airflow/example_dags/example_xcomargs.py took 0.068 seconds
[2023-07-23T00:11:42.546+0000] {processor.py:157} INFO - Started process (PID=2867) to work on /home/airflow/.local/lib/python3.7/site-packages/airflow/example_dags/example_xcomargs.py
[2023-07-23T00:11:42.547+0000] {processor.py:826} INFO - Processing file /home/airflow/.local/lib/python3.7/site-packages/airflow/example_dags/example_xcomargs.py for tasks to queue
[2023-07-23T00:11:42.548+0000] {logging_mixin.py:150} INFO - [2023-07-23T00:11:42.548+0000] {dagbag.py:541} INFO - Filling up the DagBag from /home/airflow/.local/lib/python3.7/site-packages/airflow/example_dags/example_xcomargs.py
[2023-07-23T00:11:42.554+0000] {processor.py:836} INFO - DAG(s) dict_keys(['example_xcom_args', 'example_xcom_args_with_operators']) retrieved from /home/airflow/.local/lib/python3.7/site-packages/airflow/example_dags/example_xcomargs.py
[2023-07-23T00:11:42.572+0000] {logging_mixin.py:150} INFO - [2023-07-23T00:11:42.572+0000] {dag.py:2742} INFO - Sync 2 DAGs
[2023-07-23T00:11:42.586+0000] {logging_mixin.py:150} INFO - [2023-07-23T00:11:42.586+0000] {dag.py:3508} INFO - Setting next_dagrun for example_xcom_args to None, run_after=None
[2023-07-23T00:11:42.589+0000] {logging_mixin.py:150} INFO - [2023-07-23T00:11:42.589+0000] {dag.py:3508} INFO - Setting next_dagrun for example_xcom_args_with_operators to None, run_after=None
[2023-07-23T00:11:42.598+0000] {processor.py:179} INFO - Processing /home/airflow/.local/lib/python3.7/site-packages/airflow/example_dags/example_xcomargs.py took 0.054 seconds
[2023-07-23T00:12:13.609+0000] {processor.py:157} INFO - Started process (PID=2931) to work on /home/airflow/.local/lib/python3.7/site-packages/airflow/example_dags/example_xcomargs.py
[2023-07-23T00:12:13.611+0000] {processor.py:826} INFO - Processing file /home/airflow/.local/lib/python3.7/site-packages/airflow/example_dags/example_xcomargs.py for tasks to queue
[2023-07-23T00:12:13.612+0000] {logging_mixin.py:150} INFO - [2023-07-23T00:12:13.611+0000] {dagbag.py:541} INFO - Filling up the DagBag from /home/airflow/.local/lib/python3.7/site-packages/airflow/example_dags/example_xcomargs.py
[2023-07-23T00:12:13.618+0000] {processor.py:836} INFO - DAG(s) dict_keys(['example_xcom_args', 'example_xcom_args_with_operators']) retrieved from /home/airflow/.local/lib/python3.7/site-packages/airflow/example_dags/example_xcomargs.py
[2023-07-23T00:12:13.640+0000] {logging_mixin.py:150} INFO - [2023-07-23T00:12:13.640+0000] {dag.py:2742} INFO - Sync 2 DAGs
[2023-07-23T00:12:13.656+0000] {logging_mixin.py:150} INFO - [2023-07-23T00:12:13.656+0000] {dag.py:3508} INFO - Setting next_dagrun for example_xcom_args to None, run_after=None
[2023-07-23T00:12:13.659+0000] {logging_mixin.py:150} INFO - [2023-07-23T00:12:13.659+0000] {dag.py:3508} INFO - Setting next_dagrun for example_xcom_args_with_operators to None, run_after=None
[2023-07-23T00:12:13.670+0000] {processor.py:179} INFO - Processing /home/airflow/.local/lib/python3.7/site-packages/airflow/example_dags/example_xcomargs.py took 0.063 seconds
[2023-07-23T00:12:44.378+0000] {processor.py:157} INFO - Started process (PID=2995) to work on /home/airflow/.local/lib/python3.7/site-packages/airflow/example_dags/example_xcomargs.py
[2023-07-23T00:12:44.381+0000] {processor.py:826} INFO - Processing file /home/airflow/.local/lib/python3.7/site-packages/airflow/example_dags/example_xcomargs.py for tasks to queue
[2023-07-23T00:12:44.387+0000] {logging_mixin.py:150} INFO - [2023-07-23T00:12:44.384+0000] {dagbag.py:541} INFO - Filling up the DagBag from /home/airflow/.local/lib/python3.7/site-packages/airflow/example_dags/example_xcomargs.py
[2023-07-23T00:12:44.404+0000] {processor.py:836} INFO - DAG(s) dict_keys(['example_xcom_args', 'example_xcom_args_with_operators']) retrieved from /home/airflow/.local/lib/python3.7/site-packages/airflow/example_dags/example_xcomargs.py
[2023-07-23T00:12:44.431+0000] {logging_mixin.py:150} INFO - [2023-07-23T00:12:44.431+0000] {dag.py:2742} INFO - Sync 2 DAGs
[2023-07-23T00:12:44.451+0000] {logging_mixin.py:150} INFO - [2023-07-23T00:12:44.450+0000] {dag.py:3508} INFO - Setting next_dagrun for example_xcom_args to None, run_after=None
[2023-07-23T00:12:44.455+0000] {logging_mixin.py:150} INFO - [2023-07-23T00:12:44.454+0000] {dag.py:3508} INFO - Setting next_dagrun for example_xcom_args_with_operators to None, run_after=None
[2023-07-23T00:12:44.469+0000] {processor.py:179} INFO - Processing /home/airflow/.local/lib/python3.7/site-packages/airflow/example_dags/example_xcomargs.py took 0.101 seconds
[2023-07-23T00:13:14.595+0000] {processor.py:157} INFO - Started process (PID=3058) to work on /home/airflow/.local/lib/python3.7/site-packages/airflow/example_dags/example_xcomargs.py
[2023-07-23T00:13:14.596+0000] {processor.py:826} INFO - Processing file /home/airflow/.local/lib/python3.7/site-packages/airflow/example_dags/example_xcomargs.py for tasks to queue
[2023-07-23T00:13:14.597+0000] {logging_mixin.py:150} INFO - [2023-07-23T00:13:14.597+0000] {dagbag.py:541} INFO - Filling up the DagBag from /home/airflow/.local/lib/python3.7/site-packages/airflow/example_dags/example_xcomargs.py
[2023-07-23T00:13:14.603+0000] {processor.py:836} INFO - DAG(s) dict_keys(['example_xcom_args', 'example_xcom_args_with_operators']) retrieved from /home/airflow/.local/lib/python3.7/site-packages/airflow/example_dags/example_xcomargs.py
[2023-07-23T00:13:14.623+0000] {logging_mixin.py:150} INFO - [2023-07-23T00:13:14.623+0000] {dag.py:2742} INFO - Sync 2 DAGs
[2023-07-23T00:13:14.638+0000] {logging_mixin.py:150} INFO - [2023-07-23T00:13:14.638+0000] {dag.py:3508} INFO - Setting next_dagrun for example_xcom_args to None, run_after=None
[2023-07-23T00:13:14.641+0000] {logging_mixin.py:150} INFO - [2023-07-23T00:13:14.641+0000] {dag.py:3508} INFO - Setting next_dagrun for example_xcom_args_with_operators to None, run_after=None
[2023-07-23T00:13:14.650+0000] {processor.py:179} INFO - Processing /home/airflow/.local/lib/python3.7/site-packages/airflow/example_dags/example_xcomargs.py took 0.058 seconds
[2023-07-23T00:13:44.756+0000] {processor.py:157} INFO - Started process (PID=3122) to work on /home/airflow/.local/lib/python3.7/site-packages/airflow/example_dags/example_xcomargs.py
[2023-07-23T00:13:44.758+0000] {processor.py:826} INFO - Processing file /home/airflow/.local/lib/python3.7/site-packages/airflow/example_dags/example_xcomargs.py for tasks to queue
[2023-07-23T00:13:44.759+0000] {logging_mixin.py:150} INFO - [2023-07-23T00:13:44.758+0000] {dagbag.py:541} INFO - Filling up the DagBag from /home/airflow/.local/lib/python3.7/site-packages/airflow/example_dags/example_xcomargs.py
[2023-07-23T00:13:44.766+0000] {processor.py:836} INFO - DAG(s) dict_keys(['example_xcom_args', 'example_xcom_args_with_operators']) retrieved from /home/airflow/.local/lib/python3.7/site-packages/airflow/example_dags/example_xcomargs.py
[2023-07-23T00:13:44.790+0000] {logging_mixin.py:150} INFO - [2023-07-23T00:13:44.790+0000] {dag.py:2742} INFO - Sync 2 DAGs
[2023-07-23T00:13:44.819+0000] {logging_mixin.py:150} INFO - [2023-07-23T00:13:44.818+0000] {dag.py:3508} INFO - Setting next_dagrun for example_xcom_args to None, run_after=None
[2023-07-23T00:13:44.822+0000] {logging_mixin.py:150} INFO - [2023-07-23T00:13:44.822+0000] {dag.py:3508} INFO - Setting next_dagrun for example_xcom_args_with_operators to None, run_after=None
[2023-07-23T00:13:44.840+0000] {processor.py:179} INFO - Processing /home/airflow/.local/lib/python3.7/site-packages/airflow/example_dags/example_xcomargs.py took 0.087 seconds
[2023-07-23T00:14:15.257+0000] {processor.py:157} INFO - Started process (PID=3186) to work on /home/airflow/.local/lib/python3.7/site-packages/airflow/example_dags/example_xcomargs.py
[2023-07-23T00:14:15.259+0000] {processor.py:826} INFO - Processing file /home/airflow/.local/lib/python3.7/site-packages/airflow/example_dags/example_xcomargs.py for tasks to queue
[2023-07-23T00:14:15.260+0000] {logging_mixin.py:150} INFO - [2023-07-23T00:14:15.260+0000] {dagbag.py:541} INFO - Filling up the DagBag from /home/airflow/.local/lib/python3.7/site-packages/airflow/example_dags/example_xcomargs.py
[2023-07-23T00:14:15.267+0000] {processor.py:836} INFO - DAG(s) dict_keys(['example_xcom_args_with_operators', 'example_xcom_args']) retrieved from /home/airflow/.local/lib/python3.7/site-packages/airflow/example_dags/example_xcomargs.py
[2023-07-23T00:14:15.292+0000] {logging_mixin.py:150} INFO - [2023-07-23T00:14:15.292+0000] {dag.py:2742} INFO - Sync 2 DAGs
[2023-07-23T00:14:15.318+0000] {logging_mixin.py:150} INFO - [2023-07-23T00:14:15.318+0000] {dag.py:3508} INFO - Setting next_dagrun for example_xcom_args to None, run_after=None
[2023-07-23T00:14:15.322+0000] {logging_mixin.py:150} INFO - [2023-07-23T00:14:15.322+0000] {dag.py:3508} INFO - Setting next_dagrun for example_xcom_args_with_operators to None, run_after=None
[2023-07-23T00:14:15.334+0000] {processor.py:179} INFO - Processing /home/airflow/.local/lib/python3.7/site-packages/airflow/example_dags/example_xcomargs.py took 0.080 seconds
[2023-07-23T00:14:48.175+0000] {processor.py:157} INFO - Started process (PID=3248) to work on /home/airflow/.local/lib/python3.7/site-packages/airflow/example_dags/example_xcomargs.py
[2023-07-23T00:14:48.178+0000] {processor.py:826} INFO - Processing file /home/airflow/.local/lib/python3.7/site-packages/airflow/example_dags/example_xcomargs.py for tasks to queue
[2023-07-23T00:14:48.180+0000] {logging_mixin.py:150} INFO - [2023-07-23T00:14:48.179+0000] {dagbag.py:541} INFO - Filling up the DagBag from /home/airflow/.local/lib/python3.7/site-packages/airflow/example_dags/example_xcomargs.py
[2023-07-23T00:14:48.204+0000] {processor.py:836} INFO - DAG(s) dict_keys(['example_xcom_args', 'example_xcom_args_with_operators']) retrieved from /home/airflow/.local/lib/python3.7/site-packages/airflow/example_dags/example_xcomargs.py
[2023-07-23T00:14:48.258+0000] {logging_mixin.py:150} INFO - [2023-07-23T00:14:48.258+0000] {dag.py:2742} INFO - Sync 2 DAGs
[2023-07-23T00:14:48.294+0000] {logging_mixin.py:150} INFO - [2023-07-23T00:14:48.294+0000] {dag.py:3508} INFO - Setting next_dagrun for example_xcom_args to None, run_after=None
[2023-07-23T00:14:48.298+0000] {logging_mixin.py:150} INFO - [2023-07-23T00:14:48.298+0000] {dag.py:3508} INFO - Setting next_dagrun for example_xcom_args_with_operators to None, run_after=None
[2023-07-23T00:14:48.318+0000] {processor.py:179} INFO - Processing /home/airflow/.local/lib/python3.7/site-packages/airflow/example_dags/example_xcomargs.py took 0.148 seconds
[2023-07-23T00:15:19.894+0000] {processor.py:157} INFO - Started process (PID=3312) to work on /home/airflow/.local/lib/python3.7/site-packages/airflow/example_dags/example_xcomargs.py
[2023-07-23T00:15:19.898+0000] {processor.py:826} INFO - Processing file /home/airflow/.local/lib/python3.7/site-packages/airflow/example_dags/example_xcomargs.py for tasks to queue
[2023-07-23T00:15:19.901+0000] {logging_mixin.py:150} INFO - [2023-07-23T00:15:19.900+0000] {dagbag.py:541} INFO - Filling up the DagBag from /home/airflow/.local/lib/python3.7/site-packages/airflow/example_dags/example_xcomargs.py
[2023-07-23T00:15:19.911+0000] {processor.py:836} INFO - DAG(s) dict_keys(['example_xcom_args', 'example_xcom_args_with_operators']) retrieved from /home/airflow/.local/lib/python3.7/site-packages/airflow/example_dags/example_xcomargs.py
[2023-07-23T00:15:19.941+0000] {logging_mixin.py:150} INFO - [2023-07-23T00:15:19.941+0000] {dag.py:2742} INFO - Sync 2 DAGs
[2023-07-23T00:15:19.963+0000] {logging_mixin.py:150} INFO - [2023-07-23T00:15:19.963+0000] {dag.py:3508} INFO - Setting next_dagrun for example_xcom_args to None, run_after=None
[2023-07-23T00:15:19.966+0000] {logging_mixin.py:150} INFO - [2023-07-23T00:15:19.966+0000] {dag.py:3508} INFO - Setting next_dagrun for example_xcom_args_with_operators to None, run_after=None
[2023-07-23T00:15:19.978+0000] {processor.py:179} INFO - Processing /home/airflow/.local/lib/python3.7/site-packages/airflow/example_dags/example_xcomargs.py took 0.090 seconds
[2023-07-23T00:15:50.868+0000] {processor.py:157} INFO - Started process (PID=3374) to work on /home/airflow/.local/lib/python3.7/site-packages/airflow/example_dags/example_xcomargs.py
[2023-07-23T00:15:50.870+0000] {processor.py:826} INFO - Processing file /home/airflow/.local/lib/python3.7/site-packages/airflow/example_dags/example_xcomargs.py for tasks to queue
[2023-07-23T00:15:50.872+0000] {logging_mixin.py:150} INFO - [2023-07-23T00:15:50.871+0000] {dagbag.py:541} INFO - Filling up the DagBag from /home/airflow/.local/lib/python3.7/site-packages/airflow/example_dags/example_xcomargs.py
[2023-07-23T00:15:50.882+0000] {processor.py:836} INFO - DAG(s) dict_keys(['example_xcom_args', 'example_xcom_args_with_operators']) retrieved from /home/airflow/.local/lib/python3.7/site-packages/airflow/example_dags/example_xcomargs.py
[2023-07-23T00:15:50.916+0000] {logging_mixin.py:150} INFO - [2023-07-23T00:15:50.916+0000] {dag.py:2742} INFO - Sync 2 DAGs
[2023-07-23T00:15:50.938+0000] {logging_mixin.py:150} INFO - [2023-07-23T00:15:50.938+0000] {dag.py:3508} INFO - Setting next_dagrun for example_xcom_args to None, run_after=None
[2023-07-23T00:15:50.941+0000] {logging_mixin.py:150} INFO - [2023-07-23T00:15:50.941+0000] {dag.py:3508} INFO - Setting next_dagrun for example_xcom_args_with_operators to None, run_after=None
[2023-07-23T00:15:50.961+0000] {processor.py:179} INFO - Processing /home/airflow/.local/lib/python3.7/site-packages/airflow/example_dags/example_xcomargs.py took 0.098 seconds
[2023-07-23T00:16:21.031+0000] {processor.py:157} INFO - Started process (PID=3434) to work on /home/airflow/.local/lib/python3.7/site-packages/airflow/example_dags/example_xcomargs.py
[2023-07-23T00:16:21.032+0000] {processor.py:826} INFO - Processing file /home/airflow/.local/lib/python3.7/site-packages/airflow/example_dags/example_xcomargs.py for tasks to queue
[2023-07-23T00:16:21.033+0000] {logging_mixin.py:150} INFO - [2023-07-23T00:16:21.033+0000] {dagbag.py:541} INFO - Filling up the DagBag from /home/airflow/.local/lib/python3.7/site-packages/airflow/example_dags/example_xcomargs.py
[2023-07-23T00:16:21.039+0000] {processor.py:836} INFO - DAG(s) dict_keys(['example_xcom_args_with_operators', 'example_xcom_args']) retrieved from /home/airflow/.local/lib/python3.7/site-packages/airflow/example_dags/example_xcomargs.py
[2023-07-23T00:16:21.061+0000] {logging_mixin.py:150} INFO - [2023-07-23T00:16:21.061+0000] {dag.py:2742} INFO - Sync 2 DAGs
[2023-07-23T00:16:21.079+0000] {logging_mixin.py:150} INFO - [2023-07-23T00:16:21.079+0000] {dag.py:3508} INFO - Setting next_dagrun for example_xcom_args to None, run_after=None
[2023-07-23T00:16:21.081+0000] {logging_mixin.py:150} INFO - [2023-07-23T00:16:21.081+0000] {dag.py:3508} INFO - Setting next_dagrun for example_xcom_args_with_operators to None, run_after=None
[2023-07-23T00:16:21.092+0000] {processor.py:179} INFO - Processing /home/airflow/.local/lib/python3.7/site-packages/airflow/example_dags/example_xcomargs.py took 0.064 seconds
[2023-07-23T00:16:51.511+0000] {processor.py:157} INFO - Started process (PID=3499) to work on /home/airflow/.local/lib/python3.7/site-packages/airflow/example_dags/example_xcomargs.py
[2023-07-23T00:16:51.512+0000] {processor.py:826} INFO - Processing file /home/airflow/.local/lib/python3.7/site-packages/airflow/example_dags/example_xcomargs.py for tasks to queue
[2023-07-23T00:16:51.513+0000] {logging_mixin.py:150} INFO - [2023-07-23T00:16:51.513+0000] {dagbag.py:541} INFO - Filling up the DagBag from /home/airflow/.local/lib/python3.7/site-packages/airflow/example_dags/example_xcomargs.py
[2023-07-23T00:16:51.521+0000] {processor.py:836} INFO - DAG(s) dict_keys(['example_xcom_args_with_operators', 'example_xcom_args']) retrieved from /home/airflow/.local/lib/python3.7/site-packages/airflow/example_dags/example_xcomargs.py
[2023-07-23T00:16:51.541+0000] {logging_mixin.py:150} INFO - [2023-07-23T00:16:51.541+0000] {dag.py:2742} INFO - Sync 2 DAGs
[2023-07-23T00:16:51.556+0000] {logging_mixin.py:150} INFO - [2023-07-23T00:16:51.556+0000] {dag.py:3508} INFO - Setting next_dagrun for example_xcom_args to None, run_after=None
[2023-07-23T00:16:51.559+0000] {logging_mixin.py:150} INFO - [2023-07-23T00:16:51.559+0000] {dag.py:3508} INFO - Setting next_dagrun for example_xcom_args_with_operators to None, run_after=None
[2023-07-23T00:16:51.568+0000] {processor.py:179} INFO - Processing /home/airflow/.local/lib/python3.7/site-packages/airflow/example_dags/example_xcomargs.py took 0.059 seconds
[2023-07-23T00:17:22.640+0000] {processor.py:157} INFO - Started process (PID=3562) to work on /home/airflow/.local/lib/python3.7/site-packages/airflow/example_dags/example_xcomargs.py
[2023-07-23T00:17:22.642+0000] {processor.py:826} INFO - Processing file /home/airflow/.local/lib/python3.7/site-packages/airflow/example_dags/example_xcomargs.py for tasks to queue
[2023-07-23T00:17:22.644+0000] {logging_mixin.py:150} INFO - [2023-07-23T00:17:22.643+0000] {dagbag.py:541} INFO - Filling up the DagBag from /home/airflow/.local/lib/python3.7/site-packages/airflow/example_dags/example_xcomargs.py
[2023-07-23T00:17:22.655+0000] {processor.py:836} INFO - DAG(s) dict_keys(['example_xcom_args', 'example_xcom_args_with_operators']) retrieved from /home/airflow/.local/lib/python3.7/site-packages/airflow/example_dags/example_xcomargs.py
[2023-07-23T00:17:22.691+0000] {logging_mixin.py:150} INFO - [2023-07-23T00:17:22.691+0000] {dag.py:2742} INFO - Sync 2 DAGs
[2023-07-23T00:17:22.712+0000] {logging_mixin.py:150} INFO - [2023-07-23T00:17:22.712+0000] {dag.py:3508} INFO - Setting next_dagrun for example_xcom_args to None, run_after=None
[2023-07-23T00:17:22.715+0000] {logging_mixin.py:150} INFO - [2023-07-23T00:17:22.715+0000] {dag.py:3508} INFO - Setting next_dagrun for example_xcom_args_with_operators to None, run_after=None
[2023-07-23T00:17:22.726+0000] {processor.py:179} INFO - Processing /home/airflow/.local/lib/python3.7/site-packages/airflow/example_dags/example_xcomargs.py took 0.095 seconds
[2023-07-23T00:17:53.523+0000] {processor.py:157} INFO - Started process (PID=3625) to work on /home/airflow/.local/lib/python3.7/site-packages/airflow/example_dags/example_xcomargs.py
[2023-07-23T00:17:53.524+0000] {processor.py:826} INFO - Processing file /home/airflow/.local/lib/python3.7/site-packages/airflow/example_dags/example_xcomargs.py for tasks to queue
[2023-07-23T00:17:53.526+0000] {logging_mixin.py:150} INFO - [2023-07-23T00:17:53.525+0000] {dagbag.py:541} INFO - Filling up the DagBag from /home/airflow/.local/lib/python3.7/site-packages/airflow/example_dags/example_xcomargs.py
[2023-07-23T00:17:53.534+0000] {processor.py:836} INFO - DAG(s) dict_keys(['example_xcom_args_with_operators', 'example_xcom_args']) retrieved from /home/airflow/.local/lib/python3.7/site-packages/airflow/example_dags/example_xcomargs.py
[2023-07-23T00:17:53.559+0000] {logging_mixin.py:150} INFO - [2023-07-23T00:17:53.559+0000] {dag.py:2742} INFO - Sync 2 DAGs
[2023-07-23T00:17:53.579+0000] {logging_mixin.py:150} INFO - [2023-07-23T00:17:53.579+0000] {dag.py:3508} INFO - Setting next_dagrun for example_xcom_args to None, run_after=None
[2023-07-23T00:17:53.582+0000] {logging_mixin.py:150} INFO - [2023-07-23T00:17:53.582+0000] {dag.py:3508} INFO - Setting next_dagrun for example_xcom_args_with_operators to None, run_after=None
[2023-07-23T00:17:53.593+0000] {processor.py:179} INFO - Processing /home/airflow/.local/lib/python3.7/site-packages/airflow/example_dags/example_xcomargs.py took 0.074 seconds
[2023-07-23T00:18:24.112+0000] {processor.py:157} INFO - Started process (PID=3688) to work on /home/airflow/.local/lib/python3.7/site-packages/airflow/example_dags/example_xcomargs.py
[2023-07-23T00:18:24.113+0000] {processor.py:826} INFO - Processing file /home/airflow/.local/lib/python3.7/site-packages/airflow/example_dags/example_xcomargs.py for tasks to queue
[2023-07-23T00:18:24.114+0000] {logging_mixin.py:150} INFO - [2023-07-23T00:18:24.114+0000] {dagbag.py:541} INFO - Filling up the DagBag from /home/airflow/.local/lib/python3.7/site-packages/airflow/example_dags/example_xcomargs.py
[2023-07-23T00:18:24.120+0000] {processor.py:836} INFO - DAG(s) dict_keys(['example_xcom_args_with_operators', 'example_xcom_args']) retrieved from /home/airflow/.local/lib/python3.7/site-packages/airflow/example_dags/example_xcomargs.py
[2023-07-23T00:18:24.141+0000] {logging_mixin.py:150} INFO - [2023-07-23T00:18:24.140+0000] {dag.py:2742} INFO - Sync 2 DAGs
[2023-07-23T00:18:24.156+0000] {logging_mixin.py:150} INFO - [2023-07-23T00:18:24.156+0000] {dag.py:3508} INFO - Setting next_dagrun for example_xcom_args to None, run_after=None
[2023-07-23T00:18:24.158+0000] {logging_mixin.py:150} INFO - [2023-07-23T00:18:24.158+0000] {dag.py:3508} INFO - Setting next_dagrun for example_xcom_args_with_operators to None, run_after=None
[2023-07-23T00:18:24.167+0000] {processor.py:179} INFO - Processing /home/airflow/.local/lib/python3.7/site-packages/airflow/example_dags/example_xcomargs.py took 0.058 seconds
[2023-07-23T00:18:54.765+0000] {processor.py:157} INFO - Started process (PID=3750) to work on /home/airflow/.local/lib/python3.7/site-packages/airflow/example_dags/example_xcomargs.py
[2023-07-23T00:18:54.767+0000] {processor.py:826} INFO - Processing file /home/airflow/.local/lib/python3.7/site-packages/airflow/example_dags/example_xcomargs.py for tasks to queue
[2023-07-23T00:18:54.768+0000] {logging_mixin.py:150} INFO - [2023-07-23T00:18:54.768+0000] {dagbag.py:541} INFO - Filling up the DagBag from /home/airflow/.local/lib/python3.7/site-packages/airflow/example_dags/example_xcomargs.py
[2023-07-23T00:18:54.776+0000] {processor.py:836} INFO - DAG(s) dict_keys(['example_xcom_args_with_operators', 'example_xcom_args']) retrieved from /home/airflow/.local/lib/python3.7/site-packages/airflow/example_dags/example_xcomargs.py
[2023-07-23T00:18:54.798+0000] {logging_mixin.py:150} INFO - [2023-07-23T00:18:54.798+0000] {dag.py:2742} INFO - Sync 2 DAGs
[2023-07-23T00:18:54.814+0000] {logging_mixin.py:150} INFO - [2023-07-23T00:18:54.814+0000] {dag.py:3508} INFO - Setting next_dagrun for example_xcom_args to None, run_after=None
[2023-07-23T00:18:54.817+0000] {logging_mixin.py:150} INFO - [2023-07-23T00:18:54.817+0000] {dag.py:3508} INFO - Setting next_dagrun for example_xcom_args_with_operators to None, run_after=None
[2023-07-23T00:18:54.829+0000] {processor.py:179} INFO - Processing /home/airflow/.local/lib/python3.7/site-packages/airflow/example_dags/example_xcomargs.py took 0.068 seconds
[2023-07-23T00:19:25.162+0000] {processor.py:157} INFO - Started process (PID=3813) to work on /home/airflow/.local/lib/python3.7/site-packages/airflow/example_dags/example_xcomargs.py
[2023-07-23T00:19:25.164+0000] {processor.py:826} INFO - Processing file /home/airflow/.local/lib/python3.7/site-packages/airflow/example_dags/example_xcomargs.py for tasks to queue
[2023-07-23T00:19:25.165+0000] {logging_mixin.py:150} INFO - [2023-07-23T00:19:25.165+0000] {dagbag.py:541} INFO - Filling up the DagBag from /home/airflow/.local/lib/python3.7/site-packages/airflow/example_dags/example_xcomargs.py
[2023-07-23T00:19:25.173+0000] {processor.py:836} INFO - DAG(s) dict_keys(['example_xcom_args', 'example_xcom_args_with_operators']) retrieved from /home/airflow/.local/lib/python3.7/site-packages/airflow/example_dags/example_xcomargs.py
[2023-07-23T00:19:25.201+0000] {logging_mixin.py:150} INFO - [2023-07-23T00:19:25.200+0000] {dag.py:2742} INFO - Sync 2 DAGs
[2023-07-23T00:19:25.220+0000] {logging_mixin.py:150} INFO - [2023-07-23T00:19:25.220+0000] {dag.py:3508} INFO - Setting next_dagrun for example_xcom_args to None, run_after=None
[2023-07-23T00:19:25.224+0000] {logging_mixin.py:150} INFO - [2023-07-23T00:19:25.224+0000] {dag.py:3508} INFO - Setting next_dagrun for example_xcom_args_with_operators to None, run_after=None
[2023-07-23T00:19:25.237+0000] {processor.py:179} INFO - Processing /home/airflow/.local/lib/python3.7/site-packages/airflow/example_dags/example_xcomargs.py took 0.078 seconds
[2023-07-23T00:19:55.659+0000] {processor.py:157} INFO - Started process (PID=3876) to work on /home/airflow/.local/lib/python3.7/site-packages/airflow/example_dags/example_xcomargs.py
[2023-07-23T00:19:55.660+0000] {processor.py:826} INFO - Processing file /home/airflow/.local/lib/python3.7/site-packages/airflow/example_dags/example_xcomargs.py for tasks to queue
[2023-07-23T00:19:55.661+0000] {logging_mixin.py:150} INFO - [2023-07-23T00:19:55.661+0000] {dagbag.py:541} INFO - Filling up the DagBag from /home/airflow/.local/lib/python3.7/site-packages/airflow/example_dags/example_xcomargs.py
[2023-07-23T00:19:55.669+0000] {processor.py:836} INFO - DAG(s) dict_keys(['example_xcom_args', 'example_xcom_args_with_operators']) retrieved from /home/airflow/.local/lib/python3.7/site-packages/airflow/example_dags/example_xcomargs.py
[2023-07-23T00:19:55.690+0000] {logging_mixin.py:150} INFO - [2023-07-23T00:19:55.690+0000] {dag.py:2742} INFO - Sync 2 DAGs
[2023-07-23T00:19:55.705+0000] {logging_mixin.py:150} INFO - [2023-07-23T00:19:55.705+0000] {dag.py:3508} INFO - Setting next_dagrun for example_xcom_args to None, run_after=None
[2023-07-23T00:19:55.707+0000] {logging_mixin.py:150} INFO - [2023-07-23T00:19:55.707+0000] {dag.py:3508} INFO - Setting next_dagrun for example_xcom_args_with_operators to None, run_after=None
[2023-07-23T00:19:55.716+0000] {processor.py:179} INFO - Processing /home/airflow/.local/lib/python3.7/site-packages/airflow/example_dags/example_xcomargs.py took 0.060 seconds
[2023-07-23T00:20:26.290+0000] {processor.py:157} INFO - Started process (PID=3939) to work on /home/airflow/.local/lib/python3.7/site-packages/airflow/example_dags/example_xcomargs.py
[2023-07-23T00:20:26.291+0000] {processor.py:826} INFO - Processing file /home/airflow/.local/lib/python3.7/site-packages/airflow/example_dags/example_xcomargs.py for tasks to queue
[2023-07-23T00:20:26.292+0000] {logging_mixin.py:150} INFO - [2023-07-23T00:20:26.292+0000] {dagbag.py:541} INFO - Filling up the DagBag from /home/airflow/.local/lib/python3.7/site-packages/airflow/example_dags/example_xcomargs.py
[2023-07-23T00:20:26.298+0000] {processor.py:836} INFO - DAG(s) dict_keys(['example_xcom_args_with_operators', 'example_xcom_args']) retrieved from /home/airflow/.local/lib/python3.7/site-packages/airflow/example_dags/example_xcomargs.py
[2023-07-23T00:20:26.319+0000] {logging_mixin.py:150} INFO - [2023-07-23T00:20:26.319+0000] {dag.py:2742} INFO - Sync 2 DAGs
[2023-07-23T00:20:26.335+0000] {logging_mixin.py:150} INFO - [2023-07-23T00:20:26.335+0000] {dag.py:3508} INFO - Setting next_dagrun for example_xcom_args to None, run_after=None
[2023-07-23T00:20:26.338+0000] {logging_mixin.py:150} INFO - [2023-07-23T00:20:26.338+0000] {dag.py:3508} INFO - Setting next_dagrun for example_xcom_args_with_operators to None, run_after=None
[2023-07-23T00:20:26.349+0000] {processor.py:179} INFO - Processing /home/airflow/.local/lib/python3.7/site-packages/airflow/example_dags/example_xcomargs.py took 0.062 seconds
[2023-07-23T00:20:56.707+0000] {processor.py:157} INFO - Started process (PID=4002) to work on /home/airflow/.local/lib/python3.7/site-packages/airflow/example_dags/example_xcomargs.py
[2023-07-23T00:20:56.708+0000] {processor.py:826} INFO - Processing file /home/airflow/.local/lib/python3.7/site-packages/airflow/example_dags/example_xcomargs.py for tasks to queue
[2023-07-23T00:20:56.709+0000] {logging_mixin.py:150} INFO - [2023-07-23T00:20:56.709+0000] {dagbag.py:541} INFO - Filling up the DagBag from /home/airflow/.local/lib/python3.7/site-packages/airflow/example_dags/example_xcomargs.py
[2023-07-23T00:20:56.715+0000] {processor.py:836} INFO - DAG(s) dict_keys(['example_xcom_args', 'example_xcom_args_with_operators']) retrieved from /home/airflow/.local/lib/python3.7/site-packages/airflow/example_dags/example_xcomargs.py
[2023-07-23T00:20:56.734+0000] {logging_mixin.py:150} INFO - [2023-07-23T00:20:56.733+0000] {dag.py:2742} INFO - Sync 2 DAGs
[2023-07-23T00:20:56.748+0000] {logging_mixin.py:150} INFO - [2023-07-23T00:20:56.748+0000] {dag.py:3508} INFO - Setting next_dagrun for example_xcom_args to None, run_after=None
[2023-07-23T00:20:56.751+0000] {logging_mixin.py:150} INFO - [2023-07-23T00:20:56.751+0000] {dag.py:3508} INFO - Setting next_dagrun for example_xcom_args_with_operators to None, run_after=None
[2023-07-23T00:20:56.760+0000] {processor.py:179} INFO - Processing /home/airflow/.local/lib/python3.7/site-packages/airflow/example_dags/example_xcomargs.py took 0.055 seconds
[2023-07-23T00:21:27.276+0000] {processor.py:157} INFO - Started process (PID=4065) to work on /home/airflow/.local/lib/python3.7/site-packages/airflow/example_dags/example_xcomargs.py
[2023-07-23T00:21:27.277+0000] {processor.py:826} INFO - Processing file /home/airflow/.local/lib/python3.7/site-packages/airflow/example_dags/example_xcomargs.py for tasks to queue
[2023-07-23T00:21:27.278+0000] {logging_mixin.py:150} INFO - [2023-07-23T00:21:27.278+0000] {dagbag.py:541} INFO - Filling up the DagBag from /home/airflow/.local/lib/python3.7/site-packages/airflow/example_dags/example_xcomargs.py
[2023-07-23T00:21:27.286+0000] {processor.py:836} INFO - DAG(s) dict_keys(['example_xcom_args', 'example_xcom_args_with_operators']) retrieved from /home/airflow/.local/lib/python3.7/site-packages/airflow/example_dags/example_xcomargs.py
[2023-07-23T00:21:27.309+0000] {logging_mixin.py:150} INFO - [2023-07-23T00:21:27.309+0000] {dag.py:2742} INFO - Sync 2 DAGs
[2023-07-23T00:21:27.325+0000] {logging_mixin.py:150} INFO - [2023-07-23T00:21:27.325+0000] {dag.py:3508} INFO - Setting next_dagrun for example_xcom_args to None, run_after=None
[2023-07-23T00:21:27.328+0000] {logging_mixin.py:150} INFO - [2023-07-23T00:21:27.328+0000] {dag.py:3508} INFO - Setting next_dagrun for example_xcom_args_with_operators to None, run_after=None
[2023-07-23T00:21:27.338+0000] {processor.py:179} INFO - Processing /home/airflow/.local/lib/python3.7/site-packages/airflow/example_dags/example_xcomargs.py took 0.067 seconds
[2023-07-23T00:21:57.374+0000] {processor.py:157} INFO - Started process (PID=4127) to work on /home/airflow/.local/lib/python3.7/site-packages/airflow/example_dags/example_xcomargs.py
[2023-07-23T00:21:57.375+0000] {processor.py:826} INFO - Processing file /home/airflow/.local/lib/python3.7/site-packages/airflow/example_dags/example_xcomargs.py for tasks to queue
[2023-07-23T00:21:57.376+0000] {logging_mixin.py:150} INFO - [2023-07-23T00:21:57.376+0000] {dagbag.py:541} INFO - Filling up the DagBag from /home/airflow/.local/lib/python3.7/site-packages/airflow/example_dags/example_xcomargs.py
[2023-07-23T00:21:57.382+0000] {processor.py:836} INFO - DAG(s) dict_keys(['example_xcom_args', 'example_xcom_args_with_operators']) retrieved from /home/airflow/.local/lib/python3.7/site-packages/airflow/example_dags/example_xcomargs.py
[2023-07-23T00:21:57.401+0000] {logging_mixin.py:150} INFO - [2023-07-23T00:21:57.401+0000] {dag.py:2742} INFO - Sync 2 DAGs
[2023-07-23T00:21:57.416+0000] {logging_mixin.py:150} INFO - [2023-07-23T00:21:57.416+0000] {dag.py:3508} INFO - Setting next_dagrun for example_xcom_args to None, run_after=None
[2023-07-23T00:21:57.418+0000] {logging_mixin.py:150} INFO - [2023-07-23T00:21:57.418+0000] {dag.py:3508} INFO - Setting next_dagrun for example_xcom_args_with_operators to None, run_after=None
[2023-07-23T00:21:57.428+0000] {processor.py:179} INFO - Processing /home/airflow/.local/lib/python3.7/site-packages/airflow/example_dags/example_xcomargs.py took 0.057 seconds
[2023-07-23T00:22:27.899+0000] {processor.py:157} INFO - Started process (PID=4190) to work on /home/airflow/.local/lib/python3.7/site-packages/airflow/example_dags/example_xcomargs.py
[2023-07-23T00:22:27.900+0000] {processor.py:826} INFO - Processing file /home/airflow/.local/lib/python3.7/site-packages/airflow/example_dags/example_xcomargs.py for tasks to queue
[2023-07-23T00:22:27.901+0000] {logging_mixin.py:150} INFO - [2023-07-23T00:22:27.901+0000] {dagbag.py:541} INFO - Filling up the DagBag from /home/airflow/.local/lib/python3.7/site-packages/airflow/example_dags/example_xcomargs.py
[2023-07-23T00:22:27.907+0000] {processor.py:836} INFO - DAG(s) dict_keys(['example_xcom_args_with_operators', 'example_xcom_args']) retrieved from /home/airflow/.local/lib/python3.7/site-packages/airflow/example_dags/example_xcomargs.py
[2023-07-23T00:22:27.927+0000] {logging_mixin.py:150} INFO - [2023-07-23T00:22:27.927+0000] {dag.py:2742} INFO - Sync 2 DAGs
[2023-07-23T00:22:27.943+0000] {logging_mixin.py:150} INFO - [2023-07-23T00:22:27.943+0000] {dag.py:3508} INFO - Setting next_dagrun for example_xcom_args to None, run_after=None
[2023-07-23T00:22:27.946+0000] {logging_mixin.py:150} INFO - [2023-07-23T00:22:27.946+0000] {dag.py:3508} INFO - Setting next_dagrun for example_xcom_args_with_operators to None, run_after=None
[2023-07-23T00:22:27.957+0000] {processor.py:179} INFO - Processing /home/airflow/.local/lib/python3.7/site-packages/airflow/example_dags/example_xcomargs.py took 0.061 seconds
[2023-07-23T00:22:58.953+0000] {processor.py:157} INFO - Started process (PID=4253) to work on /home/airflow/.local/lib/python3.7/site-packages/airflow/example_dags/example_xcomargs.py
[2023-07-23T00:22:58.954+0000] {processor.py:826} INFO - Processing file /home/airflow/.local/lib/python3.7/site-packages/airflow/example_dags/example_xcomargs.py for tasks to queue
[2023-07-23T00:22:58.955+0000] {logging_mixin.py:150} INFO - [2023-07-23T00:22:58.955+0000] {dagbag.py:541} INFO - Filling up the DagBag from /home/airflow/.local/lib/python3.7/site-packages/airflow/example_dags/example_xcomargs.py
[2023-07-23T00:22:58.962+0000] {processor.py:836} INFO - DAG(s) dict_keys(['example_xcom_args', 'example_xcom_args_with_operators']) retrieved from /home/airflow/.local/lib/python3.7/site-packages/airflow/example_dags/example_xcomargs.py
[2023-07-23T00:22:58.988+0000] {logging_mixin.py:150} INFO - [2023-07-23T00:22:58.988+0000] {dag.py:2742} INFO - Sync 2 DAGs
[2023-07-23T00:22:59.009+0000] {logging_mixin.py:150} INFO - [2023-07-23T00:22:59.009+0000] {dag.py:3508} INFO - Setting next_dagrun for example_xcom_args to None, run_after=None
[2023-07-23T00:22:59.012+0000] {logging_mixin.py:150} INFO - [2023-07-23T00:22:59.012+0000] {dag.py:3508} INFO - Setting next_dagrun for example_xcom_args_with_operators to None, run_after=None
[2023-07-23T00:22:59.025+0000] {processor.py:179} INFO - Processing /home/airflow/.local/lib/python3.7/site-packages/airflow/example_dags/example_xcomargs.py took 0.074 seconds
[2023-07-23T00:23:29.285+0000] {processor.py:157} INFO - Started process (PID=4317) to work on /home/airflow/.local/lib/python3.7/site-packages/airflow/example_dags/example_xcomargs.py
[2023-07-23T00:23:29.286+0000] {processor.py:826} INFO - Processing file /home/airflow/.local/lib/python3.7/site-packages/airflow/example_dags/example_xcomargs.py for tasks to queue
[2023-07-23T00:23:29.287+0000] {logging_mixin.py:150} INFO - [2023-07-23T00:23:29.286+0000] {dagbag.py:541} INFO - Filling up the DagBag from /home/airflow/.local/lib/python3.7/site-packages/airflow/example_dags/example_xcomargs.py
[2023-07-23T00:23:29.293+0000] {processor.py:836} INFO - DAG(s) dict_keys(['example_xcom_args', 'example_xcom_args_with_operators']) retrieved from /home/airflow/.local/lib/python3.7/site-packages/airflow/example_dags/example_xcomargs.py
[2023-07-23T00:23:29.316+0000] {logging_mixin.py:150} INFO - [2023-07-23T00:23:29.315+0000] {dag.py:2742} INFO - Sync 2 DAGs
[2023-07-23T00:23:29.333+0000] {logging_mixin.py:150} INFO - [2023-07-23T00:23:29.333+0000] {dag.py:3508} INFO - Setting next_dagrun for example_xcom_args to None, run_after=None
[2023-07-23T00:23:29.337+0000] {logging_mixin.py:150} INFO - [2023-07-23T00:23:29.336+0000] {dag.py:3508} INFO - Setting next_dagrun for example_xcom_args_with_operators to None, run_after=None
[2023-07-23T00:23:29.349+0000] {processor.py:179} INFO - Processing /home/airflow/.local/lib/python3.7/site-packages/airflow/example_dags/example_xcomargs.py took 0.068 seconds
[2023-07-23T00:23:59.588+0000] {processor.py:157} INFO - Started process (PID=4380) to work on /home/airflow/.local/lib/python3.7/site-packages/airflow/example_dags/example_xcomargs.py
[2023-07-23T00:23:59.590+0000] {processor.py:826} INFO - Processing file /home/airflow/.local/lib/python3.7/site-packages/airflow/example_dags/example_xcomargs.py for tasks to queue
[2023-07-23T00:23:59.591+0000] {logging_mixin.py:150} INFO - [2023-07-23T00:23:59.591+0000] {dagbag.py:541} INFO - Filling up the DagBag from /home/airflow/.local/lib/python3.7/site-packages/airflow/example_dags/example_xcomargs.py
[2023-07-23T00:23:59.599+0000] {processor.py:836} INFO - DAG(s) dict_keys(['example_xcom_args_with_operators', 'example_xcom_args']) retrieved from /home/airflow/.local/lib/python3.7/site-packages/airflow/example_dags/example_xcomargs.py
[2023-07-23T00:23:59.620+0000] {logging_mixin.py:150} INFO - [2023-07-23T00:23:59.620+0000] {dag.py:2742} INFO - Sync 2 DAGs
[2023-07-23T00:23:59.637+0000] {logging_mixin.py:150} INFO - [2023-07-23T00:23:59.637+0000] {dag.py:3508} INFO - Setting next_dagrun for example_xcom_args to None, run_after=None
[2023-07-23T00:23:59.640+0000] {logging_mixin.py:150} INFO - [2023-07-23T00:23:59.640+0000] {dag.py:3508} INFO - Setting next_dagrun for example_xcom_args_with_operators to None, run_after=None
[2023-07-23T00:23:59.654+0000] {processor.py:179} INFO - Processing /home/airflow/.local/lib/python3.7/site-packages/airflow/example_dags/example_xcomargs.py took 0.070 seconds
[2023-07-23T00:24:29.733+0000] {processor.py:157} INFO - Started process (PID=4444) to work on /home/airflow/.local/lib/python3.7/site-packages/airflow/example_dags/example_xcomargs.py
[2023-07-23T00:24:29.735+0000] {processor.py:826} INFO - Processing file /home/airflow/.local/lib/python3.7/site-packages/airflow/example_dags/example_xcomargs.py for tasks to queue
[2023-07-23T00:24:29.736+0000] {logging_mixin.py:150} INFO - [2023-07-23T00:24:29.735+0000] {dagbag.py:541} INFO - Filling up the DagBag from /home/airflow/.local/lib/python3.7/site-packages/airflow/example_dags/example_xcomargs.py
[2023-07-23T00:24:29.744+0000] {processor.py:836} INFO - DAG(s) dict_keys(['example_xcom_args', 'example_xcom_args_with_operators']) retrieved from /home/airflow/.local/lib/python3.7/site-packages/airflow/example_dags/example_xcomargs.py
[2023-07-23T00:24:29.766+0000] {logging_mixin.py:150} INFO - [2023-07-23T00:24:29.766+0000] {dag.py:2742} INFO - Sync 2 DAGs
[2023-07-23T00:24:29.781+0000] {logging_mixin.py:150} INFO - [2023-07-23T00:24:29.781+0000] {dag.py:3508} INFO - Setting next_dagrun for example_xcom_args to None, run_after=None
[2023-07-23T00:24:29.784+0000] {logging_mixin.py:150} INFO - [2023-07-23T00:24:29.784+0000] {dag.py:3508} INFO - Setting next_dagrun for example_xcom_args_with_operators to None, run_after=None
[2023-07-23T00:24:29.795+0000] {processor.py:179} INFO - Processing /home/airflow/.local/lib/python3.7/site-packages/airflow/example_dags/example_xcomargs.py took 0.065 seconds
