[2023-07-23T00:00:04.762+0000] {processor.py:157} INFO - Started process (PID=1406) to work on /home/airflow/.local/lib/python3.7/site-packages/airflow/example_dags/example_short_circuit_decorator.py
[2023-07-23T00:00:04.781+0000] {processor.py:826} INFO - Processing file /home/airflow/.local/lib/python3.7/site-packages/airflow/example_dags/example_short_circuit_decorator.py for tasks to queue
[2023-07-23T00:00:04.792+0000] {logging_mixin.py:150} INFO - [2023-07-23T00:00:04.784+0000] {dagbag.py:541} INFO - Filling up the DagBag from /home/airflow/.local/lib/python3.7/site-packages/airflow/example_dags/example_short_circuit_decorator.py
[2023-07-23T00:00:04.818+0000] {processor.py:836} INFO - DAG(s) dict_keys(['example_short_circuit_decorator']) retrieved from /home/airflow/.local/lib/python3.7/site-packages/airflow/example_dags/example_short_circuit_decorator.py
[2023-07-23T00:00:04.912+0000] {logging_mixin.py:150} INFO - [2023-07-23T00:00:04.912+0000] {dag.py:2742} INFO - Sync 1 DAGs
[2023-07-23T00:00:04.952+0000] {logging_mixin.py:150} INFO - [2023-07-23T00:00:04.951+0000] {dag.py:3508} INFO - Setting next_dagrun for example_short_circuit_decorator to 2023-07-22T00:00:04.949331+00:00, run_after=2023-07-23T00:00:04.949331+00:00
[2023-07-23T00:00:05.070+0000] {processor.py:179} INFO - Processing /home/airflow/.local/lib/python3.7/site-packages/airflow/example_dags/example_short_circuit_decorator.py took 0.355 seconds
[2023-07-23T00:00:35.861+0000] {processor.py:157} INFO - Started process (PID=1480) to work on /home/airflow/.local/lib/python3.7/site-packages/airflow/example_dags/example_short_circuit_decorator.py
[2023-07-23T00:00:35.864+0000] {processor.py:826} INFO - Processing file /home/airflow/.local/lib/python3.7/site-packages/airflow/example_dags/example_short_circuit_decorator.py for tasks to queue
[2023-07-23T00:00:35.867+0000] {logging_mixin.py:150} INFO - [2023-07-23T00:00:35.866+0000] {dagbag.py:541} INFO - Filling up the DagBag from /home/airflow/.local/lib/python3.7/site-packages/airflow/example_dags/example_short_circuit_decorator.py
[2023-07-23T00:00:35.883+0000] {processor.py:836} INFO - DAG(s) dict_keys(['example_short_circuit_decorator']) retrieved from /home/airflow/.local/lib/python3.7/site-packages/airflow/example_dags/example_short_circuit_decorator.py
[2023-07-23T00:00:35.912+0000] {logging_mixin.py:150} INFO - [2023-07-23T00:00:35.912+0000] {dag.py:2742} INFO - Sync 1 DAGs
[2023-07-23T00:00:35.932+0000] {logging_mixin.py:150} INFO - [2023-07-23T00:00:35.932+0000] {dag.py:3508} INFO - Setting next_dagrun for example_short_circuit_decorator to 2023-07-22T00:00:35.932019+00:00, run_after=2023-07-23T00:00:35.932019+00:00
[2023-07-23T00:00:35.947+0000] {processor.py:179} INFO - Processing /home/airflow/.local/lib/python3.7/site-packages/airflow/example_dags/example_short_circuit_decorator.py took 0.094 seconds
[2023-07-23T00:01:06.521+0000] {processor.py:157} INFO - Started process (PID=1543) to work on /home/airflow/.local/lib/python3.7/site-packages/airflow/example_dags/example_short_circuit_decorator.py
[2023-07-23T00:01:06.522+0000] {processor.py:826} INFO - Processing file /home/airflow/.local/lib/python3.7/site-packages/airflow/example_dags/example_short_circuit_decorator.py for tasks to queue
[2023-07-23T00:01:06.524+0000] {logging_mixin.py:150} INFO - [2023-07-23T00:01:06.523+0000] {dagbag.py:541} INFO - Filling up the DagBag from /home/airflow/.local/lib/python3.7/site-packages/airflow/example_dags/example_short_circuit_decorator.py
[2023-07-23T00:01:06.536+0000] {processor.py:836} INFO - DAG(s) dict_keys(['example_short_circuit_decorator']) retrieved from /home/airflow/.local/lib/python3.7/site-packages/airflow/example_dags/example_short_circuit_decorator.py
[2023-07-23T00:01:06.559+0000] {logging_mixin.py:150} INFO - [2023-07-23T00:01:06.559+0000] {dag.py:2742} INFO - Sync 1 DAGs
[2023-07-23T00:01:06.575+0000] {logging_mixin.py:150} INFO - [2023-07-23T00:01:06.575+0000] {dag.py:3508} INFO - Setting next_dagrun for example_short_circuit_decorator to 2023-07-22T00:01:06.574837+00:00, run_after=2023-07-23T00:01:06.574837+00:00
[2023-07-23T00:01:06.585+0000] {processor.py:179} INFO - Processing /home/airflow/.local/lib/python3.7/site-packages/airflow/example_dags/example_short_circuit_decorator.py took 0.070 seconds
[2023-07-23T00:01:36.976+0000] {processor.py:157} INFO - Started process (PID=1606) to work on /home/airflow/.local/lib/python3.7/site-packages/airflow/example_dags/example_short_circuit_decorator.py
[2023-07-23T00:01:36.980+0000] {processor.py:826} INFO - Processing file /home/airflow/.local/lib/python3.7/site-packages/airflow/example_dags/example_short_circuit_decorator.py for tasks to queue
[2023-07-23T00:01:36.982+0000] {logging_mixin.py:150} INFO - [2023-07-23T00:01:36.981+0000] {dagbag.py:541} INFO - Filling up the DagBag from /home/airflow/.local/lib/python3.7/site-packages/airflow/example_dags/example_short_circuit_decorator.py
[2023-07-23T00:01:37.000+0000] {processor.py:836} INFO - DAG(s) dict_keys(['example_short_circuit_decorator']) retrieved from /home/airflow/.local/lib/python3.7/site-packages/airflow/example_dags/example_short_circuit_decorator.py
[2023-07-23T00:01:37.052+0000] {logging_mixin.py:150} INFO - [2023-07-23T00:01:37.051+0000] {dag.py:2742} INFO - Sync 1 DAGs
[2023-07-23T00:01:37.079+0000] {logging_mixin.py:150} INFO - [2023-07-23T00:01:37.079+0000] {dag.py:3508} INFO - Setting next_dagrun for example_short_circuit_decorator to 2023-07-22T00:01:37.078967+00:00, run_after=2023-07-23T00:01:37.078967+00:00
[2023-07-23T00:01:37.092+0000] {processor.py:179} INFO - Processing /home/airflow/.local/lib/python3.7/site-packages/airflow/example_dags/example_short_circuit_decorator.py took 0.127 seconds
[2023-07-23T00:02:07.555+0000] {processor.py:157} INFO - Started process (PID=1671) to work on /home/airflow/.local/lib/python3.7/site-packages/airflow/example_dags/example_short_circuit_decorator.py
[2023-07-23T00:02:07.558+0000] {processor.py:826} INFO - Processing file /home/airflow/.local/lib/python3.7/site-packages/airflow/example_dags/example_short_circuit_decorator.py for tasks to queue
[2023-07-23T00:02:07.560+0000] {logging_mixin.py:150} INFO - [2023-07-23T00:02:07.560+0000] {dagbag.py:541} INFO - Filling up the DagBag from /home/airflow/.local/lib/python3.7/site-packages/airflow/example_dags/example_short_circuit_decorator.py
[2023-07-23T00:02:07.575+0000] {processor.py:836} INFO - DAG(s) dict_keys(['example_short_circuit_decorator']) retrieved from /home/airflow/.local/lib/python3.7/site-packages/airflow/example_dags/example_short_circuit_decorator.py
[2023-07-23T00:02:07.609+0000] {logging_mixin.py:150} INFO - [2023-07-23T00:02:07.609+0000] {dag.py:2742} INFO - Sync 1 DAGs
[2023-07-23T00:02:07.630+0000] {logging_mixin.py:150} INFO - [2023-07-23T00:02:07.630+0000] {dag.py:3508} INFO - Setting next_dagrun for example_short_circuit_decorator to 2023-07-22T00:02:07.630484+00:00, run_after=2023-07-23T00:02:07.630484+00:00
[2023-07-23T00:02:07.645+0000] {processor.py:179} INFO - Processing /home/airflow/.local/lib/python3.7/site-packages/airflow/example_dags/example_short_circuit_decorator.py took 0.098 seconds
[2023-07-23T00:02:38.271+0000] {processor.py:157} INFO - Started process (PID=1737) to work on /home/airflow/.local/lib/python3.7/site-packages/airflow/example_dags/example_short_circuit_decorator.py
[2023-07-23T00:02:38.274+0000] {processor.py:826} INFO - Processing file /home/airflow/.local/lib/python3.7/site-packages/airflow/example_dags/example_short_circuit_decorator.py for tasks to queue
[2023-07-23T00:02:38.279+0000] {logging_mixin.py:150} INFO - [2023-07-23T00:02:38.276+0000] {dagbag.py:541} INFO - Filling up the DagBag from /home/airflow/.local/lib/python3.7/site-packages/airflow/example_dags/example_short_circuit_decorator.py
[2023-07-23T00:02:38.303+0000] {processor.py:836} INFO - DAG(s) dict_keys(['example_short_circuit_decorator']) retrieved from /home/airflow/.local/lib/python3.7/site-packages/airflow/example_dags/example_short_circuit_decorator.py
[2023-07-23T00:02:38.334+0000] {logging_mixin.py:150} INFO - [2023-07-23T00:02:38.334+0000] {dag.py:2742} INFO - Sync 1 DAGs
[2023-07-23T00:02:38.370+0000] {logging_mixin.py:150} INFO - [2023-07-23T00:02:38.370+0000] {dag.py:3508} INFO - Setting next_dagrun for example_short_circuit_decorator to 2023-07-22T00:02:38.370066+00:00, run_after=2023-07-23T00:02:38.370066+00:00
[2023-07-23T00:02:38.384+0000] {processor.py:179} INFO - Processing /home/airflow/.local/lib/python3.7/site-packages/airflow/example_dags/example_short_circuit_decorator.py took 0.123 seconds
[2023-07-23T00:03:08.731+0000] {processor.py:157} INFO - Started process (PID=1801) to work on /home/airflow/.local/lib/python3.7/site-packages/airflow/example_dags/example_short_circuit_decorator.py
[2023-07-23T00:03:08.735+0000] {processor.py:826} INFO - Processing file /home/airflow/.local/lib/python3.7/site-packages/airflow/example_dags/example_short_circuit_decorator.py for tasks to queue
[2023-07-23T00:03:08.737+0000] {logging_mixin.py:150} INFO - [2023-07-23T00:03:08.737+0000] {dagbag.py:541} INFO - Filling up the DagBag from /home/airflow/.local/lib/python3.7/site-packages/airflow/example_dags/example_short_circuit_decorator.py
[2023-07-23T00:03:08.757+0000] {processor.py:836} INFO - DAG(s) dict_keys(['example_short_circuit_decorator']) retrieved from /home/airflow/.local/lib/python3.7/site-packages/airflow/example_dags/example_short_circuit_decorator.py
[2023-07-23T00:03:08.817+0000] {logging_mixin.py:150} INFO - [2023-07-23T00:03:08.816+0000] {dag.py:2742} INFO - Sync 1 DAGs
[2023-07-23T00:03:08.872+0000] {logging_mixin.py:150} INFO - [2023-07-23T00:03:08.872+0000] {dag.py:3508} INFO - Setting next_dagrun for example_short_circuit_decorator to 2023-07-22T00:03:08.871722+00:00, run_after=2023-07-23T00:03:08.871722+00:00
[2023-07-23T00:03:08.910+0000] {processor.py:179} INFO - Processing /home/airflow/.local/lib/python3.7/site-packages/airflow/example_dags/example_short_circuit_decorator.py took 0.186 seconds
[2023-07-23T00:03:39.388+0000] {processor.py:157} INFO - Started process (PID=1864) to work on /home/airflow/.local/lib/python3.7/site-packages/airflow/example_dags/example_short_circuit_decorator.py
[2023-07-23T00:03:39.390+0000] {processor.py:826} INFO - Processing file /home/airflow/.local/lib/python3.7/site-packages/airflow/example_dags/example_short_circuit_decorator.py for tasks to queue
[2023-07-23T00:03:39.391+0000] {logging_mixin.py:150} INFO - [2023-07-23T00:03:39.391+0000] {dagbag.py:541} INFO - Filling up the DagBag from /home/airflow/.local/lib/python3.7/site-packages/airflow/example_dags/example_short_circuit_decorator.py
[2023-07-23T00:03:39.408+0000] {processor.py:836} INFO - DAG(s) dict_keys(['example_short_circuit_decorator']) retrieved from /home/airflow/.local/lib/python3.7/site-packages/airflow/example_dags/example_short_circuit_decorator.py
[2023-07-23T00:03:39.451+0000] {logging_mixin.py:150} INFO - [2023-07-23T00:03:39.451+0000] {dag.py:2742} INFO - Sync 1 DAGs
[2023-07-23T00:03:39.479+0000] {logging_mixin.py:150} INFO - [2023-07-23T00:03:39.479+0000] {dag.py:3508} INFO - Setting next_dagrun for example_short_circuit_decorator to 2023-07-22T00:03:39.478652+00:00, run_after=2023-07-23T00:03:39.478652+00:00
[2023-07-23T00:03:39.495+0000] {processor.py:179} INFO - Processing /home/airflow/.local/lib/python3.7/site-packages/airflow/example_dags/example_short_circuit_decorator.py took 0.112 seconds
[2023-07-23T00:04:09.993+0000] {processor.py:157} INFO - Started process (PID=1928) to work on /home/airflow/.local/lib/python3.7/site-packages/airflow/example_dags/example_short_circuit_decorator.py
[2023-07-23T00:04:09.996+0000] {processor.py:826} INFO - Processing file /home/airflow/.local/lib/python3.7/site-packages/airflow/example_dags/example_short_circuit_decorator.py for tasks to queue
[2023-07-23T00:04:09.998+0000] {logging_mixin.py:150} INFO - [2023-07-23T00:04:09.998+0000] {dagbag.py:541} INFO - Filling up the DagBag from /home/airflow/.local/lib/python3.7/site-packages/airflow/example_dags/example_short_circuit_decorator.py
[2023-07-23T00:04:10.016+0000] {processor.py:836} INFO - DAG(s) dict_keys(['example_short_circuit_decorator']) retrieved from /home/airflow/.local/lib/python3.7/site-packages/airflow/example_dags/example_short_circuit_decorator.py
[2023-07-23T00:04:10.047+0000] {logging_mixin.py:150} INFO - [2023-07-23T00:04:10.047+0000] {dag.py:2742} INFO - Sync 1 DAGs
[2023-07-23T00:04:10.067+0000] {logging_mixin.py:150} INFO - [2023-07-23T00:04:10.067+0000] {dag.py:3508} INFO - Setting next_dagrun for example_short_circuit_decorator to 2023-07-22T00:04:10.067251+00:00, run_after=2023-07-23T00:04:10.067251+00:00
[2023-07-23T00:04:10.080+0000] {processor.py:179} INFO - Processing /home/airflow/.local/lib/python3.7/site-packages/airflow/example_dags/example_short_circuit_decorator.py took 0.095 seconds
[2023-07-23T00:04:40.315+0000] {processor.py:157} INFO - Started process (PID=1991) to work on /home/airflow/.local/lib/python3.7/site-packages/airflow/example_dags/example_short_circuit_decorator.py
[2023-07-23T00:04:40.322+0000] {processor.py:826} INFO - Processing file /home/airflow/.local/lib/python3.7/site-packages/airflow/example_dags/example_short_circuit_decorator.py for tasks to queue
[2023-07-23T00:04:40.332+0000] {logging_mixin.py:150} INFO - [2023-07-23T00:04:40.332+0000] {dagbag.py:541} INFO - Filling up the DagBag from /home/airflow/.local/lib/python3.7/site-packages/airflow/example_dags/example_short_circuit_decorator.py
[2023-07-23T00:04:40.361+0000] {processor.py:836} INFO - DAG(s) dict_keys(['example_short_circuit_decorator']) retrieved from /home/airflow/.local/lib/python3.7/site-packages/airflow/example_dags/example_short_circuit_decorator.py
[2023-07-23T00:04:40.476+0000] {logging_mixin.py:150} INFO - [2023-07-23T00:04:40.476+0000] {dag.py:2742} INFO - Sync 1 DAGs
[2023-07-23T00:04:40.510+0000] {logging_mixin.py:150} INFO - [2023-07-23T00:04:40.510+0000] {dag.py:3508} INFO - Setting next_dagrun for example_short_circuit_decorator to 2023-07-22T00:04:40.509954+00:00, run_after=2023-07-23T00:04:40.509954+00:00
[2023-07-23T00:04:40.528+0000] {processor.py:179} INFO - Processing /home/airflow/.local/lib/python3.7/site-packages/airflow/example_dags/example_short_circuit_decorator.py took 0.224 seconds
[2023-07-23T00:05:10.765+0000] {processor.py:157} INFO - Started process (PID=2053) to work on /home/airflow/.local/lib/python3.7/site-packages/airflow/example_dags/example_short_circuit_decorator.py
[2023-07-23T00:05:10.768+0000] {processor.py:826} INFO - Processing file /home/airflow/.local/lib/python3.7/site-packages/airflow/example_dags/example_short_circuit_decorator.py for tasks to queue
[2023-07-23T00:05:10.769+0000] {logging_mixin.py:150} INFO - [2023-07-23T00:05:10.769+0000] {dagbag.py:541} INFO - Filling up the DagBag from /home/airflow/.local/lib/python3.7/site-packages/airflow/example_dags/example_short_circuit_decorator.py
[2023-07-23T00:05:10.781+0000] {processor.py:836} INFO - DAG(s) dict_keys(['example_short_circuit_decorator']) retrieved from /home/airflow/.local/lib/python3.7/site-packages/airflow/example_dags/example_short_circuit_decorator.py
[2023-07-23T00:05:10.803+0000] {logging_mixin.py:150} INFO - [2023-07-23T00:05:10.803+0000] {dag.py:2742} INFO - Sync 1 DAGs
[2023-07-23T00:05:10.823+0000] {logging_mixin.py:150} INFO - [2023-07-23T00:05:10.823+0000] {dag.py:3508} INFO - Setting next_dagrun for example_short_circuit_decorator to 2023-07-22T00:05:10.822911+00:00, run_after=2023-07-23T00:05:10.822911+00:00
[2023-07-23T00:05:10.839+0000] {processor.py:179} INFO - Processing /home/airflow/.local/lib/python3.7/site-packages/airflow/example_dags/example_short_circuit_decorator.py took 0.084 seconds
[2023-07-23T00:05:40.941+0000] {processor.py:157} INFO - Started process (PID=2111) to work on /home/airflow/.local/lib/python3.7/site-packages/airflow/example_dags/example_short_circuit_decorator.py
[2023-07-23T00:05:40.944+0000] {processor.py:826} INFO - Processing file /home/airflow/.local/lib/python3.7/site-packages/airflow/example_dags/example_short_circuit_decorator.py for tasks to queue
[2023-07-23T00:05:40.946+0000] {logging_mixin.py:150} INFO - [2023-07-23T00:05:40.945+0000] {dagbag.py:541} INFO - Filling up the DagBag from /home/airflow/.local/lib/python3.7/site-packages/airflow/example_dags/example_short_circuit_decorator.py
[2023-07-23T00:05:40.960+0000] {processor.py:836} INFO - DAG(s) dict_keys(['example_short_circuit_decorator']) retrieved from /home/airflow/.local/lib/python3.7/site-packages/airflow/example_dags/example_short_circuit_decorator.py
[2023-07-23T00:05:40.986+0000] {logging_mixin.py:150} INFO - [2023-07-23T00:05:40.985+0000] {dag.py:2742} INFO - Sync 1 DAGs
[2023-07-23T00:05:41.002+0000] {logging_mixin.py:150} INFO - [2023-07-23T00:05:41.001+0000] {dag.py:3508} INFO - Setting next_dagrun for example_short_circuit_decorator to 2023-07-22T00:05:41.001737+00:00, run_after=2023-07-23T00:05:41.001737+00:00
[2023-07-23T00:05:41.013+0000] {processor.py:179} INFO - Processing /home/airflow/.local/lib/python3.7/site-packages/airflow/example_dags/example_short_circuit_decorator.py took 0.079 seconds
[2023-07-23T00:06:11.940+0000] {processor.py:157} INFO - Started process (PID=2174) to work on /home/airflow/.local/lib/python3.7/site-packages/airflow/example_dags/example_short_circuit_decorator.py
[2023-07-23T00:06:11.943+0000] {processor.py:826} INFO - Processing file /home/airflow/.local/lib/python3.7/site-packages/airflow/example_dags/example_short_circuit_decorator.py for tasks to queue
[2023-07-23T00:06:11.945+0000] {logging_mixin.py:150} INFO - [2023-07-23T00:06:11.944+0000] {dagbag.py:541} INFO - Filling up the DagBag from /home/airflow/.local/lib/python3.7/site-packages/airflow/example_dags/example_short_circuit_decorator.py
[2023-07-23T00:06:11.956+0000] {processor.py:836} INFO - DAG(s) dict_keys(['example_short_circuit_decorator']) retrieved from /home/airflow/.local/lib/python3.7/site-packages/airflow/example_dags/example_short_circuit_decorator.py
[2023-07-23T00:06:11.982+0000] {logging_mixin.py:150} INFO - [2023-07-23T00:06:11.982+0000] {dag.py:2742} INFO - Sync 1 DAGs
[2023-07-23T00:06:12.002+0000] {logging_mixin.py:150} INFO - [2023-07-23T00:06:12.002+0000] {dag.py:3508} INFO - Setting next_dagrun for example_short_circuit_decorator to 2023-07-22T00:06:12.001868+00:00, run_after=2023-07-23T00:06:12.001868+00:00
[2023-07-23T00:06:12.019+0000] {processor.py:179} INFO - Processing /home/airflow/.local/lib/python3.7/site-packages/airflow/example_dags/example_short_circuit_decorator.py took 0.084 seconds
[2023-07-23T00:06:42.332+0000] {processor.py:157} INFO - Started process (PID=2237) to work on /home/airflow/.local/lib/python3.7/site-packages/airflow/example_dags/example_short_circuit_decorator.py
[2023-07-23T00:06:42.334+0000] {processor.py:826} INFO - Processing file /home/airflow/.local/lib/python3.7/site-packages/airflow/example_dags/example_short_circuit_decorator.py for tasks to queue
[2023-07-23T00:06:42.335+0000] {logging_mixin.py:150} INFO - [2023-07-23T00:06:42.334+0000] {dagbag.py:541} INFO - Filling up the DagBag from /home/airflow/.local/lib/python3.7/site-packages/airflow/example_dags/example_short_circuit_decorator.py
[2023-07-23T00:06:42.344+0000] {processor.py:836} INFO - DAG(s) dict_keys(['example_short_circuit_decorator']) retrieved from /home/airflow/.local/lib/python3.7/site-packages/airflow/example_dags/example_short_circuit_decorator.py
[2023-07-23T00:06:42.381+0000] {logging_mixin.py:150} INFO - [2023-07-23T00:06:42.381+0000] {dag.py:2742} INFO - Sync 1 DAGs
[2023-07-23T00:06:42.407+0000] {logging_mixin.py:150} INFO - [2023-07-23T00:06:42.407+0000] {dag.py:3508} INFO - Setting next_dagrun for example_short_circuit_decorator to 2023-07-22T00:06:42.407313+00:00, run_after=2023-07-23T00:06:42.407313+00:00
[2023-07-23T00:06:42.424+0000] {processor.py:179} INFO - Processing /home/airflow/.local/lib/python3.7/site-packages/airflow/example_dags/example_short_circuit_decorator.py took 0.095 seconds
[2023-07-23T00:07:12.702+0000] {processor.py:157} INFO - Started process (PID=2300) to work on /home/airflow/.local/lib/python3.7/site-packages/airflow/example_dags/example_short_circuit_decorator.py
[2023-07-23T00:07:12.708+0000] {processor.py:826} INFO - Processing file /home/airflow/.local/lib/python3.7/site-packages/airflow/example_dags/example_short_circuit_decorator.py for tasks to queue
[2023-07-23T00:07:12.713+0000] {logging_mixin.py:150} INFO - [2023-07-23T00:07:12.712+0000] {dagbag.py:541} INFO - Filling up the DagBag from /home/airflow/.local/lib/python3.7/site-packages/airflow/example_dags/example_short_circuit_decorator.py
[2023-07-23T00:07:12.729+0000] {processor.py:836} INFO - DAG(s) dict_keys(['example_short_circuit_decorator']) retrieved from /home/airflow/.local/lib/python3.7/site-packages/airflow/example_dags/example_short_circuit_decorator.py
[2023-07-23T00:07:12.775+0000] {logging_mixin.py:150} INFO - [2023-07-23T00:07:12.775+0000] {dag.py:2742} INFO - Sync 1 DAGs
[2023-07-23T00:07:12.857+0000] {logging_mixin.py:150} INFO - [2023-07-23T00:07:12.857+0000] {dag.py:3508} INFO - Setting next_dagrun for example_short_circuit_decorator to 2023-07-22T00:07:12.856771+00:00, run_after=2023-07-23T00:07:12.856771+00:00
[2023-07-23T00:07:12.908+0000] {processor.py:179} INFO - Processing /home/airflow/.local/lib/python3.7/site-packages/airflow/example_dags/example_short_circuit_decorator.py took 0.239 seconds
[2023-07-23T00:07:43.180+0000] {processor.py:157} INFO - Started process (PID=2364) to work on /home/airflow/.local/lib/python3.7/site-packages/airflow/example_dags/example_short_circuit_decorator.py
[2023-07-23T00:07:43.183+0000] {processor.py:826} INFO - Processing file /home/airflow/.local/lib/python3.7/site-packages/airflow/example_dags/example_short_circuit_decorator.py for tasks to queue
[2023-07-23T00:07:43.185+0000] {logging_mixin.py:150} INFO - [2023-07-23T00:07:43.184+0000] {dagbag.py:541} INFO - Filling up the DagBag from /home/airflow/.local/lib/python3.7/site-packages/airflow/example_dags/example_short_circuit_decorator.py
[2023-07-23T00:07:43.198+0000] {processor.py:836} INFO - DAG(s) dict_keys(['example_short_circuit_decorator']) retrieved from /home/airflow/.local/lib/python3.7/site-packages/airflow/example_dags/example_short_circuit_decorator.py
[2023-07-23T00:07:43.223+0000] {logging_mixin.py:150} INFO - [2023-07-23T00:07:43.222+0000] {dag.py:2742} INFO - Sync 1 DAGs
[2023-07-23T00:07:43.238+0000] {logging_mixin.py:150} INFO - [2023-07-23T00:07:43.238+0000] {dag.py:3508} INFO - Setting next_dagrun for example_short_circuit_decorator to 2023-07-22T00:07:43.238567+00:00, run_after=2023-07-23T00:07:43.238567+00:00
[2023-07-23T00:07:43.250+0000] {processor.py:179} INFO - Processing /home/airflow/.local/lib/python3.7/site-packages/airflow/example_dags/example_short_circuit_decorator.py took 0.077 seconds
[2023-07-23T00:08:13.581+0000] {processor.py:157} INFO - Started process (PID=2432) to work on /home/airflow/.local/lib/python3.7/site-packages/airflow/example_dags/example_short_circuit_decorator.py
[2023-07-23T00:08:13.582+0000] {processor.py:826} INFO - Processing file /home/airflow/.local/lib/python3.7/site-packages/airflow/example_dags/example_short_circuit_decorator.py for tasks to queue
[2023-07-23T00:08:13.584+0000] {logging_mixin.py:150} INFO - [2023-07-23T00:08:13.584+0000] {dagbag.py:541} INFO - Filling up the DagBag from /home/airflow/.local/lib/python3.7/site-packages/airflow/example_dags/example_short_circuit_decorator.py
[2023-07-23T00:08:13.594+0000] {processor.py:836} INFO - DAG(s) dict_keys(['example_short_circuit_decorator']) retrieved from /home/airflow/.local/lib/python3.7/site-packages/airflow/example_dags/example_short_circuit_decorator.py
[2023-07-23T00:08:13.617+0000] {logging_mixin.py:150} INFO - [2023-07-23T00:08:13.616+0000] {dag.py:2742} INFO - Sync 1 DAGs
[2023-07-23T00:08:13.632+0000] {logging_mixin.py:150} INFO - [2023-07-23T00:08:13.632+0000] {dag.py:3508} INFO - Setting next_dagrun for example_short_circuit_decorator to 2023-07-22T00:08:13.631923+00:00, run_after=2023-07-23T00:08:13.631923+00:00
[2023-07-23T00:08:13.643+0000] {processor.py:179} INFO - Processing /home/airflow/.local/lib/python3.7/site-packages/airflow/example_dags/example_short_circuit_decorator.py took 0.066 seconds
[2023-07-23T00:08:43.926+0000] {processor.py:157} INFO - Started process (PID=2495) to work on /home/airflow/.local/lib/python3.7/site-packages/airflow/example_dags/example_short_circuit_decorator.py
[2023-07-23T00:08:43.928+0000] {processor.py:826} INFO - Processing file /home/airflow/.local/lib/python3.7/site-packages/airflow/example_dags/example_short_circuit_decorator.py for tasks to queue
[2023-07-23T00:08:43.930+0000] {logging_mixin.py:150} INFO - [2023-07-23T00:08:43.930+0000] {dagbag.py:541} INFO - Filling up the DagBag from /home/airflow/.local/lib/python3.7/site-packages/airflow/example_dags/example_short_circuit_decorator.py
[2023-07-23T00:08:43.941+0000] {processor.py:836} INFO - DAG(s) dict_keys(['example_short_circuit_decorator']) retrieved from /home/airflow/.local/lib/python3.7/site-packages/airflow/example_dags/example_short_circuit_decorator.py
[2023-07-23T00:08:43.963+0000] {logging_mixin.py:150} INFO - [2023-07-23T00:08:43.962+0000] {dag.py:2742} INFO - Sync 1 DAGs
[2023-07-23T00:08:43.977+0000] {logging_mixin.py:150} INFO - [2023-07-23T00:08:43.977+0000] {dag.py:3508} INFO - Setting next_dagrun for example_short_circuit_decorator to 2023-07-22T00:08:43.977521+00:00, run_after=2023-07-23T00:08:43.977521+00:00
[2023-07-23T00:08:43.989+0000] {processor.py:179} INFO - Processing /home/airflow/.local/lib/python3.7/site-packages/airflow/example_dags/example_short_circuit_decorator.py took 0.068 seconds
[2023-07-23T00:09:14.742+0000] {processor.py:157} INFO - Started process (PID=2558) to work on /home/airflow/.local/lib/python3.7/site-packages/airflow/example_dags/example_short_circuit_decorator.py
[2023-07-23T00:09:14.744+0000] {processor.py:826} INFO - Processing file /home/airflow/.local/lib/python3.7/site-packages/airflow/example_dags/example_short_circuit_decorator.py for tasks to queue
[2023-07-23T00:09:14.745+0000] {logging_mixin.py:150} INFO - [2023-07-23T00:09:14.745+0000] {dagbag.py:541} INFO - Filling up the DagBag from /home/airflow/.local/lib/python3.7/site-packages/airflow/example_dags/example_short_circuit_decorator.py
[2023-07-23T00:09:14.756+0000] {processor.py:836} INFO - DAG(s) dict_keys(['example_short_circuit_decorator']) retrieved from /home/airflow/.local/lib/python3.7/site-packages/airflow/example_dags/example_short_circuit_decorator.py
[2023-07-23T00:09:14.779+0000] {logging_mixin.py:150} INFO - [2023-07-23T00:09:14.779+0000] {dag.py:2742} INFO - Sync 1 DAGs
[2023-07-23T00:09:14.799+0000] {logging_mixin.py:150} INFO - [2023-07-23T00:09:14.799+0000] {dag.py:3508} INFO - Setting next_dagrun for example_short_circuit_decorator to 2023-07-22T00:09:14.799445+00:00, run_after=2023-07-23T00:09:14.799445+00:00
[2023-07-23T00:09:14.812+0000] {processor.py:179} INFO - Processing /home/airflow/.local/lib/python3.7/site-packages/airflow/example_dags/example_short_circuit_decorator.py took 0.075 seconds
[2023-07-23T00:09:45.028+0000] {processor.py:157} INFO - Started process (PID=2622) to work on /home/airflow/.local/lib/python3.7/site-packages/airflow/example_dags/example_short_circuit_decorator.py
[2023-07-23T00:09:45.031+0000] {processor.py:826} INFO - Processing file /home/airflow/.local/lib/python3.7/site-packages/airflow/example_dags/example_short_circuit_decorator.py for tasks to queue
[2023-07-23T00:09:45.032+0000] {logging_mixin.py:150} INFO - [2023-07-23T00:09:45.032+0000] {dagbag.py:541} INFO - Filling up the DagBag from /home/airflow/.local/lib/python3.7/site-packages/airflow/example_dags/example_short_circuit_decorator.py
[2023-07-23T00:09:45.046+0000] {processor.py:836} INFO - DAG(s) dict_keys(['example_short_circuit_decorator']) retrieved from /home/airflow/.local/lib/python3.7/site-packages/airflow/example_dags/example_short_circuit_decorator.py
[2023-07-23T00:09:45.077+0000] {logging_mixin.py:150} INFO - [2023-07-23T00:09:45.077+0000] {dag.py:2742} INFO - Sync 1 DAGs
[2023-07-23T00:09:45.095+0000] {logging_mixin.py:150} INFO - [2023-07-23T00:09:45.095+0000] {dag.py:3508} INFO - Setting next_dagrun for example_short_circuit_decorator to 2023-07-22T00:09:45.095299+00:00, run_after=2023-07-23T00:09:45.095299+00:00
[2023-07-23T00:09:45.107+0000] {processor.py:179} INFO - Processing /home/airflow/.local/lib/python3.7/site-packages/airflow/example_dags/example_short_circuit_decorator.py took 0.084 seconds
[2023-07-23T00:10:15.225+0000] {processor.py:157} INFO - Started process (PID=2685) to work on /home/airflow/.local/lib/python3.7/site-packages/airflow/example_dags/example_short_circuit_decorator.py
[2023-07-23T00:10:15.228+0000] {processor.py:826} INFO - Processing file /home/airflow/.local/lib/python3.7/site-packages/airflow/example_dags/example_short_circuit_decorator.py for tasks to queue
[2023-07-23T00:10:15.229+0000] {logging_mixin.py:150} INFO - [2023-07-23T00:10:15.229+0000] {dagbag.py:541} INFO - Filling up the DagBag from /home/airflow/.local/lib/python3.7/site-packages/airflow/example_dags/example_short_circuit_decorator.py
[2023-07-23T00:10:15.241+0000] {processor.py:836} INFO - DAG(s) dict_keys(['example_short_circuit_decorator']) retrieved from /home/airflow/.local/lib/python3.7/site-packages/airflow/example_dags/example_short_circuit_decorator.py
[2023-07-23T00:10:15.266+0000] {logging_mixin.py:150} INFO - [2023-07-23T00:10:15.266+0000] {dag.py:2742} INFO - Sync 1 DAGs
[2023-07-23T00:10:15.281+0000] {logging_mixin.py:150} INFO - [2023-07-23T00:10:15.281+0000] {dag.py:3508} INFO - Setting next_dagrun for example_short_circuit_decorator to 2023-07-22T00:10:15.281234+00:00, run_after=2023-07-23T00:10:15.281234+00:00
[2023-07-23T00:10:15.291+0000] {processor.py:179} INFO - Processing /home/airflow/.local/lib/python3.7/site-packages/airflow/example_dags/example_short_circuit_decorator.py took 0.072 seconds
[2023-07-23T00:10:45.455+0000] {processor.py:157} INFO - Started process (PID=2748) to work on /home/airflow/.local/lib/python3.7/site-packages/airflow/example_dags/example_short_circuit_decorator.py
[2023-07-23T00:10:45.457+0000] {processor.py:826} INFO - Processing file /home/airflow/.local/lib/python3.7/site-packages/airflow/example_dags/example_short_circuit_decorator.py for tasks to queue
[2023-07-23T00:10:45.459+0000] {logging_mixin.py:150} INFO - [2023-07-23T00:10:45.458+0000] {dagbag.py:541} INFO - Filling up the DagBag from /home/airflow/.local/lib/python3.7/site-packages/airflow/example_dags/example_short_circuit_decorator.py
[2023-07-23T00:10:45.478+0000] {processor.py:836} INFO - DAG(s) dict_keys(['example_short_circuit_decorator']) retrieved from /home/airflow/.local/lib/python3.7/site-packages/airflow/example_dags/example_short_circuit_decorator.py
[2023-07-23T00:10:45.515+0000] {logging_mixin.py:150} INFO - [2023-07-23T00:10:45.515+0000] {dag.py:2742} INFO - Sync 1 DAGs
[2023-07-23T00:10:45.536+0000] {logging_mixin.py:150} INFO - [2023-07-23T00:10:45.536+0000] {dag.py:3508} INFO - Setting next_dagrun for example_short_circuit_decorator to 2023-07-22T00:10:45.536553+00:00, run_after=2023-07-23T00:10:45.536553+00:00
[2023-07-23T00:10:45.550+0000] {processor.py:179} INFO - Processing /home/airflow/.local/lib/python3.7/site-packages/airflow/example_dags/example_short_circuit_decorator.py took 0.100 seconds
[2023-07-23T00:11:15.892+0000] {processor.py:157} INFO - Started process (PID=2811) to work on /home/airflow/.local/lib/python3.7/site-packages/airflow/example_dags/example_short_circuit_decorator.py
[2023-07-23T00:11:15.898+0000] {processor.py:826} INFO - Processing file /home/airflow/.local/lib/python3.7/site-packages/airflow/example_dags/example_short_circuit_decorator.py for tasks to queue
[2023-07-23T00:11:15.912+0000] {logging_mixin.py:150} INFO - [2023-07-23T00:11:15.910+0000] {dagbag.py:541} INFO - Filling up the DagBag from /home/airflow/.local/lib/python3.7/site-packages/airflow/example_dags/example_short_circuit_decorator.py
[2023-07-23T00:11:15.941+0000] {processor.py:836} INFO - DAG(s) dict_keys(['example_short_circuit_decorator']) retrieved from /home/airflow/.local/lib/python3.7/site-packages/airflow/example_dags/example_short_circuit_decorator.py
[2023-07-23T00:11:15.988+0000] {logging_mixin.py:150} INFO - [2023-07-23T00:11:15.987+0000] {dag.py:2742} INFO - Sync 1 DAGs
[2023-07-23T00:11:16.012+0000] {logging_mixin.py:150} INFO - [2023-07-23T00:11:16.012+0000] {dag.py:3508} INFO - Setting next_dagrun for example_short_circuit_decorator to 2023-07-22T00:11:16.011826+00:00, run_after=2023-07-23T00:11:16.011826+00:00
[2023-07-23T00:11:16.027+0000] {processor.py:179} INFO - Processing /home/airflow/.local/lib/python3.7/site-packages/airflow/example_dags/example_short_circuit_decorator.py took 0.146 seconds
[2023-07-23T00:11:46.320+0000] {processor.py:157} INFO - Started process (PID=2873) to work on /home/airflow/.local/lib/python3.7/site-packages/airflow/example_dags/example_short_circuit_decorator.py
[2023-07-23T00:11:46.323+0000] {processor.py:826} INFO - Processing file /home/airflow/.local/lib/python3.7/site-packages/airflow/example_dags/example_short_circuit_decorator.py for tasks to queue
[2023-07-23T00:11:46.324+0000] {logging_mixin.py:150} INFO - [2023-07-23T00:11:46.324+0000] {dagbag.py:541} INFO - Filling up the DagBag from /home/airflow/.local/lib/python3.7/site-packages/airflow/example_dags/example_short_circuit_decorator.py
[2023-07-23T00:11:46.336+0000] {processor.py:836} INFO - DAG(s) dict_keys(['example_short_circuit_decorator']) retrieved from /home/airflow/.local/lib/python3.7/site-packages/airflow/example_dags/example_short_circuit_decorator.py
[2023-07-23T00:11:46.360+0000] {logging_mixin.py:150} INFO - [2023-07-23T00:11:46.360+0000] {dag.py:2742} INFO - Sync 1 DAGs
[2023-07-23T00:11:46.375+0000] {logging_mixin.py:150} INFO - [2023-07-23T00:11:46.375+0000] {dag.py:3508} INFO - Setting next_dagrun for example_short_circuit_decorator to 2023-07-22T00:11:46.375552+00:00, run_after=2023-07-23T00:11:46.375552+00:00
[2023-07-23T00:11:46.387+0000] {processor.py:179} INFO - Processing /home/airflow/.local/lib/python3.7/site-packages/airflow/example_dags/example_short_circuit_decorator.py took 0.072 seconds
[2023-07-23T00:12:16.635+0000] {processor.py:157} INFO - Started process (PID=2937) to work on /home/airflow/.local/lib/python3.7/site-packages/airflow/example_dags/example_short_circuit_decorator.py
[2023-07-23T00:12:16.636+0000] {processor.py:826} INFO - Processing file /home/airflow/.local/lib/python3.7/site-packages/airflow/example_dags/example_short_circuit_decorator.py for tasks to queue
[2023-07-23T00:12:16.637+0000] {logging_mixin.py:150} INFO - [2023-07-23T00:12:16.637+0000] {dagbag.py:541} INFO - Filling up the DagBag from /home/airflow/.local/lib/python3.7/site-packages/airflow/example_dags/example_short_circuit_decorator.py
[2023-07-23T00:12:16.645+0000] {processor.py:836} INFO - DAG(s) dict_keys(['example_short_circuit_decorator']) retrieved from /home/airflow/.local/lib/python3.7/site-packages/airflow/example_dags/example_short_circuit_decorator.py
[2023-07-23T00:12:16.673+0000] {logging_mixin.py:150} INFO - [2023-07-23T00:12:16.673+0000] {dag.py:2742} INFO - Sync 1 DAGs
[2023-07-23T00:12:16.690+0000] {logging_mixin.py:150} INFO - [2023-07-23T00:12:16.690+0000] {dag.py:3508} INFO - Setting next_dagrun for example_short_circuit_decorator to 2023-07-22T00:12:16.689917+00:00, run_after=2023-07-23T00:12:16.689917+00:00
[2023-07-23T00:12:16.700+0000] {processor.py:179} INFO - Processing /home/airflow/.local/lib/python3.7/site-packages/airflow/example_dags/example_short_circuit_decorator.py took 0.068 seconds
[2023-07-23T00:12:47.179+0000] {processor.py:157} INFO - Started process (PID=3001) to work on /home/airflow/.local/lib/python3.7/site-packages/airflow/example_dags/example_short_circuit_decorator.py
[2023-07-23T00:12:47.180+0000] {processor.py:826} INFO - Processing file /home/airflow/.local/lib/python3.7/site-packages/airflow/example_dags/example_short_circuit_decorator.py for tasks to queue
[2023-07-23T00:12:47.181+0000] {logging_mixin.py:150} INFO - [2023-07-23T00:12:47.181+0000] {dagbag.py:541} INFO - Filling up the DagBag from /home/airflow/.local/lib/python3.7/site-packages/airflow/example_dags/example_short_circuit_decorator.py
[2023-07-23T00:12:47.190+0000] {processor.py:836} INFO - DAG(s) dict_keys(['example_short_circuit_decorator']) retrieved from /home/airflow/.local/lib/python3.7/site-packages/airflow/example_dags/example_short_circuit_decorator.py
[2023-07-23T00:12:47.211+0000] {logging_mixin.py:150} INFO - [2023-07-23T00:12:47.211+0000] {dag.py:2742} INFO - Sync 1 DAGs
[2023-07-23T00:12:47.233+0000] {logging_mixin.py:150} INFO - [2023-07-23T00:12:47.233+0000] {dag.py:3508} INFO - Setting next_dagrun for example_short_circuit_decorator to 2023-07-22T00:12:47.232661+00:00, run_after=2023-07-23T00:12:47.232661+00:00
[2023-07-23T00:12:47.255+0000] {processor.py:179} INFO - Processing /home/airflow/.local/lib/python3.7/site-packages/airflow/example_dags/example_short_circuit_decorator.py took 0.081 seconds
[2023-07-23T00:13:18.116+0000] {processor.py:157} INFO - Started process (PID=3064) to work on /home/airflow/.local/lib/python3.7/site-packages/airflow/example_dags/example_short_circuit_decorator.py
[2023-07-23T00:13:18.118+0000] {processor.py:826} INFO - Processing file /home/airflow/.local/lib/python3.7/site-packages/airflow/example_dags/example_short_circuit_decorator.py for tasks to queue
[2023-07-23T00:13:18.119+0000] {logging_mixin.py:150} INFO - [2023-07-23T00:13:18.119+0000] {dagbag.py:541} INFO - Filling up the DagBag from /home/airflow/.local/lib/python3.7/site-packages/airflow/example_dags/example_short_circuit_decorator.py
[2023-07-23T00:13:18.129+0000] {processor.py:836} INFO - DAG(s) dict_keys(['example_short_circuit_decorator']) retrieved from /home/airflow/.local/lib/python3.7/site-packages/airflow/example_dags/example_short_circuit_decorator.py
[2023-07-23T00:13:18.156+0000] {logging_mixin.py:150} INFO - [2023-07-23T00:13:18.156+0000] {dag.py:2742} INFO - Sync 1 DAGs
[2023-07-23T00:13:18.181+0000] {logging_mixin.py:150} INFO - [2023-07-23T00:13:18.181+0000] {dag.py:3508} INFO - Setting next_dagrun for example_short_circuit_decorator to 2023-07-22T00:13:18.180719+00:00, run_after=2023-07-23T00:13:18.180719+00:00
[2023-07-23T00:13:18.206+0000] {processor.py:179} INFO - Processing /home/airflow/.local/lib/python3.7/site-packages/airflow/example_dags/example_short_circuit_decorator.py took 0.094 seconds
[2023-07-23T00:13:48.293+0000] {processor.py:157} INFO - Started process (PID=3127) to work on /home/airflow/.local/lib/python3.7/site-packages/airflow/example_dags/example_short_circuit_decorator.py
[2023-07-23T00:13:48.294+0000] {processor.py:826} INFO - Processing file /home/airflow/.local/lib/python3.7/site-packages/airflow/example_dags/example_short_circuit_decorator.py for tasks to queue
[2023-07-23T00:13:48.295+0000] {logging_mixin.py:150} INFO - [2023-07-23T00:13:48.295+0000] {dagbag.py:541} INFO - Filling up the DagBag from /home/airflow/.local/lib/python3.7/site-packages/airflow/example_dags/example_short_circuit_decorator.py
[2023-07-23T00:13:48.304+0000] {processor.py:836} INFO - DAG(s) dict_keys(['example_short_circuit_decorator']) retrieved from /home/airflow/.local/lib/python3.7/site-packages/airflow/example_dags/example_short_circuit_decorator.py
[2023-07-23T00:13:48.325+0000] {logging_mixin.py:150} INFO - [2023-07-23T00:13:48.325+0000] {dag.py:2742} INFO - Sync 1 DAGs
[2023-07-23T00:13:48.343+0000] {logging_mixin.py:150} INFO - [2023-07-23T00:13:48.343+0000] {dag.py:3508} INFO - Setting next_dagrun for example_short_circuit_decorator to 2023-07-22T00:13:48.342826+00:00, run_after=2023-07-23T00:13:48.342826+00:00
[2023-07-23T00:13:48.355+0000] {processor.py:179} INFO - Processing /home/airflow/.local/lib/python3.7/site-packages/airflow/example_dags/example_short_circuit_decorator.py took 0.065 seconds
[2023-07-23T00:14:18.587+0000] {processor.py:157} INFO - Started process (PID=3191) to work on /home/airflow/.local/lib/python3.7/site-packages/airflow/example_dags/example_short_circuit_decorator.py
[2023-07-23T00:14:18.589+0000] {processor.py:826} INFO - Processing file /home/airflow/.local/lib/python3.7/site-packages/airflow/example_dags/example_short_circuit_decorator.py for tasks to queue
[2023-07-23T00:14:18.591+0000] {logging_mixin.py:150} INFO - [2023-07-23T00:14:18.591+0000] {dagbag.py:541} INFO - Filling up the DagBag from /home/airflow/.local/lib/python3.7/site-packages/airflow/example_dags/example_short_circuit_decorator.py
[2023-07-23T00:14:18.609+0000] {processor.py:836} INFO - DAG(s) dict_keys(['example_short_circuit_decorator']) retrieved from /home/airflow/.local/lib/python3.7/site-packages/airflow/example_dags/example_short_circuit_decorator.py
[2023-07-23T00:14:18.639+0000] {logging_mixin.py:150} INFO - [2023-07-23T00:14:18.639+0000] {dag.py:2742} INFO - Sync 1 DAGs
[2023-07-23T00:14:18.664+0000] {logging_mixin.py:150} INFO - [2023-07-23T00:14:18.664+0000] {dag.py:3508} INFO - Setting next_dagrun for example_short_circuit_decorator to 2023-07-22T00:14:18.663990+00:00, run_after=2023-07-23T00:14:18.663990+00:00
[2023-07-23T00:14:18.681+0000] {processor.py:179} INFO - Processing /home/airflow/.local/lib/python3.7/site-packages/airflow/example_dags/example_short_circuit_decorator.py took 0.102 seconds
[2023-07-23T00:14:48.953+0000] {processor.py:157} INFO - Started process (PID=3254) to work on /home/airflow/.local/lib/python3.7/site-packages/airflow/example_dags/example_short_circuit_decorator.py
[2023-07-23T00:14:48.955+0000] {processor.py:826} INFO - Processing file /home/airflow/.local/lib/python3.7/site-packages/airflow/example_dags/example_short_circuit_decorator.py for tasks to queue
[2023-07-23T00:14:48.956+0000] {logging_mixin.py:150} INFO - [2023-07-23T00:14:48.956+0000] {dagbag.py:541} INFO - Filling up the DagBag from /home/airflow/.local/lib/python3.7/site-packages/airflow/example_dags/example_short_circuit_decorator.py
[2023-07-23T00:14:48.966+0000] {processor.py:836} INFO - DAG(s) dict_keys(['example_short_circuit_decorator']) retrieved from /home/airflow/.local/lib/python3.7/site-packages/airflow/example_dags/example_short_circuit_decorator.py
[2023-07-23T00:14:48.997+0000] {logging_mixin.py:150} INFO - [2023-07-23T00:14:48.997+0000] {dag.py:2742} INFO - Sync 1 DAGs
[2023-07-23T00:14:49.014+0000] {logging_mixin.py:150} INFO - [2023-07-23T00:14:49.014+0000] {dag.py:3508} INFO - Setting next_dagrun for example_short_circuit_decorator to 2023-07-22T00:14:49.013905+00:00, run_after=2023-07-23T00:14:49.013905+00:00
[2023-07-23T00:14:49.031+0000] {processor.py:179} INFO - Processing /home/airflow/.local/lib/python3.7/site-packages/airflow/example_dags/example_short_circuit_decorator.py took 0.081 seconds
[2023-07-23T00:15:20.332+0000] {processor.py:157} INFO - Started process (PID=3317) to work on /home/airflow/.local/lib/python3.7/site-packages/airflow/example_dags/example_short_circuit_decorator.py
[2023-07-23T00:15:20.333+0000] {processor.py:826} INFO - Processing file /home/airflow/.local/lib/python3.7/site-packages/airflow/example_dags/example_short_circuit_decorator.py for tasks to queue
[2023-07-23T00:15:20.334+0000] {logging_mixin.py:150} INFO - [2023-07-23T00:15:20.334+0000] {dagbag.py:541} INFO - Filling up the DagBag from /home/airflow/.local/lib/python3.7/site-packages/airflow/example_dags/example_short_circuit_decorator.py
[2023-07-23T00:15:20.342+0000] {processor.py:836} INFO - DAG(s) dict_keys(['example_short_circuit_decorator']) retrieved from /home/airflow/.local/lib/python3.7/site-packages/airflow/example_dags/example_short_circuit_decorator.py
[2023-07-23T00:15:20.362+0000] {logging_mixin.py:150} INFO - [2023-07-23T00:15:20.362+0000] {dag.py:2742} INFO - Sync 1 DAGs
[2023-07-23T00:15:20.381+0000] {logging_mixin.py:150} INFO - [2023-07-23T00:15:20.380+0000] {dag.py:3508} INFO - Setting next_dagrun for example_short_circuit_decorator to 2023-07-22T00:15:20.380623+00:00, run_after=2023-07-23T00:15:20.380623+00:00
[2023-07-23T00:15:20.400+0000] {processor.py:179} INFO - Processing /home/airflow/.local/lib/python3.7/site-packages/airflow/example_dags/example_short_circuit_decorator.py took 0.071 seconds
[2023-07-23T00:15:51.465+0000] {processor.py:157} INFO - Started process (PID=3380) to work on /home/airflow/.local/lib/python3.7/site-packages/airflow/example_dags/example_short_circuit_decorator.py
[2023-07-23T00:15:51.466+0000] {processor.py:826} INFO - Processing file /home/airflow/.local/lib/python3.7/site-packages/airflow/example_dags/example_short_circuit_decorator.py for tasks to queue
[2023-07-23T00:15:51.468+0000] {logging_mixin.py:150} INFO - [2023-07-23T00:15:51.467+0000] {dagbag.py:541} INFO - Filling up the DagBag from /home/airflow/.local/lib/python3.7/site-packages/airflow/example_dags/example_short_circuit_decorator.py
[2023-07-23T00:15:51.475+0000] {processor.py:836} INFO - DAG(s) dict_keys(['example_short_circuit_decorator']) retrieved from /home/airflow/.local/lib/python3.7/site-packages/airflow/example_dags/example_short_circuit_decorator.py
[2023-07-23T00:15:51.497+0000] {logging_mixin.py:150} INFO - [2023-07-23T00:15:51.497+0000] {dag.py:2742} INFO - Sync 1 DAGs
[2023-07-23T00:15:51.513+0000] {logging_mixin.py:150} INFO - [2023-07-23T00:15:51.513+0000] {dag.py:3508} INFO - Setting next_dagrun for example_short_circuit_decorator to 2023-07-22T00:15:51.513303+00:00, run_after=2023-07-23T00:15:51.513303+00:00
[2023-07-23T00:15:51.525+0000] {processor.py:179} INFO - Processing /home/airflow/.local/lib/python3.7/site-packages/airflow/example_dags/example_short_circuit_decorator.py took 0.063 seconds
[2023-07-23T00:16:23.019+0000] {processor.py:157} INFO - Started process (PID=3444) to work on /home/airflow/.local/lib/python3.7/site-packages/airflow/example_dags/example_short_circuit_decorator.py
[2023-07-23T00:16:23.024+0000] {processor.py:826} INFO - Processing file /home/airflow/.local/lib/python3.7/site-packages/airflow/example_dags/example_short_circuit_decorator.py for tasks to queue
[2023-07-23T00:16:23.026+0000] {logging_mixin.py:150} INFO - [2023-07-23T00:16:23.026+0000] {dagbag.py:541} INFO - Filling up the DagBag from /home/airflow/.local/lib/python3.7/site-packages/airflow/example_dags/example_short_circuit_decorator.py
[2023-07-23T00:16:23.045+0000] {processor.py:836} INFO - DAG(s) dict_keys(['example_short_circuit_decorator']) retrieved from /home/airflow/.local/lib/python3.7/site-packages/airflow/example_dags/example_short_circuit_decorator.py
[2023-07-23T00:16:23.093+0000] {logging_mixin.py:150} INFO - [2023-07-23T00:16:23.093+0000] {dag.py:2742} INFO - Sync 1 DAGs
[2023-07-23T00:16:23.152+0000] {logging_mixin.py:150} INFO - [2023-07-23T00:16:23.152+0000] {dag.py:3508} INFO - Setting next_dagrun for example_short_circuit_decorator to 2023-07-22T00:16:23.151900+00:00, run_after=2023-07-23T00:16:23.151900+00:00
[2023-07-23T00:16:23.190+0000] {processor.py:179} INFO - Processing /home/airflow/.local/lib/python3.7/site-packages/airflow/example_dags/example_short_circuit_decorator.py took 0.184 seconds
[2023-07-23T00:16:54.275+0000] {processor.py:157} INFO - Started process (PID=3508) to work on /home/airflow/.local/lib/python3.7/site-packages/airflow/example_dags/example_short_circuit_decorator.py
[2023-07-23T00:16:54.277+0000] {processor.py:826} INFO - Processing file /home/airflow/.local/lib/python3.7/site-packages/airflow/example_dags/example_short_circuit_decorator.py for tasks to queue
[2023-07-23T00:16:54.278+0000] {logging_mixin.py:150} INFO - [2023-07-23T00:16:54.278+0000] {dagbag.py:541} INFO - Filling up the DagBag from /home/airflow/.local/lib/python3.7/site-packages/airflow/example_dags/example_short_circuit_decorator.py
[2023-07-23T00:16:54.291+0000] {processor.py:836} INFO - DAG(s) dict_keys(['example_short_circuit_decorator']) retrieved from /home/airflow/.local/lib/python3.7/site-packages/airflow/example_dags/example_short_circuit_decorator.py
[2023-07-23T00:16:54.344+0000] {logging_mixin.py:150} INFO - [2023-07-23T00:16:54.344+0000] {dag.py:2742} INFO - Sync 1 DAGs
[2023-07-23T00:16:54.377+0000] {logging_mixin.py:150} INFO - [2023-07-23T00:16:54.376+0000] {dag.py:3508} INFO - Setting next_dagrun for example_short_circuit_decorator to 2023-07-22T00:16:54.376479+00:00, run_after=2023-07-23T00:16:54.376479+00:00
[2023-07-23T00:16:54.400+0000] {processor.py:179} INFO - Processing /home/airflow/.local/lib/python3.7/site-packages/airflow/example_dags/example_short_circuit_decorator.py took 0.130 seconds
[2023-07-23T00:17:24.496+0000] {processor.py:157} INFO - Started process (PID=3567) to work on /home/airflow/.local/lib/python3.7/site-packages/airflow/example_dags/example_short_circuit_decorator.py
[2023-07-23T00:17:24.499+0000] {processor.py:826} INFO - Processing file /home/airflow/.local/lib/python3.7/site-packages/airflow/example_dags/example_short_circuit_decorator.py for tasks to queue
[2023-07-23T00:17:24.501+0000] {logging_mixin.py:150} INFO - [2023-07-23T00:17:24.500+0000] {dagbag.py:541} INFO - Filling up the DagBag from /home/airflow/.local/lib/python3.7/site-packages/airflow/example_dags/example_short_circuit_decorator.py
[2023-07-23T00:17:24.542+0000] {processor.py:836} INFO - DAG(s) dict_keys(['example_short_circuit_decorator']) retrieved from /home/airflow/.local/lib/python3.7/site-packages/airflow/example_dags/example_short_circuit_decorator.py
[2023-07-23T00:17:24.609+0000] {logging_mixin.py:150} INFO - [2023-07-23T00:17:24.609+0000] {dag.py:2742} INFO - Sync 1 DAGs
[2023-07-23T00:17:24.637+0000] {logging_mixin.py:150} INFO - [2023-07-23T00:17:24.637+0000] {dag.py:3508} INFO - Setting next_dagrun for example_short_circuit_decorator to 2023-07-22T00:17:24.636957+00:00, run_after=2023-07-23T00:17:24.636957+00:00
[2023-07-23T00:17:24.660+0000] {processor.py:179} INFO - Processing /home/airflow/.local/lib/python3.7/site-packages/airflow/example_dags/example_short_circuit_decorator.py took 0.167 seconds
[2023-07-23T00:17:54.803+0000] {processor.py:157} INFO - Started process (PID=3630) to work on /home/airflow/.local/lib/python3.7/site-packages/airflow/example_dags/example_short_circuit_decorator.py
[2023-07-23T00:17:54.804+0000] {processor.py:826} INFO - Processing file /home/airflow/.local/lib/python3.7/site-packages/airflow/example_dags/example_short_circuit_decorator.py for tasks to queue
[2023-07-23T00:17:54.805+0000] {logging_mixin.py:150} INFO - [2023-07-23T00:17:54.805+0000] {dagbag.py:541} INFO - Filling up the DagBag from /home/airflow/.local/lib/python3.7/site-packages/airflow/example_dags/example_short_circuit_decorator.py
[2023-07-23T00:17:54.812+0000] {processor.py:836} INFO - DAG(s) dict_keys(['example_short_circuit_decorator']) retrieved from /home/airflow/.local/lib/python3.7/site-packages/airflow/example_dags/example_short_circuit_decorator.py
[2023-07-23T00:17:54.829+0000] {logging_mixin.py:150} INFO - [2023-07-23T00:17:54.829+0000] {dag.py:2742} INFO - Sync 1 DAGs
[2023-07-23T00:17:54.843+0000] {logging_mixin.py:150} INFO - [2023-07-23T00:17:54.843+0000] {dag.py:3508} INFO - Setting next_dagrun for example_short_circuit_decorator to 2023-07-22T00:17:54.843658+00:00, run_after=2023-07-23T00:17:54.843658+00:00
[2023-07-23T00:17:54.854+0000] {processor.py:179} INFO - Processing /home/airflow/.local/lib/python3.7/site-packages/airflow/example_dags/example_short_circuit_decorator.py took 0.053 seconds
[2023-07-23T00:18:25.483+0000] {processor.py:157} INFO - Started process (PID=3693) to work on /home/airflow/.local/lib/python3.7/site-packages/airflow/example_dags/example_short_circuit_decorator.py
[2023-07-23T00:18:25.484+0000] {processor.py:826} INFO - Processing file /home/airflow/.local/lib/python3.7/site-packages/airflow/example_dags/example_short_circuit_decorator.py for tasks to queue
[2023-07-23T00:18:25.485+0000] {logging_mixin.py:150} INFO - [2023-07-23T00:18:25.484+0000] {dagbag.py:541} INFO - Filling up the DagBag from /home/airflow/.local/lib/python3.7/site-packages/airflow/example_dags/example_short_circuit_decorator.py
[2023-07-23T00:18:25.492+0000] {processor.py:836} INFO - DAG(s) dict_keys(['example_short_circuit_decorator']) retrieved from /home/airflow/.local/lib/python3.7/site-packages/airflow/example_dags/example_short_circuit_decorator.py
[2023-07-23T00:18:25.512+0000] {logging_mixin.py:150} INFO - [2023-07-23T00:18:25.511+0000] {dag.py:2742} INFO - Sync 1 DAGs
[2023-07-23T00:18:25.528+0000] {logging_mixin.py:150} INFO - [2023-07-23T00:18:25.528+0000] {dag.py:3508} INFO - Setting next_dagrun for example_short_circuit_decorator to 2023-07-22T00:18:25.528104+00:00, run_after=2023-07-23T00:18:25.528104+00:00
[2023-07-23T00:18:25.540+0000] {processor.py:179} INFO - Processing /home/airflow/.local/lib/python3.7/site-packages/airflow/example_dags/example_short_circuit_decorator.py took 0.060 seconds
[2023-07-23T00:18:56.047+0000] {processor.py:157} INFO - Started process (PID=3755) to work on /home/airflow/.local/lib/python3.7/site-packages/airflow/example_dags/example_short_circuit_decorator.py
[2023-07-23T00:18:56.048+0000] {processor.py:826} INFO - Processing file /home/airflow/.local/lib/python3.7/site-packages/airflow/example_dags/example_short_circuit_decorator.py for tasks to queue
[2023-07-23T00:18:56.049+0000] {logging_mixin.py:150} INFO - [2023-07-23T00:18:56.049+0000] {dagbag.py:541} INFO - Filling up the DagBag from /home/airflow/.local/lib/python3.7/site-packages/airflow/example_dags/example_short_circuit_decorator.py
[2023-07-23T00:18:56.056+0000] {processor.py:836} INFO - DAG(s) dict_keys(['example_short_circuit_decorator']) retrieved from /home/airflow/.local/lib/python3.7/site-packages/airflow/example_dags/example_short_circuit_decorator.py
[2023-07-23T00:18:56.076+0000] {logging_mixin.py:150} INFO - [2023-07-23T00:18:56.076+0000] {dag.py:2742} INFO - Sync 1 DAGs
[2023-07-23T00:18:56.092+0000] {logging_mixin.py:150} INFO - [2023-07-23T00:18:56.092+0000] {dag.py:3508} INFO - Setting next_dagrun for example_short_circuit_decorator to 2023-07-22T00:18:56.092277+00:00, run_after=2023-07-23T00:18:56.092277+00:00
[2023-07-23T00:18:56.103+0000] {processor.py:179} INFO - Processing /home/airflow/.local/lib/python3.7/site-packages/airflow/example_dags/example_short_circuit_decorator.py took 0.059 seconds
[2023-07-23T00:19:26.657+0000] {processor.py:157} INFO - Started process (PID=3818) to work on /home/airflow/.local/lib/python3.7/site-packages/airflow/example_dags/example_short_circuit_decorator.py
[2023-07-23T00:19:26.660+0000] {processor.py:826} INFO - Processing file /home/airflow/.local/lib/python3.7/site-packages/airflow/example_dags/example_short_circuit_decorator.py for tasks to queue
[2023-07-23T00:19:26.661+0000] {logging_mixin.py:150} INFO - [2023-07-23T00:19:26.661+0000] {dagbag.py:541} INFO - Filling up the DagBag from /home/airflow/.local/lib/python3.7/site-packages/airflow/example_dags/example_short_circuit_decorator.py
[2023-07-23T00:19:26.668+0000] {processor.py:836} INFO - DAG(s) dict_keys(['example_short_circuit_decorator']) retrieved from /home/airflow/.local/lib/python3.7/site-packages/airflow/example_dags/example_short_circuit_decorator.py
[2023-07-23T00:19:26.688+0000] {logging_mixin.py:150} INFO - [2023-07-23T00:19:26.688+0000] {dag.py:2742} INFO - Sync 1 DAGs
[2023-07-23T00:19:26.702+0000] {logging_mixin.py:150} INFO - [2023-07-23T00:19:26.702+0000] {dag.py:3508} INFO - Setting next_dagrun for example_short_circuit_decorator to 2023-07-22T00:19:26.702608+00:00, run_after=2023-07-23T00:19:26.702608+00:00
[2023-07-23T00:19:26.713+0000] {processor.py:179} INFO - Processing /home/airflow/.local/lib/python3.7/site-packages/airflow/example_dags/example_short_circuit_decorator.py took 0.061 seconds
[2023-07-23T00:19:57.344+0000] {processor.py:157} INFO - Started process (PID=3881) to work on /home/airflow/.local/lib/python3.7/site-packages/airflow/example_dags/example_short_circuit_decorator.py
[2023-07-23T00:19:57.347+0000] {processor.py:826} INFO - Processing file /home/airflow/.local/lib/python3.7/site-packages/airflow/example_dags/example_short_circuit_decorator.py for tasks to queue
[2023-07-23T00:19:57.348+0000] {logging_mixin.py:150} INFO - [2023-07-23T00:19:57.348+0000] {dagbag.py:541} INFO - Filling up the DagBag from /home/airflow/.local/lib/python3.7/site-packages/airflow/example_dags/example_short_circuit_decorator.py
[2023-07-23T00:19:57.391+0000] {processor.py:836} INFO - DAG(s) dict_keys(['example_short_circuit_decorator']) retrieved from /home/airflow/.local/lib/python3.7/site-packages/airflow/example_dags/example_short_circuit_decorator.py
[2023-07-23T00:19:57.476+0000] {logging_mixin.py:150} INFO - [2023-07-23T00:19:57.476+0000] {dag.py:2742} INFO - Sync 1 DAGs
[2023-07-23T00:19:57.498+0000] {logging_mixin.py:150} INFO - [2023-07-23T00:19:57.498+0000] {dag.py:3508} INFO - Setting next_dagrun for example_short_circuit_decorator to 2023-07-22T00:19:57.497811+00:00, run_after=2023-07-23T00:19:57.497811+00:00
[2023-07-23T00:19:57.511+0000] {processor.py:179} INFO - Processing /home/airflow/.local/lib/python3.7/site-packages/airflow/example_dags/example_short_circuit_decorator.py took 0.173 seconds
[2023-07-23T00:20:27.638+0000] {processor.py:157} INFO - Started process (PID=3944) to work on /home/airflow/.local/lib/python3.7/site-packages/airflow/example_dags/example_short_circuit_decorator.py
[2023-07-23T00:20:27.639+0000] {processor.py:826} INFO - Processing file /home/airflow/.local/lib/python3.7/site-packages/airflow/example_dags/example_short_circuit_decorator.py for tasks to queue
[2023-07-23T00:20:27.640+0000] {logging_mixin.py:150} INFO - [2023-07-23T00:20:27.640+0000] {dagbag.py:541} INFO - Filling up the DagBag from /home/airflow/.local/lib/python3.7/site-packages/airflow/example_dags/example_short_circuit_decorator.py
[2023-07-23T00:20:27.647+0000] {processor.py:836} INFO - DAG(s) dict_keys(['example_short_circuit_decorator']) retrieved from /home/airflow/.local/lib/python3.7/site-packages/airflow/example_dags/example_short_circuit_decorator.py
[2023-07-23T00:20:27.665+0000] {logging_mixin.py:150} INFO - [2023-07-23T00:20:27.665+0000] {dag.py:2742} INFO - Sync 1 DAGs
[2023-07-23T00:20:27.680+0000] {logging_mixin.py:150} INFO - [2023-07-23T00:20:27.679+0000] {dag.py:3508} INFO - Setting next_dagrun for example_short_circuit_decorator to 2023-07-22T00:20:27.679567+00:00, run_after=2023-07-23T00:20:27.679567+00:00
[2023-07-23T00:20:27.704+0000] {processor.py:179} INFO - Processing /home/airflow/.local/lib/python3.7/site-packages/airflow/example_dags/example_short_circuit_decorator.py took 0.068 seconds
[2023-07-23T00:20:57.984+0000] {processor.py:157} INFO - Started process (PID=4007) to work on /home/airflow/.local/lib/python3.7/site-packages/airflow/example_dags/example_short_circuit_decorator.py
[2023-07-23T00:20:57.985+0000] {processor.py:826} INFO - Processing file /home/airflow/.local/lib/python3.7/site-packages/airflow/example_dags/example_short_circuit_decorator.py for tasks to queue
[2023-07-23T00:20:57.986+0000] {logging_mixin.py:150} INFO - [2023-07-23T00:20:57.986+0000] {dagbag.py:541} INFO - Filling up the DagBag from /home/airflow/.local/lib/python3.7/site-packages/airflow/example_dags/example_short_circuit_decorator.py
[2023-07-23T00:20:57.992+0000] {processor.py:836} INFO - DAG(s) dict_keys(['example_short_circuit_decorator']) retrieved from /home/airflow/.local/lib/python3.7/site-packages/airflow/example_dags/example_short_circuit_decorator.py
[2023-07-23T00:20:58.010+0000] {logging_mixin.py:150} INFO - [2023-07-23T00:20:58.010+0000] {dag.py:2742} INFO - Sync 1 DAGs
[2023-07-23T00:20:58.024+0000] {logging_mixin.py:150} INFO - [2023-07-23T00:20:58.024+0000] {dag.py:3508} INFO - Setting next_dagrun for example_short_circuit_decorator to 2023-07-22T00:20:58.024713+00:00, run_after=2023-07-23T00:20:58.024713+00:00
[2023-07-23T00:20:58.036+0000] {processor.py:179} INFO - Processing /home/airflow/.local/lib/python3.7/site-packages/airflow/example_dags/example_short_circuit_decorator.py took 0.054 seconds
[2023-07-23T00:21:28.601+0000] {processor.py:157} INFO - Started process (PID=4070) to work on /home/airflow/.local/lib/python3.7/site-packages/airflow/example_dags/example_short_circuit_decorator.py
[2023-07-23T00:21:28.602+0000] {processor.py:826} INFO - Processing file /home/airflow/.local/lib/python3.7/site-packages/airflow/example_dags/example_short_circuit_decorator.py for tasks to queue
[2023-07-23T00:21:28.603+0000] {logging_mixin.py:150} INFO - [2023-07-23T00:21:28.603+0000] {dagbag.py:541} INFO - Filling up the DagBag from /home/airflow/.local/lib/python3.7/site-packages/airflow/example_dags/example_short_circuit_decorator.py
[2023-07-23T00:21:28.614+0000] {processor.py:836} INFO - DAG(s) dict_keys(['example_short_circuit_decorator']) retrieved from /home/airflow/.local/lib/python3.7/site-packages/airflow/example_dags/example_short_circuit_decorator.py
[2023-07-23T00:21:28.638+0000] {logging_mixin.py:150} INFO - [2023-07-23T00:21:28.638+0000] {dag.py:2742} INFO - Sync 1 DAGs
[2023-07-23T00:21:28.656+0000] {logging_mixin.py:150} INFO - [2023-07-23T00:21:28.656+0000] {dag.py:3508} INFO - Setting next_dagrun for example_short_circuit_decorator to 2023-07-22T00:21:28.656465+00:00, run_after=2023-07-23T00:21:28.656465+00:00
[2023-07-23T00:21:28.667+0000] {processor.py:179} INFO - Processing /home/airflow/.local/lib/python3.7/site-packages/airflow/example_dags/example_short_circuit_decorator.py took 0.070 seconds
[2023-07-23T00:21:58.896+0000] {processor.py:157} INFO - Started process (PID=4132) to work on /home/airflow/.local/lib/python3.7/site-packages/airflow/example_dags/example_short_circuit_decorator.py
[2023-07-23T00:21:58.898+0000] {processor.py:826} INFO - Processing file /home/airflow/.local/lib/python3.7/site-packages/airflow/example_dags/example_short_circuit_decorator.py for tasks to queue
[2023-07-23T00:21:58.899+0000] {logging_mixin.py:150} INFO - [2023-07-23T00:21:58.898+0000] {dagbag.py:541} INFO - Filling up the DagBag from /home/airflow/.local/lib/python3.7/site-packages/airflow/example_dags/example_short_circuit_decorator.py
[2023-07-23T00:21:58.905+0000] {processor.py:836} INFO - DAG(s) dict_keys(['example_short_circuit_decorator']) retrieved from /home/airflow/.local/lib/python3.7/site-packages/airflow/example_dags/example_short_circuit_decorator.py
[2023-07-23T00:21:58.924+0000] {logging_mixin.py:150} INFO - [2023-07-23T00:21:58.924+0000] {dag.py:2742} INFO - Sync 1 DAGs
[2023-07-23T00:21:58.938+0000] {logging_mixin.py:150} INFO - [2023-07-23T00:21:58.938+0000] {dag.py:3508} INFO - Setting next_dagrun for example_short_circuit_decorator to 2023-07-22T00:21:58.938591+00:00, run_after=2023-07-23T00:21:58.938591+00:00
[2023-07-23T00:21:58.950+0000] {processor.py:179} INFO - Processing /home/airflow/.local/lib/python3.7/site-packages/airflow/example_dags/example_short_circuit_decorator.py took 0.057 seconds
[2023-07-23T00:22:29.202+0000] {processor.py:157} INFO - Started process (PID=4195) to work on /home/airflow/.local/lib/python3.7/site-packages/airflow/example_dags/example_short_circuit_decorator.py
[2023-07-23T00:22:29.203+0000] {processor.py:826} INFO - Processing file /home/airflow/.local/lib/python3.7/site-packages/airflow/example_dags/example_short_circuit_decorator.py for tasks to queue
[2023-07-23T00:22:29.204+0000] {logging_mixin.py:150} INFO - [2023-07-23T00:22:29.204+0000] {dagbag.py:541} INFO - Filling up the DagBag from /home/airflow/.local/lib/python3.7/site-packages/airflow/example_dags/example_short_circuit_decorator.py
[2023-07-23T00:22:29.214+0000] {processor.py:836} INFO - DAG(s) dict_keys(['example_short_circuit_decorator']) retrieved from /home/airflow/.local/lib/python3.7/site-packages/airflow/example_dags/example_short_circuit_decorator.py
[2023-07-23T00:22:29.239+0000] {logging_mixin.py:150} INFO - [2023-07-23T00:22:29.239+0000] {dag.py:2742} INFO - Sync 1 DAGs
[2023-07-23T00:22:29.261+0000] {logging_mixin.py:150} INFO - [2023-07-23T00:22:29.261+0000] {dag.py:3508} INFO - Setting next_dagrun for example_short_circuit_decorator to 2023-07-22T00:22:29.261001+00:00, run_after=2023-07-23T00:22:29.261001+00:00
[2023-07-23T00:22:29.280+0000] {processor.py:179} INFO - Processing /home/airflow/.local/lib/python3.7/site-packages/airflow/example_dags/example_short_circuit_decorator.py took 0.082 seconds
[2023-07-23T00:23:00.250+0000] {processor.py:157} INFO - Started process (PID=4258) to work on /home/airflow/.local/lib/python3.7/site-packages/airflow/example_dags/example_short_circuit_decorator.py
[2023-07-23T00:23:00.251+0000] {processor.py:826} INFO - Processing file /home/airflow/.local/lib/python3.7/site-packages/airflow/example_dags/example_short_circuit_decorator.py for tasks to queue
[2023-07-23T00:23:00.253+0000] {logging_mixin.py:150} INFO - [2023-07-23T00:23:00.252+0000] {dagbag.py:541} INFO - Filling up the DagBag from /home/airflow/.local/lib/python3.7/site-packages/airflow/example_dags/example_short_circuit_decorator.py
[2023-07-23T00:23:00.260+0000] {processor.py:836} INFO - DAG(s) dict_keys(['example_short_circuit_decorator']) retrieved from /home/airflow/.local/lib/python3.7/site-packages/airflow/example_dags/example_short_circuit_decorator.py
[2023-07-23T00:23:00.281+0000] {logging_mixin.py:150} INFO - [2023-07-23T00:23:00.281+0000] {dag.py:2742} INFO - Sync 1 DAGs
[2023-07-23T00:23:00.300+0000] {logging_mixin.py:150} INFO - [2023-07-23T00:23:00.300+0000] {dag.py:3508} INFO - Setting next_dagrun for example_short_circuit_decorator to 2023-07-22T00:23:00.300429+00:00, run_after=2023-07-23T00:23:00.300429+00:00
[2023-07-23T00:23:00.318+0000] {processor.py:179} INFO - Processing /home/airflow/.local/lib/python3.7/site-packages/airflow/example_dags/example_short_circuit_decorator.py took 0.070 seconds
[2023-07-23T00:23:30.466+0000] {processor.py:157} INFO - Started process (PID=4321) to work on /home/airflow/.local/lib/python3.7/site-packages/airflow/example_dags/example_short_circuit_decorator.py
[2023-07-23T00:23:30.467+0000] {processor.py:826} INFO - Processing file /home/airflow/.local/lib/python3.7/site-packages/airflow/example_dags/example_short_circuit_decorator.py for tasks to queue
[2023-07-23T00:23:30.468+0000] {logging_mixin.py:150} INFO - [2023-07-23T00:23:30.468+0000] {dagbag.py:541} INFO - Filling up the DagBag from /home/airflow/.local/lib/python3.7/site-packages/airflow/example_dags/example_short_circuit_decorator.py
[2023-07-23T00:23:30.475+0000] {processor.py:836} INFO - DAG(s) dict_keys(['example_short_circuit_decorator']) retrieved from /home/airflow/.local/lib/python3.7/site-packages/airflow/example_dags/example_short_circuit_decorator.py
[2023-07-23T00:23:30.493+0000] {logging_mixin.py:150} INFO - [2023-07-23T00:23:30.492+0000] {dag.py:2742} INFO - Sync 1 DAGs
[2023-07-23T00:23:30.507+0000] {logging_mixin.py:150} INFO - [2023-07-23T00:23:30.507+0000] {dag.py:3508} INFO - Setting next_dagrun for example_short_circuit_decorator to 2023-07-22T00:23:30.507038+00:00, run_after=2023-07-23T00:23:30.507038+00:00
[2023-07-23T00:23:30.517+0000] {processor.py:179} INFO - Processing /home/airflow/.local/lib/python3.7/site-packages/airflow/example_dags/example_short_circuit_decorator.py took 0.053 seconds
[2023-07-23T00:24:00.782+0000] {processor.py:157} INFO - Started process (PID=4384) to work on /home/airflow/.local/lib/python3.7/site-packages/airflow/example_dags/example_short_circuit_decorator.py
[2023-07-23T00:24:00.783+0000] {processor.py:826} INFO - Processing file /home/airflow/.local/lib/python3.7/site-packages/airflow/example_dags/example_short_circuit_decorator.py for tasks to queue
[2023-07-23T00:24:00.784+0000] {logging_mixin.py:150} INFO - [2023-07-23T00:24:00.783+0000] {dagbag.py:541} INFO - Filling up the DagBag from /home/airflow/.local/lib/python3.7/site-packages/airflow/example_dags/example_short_circuit_decorator.py
[2023-07-23T00:24:00.791+0000] {processor.py:836} INFO - DAG(s) dict_keys(['example_short_circuit_decorator']) retrieved from /home/airflow/.local/lib/python3.7/site-packages/airflow/example_dags/example_short_circuit_decorator.py
[2023-07-23T00:24:00.810+0000] {logging_mixin.py:150} INFO - [2023-07-23T00:24:00.810+0000] {dag.py:2742} INFO - Sync 1 DAGs
[2023-07-23T00:24:00.826+0000] {logging_mixin.py:150} INFO - [2023-07-23T00:24:00.826+0000] {dag.py:3508} INFO - Setting next_dagrun for example_short_circuit_decorator to 2023-07-22T00:24:00.826237+00:00, run_after=2023-07-23T00:24:00.826237+00:00
[2023-07-23T00:24:00.837+0000] {processor.py:179} INFO - Processing /home/airflow/.local/lib/python3.7/site-packages/airflow/example_dags/example_short_circuit_decorator.py took 0.058 seconds
[2023-07-23T00:24:30.989+0000] {processor.py:157} INFO - Started process (PID=4448) to work on /home/airflow/.local/lib/python3.7/site-packages/airflow/example_dags/example_short_circuit_decorator.py
[2023-07-23T00:24:30.990+0000] {processor.py:826} INFO - Processing file /home/airflow/.local/lib/python3.7/site-packages/airflow/example_dags/example_short_circuit_decorator.py for tasks to queue
[2023-07-23T00:24:30.991+0000] {logging_mixin.py:150} INFO - [2023-07-23T00:24:30.991+0000] {dagbag.py:541} INFO - Filling up the DagBag from /home/airflow/.local/lib/python3.7/site-packages/airflow/example_dags/example_short_circuit_decorator.py
[2023-07-23T00:24:31.003+0000] {processor.py:836} INFO - DAG(s) dict_keys(['example_short_circuit_decorator']) retrieved from /home/airflow/.local/lib/python3.7/site-packages/airflow/example_dags/example_short_circuit_decorator.py
[2023-07-23T00:24:31.028+0000] {logging_mixin.py:150} INFO - [2023-07-23T00:24:31.028+0000] {dag.py:2742} INFO - Sync 1 DAGs
[2023-07-23T00:24:31.049+0000] {logging_mixin.py:150} INFO - [2023-07-23T00:24:31.049+0000] {dag.py:3508} INFO - Setting next_dagrun for example_short_circuit_decorator to 2023-07-22T00:24:31.049430+00:00, run_after=2023-07-23T00:24:31.049430+00:00
[2023-07-23T00:24:31.064+0000] {processor.py:179} INFO - Processing /home/airflow/.local/lib/python3.7/site-packages/airflow/example_dags/example_short_circuit_decorator.py took 0.079 seconds
