[2023-07-23T00:00:26.861+0000] {processor.py:157} INFO - Started process (PID=1454) to work on /home/airflow/.local/lib/python3.7/site-packages/airflow/example_dags/example_branch_operator.py
[2023-07-23T00:00:26.864+0000] {processor.py:826} INFO - Processing file /home/airflow/.local/lib/python3.7/site-packages/airflow/example_dags/example_branch_operator.py for tasks to queue
[2023-07-23T00:00:26.866+0000] {logging_mixin.py:150} INFO - [2023-07-23T00:00:26.866+0000] {dagbag.py:541} INFO - Filling up the DagBag from /home/airflow/.local/lib/python3.7/site-packages/airflow/example_dags/example_branch_operator.py
[2023-07-23T00:00:26.908+0000] {processor.py:836} INFO - DAG(s) dict_keys(['example_branch_operator']) retrieved from /home/airflow/.local/lib/python3.7/site-packages/airflow/example_dags/example_branch_operator.py
[2023-07-23T00:00:26.960+0000] {logging_mixin.py:150} INFO - [2023-07-23T00:00:26.960+0000] {dag.py:2742} INFO - Sync 1 DAGs
[2023-07-23T00:00:26.991+0000] {logging_mixin.py:150} INFO - [2023-07-23T00:00:26.991+0000] {dag.py:3508} INFO - Setting next_dagrun for example_branch_operator to 2023-07-22T00:00:00+00:00, run_after=2023-07-23T00:00:00+00:00
[2023-07-23T00:00:27.006+0000] {processor.py:179} INFO - Processing /home/airflow/.local/lib/python3.7/site-packages/airflow/example_dags/example_branch_operator.py took 0.153 seconds
[2023-07-23T00:00:57.592+0000] {processor.py:157} INFO - Started process (PID=1517) to work on /home/airflow/.local/lib/python3.7/site-packages/airflow/example_dags/example_branch_operator.py
[2023-07-23T00:00:57.594+0000] {processor.py:826} INFO - Processing file /home/airflow/.local/lib/python3.7/site-packages/airflow/example_dags/example_branch_operator.py for tasks to queue
[2023-07-23T00:00:57.596+0000] {logging_mixin.py:150} INFO - [2023-07-23T00:00:57.596+0000] {dagbag.py:541} INFO - Filling up the DagBag from /home/airflow/.local/lib/python3.7/site-packages/airflow/example_dags/example_branch_operator.py
[2023-07-23T00:00:57.614+0000] {processor.py:836} INFO - DAG(s) dict_keys(['example_branch_operator']) retrieved from /home/airflow/.local/lib/python3.7/site-packages/airflow/example_dags/example_branch_operator.py
[2023-07-23T00:00:57.656+0000] {logging_mixin.py:150} INFO - [2023-07-23T00:00:57.656+0000] {dag.py:2742} INFO - Sync 1 DAGs
[2023-07-23T00:00:57.722+0000] {logging_mixin.py:150} INFO - [2023-07-23T00:00:57.721+0000] {dag.py:3508} INFO - Setting next_dagrun for example_branch_operator to 2023-07-22T00:00:00+00:00, run_after=2023-07-23T00:00:00+00:00
[2023-07-23T00:00:57.741+0000] {processor.py:179} INFO - Processing /home/airflow/.local/lib/python3.7/site-packages/airflow/example_dags/example_branch_operator.py took 0.159 seconds
[2023-07-23T00:01:28.018+0000] {processor.py:157} INFO - Started process (PID=1580) to work on /home/airflow/.local/lib/python3.7/site-packages/airflow/example_dags/example_branch_operator.py
[2023-07-23T00:01:28.021+0000] {processor.py:826} INFO - Processing file /home/airflow/.local/lib/python3.7/site-packages/airflow/example_dags/example_branch_operator.py for tasks to queue
[2023-07-23T00:01:28.023+0000] {logging_mixin.py:150} INFO - [2023-07-23T00:01:28.022+0000] {dagbag.py:541} INFO - Filling up the DagBag from /home/airflow/.local/lib/python3.7/site-packages/airflow/example_dags/example_branch_operator.py
[2023-07-23T00:01:28.040+0000] {processor.py:836} INFO - DAG(s) dict_keys(['example_branch_operator']) retrieved from /home/airflow/.local/lib/python3.7/site-packages/airflow/example_dags/example_branch_operator.py
[2023-07-23T00:01:28.081+0000] {logging_mixin.py:150} INFO - [2023-07-23T00:01:28.081+0000] {dag.py:2742} INFO - Sync 1 DAGs
[2023-07-23T00:01:28.105+0000] {logging_mixin.py:150} INFO - [2023-07-23T00:01:28.105+0000] {dag.py:3508} INFO - Setting next_dagrun for example_branch_operator to 2023-07-22T00:00:00+00:00, run_after=2023-07-23T00:00:00+00:00
[2023-07-23T00:01:28.118+0000] {processor.py:179} INFO - Processing /home/airflow/.local/lib/python3.7/site-packages/airflow/example_dags/example_branch_operator.py took 0.110 seconds
[2023-07-23T00:01:58.508+0000] {processor.py:157} INFO - Started process (PID=1645) to work on /home/airflow/.local/lib/python3.7/site-packages/airflow/example_dags/example_branch_operator.py
[2023-07-23T00:01:58.514+0000] {processor.py:826} INFO - Processing file /home/airflow/.local/lib/python3.7/site-packages/airflow/example_dags/example_branch_operator.py for tasks to queue
[2023-07-23T00:01:58.522+0000] {logging_mixin.py:150} INFO - [2023-07-23T00:01:58.519+0000] {dagbag.py:541} INFO - Filling up the DagBag from /home/airflow/.local/lib/python3.7/site-packages/airflow/example_dags/example_branch_operator.py
[2023-07-23T00:01:58.558+0000] {processor.py:836} INFO - DAG(s) dict_keys(['example_branch_operator']) retrieved from /home/airflow/.local/lib/python3.7/site-packages/airflow/example_dags/example_branch_operator.py
[2023-07-23T00:01:58.631+0000] {logging_mixin.py:150} INFO - [2023-07-23T00:01:58.630+0000] {dag.py:2742} INFO - Sync 1 DAGs
[2023-07-23T00:01:58.673+0000] {logging_mixin.py:150} INFO - [2023-07-23T00:01:58.672+0000] {dag.py:3508} INFO - Setting next_dagrun for example_branch_operator to 2023-07-22T00:00:00+00:00, run_after=2023-07-23T00:00:00+00:00
[2023-07-23T00:01:58.704+0000] {processor.py:179} INFO - Processing /home/airflow/.local/lib/python3.7/site-packages/airflow/example_dags/example_branch_operator.py took 0.205 seconds
[2023-07-23T00:02:29.705+0000] {processor.py:157} INFO - Started process (PID=1712) to work on /home/airflow/.local/lib/python3.7/site-packages/airflow/example_dags/example_branch_operator.py
[2023-07-23T00:02:29.707+0000] {processor.py:826} INFO - Processing file /home/airflow/.local/lib/python3.7/site-packages/airflow/example_dags/example_branch_operator.py for tasks to queue
[2023-07-23T00:02:29.709+0000] {logging_mixin.py:150} INFO - [2023-07-23T00:02:29.708+0000] {dagbag.py:541} INFO - Filling up the DagBag from /home/airflow/.local/lib/python3.7/site-packages/airflow/example_dags/example_branch_operator.py
[2023-07-23T00:02:29.767+0000] {processor.py:836} INFO - DAG(s) dict_keys(['example_branch_operator']) retrieved from /home/airflow/.local/lib/python3.7/site-packages/airflow/example_dags/example_branch_operator.py
[2023-07-23T00:02:29.816+0000] {logging_mixin.py:150} INFO - [2023-07-23T00:02:29.816+0000] {dag.py:2742} INFO - Sync 1 DAGs
[2023-07-23T00:02:29.852+0000] {logging_mixin.py:150} INFO - [2023-07-23T00:02:29.852+0000] {dag.py:3508} INFO - Setting next_dagrun for example_branch_operator to 2023-07-22T00:00:00+00:00, run_after=2023-07-23T00:00:00+00:00
[2023-07-23T00:02:29.869+0000] {processor.py:179} INFO - Processing /home/airflow/.local/lib/python3.7/site-packages/airflow/example_dags/example_branch_operator.py took 0.170 seconds
[2023-07-23T00:03:00.307+0000] {processor.py:157} INFO - Started process (PID=1775) to work on /home/airflow/.local/lib/python3.7/site-packages/airflow/example_dags/example_branch_operator.py
[2023-07-23T00:03:00.310+0000] {processor.py:826} INFO - Processing file /home/airflow/.local/lib/python3.7/site-packages/airflow/example_dags/example_branch_operator.py for tasks to queue
[2023-07-23T00:03:00.312+0000] {logging_mixin.py:150} INFO - [2023-07-23T00:03:00.311+0000] {dagbag.py:541} INFO - Filling up the DagBag from /home/airflow/.local/lib/python3.7/site-packages/airflow/example_dags/example_branch_operator.py
[2023-07-23T00:03:00.329+0000] {processor.py:836} INFO - DAG(s) dict_keys(['example_branch_operator']) retrieved from /home/airflow/.local/lib/python3.7/site-packages/airflow/example_dags/example_branch_operator.py
[2023-07-23T00:03:00.357+0000] {logging_mixin.py:150} INFO - [2023-07-23T00:03:00.357+0000] {dag.py:2742} INFO - Sync 1 DAGs
[2023-07-23T00:03:00.374+0000] {logging_mixin.py:150} INFO - [2023-07-23T00:03:00.373+0000] {dag.py:3508} INFO - Setting next_dagrun for example_branch_operator to 2023-07-22T00:00:00+00:00, run_after=2023-07-23T00:00:00+00:00
[2023-07-23T00:03:00.385+0000] {processor.py:179} INFO - Processing /home/airflow/.local/lib/python3.7/site-packages/airflow/example_dags/example_branch_operator.py took 0.085 seconds
[2023-07-23T00:03:30.458+0000] {processor.py:157} INFO - Started process (PID=1838) to work on /home/airflow/.local/lib/python3.7/site-packages/airflow/example_dags/example_branch_operator.py
[2023-07-23T00:03:30.459+0000] {processor.py:826} INFO - Processing file /home/airflow/.local/lib/python3.7/site-packages/airflow/example_dags/example_branch_operator.py for tasks to queue
[2023-07-23T00:03:30.460+0000] {logging_mixin.py:150} INFO - [2023-07-23T00:03:30.460+0000] {dagbag.py:541} INFO - Filling up the DagBag from /home/airflow/.local/lib/python3.7/site-packages/airflow/example_dags/example_branch_operator.py
[2023-07-23T00:03:30.468+0000] {processor.py:836} INFO - DAG(s) dict_keys(['example_branch_operator']) retrieved from /home/airflow/.local/lib/python3.7/site-packages/airflow/example_dags/example_branch_operator.py
[2023-07-23T00:03:30.489+0000] {logging_mixin.py:150} INFO - [2023-07-23T00:03:30.489+0000] {dag.py:2742} INFO - Sync 1 DAGs
[2023-07-23T00:03:30.508+0000] {logging_mixin.py:150} INFO - [2023-07-23T00:03:30.508+0000] {dag.py:3508} INFO - Setting next_dagrun for example_branch_operator to 2023-07-22T00:00:00+00:00, run_after=2023-07-23T00:00:00+00:00
[2023-07-23T00:03:30.521+0000] {processor.py:179} INFO - Processing /home/airflow/.local/lib/python3.7/site-packages/airflow/example_dags/example_branch_operator.py took 0.066 seconds
[2023-07-23T00:04:01.069+0000] {processor.py:157} INFO - Started process (PID=1901) to work on /home/airflow/.local/lib/python3.7/site-packages/airflow/example_dags/example_branch_operator.py
[2023-07-23T00:04:01.100+0000] {processor.py:826} INFO - Processing file /home/airflow/.local/lib/python3.7/site-packages/airflow/example_dags/example_branch_operator.py for tasks to queue
[2023-07-23T00:04:01.109+0000] {logging_mixin.py:150} INFO - [2023-07-23T00:04:01.108+0000] {dagbag.py:541} INFO - Filling up the DagBag from /home/airflow/.local/lib/python3.7/site-packages/airflow/example_dags/example_branch_operator.py
[2023-07-23T00:04:01.137+0000] {processor.py:836} INFO - DAG(s) dict_keys(['example_branch_operator']) retrieved from /home/airflow/.local/lib/python3.7/site-packages/airflow/example_dags/example_branch_operator.py
[2023-07-23T00:04:01.208+0000] {logging_mixin.py:150} INFO - [2023-07-23T00:04:01.207+0000] {dag.py:2742} INFO - Sync 1 DAGs
[2023-07-23T00:04:01.263+0000] {logging_mixin.py:150} INFO - [2023-07-23T00:04:01.261+0000] {dag.py:3508} INFO - Setting next_dagrun for example_branch_operator to 2023-07-22T00:00:00+00:00, run_after=2023-07-23T00:00:00+00:00
[2023-07-23T00:04:01.286+0000] {processor.py:179} INFO - Processing /home/airflow/.local/lib/python3.7/site-packages/airflow/example_dags/example_branch_operator.py took 0.222 seconds
[2023-07-23T00:04:31.514+0000] {processor.py:157} INFO - Started process (PID=1964) to work on /home/airflow/.local/lib/python3.7/site-packages/airflow/example_dags/example_branch_operator.py
[2023-07-23T00:04:31.515+0000] {processor.py:826} INFO - Processing file /home/airflow/.local/lib/python3.7/site-packages/airflow/example_dags/example_branch_operator.py for tasks to queue
[2023-07-23T00:04:31.516+0000] {logging_mixin.py:150} INFO - [2023-07-23T00:04:31.515+0000] {dagbag.py:541} INFO - Filling up the DagBag from /home/airflow/.local/lib/python3.7/site-packages/airflow/example_dags/example_branch_operator.py
[2023-07-23T00:04:31.524+0000] {processor.py:836} INFO - DAG(s) dict_keys(['example_branch_operator']) retrieved from /home/airflow/.local/lib/python3.7/site-packages/airflow/example_dags/example_branch_operator.py
[2023-07-23T00:04:31.546+0000] {logging_mixin.py:150} INFO - [2023-07-23T00:04:31.546+0000] {dag.py:2742} INFO - Sync 1 DAGs
[2023-07-23T00:04:31.571+0000] {logging_mixin.py:150} INFO - [2023-07-23T00:04:31.571+0000] {dag.py:3508} INFO - Setting next_dagrun for example_branch_operator to 2023-07-22T00:00:00+00:00, run_after=2023-07-23T00:00:00+00:00
[2023-07-23T00:04:31.584+0000] {processor.py:179} INFO - Processing /home/airflow/.local/lib/python3.7/site-packages/airflow/example_dags/example_branch_operator.py took 0.073 seconds
[2023-07-23T00:05:01.916+0000] {processor.py:157} INFO - Started process (PID=2027) to work on /home/airflow/.local/lib/python3.7/site-packages/airflow/example_dags/example_branch_operator.py
[2023-07-23T00:05:01.923+0000] {processor.py:826} INFO - Processing file /home/airflow/.local/lib/python3.7/site-packages/airflow/example_dags/example_branch_operator.py for tasks to queue
[2023-07-23T00:05:01.924+0000] {logging_mixin.py:150} INFO - [2023-07-23T00:05:01.924+0000] {dagbag.py:541} INFO - Filling up the DagBag from /home/airflow/.local/lib/python3.7/site-packages/airflow/example_dags/example_branch_operator.py
[2023-07-23T00:05:01.936+0000] {processor.py:836} INFO - DAG(s) dict_keys(['example_branch_operator']) retrieved from /home/airflow/.local/lib/python3.7/site-packages/airflow/example_dags/example_branch_operator.py
[2023-07-23T00:05:02.156+0000] {logging_mixin.py:150} INFO - [2023-07-23T00:05:02.155+0000] {dag.py:2742} INFO - Sync 1 DAGs
[2023-07-23T00:05:02.227+0000] {logging_mixin.py:150} INFO - [2023-07-23T00:05:02.227+0000] {dag.py:3508} INFO - Setting next_dagrun for example_branch_operator to 2023-07-22T00:00:00+00:00, run_after=2023-07-23T00:00:00+00:00
[2023-07-23T00:05:02.258+0000] {processor.py:179} INFO - Processing /home/airflow/.local/lib/python3.7/site-packages/airflow/example_dags/example_branch_operator.py took 0.344 seconds
[2023-07-23T00:05:33.058+0000] {processor.py:157} INFO - Started process (PID=2091) to work on /home/airflow/.local/lib/python3.7/site-packages/airflow/example_dags/example_branch_operator.py
[2023-07-23T00:05:33.061+0000] {processor.py:826} INFO - Processing file /home/airflow/.local/lib/python3.7/site-packages/airflow/example_dags/example_branch_operator.py for tasks to queue
[2023-07-23T00:05:33.063+0000] {logging_mixin.py:150} INFO - [2023-07-23T00:05:33.062+0000] {dagbag.py:541} INFO - Filling up the DagBag from /home/airflow/.local/lib/python3.7/site-packages/airflow/example_dags/example_branch_operator.py
[2023-07-23T00:05:33.073+0000] {processor.py:836} INFO - DAG(s) dict_keys(['example_branch_operator']) retrieved from /home/airflow/.local/lib/python3.7/site-packages/airflow/example_dags/example_branch_operator.py
[2023-07-23T00:05:33.098+0000] {logging_mixin.py:150} INFO - [2023-07-23T00:05:33.098+0000] {dag.py:2742} INFO - Sync 1 DAGs
[2023-07-23T00:05:33.117+0000] {logging_mixin.py:150} INFO - [2023-07-23T00:05:33.116+0000] {dag.py:3508} INFO - Setting next_dagrun for example_branch_operator to 2023-07-22T00:00:00+00:00, run_after=2023-07-23T00:00:00+00:00
[2023-07-23T00:05:33.129+0000] {processor.py:179} INFO - Processing /home/airflow/.local/lib/python3.7/site-packages/airflow/example_dags/example_branch_operator.py took 0.076 seconds
[2023-07-23T00:06:03.639+0000] {processor.py:157} INFO - Started process (PID=2154) to work on /home/airflow/.local/lib/python3.7/site-packages/airflow/example_dags/example_branch_operator.py
[2023-07-23T00:06:03.645+0000] {processor.py:826} INFO - Processing file /home/airflow/.local/lib/python3.7/site-packages/airflow/example_dags/example_branch_operator.py for tasks to queue
[2023-07-23T00:06:03.650+0000] {logging_mixin.py:150} INFO - [2023-07-23T00:06:03.650+0000] {dagbag.py:541} INFO - Filling up the DagBag from /home/airflow/.local/lib/python3.7/site-packages/airflow/example_dags/example_branch_operator.py
[2023-07-23T00:06:03.666+0000] {processor.py:836} INFO - DAG(s) dict_keys(['example_branch_operator']) retrieved from /home/airflow/.local/lib/python3.7/site-packages/airflow/example_dags/example_branch_operator.py
[2023-07-23T00:06:03.695+0000] {logging_mixin.py:150} INFO - [2023-07-23T00:06:03.695+0000] {dag.py:2742} INFO - Sync 1 DAGs
[2023-07-23T00:06:03.715+0000] {logging_mixin.py:150} INFO - [2023-07-23T00:06:03.715+0000] {dag.py:3508} INFO - Setting next_dagrun for example_branch_operator to 2023-07-22T00:00:00+00:00, run_after=2023-07-23T00:00:00+00:00
[2023-07-23T00:06:03.729+0000] {processor.py:179} INFO - Processing /home/airflow/.local/lib/python3.7/site-packages/airflow/example_dags/example_branch_operator.py took 0.099 seconds
[2023-07-23T00:06:34.312+0000] {processor.py:157} INFO - Started process (PID=2217) to work on /home/airflow/.local/lib/python3.7/site-packages/airflow/example_dags/example_branch_operator.py
[2023-07-23T00:06:34.314+0000] {processor.py:826} INFO - Processing file /home/airflow/.local/lib/python3.7/site-packages/airflow/example_dags/example_branch_operator.py for tasks to queue
[2023-07-23T00:06:34.316+0000] {logging_mixin.py:150} INFO - [2023-07-23T00:06:34.316+0000] {dagbag.py:541} INFO - Filling up the DagBag from /home/airflow/.local/lib/python3.7/site-packages/airflow/example_dags/example_branch_operator.py
[2023-07-23T00:06:34.326+0000] {processor.py:836} INFO - DAG(s) dict_keys(['example_branch_operator']) retrieved from /home/airflow/.local/lib/python3.7/site-packages/airflow/example_dags/example_branch_operator.py
[2023-07-23T00:06:34.352+0000] {logging_mixin.py:150} INFO - [2023-07-23T00:06:34.351+0000] {dag.py:2742} INFO - Sync 1 DAGs
[2023-07-23T00:06:34.370+0000] {logging_mixin.py:150} INFO - [2023-07-23T00:06:34.370+0000] {dag.py:3508} INFO - Setting next_dagrun for example_branch_operator to 2023-07-22T00:00:00+00:00, run_after=2023-07-23T00:00:00+00:00
[2023-07-23T00:06:34.386+0000] {processor.py:179} INFO - Processing /home/airflow/.local/lib/python3.7/site-packages/airflow/example_dags/example_branch_operator.py took 0.078 seconds
[2023-07-23T00:07:04.707+0000] {processor.py:157} INFO - Started process (PID=2279) to work on /home/airflow/.local/lib/python3.7/site-packages/airflow/example_dags/example_branch_operator.py
[2023-07-23T00:07:04.710+0000] {processor.py:826} INFO - Processing file /home/airflow/.local/lib/python3.7/site-packages/airflow/example_dags/example_branch_operator.py for tasks to queue
[2023-07-23T00:07:04.713+0000] {logging_mixin.py:150} INFO - [2023-07-23T00:07:04.712+0000] {dagbag.py:541} INFO - Filling up the DagBag from /home/airflow/.local/lib/python3.7/site-packages/airflow/example_dags/example_branch_operator.py
[2023-07-23T00:07:04.726+0000] {processor.py:836} INFO - DAG(s) dict_keys(['example_branch_operator']) retrieved from /home/airflow/.local/lib/python3.7/site-packages/airflow/example_dags/example_branch_operator.py
[2023-07-23T00:07:04.758+0000] {logging_mixin.py:150} INFO - [2023-07-23T00:07:04.757+0000] {dag.py:2742} INFO - Sync 1 DAGs
[2023-07-23T00:07:04.785+0000] {logging_mixin.py:150} INFO - [2023-07-23T00:07:04.785+0000] {dag.py:3508} INFO - Setting next_dagrun for example_branch_operator to 2023-07-22T00:00:00+00:00, run_after=2023-07-23T00:00:00+00:00
[2023-07-23T00:07:04.804+0000] {processor.py:179} INFO - Processing /home/airflow/.local/lib/python3.7/site-packages/airflow/example_dags/example_branch_operator.py took 0.103 seconds
[2023-07-23T00:07:35.149+0000] {processor.py:157} INFO - Started process (PID=2342) to work on /home/airflow/.local/lib/python3.7/site-packages/airflow/example_dags/example_branch_operator.py
[2023-07-23T00:07:35.155+0000] {processor.py:826} INFO - Processing file /home/airflow/.local/lib/python3.7/site-packages/airflow/example_dags/example_branch_operator.py for tasks to queue
[2023-07-23T00:07:35.157+0000] {logging_mixin.py:150} INFO - [2023-07-23T00:07:35.157+0000] {dagbag.py:541} INFO - Filling up the DagBag from /home/airflow/.local/lib/python3.7/site-packages/airflow/example_dags/example_branch_operator.py
[2023-07-23T00:07:35.171+0000] {processor.py:836} INFO - DAG(s) dict_keys(['example_branch_operator']) retrieved from /home/airflow/.local/lib/python3.7/site-packages/airflow/example_dags/example_branch_operator.py
[2023-07-23T00:07:35.196+0000] {logging_mixin.py:150} INFO - [2023-07-23T00:07:35.196+0000] {dag.py:2742} INFO - Sync 1 DAGs
[2023-07-23T00:07:35.214+0000] {logging_mixin.py:150} INFO - [2023-07-23T00:07:35.214+0000] {dag.py:3508} INFO - Setting next_dagrun for example_branch_operator to 2023-07-22T00:00:00+00:00, run_after=2023-07-23T00:00:00+00:00
[2023-07-23T00:07:35.225+0000] {processor.py:179} INFO - Processing /home/airflow/.local/lib/python3.7/site-packages/airflow/example_dags/example_branch_operator.py took 0.082 seconds
[2023-07-23T00:08:05.420+0000] {processor.py:157} INFO - Started process (PID=2408) to work on /home/airflow/.local/lib/python3.7/site-packages/airflow/example_dags/example_branch_operator.py
[2023-07-23T00:08:05.424+0000] {processor.py:826} INFO - Processing file /home/airflow/.local/lib/python3.7/site-packages/airflow/example_dags/example_branch_operator.py for tasks to queue
[2023-07-23T00:08:05.425+0000] {logging_mixin.py:150} INFO - [2023-07-23T00:08:05.425+0000] {dagbag.py:541} INFO - Filling up the DagBag from /home/airflow/.local/lib/python3.7/site-packages/airflow/example_dags/example_branch_operator.py
[2023-07-23T00:08:05.437+0000] {processor.py:836} INFO - DAG(s) dict_keys(['example_branch_operator']) retrieved from /home/airflow/.local/lib/python3.7/site-packages/airflow/example_dags/example_branch_operator.py
[2023-07-23T00:08:05.468+0000] {logging_mixin.py:150} INFO - [2023-07-23T00:08:05.468+0000] {dag.py:2742} INFO - Sync 1 DAGs
[2023-07-23T00:08:05.487+0000] {logging_mixin.py:150} INFO - [2023-07-23T00:08:05.487+0000] {dag.py:3508} INFO - Setting next_dagrun for example_branch_operator to 2023-07-22T00:00:00+00:00, run_after=2023-07-23T00:00:00+00:00
[2023-07-23T00:08:05.500+0000] {processor.py:179} INFO - Processing /home/airflow/.local/lib/python3.7/site-packages/airflow/example_dags/example_branch_operator.py took 0.085 seconds
[2023-07-23T00:08:36.019+0000] {processor.py:157} INFO - Started process (PID=2473) to work on /home/airflow/.local/lib/python3.7/site-packages/airflow/example_dags/example_branch_operator.py
[2023-07-23T00:08:36.022+0000] {processor.py:826} INFO - Processing file /home/airflow/.local/lib/python3.7/site-packages/airflow/example_dags/example_branch_operator.py for tasks to queue
[2023-07-23T00:08:36.024+0000] {logging_mixin.py:150} INFO - [2023-07-23T00:08:36.023+0000] {dagbag.py:541} INFO - Filling up the DagBag from /home/airflow/.local/lib/python3.7/site-packages/airflow/example_dags/example_branch_operator.py
[2023-07-23T00:08:36.041+0000] {processor.py:836} INFO - DAG(s) dict_keys(['example_branch_operator']) retrieved from /home/airflow/.local/lib/python3.7/site-packages/airflow/example_dags/example_branch_operator.py
[2023-07-23T00:08:36.068+0000] {logging_mixin.py:150} INFO - [2023-07-23T00:08:36.068+0000] {dag.py:2742} INFO - Sync 1 DAGs
[2023-07-23T00:08:36.085+0000] {logging_mixin.py:150} INFO - [2023-07-23T00:08:36.085+0000] {dag.py:3508} INFO - Setting next_dagrun for example_branch_operator to 2023-07-22T00:00:00+00:00, run_after=2023-07-23T00:00:00+00:00
[2023-07-23T00:08:36.096+0000] {processor.py:179} INFO - Processing /home/airflow/.local/lib/python3.7/site-packages/airflow/example_dags/example_branch_operator.py took 0.083 seconds
[2023-07-23T00:09:06.808+0000] {processor.py:157} INFO - Started process (PID=2536) to work on /home/airflow/.local/lib/python3.7/site-packages/airflow/example_dags/example_branch_operator.py
[2023-07-23T00:09:06.811+0000] {processor.py:826} INFO - Processing file /home/airflow/.local/lib/python3.7/site-packages/airflow/example_dags/example_branch_operator.py for tasks to queue
[2023-07-23T00:09:06.813+0000] {logging_mixin.py:150} INFO - [2023-07-23T00:09:06.813+0000] {dagbag.py:541} INFO - Filling up the DagBag from /home/airflow/.local/lib/python3.7/site-packages/airflow/example_dags/example_branch_operator.py
[2023-07-23T00:09:06.833+0000] {processor.py:836} INFO - DAG(s) dict_keys(['example_branch_operator']) retrieved from /home/airflow/.local/lib/python3.7/site-packages/airflow/example_dags/example_branch_operator.py
[2023-07-23T00:09:06.881+0000] {logging_mixin.py:150} INFO - [2023-07-23T00:09:06.881+0000] {dag.py:2742} INFO - Sync 1 DAGs
[2023-07-23T00:09:06.908+0000] {logging_mixin.py:150} INFO - [2023-07-23T00:09:06.908+0000] {dag.py:3508} INFO - Setting next_dagrun for example_branch_operator to 2023-07-22T00:00:00+00:00, run_after=2023-07-23T00:00:00+00:00
[2023-07-23T00:09:06.922+0000] {processor.py:179} INFO - Processing /home/airflow/.local/lib/python3.7/site-packages/airflow/example_dags/example_branch_operator.py took 0.123 seconds
[2023-07-23T00:09:37.157+0000] {processor.py:157} INFO - Started process (PID=2600) to work on /home/airflow/.local/lib/python3.7/site-packages/airflow/example_dags/example_branch_operator.py
[2023-07-23T00:09:37.160+0000] {processor.py:826} INFO - Processing file /home/airflow/.local/lib/python3.7/site-packages/airflow/example_dags/example_branch_operator.py for tasks to queue
[2023-07-23T00:09:37.162+0000] {logging_mixin.py:150} INFO - [2023-07-23T00:09:37.161+0000] {dagbag.py:541} INFO - Filling up the DagBag from /home/airflow/.local/lib/python3.7/site-packages/airflow/example_dags/example_branch_operator.py
[2023-07-23T00:09:37.174+0000] {processor.py:836} INFO - DAG(s) dict_keys(['example_branch_operator']) retrieved from /home/airflow/.local/lib/python3.7/site-packages/airflow/example_dags/example_branch_operator.py
[2023-07-23T00:09:37.199+0000] {logging_mixin.py:150} INFO - [2023-07-23T00:09:37.199+0000] {dag.py:2742} INFO - Sync 1 DAGs
[2023-07-23T00:09:37.223+0000] {logging_mixin.py:150} INFO - [2023-07-23T00:09:37.223+0000] {dag.py:3508} INFO - Setting next_dagrun for example_branch_operator to 2023-07-22T00:00:00+00:00, run_after=2023-07-23T00:00:00+00:00
[2023-07-23T00:09:37.237+0000] {processor.py:179} INFO - Processing /home/airflow/.local/lib/python3.7/site-packages/airflow/example_dags/example_branch_operator.py took 0.087 seconds
[2023-07-23T00:10:07.364+0000] {processor.py:157} INFO - Started process (PID=2664) to work on /home/airflow/.local/lib/python3.7/site-packages/airflow/example_dags/example_branch_operator.py
[2023-07-23T00:10:07.365+0000] {processor.py:826} INFO - Processing file /home/airflow/.local/lib/python3.7/site-packages/airflow/example_dags/example_branch_operator.py for tasks to queue
[2023-07-23T00:10:07.366+0000] {logging_mixin.py:150} INFO - [2023-07-23T00:10:07.366+0000] {dagbag.py:541} INFO - Filling up the DagBag from /home/airflow/.local/lib/python3.7/site-packages/airflow/example_dags/example_branch_operator.py
[2023-07-23T00:10:07.373+0000] {processor.py:836} INFO - DAG(s) dict_keys(['example_branch_operator']) retrieved from /home/airflow/.local/lib/python3.7/site-packages/airflow/example_dags/example_branch_operator.py
[2023-07-23T00:10:07.394+0000] {logging_mixin.py:150} INFO - [2023-07-23T00:10:07.394+0000] {dag.py:2742} INFO - Sync 1 DAGs
[2023-07-23T00:10:07.412+0000] {logging_mixin.py:150} INFO - [2023-07-23T00:10:07.412+0000] {dag.py:3508} INFO - Setting next_dagrun for example_branch_operator to 2023-07-22T00:00:00+00:00, run_after=2023-07-23T00:00:00+00:00
[2023-07-23T00:10:07.424+0000] {processor.py:179} INFO - Processing /home/airflow/.local/lib/python3.7/site-packages/airflow/example_dags/example_branch_operator.py took 0.062 seconds
[2023-07-23T00:10:37.763+0000] {processor.py:157} INFO - Started process (PID=2727) to work on /home/airflow/.local/lib/python3.7/site-packages/airflow/example_dags/example_branch_operator.py
[2023-07-23T00:10:37.764+0000] {processor.py:826} INFO - Processing file /home/airflow/.local/lib/python3.7/site-packages/airflow/example_dags/example_branch_operator.py for tasks to queue
[2023-07-23T00:10:37.765+0000] {logging_mixin.py:150} INFO - [2023-07-23T00:10:37.765+0000] {dagbag.py:541} INFO - Filling up the DagBag from /home/airflow/.local/lib/python3.7/site-packages/airflow/example_dags/example_branch_operator.py
[2023-07-23T00:10:37.772+0000] {processor.py:836} INFO - DAG(s) dict_keys(['example_branch_operator']) retrieved from /home/airflow/.local/lib/python3.7/site-packages/airflow/example_dags/example_branch_operator.py
[2023-07-23T00:10:37.799+0000] {logging_mixin.py:150} INFO - [2023-07-23T00:10:37.799+0000] {dag.py:2742} INFO - Sync 1 DAGs
[2023-07-23T00:10:37.818+0000] {logging_mixin.py:150} INFO - [2023-07-23T00:10:37.817+0000] {dag.py:3508} INFO - Setting next_dagrun for example_branch_operator to 2023-07-22T00:00:00+00:00, run_after=2023-07-23T00:00:00+00:00
[2023-07-23T00:10:37.829+0000] {processor.py:179} INFO - Processing /home/airflow/.local/lib/python3.7/site-packages/airflow/example_dags/example_branch_operator.py took 0.069 seconds
[2023-07-23T00:11:07.862+0000] {processor.py:157} INFO - Started process (PID=2790) to work on /home/airflow/.local/lib/python3.7/site-packages/airflow/example_dags/example_branch_operator.py
[2023-07-23T00:11:07.863+0000] {processor.py:826} INFO - Processing file /home/airflow/.local/lib/python3.7/site-packages/airflow/example_dags/example_branch_operator.py for tasks to queue
[2023-07-23T00:11:07.864+0000] {logging_mixin.py:150} INFO - [2023-07-23T00:11:07.864+0000] {dagbag.py:541} INFO - Filling up the DagBag from /home/airflow/.local/lib/python3.7/site-packages/airflow/example_dags/example_branch_operator.py
[2023-07-23T00:11:07.871+0000] {processor.py:836} INFO - DAG(s) dict_keys(['example_branch_operator']) retrieved from /home/airflow/.local/lib/python3.7/site-packages/airflow/example_dags/example_branch_operator.py
[2023-07-23T00:11:07.896+0000] {logging_mixin.py:150} INFO - [2023-07-23T00:11:07.896+0000] {dag.py:2742} INFO - Sync 1 DAGs
[2023-07-23T00:11:07.919+0000] {logging_mixin.py:150} INFO - [2023-07-23T00:11:07.919+0000] {dag.py:3508} INFO - Setting next_dagrun for example_branch_operator to 2023-07-22T00:00:00+00:00, run_after=2023-07-23T00:00:00+00:00
[2023-07-23T00:11:07.933+0000] {processor.py:179} INFO - Processing /home/airflow/.local/lib/python3.7/site-packages/airflow/example_dags/example_branch_operator.py took 0.073 seconds
[2023-07-23T00:11:39.012+0000] {processor.py:157} INFO - Started process (PID=2859) to work on /home/airflow/.local/lib/python3.7/site-packages/airflow/example_dags/example_branch_operator.py
[2023-07-23T00:11:39.014+0000] {processor.py:826} INFO - Processing file /home/airflow/.local/lib/python3.7/site-packages/airflow/example_dags/example_branch_operator.py for tasks to queue
[2023-07-23T00:11:39.014+0000] {logging_mixin.py:150} INFO - [2023-07-23T00:11:39.014+0000] {dagbag.py:541} INFO - Filling up the DagBag from /home/airflow/.local/lib/python3.7/site-packages/airflow/example_dags/example_branch_operator.py
[2023-07-23T00:11:39.021+0000] {processor.py:836} INFO - DAG(s) dict_keys(['example_branch_operator']) retrieved from /home/airflow/.local/lib/python3.7/site-packages/airflow/example_dags/example_branch_operator.py
[2023-07-23T00:11:39.048+0000] {logging_mixin.py:150} INFO - [2023-07-23T00:11:39.047+0000] {dag.py:2742} INFO - Sync 1 DAGs
[2023-07-23T00:11:39.065+0000] {logging_mixin.py:150} INFO - [2023-07-23T00:11:39.065+0000] {dag.py:3508} INFO - Setting next_dagrun for example_branch_operator to 2023-07-22T00:00:00+00:00, run_after=2023-07-23T00:00:00+00:00
[2023-07-23T00:11:39.078+0000] {processor.py:179} INFO - Processing /home/airflow/.local/lib/python3.7/site-packages/airflow/example_dags/example_branch_operator.py took 0.069 seconds
[2023-07-23T00:12:10.023+0000] {processor.py:157} INFO - Started process (PID=2923) to work on /home/airflow/.local/lib/python3.7/site-packages/airflow/example_dags/example_branch_operator.py
[2023-07-23T00:12:10.025+0000] {processor.py:826} INFO - Processing file /home/airflow/.local/lib/python3.7/site-packages/airflow/example_dags/example_branch_operator.py for tasks to queue
[2023-07-23T00:12:10.026+0000] {logging_mixin.py:150} INFO - [2023-07-23T00:12:10.025+0000] {dagbag.py:541} INFO - Filling up the DagBag from /home/airflow/.local/lib/python3.7/site-packages/airflow/example_dags/example_branch_operator.py
[2023-07-23T00:12:10.033+0000] {processor.py:836} INFO - DAG(s) dict_keys(['example_branch_operator']) retrieved from /home/airflow/.local/lib/python3.7/site-packages/airflow/example_dags/example_branch_operator.py
[2023-07-23T00:12:10.059+0000] {logging_mixin.py:150} INFO - [2023-07-23T00:12:10.059+0000] {dag.py:2742} INFO - Sync 1 DAGs
[2023-07-23T00:12:10.077+0000] {logging_mixin.py:150} INFO - [2023-07-23T00:12:10.077+0000] {dag.py:3508} INFO - Setting next_dagrun for example_branch_operator to 2023-07-22T00:00:00+00:00, run_after=2023-07-23T00:00:00+00:00
[2023-07-23T00:12:10.094+0000] {processor.py:179} INFO - Processing /home/airflow/.local/lib/python3.7/site-packages/airflow/example_dags/example_branch_operator.py took 0.073 seconds
[2023-07-23T00:12:40.504+0000] {processor.py:157} INFO - Started process (PID=2982) to work on /home/airflow/.local/lib/python3.7/site-packages/airflow/example_dags/example_branch_operator.py
[2023-07-23T00:12:40.505+0000] {processor.py:826} INFO - Processing file /home/airflow/.local/lib/python3.7/site-packages/airflow/example_dags/example_branch_operator.py for tasks to queue
[2023-07-23T00:12:40.507+0000] {logging_mixin.py:150} INFO - [2023-07-23T00:12:40.506+0000] {dagbag.py:541} INFO - Filling up the DagBag from /home/airflow/.local/lib/python3.7/site-packages/airflow/example_dags/example_branch_operator.py
[2023-07-23T00:12:40.519+0000] {processor.py:836} INFO - DAG(s) dict_keys(['example_branch_operator']) retrieved from /home/airflow/.local/lib/python3.7/site-packages/airflow/example_dags/example_branch_operator.py
[2023-07-23T00:12:40.546+0000] {logging_mixin.py:150} INFO - [2023-07-23T00:12:40.546+0000] {dag.py:2742} INFO - Sync 1 DAGs
[2023-07-23T00:12:40.563+0000] {logging_mixin.py:150} INFO - [2023-07-23T00:12:40.563+0000] {dag.py:3508} INFO - Setting next_dagrun for example_branch_operator to 2023-07-22T00:00:00+00:00, run_after=2023-07-23T00:00:00+00:00
[2023-07-23T00:12:40.575+0000] {processor.py:179} INFO - Processing /home/airflow/.local/lib/python3.7/site-packages/airflow/example_dags/example_branch_operator.py took 0.075 seconds
[2023-07-23T00:13:10.980+0000] {processor.py:157} INFO - Started process (PID=3045) to work on /home/airflow/.local/lib/python3.7/site-packages/airflow/example_dags/example_branch_operator.py
[2023-07-23T00:13:10.982+0000] {processor.py:826} INFO - Processing file /home/airflow/.local/lib/python3.7/site-packages/airflow/example_dags/example_branch_operator.py for tasks to queue
[2023-07-23T00:13:10.983+0000] {logging_mixin.py:150} INFO - [2023-07-23T00:13:10.983+0000] {dagbag.py:541} INFO - Filling up the DagBag from /home/airflow/.local/lib/python3.7/site-packages/airflow/example_dags/example_branch_operator.py
[2023-07-23T00:13:10.992+0000] {processor.py:836} INFO - DAG(s) dict_keys(['example_branch_operator']) retrieved from /home/airflow/.local/lib/python3.7/site-packages/airflow/example_dags/example_branch_operator.py
[2023-07-23T00:13:11.035+0000] {logging_mixin.py:150} INFO - [2023-07-23T00:13:11.034+0000] {dag.py:2742} INFO - Sync 1 DAGs
[2023-07-23T00:13:11.059+0000] {logging_mixin.py:150} INFO - [2023-07-23T00:13:11.059+0000] {dag.py:3508} INFO - Setting next_dagrun for example_branch_operator to 2023-07-22T00:00:00+00:00, run_after=2023-07-23T00:00:00+00:00
[2023-07-23T00:13:11.103+0000] {processor.py:179} INFO - Processing /home/airflow/.local/lib/python3.7/site-packages/airflow/example_dags/example_branch_operator.py took 0.126 seconds
[2023-07-23T00:13:41.226+0000] {processor.py:157} INFO - Started process (PID=3109) to work on /home/airflow/.local/lib/python3.7/site-packages/airflow/example_dags/example_branch_operator.py
[2023-07-23T00:13:41.227+0000] {processor.py:826} INFO - Processing file /home/airflow/.local/lib/python3.7/site-packages/airflow/example_dags/example_branch_operator.py for tasks to queue
[2023-07-23T00:13:41.228+0000] {logging_mixin.py:150} INFO - [2023-07-23T00:13:41.228+0000] {dagbag.py:541} INFO - Filling up the DagBag from /home/airflow/.local/lib/python3.7/site-packages/airflow/example_dags/example_branch_operator.py
[2023-07-23T00:13:41.238+0000] {processor.py:836} INFO - DAG(s) dict_keys(['example_branch_operator']) retrieved from /home/airflow/.local/lib/python3.7/site-packages/airflow/example_dags/example_branch_operator.py
[2023-07-23T00:13:41.285+0000] {logging_mixin.py:150} INFO - [2023-07-23T00:13:41.285+0000] {dag.py:2742} INFO - Sync 1 DAGs
[2023-07-23T00:13:41.304+0000] {logging_mixin.py:150} INFO - [2023-07-23T00:13:41.304+0000] {dag.py:3508} INFO - Setting next_dagrun for example_branch_operator to 2023-07-22T00:00:00+00:00, run_after=2023-07-23T00:00:00+00:00
[2023-07-23T00:13:41.318+0000] {processor.py:179} INFO - Processing /home/airflow/.local/lib/python3.7/site-packages/airflow/example_dags/example_branch_operator.py took 0.095 seconds
[2023-07-23T00:14:11.538+0000] {processor.py:157} INFO - Started process (PID=3173) to work on /home/airflow/.local/lib/python3.7/site-packages/airflow/example_dags/example_branch_operator.py
[2023-07-23T00:14:11.540+0000] {processor.py:826} INFO - Processing file /home/airflow/.local/lib/python3.7/site-packages/airflow/example_dags/example_branch_operator.py for tasks to queue
[2023-07-23T00:14:11.541+0000] {logging_mixin.py:150} INFO - [2023-07-23T00:14:11.541+0000] {dagbag.py:541} INFO - Filling up the DagBag from /home/airflow/.local/lib/python3.7/site-packages/airflow/example_dags/example_branch_operator.py
[2023-07-23T00:14:11.550+0000] {processor.py:836} INFO - DAG(s) dict_keys(['example_branch_operator']) retrieved from /home/airflow/.local/lib/python3.7/site-packages/airflow/example_dags/example_branch_operator.py
[2023-07-23T00:14:11.578+0000] {logging_mixin.py:150} INFO - [2023-07-23T00:14:11.578+0000] {dag.py:2742} INFO - Sync 1 DAGs
[2023-07-23T00:14:11.598+0000] {logging_mixin.py:150} INFO - [2023-07-23T00:14:11.597+0000] {dag.py:3508} INFO - Setting next_dagrun for example_branch_operator to 2023-07-22T00:00:00+00:00, run_after=2023-07-23T00:00:00+00:00
[2023-07-23T00:14:11.612+0000] {processor.py:179} INFO - Processing /home/airflow/.local/lib/python3.7/site-packages/airflow/example_dags/example_branch_operator.py took 0.077 seconds
[2023-07-23T00:14:42.437+0000] {processor.py:157} INFO - Started process (PID=3235) to work on /home/airflow/.local/lib/python3.7/site-packages/airflow/example_dags/example_branch_operator.py
[2023-07-23T00:14:42.439+0000] {processor.py:826} INFO - Processing file /home/airflow/.local/lib/python3.7/site-packages/airflow/example_dags/example_branch_operator.py for tasks to queue
[2023-07-23T00:14:42.441+0000] {logging_mixin.py:150} INFO - [2023-07-23T00:14:42.440+0000] {dagbag.py:541} INFO - Filling up the DagBag from /home/airflow/.local/lib/python3.7/site-packages/airflow/example_dags/example_branch_operator.py
[2023-07-23T00:14:42.449+0000] {processor.py:836} INFO - DAG(s) dict_keys(['example_branch_operator']) retrieved from /home/airflow/.local/lib/python3.7/site-packages/airflow/example_dags/example_branch_operator.py
[2023-07-23T00:14:42.471+0000] {logging_mixin.py:150} INFO - [2023-07-23T00:14:42.471+0000] {dag.py:2742} INFO - Sync 1 DAGs
[2023-07-23T00:14:42.490+0000] {logging_mixin.py:150} INFO - [2023-07-23T00:14:42.489+0000] {dag.py:3508} INFO - Setting next_dagrun for example_branch_operator to 2023-07-22T00:00:00+00:00, run_after=2023-07-23T00:00:00+00:00
[2023-07-23T00:14:42.503+0000] {processor.py:179} INFO - Processing /home/airflow/.local/lib/python3.7/site-packages/airflow/example_dags/example_branch_operator.py took 0.070 seconds
[2023-07-23T00:15:13.336+0000] {processor.py:157} INFO - Started process (PID=3298) to work on /home/airflow/.local/lib/python3.7/site-packages/airflow/example_dags/example_branch_operator.py
[2023-07-23T00:15:13.337+0000] {processor.py:826} INFO - Processing file /home/airflow/.local/lib/python3.7/site-packages/airflow/example_dags/example_branch_operator.py for tasks to queue
[2023-07-23T00:15:13.338+0000] {logging_mixin.py:150} INFO - [2023-07-23T00:15:13.337+0000] {dagbag.py:541} INFO - Filling up the DagBag from /home/airflow/.local/lib/python3.7/site-packages/airflow/example_dags/example_branch_operator.py
[2023-07-23T00:15:13.345+0000] {processor.py:836} INFO - DAG(s) dict_keys(['example_branch_operator']) retrieved from /home/airflow/.local/lib/python3.7/site-packages/airflow/example_dags/example_branch_operator.py
[2023-07-23T00:15:13.366+0000] {logging_mixin.py:150} INFO - [2023-07-23T00:15:13.366+0000] {dag.py:2742} INFO - Sync 1 DAGs
[2023-07-23T00:15:13.389+0000] {logging_mixin.py:150} INFO - [2023-07-23T00:15:13.389+0000] {dag.py:3508} INFO - Setting next_dagrun for example_branch_operator to 2023-07-22T00:00:00+00:00, run_after=2023-07-23T00:00:00+00:00
[2023-07-23T00:15:13.408+0000] {processor.py:179} INFO - Processing /home/airflow/.local/lib/python3.7/site-packages/airflow/example_dags/example_branch_operator.py took 0.077 seconds
[2023-07-23T00:15:43.751+0000] {processor.py:157} INFO - Started process (PID=3361) to work on /home/airflow/.local/lib/python3.7/site-packages/airflow/example_dags/example_branch_operator.py
[2023-07-23T00:15:43.752+0000] {processor.py:826} INFO - Processing file /home/airflow/.local/lib/python3.7/site-packages/airflow/example_dags/example_branch_operator.py for tasks to queue
[2023-07-23T00:15:43.753+0000] {logging_mixin.py:150} INFO - [2023-07-23T00:15:43.752+0000] {dagbag.py:541} INFO - Filling up the DagBag from /home/airflow/.local/lib/python3.7/site-packages/airflow/example_dags/example_branch_operator.py
[2023-07-23T00:15:43.767+0000] {processor.py:836} INFO - DAG(s) dict_keys(['example_branch_operator']) retrieved from /home/airflow/.local/lib/python3.7/site-packages/airflow/example_dags/example_branch_operator.py
[2023-07-23T00:15:43.793+0000] {logging_mixin.py:150} INFO - [2023-07-23T00:15:43.793+0000] {dag.py:2742} INFO - Sync 1 DAGs
[2023-07-23T00:15:43.818+0000] {logging_mixin.py:150} INFO - [2023-07-23T00:15:43.817+0000] {dag.py:3508} INFO - Setting next_dagrun for example_branch_operator to 2023-07-22T00:00:00+00:00, run_after=2023-07-23T00:00:00+00:00
[2023-07-23T00:15:43.835+0000] {processor.py:179} INFO - Processing /home/airflow/.local/lib/python3.7/site-packages/airflow/example_dags/example_branch_operator.py took 0.087 seconds
[2023-07-23T00:16:14.345+0000] {processor.py:157} INFO - Started process (PID=3426) to work on /home/airflow/.local/lib/python3.7/site-packages/airflow/example_dags/example_branch_operator.py
[2023-07-23T00:16:14.347+0000] {processor.py:826} INFO - Processing file /home/airflow/.local/lib/python3.7/site-packages/airflow/example_dags/example_branch_operator.py for tasks to queue
[2023-07-23T00:16:14.348+0000] {logging_mixin.py:150} INFO - [2023-07-23T00:16:14.347+0000] {dagbag.py:541} INFO - Filling up the DagBag from /home/airflow/.local/lib/python3.7/site-packages/airflow/example_dags/example_branch_operator.py
[2023-07-23T00:16:14.354+0000] {processor.py:836} INFO - DAG(s) dict_keys(['example_branch_operator']) retrieved from /home/airflow/.local/lib/python3.7/site-packages/airflow/example_dags/example_branch_operator.py
[2023-07-23T00:16:14.379+0000] {logging_mixin.py:150} INFO - [2023-07-23T00:16:14.379+0000] {dag.py:2742} INFO - Sync 1 DAGs
[2023-07-23T00:16:14.397+0000] {logging_mixin.py:150} INFO - [2023-07-23T00:16:14.396+0000] {dag.py:3508} INFO - Setting next_dagrun for example_branch_operator to 2023-07-22T00:00:00+00:00, run_after=2023-07-23T00:00:00+00:00
[2023-07-23T00:16:14.407+0000] {processor.py:179} INFO - Processing /home/airflow/.local/lib/python3.7/site-packages/airflow/example_dags/example_branch_operator.py took 0.066 seconds
[2023-07-23T00:16:44.960+0000] {processor.py:157} INFO - Started process (PID=3490) to work on /home/airflow/.local/lib/python3.7/site-packages/airflow/example_dags/example_branch_operator.py
[2023-07-23T00:16:44.962+0000] {processor.py:826} INFO - Processing file /home/airflow/.local/lib/python3.7/site-packages/airflow/example_dags/example_branch_operator.py for tasks to queue
[2023-07-23T00:16:44.963+0000] {logging_mixin.py:150} INFO - [2023-07-23T00:16:44.962+0000] {dagbag.py:541} INFO - Filling up the DagBag from /home/airflow/.local/lib/python3.7/site-packages/airflow/example_dags/example_branch_operator.py
[2023-07-23T00:16:44.969+0000] {processor.py:836} INFO - DAG(s) dict_keys(['example_branch_operator']) retrieved from /home/airflow/.local/lib/python3.7/site-packages/airflow/example_dags/example_branch_operator.py
[2023-07-23T00:16:44.989+0000] {logging_mixin.py:150} INFO - [2023-07-23T00:16:44.989+0000] {dag.py:2742} INFO - Sync 1 DAGs
[2023-07-23T00:16:45.005+0000] {logging_mixin.py:150} INFO - [2023-07-23T00:16:45.004+0000] {dag.py:3508} INFO - Setting next_dagrun for example_branch_operator to 2023-07-22T00:00:00+00:00, run_after=2023-07-23T00:00:00+00:00
[2023-07-23T00:16:45.017+0000] {processor.py:179} INFO - Processing /home/airflow/.local/lib/python3.7/site-packages/airflow/example_dags/example_branch_operator.py took 0.059 seconds
[2023-07-23T00:17:15.787+0000] {processor.py:157} INFO - Started process (PID=3553) to work on /home/airflow/.local/lib/python3.7/site-packages/airflow/example_dags/example_branch_operator.py
[2023-07-23T00:17:15.789+0000] {processor.py:826} INFO - Processing file /home/airflow/.local/lib/python3.7/site-packages/airflow/example_dags/example_branch_operator.py for tasks to queue
[2023-07-23T00:17:15.789+0000] {logging_mixin.py:150} INFO - [2023-07-23T00:17:15.789+0000] {dagbag.py:541} INFO - Filling up the DagBag from /home/airflow/.local/lib/python3.7/site-packages/airflow/example_dags/example_branch_operator.py
[2023-07-23T00:17:15.804+0000] {processor.py:836} INFO - DAG(s) dict_keys(['example_branch_operator']) retrieved from /home/airflow/.local/lib/python3.7/site-packages/airflow/example_dags/example_branch_operator.py
[2023-07-23T00:17:15.839+0000] {logging_mixin.py:150} INFO - [2023-07-23T00:17:15.839+0000] {dag.py:2742} INFO - Sync 1 DAGs
[2023-07-23T00:17:15.862+0000] {logging_mixin.py:150} INFO - [2023-07-23T00:17:15.862+0000] {dag.py:3508} INFO - Setting next_dagrun for example_branch_operator to 2023-07-22T00:00:00+00:00, run_after=2023-07-23T00:00:00+00:00
[2023-07-23T00:17:15.875+0000] {processor.py:179} INFO - Processing /home/airflow/.local/lib/python3.7/site-packages/airflow/example_dags/example_branch_operator.py took 0.094 seconds
[2023-07-23T00:17:46.738+0000] {processor.py:157} INFO - Started process (PID=3616) to work on /home/airflow/.local/lib/python3.7/site-packages/airflow/example_dags/example_branch_operator.py
[2023-07-23T00:17:46.739+0000] {processor.py:826} INFO - Processing file /home/airflow/.local/lib/python3.7/site-packages/airflow/example_dags/example_branch_operator.py for tasks to queue
[2023-07-23T00:17:46.740+0000] {logging_mixin.py:150} INFO - [2023-07-23T00:17:46.740+0000] {dagbag.py:541} INFO - Filling up the DagBag from /home/airflow/.local/lib/python3.7/site-packages/airflow/example_dags/example_branch_operator.py
[2023-07-23T00:17:46.750+0000] {processor.py:836} INFO - DAG(s) dict_keys(['example_branch_operator']) retrieved from /home/airflow/.local/lib/python3.7/site-packages/airflow/example_dags/example_branch_operator.py
[2023-07-23T00:17:46.772+0000] {logging_mixin.py:150} INFO - [2023-07-23T00:17:46.772+0000] {dag.py:2742} INFO - Sync 1 DAGs
[2023-07-23T00:17:46.792+0000] {logging_mixin.py:150} INFO - [2023-07-23T00:17:46.792+0000] {dag.py:3508} INFO - Setting next_dagrun for example_branch_operator to 2023-07-22T00:00:00+00:00, run_after=2023-07-23T00:00:00+00:00
[2023-07-23T00:17:46.807+0000] {processor.py:179} INFO - Processing /home/airflow/.local/lib/python3.7/site-packages/airflow/example_dags/example_branch_operator.py took 0.073 seconds
[2023-07-23T00:18:17.261+0000] {processor.py:157} INFO - Started process (PID=3679) to work on /home/airflow/.local/lib/python3.7/site-packages/airflow/example_dags/example_branch_operator.py
[2023-07-23T00:18:17.262+0000] {processor.py:826} INFO - Processing file /home/airflow/.local/lib/python3.7/site-packages/airflow/example_dags/example_branch_operator.py for tasks to queue
[2023-07-23T00:18:17.263+0000] {logging_mixin.py:150} INFO - [2023-07-23T00:18:17.263+0000] {dagbag.py:541} INFO - Filling up the DagBag from /home/airflow/.local/lib/python3.7/site-packages/airflow/example_dags/example_branch_operator.py
[2023-07-23T00:18:17.270+0000] {processor.py:836} INFO - DAG(s) dict_keys(['example_branch_operator']) retrieved from /home/airflow/.local/lib/python3.7/site-packages/airflow/example_dags/example_branch_operator.py
[2023-07-23T00:18:17.296+0000] {logging_mixin.py:150} INFO - [2023-07-23T00:18:17.296+0000] {dag.py:2742} INFO - Sync 1 DAGs
[2023-07-23T00:18:17.314+0000] {logging_mixin.py:150} INFO - [2023-07-23T00:18:17.314+0000] {dag.py:3508} INFO - Setting next_dagrun for example_branch_operator to 2023-07-22T00:00:00+00:00, run_after=2023-07-23T00:00:00+00:00
[2023-07-23T00:18:17.326+0000] {processor.py:179} INFO - Processing /home/airflow/.local/lib/python3.7/site-packages/airflow/example_dags/example_branch_operator.py took 0.068 seconds
[2023-07-23T00:18:48.254+0000] {processor.py:157} INFO - Started process (PID=3741) to work on /home/airflow/.local/lib/python3.7/site-packages/airflow/example_dags/example_branch_operator.py
[2023-07-23T00:18:48.256+0000] {processor.py:826} INFO - Processing file /home/airflow/.local/lib/python3.7/site-packages/airflow/example_dags/example_branch_operator.py for tasks to queue
[2023-07-23T00:18:48.258+0000] {logging_mixin.py:150} INFO - [2023-07-23T00:18:48.257+0000] {dagbag.py:541} INFO - Filling up the DagBag from /home/airflow/.local/lib/python3.7/site-packages/airflow/example_dags/example_branch_operator.py
[2023-07-23T00:18:48.265+0000] {processor.py:836} INFO - DAG(s) dict_keys(['example_branch_operator']) retrieved from /home/airflow/.local/lib/python3.7/site-packages/airflow/example_dags/example_branch_operator.py
[2023-07-23T00:18:48.286+0000] {logging_mixin.py:150} INFO - [2023-07-23T00:18:48.286+0000] {dag.py:2742} INFO - Sync 1 DAGs
[2023-07-23T00:18:48.301+0000] {logging_mixin.py:150} INFO - [2023-07-23T00:18:48.301+0000] {dag.py:3508} INFO - Setting next_dagrun for example_branch_operator to 2023-07-22T00:00:00+00:00, run_after=2023-07-23T00:00:00+00:00
[2023-07-23T00:18:48.316+0000] {processor.py:179} INFO - Processing /home/airflow/.local/lib/python3.7/site-packages/airflow/example_dags/example_branch_operator.py took 0.066 seconds
[2023-07-23T00:19:19.547+0000] {processor.py:157} INFO - Started process (PID=3805) to work on /home/airflow/.local/lib/python3.7/site-packages/airflow/example_dags/example_branch_operator.py
[2023-07-23T00:19:19.548+0000] {processor.py:826} INFO - Processing file /home/airflow/.local/lib/python3.7/site-packages/airflow/example_dags/example_branch_operator.py for tasks to queue
[2023-07-23T00:19:19.563+0000] {logging_mixin.py:150} INFO - [2023-07-23T00:19:19.562+0000] {dagbag.py:541} INFO - Filling up the DagBag from /home/airflow/.local/lib/python3.7/site-packages/airflow/example_dags/example_branch_operator.py
[2023-07-23T00:19:19.593+0000] {processor.py:836} INFO - DAG(s) dict_keys(['example_branch_operator']) retrieved from /home/airflow/.local/lib/python3.7/site-packages/airflow/example_dags/example_branch_operator.py
[2023-07-23T00:19:19.625+0000] {logging_mixin.py:150} INFO - [2023-07-23T00:19:19.625+0000] {dag.py:2742} INFO - Sync 1 DAGs
[2023-07-23T00:19:19.648+0000] {logging_mixin.py:150} INFO - [2023-07-23T00:19:19.648+0000] {dag.py:3508} INFO - Setting next_dagrun for example_branch_operator to 2023-07-22T00:00:00+00:00, run_after=2023-07-23T00:00:00+00:00
[2023-07-23T00:19:19.666+0000] {processor.py:179} INFO - Processing /home/airflow/.local/lib/python3.7/site-packages/airflow/example_dags/example_branch_operator.py took 0.124 seconds
[2023-07-23T00:19:50.244+0000] {processor.py:157} INFO - Started process (PID=3868) to work on /home/airflow/.local/lib/python3.7/site-packages/airflow/example_dags/example_branch_operator.py
[2023-07-23T00:19:50.246+0000] {processor.py:826} INFO - Processing file /home/airflow/.local/lib/python3.7/site-packages/airflow/example_dags/example_branch_operator.py for tasks to queue
[2023-07-23T00:19:50.247+0000] {logging_mixin.py:150} INFO - [2023-07-23T00:19:50.246+0000] {dagbag.py:541} INFO - Filling up the DagBag from /home/airflow/.local/lib/python3.7/site-packages/airflow/example_dags/example_branch_operator.py
[2023-07-23T00:19:50.254+0000] {processor.py:836} INFO - DAG(s) dict_keys(['example_branch_operator']) retrieved from /home/airflow/.local/lib/python3.7/site-packages/airflow/example_dags/example_branch_operator.py
[2023-07-23T00:19:50.273+0000] {logging_mixin.py:150} INFO - [2023-07-23T00:19:50.273+0000] {dag.py:2742} INFO - Sync 1 DAGs
[2023-07-23T00:19:50.289+0000] {logging_mixin.py:150} INFO - [2023-07-23T00:19:50.289+0000] {dag.py:3508} INFO - Setting next_dagrun for example_branch_operator to 2023-07-22T00:00:00+00:00, run_after=2023-07-23T00:00:00+00:00
[2023-07-23T00:19:50.302+0000] {processor.py:179} INFO - Processing /home/airflow/.local/lib/python3.7/site-packages/airflow/example_dags/example_branch_operator.py took 0.060 seconds
[2023-07-23T00:20:20.858+0000] {processor.py:157} INFO - Started process (PID=3931) to work on /home/airflow/.local/lib/python3.7/site-packages/airflow/example_dags/example_branch_operator.py
[2023-07-23T00:20:20.860+0000] {processor.py:826} INFO - Processing file /home/airflow/.local/lib/python3.7/site-packages/airflow/example_dags/example_branch_operator.py for tasks to queue
[2023-07-23T00:20:20.861+0000] {logging_mixin.py:150} INFO - [2023-07-23T00:20:20.860+0000] {dagbag.py:541} INFO - Filling up the DagBag from /home/airflow/.local/lib/python3.7/site-packages/airflow/example_dags/example_branch_operator.py
[2023-07-23T00:20:20.867+0000] {processor.py:836} INFO - DAG(s) dict_keys(['example_branch_operator']) retrieved from /home/airflow/.local/lib/python3.7/site-packages/airflow/example_dags/example_branch_operator.py
[2023-07-23T00:20:20.888+0000] {logging_mixin.py:150} INFO - [2023-07-23T00:20:20.888+0000] {dag.py:2742} INFO - Sync 1 DAGs
[2023-07-23T00:20:20.904+0000] {logging_mixin.py:150} INFO - [2023-07-23T00:20:20.904+0000] {dag.py:3508} INFO - Setting next_dagrun for example_branch_operator to 2023-07-22T00:00:00+00:00, run_after=2023-07-23T00:00:00+00:00
[2023-07-23T00:20:20.917+0000] {processor.py:179} INFO - Processing /home/airflow/.local/lib/python3.7/site-packages/airflow/example_dags/example_branch_operator.py took 0.062 seconds
[2023-07-23T00:20:51.348+0000] {processor.py:157} INFO - Started process (PID=3994) to work on /home/airflow/.local/lib/python3.7/site-packages/airflow/example_dags/example_branch_operator.py
[2023-07-23T00:20:51.349+0000] {processor.py:826} INFO - Processing file /home/airflow/.local/lib/python3.7/site-packages/airflow/example_dags/example_branch_operator.py for tasks to queue
[2023-07-23T00:20:51.350+0000] {logging_mixin.py:150} INFO - [2023-07-23T00:20:51.350+0000] {dagbag.py:541} INFO - Filling up the DagBag from /home/airflow/.local/lib/python3.7/site-packages/airflow/example_dags/example_branch_operator.py
[2023-07-23T00:20:51.357+0000] {processor.py:836} INFO - DAG(s) dict_keys(['example_branch_operator']) retrieved from /home/airflow/.local/lib/python3.7/site-packages/airflow/example_dags/example_branch_operator.py
[2023-07-23T00:20:51.376+0000] {logging_mixin.py:150} INFO - [2023-07-23T00:20:51.376+0000] {dag.py:2742} INFO - Sync 1 DAGs
[2023-07-23T00:20:51.392+0000] {logging_mixin.py:150} INFO - [2023-07-23T00:20:51.392+0000] {dag.py:3508} INFO - Setting next_dagrun for example_branch_operator to 2023-07-22T00:00:00+00:00, run_after=2023-07-23T00:00:00+00:00
[2023-07-23T00:20:51.403+0000] {processor.py:179} INFO - Processing /home/airflow/.local/lib/python3.7/site-packages/airflow/example_dags/example_branch_operator.py took 0.058 seconds
[2023-07-23T00:21:21.836+0000] {processor.py:157} INFO - Started process (PID=4057) to work on /home/airflow/.local/lib/python3.7/site-packages/airflow/example_dags/example_branch_operator.py
[2023-07-23T00:21:21.837+0000] {processor.py:826} INFO - Processing file /home/airflow/.local/lib/python3.7/site-packages/airflow/example_dags/example_branch_operator.py for tasks to queue
[2023-07-23T00:21:21.838+0000] {logging_mixin.py:150} INFO - [2023-07-23T00:21:21.838+0000] {dagbag.py:541} INFO - Filling up the DagBag from /home/airflow/.local/lib/python3.7/site-packages/airflow/example_dags/example_branch_operator.py
[2023-07-23T00:21:21.844+0000] {processor.py:836} INFO - DAG(s) dict_keys(['example_branch_operator']) retrieved from /home/airflow/.local/lib/python3.7/site-packages/airflow/example_dags/example_branch_operator.py
[2023-07-23T00:21:21.863+0000] {logging_mixin.py:150} INFO - [2023-07-23T00:21:21.863+0000] {dag.py:2742} INFO - Sync 1 DAGs
[2023-07-23T00:21:21.879+0000] {logging_mixin.py:150} INFO - [2023-07-23T00:21:21.879+0000] {dag.py:3508} INFO - Setting next_dagrun for example_branch_operator to 2023-07-22T00:00:00+00:00, run_after=2023-07-23T00:00:00+00:00
[2023-07-23T00:21:21.891+0000] {processor.py:179} INFO - Processing /home/airflow/.local/lib/python3.7/site-packages/airflow/example_dags/example_branch_operator.py took 0.058 seconds
[2023-07-23T00:21:52.903+0000] {processor.py:157} INFO - Started process (PID=4119) to work on /home/airflow/.local/lib/python3.7/site-packages/airflow/example_dags/example_branch_operator.py
[2023-07-23T00:21:52.904+0000] {processor.py:826} INFO - Processing file /home/airflow/.local/lib/python3.7/site-packages/airflow/example_dags/example_branch_operator.py for tasks to queue
[2023-07-23T00:21:52.905+0000] {logging_mixin.py:150} INFO - [2023-07-23T00:21:52.905+0000] {dagbag.py:541} INFO - Filling up the DagBag from /home/airflow/.local/lib/python3.7/site-packages/airflow/example_dags/example_branch_operator.py
[2023-07-23T00:21:52.911+0000] {processor.py:836} INFO - DAG(s) dict_keys(['example_branch_operator']) retrieved from /home/airflow/.local/lib/python3.7/site-packages/airflow/example_dags/example_branch_operator.py
[2023-07-23T00:21:52.931+0000] {logging_mixin.py:150} INFO - [2023-07-23T00:21:52.931+0000] {dag.py:2742} INFO - Sync 1 DAGs
[2023-07-23T00:21:52.946+0000] {logging_mixin.py:150} INFO - [2023-07-23T00:21:52.946+0000] {dag.py:3508} INFO - Setting next_dagrun for example_branch_operator to 2023-07-22T00:00:00+00:00, run_after=2023-07-23T00:00:00+00:00
[2023-07-23T00:21:52.957+0000] {processor.py:179} INFO - Processing /home/airflow/.local/lib/python3.7/site-packages/airflow/example_dags/example_branch_operator.py took 0.056 seconds
[2023-07-23T00:22:23.546+0000] {processor.py:157} INFO - Started process (PID=4182) to work on /home/airflow/.local/lib/python3.7/site-packages/airflow/example_dags/example_branch_operator.py
[2023-07-23T00:22:23.547+0000] {processor.py:826} INFO - Processing file /home/airflow/.local/lib/python3.7/site-packages/airflow/example_dags/example_branch_operator.py for tasks to queue
[2023-07-23T00:22:23.548+0000] {logging_mixin.py:150} INFO - [2023-07-23T00:22:23.548+0000] {dagbag.py:541} INFO - Filling up the DagBag from /home/airflow/.local/lib/python3.7/site-packages/airflow/example_dags/example_branch_operator.py
[2023-07-23T00:22:23.555+0000] {processor.py:836} INFO - DAG(s) dict_keys(['example_branch_operator']) retrieved from /home/airflow/.local/lib/python3.7/site-packages/airflow/example_dags/example_branch_operator.py
[2023-07-23T00:22:23.582+0000] {logging_mixin.py:150} INFO - [2023-07-23T00:22:23.582+0000] {dag.py:2742} INFO - Sync 1 DAGs
[2023-07-23T00:22:23.602+0000] {logging_mixin.py:150} INFO - [2023-07-23T00:22:23.602+0000] {dag.py:3508} INFO - Setting next_dagrun for example_branch_operator to 2023-07-22T00:00:00+00:00, run_after=2023-07-23T00:00:00+00:00
[2023-07-23T00:22:23.614+0000] {processor.py:179} INFO - Processing /home/airflow/.local/lib/python3.7/site-packages/airflow/example_dags/example_branch_operator.py took 0.070 seconds
[2023-07-23T00:22:54.467+0000] {processor.py:157} INFO - Started process (PID=4245) to work on /home/airflow/.local/lib/python3.7/site-packages/airflow/example_dags/example_branch_operator.py
[2023-07-23T00:22:54.469+0000] {processor.py:826} INFO - Processing file /home/airflow/.local/lib/python3.7/site-packages/airflow/example_dags/example_branch_operator.py for tasks to queue
[2023-07-23T00:22:54.470+0000] {logging_mixin.py:150} INFO - [2023-07-23T00:22:54.469+0000] {dagbag.py:541} INFO - Filling up the DagBag from /home/airflow/.local/lib/python3.7/site-packages/airflow/example_dags/example_branch_operator.py
[2023-07-23T00:22:54.477+0000] {processor.py:836} INFO - DAG(s) dict_keys(['example_branch_operator']) retrieved from /home/airflow/.local/lib/python3.7/site-packages/airflow/example_dags/example_branch_operator.py
[2023-07-23T00:22:54.496+0000] {logging_mixin.py:150} INFO - [2023-07-23T00:22:54.496+0000] {dag.py:2742} INFO - Sync 1 DAGs
[2023-07-23T00:22:54.512+0000] {logging_mixin.py:150} INFO - [2023-07-23T00:22:54.512+0000] {dag.py:3508} INFO - Setting next_dagrun for example_branch_operator to 2023-07-22T00:00:00+00:00, run_after=2023-07-23T00:00:00+00:00
[2023-07-23T00:22:54.524+0000] {processor.py:179} INFO - Processing /home/airflow/.local/lib/python3.7/site-packages/airflow/example_dags/example_branch_operator.py took 0.059 seconds
[2023-07-23T00:23:24.845+0000] {processor.py:157} INFO - Started process (PID=4309) to work on /home/airflow/.local/lib/python3.7/site-packages/airflow/example_dags/example_branch_operator.py
[2023-07-23T00:23:24.846+0000] {processor.py:826} INFO - Processing file /home/airflow/.local/lib/python3.7/site-packages/airflow/example_dags/example_branch_operator.py for tasks to queue
[2023-07-23T00:23:24.848+0000] {logging_mixin.py:150} INFO - [2023-07-23T00:23:24.848+0000] {dagbag.py:541} INFO - Filling up the DagBag from /home/airflow/.local/lib/python3.7/site-packages/airflow/example_dags/example_branch_operator.py
[2023-07-23T00:23:24.861+0000] {processor.py:836} INFO - DAG(s) dict_keys(['example_branch_operator']) retrieved from /home/airflow/.local/lib/python3.7/site-packages/airflow/example_dags/example_branch_operator.py
[2023-07-23T00:23:24.896+0000] {logging_mixin.py:150} INFO - [2023-07-23T00:23:24.896+0000] {dag.py:2742} INFO - Sync 1 DAGs
[2023-07-23T00:23:24.917+0000] {logging_mixin.py:150} INFO - [2023-07-23T00:23:24.917+0000] {dag.py:3508} INFO - Setting next_dagrun for example_branch_operator to 2023-07-22T00:00:00+00:00, run_after=2023-07-23T00:00:00+00:00
[2023-07-23T00:23:24.929+0000] {processor.py:179} INFO - Processing /home/airflow/.local/lib/python3.7/site-packages/airflow/example_dags/example_branch_operator.py took 0.087 seconds
[2023-07-23T00:23:55.480+0000] {processor.py:157} INFO - Started process (PID=4366) to work on /home/airflow/.local/lib/python3.7/site-packages/airflow/example_dags/example_branch_operator.py
[2023-07-23T00:23:55.481+0000] {processor.py:826} INFO - Processing file /home/airflow/.local/lib/python3.7/site-packages/airflow/example_dags/example_branch_operator.py for tasks to queue
[2023-07-23T00:23:55.482+0000] {logging_mixin.py:150} INFO - [2023-07-23T00:23:55.482+0000] {dagbag.py:541} INFO - Filling up the DagBag from /home/airflow/.local/lib/python3.7/site-packages/airflow/example_dags/example_branch_operator.py
[2023-07-23T00:23:55.490+0000] {processor.py:836} INFO - DAG(s) dict_keys(['example_branch_operator']) retrieved from /home/airflow/.local/lib/python3.7/site-packages/airflow/example_dags/example_branch_operator.py
[2023-07-23T00:23:55.515+0000] {logging_mixin.py:150} INFO - [2023-07-23T00:23:55.514+0000] {dag.py:2742} INFO - Sync 1 DAGs
[2023-07-23T00:23:55.539+0000] {logging_mixin.py:150} INFO - [2023-07-23T00:23:55.538+0000] {dag.py:3508} INFO - Setting next_dagrun for example_branch_operator to 2023-07-22T00:00:00+00:00, run_after=2023-07-23T00:00:00+00:00
[2023-07-23T00:23:55.550+0000] {processor.py:179} INFO - Processing /home/airflow/.local/lib/python3.7/site-packages/airflow/example_dags/example_branch_operator.py took 0.073 seconds
[2023-07-23T00:24:25.758+0000] {processor.py:157} INFO - Started process (PID=4430) to work on /home/airflow/.local/lib/python3.7/site-packages/airflow/example_dags/example_branch_operator.py
[2023-07-23T00:24:25.760+0000] {processor.py:826} INFO - Processing file /home/airflow/.local/lib/python3.7/site-packages/airflow/example_dags/example_branch_operator.py for tasks to queue
[2023-07-23T00:24:25.761+0000] {logging_mixin.py:150} INFO - [2023-07-23T00:24:25.760+0000] {dagbag.py:541} INFO - Filling up the DagBag from /home/airflow/.local/lib/python3.7/site-packages/airflow/example_dags/example_branch_operator.py
[2023-07-23T00:24:25.767+0000] {processor.py:836} INFO - DAG(s) dict_keys(['example_branch_operator']) retrieved from /home/airflow/.local/lib/python3.7/site-packages/airflow/example_dags/example_branch_operator.py
[2023-07-23T00:24:25.787+0000] {logging_mixin.py:150} INFO - [2023-07-23T00:24:25.787+0000] {dag.py:2742} INFO - Sync 1 DAGs
[2023-07-23T00:24:25.805+0000] {logging_mixin.py:150} INFO - [2023-07-23T00:24:25.805+0000] {dag.py:3508} INFO - Setting next_dagrun for example_branch_operator to 2023-07-22T00:00:00+00:00, run_after=2023-07-23T00:00:00+00:00
[2023-07-23T00:24:25.816+0000] {processor.py:179} INFO - Processing /home/airflow/.local/lib/python3.7/site-packages/airflow/example_dags/example_branch_operator.py took 0.060 seconds
