[2023-07-23T00:00:22.592+0000] {processor.py:157} INFO - Started process (PID=1442) to work on /home/airflow/.local/lib/python3.7/site-packages/airflow/example_dags/example_short_circuit_operator.py
[2023-07-23T00:00:22.593+0000] {processor.py:826} INFO - Processing file /home/airflow/.local/lib/python3.7/site-packages/airflow/example_dags/example_short_circuit_operator.py for tasks to queue
[2023-07-23T00:00:22.594+0000] {logging_mixin.py:150} INFO - [2023-07-23T00:00:22.594+0000] {dagbag.py:541} INFO - Filling up the DagBag from /home/airflow/.local/lib/python3.7/site-packages/airflow/example_dags/example_short_circuit_operator.py
[2023-07-23T00:00:22.602+0000] {processor.py:836} INFO - DAG(s) dict_keys(['example_short_circuit_operator']) retrieved from /home/airflow/.local/lib/python3.7/site-packages/airflow/example_dags/example_short_circuit_operator.py
[2023-07-23T00:00:22.623+0000] {logging_mixin.py:150} INFO - [2023-07-23T00:00:22.623+0000] {dag.py:2742} INFO - Sync 1 DAGs
[2023-07-23T00:00:22.641+0000] {logging_mixin.py:150} INFO - [2023-07-23T00:00:22.641+0000] {dag.py:3508} INFO - Setting next_dagrun for example_short_circuit_operator to 2023-07-22T00:00:22.641617+00:00, run_after=2023-07-23T00:00:22.641617+00:00
[2023-07-23T00:00:22.655+0000] {processor.py:179} INFO - Processing /home/airflow/.local/lib/python3.7/site-packages/airflow/example_dags/example_short_circuit_operator.py took 0.066 seconds
[2023-07-23T00:00:52.777+0000] {processor.py:157} INFO - Started process (PID=1505) to work on /home/airflow/.local/lib/python3.7/site-packages/airflow/example_dags/example_short_circuit_operator.py
[2023-07-23T00:00:52.779+0000] {processor.py:826} INFO - Processing file /home/airflow/.local/lib/python3.7/site-packages/airflow/example_dags/example_short_circuit_operator.py for tasks to queue
[2023-07-23T00:00:52.780+0000] {logging_mixin.py:150} INFO - [2023-07-23T00:00:52.780+0000] {dagbag.py:541} INFO - Filling up the DagBag from /home/airflow/.local/lib/python3.7/site-packages/airflow/example_dags/example_short_circuit_operator.py
[2023-07-23T00:00:52.788+0000] {processor.py:836} INFO - DAG(s) dict_keys(['example_short_circuit_operator']) retrieved from /home/airflow/.local/lib/python3.7/site-packages/airflow/example_dags/example_short_circuit_operator.py
[2023-07-23T00:00:52.810+0000] {logging_mixin.py:150} INFO - [2023-07-23T00:00:52.810+0000] {dag.py:2742} INFO - Sync 1 DAGs
[2023-07-23T00:00:52.830+0000] {logging_mixin.py:150} INFO - [2023-07-23T00:00:52.830+0000] {dag.py:3508} INFO - Setting next_dagrun for example_short_circuit_operator to 2023-07-22T00:00:52.829917+00:00, run_after=2023-07-23T00:00:52.829917+00:00
[2023-07-23T00:00:52.842+0000] {processor.py:179} INFO - Processing /home/airflow/.local/lib/python3.7/site-packages/airflow/example_dags/example_short_circuit_operator.py took 0.068 seconds
[2023-07-23T00:01:23.009+0000] {processor.py:157} INFO - Started process (PID=1568) to work on /home/airflow/.local/lib/python3.7/site-packages/airflow/example_dags/example_short_circuit_operator.py
[2023-07-23T00:01:23.010+0000] {processor.py:826} INFO - Processing file /home/airflow/.local/lib/python3.7/site-packages/airflow/example_dags/example_short_circuit_operator.py for tasks to queue
[2023-07-23T00:01:23.011+0000] {logging_mixin.py:150} INFO - [2023-07-23T00:01:23.011+0000] {dagbag.py:541} INFO - Filling up the DagBag from /home/airflow/.local/lib/python3.7/site-packages/airflow/example_dags/example_short_circuit_operator.py
[2023-07-23T00:01:23.017+0000] {processor.py:836} INFO - DAG(s) dict_keys(['example_short_circuit_operator']) retrieved from /home/airflow/.local/lib/python3.7/site-packages/airflow/example_dags/example_short_circuit_operator.py
[2023-07-23T00:01:23.037+0000] {logging_mixin.py:150} INFO - [2023-07-23T00:01:23.037+0000] {dag.py:2742} INFO - Sync 1 DAGs
[2023-07-23T00:01:23.053+0000] {logging_mixin.py:150} INFO - [2023-07-23T00:01:23.053+0000] {dag.py:3508} INFO - Setting next_dagrun for example_short_circuit_operator to 2023-07-22T00:01:23.053432+00:00, run_after=2023-07-23T00:01:23.053432+00:00
[2023-07-23T00:01:23.066+0000] {processor.py:179} INFO - Processing /home/airflow/.local/lib/python3.7/site-packages/airflow/example_dags/example_short_circuit_operator.py took 0.059 seconds
[2023-07-23T00:01:53.116+0000] {processor.py:157} INFO - Started process (PID=1631) to work on /home/airflow/.local/lib/python3.7/site-packages/airflow/example_dags/example_short_circuit_operator.py
[2023-07-23T00:01:53.118+0000] {processor.py:826} INFO - Processing file /home/airflow/.local/lib/python3.7/site-packages/airflow/example_dags/example_short_circuit_operator.py for tasks to queue
[2023-07-23T00:01:53.119+0000] {logging_mixin.py:150} INFO - [2023-07-23T00:01:53.119+0000] {dagbag.py:541} INFO - Filling up the DagBag from /home/airflow/.local/lib/python3.7/site-packages/airflow/example_dags/example_short_circuit_operator.py
[2023-07-23T00:01:53.143+0000] {processor.py:836} INFO - DAG(s) dict_keys(['example_short_circuit_operator']) retrieved from /home/airflow/.local/lib/python3.7/site-packages/airflow/example_dags/example_short_circuit_operator.py
[2023-07-23T00:01:53.170+0000] {logging_mixin.py:150} INFO - [2023-07-23T00:01:53.170+0000] {dag.py:2742} INFO - Sync 1 DAGs
[2023-07-23T00:01:53.188+0000] {logging_mixin.py:150} INFO - [2023-07-23T00:01:53.188+0000] {dag.py:3508} INFO - Setting next_dagrun for example_short_circuit_operator to 2023-07-22T00:01:53.188392+00:00, run_after=2023-07-23T00:01:53.188392+00:00
[2023-07-23T00:01:53.199+0000] {processor.py:179} INFO - Processing /home/airflow/.local/lib/python3.7/site-packages/airflow/example_dags/example_short_circuit_operator.py took 0.088 seconds
[2023-07-23T00:02:23.569+0000] {processor.py:157} INFO - Started process (PID=1695) to work on /home/airflow/.local/lib/python3.7/site-packages/airflow/example_dags/example_short_circuit_operator.py
[2023-07-23T00:02:23.570+0000] {processor.py:826} INFO - Processing file /home/airflow/.local/lib/python3.7/site-packages/airflow/example_dags/example_short_circuit_operator.py for tasks to queue
[2023-07-23T00:02:23.571+0000] {logging_mixin.py:150} INFO - [2023-07-23T00:02:23.571+0000] {dagbag.py:541} INFO - Filling up the DagBag from /home/airflow/.local/lib/python3.7/site-packages/airflow/example_dags/example_short_circuit_operator.py
[2023-07-23T00:02:23.576+0000] {processor.py:836} INFO - DAG(s) dict_keys(['example_short_circuit_operator']) retrieved from /home/airflow/.local/lib/python3.7/site-packages/airflow/example_dags/example_short_circuit_operator.py
[2023-07-23T00:02:23.598+0000] {logging_mixin.py:150} INFO - [2023-07-23T00:02:23.597+0000] {dag.py:2742} INFO - Sync 1 DAGs
[2023-07-23T00:02:23.617+0000] {logging_mixin.py:150} INFO - [2023-07-23T00:02:23.616+0000] {dag.py:3508} INFO - Setting next_dagrun for example_short_circuit_operator to 2023-07-22T00:02:23.616666+00:00, run_after=2023-07-23T00:02:23.616666+00:00
[2023-07-23T00:02:23.629+0000] {processor.py:179} INFO - Processing /home/airflow/.local/lib/python3.7/site-packages/airflow/example_dags/example_short_circuit_operator.py took 0.063 seconds
[2023-07-23T00:02:54.485+0000] {processor.py:157} INFO - Started process (PID=1763) to work on /home/airflow/.local/lib/python3.7/site-packages/airflow/example_dags/example_short_circuit_operator.py
[2023-07-23T00:02:54.486+0000] {processor.py:826} INFO - Processing file /home/airflow/.local/lib/python3.7/site-packages/airflow/example_dags/example_short_circuit_operator.py for tasks to queue
[2023-07-23T00:02:54.487+0000] {logging_mixin.py:150} INFO - [2023-07-23T00:02:54.487+0000] {dagbag.py:541} INFO - Filling up the DagBag from /home/airflow/.local/lib/python3.7/site-packages/airflow/example_dags/example_short_circuit_operator.py
[2023-07-23T00:02:54.493+0000] {processor.py:836} INFO - DAG(s) dict_keys(['example_short_circuit_operator']) retrieved from /home/airflow/.local/lib/python3.7/site-packages/airflow/example_dags/example_short_circuit_operator.py
[2023-07-23T00:02:54.511+0000] {logging_mixin.py:150} INFO - [2023-07-23T00:02:54.511+0000] {dag.py:2742} INFO - Sync 1 DAGs
[2023-07-23T00:02:54.526+0000] {logging_mixin.py:150} INFO - [2023-07-23T00:02:54.526+0000] {dag.py:3508} INFO - Setting next_dagrun for example_short_circuit_operator to 2023-07-22T00:02:54.526347+00:00, run_after=2023-07-23T00:02:54.526347+00:00
[2023-07-23T00:02:54.537+0000] {processor.py:179} INFO - Processing /home/airflow/.local/lib/python3.7/site-packages/airflow/example_dags/example_short_circuit_operator.py took 0.054 seconds
[2023-07-23T00:03:24.893+0000] {processor.py:157} INFO - Started process (PID=1826) to work on /home/airflow/.local/lib/python3.7/site-packages/airflow/example_dags/example_short_circuit_operator.py
[2023-07-23T00:03:24.894+0000] {processor.py:826} INFO - Processing file /home/airflow/.local/lib/python3.7/site-packages/airflow/example_dags/example_short_circuit_operator.py for tasks to queue
[2023-07-23T00:03:24.895+0000] {logging_mixin.py:150} INFO - [2023-07-23T00:03:24.895+0000] {dagbag.py:541} INFO - Filling up the DagBag from /home/airflow/.local/lib/python3.7/site-packages/airflow/example_dags/example_short_circuit_operator.py
[2023-07-23T00:03:24.901+0000] {processor.py:836} INFO - DAG(s) dict_keys(['example_short_circuit_operator']) retrieved from /home/airflow/.local/lib/python3.7/site-packages/airflow/example_dags/example_short_circuit_operator.py
[2023-07-23T00:03:24.919+0000] {logging_mixin.py:150} INFO - [2023-07-23T00:03:24.919+0000] {dag.py:2742} INFO - Sync 1 DAGs
[2023-07-23T00:03:24.933+0000] {logging_mixin.py:150} INFO - [2023-07-23T00:03:24.933+0000] {dag.py:3508} INFO - Setting next_dagrun for example_short_circuit_operator to 2023-07-22T00:03:24.933481+00:00, run_after=2023-07-23T00:03:24.933481+00:00
[2023-07-23T00:03:24.944+0000] {processor.py:179} INFO - Processing /home/airflow/.local/lib/python3.7/site-packages/airflow/example_dags/example_short_circuit_operator.py took 0.053 seconds
[2023-07-23T00:03:55.257+0000] {processor.py:157} INFO - Started process (PID=1889) to work on /home/airflow/.local/lib/python3.7/site-packages/airflow/example_dags/example_short_circuit_operator.py
[2023-07-23T00:03:55.258+0000] {processor.py:826} INFO - Processing file /home/airflow/.local/lib/python3.7/site-packages/airflow/example_dags/example_short_circuit_operator.py for tasks to queue
[2023-07-23T00:03:55.260+0000] {logging_mixin.py:150} INFO - [2023-07-23T00:03:55.260+0000] {dagbag.py:541} INFO - Filling up the DagBag from /home/airflow/.local/lib/python3.7/site-packages/airflow/example_dags/example_short_circuit_operator.py
[2023-07-23T00:03:55.270+0000] {processor.py:836} INFO - DAG(s) dict_keys(['example_short_circuit_operator']) retrieved from /home/airflow/.local/lib/python3.7/site-packages/airflow/example_dags/example_short_circuit_operator.py
[2023-07-23T00:03:55.299+0000] {logging_mixin.py:150} INFO - [2023-07-23T00:03:55.299+0000] {dag.py:2742} INFO - Sync 1 DAGs
[2023-07-23T00:03:55.318+0000] {logging_mixin.py:150} INFO - [2023-07-23T00:03:55.317+0000] {dag.py:3508} INFO - Setting next_dagrun for example_short_circuit_operator to 2023-07-22T00:03:55.317743+00:00, run_after=2023-07-23T00:03:55.317743+00:00
[2023-07-23T00:03:55.332+0000] {processor.py:179} INFO - Processing /home/airflow/.local/lib/python3.7/site-packages/airflow/example_dags/example_short_circuit_operator.py took 0.078 seconds
[2023-07-23T00:04:25.727+0000] {processor.py:157} INFO - Started process (PID=1953) to work on /home/airflow/.local/lib/python3.7/site-packages/airflow/example_dags/example_short_circuit_operator.py
[2023-07-23T00:04:25.729+0000] {processor.py:826} INFO - Processing file /home/airflow/.local/lib/python3.7/site-packages/airflow/example_dags/example_short_circuit_operator.py for tasks to queue
[2023-07-23T00:04:25.730+0000] {logging_mixin.py:150} INFO - [2023-07-23T00:04:25.729+0000] {dagbag.py:541} INFO - Filling up the DagBag from /home/airflow/.local/lib/python3.7/site-packages/airflow/example_dags/example_short_circuit_operator.py
[2023-07-23T00:04:25.737+0000] {processor.py:836} INFO - DAG(s) dict_keys(['example_short_circuit_operator']) retrieved from /home/airflow/.local/lib/python3.7/site-packages/airflow/example_dags/example_short_circuit_operator.py
[2023-07-23T00:04:25.761+0000] {logging_mixin.py:150} INFO - [2023-07-23T00:04:25.761+0000] {dag.py:2742} INFO - Sync 1 DAGs
[2023-07-23T00:04:25.780+0000] {logging_mixin.py:150} INFO - [2023-07-23T00:04:25.779+0000] {dag.py:3508} INFO - Setting next_dagrun for example_short_circuit_operator to 2023-07-22T00:04:25.779725+00:00, run_after=2023-07-23T00:04:25.779725+00:00
[2023-07-23T00:04:25.790+0000] {processor.py:179} INFO - Processing /home/airflow/.local/lib/python3.7/site-packages/airflow/example_dags/example_short_circuit_operator.py took 0.065 seconds
[2023-07-23T00:04:56.207+0000] {processor.py:157} INFO - Started process (PID=2016) to work on /home/airflow/.local/lib/python3.7/site-packages/airflow/example_dags/example_short_circuit_operator.py
[2023-07-23T00:04:56.208+0000] {processor.py:826} INFO - Processing file /home/airflow/.local/lib/python3.7/site-packages/airflow/example_dags/example_short_circuit_operator.py for tasks to queue
[2023-07-23T00:04:56.209+0000] {logging_mixin.py:150} INFO - [2023-07-23T00:04:56.209+0000] {dagbag.py:541} INFO - Filling up the DagBag from /home/airflow/.local/lib/python3.7/site-packages/airflow/example_dags/example_short_circuit_operator.py
[2023-07-23T00:04:56.217+0000] {processor.py:836} INFO - DAG(s) dict_keys(['example_short_circuit_operator']) retrieved from /home/airflow/.local/lib/python3.7/site-packages/airflow/example_dags/example_short_circuit_operator.py
[2023-07-23T00:04:56.237+0000] {logging_mixin.py:150} INFO - [2023-07-23T00:04:56.237+0000] {dag.py:2742} INFO - Sync 1 DAGs
[2023-07-23T00:04:56.253+0000] {logging_mixin.py:150} INFO - [2023-07-23T00:04:56.253+0000] {dag.py:3508} INFO - Setting next_dagrun for example_short_circuit_operator to 2023-07-22T00:04:56.253421+00:00, run_after=2023-07-23T00:04:56.253421+00:00
[2023-07-23T00:04:56.266+0000] {processor.py:179} INFO - Processing /home/airflow/.local/lib/python3.7/site-packages/airflow/example_dags/example_short_circuit_operator.py took 0.062 seconds
[2023-07-23T00:05:26.501+0000] {processor.py:157} INFO - Started process (PID=2079) to work on /home/airflow/.local/lib/python3.7/site-packages/airflow/example_dags/example_short_circuit_operator.py
[2023-07-23T00:05:26.502+0000] {processor.py:826} INFO - Processing file /home/airflow/.local/lib/python3.7/site-packages/airflow/example_dags/example_short_circuit_operator.py for tasks to queue
[2023-07-23T00:05:26.503+0000] {logging_mixin.py:150} INFO - [2023-07-23T00:05:26.503+0000] {dagbag.py:541} INFO - Filling up the DagBag from /home/airflow/.local/lib/python3.7/site-packages/airflow/example_dags/example_short_circuit_operator.py
[2023-07-23T00:05:26.509+0000] {processor.py:836} INFO - DAG(s) dict_keys(['example_short_circuit_operator']) retrieved from /home/airflow/.local/lib/python3.7/site-packages/airflow/example_dags/example_short_circuit_operator.py
[2023-07-23T00:05:26.527+0000] {logging_mixin.py:150} INFO - [2023-07-23T00:05:26.526+0000] {dag.py:2742} INFO - Sync 1 DAGs
[2023-07-23T00:05:26.541+0000] {logging_mixin.py:150} INFO - [2023-07-23T00:05:26.540+0000] {dag.py:3508} INFO - Setting next_dagrun for example_short_circuit_operator to 2023-07-22T00:05:26.540738+00:00, run_after=2023-07-23T00:05:26.540738+00:00
[2023-07-23T00:05:26.551+0000] {processor.py:179} INFO - Processing /home/airflow/.local/lib/python3.7/site-packages/airflow/example_dags/example_short_circuit_operator.py took 0.052 seconds
[2023-07-23T00:05:56.933+0000] {processor.py:157} INFO - Started process (PID=2142) to work on /home/airflow/.local/lib/python3.7/site-packages/airflow/example_dags/example_short_circuit_operator.py
[2023-07-23T00:05:56.934+0000] {processor.py:826} INFO - Processing file /home/airflow/.local/lib/python3.7/site-packages/airflow/example_dags/example_short_circuit_operator.py for tasks to queue
[2023-07-23T00:05:56.935+0000] {logging_mixin.py:150} INFO - [2023-07-23T00:05:56.935+0000] {dagbag.py:541} INFO - Filling up the DagBag from /home/airflow/.local/lib/python3.7/site-packages/airflow/example_dags/example_short_circuit_operator.py
[2023-07-23T00:05:56.941+0000] {processor.py:836} INFO - DAG(s) dict_keys(['example_short_circuit_operator']) retrieved from /home/airflow/.local/lib/python3.7/site-packages/airflow/example_dags/example_short_circuit_operator.py
[2023-07-23T00:05:56.961+0000] {logging_mixin.py:150} INFO - [2023-07-23T00:05:56.961+0000] {dag.py:2742} INFO - Sync 1 DAGs
[2023-07-23T00:05:56.979+0000] {logging_mixin.py:150} INFO - [2023-07-23T00:05:56.979+0000] {dag.py:3508} INFO - Setting next_dagrun for example_short_circuit_operator to 2023-07-22T00:05:56.978988+00:00, run_after=2023-07-23T00:05:56.978988+00:00
[2023-07-23T00:05:56.989+0000] {processor.py:179} INFO - Processing /home/airflow/.local/lib/python3.7/site-packages/airflow/example_dags/example_short_circuit_operator.py took 0.059 seconds
[2023-07-23T00:06:27.629+0000] {processor.py:157} INFO - Started process (PID=2205) to work on /home/airflow/.local/lib/python3.7/site-packages/airflow/example_dags/example_short_circuit_operator.py
[2023-07-23T00:06:27.630+0000] {processor.py:826} INFO - Processing file /home/airflow/.local/lib/python3.7/site-packages/airflow/example_dags/example_short_circuit_operator.py for tasks to queue
[2023-07-23T00:06:27.631+0000] {logging_mixin.py:150} INFO - [2023-07-23T00:06:27.631+0000] {dagbag.py:541} INFO - Filling up the DagBag from /home/airflow/.local/lib/python3.7/site-packages/airflow/example_dags/example_short_circuit_operator.py
[2023-07-23T00:06:27.638+0000] {processor.py:836} INFO - DAG(s) dict_keys(['example_short_circuit_operator']) retrieved from /home/airflow/.local/lib/python3.7/site-packages/airflow/example_dags/example_short_circuit_operator.py
[2023-07-23T00:06:27.657+0000] {logging_mixin.py:150} INFO - [2023-07-23T00:06:27.657+0000] {dag.py:2742} INFO - Sync 1 DAGs
[2023-07-23T00:06:27.672+0000] {logging_mixin.py:150} INFO - [2023-07-23T00:06:27.672+0000] {dag.py:3508} INFO - Setting next_dagrun for example_short_circuit_operator to 2023-07-22T00:06:27.672521+00:00, run_after=2023-07-23T00:06:27.672521+00:00
[2023-07-23T00:06:27.685+0000] {processor.py:179} INFO - Processing /home/airflow/.local/lib/python3.7/site-packages/airflow/example_dags/example_short_circuit_operator.py took 0.059 seconds
[2023-07-23T00:06:58.080+0000] {processor.py:157} INFO - Started process (PID=2268) to work on /home/airflow/.local/lib/python3.7/site-packages/airflow/example_dags/example_short_circuit_operator.py
[2023-07-23T00:06:58.081+0000] {processor.py:826} INFO - Processing file /home/airflow/.local/lib/python3.7/site-packages/airflow/example_dags/example_short_circuit_operator.py for tasks to queue
[2023-07-23T00:06:58.082+0000] {logging_mixin.py:150} INFO - [2023-07-23T00:06:58.081+0000] {dagbag.py:541} INFO - Filling up the DagBag from /home/airflow/.local/lib/python3.7/site-packages/airflow/example_dags/example_short_circuit_operator.py
[2023-07-23T00:06:58.088+0000] {processor.py:836} INFO - DAG(s) dict_keys(['example_short_circuit_operator']) retrieved from /home/airflow/.local/lib/python3.7/site-packages/airflow/example_dags/example_short_circuit_operator.py
[2023-07-23T00:06:58.114+0000] {logging_mixin.py:150} INFO - [2023-07-23T00:06:58.114+0000] {dag.py:2742} INFO - Sync 1 DAGs
[2023-07-23T00:06:58.131+0000] {logging_mixin.py:150} INFO - [2023-07-23T00:06:58.131+0000] {dag.py:3508} INFO - Setting next_dagrun for example_short_circuit_operator to 2023-07-22T00:06:58.130984+00:00, run_after=2023-07-23T00:06:58.130984+00:00
[2023-07-23T00:06:58.142+0000] {processor.py:179} INFO - Processing /home/airflow/.local/lib/python3.7/site-packages/airflow/example_dags/example_short_circuit_operator.py took 0.065 seconds
[2023-07-23T00:07:28.482+0000] {processor.py:157} INFO - Started process (PID=2331) to work on /home/airflow/.local/lib/python3.7/site-packages/airflow/example_dags/example_short_circuit_operator.py
[2023-07-23T00:07:28.483+0000] {processor.py:826} INFO - Processing file /home/airflow/.local/lib/python3.7/site-packages/airflow/example_dags/example_short_circuit_operator.py for tasks to queue
[2023-07-23T00:07:28.484+0000] {logging_mixin.py:150} INFO - [2023-07-23T00:07:28.484+0000] {dagbag.py:541} INFO - Filling up the DagBag from /home/airflow/.local/lib/python3.7/site-packages/airflow/example_dags/example_short_circuit_operator.py
[2023-07-23T00:07:28.490+0000] {processor.py:836} INFO - DAG(s) dict_keys(['example_short_circuit_operator']) retrieved from /home/airflow/.local/lib/python3.7/site-packages/airflow/example_dags/example_short_circuit_operator.py
[2023-07-23T00:07:28.509+0000] {logging_mixin.py:150} INFO - [2023-07-23T00:07:28.509+0000] {dag.py:2742} INFO - Sync 1 DAGs
[2023-07-23T00:07:28.524+0000] {logging_mixin.py:150} INFO - [2023-07-23T00:07:28.524+0000] {dag.py:3508} INFO - Setting next_dagrun for example_short_circuit_operator to 2023-07-22T00:07:28.524490+00:00, run_after=2023-07-23T00:07:28.524490+00:00
[2023-07-23T00:07:28.535+0000] {processor.py:179} INFO - Processing /home/airflow/.local/lib/python3.7/site-packages/airflow/example_dags/example_short_circuit_operator.py took 0.056 seconds
[2023-07-23T00:07:58.725+0000] {processor.py:157} INFO - Started process (PID=2395) to work on /home/airflow/.local/lib/python3.7/site-packages/airflow/example_dags/example_short_circuit_operator.py
[2023-07-23T00:07:58.726+0000] {processor.py:826} INFO - Processing file /home/airflow/.local/lib/python3.7/site-packages/airflow/example_dags/example_short_circuit_operator.py for tasks to queue
[2023-07-23T00:07:58.728+0000] {logging_mixin.py:150} INFO - [2023-07-23T00:07:58.727+0000] {dagbag.py:541} INFO - Filling up the DagBag from /home/airflow/.local/lib/python3.7/site-packages/airflow/example_dags/example_short_circuit_operator.py
[2023-07-23T00:07:58.734+0000] {processor.py:836} INFO - DAG(s) dict_keys(['example_short_circuit_operator']) retrieved from /home/airflow/.local/lib/python3.7/site-packages/airflow/example_dags/example_short_circuit_operator.py
[2023-07-23T00:07:58.760+0000] {logging_mixin.py:150} INFO - [2023-07-23T00:07:58.760+0000] {dag.py:2742} INFO - Sync 1 DAGs
[2023-07-23T00:07:58.777+0000] {logging_mixin.py:150} INFO - [2023-07-23T00:07:58.776+0000] {dag.py:3508} INFO - Setting next_dagrun for example_short_circuit_operator to 2023-07-22T00:07:58.776739+00:00, run_after=2023-07-23T00:07:58.776739+00:00
[2023-07-23T00:07:58.788+0000] {processor.py:179} INFO - Processing /home/airflow/.local/lib/python3.7/site-packages/airflow/example_dags/example_short_circuit_operator.py took 0.067 seconds
[2023-07-23T00:08:30.219+0000] {processor.py:157} INFO - Started process (PID=2462) to work on /home/airflow/.local/lib/python3.7/site-packages/airflow/example_dags/example_short_circuit_operator.py
[2023-07-23T00:08:30.223+0000] {processor.py:826} INFO - Processing file /home/airflow/.local/lib/python3.7/site-packages/airflow/example_dags/example_short_circuit_operator.py for tasks to queue
[2023-07-23T00:08:30.225+0000] {logging_mixin.py:150} INFO - [2023-07-23T00:08:30.224+0000] {dagbag.py:541} INFO - Filling up the DagBag from /home/airflow/.local/lib/python3.7/site-packages/airflow/example_dags/example_short_circuit_operator.py
[2023-07-23T00:08:30.237+0000] {processor.py:836} INFO - DAG(s) dict_keys(['example_short_circuit_operator']) retrieved from /home/airflow/.local/lib/python3.7/site-packages/airflow/example_dags/example_short_circuit_operator.py
[2023-07-23T00:08:30.303+0000] {logging_mixin.py:150} INFO - [2023-07-23T00:08:30.302+0000] {dag.py:2742} INFO - Sync 1 DAGs
[2023-07-23T00:08:30.355+0000] {logging_mixin.py:150} INFO - [2023-07-23T00:08:30.354+0000] {dag.py:3508} INFO - Setting next_dagrun for example_short_circuit_operator to 2023-07-22T00:08:30.354278+00:00, run_after=2023-07-23T00:08:30.354278+00:00
[2023-07-23T00:08:30.382+0000] {processor.py:179} INFO - Processing /home/airflow/.local/lib/python3.7/site-packages/airflow/example_dags/example_short_circuit_operator.py took 0.167 seconds
[2023-07-23T00:09:01.068+0000] {processor.py:157} INFO - Started process (PID=2524) to work on /home/airflow/.local/lib/python3.7/site-packages/airflow/example_dags/example_short_circuit_operator.py
[2023-07-23T00:09:01.079+0000] {processor.py:826} INFO - Processing file /home/airflow/.local/lib/python3.7/site-packages/airflow/example_dags/example_short_circuit_operator.py for tasks to queue
[2023-07-23T00:09:01.085+0000] {logging_mixin.py:150} INFO - [2023-07-23T00:09:01.084+0000] {dagbag.py:541} INFO - Filling up the DagBag from /home/airflow/.local/lib/python3.7/site-packages/airflow/example_dags/example_short_circuit_operator.py
[2023-07-23T00:09:01.093+0000] {processor.py:836} INFO - DAG(s) dict_keys(['example_short_circuit_operator']) retrieved from /home/airflow/.local/lib/python3.7/site-packages/airflow/example_dags/example_short_circuit_operator.py
[2023-07-23T00:09:01.182+0000] {logging_mixin.py:150} INFO - [2023-07-23T00:09:01.182+0000] {dag.py:2742} INFO - Sync 1 DAGs
[2023-07-23T00:09:01.223+0000] {logging_mixin.py:150} INFO - [2023-07-23T00:09:01.223+0000] {dag.py:3508} INFO - Setting next_dagrun for example_short_circuit_operator to 2023-07-22T00:09:01.223017+00:00, run_after=2023-07-23T00:09:01.223017+00:00
[2023-07-23T00:09:01.244+0000] {processor.py:179} INFO - Processing /home/airflow/.local/lib/python3.7/site-packages/airflow/example_dags/example_short_circuit_operator.py took 0.179 seconds
[2023-07-23T00:09:32.053+0000] {processor.py:157} INFO - Started process (PID=2584) to work on /home/airflow/.local/lib/python3.7/site-packages/airflow/example_dags/example_short_circuit_operator.py
[2023-07-23T00:09:32.058+0000] {processor.py:826} INFO - Processing file /home/airflow/.local/lib/python3.7/site-packages/airflow/example_dags/example_short_circuit_operator.py for tasks to queue
[2023-07-23T00:09:32.064+0000] {logging_mixin.py:150} INFO - [2023-07-23T00:09:32.062+0000] {dagbag.py:541} INFO - Filling up the DagBag from /home/airflow/.local/lib/python3.7/site-packages/airflow/example_dags/example_short_circuit_operator.py
[2023-07-23T00:09:32.106+0000] {processor.py:836} INFO - DAG(s) dict_keys(['example_short_circuit_operator']) retrieved from /home/airflow/.local/lib/python3.7/site-packages/airflow/example_dags/example_short_circuit_operator.py
[2023-07-23T00:09:32.139+0000] {logging_mixin.py:150} INFO - [2023-07-23T00:09:32.139+0000] {dag.py:2742} INFO - Sync 1 DAGs
[2023-07-23T00:09:32.161+0000] {logging_mixin.py:150} INFO - [2023-07-23T00:09:32.161+0000] {dag.py:3508} INFO - Setting next_dagrun for example_short_circuit_operator to 2023-07-22T00:09:32.159600+00:00, run_after=2023-07-23T00:09:32.159600+00:00
[2023-07-23T00:09:32.177+0000] {processor.py:179} INFO - Processing /home/airflow/.local/lib/python3.7/site-packages/airflow/example_dags/example_short_circuit_operator.py took 0.129 seconds
[2023-07-23T00:10:02.861+0000] {processor.py:157} INFO - Started process (PID=2648) to work on /home/airflow/.local/lib/python3.7/site-packages/airflow/example_dags/example_short_circuit_operator.py
[2023-07-23T00:10:02.863+0000] {processor.py:826} INFO - Processing file /home/airflow/.local/lib/python3.7/site-packages/airflow/example_dags/example_short_circuit_operator.py for tasks to queue
[2023-07-23T00:10:02.864+0000] {logging_mixin.py:150} INFO - [2023-07-23T00:10:02.864+0000] {dagbag.py:541} INFO - Filling up the DagBag from /home/airflow/.local/lib/python3.7/site-packages/airflow/example_dags/example_short_circuit_operator.py
[2023-07-23T00:10:02.874+0000] {processor.py:836} INFO - DAG(s) dict_keys(['example_short_circuit_operator']) retrieved from /home/airflow/.local/lib/python3.7/site-packages/airflow/example_dags/example_short_circuit_operator.py
[2023-07-23T00:10:02.984+0000] {logging_mixin.py:150} INFO - [2023-07-23T00:10:02.984+0000] {dag.py:2742} INFO - Sync 1 DAGs
[2023-07-23T00:10:03.013+0000] {logging_mixin.py:150} INFO - [2023-07-23T00:10:03.013+0000] {dag.py:3508} INFO - Setting next_dagrun for example_short_circuit_operator to 2023-07-22T00:10:03.013073+00:00, run_after=2023-07-23T00:10:03.013073+00:00
[2023-07-23T00:10:03.038+0000] {processor.py:179} INFO - Processing /home/airflow/.local/lib/python3.7/site-packages/airflow/example_dags/example_short_circuit_operator.py took 0.180 seconds
[2023-07-23T00:10:33.843+0000] {processor.py:157} INFO - Started process (PID=2711) to work on /home/airflow/.local/lib/python3.7/site-packages/airflow/example_dags/example_short_circuit_operator.py
[2023-07-23T00:10:33.845+0000] {processor.py:826} INFO - Processing file /home/airflow/.local/lib/python3.7/site-packages/airflow/example_dags/example_short_circuit_operator.py for tasks to queue
[2023-07-23T00:10:33.846+0000] {logging_mixin.py:150} INFO - [2023-07-23T00:10:33.846+0000] {dagbag.py:541} INFO - Filling up the DagBag from /home/airflow/.local/lib/python3.7/site-packages/airflow/example_dags/example_short_circuit_operator.py
[2023-07-23T00:10:33.852+0000] {processor.py:836} INFO - DAG(s) dict_keys(['example_short_circuit_operator']) retrieved from /home/airflow/.local/lib/python3.7/site-packages/airflow/example_dags/example_short_circuit_operator.py
[2023-07-23T00:10:33.871+0000] {logging_mixin.py:150} INFO - [2023-07-23T00:10:33.871+0000] {dag.py:2742} INFO - Sync 1 DAGs
[2023-07-23T00:10:33.886+0000] {logging_mixin.py:150} INFO - [2023-07-23T00:10:33.886+0000] {dag.py:3508} INFO - Setting next_dagrun for example_short_circuit_operator to 2023-07-22T00:10:33.886332+00:00, run_after=2023-07-23T00:10:33.886332+00:00
[2023-07-23T00:10:33.896+0000] {processor.py:179} INFO - Processing /home/airflow/.local/lib/python3.7/site-packages/airflow/example_dags/example_short_circuit_operator.py took 0.055 seconds
[2023-07-23T00:11:04.659+0000] {processor.py:157} INFO - Started process (PID=2774) to work on /home/airflow/.local/lib/python3.7/site-packages/airflow/example_dags/example_short_circuit_operator.py
[2023-07-23T00:11:04.661+0000] {processor.py:826} INFO - Processing file /home/airflow/.local/lib/python3.7/site-packages/airflow/example_dags/example_short_circuit_operator.py for tasks to queue
[2023-07-23T00:11:04.662+0000] {logging_mixin.py:150} INFO - [2023-07-23T00:11:04.662+0000] {dagbag.py:541} INFO - Filling up the DagBag from /home/airflow/.local/lib/python3.7/site-packages/airflow/example_dags/example_short_circuit_operator.py
[2023-07-23T00:11:04.668+0000] {processor.py:836} INFO - DAG(s) dict_keys(['example_short_circuit_operator']) retrieved from /home/airflow/.local/lib/python3.7/site-packages/airflow/example_dags/example_short_circuit_operator.py
[2023-07-23T00:11:04.688+0000] {logging_mixin.py:150} INFO - [2023-07-23T00:11:04.688+0000] {dag.py:2742} INFO - Sync 1 DAGs
[2023-07-23T00:11:04.702+0000] {logging_mixin.py:150} INFO - [2023-07-23T00:11:04.702+0000] {dag.py:3508} INFO - Setting next_dagrun for example_short_circuit_operator to 2023-07-22T00:11:04.702271+00:00, run_after=2023-07-23T00:11:04.702271+00:00
[2023-07-23T00:11:04.712+0000] {processor.py:179} INFO - Processing /home/airflow/.local/lib/python3.7/site-packages/airflow/example_dags/example_short_circuit_operator.py took 0.055 seconds
[2023-07-23T00:11:35.033+0000] {processor.py:157} INFO - Started process (PID=2837) to work on /home/airflow/.local/lib/python3.7/site-packages/airflow/example_dags/example_short_circuit_operator.py
[2023-07-23T00:11:35.035+0000] {processor.py:826} INFO - Processing file /home/airflow/.local/lib/python3.7/site-packages/airflow/example_dags/example_short_circuit_operator.py for tasks to queue
[2023-07-23T00:11:35.036+0000] {logging_mixin.py:150} INFO - [2023-07-23T00:11:35.036+0000] {dagbag.py:541} INFO - Filling up the DagBag from /home/airflow/.local/lib/python3.7/site-packages/airflow/example_dags/example_short_circuit_operator.py
[2023-07-23T00:11:35.042+0000] {processor.py:836} INFO - DAG(s) dict_keys(['example_short_circuit_operator']) retrieved from /home/airflow/.local/lib/python3.7/site-packages/airflow/example_dags/example_short_circuit_operator.py
[2023-07-23T00:11:35.062+0000] {logging_mixin.py:150} INFO - [2023-07-23T00:11:35.062+0000] {dag.py:2742} INFO - Sync 1 DAGs
[2023-07-23T00:11:35.076+0000] {logging_mixin.py:150} INFO - [2023-07-23T00:11:35.076+0000] {dag.py:3508} INFO - Setting next_dagrun for example_short_circuit_operator to 2023-07-22T00:11:35.076477+00:00, run_after=2023-07-23T00:11:35.076477+00:00
[2023-07-23T00:11:35.087+0000] {processor.py:179} INFO - Processing /home/airflow/.local/lib/python3.7/site-packages/airflow/example_dags/example_short_circuit_operator.py took 0.056 seconds
[2023-07-23T00:12:05.143+0000] {processor.py:157} INFO - Started process (PID=2899) to work on /home/airflow/.local/lib/python3.7/site-packages/airflow/example_dags/example_short_circuit_operator.py
[2023-07-23T00:12:05.144+0000] {processor.py:826} INFO - Processing file /home/airflow/.local/lib/python3.7/site-packages/airflow/example_dags/example_short_circuit_operator.py for tasks to queue
[2023-07-23T00:12:05.144+0000] {logging_mixin.py:150} INFO - [2023-07-23T00:12:05.144+0000] {dagbag.py:541} INFO - Filling up the DagBag from /home/airflow/.local/lib/python3.7/site-packages/airflow/example_dags/example_short_circuit_operator.py
[2023-07-23T00:12:05.150+0000] {processor.py:836} INFO - DAG(s) dict_keys(['example_short_circuit_operator']) retrieved from /home/airflow/.local/lib/python3.7/site-packages/airflow/example_dags/example_short_circuit_operator.py
[2023-07-23T00:12:05.169+0000] {logging_mixin.py:150} INFO - [2023-07-23T00:12:05.169+0000] {dag.py:2742} INFO - Sync 1 DAGs
[2023-07-23T00:12:05.184+0000] {logging_mixin.py:150} INFO - [2023-07-23T00:12:05.184+0000] {dag.py:3508} INFO - Setting next_dagrun for example_short_circuit_operator to 2023-07-22T00:12:05.184520+00:00, run_after=2023-07-23T00:12:05.184520+00:00
[2023-07-23T00:12:05.195+0000] {processor.py:179} INFO - Processing /home/airflow/.local/lib/python3.7/site-packages/airflow/example_dags/example_short_circuit_operator.py took 0.055 seconds
[2023-07-23T00:12:36.446+0000] {processor.py:157} INFO - Started process (PID=2965) to work on /home/airflow/.local/lib/python3.7/site-packages/airflow/example_dags/example_short_circuit_operator.py
[2023-07-23T00:12:36.448+0000] {processor.py:826} INFO - Processing file /home/airflow/.local/lib/python3.7/site-packages/airflow/example_dags/example_short_circuit_operator.py for tasks to queue
[2023-07-23T00:12:36.453+0000] {logging_mixin.py:150} INFO - [2023-07-23T00:12:36.452+0000] {dagbag.py:541} INFO - Filling up the DagBag from /home/airflow/.local/lib/python3.7/site-packages/airflow/example_dags/example_short_circuit_operator.py
[2023-07-23T00:12:36.463+0000] {processor.py:836} INFO - DAG(s) dict_keys(['example_short_circuit_operator']) retrieved from /home/airflow/.local/lib/python3.7/site-packages/airflow/example_dags/example_short_circuit_operator.py
[2023-07-23T00:12:36.502+0000] {logging_mixin.py:150} INFO - [2023-07-23T00:12:36.502+0000] {dag.py:2742} INFO - Sync 1 DAGs
[2023-07-23T00:12:36.529+0000] {logging_mixin.py:150} INFO - [2023-07-23T00:12:36.529+0000] {dag.py:3508} INFO - Setting next_dagrun for example_short_circuit_operator to 2023-07-22T00:12:36.528838+00:00, run_after=2023-07-23T00:12:36.528838+00:00
[2023-07-23T00:12:36.544+0000] {processor.py:179} INFO - Processing /home/airflow/.local/lib/python3.7/site-packages/airflow/example_dags/example_short_circuit_operator.py took 0.101 seconds
[2023-07-23T00:13:07.178+0000] {processor.py:157} INFO - Started process (PID=3027) to work on /home/airflow/.local/lib/python3.7/site-packages/airflow/example_dags/example_short_circuit_operator.py
[2023-07-23T00:13:07.179+0000] {processor.py:826} INFO - Processing file /home/airflow/.local/lib/python3.7/site-packages/airflow/example_dags/example_short_circuit_operator.py for tasks to queue
[2023-07-23T00:13:07.180+0000] {logging_mixin.py:150} INFO - [2023-07-23T00:13:07.179+0000] {dagbag.py:541} INFO - Filling up the DagBag from /home/airflow/.local/lib/python3.7/site-packages/airflow/example_dags/example_short_circuit_operator.py
[2023-07-23T00:13:07.186+0000] {processor.py:836} INFO - DAG(s) dict_keys(['example_short_circuit_operator']) retrieved from /home/airflow/.local/lib/python3.7/site-packages/airflow/example_dags/example_short_circuit_operator.py
[2023-07-23T00:13:07.206+0000] {logging_mixin.py:150} INFO - [2023-07-23T00:13:07.206+0000] {dag.py:2742} INFO - Sync 1 DAGs
[2023-07-23T00:13:07.223+0000] {logging_mixin.py:150} INFO - [2023-07-23T00:13:07.222+0000] {dag.py:3508} INFO - Setting next_dagrun for example_short_circuit_operator to 2023-07-22T00:13:07.222709+00:00, run_after=2023-07-23T00:13:07.222709+00:00
[2023-07-23T00:13:07.238+0000] {processor.py:179} INFO - Processing /home/airflow/.local/lib/python3.7/site-packages/airflow/example_dags/example_short_circuit_operator.py took 0.063 seconds
[2023-07-23T00:13:37.545+0000] {processor.py:157} INFO - Started process (PID=3090) to work on /home/airflow/.local/lib/python3.7/site-packages/airflow/example_dags/example_short_circuit_operator.py
[2023-07-23T00:13:37.546+0000] {processor.py:826} INFO - Processing file /home/airflow/.local/lib/python3.7/site-packages/airflow/example_dags/example_short_circuit_operator.py for tasks to queue
[2023-07-23T00:13:37.547+0000] {logging_mixin.py:150} INFO - [2023-07-23T00:13:37.546+0000] {dagbag.py:541} INFO - Filling up the DagBag from /home/airflow/.local/lib/python3.7/site-packages/airflow/example_dags/example_short_circuit_operator.py
[2023-07-23T00:13:37.553+0000] {processor.py:836} INFO - DAG(s) dict_keys(['example_short_circuit_operator']) retrieved from /home/airflow/.local/lib/python3.7/site-packages/airflow/example_dags/example_short_circuit_operator.py
[2023-07-23T00:13:37.580+0000] {logging_mixin.py:150} INFO - [2023-07-23T00:13:37.580+0000] {dag.py:2742} INFO - Sync 1 DAGs
[2023-07-23T00:13:37.603+0000] {logging_mixin.py:150} INFO - [2023-07-23T00:13:37.602+0000] {dag.py:3508} INFO - Setting next_dagrun for example_short_circuit_operator to 2023-07-22T00:13:37.602491+00:00, run_after=2023-07-23T00:13:37.602491+00:00
[2023-07-23T00:13:37.620+0000] {processor.py:179} INFO - Processing /home/airflow/.local/lib/python3.7/site-packages/airflow/example_dags/example_short_circuit_operator.py took 0.079 seconds
[2023-07-23T00:14:07.813+0000] {processor.py:157} INFO - Started process (PID=3155) to work on /home/airflow/.local/lib/python3.7/site-packages/airflow/example_dags/example_short_circuit_operator.py
[2023-07-23T00:14:07.815+0000] {processor.py:826} INFO - Processing file /home/airflow/.local/lib/python3.7/site-packages/airflow/example_dags/example_short_circuit_operator.py for tasks to queue
[2023-07-23T00:14:07.816+0000] {logging_mixin.py:150} INFO - [2023-07-23T00:14:07.815+0000] {dagbag.py:541} INFO - Filling up the DagBag from /home/airflow/.local/lib/python3.7/site-packages/airflow/example_dags/example_short_circuit_operator.py
[2023-07-23T00:14:07.822+0000] {processor.py:836} INFO - DAG(s) dict_keys(['example_short_circuit_operator']) retrieved from /home/airflow/.local/lib/python3.7/site-packages/airflow/example_dags/example_short_circuit_operator.py
[2023-07-23T00:14:07.843+0000] {logging_mixin.py:150} INFO - [2023-07-23T00:14:07.842+0000] {dag.py:2742} INFO - Sync 1 DAGs
[2023-07-23T00:14:07.859+0000] {logging_mixin.py:150} INFO - [2023-07-23T00:14:07.859+0000] {dag.py:3508} INFO - Setting next_dagrun for example_short_circuit_operator to 2023-07-22T00:14:07.858973+00:00, run_after=2023-07-23T00:14:07.858973+00:00
[2023-07-23T00:14:07.870+0000] {processor.py:179} INFO - Processing /home/airflow/.local/lib/python3.7/site-packages/airflow/example_dags/example_short_circuit_operator.py took 0.059 seconds
[2023-07-23T00:14:38.865+0000] {processor.py:157} INFO - Started process (PID=3218) to work on /home/airflow/.local/lib/python3.7/site-packages/airflow/example_dags/example_short_circuit_operator.py
[2023-07-23T00:14:38.867+0000] {processor.py:826} INFO - Processing file /home/airflow/.local/lib/python3.7/site-packages/airflow/example_dags/example_short_circuit_operator.py for tasks to queue
[2023-07-23T00:14:38.868+0000] {logging_mixin.py:150} INFO - [2023-07-23T00:14:38.867+0000] {dagbag.py:541} INFO - Filling up the DagBag from /home/airflow/.local/lib/python3.7/site-packages/airflow/example_dags/example_short_circuit_operator.py
[2023-07-23T00:14:38.874+0000] {processor.py:836} INFO - DAG(s) dict_keys(['example_short_circuit_operator']) retrieved from /home/airflow/.local/lib/python3.7/site-packages/airflow/example_dags/example_short_circuit_operator.py
[2023-07-23T00:14:38.895+0000] {logging_mixin.py:150} INFO - [2023-07-23T00:14:38.895+0000] {dag.py:2742} INFO - Sync 1 DAGs
[2023-07-23T00:14:38.911+0000] {logging_mixin.py:150} INFO - [2023-07-23T00:14:38.911+0000] {dag.py:3508} INFO - Setting next_dagrun for example_short_circuit_operator to 2023-07-22T00:14:38.911150+00:00, run_after=2023-07-23T00:14:38.911150+00:00
[2023-07-23T00:14:38.922+0000] {processor.py:179} INFO - Processing /home/airflow/.local/lib/python3.7/site-packages/airflow/example_dags/example_short_circuit_operator.py took 0.060 seconds
[2023-07-23T00:15:09.793+0000] {processor.py:157} INFO - Started process (PID=3280) to work on /home/airflow/.local/lib/python3.7/site-packages/airflow/example_dags/example_short_circuit_operator.py
[2023-07-23T00:15:09.795+0000] {processor.py:826} INFO - Processing file /home/airflow/.local/lib/python3.7/site-packages/airflow/example_dags/example_short_circuit_operator.py for tasks to queue
[2023-07-23T00:15:09.796+0000] {logging_mixin.py:150} INFO - [2023-07-23T00:15:09.796+0000] {dagbag.py:541} INFO - Filling up the DagBag from /home/airflow/.local/lib/python3.7/site-packages/airflow/example_dags/example_short_circuit_operator.py
[2023-07-23T00:15:09.804+0000] {processor.py:836} INFO - DAG(s) dict_keys(['example_short_circuit_operator']) retrieved from /home/airflow/.local/lib/python3.7/site-packages/airflow/example_dags/example_short_circuit_operator.py
[2023-07-23T00:15:09.830+0000] {logging_mixin.py:150} INFO - [2023-07-23T00:15:09.829+0000] {dag.py:2742} INFO - Sync 1 DAGs
[2023-07-23T00:15:09.849+0000] {logging_mixin.py:150} INFO - [2023-07-23T00:15:09.848+0000] {dag.py:3508} INFO - Setting next_dagrun for example_short_circuit_operator to 2023-07-22T00:15:09.848697+00:00, run_after=2023-07-23T00:15:09.848697+00:00
[2023-07-23T00:15:09.861+0000] {processor.py:179} INFO - Processing /home/airflow/.local/lib/python3.7/site-packages/airflow/example_dags/example_short_circuit_operator.py took 0.073 seconds
[2023-07-23T00:15:40.812+0000] {processor.py:157} INFO - Started process (PID=3350) to work on /home/airflow/.local/lib/python3.7/site-packages/airflow/example_dags/example_short_circuit_operator.py
[2023-07-23T00:15:40.816+0000] {processor.py:826} INFO - Processing file /home/airflow/.local/lib/python3.7/site-packages/airflow/example_dags/example_short_circuit_operator.py for tasks to queue
[2023-07-23T00:15:40.820+0000] {logging_mixin.py:150} INFO - [2023-07-23T00:15:40.819+0000] {dagbag.py:541} INFO - Filling up the DagBag from /home/airflow/.local/lib/python3.7/site-packages/airflow/example_dags/example_short_circuit_operator.py
[2023-07-23T00:15:40.837+0000] {processor.py:836} INFO - DAG(s) dict_keys(['example_short_circuit_operator']) retrieved from /home/airflow/.local/lib/python3.7/site-packages/airflow/example_dags/example_short_circuit_operator.py
[2023-07-23T00:15:40.863+0000] {logging_mixin.py:150} INFO - [2023-07-23T00:15:40.863+0000] {dag.py:2742} INFO - Sync 1 DAGs
[2023-07-23T00:15:40.881+0000] {logging_mixin.py:150} INFO - [2023-07-23T00:15:40.881+0000] {dag.py:3508} INFO - Setting next_dagrun for example_short_circuit_operator to 2023-07-22T00:15:40.881520+00:00, run_after=2023-07-23T00:15:40.881520+00:00
[2023-07-23T00:15:40.897+0000] {processor.py:179} INFO - Processing /home/airflow/.local/lib/python3.7/site-packages/airflow/example_dags/example_short_circuit_operator.py took 0.095 seconds
[2023-07-23T00:16:11.753+0000] {processor.py:157} INFO - Started process (PID=3414) to work on /home/airflow/.local/lib/python3.7/site-packages/airflow/example_dags/example_short_circuit_operator.py
[2023-07-23T00:16:11.754+0000] {processor.py:826} INFO - Processing file /home/airflow/.local/lib/python3.7/site-packages/airflow/example_dags/example_short_circuit_operator.py for tasks to queue
[2023-07-23T00:16:11.755+0000] {logging_mixin.py:150} INFO - [2023-07-23T00:16:11.755+0000] {dagbag.py:541} INFO - Filling up the DagBag from /home/airflow/.local/lib/python3.7/site-packages/airflow/example_dags/example_short_circuit_operator.py
[2023-07-23T00:16:11.763+0000] {processor.py:836} INFO - DAG(s) dict_keys(['example_short_circuit_operator']) retrieved from /home/airflow/.local/lib/python3.7/site-packages/airflow/example_dags/example_short_circuit_operator.py
[2023-07-23T00:16:11.793+0000] {logging_mixin.py:150} INFO - [2023-07-23T00:16:11.793+0000] {dag.py:2742} INFO - Sync 1 DAGs
[2023-07-23T00:16:11.816+0000] {logging_mixin.py:150} INFO - [2023-07-23T00:16:11.816+0000] {dag.py:3508} INFO - Setting next_dagrun for example_short_circuit_operator to 2023-07-22T00:16:11.815919+00:00, run_after=2023-07-23T00:16:11.815919+00:00
[2023-07-23T00:16:11.832+0000] {processor.py:179} INFO - Processing /home/airflow/.local/lib/python3.7/site-packages/airflow/example_dags/example_short_circuit_operator.py took 0.082 seconds
[2023-07-23T00:16:42.430+0000] {processor.py:157} INFO - Started process (PID=3479) to work on /home/airflow/.local/lib/python3.7/site-packages/airflow/example_dags/example_short_circuit_operator.py
[2023-07-23T00:16:42.431+0000] {processor.py:826} INFO - Processing file /home/airflow/.local/lib/python3.7/site-packages/airflow/example_dags/example_short_circuit_operator.py for tasks to queue
[2023-07-23T00:16:42.432+0000] {logging_mixin.py:150} INFO - [2023-07-23T00:16:42.431+0000] {dagbag.py:541} INFO - Filling up the DagBag from /home/airflow/.local/lib/python3.7/site-packages/airflow/example_dags/example_short_circuit_operator.py
[2023-07-23T00:16:42.438+0000] {processor.py:836} INFO - DAG(s) dict_keys(['example_short_circuit_operator']) retrieved from /home/airflow/.local/lib/python3.7/site-packages/airflow/example_dags/example_short_circuit_operator.py
[2023-07-23T00:16:42.458+0000] {logging_mixin.py:150} INFO - [2023-07-23T00:16:42.458+0000] {dag.py:2742} INFO - Sync 1 DAGs
[2023-07-23T00:16:42.477+0000] {logging_mixin.py:150} INFO - [2023-07-23T00:16:42.477+0000] {dag.py:3508} INFO - Setting next_dagrun for example_short_circuit_operator to 2023-07-22T00:16:42.477287+00:00, run_after=2023-07-23T00:16:42.477287+00:00
[2023-07-23T00:16:42.490+0000] {processor.py:179} INFO - Processing /home/airflow/.local/lib/python3.7/site-packages/airflow/example_dags/example_short_circuit_operator.py took 0.063 seconds
[2023-07-23T00:17:13.400+0000] {processor.py:157} INFO - Started process (PID=3542) to work on /home/airflow/.local/lib/python3.7/site-packages/airflow/example_dags/example_short_circuit_operator.py
[2023-07-23T00:17:13.401+0000] {processor.py:826} INFO - Processing file /home/airflow/.local/lib/python3.7/site-packages/airflow/example_dags/example_short_circuit_operator.py for tasks to queue
[2023-07-23T00:17:13.403+0000] {logging_mixin.py:150} INFO - [2023-07-23T00:17:13.402+0000] {dagbag.py:541} INFO - Filling up the DagBag from /home/airflow/.local/lib/python3.7/site-packages/airflow/example_dags/example_short_circuit_operator.py
[2023-07-23T00:17:13.410+0000] {processor.py:836} INFO - DAG(s) dict_keys(['example_short_circuit_operator']) retrieved from /home/airflow/.local/lib/python3.7/site-packages/airflow/example_dags/example_short_circuit_operator.py
[2023-07-23T00:17:13.438+0000] {logging_mixin.py:150} INFO - [2023-07-23T00:17:13.437+0000] {dag.py:2742} INFO - Sync 1 DAGs
[2023-07-23T00:17:13.456+0000] {logging_mixin.py:150} INFO - [2023-07-23T00:17:13.456+0000] {dag.py:3508} INFO - Setting next_dagrun for example_short_circuit_operator to 2023-07-22T00:17:13.456388+00:00, run_after=2023-07-23T00:17:13.456388+00:00
[2023-07-23T00:17:13.471+0000] {processor.py:179} INFO - Processing /home/airflow/.local/lib/python3.7/site-packages/airflow/example_dags/example_short_circuit_operator.py took 0.074 seconds
[2023-07-23T00:17:44.153+0000] {processor.py:157} INFO - Started process (PID=3605) to work on /home/airflow/.local/lib/python3.7/site-packages/airflow/example_dags/example_short_circuit_operator.py
[2023-07-23T00:17:44.154+0000] {processor.py:826} INFO - Processing file /home/airflow/.local/lib/python3.7/site-packages/airflow/example_dags/example_short_circuit_operator.py for tasks to queue
[2023-07-23T00:17:44.155+0000] {logging_mixin.py:150} INFO - [2023-07-23T00:17:44.154+0000] {dagbag.py:541} INFO - Filling up the DagBag from /home/airflow/.local/lib/python3.7/site-packages/airflow/example_dags/example_short_circuit_operator.py
[2023-07-23T00:17:44.161+0000] {processor.py:836} INFO - DAG(s) dict_keys(['example_short_circuit_operator']) retrieved from /home/airflow/.local/lib/python3.7/site-packages/airflow/example_dags/example_short_circuit_operator.py
[2023-07-23T00:17:44.179+0000] {logging_mixin.py:150} INFO - [2023-07-23T00:17:44.179+0000] {dag.py:2742} INFO - Sync 1 DAGs
[2023-07-23T00:17:44.196+0000] {logging_mixin.py:150} INFO - [2023-07-23T00:17:44.196+0000] {dag.py:3508} INFO - Setting next_dagrun for example_short_circuit_operator to 2023-07-22T00:17:44.196359+00:00, run_after=2023-07-23T00:17:44.196359+00:00
[2023-07-23T00:17:44.208+0000] {processor.py:179} INFO - Processing /home/airflow/.local/lib/python3.7/site-packages/airflow/example_dags/example_short_circuit_operator.py took 0.057 seconds
[2023-07-23T00:18:14.557+0000] {processor.py:157} INFO - Started process (PID=3668) to work on /home/airflow/.local/lib/python3.7/site-packages/airflow/example_dags/example_short_circuit_operator.py
[2023-07-23T00:18:14.558+0000] {processor.py:826} INFO - Processing file /home/airflow/.local/lib/python3.7/site-packages/airflow/example_dags/example_short_circuit_operator.py for tasks to queue
[2023-07-23T00:18:14.559+0000] {logging_mixin.py:150} INFO - [2023-07-23T00:18:14.559+0000] {dagbag.py:541} INFO - Filling up the DagBag from /home/airflow/.local/lib/python3.7/site-packages/airflow/example_dags/example_short_circuit_operator.py
[2023-07-23T00:18:14.565+0000] {processor.py:836} INFO - DAG(s) dict_keys(['example_short_circuit_operator']) retrieved from /home/airflow/.local/lib/python3.7/site-packages/airflow/example_dags/example_short_circuit_operator.py
[2023-07-23T00:18:14.583+0000] {logging_mixin.py:150} INFO - [2023-07-23T00:18:14.583+0000] {dag.py:2742} INFO - Sync 1 DAGs
[2023-07-23T00:18:14.598+0000] {logging_mixin.py:150} INFO - [2023-07-23T00:18:14.597+0000] {dag.py:3508} INFO - Setting next_dagrun for example_short_circuit_operator to 2023-07-22T00:18:14.597739+00:00, run_after=2023-07-23T00:18:14.597739+00:00
[2023-07-23T00:18:14.608+0000] {processor.py:179} INFO - Processing /home/airflow/.local/lib/python3.7/site-packages/airflow/example_dags/example_short_circuit_operator.py took 0.053 seconds
[2023-07-23T00:18:45.368+0000] {processor.py:157} INFO - Started process (PID=3730) to work on /home/airflow/.local/lib/python3.7/site-packages/airflow/example_dags/example_short_circuit_operator.py
[2023-07-23T00:18:45.369+0000] {processor.py:826} INFO - Processing file /home/airflow/.local/lib/python3.7/site-packages/airflow/example_dags/example_short_circuit_operator.py for tasks to queue
[2023-07-23T00:18:45.370+0000] {logging_mixin.py:150} INFO - [2023-07-23T00:18:45.370+0000] {dagbag.py:541} INFO - Filling up the DagBag from /home/airflow/.local/lib/python3.7/site-packages/airflow/example_dags/example_short_circuit_operator.py
[2023-07-23T00:18:45.376+0000] {processor.py:836} INFO - DAG(s) dict_keys(['example_short_circuit_operator']) retrieved from /home/airflow/.local/lib/python3.7/site-packages/airflow/example_dags/example_short_circuit_operator.py
[2023-07-23T00:18:45.397+0000] {logging_mixin.py:150} INFO - [2023-07-23T00:18:45.397+0000] {dag.py:2742} INFO - Sync 1 DAGs
[2023-07-23T00:18:45.412+0000] {logging_mixin.py:150} INFO - [2023-07-23T00:18:45.412+0000] {dag.py:3508} INFO - Setting next_dagrun for example_short_circuit_operator to 2023-07-22T00:18:45.412540+00:00, run_after=2023-07-23T00:18:45.412540+00:00
[2023-07-23T00:18:45.423+0000] {processor.py:179} INFO - Processing /home/airflow/.local/lib/python3.7/site-packages/airflow/example_dags/example_short_circuit_operator.py took 0.057 seconds
[2023-07-23T00:19:15.559+0000] {processor.py:157} INFO - Started process (PID=3794) to work on /home/airflow/.local/lib/python3.7/site-packages/airflow/example_dags/example_short_circuit_operator.py
[2023-07-23T00:19:15.560+0000] {processor.py:826} INFO - Processing file /home/airflow/.local/lib/python3.7/site-packages/airflow/example_dags/example_short_circuit_operator.py for tasks to queue
[2023-07-23T00:19:15.561+0000] {logging_mixin.py:150} INFO - [2023-07-23T00:19:15.561+0000] {dagbag.py:541} INFO - Filling up the DagBag from /home/airflow/.local/lib/python3.7/site-packages/airflow/example_dags/example_short_circuit_operator.py
[2023-07-23T00:19:15.567+0000] {processor.py:836} INFO - DAG(s) dict_keys(['example_short_circuit_operator']) retrieved from /home/airflow/.local/lib/python3.7/site-packages/airflow/example_dags/example_short_circuit_operator.py
[2023-07-23T00:19:15.587+0000] {logging_mixin.py:150} INFO - [2023-07-23T00:19:15.587+0000] {dag.py:2742} INFO - Sync 1 DAGs
[2023-07-23T00:19:15.603+0000] {logging_mixin.py:150} INFO - [2023-07-23T00:19:15.603+0000] {dag.py:3508} INFO - Setting next_dagrun for example_short_circuit_operator to 2023-07-22T00:19:15.603038+00:00, run_after=2023-07-23T00:19:15.603038+00:00
[2023-07-23T00:19:15.614+0000] {processor.py:179} INFO - Processing /home/airflow/.local/lib/python3.7/site-packages/airflow/example_dags/example_short_circuit_operator.py took 0.058 seconds
[2023-07-23T00:19:46.076+0000] {processor.py:157} INFO - Started process (PID=3850) to work on /home/airflow/.local/lib/python3.7/site-packages/airflow/example_dags/example_short_circuit_operator.py
[2023-07-23T00:19:46.078+0000] {processor.py:826} INFO - Processing file /home/airflow/.local/lib/python3.7/site-packages/airflow/example_dags/example_short_circuit_operator.py for tasks to queue
[2023-07-23T00:19:46.078+0000] {logging_mixin.py:150} INFO - [2023-07-23T00:19:46.078+0000] {dagbag.py:541} INFO - Filling up the DagBag from /home/airflow/.local/lib/python3.7/site-packages/airflow/example_dags/example_short_circuit_operator.py
[2023-07-23T00:19:46.085+0000] {processor.py:836} INFO - DAG(s) dict_keys(['example_short_circuit_operator']) retrieved from /home/airflow/.local/lib/python3.7/site-packages/airflow/example_dags/example_short_circuit_operator.py
[2023-07-23T00:19:46.107+0000] {logging_mixin.py:150} INFO - [2023-07-23T00:19:46.107+0000] {dag.py:2742} INFO - Sync 1 DAGs
[2023-07-23T00:19:46.123+0000] {logging_mixin.py:150} INFO - [2023-07-23T00:19:46.123+0000] {dag.py:3508} INFO - Setting next_dagrun for example_short_circuit_operator to 2023-07-22T00:19:46.123117+00:00, run_after=2023-07-23T00:19:46.123117+00:00
[2023-07-23T00:19:46.136+0000] {processor.py:179} INFO - Processing /home/airflow/.local/lib/python3.7/site-packages/airflow/example_dags/example_short_circuit_operator.py took 0.062 seconds
[2023-07-23T00:20:16.624+0000] {processor.py:157} INFO - Started process (PID=3913) to work on /home/airflow/.local/lib/python3.7/site-packages/airflow/example_dags/example_short_circuit_operator.py
[2023-07-23T00:20:16.626+0000] {processor.py:826} INFO - Processing file /home/airflow/.local/lib/python3.7/site-packages/airflow/example_dags/example_short_circuit_operator.py for tasks to queue
[2023-07-23T00:20:16.626+0000] {logging_mixin.py:150} INFO - [2023-07-23T00:20:16.626+0000] {dagbag.py:541} INFO - Filling up the DagBag from /home/airflow/.local/lib/python3.7/site-packages/airflow/example_dags/example_short_circuit_operator.py
[2023-07-23T00:20:16.634+0000] {processor.py:836} INFO - DAG(s) dict_keys(['example_short_circuit_operator']) retrieved from /home/airflow/.local/lib/python3.7/site-packages/airflow/example_dags/example_short_circuit_operator.py
[2023-07-23T00:20:16.654+0000] {logging_mixin.py:150} INFO - [2023-07-23T00:20:16.654+0000] {dag.py:2742} INFO - Sync 1 DAGs
[2023-07-23T00:20:16.670+0000] {logging_mixin.py:150} INFO - [2023-07-23T00:20:16.669+0000] {dag.py:3508} INFO - Setting next_dagrun for example_short_circuit_operator to 2023-07-22T00:20:16.669719+00:00, run_after=2023-07-23T00:20:16.669719+00:00
[2023-07-23T00:20:16.681+0000] {processor.py:179} INFO - Processing /home/airflow/.local/lib/python3.7/site-packages/airflow/example_dags/example_short_circuit_operator.py took 0.059 seconds
[2023-07-23T00:20:47.260+0000] {processor.py:157} INFO - Started process (PID=3976) to work on /home/airflow/.local/lib/python3.7/site-packages/airflow/example_dags/example_short_circuit_operator.py
[2023-07-23T00:20:47.261+0000] {processor.py:826} INFO - Processing file /home/airflow/.local/lib/python3.7/site-packages/airflow/example_dags/example_short_circuit_operator.py for tasks to queue
[2023-07-23T00:20:47.262+0000] {logging_mixin.py:150} INFO - [2023-07-23T00:20:47.261+0000] {dagbag.py:541} INFO - Filling up the DagBag from /home/airflow/.local/lib/python3.7/site-packages/airflow/example_dags/example_short_circuit_operator.py
[2023-07-23T00:20:47.269+0000] {processor.py:836} INFO - DAG(s) dict_keys(['example_short_circuit_operator']) retrieved from /home/airflow/.local/lib/python3.7/site-packages/airflow/example_dags/example_short_circuit_operator.py
[2023-07-23T00:20:47.294+0000] {logging_mixin.py:150} INFO - [2023-07-23T00:20:47.294+0000] {dag.py:2742} INFO - Sync 1 DAGs
[2023-07-23T00:20:47.310+0000] {logging_mixin.py:150} INFO - [2023-07-23T00:20:47.310+0000] {dag.py:3508} INFO - Setting next_dagrun for example_short_circuit_operator to 2023-07-22T00:20:47.309844+00:00, run_after=2023-07-23T00:20:47.309844+00:00
[2023-07-23T00:20:47.321+0000] {processor.py:179} INFO - Processing /home/airflow/.local/lib/python3.7/site-packages/airflow/example_dags/example_short_circuit_operator.py took 0.064 seconds
[2023-07-23T00:21:17.580+0000] {processor.py:157} INFO - Started process (PID=4039) to work on /home/airflow/.local/lib/python3.7/site-packages/airflow/example_dags/example_short_circuit_operator.py
[2023-07-23T00:21:17.581+0000] {processor.py:826} INFO - Processing file /home/airflow/.local/lib/python3.7/site-packages/airflow/example_dags/example_short_circuit_operator.py for tasks to queue
[2023-07-23T00:21:17.582+0000] {logging_mixin.py:150} INFO - [2023-07-23T00:21:17.582+0000] {dagbag.py:541} INFO - Filling up the DagBag from /home/airflow/.local/lib/python3.7/site-packages/airflow/example_dags/example_short_circuit_operator.py
[2023-07-23T00:21:17.590+0000] {processor.py:836} INFO - DAG(s) dict_keys(['example_short_circuit_operator']) retrieved from /home/airflow/.local/lib/python3.7/site-packages/airflow/example_dags/example_short_circuit_operator.py
[2023-07-23T00:21:17.612+0000] {logging_mixin.py:150} INFO - [2023-07-23T00:21:17.612+0000] {dag.py:2742} INFO - Sync 1 DAGs
[2023-07-23T00:21:17.628+0000] {logging_mixin.py:150} INFO - [2023-07-23T00:21:17.627+0000] {dag.py:3508} INFO - Setting next_dagrun for example_short_circuit_operator to 2023-07-22T00:21:17.627718+00:00, run_after=2023-07-23T00:21:17.627718+00:00
[2023-07-23T00:21:17.639+0000] {processor.py:179} INFO - Processing /home/airflow/.local/lib/python3.7/site-packages/airflow/example_dags/example_short_circuit_operator.py took 0.062 seconds
[2023-07-23T00:21:48.597+0000] {processor.py:157} INFO - Started process (PID=4101) to work on /home/airflow/.local/lib/python3.7/site-packages/airflow/example_dags/example_short_circuit_operator.py
[2023-07-23T00:21:48.599+0000] {processor.py:826} INFO - Processing file /home/airflow/.local/lib/python3.7/site-packages/airflow/example_dags/example_short_circuit_operator.py for tasks to queue
[2023-07-23T00:21:48.600+0000] {logging_mixin.py:150} INFO - [2023-07-23T00:21:48.600+0000] {dagbag.py:541} INFO - Filling up the DagBag from /home/airflow/.local/lib/python3.7/site-packages/airflow/example_dags/example_short_circuit_operator.py
[2023-07-23T00:21:48.607+0000] {processor.py:836} INFO - DAG(s) dict_keys(['example_short_circuit_operator']) retrieved from /home/airflow/.local/lib/python3.7/site-packages/airflow/example_dags/example_short_circuit_operator.py
[2023-07-23T00:21:48.630+0000] {logging_mixin.py:150} INFO - [2023-07-23T00:21:48.629+0000] {dag.py:2742} INFO - Sync 1 DAGs
[2023-07-23T00:21:48.646+0000] {logging_mixin.py:150} INFO - [2023-07-23T00:21:48.645+0000] {dag.py:3508} INFO - Setting next_dagrun for example_short_circuit_operator to 2023-07-22T00:21:48.645727+00:00, run_after=2023-07-23T00:21:48.645727+00:00
[2023-07-23T00:21:48.657+0000] {processor.py:179} INFO - Processing /home/airflow/.local/lib/python3.7/site-packages/airflow/example_dags/example_short_circuit_operator.py took 0.063 seconds
[2023-07-23T00:22:19.366+0000] {processor.py:157} INFO - Started process (PID=4164) to work on /home/airflow/.local/lib/python3.7/site-packages/airflow/example_dags/example_short_circuit_operator.py
[2023-07-23T00:22:19.367+0000] {processor.py:826} INFO - Processing file /home/airflow/.local/lib/python3.7/site-packages/airflow/example_dags/example_short_circuit_operator.py for tasks to queue
[2023-07-23T00:22:19.368+0000] {logging_mixin.py:150} INFO - [2023-07-23T00:22:19.368+0000] {dagbag.py:541} INFO - Filling up the DagBag from /home/airflow/.local/lib/python3.7/site-packages/airflow/example_dags/example_short_circuit_operator.py
[2023-07-23T00:22:19.374+0000] {processor.py:836} INFO - DAG(s) dict_keys(['example_short_circuit_operator']) retrieved from /home/airflow/.local/lib/python3.7/site-packages/airflow/example_dags/example_short_circuit_operator.py
[2023-07-23T00:22:19.395+0000] {logging_mixin.py:150} INFO - [2023-07-23T00:22:19.394+0000] {dag.py:2742} INFO - Sync 1 DAGs
[2023-07-23T00:22:19.412+0000] {logging_mixin.py:150} INFO - [2023-07-23T00:22:19.412+0000] {dag.py:3508} INFO - Setting next_dagrun for example_short_circuit_operator to 2023-07-22T00:22:19.412176+00:00, run_after=2023-07-23T00:22:19.412176+00:00
[2023-07-23T00:22:19.429+0000] {processor.py:179} INFO - Processing /home/airflow/.local/lib/python3.7/site-packages/airflow/example_dags/example_short_circuit_operator.py took 0.065 seconds
[2023-07-23T00:22:50.071+0000] {processor.py:157} INFO - Started process (PID=4227) to work on /home/airflow/.local/lib/python3.7/site-packages/airflow/example_dags/example_short_circuit_operator.py
[2023-07-23T00:22:50.073+0000] {processor.py:826} INFO - Processing file /home/airflow/.local/lib/python3.7/site-packages/airflow/example_dags/example_short_circuit_operator.py for tasks to queue
[2023-07-23T00:22:50.074+0000] {logging_mixin.py:150} INFO - [2023-07-23T00:22:50.074+0000] {dagbag.py:541} INFO - Filling up the DagBag from /home/airflow/.local/lib/python3.7/site-packages/airflow/example_dags/example_short_circuit_operator.py
[2023-07-23T00:22:50.082+0000] {processor.py:836} INFO - DAG(s) dict_keys(['example_short_circuit_operator']) retrieved from /home/airflow/.local/lib/python3.7/site-packages/airflow/example_dags/example_short_circuit_operator.py
[2023-07-23T00:22:50.108+0000] {logging_mixin.py:150} INFO - [2023-07-23T00:22:50.108+0000] {dag.py:2742} INFO - Sync 1 DAGs
[2023-07-23T00:22:50.136+0000] {logging_mixin.py:150} INFO - [2023-07-23T00:22:50.136+0000] {dag.py:3508} INFO - Setting next_dagrun for example_short_circuit_operator to 2023-07-22T00:22:50.135903+00:00, run_after=2023-07-23T00:22:50.135903+00:00
[2023-07-23T00:22:50.148+0000] {processor.py:179} INFO - Processing /home/airflow/.local/lib/python3.7/site-packages/airflow/example_dags/example_short_circuit_operator.py took 0.082 seconds
[2023-07-23T00:23:20.408+0000] {processor.py:157} INFO - Started process (PID=4291) to work on /home/airflow/.local/lib/python3.7/site-packages/airflow/example_dags/example_short_circuit_operator.py
[2023-07-23T00:23:20.409+0000] {processor.py:826} INFO - Processing file /home/airflow/.local/lib/python3.7/site-packages/airflow/example_dags/example_short_circuit_operator.py for tasks to queue
[2023-07-23T00:23:20.410+0000] {logging_mixin.py:150} INFO - [2023-07-23T00:23:20.410+0000] {dagbag.py:541} INFO - Filling up the DagBag from /home/airflow/.local/lib/python3.7/site-packages/airflow/example_dags/example_short_circuit_operator.py
[2023-07-23T00:23:20.417+0000] {processor.py:836} INFO - DAG(s) dict_keys(['example_short_circuit_operator']) retrieved from /home/airflow/.local/lib/python3.7/site-packages/airflow/example_dags/example_short_circuit_operator.py
[2023-07-23T00:23:20.440+0000] {logging_mixin.py:150} INFO - [2023-07-23T00:23:20.439+0000] {dag.py:2742} INFO - Sync 1 DAGs
[2023-07-23T00:23:20.455+0000] {logging_mixin.py:150} INFO - [2023-07-23T00:23:20.455+0000] {dag.py:3508} INFO - Setting next_dagrun for example_short_circuit_operator to 2023-07-22T00:23:20.455040+00:00, run_after=2023-07-23T00:23:20.455040+00:00
[2023-07-23T00:23:20.467+0000] {processor.py:179} INFO - Processing /home/airflow/.local/lib/python3.7/site-packages/airflow/example_dags/example_short_circuit_operator.py took 0.061 seconds
[2023-07-23T00:23:50.782+0000] {processor.py:157} INFO - Started process (PID=4354) to work on /home/airflow/.local/lib/python3.7/site-packages/airflow/example_dags/example_short_circuit_operator.py
[2023-07-23T00:23:50.783+0000] {processor.py:826} INFO - Processing file /home/airflow/.local/lib/python3.7/site-packages/airflow/example_dags/example_short_circuit_operator.py for tasks to queue
[2023-07-23T00:23:50.784+0000] {logging_mixin.py:150} INFO - [2023-07-23T00:23:50.783+0000] {dagbag.py:541} INFO - Filling up the DagBag from /home/airflow/.local/lib/python3.7/site-packages/airflow/example_dags/example_short_circuit_operator.py
[2023-07-23T00:23:50.790+0000] {processor.py:836} INFO - DAG(s) dict_keys(['example_short_circuit_operator']) retrieved from /home/airflow/.local/lib/python3.7/site-packages/airflow/example_dags/example_short_circuit_operator.py
[2023-07-23T00:23:50.810+0000] {logging_mixin.py:150} INFO - [2023-07-23T00:23:50.810+0000] {dag.py:2742} INFO - Sync 1 DAGs
[2023-07-23T00:23:50.827+0000] {logging_mixin.py:150} INFO - [2023-07-23T00:23:50.826+0000] {dag.py:3508} INFO - Setting next_dagrun for example_short_circuit_operator to 2023-07-22T00:23:50.826714+00:00, run_after=2023-07-23T00:23:50.826714+00:00
[2023-07-23T00:23:50.838+0000] {processor.py:179} INFO - Processing /home/airflow/.local/lib/python3.7/site-packages/airflow/example_dags/example_short_circuit_operator.py took 0.059 seconds
[2023-07-23T00:24:21.713+0000] {processor.py:157} INFO - Started process (PID=4418) to work on /home/airflow/.local/lib/python3.7/site-packages/airflow/example_dags/example_short_circuit_operator.py
[2023-07-23T00:24:21.714+0000] {processor.py:826} INFO - Processing file /home/airflow/.local/lib/python3.7/site-packages/airflow/example_dags/example_short_circuit_operator.py for tasks to queue
[2023-07-23T00:24:21.715+0000] {logging_mixin.py:150} INFO - [2023-07-23T00:24:21.715+0000] {dagbag.py:541} INFO - Filling up the DagBag from /home/airflow/.local/lib/python3.7/site-packages/airflow/example_dags/example_short_circuit_operator.py
[2023-07-23T00:24:21.722+0000] {processor.py:836} INFO - DAG(s) dict_keys(['example_short_circuit_operator']) retrieved from /home/airflow/.local/lib/python3.7/site-packages/airflow/example_dags/example_short_circuit_operator.py
[2023-07-23T00:24:21.742+0000] {logging_mixin.py:150} INFO - [2023-07-23T00:24:21.742+0000] {dag.py:2742} INFO - Sync 1 DAGs
[2023-07-23T00:24:21.759+0000] {logging_mixin.py:150} INFO - [2023-07-23T00:24:21.758+0000] {dag.py:3508} INFO - Setting next_dagrun for example_short_circuit_operator to 2023-07-22T00:24:21.758743+00:00, run_after=2023-07-23T00:24:21.758743+00:00
[2023-07-23T00:24:21.771+0000] {processor.py:179} INFO - Processing /home/airflow/.local/lib/python3.7/site-packages/airflow/example_dags/example_short_circuit_operator.py took 0.061 seconds
