[2023-07-23T00:00:07.878+0000] {processor.py:157} INFO - Started process (PID=1423) to work on /home/airflow/.local/lib/python3.7/site-packages/airflow/example_dags/example_dynamic_task_mapping_with_no_taskflow_operators.py
[2023-07-23T00:00:07.881+0000] {processor.py:826} INFO - Processing file /home/airflow/.local/lib/python3.7/site-packages/airflow/example_dags/example_dynamic_task_mapping_with_no_taskflow_operators.py for tasks to queue
[2023-07-23T00:00:07.884+0000] {logging_mixin.py:150} INFO - [2023-07-23T00:00:07.883+0000] {dagbag.py:541} INFO - Filling up the DagBag from /home/airflow/.local/lib/python3.7/site-packages/airflow/example_dags/example_dynamic_task_mapping_with_no_taskflow_operators.py
[2023-07-23T00:00:07.904+0000] {processor.py:836} INFO - DAG(s) dict_keys(['example_dynamic_task_mapping_with_no_taskflow_operators']) retrieved from /home/airflow/.local/lib/python3.7/site-packages/airflow/example_dags/example_dynamic_task_mapping_with_no_taskflow_operators.py
[2023-07-23T00:00:07.948+0000] {logging_mixin.py:150} INFO - [2023-07-23T00:00:07.947+0000] {dag.py:2742} INFO - Sync 1 DAGs
[2023-07-23T00:00:08.007+0000] {logging_mixin.py:150} INFO - [2023-07-23T00:00:08.007+0000] {dag.py:3508} INFO - Setting next_dagrun for example_dynamic_task_mapping_with_no_taskflow_operators to 2023-07-22T00:00:08.007052+00:00, run_after=2023-07-23T00:00:08.007052+00:00
[2023-07-23T00:00:08.023+0000] {processor.py:179} INFO - Processing /home/airflow/.local/lib/python3.7/site-packages/airflow/example_dags/example_dynamic_task_mapping_with_no_taskflow_operators.py took 0.152 seconds
[2023-07-23T00:00:38.273+0000] {processor.py:157} INFO - Started process (PID=1489) to work on /home/airflow/.local/lib/python3.7/site-packages/airflow/example_dags/example_dynamic_task_mapping_with_no_taskflow_operators.py
[2023-07-23T00:00:38.275+0000] {processor.py:826} INFO - Processing file /home/airflow/.local/lib/python3.7/site-packages/airflow/example_dags/example_dynamic_task_mapping_with_no_taskflow_operators.py for tasks to queue
[2023-07-23T00:00:38.278+0000] {logging_mixin.py:150} INFO - [2023-07-23T00:00:38.277+0000] {dagbag.py:541} INFO - Filling up the DagBag from /home/airflow/.local/lib/python3.7/site-packages/airflow/example_dags/example_dynamic_task_mapping_with_no_taskflow_operators.py
[2023-07-23T00:00:38.299+0000] {processor.py:836} INFO - DAG(s) dict_keys(['example_dynamic_task_mapping_with_no_taskflow_operators']) retrieved from /home/airflow/.local/lib/python3.7/site-packages/airflow/example_dags/example_dynamic_task_mapping_with_no_taskflow_operators.py
[2023-07-23T00:00:38.332+0000] {logging_mixin.py:150} INFO - [2023-07-23T00:00:38.332+0000] {dag.py:2742} INFO - Sync 1 DAGs
[2023-07-23T00:00:38.355+0000] {logging_mixin.py:150} INFO - [2023-07-23T00:00:38.355+0000] {dag.py:3508} INFO - Setting next_dagrun for example_dynamic_task_mapping_with_no_taskflow_operators to 2023-07-22T00:00:38.355217+00:00, run_after=2023-07-23T00:00:38.355217+00:00
[2023-07-23T00:00:38.370+0000] {processor.py:179} INFO - Processing /home/airflow/.local/lib/python3.7/site-packages/airflow/example_dags/example_dynamic_task_mapping_with_no_taskflow_operators.py took 0.103 seconds
[2023-07-23T00:01:08.973+0000] {processor.py:157} INFO - Started process (PID=1552) to work on /home/airflow/.local/lib/python3.7/site-packages/airflow/example_dags/example_dynamic_task_mapping_with_no_taskflow_operators.py
[2023-07-23T00:01:08.975+0000] {processor.py:826} INFO - Processing file /home/airflow/.local/lib/python3.7/site-packages/airflow/example_dags/example_dynamic_task_mapping_with_no_taskflow_operators.py for tasks to queue
[2023-07-23T00:01:08.976+0000] {logging_mixin.py:150} INFO - [2023-07-23T00:01:08.976+0000] {dagbag.py:541} INFO - Filling up the DagBag from /home/airflow/.local/lib/python3.7/site-packages/airflow/example_dags/example_dynamic_task_mapping_with_no_taskflow_operators.py
[2023-07-23T00:01:09.001+0000] {processor.py:836} INFO - DAG(s) dict_keys(['example_dynamic_task_mapping_with_no_taskflow_operators']) retrieved from /home/airflow/.local/lib/python3.7/site-packages/airflow/example_dags/example_dynamic_task_mapping_with_no_taskflow_operators.py
[2023-07-23T00:01:09.046+0000] {logging_mixin.py:150} INFO - [2023-07-23T00:01:09.046+0000] {dag.py:2742} INFO - Sync 1 DAGs
[2023-07-23T00:01:09.078+0000] {logging_mixin.py:150} INFO - [2023-07-23T00:01:09.077+0000] {dag.py:3508} INFO - Setting next_dagrun for example_dynamic_task_mapping_with_no_taskflow_operators to 2023-07-22T00:01:09.077328+00:00, run_after=2023-07-23T00:01:09.077328+00:00
[2023-07-23T00:01:09.094+0000] {processor.py:179} INFO - Processing /home/airflow/.local/lib/python3.7/site-packages/airflow/example_dags/example_dynamic_task_mapping_with_no_taskflow_operators.py took 0.126 seconds
[2023-07-23T00:01:39.400+0000] {processor.py:157} INFO - Started process (PID=1615) to work on /home/airflow/.local/lib/python3.7/site-packages/airflow/example_dags/example_dynamic_task_mapping_with_no_taskflow_operators.py
[2023-07-23T00:01:39.403+0000] {processor.py:826} INFO - Processing file /home/airflow/.local/lib/python3.7/site-packages/airflow/example_dags/example_dynamic_task_mapping_with_no_taskflow_operators.py for tasks to queue
[2023-07-23T00:01:39.407+0000] {logging_mixin.py:150} INFO - [2023-07-23T00:01:39.406+0000] {dagbag.py:541} INFO - Filling up the DagBag from /home/airflow/.local/lib/python3.7/site-packages/airflow/example_dags/example_dynamic_task_mapping_with_no_taskflow_operators.py
[2023-07-23T00:01:39.421+0000] {processor.py:836} INFO - DAG(s) dict_keys(['example_dynamic_task_mapping_with_no_taskflow_operators']) retrieved from /home/airflow/.local/lib/python3.7/site-packages/airflow/example_dags/example_dynamic_task_mapping_with_no_taskflow_operators.py
[2023-07-23T00:01:39.470+0000] {logging_mixin.py:150} INFO - [2023-07-23T00:01:39.470+0000] {dag.py:2742} INFO - Sync 1 DAGs
[2023-07-23T00:01:39.497+0000] {logging_mixin.py:150} INFO - [2023-07-23T00:01:39.497+0000] {dag.py:3508} INFO - Setting next_dagrun for example_dynamic_task_mapping_with_no_taskflow_operators to 2023-07-22T00:01:39.496870+00:00, run_after=2023-07-23T00:01:39.496870+00:00
[2023-07-23T00:01:39.512+0000] {processor.py:179} INFO - Processing /home/airflow/.local/lib/python3.7/site-packages/airflow/example_dags/example_dynamic_task_mapping_with_no_taskflow_operators.py took 0.118 seconds
[2023-07-23T00:02:10.030+0000] {processor.py:157} INFO - Started process (PID=1680) to work on /home/airflow/.local/lib/python3.7/site-packages/airflow/example_dags/example_dynamic_task_mapping_with_no_taskflow_operators.py
[2023-07-23T00:02:10.031+0000] {processor.py:826} INFO - Processing file /home/airflow/.local/lib/python3.7/site-packages/airflow/example_dags/example_dynamic_task_mapping_with_no_taskflow_operators.py for tasks to queue
[2023-07-23T00:02:10.032+0000] {logging_mixin.py:150} INFO - [2023-07-23T00:02:10.032+0000] {dagbag.py:541} INFO - Filling up the DagBag from /home/airflow/.local/lib/python3.7/site-packages/airflow/example_dags/example_dynamic_task_mapping_with_no_taskflow_operators.py
[2023-07-23T00:02:10.039+0000] {processor.py:836} INFO - DAG(s) dict_keys(['example_dynamic_task_mapping_with_no_taskflow_operators']) retrieved from /home/airflow/.local/lib/python3.7/site-packages/airflow/example_dags/example_dynamic_task_mapping_with_no_taskflow_operators.py
[2023-07-23T00:02:10.058+0000] {logging_mixin.py:150} INFO - [2023-07-23T00:02:10.058+0000] {dag.py:2742} INFO - Sync 1 DAGs
[2023-07-23T00:02:10.077+0000] {logging_mixin.py:150} INFO - [2023-07-23T00:02:10.077+0000] {dag.py:3508} INFO - Setting next_dagrun for example_dynamic_task_mapping_with_no_taskflow_operators to 2023-07-22T00:02:10.077226+00:00, run_after=2023-07-23T00:02:10.077226+00:00
[2023-07-23T00:02:10.090+0000] {processor.py:179} INFO - Processing /home/airflow/.local/lib/python3.7/site-packages/airflow/example_dags/example_dynamic_task_mapping_with_no_taskflow_operators.py took 0.063 seconds
[2023-07-23T00:02:40.746+0000] {processor.py:157} INFO - Started process (PID=1746) to work on /home/airflow/.local/lib/python3.7/site-packages/airflow/example_dags/example_dynamic_task_mapping_with_no_taskflow_operators.py
[2023-07-23T00:02:40.748+0000] {processor.py:826} INFO - Processing file /home/airflow/.local/lib/python3.7/site-packages/airflow/example_dags/example_dynamic_task_mapping_with_no_taskflow_operators.py for tasks to queue
[2023-07-23T00:02:40.750+0000] {logging_mixin.py:150} INFO - [2023-07-23T00:02:40.749+0000] {dagbag.py:541} INFO - Filling up the DagBag from /home/airflow/.local/lib/python3.7/site-packages/airflow/example_dags/example_dynamic_task_mapping_with_no_taskflow_operators.py
[2023-07-23T00:02:40.761+0000] {processor.py:836} INFO - DAG(s) dict_keys(['example_dynamic_task_mapping_with_no_taskflow_operators']) retrieved from /home/airflow/.local/lib/python3.7/site-packages/airflow/example_dags/example_dynamic_task_mapping_with_no_taskflow_operators.py
[2023-07-23T00:02:40.806+0000] {logging_mixin.py:150} INFO - [2023-07-23T00:02:40.806+0000] {dag.py:2742} INFO - Sync 1 DAGs
[2023-07-23T00:02:40.833+0000] {logging_mixin.py:150} INFO - [2023-07-23T00:02:40.832+0000] {dag.py:3508} INFO - Setting next_dagrun for example_dynamic_task_mapping_with_no_taskflow_operators to 2023-07-22T00:02:40.832497+00:00, run_after=2023-07-23T00:02:40.832497+00:00
[2023-07-23T00:02:40.847+0000] {processor.py:179} INFO - Processing /home/airflow/.local/lib/python3.7/site-packages/airflow/example_dags/example_dynamic_task_mapping_with_no_taskflow_operators.py took 0.107 seconds
[2023-07-23T00:03:11.293+0000] {processor.py:157} INFO - Started process (PID=1810) to work on /home/airflow/.local/lib/python3.7/site-packages/airflow/example_dags/example_dynamic_task_mapping_with_no_taskflow_operators.py
[2023-07-23T00:03:11.294+0000] {processor.py:826} INFO - Processing file /home/airflow/.local/lib/python3.7/site-packages/airflow/example_dags/example_dynamic_task_mapping_with_no_taskflow_operators.py for tasks to queue
[2023-07-23T00:03:11.295+0000] {logging_mixin.py:150} INFO - [2023-07-23T00:03:11.295+0000] {dagbag.py:541} INFO - Filling up the DagBag from /home/airflow/.local/lib/python3.7/site-packages/airflow/example_dags/example_dynamic_task_mapping_with_no_taskflow_operators.py
[2023-07-23T00:03:11.303+0000] {processor.py:836} INFO - DAG(s) dict_keys(['example_dynamic_task_mapping_with_no_taskflow_operators']) retrieved from /home/airflow/.local/lib/python3.7/site-packages/airflow/example_dags/example_dynamic_task_mapping_with_no_taskflow_operators.py
[2023-07-23T00:03:11.336+0000] {logging_mixin.py:150} INFO - [2023-07-23T00:03:11.336+0000] {dag.py:2742} INFO - Sync 1 DAGs
[2023-07-23T00:03:11.358+0000] {logging_mixin.py:150} INFO - [2023-07-23T00:03:11.358+0000] {dag.py:3508} INFO - Setting next_dagrun for example_dynamic_task_mapping_with_no_taskflow_operators to 2023-07-22T00:03:11.358477+00:00, run_after=2023-07-23T00:03:11.358477+00:00
[2023-07-23T00:03:11.374+0000] {processor.py:179} INFO - Processing /home/airflow/.local/lib/python3.7/site-packages/airflow/example_dags/example_dynamic_task_mapping_with_no_taskflow_operators.py took 0.084 seconds
[2023-07-23T00:03:41.801+0000] {processor.py:157} INFO - Started process (PID=1873) to work on /home/airflow/.local/lib/python3.7/site-packages/airflow/example_dags/example_dynamic_task_mapping_with_no_taskflow_operators.py
[2023-07-23T00:03:41.803+0000] {processor.py:826} INFO - Processing file /home/airflow/.local/lib/python3.7/site-packages/airflow/example_dags/example_dynamic_task_mapping_with_no_taskflow_operators.py for tasks to queue
[2023-07-23T00:03:41.804+0000] {logging_mixin.py:150} INFO - [2023-07-23T00:03:41.803+0000] {dagbag.py:541} INFO - Filling up the DagBag from /home/airflow/.local/lib/python3.7/site-packages/airflow/example_dags/example_dynamic_task_mapping_with_no_taskflow_operators.py
[2023-07-23T00:03:41.811+0000] {processor.py:836} INFO - DAG(s) dict_keys(['example_dynamic_task_mapping_with_no_taskflow_operators']) retrieved from /home/airflow/.local/lib/python3.7/site-packages/airflow/example_dags/example_dynamic_task_mapping_with_no_taskflow_operators.py
[2023-07-23T00:03:41.830+0000] {logging_mixin.py:150} INFO - [2023-07-23T00:03:41.830+0000] {dag.py:2742} INFO - Sync 1 DAGs
[2023-07-23T00:03:41.848+0000] {logging_mixin.py:150} INFO - [2023-07-23T00:03:41.848+0000] {dag.py:3508} INFO - Setting next_dagrun for example_dynamic_task_mapping_with_no_taskflow_operators to 2023-07-22T00:03:41.847977+00:00, run_after=2023-07-23T00:03:41.847977+00:00
[2023-07-23T00:03:41.860+0000] {processor.py:179} INFO - Processing /home/airflow/.local/lib/python3.7/site-packages/airflow/example_dags/example_dynamic_task_mapping_with_no_taskflow_operators.py took 0.063 seconds
[2023-07-23T00:04:12.558+0000] {processor.py:157} INFO - Started process (PID=1937) to work on /home/airflow/.local/lib/python3.7/site-packages/airflow/example_dags/example_dynamic_task_mapping_with_no_taskflow_operators.py
[2023-07-23T00:04:12.561+0000] {processor.py:826} INFO - Processing file /home/airflow/.local/lib/python3.7/site-packages/airflow/example_dags/example_dynamic_task_mapping_with_no_taskflow_operators.py for tasks to queue
[2023-07-23T00:04:12.562+0000] {logging_mixin.py:150} INFO - [2023-07-23T00:04:12.562+0000] {dagbag.py:541} INFO - Filling up the DagBag from /home/airflow/.local/lib/python3.7/site-packages/airflow/example_dags/example_dynamic_task_mapping_with_no_taskflow_operators.py
[2023-07-23T00:04:12.584+0000] {processor.py:836} INFO - DAG(s) dict_keys(['example_dynamic_task_mapping_with_no_taskflow_operators']) retrieved from /home/airflow/.local/lib/python3.7/site-packages/airflow/example_dags/example_dynamic_task_mapping_with_no_taskflow_operators.py
[2023-07-23T00:04:12.618+0000] {logging_mixin.py:150} INFO - [2023-07-23T00:04:12.618+0000] {dag.py:2742} INFO - Sync 1 DAGs
[2023-07-23T00:04:12.650+0000] {logging_mixin.py:150} INFO - [2023-07-23T00:04:12.650+0000] {dag.py:3508} INFO - Setting next_dagrun for example_dynamic_task_mapping_with_no_taskflow_operators to 2023-07-22T00:04:12.649579+00:00, run_after=2023-07-23T00:04:12.649579+00:00
[2023-07-23T00:04:12.664+0000] {processor.py:179} INFO - Processing /home/airflow/.local/lib/python3.7/site-packages/airflow/example_dags/example_dynamic_task_mapping_with_no_taskflow_operators.py took 0.116 seconds
[2023-07-23T00:04:43.221+0000] {processor.py:157} INFO - Started process (PID=2000) to work on /home/airflow/.local/lib/python3.7/site-packages/airflow/example_dags/example_dynamic_task_mapping_with_no_taskflow_operators.py
[2023-07-23T00:04:43.223+0000] {processor.py:826} INFO - Processing file /home/airflow/.local/lib/python3.7/site-packages/airflow/example_dags/example_dynamic_task_mapping_with_no_taskflow_operators.py for tasks to queue
[2023-07-23T00:04:43.226+0000] {logging_mixin.py:150} INFO - [2023-07-23T00:04:43.225+0000] {dagbag.py:541} INFO - Filling up the DagBag from /home/airflow/.local/lib/python3.7/site-packages/airflow/example_dags/example_dynamic_task_mapping_with_no_taskflow_operators.py
[2023-07-23T00:04:43.238+0000] {processor.py:836} INFO - DAG(s) dict_keys(['example_dynamic_task_mapping_with_no_taskflow_operators']) retrieved from /home/airflow/.local/lib/python3.7/site-packages/airflow/example_dags/example_dynamic_task_mapping_with_no_taskflow_operators.py
[2023-07-23T00:04:43.271+0000] {logging_mixin.py:150} INFO - [2023-07-23T00:04:43.270+0000] {dag.py:2742} INFO - Sync 1 DAGs
[2023-07-23T00:04:43.296+0000] {logging_mixin.py:150} INFO - [2023-07-23T00:04:43.296+0000] {dag.py:3508} INFO - Setting next_dagrun for example_dynamic_task_mapping_with_no_taskflow_operators to 2023-07-22T00:04:43.296014+00:00, run_after=2023-07-23T00:04:43.296014+00:00
[2023-07-23T00:04:43.316+0000] {processor.py:179} INFO - Processing /home/airflow/.local/lib/python3.7/site-packages/airflow/example_dags/example_dynamic_task_mapping_with_no_taskflow_operators.py took 0.106 seconds
[2023-07-23T00:05:13.776+0000] {processor.py:157} INFO - Started process (PID=2063) to work on /home/airflow/.local/lib/python3.7/site-packages/airflow/example_dags/example_dynamic_task_mapping_with_no_taskflow_operators.py
[2023-07-23T00:05:13.779+0000] {processor.py:826} INFO - Processing file /home/airflow/.local/lib/python3.7/site-packages/airflow/example_dags/example_dynamic_task_mapping_with_no_taskflow_operators.py for tasks to queue
[2023-07-23T00:05:13.782+0000] {logging_mixin.py:150} INFO - [2023-07-23T00:05:13.781+0000] {dagbag.py:541} INFO - Filling up the DagBag from /home/airflow/.local/lib/python3.7/site-packages/airflow/example_dags/example_dynamic_task_mapping_with_no_taskflow_operators.py
[2023-07-23T00:05:13.801+0000] {processor.py:836} INFO - DAG(s) dict_keys(['example_dynamic_task_mapping_with_no_taskflow_operators']) retrieved from /home/airflow/.local/lib/python3.7/site-packages/airflow/example_dags/example_dynamic_task_mapping_with_no_taskflow_operators.py
[2023-07-23T00:05:13.840+0000] {logging_mixin.py:150} INFO - [2023-07-23T00:05:13.839+0000] {dag.py:2742} INFO - Sync 1 DAGs
[2023-07-23T00:05:13.865+0000] {logging_mixin.py:150} INFO - [2023-07-23T00:05:13.865+0000] {dag.py:3508} INFO - Setting next_dagrun for example_dynamic_task_mapping_with_no_taskflow_operators to 2023-07-22T00:05:13.864984+00:00, run_after=2023-07-23T00:05:13.864984+00:00
[2023-07-23T00:05:13.881+0000] {processor.py:179} INFO - Processing /home/airflow/.local/lib/python3.7/site-packages/airflow/example_dags/example_dynamic_task_mapping_with_no_taskflow_operators.py took 0.111 seconds
[2023-07-23T00:05:44.493+0000] {processor.py:157} INFO - Started process (PID=2126) to work on /home/airflow/.local/lib/python3.7/site-packages/airflow/example_dags/example_dynamic_task_mapping_with_no_taskflow_operators.py
[2023-07-23T00:05:44.495+0000] {processor.py:826} INFO - Processing file /home/airflow/.local/lib/python3.7/site-packages/airflow/example_dags/example_dynamic_task_mapping_with_no_taskflow_operators.py for tasks to queue
[2023-07-23T00:05:44.497+0000] {logging_mixin.py:150} INFO - [2023-07-23T00:05:44.496+0000] {dagbag.py:541} INFO - Filling up the DagBag from /home/airflow/.local/lib/python3.7/site-packages/airflow/example_dags/example_dynamic_task_mapping_with_no_taskflow_operators.py
[2023-07-23T00:05:44.506+0000] {processor.py:836} INFO - DAG(s) dict_keys(['example_dynamic_task_mapping_with_no_taskflow_operators']) retrieved from /home/airflow/.local/lib/python3.7/site-packages/airflow/example_dags/example_dynamic_task_mapping_with_no_taskflow_operators.py
[2023-07-23T00:05:44.532+0000] {logging_mixin.py:150} INFO - [2023-07-23T00:05:44.532+0000] {dag.py:2742} INFO - Sync 1 DAGs
[2023-07-23T00:05:44.558+0000] {logging_mixin.py:150} INFO - [2023-07-23T00:05:44.558+0000] {dag.py:3508} INFO - Setting next_dagrun for example_dynamic_task_mapping_with_no_taskflow_operators to 2023-07-22T00:05:44.558415+00:00, run_after=2023-07-23T00:05:44.558415+00:00
[2023-07-23T00:05:44.572+0000] {processor.py:179} INFO - Processing /home/airflow/.local/lib/python3.7/site-packages/airflow/example_dags/example_dynamic_task_mapping_with_no_taskflow_operators.py took 0.084 seconds
[2023-07-23T00:06:15.069+0000] {processor.py:157} INFO - Started process (PID=2189) to work on /home/airflow/.local/lib/python3.7/site-packages/airflow/example_dags/example_dynamic_task_mapping_with_no_taskflow_operators.py
[2023-07-23T00:06:15.071+0000] {processor.py:826} INFO - Processing file /home/airflow/.local/lib/python3.7/site-packages/airflow/example_dags/example_dynamic_task_mapping_with_no_taskflow_operators.py for tasks to queue
[2023-07-23T00:06:15.072+0000] {logging_mixin.py:150} INFO - [2023-07-23T00:06:15.072+0000] {dagbag.py:541} INFO - Filling up the DagBag from /home/airflow/.local/lib/python3.7/site-packages/airflow/example_dags/example_dynamic_task_mapping_with_no_taskflow_operators.py
[2023-07-23T00:06:15.084+0000] {processor.py:836} INFO - DAG(s) dict_keys(['example_dynamic_task_mapping_with_no_taskflow_operators']) retrieved from /home/airflow/.local/lib/python3.7/site-packages/airflow/example_dags/example_dynamic_task_mapping_with_no_taskflow_operators.py
[2023-07-23T00:06:15.130+0000] {logging_mixin.py:150} INFO - [2023-07-23T00:06:15.130+0000] {dag.py:2742} INFO - Sync 1 DAGs
[2023-07-23T00:06:15.158+0000] {logging_mixin.py:150} INFO - [2023-07-23T00:06:15.158+0000] {dag.py:3508} INFO - Setting next_dagrun for example_dynamic_task_mapping_with_no_taskflow_operators to 2023-07-22T00:06:15.157764+00:00, run_after=2023-07-23T00:06:15.157764+00:00
[2023-07-23T00:06:15.173+0000] {processor.py:179} INFO - Processing /home/airflow/.local/lib/python3.7/site-packages/airflow/example_dags/example_dynamic_task_mapping_with_no_taskflow_operators.py took 0.109 seconds
[2023-07-23T00:06:45.998+0000] {processor.py:157} INFO - Started process (PID=2252) to work on /home/airflow/.local/lib/python3.7/site-packages/airflow/example_dags/example_dynamic_task_mapping_with_no_taskflow_operators.py
[2023-07-23T00:06:46.001+0000] {processor.py:826} INFO - Processing file /home/airflow/.local/lib/python3.7/site-packages/airflow/example_dags/example_dynamic_task_mapping_with_no_taskflow_operators.py for tasks to queue
[2023-07-23T00:06:46.003+0000] {logging_mixin.py:150} INFO - [2023-07-23T00:06:46.002+0000] {dagbag.py:541} INFO - Filling up the DagBag from /home/airflow/.local/lib/python3.7/site-packages/airflow/example_dags/example_dynamic_task_mapping_with_no_taskflow_operators.py
[2023-07-23T00:06:46.018+0000] {processor.py:836} INFO - DAG(s) dict_keys(['example_dynamic_task_mapping_with_no_taskflow_operators']) retrieved from /home/airflow/.local/lib/python3.7/site-packages/airflow/example_dags/example_dynamic_task_mapping_with_no_taskflow_operators.py
[2023-07-23T00:06:46.043+0000] {logging_mixin.py:150} INFO - [2023-07-23T00:06:46.043+0000] {dag.py:2742} INFO - Sync 1 DAGs
[2023-07-23T00:06:46.066+0000] {logging_mixin.py:150} INFO - [2023-07-23T00:06:46.065+0000] {dag.py:3508} INFO - Setting next_dagrun for example_dynamic_task_mapping_with_no_taskflow_operators to 2023-07-22T00:06:46.065574+00:00, run_after=2023-07-23T00:06:46.065574+00:00
[2023-07-23T00:06:46.079+0000] {processor.py:179} INFO - Processing /home/airflow/.local/lib/python3.7/site-packages/airflow/example_dags/example_dynamic_task_mapping_with_no_taskflow_operators.py took 0.085 seconds
[2023-07-23T00:07:16.292+0000] {processor.py:157} INFO - Started process (PID=2308) to work on /home/airflow/.local/lib/python3.7/site-packages/airflow/example_dags/example_dynamic_task_mapping_with_no_taskflow_operators.py
[2023-07-23T00:07:16.293+0000] {processor.py:826} INFO - Processing file /home/airflow/.local/lib/python3.7/site-packages/airflow/example_dags/example_dynamic_task_mapping_with_no_taskflow_operators.py for tasks to queue
[2023-07-23T00:07:16.295+0000] {logging_mixin.py:150} INFO - [2023-07-23T00:07:16.294+0000] {dagbag.py:541} INFO - Filling up the DagBag from /home/airflow/.local/lib/python3.7/site-packages/airflow/example_dags/example_dynamic_task_mapping_with_no_taskflow_operators.py
[2023-07-23T00:07:16.304+0000] {processor.py:836} INFO - DAG(s) dict_keys(['example_dynamic_task_mapping_with_no_taskflow_operators']) retrieved from /home/airflow/.local/lib/python3.7/site-packages/airflow/example_dags/example_dynamic_task_mapping_with_no_taskflow_operators.py
[2023-07-23T00:07:16.330+0000] {logging_mixin.py:150} INFO - [2023-07-23T00:07:16.330+0000] {dag.py:2742} INFO - Sync 1 DAGs
[2023-07-23T00:07:16.352+0000] {logging_mixin.py:150} INFO - [2023-07-23T00:07:16.352+0000] {dag.py:3508} INFO - Setting next_dagrun for example_dynamic_task_mapping_with_no_taskflow_operators to 2023-07-22T00:07:16.351516+00:00, run_after=2023-07-23T00:07:16.351516+00:00
[2023-07-23T00:07:16.375+0000] {processor.py:179} INFO - Processing /home/airflow/.local/lib/python3.7/site-packages/airflow/example_dags/example_dynamic_task_mapping_with_no_taskflow_operators.py took 0.088 seconds
[2023-07-23T00:07:46.502+0000] {processor.py:157} INFO - Started process (PID=2372) to work on /home/airflow/.local/lib/python3.7/site-packages/airflow/example_dags/example_dynamic_task_mapping_with_no_taskflow_operators.py
[2023-07-23T00:07:46.505+0000] {processor.py:826} INFO - Processing file /home/airflow/.local/lib/python3.7/site-packages/airflow/example_dags/example_dynamic_task_mapping_with_no_taskflow_operators.py for tasks to queue
[2023-07-23T00:07:46.507+0000] {logging_mixin.py:150} INFO - [2023-07-23T00:07:46.507+0000] {dagbag.py:541} INFO - Filling up the DagBag from /home/airflow/.local/lib/python3.7/site-packages/airflow/example_dags/example_dynamic_task_mapping_with_no_taskflow_operators.py
[2023-07-23T00:07:46.534+0000] {processor.py:836} INFO - DAG(s) dict_keys(['example_dynamic_task_mapping_with_no_taskflow_operators']) retrieved from /home/airflow/.local/lib/python3.7/site-packages/airflow/example_dags/example_dynamic_task_mapping_with_no_taskflow_operators.py
[2023-07-23T00:07:46.562+0000] {logging_mixin.py:150} INFO - [2023-07-23T00:07:46.562+0000] {dag.py:2742} INFO - Sync 1 DAGs
[2023-07-23T00:07:46.595+0000] {logging_mixin.py:150} INFO - [2023-07-23T00:07:46.595+0000] {dag.py:3508} INFO - Setting next_dagrun for example_dynamic_task_mapping_with_no_taskflow_operators to 2023-07-22T00:07:46.595009+00:00, run_after=2023-07-23T00:07:46.595009+00:00
[2023-07-23T00:07:46.609+0000] {processor.py:179} INFO - Processing /home/airflow/.local/lib/python3.7/site-packages/airflow/example_dags/example_dynamic_task_mapping_with_no_taskflow_operators.py took 0.121 seconds
[2023-07-23T00:08:17.139+0000] {processor.py:157} INFO - Started process (PID=2440) to work on /home/airflow/.local/lib/python3.7/site-packages/airflow/example_dags/example_dynamic_task_mapping_with_no_taskflow_operators.py
[2023-07-23T00:08:17.141+0000] {processor.py:826} INFO - Processing file /home/airflow/.local/lib/python3.7/site-packages/airflow/example_dags/example_dynamic_task_mapping_with_no_taskflow_operators.py for tasks to queue
[2023-07-23T00:08:17.144+0000] {logging_mixin.py:150} INFO - [2023-07-23T00:08:17.143+0000] {dagbag.py:541} INFO - Filling up the DagBag from /home/airflow/.local/lib/python3.7/site-packages/airflow/example_dags/example_dynamic_task_mapping_with_no_taskflow_operators.py
[2023-07-23T00:08:17.168+0000] {processor.py:836} INFO - DAG(s) dict_keys(['example_dynamic_task_mapping_with_no_taskflow_operators']) retrieved from /home/airflow/.local/lib/python3.7/site-packages/airflow/example_dags/example_dynamic_task_mapping_with_no_taskflow_operators.py
[2023-07-23T00:08:17.197+0000] {logging_mixin.py:150} INFO - [2023-07-23T00:08:17.197+0000] {dag.py:2742} INFO - Sync 1 DAGs
[2023-07-23T00:08:17.229+0000] {logging_mixin.py:150} INFO - [2023-07-23T00:08:17.229+0000] {dag.py:3508} INFO - Setting next_dagrun for example_dynamic_task_mapping_with_no_taskflow_operators to 2023-07-22T00:08:17.229401+00:00, run_after=2023-07-23T00:08:17.229401+00:00
[2023-07-23T00:08:17.246+0000] {processor.py:179} INFO - Processing /home/airflow/.local/lib/python3.7/site-packages/airflow/example_dags/example_dynamic_task_mapping_with_no_taskflow_operators.py took 0.111 seconds
[2023-07-23T00:08:47.285+0000] {processor.py:157} INFO - Started process (PID=2503) to work on /home/airflow/.local/lib/python3.7/site-packages/airflow/example_dags/example_dynamic_task_mapping_with_no_taskflow_operators.py
[2023-07-23T00:08:47.286+0000] {processor.py:826} INFO - Processing file /home/airflow/.local/lib/python3.7/site-packages/airflow/example_dags/example_dynamic_task_mapping_with_no_taskflow_operators.py for tasks to queue
[2023-07-23T00:08:47.288+0000] {logging_mixin.py:150} INFO - [2023-07-23T00:08:47.288+0000] {dagbag.py:541} INFO - Filling up the DagBag from /home/airflow/.local/lib/python3.7/site-packages/airflow/example_dags/example_dynamic_task_mapping_with_no_taskflow_operators.py
[2023-07-23T00:08:47.295+0000] {processor.py:836} INFO - DAG(s) dict_keys(['example_dynamic_task_mapping_with_no_taskflow_operators']) retrieved from /home/airflow/.local/lib/python3.7/site-packages/airflow/example_dags/example_dynamic_task_mapping_with_no_taskflow_operators.py
[2023-07-23T00:08:47.344+0000] {logging_mixin.py:150} INFO - [2023-07-23T00:08:47.343+0000] {dag.py:2742} INFO - Sync 1 DAGs
[2023-07-23T00:08:47.470+0000] {logging_mixin.py:150} INFO - [2023-07-23T00:08:47.469+0000] {dag.py:3508} INFO - Setting next_dagrun for example_dynamic_task_mapping_with_no_taskflow_operators to 2023-07-22T00:08:47.468912+00:00, run_after=2023-07-23T00:08:47.468912+00:00
[2023-07-23T00:08:47.495+0000] {processor.py:179} INFO - Processing /home/airflow/.local/lib/python3.7/site-packages/airflow/example_dags/example_dynamic_task_mapping_with_no_taskflow_operators.py took 0.214 seconds
[2023-07-23T00:09:18.188+0000] {processor.py:157} INFO - Started process (PID=2567) to work on /home/airflow/.local/lib/python3.7/site-packages/airflow/example_dags/example_dynamic_task_mapping_with_no_taskflow_operators.py
[2023-07-23T00:09:18.189+0000] {processor.py:826} INFO - Processing file /home/airflow/.local/lib/python3.7/site-packages/airflow/example_dags/example_dynamic_task_mapping_with_no_taskflow_operators.py for tasks to queue
[2023-07-23T00:09:18.195+0000] {logging_mixin.py:150} INFO - [2023-07-23T00:09:18.195+0000] {dagbag.py:541} INFO - Filling up the DagBag from /home/airflow/.local/lib/python3.7/site-packages/airflow/example_dags/example_dynamic_task_mapping_with_no_taskflow_operators.py
[2023-07-23T00:09:18.206+0000] {processor.py:836} INFO - DAG(s) dict_keys(['example_dynamic_task_mapping_with_no_taskflow_operators']) retrieved from /home/airflow/.local/lib/python3.7/site-packages/airflow/example_dags/example_dynamic_task_mapping_with_no_taskflow_operators.py
[2023-07-23T00:09:18.227+0000] {logging_mixin.py:150} INFO - [2023-07-23T00:09:18.227+0000] {dag.py:2742} INFO - Sync 1 DAGs
[2023-07-23T00:09:18.243+0000] {logging_mixin.py:150} INFO - [2023-07-23T00:09:18.243+0000] {dag.py:3508} INFO - Setting next_dagrun for example_dynamic_task_mapping_with_no_taskflow_operators to 2023-07-22T00:09:18.242931+00:00, run_after=2023-07-23T00:09:18.242931+00:00
[2023-07-23T00:09:18.254+0000] {processor.py:179} INFO - Processing /home/airflow/.local/lib/python3.7/site-packages/airflow/example_dags/example_dynamic_task_mapping_with_no_taskflow_operators.py took 0.071 seconds
[2023-07-23T00:09:48.404+0000] {processor.py:157} INFO - Started process (PID=2631) to work on /home/airflow/.local/lib/python3.7/site-packages/airflow/example_dags/example_dynamic_task_mapping_with_no_taskflow_operators.py
[2023-07-23T00:09:48.405+0000] {processor.py:826} INFO - Processing file /home/airflow/.local/lib/python3.7/site-packages/airflow/example_dags/example_dynamic_task_mapping_with_no_taskflow_operators.py for tasks to queue
[2023-07-23T00:09:48.406+0000] {logging_mixin.py:150} INFO - [2023-07-23T00:09:48.406+0000] {dagbag.py:541} INFO - Filling up the DagBag from /home/airflow/.local/lib/python3.7/site-packages/airflow/example_dags/example_dynamic_task_mapping_with_no_taskflow_operators.py
[2023-07-23T00:09:48.413+0000] {processor.py:836} INFO - DAG(s) dict_keys(['example_dynamic_task_mapping_with_no_taskflow_operators']) retrieved from /home/airflow/.local/lib/python3.7/site-packages/airflow/example_dags/example_dynamic_task_mapping_with_no_taskflow_operators.py
[2023-07-23T00:09:48.431+0000] {logging_mixin.py:150} INFO - [2023-07-23T00:09:48.431+0000] {dag.py:2742} INFO - Sync 1 DAGs
[2023-07-23T00:09:48.447+0000] {logging_mixin.py:150} INFO - [2023-07-23T00:09:48.447+0000] {dag.py:3508} INFO - Setting next_dagrun for example_dynamic_task_mapping_with_no_taskflow_operators to 2023-07-22T00:09:48.447534+00:00, run_after=2023-07-23T00:09:48.447534+00:00
[2023-07-23T00:09:48.458+0000] {processor.py:179} INFO - Processing /home/airflow/.local/lib/python3.7/site-packages/airflow/example_dags/example_dynamic_task_mapping_with_no_taskflow_operators.py took 0.057 seconds
[2023-07-23T00:10:18.619+0000] {processor.py:157} INFO - Started process (PID=2694) to work on /home/airflow/.local/lib/python3.7/site-packages/airflow/example_dags/example_dynamic_task_mapping_with_no_taskflow_operators.py
[2023-07-23T00:10:18.621+0000] {processor.py:826} INFO - Processing file /home/airflow/.local/lib/python3.7/site-packages/airflow/example_dags/example_dynamic_task_mapping_with_no_taskflow_operators.py for tasks to queue
[2023-07-23T00:10:18.623+0000] {logging_mixin.py:150} INFO - [2023-07-23T00:10:18.622+0000] {dagbag.py:541} INFO - Filling up the DagBag from /home/airflow/.local/lib/python3.7/site-packages/airflow/example_dags/example_dynamic_task_mapping_with_no_taskflow_operators.py
[2023-07-23T00:10:18.635+0000] {processor.py:836} INFO - DAG(s) dict_keys(['example_dynamic_task_mapping_with_no_taskflow_operators']) retrieved from /home/airflow/.local/lib/python3.7/site-packages/airflow/example_dags/example_dynamic_task_mapping_with_no_taskflow_operators.py
[2023-07-23T00:10:18.660+0000] {logging_mixin.py:150} INFO - [2023-07-23T00:10:18.660+0000] {dag.py:2742} INFO - Sync 1 DAGs
[2023-07-23T00:10:18.678+0000] {logging_mixin.py:150} INFO - [2023-07-23T00:10:18.678+0000] {dag.py:3508} INFO - Setting next_dagrun for example_dynamic_task_mapping_with_no_taskflow_operators to 2023-07-22T00:10:18.677994+00:00, run_after=2023-07-23T00:10:18.677994+00:00
[2023-07-23T00:10:18.691+0000] {processor.py:179} INFO - Processing /home/airflow/.local/lib/python3.7/site-packages/airflow/example_dags/example_dynamic_task_mapping_with_no_taskflow_operators.py took 0.077 seconds
[2023-07-23T00:10:48.976+0000] {processor.py:157} INFO - Started process (PID=2757) to work on /home/airflow/.local/lib/python3.7/site-packages/airflow/example_dags/example_dynamic_task_mapping_with_no_taskflow_operators.py
[2023-07-23T00:10:48.978+0000] {processor.py:826} INFO - Processing file /home/airflow/.local/lib/python3.7/site-packages/airflow/example_dags/example_dynamic_task_mapping_with_no_taskflow_operators.py for tasks to queue
[2023-07-23T00:10:48.980+0000] {logging_mixin.py:150} INFO - [2023-07-23T00:10:48.979+0000] {dagbag.py:541} INFO - Filling up the DagBag from /home/airflow/.local/lib/python3.7/site-packages/airflow/example_dags/example_dynamic_task_mapping_with_no_taskflow_operators.py
[2023-07-23T00:10:48.993+0000] {processor.py:836} INFO - DAG(s) dict_keys(['example_dynamic_task_mapping_with_no_taskflow_operators']) retrieved from /home/airflow/.local/lib/python3.7/site-packages/airflow/example_dags/example_dynamic_task_mapping_with_no_taskflow_operators.py
[2023-07-23T00:10:49.036+0000] {logging_mixin.py:150} INFO - [2023-07-23T00:10:49.036+0000] {dag.py:2742} INFO - Sync 1 DAGs
[2023-07-23T00:10:49.058+0000] {logging_mixin.py:150} INFO - [2023-07-23T00:10:49.058+0000] {dag.py:3508} INFO - Setting next_dagrun for example_dynamic_task_mapping_with_no_taskflow_operators to 2023-07-22T00:10:49.058344+00:00, run_after=2023-07-23T00:10:49.058344+00:00
[2023-07-23T00:10:49.072+0000] {processor.py:179} INFO - Processing /home/airflow/.local/lib/python3.7/site-packages/airflow/example_dags/example_dynamic_task_mapping_with_no_taskflow_operators.py took 0.101 seconds
[2023-07-23T00:11:19.339+0000] {processor.py:157} INFO - Started process (PID=2820) to work on /home/airflow/.local/lib/python3.7/site-packages/airflow/example_dags/example_dynamic_task_mapping_with_no_taskflow_operators.py
[2023-07-23T00:11:19.341+0000] {processor.py:826} INFO - Processing file /home/airflow/.local/lib/python3.7/site-packages/airflow/example_dags/example_dynamic_task_mapping_with_no_taskflow_operators.py for tasks to queue
[2023-07-23T00:11:19.342+0000] {logging_mixin.py:150} INFO - [2023-07-23T00:11:19.342+0000] {dagbag.py:541} INFO - Filling up the DagBag from /home/airflow/.local/lib/python3.7/site-packages/airflow/example_dags/example_dynamic_task_mapping_with_no_taskflow_operators.py
[2023-07-23T00:11:19.354+0000] {processor.py:836} INFO - DAG(s) dict_keys(['example_dynamic_task_mapping_with_no_taskflow_operators']) retrieved from /home/airflow/.local/lib/python3.7/site-packages/airflow/example_dags/example_dynamic_task_mapping_with_no_taskflow_operators.py
[2023-07-23T00:11:19.379+0000] {logging_mixin.py:150} INFO - [2023-07-23T00:11:19.379+0000] {dag.py:2742} INFO - Sync 1 DAGs
[2023-07-23T00:11:19.400+0000] {logging_mixin.py:150} INFO - [2023-07-23T00:11:19.400+0000] {dag.py:3508} INFO - Setting next_dagrun for example_dynamic_task_mapping_with_no_taskflow_operators to 2023-07-22T00:11:19.400396+00:00, run_after=2023-07-23T00:11:19.400396+00:00
[2023-07-23T00:11:19.415+0000] {processor.py:179} INFO - Processing /home/airflow/.local/lib/python3.7/site-packages/airflow/example_dags/example_dynamic_task_mapping_with_no_taskflow_operators.py took 0.081 seconds
[2023-07-23T00:11:49.727+0000] {processor.py:157} INFO - Started process (PID=2882) to work on /home/airflow/.local/lib/python3.7/site-packages/airflow/example_dags/example_dynamic_task_mapping_with_no_taskflow_operators.py
[2023-07-23T00:11:49.729+0000] {processor.py:826} INFO - Processing file /home/airflow/.local/lib/python3.7/site-packages/airflow/example_dags/example_dynamic_task_mapping_with_no_taskflow_operators.py for tasks to queue
[2023-07-23T00:11:49.731+0000] {logging_mixin.py:150} INFO - [2023-07-23T00:11:49.730+0000] {dagbag.py:541} INFO - Filling up the DagBag from /home/airflow/.local/lib/python3.7/site-packages/airflow/example_dags/example_dynamic_task_mapping_with_no_taskflow_operators.py
[2023-07-23T00:11:49.744+0000] {processor.py:836} INFO - DAG(s) dict_keys(['example_dynamic_task_mapping_with_no_taskflow_operators']) retrieved from /home/airflow/.local/lib/python3.7/site-packages/airflow/example_dags/example_dynamic_task_mapping_with_no_taskflow_operators.py
[2023-07-23T00:11:49.768+0000] {logging_mixin.py:150} INFO - [2023-07-23T00:11:49.768+0000] {dag.py:2742} INFO - Sync 1 DAGs
[2023-07-23T00:11:49.789+0000] {logging_mixin.py:150} INFO - [2023-07-23T00:11:49.789+0000] {dag.py:3508} INFO - Setting next_dagrun for example_dynamic_task_mapping_with_no_taskflow_operators to 2023-07-22T00:11:49.788957+00:00, run_after=2023-07-23T00:11:49.788957+00:00
[2023-07-23T00:11:49.801+0000] {processor.py:179} INFO - Processing /home/airflow/.local/lib/python3.7/site-packages/airflow/example_dags/example_dynamic_task_mapping_with_no_taskflow_operators.py took 0.081 seconds
[2023-07-23T00:12:20.250+0000] {processor.py:157} INFO - Started process (PID=2946) to work on /home/airflow/.local/lib/python3.7/site-packages/airflow/example_dags/example_dynamic_task_mapping_with_no_taskflow_operators.py
[2023-07-23T00:12:20.251+0000] {processor.py:826} INFO - Processing file /home/airflow/.local/lib/python3.7/site-packages/airflow/example_dags/example_dynamic_task_mapping_with_no_taskflow_operators.py for tasks to queue
[2023-07-23T00:12:20.252+0000] {logging_mixin.py:150} INFO - [2023-07-23T00:12:20.252+0000] {dagbag.py:541} INFO - Filling up the DagBag from /home/airflow/.local/lib/python3.7/site-packages/airflow/example_dags/example_dynamic_task_mapping_with_no_taskflow_operators.py
[2023-07-23T00:12:20.261+0000] {processor.py:836} INFO - DAG(s) dict_keys(['example_dynamic_task_mapping_with_no_taskflow_operators']) retrieved from /home/airflow/.local/lib/python3.7/site-packages/airflow/example_dags/example_dynamic_task_mapping_with_no_taskflow_operators.py
[2023-07-23T00:12:20.285+0000] {logging_mixin.py:150} INFO - [2023-07-23T00:12:20.285+0000] {dag.py:2742} INFO - Sync 1 DAGs
[2023-07-23T00:12:20.304+0000] {logging_mixin.py:150} INFO - [2023-07-23T00:12:20.304+0000] {dag.py:3508} INFO - Setting next_dagrun for example_dynamic_task_mapping_with_no_taskflow_operators to 2023-07-22T00:12:20.304093+00:00, run_after=2023-07-23T00:12:20.304093+00:00
[2023-07-23T00:12:20.316+0000] {processor.py:179} INFO - Processing /home/airflow/.local/lib/python3.7/site-packages/airflow/example_dags/example_dynamic_task_mapping_with_no_taskflow_operators.py took 0.071 seconds
[2023-07-23T00:12:50.643+0000] {processor.py:157} INFO - Started process (PID=3009) to work on /home/airflow/.local/lib/python3.7/site-packages/airflow/example_dags/example_dynamic_task_mapping_with_no_taskflow_operators.py
[2023-07-23T00:12:50.645+0000] {processor.py:826} INFO - Processing file /home/airflow/.local/lib/python3.7/site-packages/airflow/example_dags/example_dynamic_task_mapping_with_no_taskflow_operators.py for tasks to queue
[2023-07-23T00:12:50.646+0000] {logging_mixin.py:150} INFO - [2023-07-23T00:12:50.646+0000] {dagbag.py:541} INFO - Filling up the DagBag from /home/airflow/.local/lib/python3.7/site-packages/airflow/example_dags/example_dynamic_task_mapping_with_no_taskflow_operators.py
[2023-07-23T00:12:50.659+0000] {processor.py:836} INFO - DAG(s) dict_keys(['example_dynamic_task_mapping_with_no_taskflow_operators']) retrieved from /home/airflow/.local/lib/python3.7/site-packages/airflow/example_dags/example_dynamic_task_mapping_with_no_taskflow_operators.py
[2023-07-23T00:12:50.708+0000] {logging_mixin.py:150} INFO - [2023-07-23T00:12:50.708+0000] {dag.py:2742} INFO - Sync 1 DAGs
[2023-07-23T00:12:50.734+0000] {logging_mixin.py:150} INFO - [2023-07-23T00:12:50.734+0000] {dag.py:3508} INFO - Setting next_dagrun for example_dynamic_task_mapping_with_no_taskflow_operators to 2023-07-22T00:12:50.733685+00:00, run_after=2023-07-23T00:12:50.733685+00:00
[2023-07-23T00:12:50.749+0000] {processor.py:179} INFO - Processing /home/airflow/.local/lib/python3.7/site-packages/airflow/example_dags/example_dynamic_task_mapping_with_no_taskflow_operators.py took 0.110 seconds
[2023-07-23T00:13:20.878+0000] {processor.py:157} INFO - Started process (PID=3072) to work on /home/airflow/.local/lib/python3.7/site-packages/airflow/example_dags/example_dynamic_task_mapping_with_no_taskflow_operators.py
[2023-07-23T00:13:20.881+0000] {processor.py:826} INFO - Processing file /home/airflow/.local/lib/python3.7/site-packages/airflow/example_dags/example_dynamic_task_mapping_with_no_taskflow_operators.py for tasks to queue
[2023-07-23T00:13:20.882+0000] {logging_mixin.py:150} INFO - [2023-07-23T00:13:20.882+0000] {dagbag.py:541} INFO - Filling up the DagBag from /home/airflow/.local/lib/python3.7/site-packages/airflow/example_dags/example_dynamic_task_mapping_with_no_taskflow_operators.py
[2023-07-23T00:13:20.894+0000] {processor.py:836} INFO - DAG(s) dict_keys(['example_dynamic_task_mapping_with_no_taskflow_operators']) retrieved from /home/airflow/.local/lib/python3.7/site-packages/airflow/example_dags/example_dynamic_task_mapping_with_no_taskflow_operators.py
[2023-07-23T00:13:20.933+0000] {logging_mixin.py:150} INFO - [2023-07-23T00:13:20.933+0000] {dag.py:2742} INFO - Sync 1 DAGs
[2023-07-23T00:13:20.968+0000] {logging_mixin.py:150} INFO - [2023-07-23T00:13:20.968+0000] {dag.py:3508} INFO - Setting next_dagrun for example_dynamic_task_mapping_with_no_taskflow_operators to 2023-07-22T00:13:20.968077+00:00, run_after=2023-07-23T00:13:20.968077+00:00
[2023-07-23T00:13:20.990+0000] {processor.py:179} INFO - Processing /home/airflow/.local/lib/python3.7/site-packages/airflow/example_dags/example_dynamic_task_mapping_with_no_taskflow_operators.py took 0.117 seconds
[2023-07-23T00:13:52.171+0000] {processor.py:157} INFO - Started process (PID=3136) to work on /home/airflow/.local/lib/python3.7/site-packages/airflow/example_dags/example_dynamic_task_mapping_with_no_taskflow_operators.py
[2023-07-23T00:13:52.174+0000] {processor.py:826} INFO - Processing file /home/airflow/.local/lib/python3.7/site-packages/airflow/example_dags/example_dynamic_task_mapping_with_no_taskflow_operators.py for tasks to queue
[2023-07-23T00:13:52.178+0000] {logging_mixin.py:150} INFO - [2023-07-23T00:13:52.177+0000] {dagbag.py:541} INFO - Filling up the DagBag from /home/airflow/.local/lib/python3.7/site-packages/airflow/example_dags/example_dynamic_task_mapping_with_no_taskflow_operators.py
[2023-07-23T00:13:52.206+0000] {processor.py:836} INFO - DAG(s) dict_keys(['example_dynamic_task_mapping_with_no_taskflow_operators']) retrieved from /home/airflow/.local/lib/python3.7/site-packages/airflow/example_dags/example_dynamic_task_mapping_with_no_taskflow_operators.py
[2023-07-23T00:13:52.239+0000] {logging_mixin.py:150} INFO - [2023-07-23T00:13:52.239+0000] {dag.py:2742} INFO - Sync 1 DAGs
[2023-07-23T00:13:52.271+0000] {logging_mixin.py:150} INFO - [2023-07-23T00:13:52.271+0000] {dag.py:3508} INFO - Setting next_dagrun for example_dynamic_task_mapping_with_no_taskflow_operators to 2023-07-22T00:13:52.271100+00:00, run_after=2023-07-23T00:13:52.271100+00:00
[2023-07-23T00:13:52.285+0000] {processor.py:179} INFO - Processing /home/airflow/.local/lib/python3.7/site-packages/airflow/example_dags/example_dynamic_task_mapping_with_no_taskflow_operators.py took 0.123 seconds
[2023-07-23T00:14:22.470+0000] {processor.py:157} INFO - Started process (PID=3200) to work on /home/airflow/.local/lib/python3.7/site-packages/airflow/example_dags/example_dynamic_task_mapping_with_no_taskflow_operators.py
[2023-07-23T00:14:22.474+0000] {processor.py:826} INFO - Processing file /home/airflow/.local/lib/python3.7/site-packages/airflow/example_dags/example_dynamic_task_mapping_with_no_taskflow_operators.py for tasks to queue
[2023-07-23T00:14:22.477+0000] {logging_mixin.py:150} INFO - [2023-07-23T00:14:22.477+0000] {dagbag.py:541} INFO - Filling up the DagBag from /home/airflow/.local/lib/python3.7/site-packages/airflow/example_dags/example_dynamic_task_mapping_with_no_taskflow_operators.py
[2023-07-23T00:14:22.499+0000] {processor.py:836} INFO - DAG(s) dict_keys(['example_dynamic_task_mapping_with_no_taskflow_operators']) retrieved from /home/airflow/.local/lib/python3.7/site-packages/airflow/example_dags/example_dynamic_task_mapping_with_no_taskflow_operators.py
[2023-07-23T00:14:22.541+0000] {logging_mixin.py:150} INFO - [2023-07-23T00:14:22.541+0000] {dag.py:2742} INFO - Sync 1 DAGs
[2023-07-23T00:14:22.568+0000] {logging_mixin.py:150} INFO - [2023-07-23T00:14:22.568+0000] {dag.py:3508} INFO - Setting next_dagrun for example_dynamic_task_mapping_with_no_taskflow_operators to 2023-07-22T00:14:22.567856+00:00, run_after=2023-07-23T00:14:22.567856+00:00
[2023-07-23T00:14:22.582+0000] {processor.py:179} INFO - Processing /home/airflow/.local/lib/python3.7/site-packages/airflow/example_dags/example_dynamic_task_mapping_with_no_taskflow_operators.py took 0.118 seconds
[2023-07-23T00:14:53.177+0000] {processor.py:157} INFO - Started process (PID=3263) to work on /home/airflow/.local/lib/python3.7/site-packages/airflow/example_dags/example_dynamic_task_mapping_with_no_taskflow_operators.py
[2023-07-23T00:14:53.182+0000] {processor.py:826} INFO - Processing file /home/airflow/.local/lib/python3.7/site-packages/airflow/example_dags/example_dynamic_task_mapping_with_no_taskflow_operators.py for tasks to queue
[2023-07-23T00:14:53.184+0000] {logging_mixin.py:150} INFO - [2023-07-23T00:14:53.183+0000] {dagbag.py:541} INFO - Filling up the DagBag from /home/airflow/.local/lib/python3.7/site-packages/airflow/example_dags/example_dynamic_task_mapping_with_no_taskflow_operators.py
[2023-07-23T00:14:53.207+0000] {processor.py:836} INFO - DAG(s) dict_keys(['example_dynamic_task_mapping_with_no_taskflow_operators']) retrieved from /home/airflow/.local/lib/python3.7/site-packages/airflow/example_dags/example_dynamic_task_mapping_with_no_taskflow_operators.py
[2023-07-23T00:14:53.264+0000] {logging_mixin.py:150} INFO - [2023-07-23T00:14:53.263+0000] {dag.py:2742} INFO - Sync 1 DAGs
[2023-07-23T00:14:53.296+0000] {logging_mixin.py:150} INFO - [2023-07-23T00:14:53.296+0000] {dag.py:3508} INFO - Setting next_dagrun for example_dynamic_task_mapping_with_no_taskflow_operators to 2023-07-22T00:14:53.295274+00:00, run_after=2023-07-23T00:14:53.295274+00:00
[2023-07-23T00:14:53.313+0000] {processor.py:179} INFO - Processing /home/airflow/.local/lib/python3.7/site-packages/airflow/example_dags/example_dynamic_task_mapping_with_no_taskflow_operators.py took 0.144 seconds
[2023-07-23T00:15:23.706+0000] {processor.py:157} INFO - Started process (PID=3326) to work on /home/airflow/.local/lib/python3.7/site-packages/airflow/example_dags/example_dynamic_task_mapping_with_no_taskflow_operators.py
[2023-07-23T00:15:23.711+0000] {processor.py:826} INFO - Processing file /home/airflow/.local/lib/python3.7/site-packages/airflow/example_dags/example_dynamic_task_mapping_with_no_taskflow_operators.py for tasks to queue
[2023-07-23T00:15:23.714+0000] {logging_mixin.py:150} INFO - [2023-07-23T00:15:23.713+0000] {dagbag.py:541} INFO - Filling up the DagBag from /home/airflow/.local/lib/python3.7/site-packages/airflow/example_dags/example_dynamic_task_mapping_with_no_taskflow_operators.py
[2023-07-23T00:15:23.766+0000] {processor.py:836} INFO - DAG(s) dict_keys(['example_dynamic_task_mapping_with_no_taskflow_operators']) retrieved from /home/airflow/.local/lib/python3.7/site-packages/airflow/example_dags/example_dynamic_task_mapping_with_no_taskflow_operators.py
[2023-07-23T00:15:23.867+0000] {logging_mixin.py:150} INFO - [2023-07-23T00:15:23.867+0000] {dag.py:2742} INFO - Sync 1 DAGs
[2023-07-23T00:15:23.907+0000] {logging_mixin.py:150} INFO - [2023-07-23T00:15:23.906+0000] {dag.py:3508} INFO - Setting next_dagrun for example_dynamic_task_mapping_with_no_taskflow_operators to 2023-07-22T00:15:23.906421+00:00, run_after=2023-07-23T00:15:23.906421+00:00
[2023-07-23T00:15:23.956+0000] {processor.py:179} INFO - Processing /home/airflow/.local/lib/python3.7/site-packages/airflow/example_dags/example_dynamic_task_mapping_with_no_taskflow_operators.py took 0.265 seconds
[2023-07-23T00:15:54.266+0000] {processor.py:157} INFO - Started process (PID=3389) to work on /home/airflow/.local/lib/python3.7/site-packages/airflow/example_dags/example_dynamic_task_mapping_with_no_taskflow_operators.py
[2023-07-23T00:15:54.267+0000] {processor.py:826} INFO - Processing file /home/airflow/.local/lib/python3.7/site-packages/airflow/example_dags/example_dynamic_task_mapping_with_no_taskflow_operators.py for tasks to queue
[2023-07-23T00:15:54.268+0000] {logging_mixin.py:150} INFO - [2023-07-23T00:15:54.268+0000] {dagbag.py:541} INFO - Filling up the DagBag from /home/airflow/.local/lib/python3.7/site-packages/airflow/example_dags/example_dynamic_task_mapping_with_no_taskflow_operators.py
[2023-07-23T00:15:54.274+0000] {processor.py:836} INFO - DAG(s) dict_keys(['example_dynamic_task_mapping_with_no_taskflow_operators']) retrieved from /home/airflow/.local/lib/python3.7/site-packages/airflow/example_dags/example_dynamic_task_mapping_with_no_taskflow_operators.py
[2023-07-23T00:15:54.292+0000] {logging_mixin.py:150} INFO - [2023-07-23T00:15:54.291+0000] {dag.py:2742} INFO - Sync 1 DAGs
[2023-07-23T00:15:54.306+0000] {logging_mixin.py:150} INFO - [2023-07-23T00:15:54.306+0000] {dag.py:3508} INFO - Setting next_dagrun for example_dynamic_task_mapping_with_no_taskflow_operators to 2023-07-22T00:15:54.306485+00:00, run_after=2023-07-23T00:15:54.306485+00:00
[2023-07-23T00:15:54.317+0000] {processor.py:179} INFO - Processing /home/airflow/.local/lib/python3.7/site-packages/airflow/example_dags/example_dynamic_task_mapping_with_no_taskflow_operators.py took 0.053 seconds
[2023-07-23T00:16:25.069+0000] {processor.py:157} INFO - Started process (PID=3452) to work on /home/airflow/.local/lib/python3.7/site-packages/airflow/example_dags/example_dynamic_task_mapping_with_no_taskflow_operators.py
[2023-07-23T00:16:25.072+0000] {processor.py:826} INFO - Processing file /home/airflow/.local/lib/python3.7/site-packages/airflow/example_dags/example_dynamic_task_mapping_with_no_taskflow_operators.py for tasks to queue
[2023-07-23T00:16:25.077+0000] {logging_mixin.py:150} INFO - [2023-07-23T00:16:25.075+0000] {dagbag.py:541} INFO - Filling up the DagBag from /home/airflow/.local/lib/python3.7/site-packages/airflow/example_dags/example_dynamic_task_mapping_with_no_taskflow_operators.py
[2023-07-23T00:16:25.094+0000] {processor.py:836} INFO - DAG(s) dict_keys(['example_dynamic_task_mapping_with_no_taskflow_operators']) retrieved from /home/airflow/.local/lib/python3.7/site-packages/airflow/example_dags/example_dynamic_task_mapping_with_no_taskflow_operators.py
[2023-07-23T00:16:25.119+0000] {logging_mixin.py:150} INFO - [2023-07-23T00:16:25.119+0000] {dag.py:2742} INFO - Sync 1 DAGs
[2023-07-23T00:16:25.139+0000] {logging_mixin.py:150} INFO - [2023-07-23T00:16:25.139+0000] {dag.py:3508} INFO - Setting next_dagrun for example_dynamic_task_mapping_with_no_taskflow_operators to 2023-07-22T00:16:25.139481+00:00, run_after=2023-07-23T00:16:25.139481+00:00
[2023-07-23T00:16:25.169+0000] {processor.py:179} INFO - Processing /home/airflow/.local/lib/python3.7/site-packages/airflow/example_dags/example_dynamic_task_mapping_with_no_taskflow_operators.py took 0.107 seconds
[2023-07-23T00:16:55.419+0000] {processor.py:157} INFO - Started process (PID=3517) to work on /home/airflow/.local/lib/python3.7/site-packages/airflow/example_dags/example_dynamic_task_mapping_with_no_taskflow_operators.py
[2023-07-23T00:16:55.423+0000] {processor.py:826} INFO - Processing file /home/airflow/.local/lib/python3.7/site-packages/airflow/example_dags/example_dynamic_task_mapping_with_no_taskflow_operators.py for tasks to queue
[2023-07-23T00:16:55.425+0000] {logging_mixin.py:150} INFO - [2023-07-23T00:16:55.424+0000] {dagbag.py:541} INFO - Filling up the DagBag from /home/airflow/.local/lib/python3.7/site-packages/airflow/example_dags/example_dynamic_task_mapping_with_no_taskflow_operators.py
[2023-07-23T00:16:55.433+0000] {processor.py:836} INFO - DAG(s) dict_keys(['example_dynamic_task_mapping_with_no_taskflow_operators']) retrieved from /home/airflow/.local/lib/python3.7/site-packages/airflow/example_dags/example_dynamic_task_mapping_with_no_taskflow_operators.py
[2023-07-23T00:16:55.464+0000] {logging_mixin.py:150} INFO - [2023-07-23T00:16:55.464+0000] {dag.py:2742} INFO - Sync 1 DAGs
[2023-07-23T00:16:55.484+0000] {logging_mixin.py:150} INFO - [2023-07-23T00:16:55.484+0000] {dag.py:3508} INFO - Setting next_dagrun for example_dynamic_task_mapping_with_no_taskflow_operators to 2023-07-22T00:16:55.483882+00:00, run_after=2023-07-23T00:16:55.483882+00:00
[2023-07-23T00:16:55.502+0000] {processor.py:179} INFO - Processing /home/airflow/.local/lib/python3.7/site-packages/airflow/example_dags/example_dynamic_task_mapping_with_no_taskflow_operators.py took 0.088 seconds
[2023-07-23T00:17:26.083+0000] {processor.py:157} INFO - Started process (PID=3573) to work on /home/airflow/.local/lib/python3.7/site-packages/airflow/example_dags/example_dynamic_task_mapping_with_no_taskflow_operators.py
[2023-07-23T00:17:26.085+0000] {processor.py:826} INFO - Processing file /home/airflow/.local/lib/python3.7/site-packages/airflow/example_dags/example_dynamic_task_mapping_with_no_taskflow_operators.py for tasks to queue
[2023-07-23T00:17:26.086+0000] {logging_mixin.py:150} INFO - [2023-07-23T00:17:26.085+0000] {dagbag.py:541} INFO - Filling up the DagBag from /home/airflow/.local/lib/python3.7/site-packages/airflow/example_dags/example_dynamic_task_mapping_with_no_taskflow_operators.py
[2023-07-23T00:17:26.095+0000] {processor.py:836} INFO - DAG(s) dict_keys(['example_dynamic_task_mapping_with_no_taskflow_operators']) retrieved from /home/airflow/.local/lib/python3.7/site-packages/airflow/example_dags/example_dynamic_task_mapping_with_no_taskflow_operators.py
[2023-07-23T00:17:26.119+0000] {logging_mixin.py:150} INFO - [2023-07-23T00:17:26.118+0000] {dag.py:2742} INFO - Sync 1 DAGs
[2023-07-23T00:17:26.148+0000] {logging_mixin.py:150} INFO - [2023-07-23T00:17:26.148+0000] {dag.py:3508} INFO - Setting next_dagrun for example_dynamic_task_mapping_with_no_taskflow_operators to 2023-07-22T00:17:26.147884+00:00, run_after=2023-07-23T00:17:26.147884+00:00
[2023-07-23T00:17:26.165+0000] {processor.py:179} INFO - Processing /home/airflow/.local/lib/python3.7/site-packages/airflow/example_dags/example_dynamic_task_mapping_with_no_taskflow_operators.py took 0.086 seconds
[2023-07-23T00:17:57.149+0000] {processor.py:157} INFO - Started process (PID=3636) to work on /home/airflow/.local/lib/python3.7/site-packages/airflow/example_dags/example_dynamic_task_mapping_with_no_taskflow_operators.py
[2023-07-23T00:17:57.151+0000] {processor.py:826} INFO - Processing file /home/airflow/.local/lib/python3.7/site-packages/airflow/example_dags/example_dynamic_task_mapping_with_no_taskflow_operators.py for tasks to queue
[2023-07-23T00:17:57.152+0000] {logging_mixin.py:150} INFO - [2023-07-23T00:17:57.152+0000] {dagbag.py:541} INFO - Filling up the DagBag from /home/airflow/.local/lib/python3.7/site-packages/airflow/example_dags/example_dynamic_task_mapping_with_no_taskflow_operators.py
[2023-07-23T00:17:57.168+0000] {processor.py:836} INFO - DAG(s) dict_keys(['example_dynamic_task_mapping_with_no_taskflow_operators']) retrieved from /home/airflow/.local/lib/python3.7/site-packages/airflow/example_dags/example_dynamic_task_mapping_with_no_taskflow_operators.py
[2023-07-23T00:17:57.205+0000] {logging_mixin.py:150} INFO - [2023-07-23T00:17:57.205+0000] {dag.py:2742} INFO - Sync 1 DAGs
[2023-07-23T00:17:57.244+0000] {logging_mixin.py:150} INFO - [2023-07-23T00:17:57.243+0000] {dag.py:3508} INFO - Setting next_dagrun for example_dynamic_task_mapping_with_no_taskflow_operators to 2023-07-22T00:17:57.243428+00:00, run_after=2023-07-23T00:17:57.243428+00:00
[2023-07-23T00:17:57.262+0000] {processor.py:179} INFO - Processing /home/airflow/.local/lib/python3.7/site-packages/airflow/example_dags/example_dynamic_task_mapping_with_no_taskflow_operators.py took 0.116 seconds
[2023-07-23T00:18:27.577+0000] {processor.py:157} INFO - Started process (PID=3695) to work on /home/airflow/.local/lib/python3.7/site-packages/airflow/example_dags/example_dynamic_task_mapping_with_no_taskflow_operators.py
[2023-07-23T00:18:27.579+0000] {processor.py:826} INFO - Processing file /home/airflow/.local/lib/python3.7/site-packages/airflow/example_dags/example_dynamic_task_mapping_with_no_taskflow_operators.py for tasks to queue
[2023-07-23T00:18:27.581+0000] {logging_mixin.py:150} INFO - [2023-07-23T00:18:27.580+0000] {dagbag.py:541} INFO - Filling up the DagBag from /home/airflow/.local/lib/python3.7/site-packages/airflow/example_dags/example_dynamic_task_mapping_with_no_taskflow_operators.py
[2023-07-23T00:18:27.595+0000] {processor.py:836} INFO - DAG(s) dict_keys(['example_dynamic_task_mapping_with_no_taskflow_operators']) retrieved from /home/airflow/.local/lib/python3.7/site-packages/airflow/example_dags/example_dynamic_task_mapping_with_no_taskflow_operators.py
[2023-07-23T00:18:27.627+0000] {logging_mixin.py:150} INFO - [2023-07-23T00:18:27.627+0000] {dag.py:2742} INFO - Sync 1 DAGs
[2023-07-23T00:18:27.647+0000] {logging_mixin.py:150} INFO - [2023-07-23T00:18:27.646+0000] {dag.py:3508} INFO - Setting next_dagrun for example_dynamic_task_mapping_with_no_taskflow_operators to 2023-07-22T00:18:27.646613+00:00, run_after=2023-07-23T00:18:27.646613+00:00
[2023-07-23T00:18:27.659+0000] {processor.py:179} INFO - Processing /home/airflow/.local/lib/python3.7/site-packages/airflow/example_dags/example_dynamic_task_mapping_with_no_taskflow_operators.py took 0.088 seconds
[2023-07-23T00:18:58.117+0000] {processor.py:157} INFO - Started process (PID=3757) to work on /home/airflow/.local/lib/python3.7/site-packages/airflow/example_dags/example_dynamic_task_mapping_with_no_taskflow_operators.py
[2023-07-23T00:18:58.120+0000] {processor.py:826} INFO - Processing file /home/airflow/.local/lib/python3.7/site-packages/airflow/example_dags/example_dynamic_task_mapping_with_no_taskflow_operators.py for tasks to queue
[2023-07-23T00:18:58.121+0000] {logging_mixin.py:150} INFO - [2023-07-23T00:18:58.121+0000] {dagbag.py:541} INFO - Filling up the DagBag from /home/airflow/.local/lib/python3.7/site-packages/airflow/example_dags/example_dynamic_task_mapping_with_no_taskflow_operators.py
[2023-07-23T00:18:58.138+0000] {processor.py:836} INFO - DAG(s) dict_keys(['example_dynamic_task_mapping_with_no_taskflow_operators']) retrieved from /home/airflow/.local/lib/python3.7/site-packages/airflow/example_dags/example_dynamic_task_mapping_with_no_taskflow_operators.py
[2023-07-23T00:18:58.169+0000] {logging_mixin.py:150} INFO - [2023-07-23T00:18:58.169+0000] {dag.py:2742} INFO - Sync 1 DAGs
[2023-07-23T00:18:58.201+0000] {logging_mixin.py:150} INFO - [2023-07-23T00:18:58.201+0000] {dag.py:3508} INFO - Setting next_dagrun for example_dynamic_task_mapping_with_no_taskflow_operators to 2023-07-22T00:18:58.201398+00:00, run_after=2023-07-23T00:18:58.201398+00:00
[2023-07-23T00:18:58.214+0000] {processor.py:179} INFO - Processing /home/airflow/.local/lib/python3.7/site-packages/airflow/example_dags/example_dynamic_task_mapping_with_no_taskflow_operators.py took 0.103 seconds
[2023-07-23T00:19:28.875+0000] {processor.py:157} INFO - Started process (PID=3820) to work on /home/airflow/.local/lib/python3.7/site-packages/airflow/example_dags/example_dynamic_task_mapping_with_no_taskflow_operators.py
[2023-07-23T00:19:28.879+0000] {processor.py:826} INFO - Processing file /home/airflow/.local/lib/python3.7/site-packages/airflow/example_dags/example_dynamic_task_mapping_with_no_taskflow_operators.py for tasks to queue
[2023-07-23T00:19:28.886+0000] {logging_mixin.py:150} INFO - [2023-07-23T00:19:28.885+0000] {dagbag.py:541} INFO - Filling up the DagBag from /home/airflow/.local/lib/python3.7/site-packages/airflow/example_dags/example_dynamic_task_mapping_with_no_taskflow_operators.py
[2023-07-23T00:19:28.908+0000] {processor.py:836} INFO - DAG(s) dict_keys(['example_dynamic_task_mapping_with_no_taskflow_operators']) retrieved from /home/airflow/.local/lib/python3.7/site-packages/airflow/example_dags/example_dynamic_task_mapping_with_no_taskflow_operators.py
[2023-07-23T00:19:28.968+0000] {logging_mixin.py:150} INFO - [2023-07-23T00:19:28.968+0000] {dag.py:2742} INFO - Sync 1 DAGs
[2023-07-23T00:19:29.005+0000] {logging_mixin.py:150} INFO - [2023-07-23T00:19:29.005+0000] {dag.py:3508} INFO - Setting next_dagrun for example_dynamic_task_mapping_with_no_taskflow_operators to 2023-07-22T00:19:29.004972+00:00, run_after=2023-07-23T00:19:29.004972+00:00
[2023-07-23T00:19:29.025+0000] {processor.py:179} INFO - Processing /home/airflow/.local/lib/python3.7/site-packages/airflow/example_dags/example_dynamic_task_mapping_with_no_taskflow_operators.py took 0.167 seconds
[2023-07-23T00:19:59.416+0000] {processor.py:157} INFO - Started process (PID=3883) to work on /home/airflow/.local/lib/python3.7/site-packages/airflow/example_dags/example_dynamic_task_mapping_with_no_taskflow_operators.py
[2023-07-23T00:19:59.419+0000] {processor.py:826} INFO - Processing file /home/airflow/.local/lib/python3.7/site-packages/airflow/example_dags/example_dynamic_task_mapping_with_no_taskflow_operators.py for tasks to queue
[2023-07-23T00:19:59.420+0000] {logging_mixin.py:150} INFO - [2023-07-23T00:19:59.420+0000] {dagbag.py:541} INFO - Filling up the DagBag from /home/airflow/.local/lib/python3.7/site-packages/airflow/example_dags/example_dynamic_task_mapping_with_no_taskflow_operators.py
[2023-07-23T00:19:59.436+0000] {processor.py:836} INFO - DAG(s) dict_keys(['example_dynamic_task_mapping_with_no_taskflow_operators']) retrieved from /home/airflow/.local/lib/python3.7/site-packages/airflow/example_dags/example_dynamic_task_mapping_with_no_taskflow_operators.py
[2023-07-23T00:19:59.482+0000] {logging_mixin.py:150} INFO - [2023-07-23T00:19:59.482+0000] {dag.py:2742} INFO - Sync 1 DAGs
[2023-07-23T00:19:59.510+0000] {logging_mixin.py:150} INFO - [2023-07-23T00:19:59.510+0000] {dag.py:3508} INFO - Setting next_dagrun for example_dynamic_task_mapping_with_no_taskflow_operators to 2023-07-22T00:19:59.509825+00:00, run_after=2023-07-23T00:19:59.509825+00:00
[2023-07-23T00:19:59.522+0000] {processor.py:179} INFO - Processing /home/airflow/.local/lib/python3.7/site-packages/airflow/example_dags/example_dynamic_task_mapping_with_no_taskflow_operators.py took 0.120 seconds
[2023-07-23T00:20:29.684+0000] {processor.py:157} INFO - Started process (PID=3946) to work on /home/airflow/.local/lib/python3.7/site-packages/airflow/example_dags/example_dynamic_task_mapping_with_no_taskflow_operators.py
[2023-07-23T00:20:29.685+0000] {processor.py:826} INFO - Processing file /home/airflow/.local/lib/python3.7/site-packages/airflow/example_dags/example_dynamic_task_mapping_with_no_taskflow_operators.py for tasks to queue
[2023-07-23T00:20:29.687+0000] {logging_mixin.py:150} INFO - [2023-07-23T00:20:29.686+0000] {dagbag.py:541} INFO - Filling up the DagBag from /home/airflow/.local/lib/python3.7/site-packages/airflow/example_dags/example_dynamic_task_mapping_with_no_taskflow_operators.py
[2023-07-23T00:20:29.698+0000] {processor.py:836} INFO - DAG(s) dict_keys(['example_dynamic_task_mapping_with_no_taskflow_operators']) retrieved from /home/airflow/.local/lib/python3.7/site-packages/airflow/example_dags/example_dynamic_task_mapping_with_no_taskflow_operators.py
[2023-07-23T00:20:29.739+0000] {logging_mixin.py:150} INFO - [2023-07-23T00:20:29.739+0000] {dag.py:2742} INFO - Sync 1 DAGs
[2023-07-23T00:20:29.764+0000] {logging_mixin.py:150} INFO - [2023-07-23T00:20:29.764+0000] {dag.py:3508} INFO - Setting next_dagrun for example_dynamic_task_mapping_with_no_taskflow_operators to 2023-07-22T00:20:29.763864+00:00, run_after=2023-07-23T00:20:29.763864+00:00
[2023-07-23T00:20:29.775+0000] {processor.py:179} INFO - Processing /home/airflow/.local/lib/python3.7/site-packages/airflow/example_dags/example_dynamic_task_mapping_with_no_taskflow_operators.py took 0.095 seconds
[2023-07-23T00:21:00.077+0000] {processor.py:157} INFO - Started process (PID=4009) to work on /home/airflow/.local/lib/python3.7/site-packages/airflow/example_dags/example_dynamic_task_mapping_with_no_taskflow_operators.py
[2023-07-23T00:21:00.081+0000] {processor.py:826} INFO - Processing file /home/airflow/.local/lib/python3.7/site-packages/airflow/example_dags/example_dynamic_task_mapping_with_no_taskflow_operators.py for tasks to queue
[2023-07-23T00:21:00.083+0000] {logging_mixin.py:150} INFO - [2023-07-23T00:21:00.083+0000] {dagbag.py:541} INFO - Filling up the DagBag from /home/airflow/.local/lib/python3.7/site-packages/airflow/example_dags/example_dynamic_task_mapping_with_no_taskflow_operators.py
[2023-07-23T00:21:00.093+0000] {processor.py:836} INFO - DAG(s) dict_keys(['example_dynamic_task_mapping_with_no_taskflow_operators']) retrieved from /home/airflow/.local/lib/python3.7/site-packages/airflow/example_dags/example_dynamic_task_mapping_with_no_taskflow_operators.py
[2023-07-23T00:21:00.117+0000] {logging_mixin.py:150} INFO - [2023-07-23T00:21:00.117+0000] {dag.py:2742} INFO - Sync 1 DAGs
[2023-07-23T00:21:00.137+0000] {logging_mixin.py:150} INFO - [2023-07-23T00:21:00.137+0000] {dag.py:3508} INFO - Setting next_dagrun for example_dynamic_task_mapping_with_no_taskflow_operators to 2023-07-22T00:21:00.137029+00:00, run_after=2023-07-23T00:21:00.137029+00:00
[2023-07-23T00:21:00.148+0000] {processor.py:179} INFO - Processing /home/airflow/.local/lib/python3.7/site-packages/airflow/example_dags/example_dynamic_task_mapping_with_no_taskflow_operators.py took 0.082 seconds
[2023-07-23T00:21:30.627+0000] {processor.py:157} INFO - Started process (PID=4072) to work on /home/airflow/.local/lib/python3.7/site-packages/airflow/example_dags/example_dynamic_task_mapping_with_no_taskflow_operators.py
[2023-07-23T00:21:30.629+0000] {processor.py:826} INFO - Processing file /home/airflow/.local/lib/python3.7/site-packages/airflow/example_dags/example_dynamic_task_mapping_with_no_taskflow_operators.py for tasks to queue
[2023-07-23T00:21:30.630+0000] {logging_mixin.py:150} INFO - [2023-07-23T00:21:30.629+0000] {dagbag.py:541} INFO - Filling up the DagBag from /home/airflow/.local/lib/python3.7/site-packages/airflow/example_dags/example_dynamic_task_mapping_with_no_taskflow_operators.py
[2023-07-23T00:21:30.638+0000] {processor.py:836} INFO - DAG(s) dict_keys(['example_dynamic_task_mapping_with_no_taskflow_operators']) retrieved from /home/airflow/.local/lib/python3.7/site-packages/airflow/example_dags/example_dynamic_task_mapping_with_no_taskflow_operators.py
[2023-07-23T00:21:30.658+0000] {logging_mixin.py:150} INFO - [2023-07-23T00:21:30.657+0000] {dag.py:2742} INFO - Sync 1 DAGs
[2023-07-23T00:21:30.676+0000] {logging_mixin.py:150} INFO - [2023-07-23T00:21:30.675+0000] {dag.py:3508} INFO - Setting next_dagrun for example_dynamic_task_mapping_with_no_taskflow_operators to 2023-07-22T00:21:30.675583+00:00, run_after=2023-07-23T00:21:30.675583+00:00
[2023-07-23T00:21:30.687+0000] {processor.py:179} INFO - Processing /home/airflow/.local/lib/python3.7/site-packages/airflow/example_dags/example_dynamic_task_mapping_with_no_taskflow_operators.py took 0.064 seconds
[2023-07-23T00:22:00.933+0000] {processor.py:157} INFO - Started process (PID=4134) to work on /home/airflow/.local/lib/python3.7/site-packages/airflow/example_dags/example_dynamic_task_mapping_with_no_taskflow_operators.py
[2023-07-23T00:22:00.935+0000] {processor.py:826} INFO - Processing file /home/airflow/.local/lib/python3.7/site-packages/airflow/example_dags/example_dynamic_task_mapping_with_no_taskflow_operators.py for tasks to queue
[2023-07-23T00:22:00.936+0000] {logging_mixin.py:150} INFO - [2023-07-23T00:22:00.935+0000] {dagbag.py:541} INFO - Filling up the DagBag from /home/airflow/.local/lib/python3.7/site-packages/airflow/example_dags/example_dynamic_task_mapping_with_no_taskflow_operators.py
[2023-07-23T00:22:00.943+0000] {processor.py:836} INFO - DAG(s) dict_keys(['example_dynamic_task_mapping_with_no_taskflow_operators']) retrieved from /home/airflow/.local/lib/python3.7/site-packages/airflow/example_dags/example_dynamic_task_mapping_with_no_taskflow_operators.py
[2023-07-23T00:22:00.965+0000] {logging_mixin.py:150} INFO - [2023-07-23T00:22:00.965+0000] {dag.py:2742} INFO - Sync 1 DAGs
[2023-07-23T00:22:00.984+0000] {logging_mixin.py:150} INFO - [2023-07-23T00:22:00.984+0000] {dag.py:3508} INFO - Setting next_dagrun for example_dynamic_task_mapping_with_no_taskflow_operators to 2023-07-22T00:22:00.984268+00:00, run_after=2023-07-23T00:22:00.984268+00:00
[2023-07-23T00:22:00.999+0000] {processor.py:179} INFO - Processing /home/airflow/.local/lib/python3.7/site-packages/airflow/example_dags/example_dynamic_task_mapping_with_no_taskflow_operators.py took 0.070 seconds
[2023-07-23T00:22:31.333+0000] {processor.py:157} INFO - Started process (PID=4197) to work on /home/airflow/.local/lib/python3.7/site-packages/airflow/example_dags/example_dynamic_task_mapping_with_no_taskflow_operators.py
[2023-07-23T00:22:31.335+0000] {processor.py:826} INFO - Processing file /home/airflow/.local/lib/python3.7/site-packages/airflow/example_dags/example_dynamic_task_mapping_with_no_taskflow_operators.py for tasks to queue
[2023-07-23T00:22:31.335+0000] {logging_mixin.py:150} INFO - [2023-07-23T00:22:31.335+0000] {dagbag.py:541} INFO - Filling up the DagBag from /home/airflow/.local/lib/python3.7/site-packages/airflow/example_dags/example_dynamic_task_mapping_with_no_taskflow_operators.py
[2023-07-23T00:22:31.342+0000] {processor.py:836} INFO - DAG(s) dict_keys(['example_dynamic_task_mapping_with_no_taskflow_operators']) retrieved from /home/airflow/.local/lib/python3.7/site-packages/airflow/example_dags/example_dynamic_task_mapping_with_no_taskflow_operators.py
[2023-07-23T00:22:31.361+0000] {logging_mixin.py:150} INFO - [2023-07-23T00:22:31.361+0000] {dag.py:2742} INFO - Sync 1 DAGs
[2023-07-23T00:22:31.378+0000] {logging_mixin.py:150} INFO - [2023-07-23T00:22:31.378+0000] {dag.py:3508} INFO - Setting next_dagrun for example_dynamic_task_mapping_with_no_taskflow_operators to 2023-07-22T00:22:31.378117+00:00, run_after=2023-07-23T00:22:31.378117+00:00
[2023-07-23T00:22:31.390+0000] {processor.py:179} INFO - Processing /home/airflow/.local/lib/python3.7/site-packages/airflow/example_dags/example_dynamic_task_mapping_with_no_taskflow_operators.py took 0.060 seconds
[2023-07-23T00:23:02.423+0000] {processor.py:157} INFO - Started process (PID=4260) to work on /home/airflow/.local/lib/python3.7/site-packages/airflow/example_dags/example_dynamic_task_mapping_with_no_taskflow_operators.py
[2023-07-23T00:23:02.425+0000] {processor.py:826} INFO - Processing file /home/airflow/.local/lib/python3.7/site-packages/airflow/example_dags/example_dynamic_task_mapping_with_no_taskflow_operators.py for tasks to queue
[2023-07-23T00:23:02.426+0000] {logging_mixin.py:150} INFO - [2023-07-23T00:23:02.426+0000] {dagbag.py:541} INFO - Filling up the DagBag from /home/airflow/.local/lib/python3.7/site-packages/airflow/example_dags/example_dynamic_task_mapping_with_no_taskflow_operators.py
[2023-07-23T00:23:02.440+0000] {processor.py:836} INFO - DAG(s) dict_keys(['example_dynamic_task_mapping_with_no_taskflow_operators']) retrieved from /home/airflow/.local/lib/python3.7/site-packages/airflow/example_dags/example_dynamic_task_mapping_with_no_taskflow_operators.py
[2023-07-23T00:23:02.468+0000] {logging_mixin.py:150} INFO - [2023-07-23T00:23:02.468+0000] {dag.py:2742} INFO - Sync 1 DAGs
[2023-07-23T00:23:02.491+0000] {logging_mixin.py:150} INFO - [2023-07-23T00:23:02.491+0000] {dag.py:3508} INFO - Setting next_dagrun for example_dynamic_task_mapping_with_no_taskflow_operators to 2023-07-22T00:23:02.491038+00:00, run_after=2023-07-23T00:23:02.491038+00:00
[2023-07-23T00:23:02.504+0000] {processor.py:179} INFO - Processing /home/airflow/.local/lib/python3.7/site-packages/airflow/example_dags/example_dynamic_task_mapping_with_no_taskflow_operators.py took 0.086 seconds
[2023-07-23T00:23:32.643+0000] {processor.py:157} INFO - Started process (PID=4324) to work on /home/airflow/.local/lib/python3.7/site-packages/airflow/example_dags/example_dynamic_task_mapping_with_no_taskflow_operators.py
[2023-07-23T00:23:32.647+0000] {processor.py:826} INFO - Processing file /home/airflow/.local/lib/python3.7/site-packages/airflow/example_dags/example_dynamic_task_mapping_with_no_taskflow_operators.py for tasks to queue
[2023-07-23T00:23:32.649+0000] {logging_mixin.py:150} INFO - [2023-07-23T00:23:32.648+0000] {dagbag.py:541} INFO - Filling up the DagBag from /home/airflow/.local/lib/python3.7/site-packages/airflow/example_dags/example_dynamic_task_mapping_with_no_taskflow_operators.py
[2023-07-23T00:23:32.668+0000] {processor.py:836} INFO - DAG(s) dict_keys(['example_dynamic_task_mapping_with_no_taskflow_operators']) retrieved from /home/airflow/.local/lib/python3.7/site-packages/airflow/example_dags/example_dynamic_task_mapping_with_no_taskflow_operators.py
[2023-07-23T00:23:32.708+0000] {logging_mixin.py:150} INFO - [2023-07-23T00:23:32.708+0000] {dag.py:2742} INFO - Sync 1 DAGs
[2023-07-23T00:23:32.742+0000] {logging_mixin.py:150} INFO - [2023-07-23T00:23:32.742+0000] {dag.py:3508} INFO - Setting next_dagrun for example_dynamic_task_mapping_with_no_taskflow_operators to 2023-07-22T00:23:32.741939+00:00, run_after=2023-07-23T00:23:32.741939+00:00
[2023-07-23T00:23:32.757+0000] {processor.py:179} INFO - Processing /home/airflow/.local/lib/python3.7/site-packages/airflow/example_dags/example_dynamic_task_mapping_with_no_taskflow_operators.py took 0.138 seconds
[2023-07-23T00:24:02.926+0000] {processor.py:157} INFO - Started process (PID=4387) to work on /home/airflow/.local/lib/python3.7/site-packages/airflow/example_dags/example_dynamic_task_mapping_with_no_taskflow_operators.py
[2023-07-23T00:24:02.928+0000] {processor.py:826} INFO - Processing file /home/airflow/.local/lib/python3.7/site-packages/airflow/example_dags/example_dynamic_task_mapping_with_no_taskflow_operators.py for tasks to queue
[2023-07-23T00:24:02.930+0000] {logging_mixin.py:150} INFO - [2023-07-23T00:24:02.930+0000] {dagbag.py:541} INFO - Filling up the DagBag from /home/airflow/.local/lib/python3.7/site-packages/airflow/example_dags/example_dynamic_task_mapping_with_no_taskflow_operators.py
[2023-07-23T00:24:02.942+0000] {processor.py:836} INFO - DAG(s) dict_keys(['example_dynamic_task_mapping_with_no_taskflow_operators']) retrieved from /home/airflow/.local/lib/python3.7/site-packages/airflow/example_dags/example_dynamic_task_mapping_with_no_taskflow_operators.py
[2023-07-23T00:24:02.968+0000] {logging_mixin.py:150} INFO - [2023-07-23T00:24:02.968+0000] {dag.py:2742} INFO - Sync 1 DAGs
[2023-07-23T00:24:02.995+0000] {logging_mixin.py:150} INFO - [2023-07-23T00:24:02.995+0000] {dag.py:3508} INFO - Setting next_dagrun for example_dynamic_task_mapping_with_no_taskflow_operators to 2023-07-22T00:24:02.994641+00:00, run_after=2023-07-23T00:24:02.994641+00:00
[2023-07-23T00:24:03.015+0000] {processor.py:179} INFO - Processing /home/airflow/.local/lib/python3.7/site-packages/airflow/example_dags/example_dynamic_task_mapping_with_no_taskflow_operators.py took 0.094 seconds
[2023-07-23T00:24:33.117+0000] {processor.py:157} INFO - Started process (PID=4451) to work on /home/airflow/.local/lib/python3.7/site-packages/airflow/example_dags/example_dynamic_task_mapping_with_no_taskflow_operators.py
[2023-07-23T00:24:33.122+0000] {processor.py:826} INFO - Processing file /home/airflow/.local/lib/python3.7/site-packages/airflow/example_dags/example_dynamic_task_mapping_with_no_taskflow_operators.py for tasks to queue
[2023-07-23T00:24:33.123+0000] {logging_mixin.py:150} INFO - [2023-07-23T00:24:33.123+0000] {dagbag.py:541} INFO - Filling up the DagBag from /home/airflow/.local/lib/python3.7/site-packages/airflow/example_dags/example_dynamic_task_mapping_with_no_taskflow_operators.py
[2023-07-23T00:24:33.134+0000] {processor.py:836} INFO - DAG(s) dict_keys(['example_dynamic_task_mapping_with_no_taskflow_operators']) retrieved from /home/airflow/.local/lib/python3.7/site-packages/airflow/example_dags/example_dynamic_task_mapping_with_no_taskflow_operators.py
[2023-07-23T00:24:33.160+0000] {logging_mixin.py:150} INFO - [2023-07-23T00:24:33.159+0000] {dag.py:2742} INFO - Sync 1 DAGs
[2023-07-23T00:24:33.180+0000] {logging_mixin.py:150} INFO - [2023-07-23T00:24:33.180+0000] {dag.py:3508} INFO - Setting next_dagrun for example_dynamic_task_mapping_with_no_taskflow_operators to 2023-07-22T00:24:33.180014+00:00, run_after=2023-07-23T00:24:33.180014+00:00
[2023-07-23T00:24:33.192+0000] {processor.py:179} INFO - Processing /home/airflow/.local/lib/python3.7/site-packages/airflow/example_dags/example_dynamic_task_mapping_with_no_taskflow_operators.py took 0.082 seconds
[2023-07-23T00:25:04.006+0000] {processor.py:157} INFO - Started process (PID=4514) to work on /home/airflow/.local/lib/python3.7/site-packages/airflow/example_dags/example_dynamic_task_mapping_with_no_taskflow_operators.py
[2023-07-23T00:25:04.008+0000] {processor.py:826} INFO - Processing file /home/airflow/.local/lib/python3.7/site-packages/airflow/example_dags/example_dynamic_task_mapping_with_no_taskflow_operators.py for tasks to queue
[2023-07-23T00:25:04.009+0000] {logging_mixin.py:150} INFO - [2023-07-23T00:25:04.009+0000] {dagbag.py:541} INFO - Filling up the DagBag from /home/airflow/.local/lib/python3.7/site-packages/airflow/example_dags/example_dynamic_task_mapping_with_no_taskflow_operators.py
[2023-07-23T00:25:04.017+0000] {processor.py:836} INFO - DAG(s) dict_keys(['example_dynamic_task_mapping_with_no_taskflow_operators']) retrieved from /home/airflow/.local/lib/python3.7/site-packages/airflow/example_dags/example_dynamic_task_mapping_with_no_taskflow_operators.py
[2023-07-23T00:25:04.039+0000] {logging_mixin.py:150} INFO - [2023-07-23T00:25:04.039+0000] {dag.py:2742} INFO - Sync 1 DAGs
[2023-07-23T00:25:04.056+0000] {logging_mixin.py:150} INFO - [2023-07-23T00:25:04.056+0000] {dag.py:3508} INFO - Setting next_dagrun for example_dynamic_task_mapping_with_no_taskflow_operators to 2023-07-22T00:25:04.056468+00:00, run_after=2023-07-23T00:25:04.056468+00:00
[2023-07-23T00:25:04.070+0000] {processor.py:179} INFO - Processing /home/airflow/.local/lib/python3.7/site-packages/airflow/example_dags/example_dynamic_task_mapping_with_no_taskflow_operators.py took 0.068 seconds
[2023-07-23T00:25:34.121+0000] {processor.py:157} INFO - Started process (PID=4577) to work on /home/airflow/.local/lib/python3.7/site-packages/airflow/example_dags/example_dynamic_task_mapping_with_no_taskflow_operators.py
[2023-07-23T00:25:34.122+0000] {processor.py:826} INFO - Processing file /home/airflow/.local/lib/python3.7/site-packages/airflow/example_dags/example_dynamic_task_mapping_with_no_taskflow_operators.py for tasks to queue
[2023-07-23T00:25:34.123+0000] {logging_mixin.py:150} INFO - [2023-07-23T00:25:34.123+0000] {dagbag.py:541} INFO - Filling up the DagBag from /home/airflow/.local/lib/python3.7/site-packages/airflow/example_dags/example_dynamic_task_mapping_with_no_taskflow_operators.py
[2023-07-23T00:25:34.129+0000] {processor.py:836} INFO - DAG(s) dict_keys(['example_dynamic_task_mapping_with_no_taskflow_operators']) retrieved from /home/airflow/.local/lib/python3.7/site-packages/airflow/example_dags/example_dynamic_task_mapping_with_no_taskflow_operators.py
[2023-07-23T00:25:34.165+0000] {logging_mixin.py:150} INFO - [2023-07-23T00:25:34.165+0000] {dag.py:2742} INFO - Sync 1 DAGs
[2023-07-23T00:25:34.186+0000] {logging_mixin.py:150} INFO - [2023-07-23T00:25:34.186+0000] {dag.py:3508} INFO - Setting next_dagrun for example_dynamic_task_mapping_with_no_taskflow_operators to 2023-07-22T00:25:34.186490+00:00, run_after=2023-07-23T00:25:34.186490+00:00
[2023-07-23T00:25:34.200+0000] {processor.py:179} INFO - Processing /home/airflow/.local/lib/python3.7/site-packages/airflow/example_dags/example_dynamic_task_mapping_with_no_taskflow_operators.py took 0.082 seconds
[2023-07-23T00:26:04.593+0000] {processor.py:157} INFO - Started process (PID=4640) to work on /home/airflow/.local/lib/python3.7/site-packages/airflow/example_dags/example_dynamic_task_mapping_with_no_taskflow_operators.py
[2023-07-23T00:26:04.595+0000] {processor.py:826} INFO - Processing file /home/airflow/.local/lib/python3.7/site-packages/airflow/example_dags/example_dynamic_task_mapping_with_no_taskflow_operators.py for tasks to queue
[2023-07-23T00:26:04.597+0000] {logging_mixin.py:150} INFO - [2023-07-23T00:26:04.596+0000] {dagbag.py:541} INFO - Filling up the DagBag from /home/airflow/.local/lib/python3.7/site-packages/airflow/example_dags/example_dynamic_task_mapping_with_no_taskflow_operators.py
[2023-07-23T00:26:04.609+0000] {processor.py:836} INFO - DAG(s) dict_keys(['example_dynamic_task_mapping_with_no_taskflow_operators']) retrieved from /home/airflow/.local/lib/python3.7/site-packages/airflow/example_dags/example_dynamic_task_mapping_with_no_taskflow_operators.py
[2023-07-23T00:26:04.633+0000] {logging_mixin.py:150} INFO - [2023-07-23T00:26:04.633+0000] {dag.py:2742} INFO - Sync 1 DAGs
[2023-07-23T00:26:04.650+0000] {logging_mixin.py:150} INFO - [2023-07-23T00:26:04.650+0000] {dag.py:3508} INFO - Setting next_dagrun for example_dynamic_task_mapping_with_no_taskflow_operators to 2023-07-22T00:26:04.650414+00:00, run_after=2023-07-23T00:26:04.650414+00:00
[2023-07-23T00:26:04.661+0000] {processor.py:179} INFO - Processing /home/airflow/.local/lib/python3.7/site-packages/airflow/example_dags/example_dynamic_task_mapping_with_no_taskflow_operators.py took 0.073 seconds
