[2023-07-23T00:00:22.617+0000] {processor.py:157} INFO - Started process (PID=1443) to work on /home/airflow/.local/lib/python3.7/site-packages/airflow/example_dags/example_params_ui_tutorial.py
[2023-07-23T00:00:22.619+0000] {processor.py:826} INFO - Processing file /home/airflow/.local/lib/python3.7/site-packages/airflow/example_dags/example_params_ui_tutorial.py for tasks to queue
[2023-07-23T00:00:22.620+0000] {logging_mixin.py:150} INFO - [2023-07-23T00:00:22.620+0000] {dagbag.py:541} INFO - Filling up the DagBag from /home/airflow/.local/lib/python3.7/site-packages/airflow/example_dags/example_params_ui_tutorial.py
[2023-07-23T00:00:22.647+0000] {processor.py:836} INFO - DAG(s) dict_keys(['example_params_ui_tutorial']) retrieved from /home/airflow/.local/lib/python3.7/site-packages/airflow/example_dags/example_params_ui_tutorial.py
[2023-07-23T00:00:22.789+0000] {logging_mixin.py:150} INFO - [2023-07-23T00:00:22.789+0000] {dag.py:2742} INFO - Sync 1 DAGs
[2023-07-23T00:00:22.806+0000] {logging_mixin.py:150} INFO - [2023-07-23T00:00:22.806+0000] {dag.py:3508} INFO - Setting next_dagrun for example_params_ui_tutorial to None, run_after=None
[2023-07-23T00:00:22.821+0000] {processor.py:179} INFO - Processing /home/airflow/.local/lib/python3.7/site-packages/airflow/example_dags/example_params_ui_tutorial.py took 0.206 seconds
[2023-07-23T00:00:52.861+0000] {processor.py:157} INFO - Started process (PID=1507) to work on /home/airflow/.local/lib/python3.7/site-packages/airflow/example_dags/example_params_ui_tutorial.py
[2023-07-23T00:00:52.862+0000] {processor.py:826} INFO - Processing file /home/airflow/.local/lib/python3.7/site-packages/airflow/example_dags/example_params_ui_tutorial.py for tasks to queue
[2023-07-23T00:00:52.863+0000] {logging_mixin.py:150} INFO - [2023-07-23T00:00:52.863+0000] {dagbag.py:541} INFO - Filling up the DagBag from /home/airflow/.local/lib/python3.7/site-packages/airflow/example_dags/example_params_ui_tutorial.py
[2023-07-23T00:00:52.890+0000] {processor.py:836} INFO - DAG(s) dict_keys(['example_params_ui_tutorial']) retrieved from /home/airflow/.local/lib/python3.7/site-packages/airflow/example_dags/example_params_ui_tutorial.py
[2023-07-23T00:00:52.928+0000] {logging_mixin.py:150} INFO - [2023-07-23T00:00:52.928+0000] {dag.py:2742} INFO - Sync 1 DAGs
[2023-07-23T00:00:52.951+0000] {logging_mixin.py:150} INFO - [2023-07-23T00:00:52.951+0000] {dag.py:3508} INFO - Setting next_dagrun for example_params_ui_tutorial to None, run_after=None
[2023-07-23T00:00:52.968+0000] {processor.py:179} INFO - Processing /home/airflow/.local/lib/python3.7/site-packages/airflow/example_dags/example_params_ui_tutorial.py took 0.109 seconds
[2023-07-23T00:01:23.085+0000] {processor.py:157} INFO - Started process (PID=1569) to work on /home/airflow/.local/lib/python3.7/site-packages/airflow/example_dags/example_params_ui_tutorial.py
[2023-07-23T00:01:23.087+0000] {processor.py:826} INFO - Processing file /home/airflow/.local/lib/python3.7/site-packages/airflow/example_dags/example_params_ui_tutorial.py for tasks to queue
[2023-07-23T00:01:23.088+0000] {logging_mixin.py:150} INFO - [2023-07-23T00:01:23.088+0000] {dagbag.py:541} INFO - Filling up the DagBag from /home/airflow/.local/lib/python3.7/site-packages/airflow/example_dags/example_params_ui_tutorial.py
[2023-07-23T00:01:23.114+0000] {processor.py:836} INFO - DAG(s) dict_keys(['example_params_ui_tutorial']) retrieved from /home/airflow/.local/lib/python3.7/site-packages/airflow/example_dags/example_params_ui_tutorial.py
[2023-07-23T00:01:23.194+0000] {logging_mixin.py:150} INFO - [2023-07-23T00:01:23.193+0000] {dag.py:2742} INFO - Sync 1 DAGs
[2023-07-23T00:01:23.216+0000] {logging_mixin.py:150} INFO - [2023-07-23T00:01:23.216+0000] {dag.py:3508} INFO - Setting next_dagrun for example_params_ui_tutorial to None, run_after=None
[2023-07-23T00:01:23.248+0000] {processor.py:179} INFO - Processing /home/airflow/.local/lib/python3.7/site-packages/airflow/example_dags/example_params_ui_tutorial.py took 0.165 seconds
[2023-07-23T00:01:54.210+0000] {processor.py:157} INFO - Started process (PID=1632) to work on /home/airflow/.local/lib/python3.7/site-packages/airflow/example_dags/example_params_ui_tutorial.py
[2023-07-23T00:01:54.211+0000] {processor.py:826} INFO - Processing file /home/airflow/.local/lib/python3.7/site-packages/airflow/example_dags/example_params_ui_tutorial.py for tasks to queue
[2023-07-23T00:01:54.212+0000] {logging_mixin.py:150} INFO - [2023-07-23T00:01:54.212+0000] {dagbag.py:541} INFO - Filling up the DagBag from /home/airflow/.local/lib/python3.7/site-packages/airflow/example_dags/example_params_ui_tutorial.py
[2023-07-23T00:01:54.239+0000] {processor.py:836} INFO - DAG(s) dict_keys(['example_params_ui_tutorial']) retrieved from /home/airflow/.local/lib/python3.7/site-packages/airflow/example_dags/example_params_ui_tutorial.py
[2023-07-23T00:01:54.291+0000] {logging_mixin.py:150} INFO - [2023-07-23T00:01:54.290+0000] {dag.py:2742} INFO - Sync 1 DAGs
[2023-07-23T00:01:54.311+0000] {logging_mixin.py:150} INFO - [2023-07-23T00:01:54.311+0000] {dag.py:3508} INFO - Setting next_dagrun for example_params_ui_tutorial to None, run_after=None
[2023-07-23T00:01:54.325+0000] {processor.py:179} INFO - Processing /home/airflow/.local/lib/python3.7/site-packages/airflow/example_dags/example_params_ui_tutorial.py took 0.118 seconds
[2023-07-23T00:02:24.653+0000] {processor.py:157} INFO - Started process (PID=1696) to work on /home/airflow/.local/lib/python3.7/site-packages/airflow/example_dags/example_params_ui_tutorial.py
[2023-07-23T00:02:24.656+0000] {processor.py:826} INFO - Processing file /home/airflow/.local/lib/python3.7/site-packages/airflow/example_dags/example_params_ui_tutorial.py for tasks to queue
[2023-07-23T00:02:24.657+0000] {logging_mixin.py:150} INFO - [2023-07-23T00:02:24.657+0000] {dagbag.py:541} INFO - Filling up the DagBag from /home/airflow/.local/lib/python3.7/site-packages/airflow/example_dags/example_params_ui_tutorial.py
[2023-07-23T00:02:24.696+0000] {processor.py:836} INFO - DAG(s) dict_keys(['example_params_ui_tutorial']) retrieved from /home/airflow/.local/lib/python3.7/site-packages/airflow/example_dags/example_params_ui_tutorial.py
[2023-07-23T00:02:24.738+0000] {logging_mixin.py:150} INFO - [2023-07-23T00:02:24.738+0000] {dag.py:2742} INFO - Sync 1 DAGs
[2023-07-23T00:02:24.754+0000] {logging_mixin.py:150} INFO - [2023-07-23T00:02:24.754+0000] {dag.py:3508} INFO - Setting next_dagrun for example_params_ui_tutorial to None, run_after=None
[2023-07-23T00:02:24.765+0000] {processor.py:179} INFO - Processing /home/airflow/.local/lib/python3.7/site-packages/airflow/example_dags/example_params_ui_tutorial.py took 0.119 seconds
[2023-07-23T00:02:55.527+0000] {processor.py:157} INFO - Started process (PID=1764) to work on /home/airflow/.local/lib/python3.7/site-packages/airflow/example_dags/example_params_ui_tutorial.py
[2023-07-23T00:02:55.529+0000] {processor.py:826} INFO - Processing file /home/airflow/.local/lib/python3.7/site-packages/airflow/example_dags/example_params_ui_tutorial.py for tasks to queue
[2023-07-23T00:02:55.530+0000] {logging_mixin.py:150} INFO - [2023-07-23T00:02:55.530+0000] {dagbag.py:541} INFO - Filling up the DagBag from /home/airflow/.local/lib/python3.7/site-packages/airflow/example_dags/example_params_ui_tutorial.py
[2023-07-23T00:02:55.565+0000] {processor.py:836} INFO - DAG(s) dict_keys(['example_params_ui_tutorial']) retrieved from /home/airflow/.local/lib/python3.7/site-packages/airflow/example_dags/example_params_ui_tutorial.py
[2023-07-23T00:02:55.603+0000] {logging_mixin.py:150} INFO - [2023-07-23T00:02:55.603+0000] {dag.py:2742} INFO - Sync 1 DAGs
[2023-07-23T00:02:55.619+0000] {logging_mixin.py:150} INFO - [2023-07-23T00:02:55.619+0000] {dag.py:3508} INFO - Setting next_dagrun for example_params_ui_tutorial to None, run_after=None
[2023-07-23T00:02:55.630+0000] {processor.py:179} INFO - Processing /home/airflow/.local/lib/python3.7/site-packages/airflow/example_dags/example_params_ui_tutorial.py took 0.110 seconds
[2023-07-23T00:03:25.967+0000] {processor.py:157} INFO - Started process (PID=1827) to work on /home/airflow/.local/lib/python3.7/site-packages/airflow/example_dags/example_params_ui_tutorial.py
[2023-07-23T00:03:25.970+0000] {processor.py:826} INFO - Processing file /home/airflow/.local/lib/python3.7/site-packages/airflow/example_dags/example_params_ui_tutorial.py for tasks to queue
[2023-07-23T00:03:25.971+0000] {logging_mixin.py:150} INFO - [2023-07-23T00:03:25.971+0000] {dagbag.py:541} INFO - Filling up the DagBag from /home/airflow/.local/lib/python3.7/site-packages/airflow/example_dags/example_params_ui_tutorial.py
[2023-07-23T00:03:26.004+0000] {processor.py:836} INFO - DAG(s) dict_keys(['example_params_ui_tutorial']) retrieved from /home/airflow/.local/lib/python3.7/site-packages/airflow/example_dags/example_params_ui_tutorial.py
[2023-07-23T00:03:26.041+0000] {logging_mixin.py:150} INFO - [2023-07-23T00:03:26.041+0000] {dag.py:2742} INFO - Sync 1 DAGs
[2023-07-23T00:03:26.059+0000] {logging_mixin.py:150} INFO - [2023-07-23T00:03:26.059+0000] {dag.py:3508} INFO - Setting next_dagrun for example_params_ui_tutorial to None, run_after=None
[2023-07-23T00:03:26.071+0000] {processor.py:179} INFO - Processing /home/airflow/.local/lib/python3.7/site-packages/airflow/example_dags/example_params_ui_tutorial.py took 0.111 seconds
[2023-07-23T00:03:56.316+0000] {processor.py:157} INFO - Started process (PID=1890) to work on /home/airflow/.local/lib/python3.7/site-packages/airflow/example_dags/example_params_ui_tutorial.py
[2023-07-23T00:03:56.318+0000] {processor.py:826} INFO - Processing file /home/airflow/.local/lib/python3.7/site-packages/airflow/example_dags/example_params_ui_tutorial.py for tasks to queue
[2023-07-23T00:03:56.321+0000] {logging_mixin.py:150} INFO - [2023-07-23T00:03:56.320+0000] {dagbag.py:541} INFO - Filling up the DagBag from /home/airflow/.local/lib/python3.7/site-packages/airflow/example_dags/example_params_ui_tutorial.py
[2023-07-23T00:03:56.358+0000] {processor.py:836} INFO - DAG(s) dict_keys(['example_params_ui_tutorial']) retrieved from /home/airflow/.local/lib/python3.7/site-packages/airflow/example_dags/example_params_ui_tutorial.py
[2023-07-23T00:03:56.398+0000] {logging_mixin.py:150} INFO - [2023-07-23T00:03:56.398+0000] {dag.py:2742} INFO - Sync 1 DAGs
[2023-07-23T00:03:56.420+0000] {logging_mixin.py:150} INFO - [2023-07-23T00:03:56.420+0000] {dag.py:3508} INFO - Setting next_dagrun for example_params_ui_tutorial to None, run_after=None
[2023-07-23T00:03:56.435+0000] {processor.py:179} INFO - Processing /home/airflow/.local/lib/python3.7/site-packages/airflow/example_dags/example_params_ui_tutorial.py took 0.126 seconds
[2023-07-23T00:04:26.782+0000] {processor.py:157} INFO - Started process (PID=1954) to work on /home/airflow/.local/lib/python3.7/site-packages/airflow/example_dags/example_params_ui_tutorial.py
[2023-07-23T00:04:26.784+0000] {processor.py:826} INFO - Processing file /home/airflow/.local/lib/python3.7/site-packages/airflow/example_dags/example_params_ui_tutorial.py for tasks to queue
[2023-07-23T00:04:26.785+0000] {logging_mixin.py:150} INFO - [2023-07-23T00:04:26.785+0000] {dagbag.py:541} INFO - Filling up the DagBag from /home/airflow/.local/lib/python3.7/site-packages/airflow/example_dags/example_params_ui_tutorial.py
[2023-07-23T00:04:26.826+0000] {processor.py:836} INFO - DAG(s) dict_keys(['example_params_ui_tutorial']) retrieved from /home/airflow/.local/lib/python3.7/site-packages/airflow/example_dags/example_params_ui_tutorial.py
[2023-07-23T00:04:26.864+0000] {logging_mixin.py:150} INFO - [2023-07-23T00:04:26.864+0000] {dag.py:2742} INFO - Sync 1 DAGs
[2023-07-23T00:04:26.880+0000] {logging_mixin.py:150} INFO - [2023-07-23T00:04:26.880+0000] {dag.py:3508} INFO - Setting next_dagrun for example_params_ui_tutorial to None, run_after=None
[2023-07-23T00:04:26.894+0000] {processor.py:179} INFO - Processing /home/airflow/.local/lib/python3.7/site-packages/airflow/example_dags/example_params_ui_tutorial.py took 0.117 seconds
[2023-07-23T00:04:57.286+0000] {processor.py:157} INFO - Started process (PID=2017) to work on /home/airflow/.local/lib/python3.7/site-packages/airflow/example_dags/example_params_ui_tutorial.py
[2023-07-23T00:04:57.290+0000] {processor.py:826} INFO - Processing file /home/airflow/.local/lib/python3.7/site-packages/airflow/example_dags/example_params_ui_tutorial.py for tasks to queue
[2023-07-23T00:04:57.291+0000] {logging_mixin.py:150} INFO - [2023-07-23T00:04:57.291+0000] {dagbag.py:541} INFO - Filling up the DagBag from /home/airflow/.local/lib/python3.7/site-packages/airflow/example_dags/example_params_ui_tutorial.py
[2023-07-23T00:04:57.325+0000] {processor.py:836} INFO - DAG(s) dict_keys(['example_params_ui_tutorial']) retrieved from /home/airflow/.local/lib/python3.7/site-packages/airflow/example_dags/example_params_ui_tutorial.py
[2023-07-23T00:04:57.364+0000] {logging_mixin.py:150} INFO - [2023-07-23T00:04:57.364+0000] {dag.py:2742} INFO - Sync 1 DAGs
[2023-07-23T00:04:57.381+0000] {logging_mixin.py:150} INFO - [2023-07-23T00:04:57.381+0000] {dag.py:3508} INFO - Setting next_dagrun for example_params_ui_tutorial to None, run_after=None
[2023-07-23T00:04:57.393+0000] {processor.py:179} INFO - Processing /home/airflow/.local/lib/python3.7/site-packages/airflow/example_dags/example_params_ui_tutorial.py took 0.115 seconds
[2023-07-23T00:05:27.664+0000] {processor.py:157} INFO - Started process (PID=2080) to work on /home/airflow/.local/lib/python3.7/site-packages/airflow/example_dags/example_params_ui_tutorial.py
[2023-07-23T00:05:27.669+0000] {processor.py:826} INFO - Processing file /home/airflow/.local/lib/python3.7/site-packages/airflow/example_dags/example_params_ui_tutorial.py for tasks to queue
[2023-07-23T00:05:27.679+0000] {logging_mixin.py:150} INFO - [2023-07-23T00:05:27.678+0000] {dagbag.py:541} INFO - Filling up the DagBag from /home/airflow/.local/lib/python3.7/site-packages/airflow/example_dags/example_params_ui_tutorial.py
[2023-07-23T00:05:27.850+0000] {processor.py:836} INFO - DAG(s) dict_keys(['example_params_ui_tutorial']) retrieved from /home/airflow/.local/lib/python3.7/site-packages/airflow/example_dags/example_params_ui_tutorial.py
[2023-07-23T00:05:28.120+0000] {logging_mixin.py:150} INFO - [2023-07-23T00:05:28.120+0000] {dag.py:2742} INFO - Sync 1 DAGs
[2023-07-23T00:05:28.217+0000] {logging_mixin.py:150} INFO - [2023-07-23T00:05:28.216+0000] {dag.py:3508} INFO - Setting next_dagrun for example_params_ui_tutorial to None, run_after=None
[2023-07-23T00:05:28.278+0000] {processor.py:179} INFO - Processing /home/airflow/.local/lib/python3.7/site-packages/airflow/example_dags/example_params_ui_tutorial.py took 0.638 seconds
[2023-07-23T00:05:58.970+0000] {processor.py:157} INFO - Started process (PID=2143) to work on /home/airflow/.local/lib/python3.7/site-packages/airflow/example_dags/example_params_ui_tutorial.py
[2023-07-23T00:05:58.973+0000] {processor.py:826} INFO - Processing file /home/airflow/.local/lib/python3.7/site-packages/airflow/example_dags/example_params_ui_tutorial.py for tasks to queue
[2023-07-23T00:05:58.974+0000] {logging_mixin.py:150} INFO - [2023-07-23T00:05:58.974+0000] {dagbag.py:541} INFO - Filling up the DagBag from /home/airflow/.local/lib/python3.7/site-packages/airflow/example_dags/example_params_ui_tutorial.py
[2023-07-23T00:05:59.011+0000] {processor.py:836} INFO - DAG(s) dict_keys(['example_params_ui_tutorial']) retrieved from /home/airflow/.local/lib/python3.7/site-packages/airflow/example_dags/example_params_ui_tutorial.py
[2023-07-23T00:05:59.059+0000] {logging_mixin.py:150} INFO - [2023-07-23T00:05:59.059+0000] {dag.py:2742} INFO - Sync 1 DAGs
[2023-07-23T00:05:59.083+0000] {logging_mixin.py:150} INFO - [2023-07-23T00:05:59.083+0000] {dag.py:3508} INFO - Setting next_dagrun for example_params_ui_tutorial to None, run_after=None
[2023-07-23T00:05:59.096+0000] {processor.py:179} INFO - Processing /home/airflow/.local/lib/python3.7/site-packages/airflow/example_dags/example_params_ui_tutorial.py took 0.129 seconds
[2023-07-23T00:06:29.706+0000] {processor.py:157} INFO - Started process (PID=2206) to work on /home/airflow/.local/lib/python3.7/site-packages/airflow/example_dags/example_params_ui_tutorial.py
[2023-07-23T00:06:29.710+0000] {processor.py:826} INFO - Processing file /home/airflow/.local/lib/python3.7/site-packages/airflow/example_dags/example_params_ui_tutorial.py for tasks to queue
[2023-07-23T00:06:29.711+0000] {logging_mixin.py:150} INFO - [2023-07-23T00:06:29.711+0000] {dagbag.py:541} INFO - Filling up the DagBag from /home/airflow/.local/lib/python3.7/site-packages/airflow/example_dags/example_params_ui_tutorial.py
[2023-07-23T00:06:29.749+0000] {processor.py:836} INFO - DAG(s) dict_keys(['example_params_ui_tutorial']) retrieved from /home/airflow/.local/lib/python3.7/site-packages/airflow/example_dags/example_params_ui_tutorial.py
[2023-07-23T00:06:29.787+0000] {logging_mixin.py:150} INFO - [2023-07-23T00:06:29.787+0000] {dag.py:2742} INFO - Sync 1 DAGs
[2023-07-23T00:06:29.806+0000] {logging_mixin.py:150} INFO - [2023-07-23T00:06:29.805+0000] {dag.py:3508} INFO - Setting next_dagrun for example_params_ui_tutorial to None, run_after=None
[2023-07-23T00:06:29.817+0000] {processor.py:179} INFO - Processing /home/airflow/.local/lib/python3.7/site-packages/airflow/example_dags/example_params_ui_tutorial.py took 0.118 seconds
[2023-07-23T00:07:00.156+0000] {processor.py:157} INFO - Started process (PID=2269) to work on /home/airflow/.local/lib/python3.7/site-packages/airflow/example_dags/example_params_ui_tutorial.py
[2023-07-23T00:07:00.159+0000] {processor.py:826} INFO - Processing file /home/airflow/.local/lib/python3.7/site-packages/airflow/example_dags/example_params_ui_tutorial.py for tasks to queue
[2023-07-23T00:07:00.160+0000] {logging_mixin.py:150} INFO - [2023-07-23T00:07:00.160+0000] {dagbag.py:541} INFO - Filling up the DagBag from /home/airflow/.local/lib/python3.7/site-packages/airflow/example_dags/example_params_ui_tutorial.py
[2023-07-23T00:07:00.197+0000] {processor.py:836} INFO - DAG(s) dict_keys(['example_params_ui_tutorial']) retrieved from /home/airflow/.local/lib/python3.7/site-packages/airflow/example_dags/example_params_ui_tutorial.py
[2023-07-23T00:07:00.234+0000] {logging_mixin.py:150} INFO - [2023-07-23T00:07:00.233+0000] {dag.py:2742} INFO - Sync 1 DAGs
[2023-07-23T00:07:00.251+0000] {logging_mixin.py:150} INFO - [2023-07-23T00:07:00.251+0000] {dag.py:3508} INFO - Setting next_dagrun for example_params_ui_tutorial to None, run_after=None
[2023-07-23T00:07:00.262+0000] {processor.py:179} INFO - Processing /home/airflow/.local/lib/python3.7/site-packages/airflow/example_dags/example_params_ui_tutorial.py took 0.113 seconds
[2023-07-23T00:07:30.549+0000] {processor.py:157} INFO - Started process (PID=2332) to work on /home/airflow/.local/lib/python3.7/site-packages/airflow/example_dags/example_params_ui_tutorial.py
[2023-07-23T00:07:30.551+0000] {processor.py:826} INFO - Processing file /home/airflow/.local/lib/python3.7/site-packages/airflow/example_dags/example_params_ui_tutorial.py for tasks to queue
[2023-07-23T00:07:30.552+0000] {logging_mixin.py:150} INFO - [2023-07-23T00:07:30.552+0000] {dagbag.py:541} INFO - Filling up the DagBag from /home/airflow/.local/lib/python3.7/site-packages/airflow/example_dags/example_params_ui_tutorial.py
[2023-07-23T00:07:30.586+0000] {processor.py:836} INFO - DAG(s) dict_keys(['example_params_ui_tutorial']) retrieved from /home/airflow/.local/lib/python3.7/site-packages/airflow/example_dags/example_params_ui_tutorial.py
[2023-07-23T00:07:30.633+0000] {logging_mixin.py:150} INFO - [2023-07-23T00:07:30.632+0000] {dag.py:2742} INFO - Sync 1 DAGs
[2023-07-23T00:07:30.658+0000] {logging_mixin.py:150} INFO - [2023-07-23T00:07:30.658+0000] {dag.py:3508} INFO - Setting next_dagrun for example_params_ui_tutorial to None, run_after=None
[2023-07-23T00:07:30.670+0000] {processor.py:179} INFO - Processing /home/airflow/.local/lib/python3.7/site-packages/airflow/example_dags/example_params_ui_tutorial.py took 0.127 seconds
[2023-07-23T00:08:00.809+0000] {processor.py:157} INFO - Started process (PID=2397) to work on /home/airflow/.local/lib/python3.7/site-packages/airflow/example_dags/example_params_ui_tutorial.py
[2023-07-23T00:08:00.811+0000] {processor.py:826} INFO - Processing file /home/airflow/.local/lib/python3.7/site-packages/airflow/example_dags/example_params_ui_tutorial.py for tasks to queue
[2023-07-23T00:08:00.812+0000] {logging_mixin.py:150} INFO - [2023-07-23T00:08:00.812+0000] {dagbag.py:541} INFO - Filling up the DagBag from /home/airflow/.local/lib/python3.7/site-packages/airflow/example_dags/example_params_ui_tutorial.py
[2023-07-23T00:08:00.851+0000] {processor.py:836} INFO - DAG(s) dict_keys(['example_params_ui_tutorial']) retrieved from /home/airflow/.local/lib/python3.7/site-packages/airflow/example_dags/example_params_ui_tutorial.py
[2023-07-23T00:08:00.892+0000] {logging_mixin.py:150} INFO - [2023-07-23T00:08:00.891+0000] {dag.py:2742} INFO - Sync 1 DAGs
[2023-07-23T00:08:00.909+0000] {logging_mixin.py:150} INFO - [2023-07-23T00:08:00.909+0000] {dag.py:3508} INFO - Setting next_dagrun for example_params_ui_tutorial to None, run_after=None
[2023-07-23T00:08:00.921+0000] {processor.py:179} INFO - Processing /home/airflow/.local/lib/python3.7/site-packages/airflow/example_dags/example_params_ui_tutorial.py took 0.116 seconds
[2023-07-23T00:08:31.456+0000] {processor.py:157} INFO - Started process (PID=2463) to work on /home/airflow/.local/lib/python3.7/site-packages/airflow/example_dags/example_params_ui_tutorial.py
[2023-07-23T00:08:31.458+0000] {processor.py:826} INFO - Processing file /home/airflow/.local/lib/python3.7/site-packages/airflow/example_dags/example_params_ui_tutorial.py for tasks to queue
[2023-07-23T00:08:31.460+0000] {logging_mixin.py:150} INFO - [2023-07-23T00:08:31.459+0000] {dagbag.py:541} INFO - Filling up the DagBag from /home/airflow/.local/lib/python3.7/site-packages/airflow/example_dags/example_params_ui_tutorial.py
[2023-07-23T00:08:31.499+0000] {processor.py:836} INFO - DAG(s) dict_keys(['example_params_ui_tutorial']) retrieved from /home/airflow/.local/lib/python3.7/site-packages/airflow/example_dags/example_params_ui_tutorial.py
[2023-07-23T00:08:31.540+0000] {logging_mixin.py:150} INFO - [2023-07-23T00:08:31.540+0000] {dag.py:2742} INFO - Sync 1 DAGs
[2023-07-23T00:08:31.559+0000] {logging_mixin.py:150} INFO - [2023-07-23T00:08:31.559+0000] {dag.py:3508} INFO - Setting next_dagrun for example_params_ui_tutorial to None, run_after=None
[2023-07-23T00:08:31.576+0000] {processor.py:179} INFO - Processing /home/airflow/.local/lib/python3.7/site-packages/airflow/example_dags/example_params_ui_tutorial.py took 0.126 seconds
[2023-07-23T00:09:02.106+0000] {processor.py:157} INFO - Started process (PID=2526) to work on /home/airflow/.local/lib/python3.7/site-packages/airflow/example_dags/example_params_ui_tutorial.py
[2023-07-23T00:09:02.109+0000] {processor.py:826} INFO - Processing file /home/airflow/.local/lib/python3.7/site-packages/airflow/example_dags/example_params_ui_tutorial.py for tasks to queue
[2023-07-23T00:09:02.111+0000] {logging_mixin.py:150} INFO - [2023-07-23T00:09:02.111+0000] {dagbag.py:541} INFO - Filling up the DagBag from /home/airflow/.local/lib/python3.7/site-packages/airflow/example_dags/example_params_ui_tutorial.py
[2023-07-23T00:09:02.158+0000] {processor.py:836} INFO - DAG(s) dict_keys(['example_params_ui_tutorial']) retrieved from /home/airflow/.local/lib/python3.7/site-packages/airflow/example_dags/example_params_ui_tutorial.py
[2023-07-23T00:09:02.208+0000] {logging_mixin.py:150} INFO - [2023-07-23T00:09:02.208+0000] {dag.py:2742} INFO - Sync 1 DAGs
[2023-07-23T00:09:02.226+0000] {logging_mixin.py:150} INFO - [2023-07-23T00:09:02.226+0000] {dag.py:3508} INFO - Setting next_dagrun for example_params_ui_tutorial to None, run_after=None
[2023-07-23T00:09:02.238+0000] {processor.py:179} INFO - Processing /home/airflow/.local/lib/python3.7/site-packages/airflow/example_dags/example_params_ui_tutorial.py took 0.141 seconds
[2023-07-23T00:09:33.138+0000] {processor.py:157} INFO - Started process (PID=2590) to work on /home/airflow/.local/lib/python3.7/site-packages/airflow/example_dags/example_params_ui_tutorial.py
[2023-07-23T00:09:33.140+0000] {processor.py:826} INFO - Processing file /home/airflow/.local/lib/python3.7/site-packages/airflow/example_dags/example_params_ui_tutorial.py for tasks to queue
[2023-07-23T00:09:33.141+0000] {logging_mixin.py:150} INFO - [2023-07-23T00:09:33.141+0000] {dagbag.py:541} INFO - Filling up the DagBag from /home/airflow/.local/lib/python3.7/site-packages/airflow/example_dags/example_params_ui_tutorial.py
[2023-07-23T00:09:33.178+0000] {processor.py:836} INFO - DAG(s) dict_keys(['example_params_ui_tutorial']) retrieved from /home/airflow/.local/lib/python3.7/site-packages/airflow/example_dags/example_params_ui_tutorial.py
[2023-07-23T00:09:33.247+0000] {logging_mixin.py:150} INFO - [2023-07-23T00:09:33.246+0000] {dag.py:2742} INFO - Sync 1 DAGs
[2023-07-23T00:09:33.303+0000] {logging_mixin.py:150} INFO - [2023-07-23T00:09:33.303+0000] {dag.py:3508} INFO - Setting next_dagrun for example_params_ui_tutorial to None, run_after=None
[2023-07-23T00:09:33.342+0000] {processor.py:179} INFO - Processing /home/airflow/.local/lib/python3.7/site-packages/airflow/example_dags/example_params_ui_tutorial.py took 0.209 seconds
[2023-07-23T00:10:04.100+0000] {processor.py:157} INFO - Started process (PID=2650) to work on /home/airflow/.local/lib/python3.7/site-packages/airflow/example_dags/example_params_ui_tutorial.py
[2023-07-23T00:10:04.101+0000] {processor.py:826} INFO - Processing file /home/airflow/.local/lib/python3.7/site-packages/airflow/example_dags/example_params_ui_tutorial.py for tasks to queue
[2023-07-23T00:10:04.103+0000] {logging_mixin.py:150} INFO - [2023-07-23T00:10:04.102+0000] {dagbag.py:541} INFO - Filling up the DagBag from /home/airflow/.local/lib/python3.7/site-packages/airflow/example_dags/example_params_ui_tutorial.py
[2023-07-23T00:10:04.159+0000] {processor.py:836} INFO - DAG(s) dict_keys(['example_params_ui_tutorial']) retrieved from /home/airflow/.local/lib/python3.7/site-packages/airflow/example_dags/example_params_ui_tutorial.py
[2023-07-23T00:10:04.292+0000] {logging_mixin.py:150} INFO - [2023-07-23T00:10:04.291+0000] {dag.py:2742} INFO - Sync 1 DAGs
[2023-07-23T00:10:04.331+0000] {logging_mixin.py:150} INFO - [2023-07-23T00:10:04.331+0000] {dag.py:3508} INFO - Setting next_dagrun for example_params_ui_tutorial to None, run_after=None
[2023-07-23T00:10:04.352+0000] {processor.py:179} INFO - Processing /home/airflow/.local/lib/python3.7/site-packages/airflow/example_dags/example_params_ui_tutorial.py took 0.256 seconds
[2023-07-23T00:10:34.996+0000] {processor.py:157} INFO - Started process (PID=2712) to work on /home/airflow/.local/lib/python3.7/site-packages/airflow/example_dags/example_params_ui_tutorial.py
[2023-07-23T00:10:34.998+0000] {processor.py:826} INFO - Processing file /home/airflow/.local/lib/python3.7/site-packages/airflow/example_dags/example_params_ui_tutorial.py for tasks to queue
[2023-07-23T00:10:34.999+0000] {logging_mixin.py:150} INFO - [2023-07-23T00:10:34.999+0000] {dagbag.py:541} INFO - Filling up the DagBag from /home/airflow/.local/lib/python3.7/site-packages/airflow/example_dags/example_params_ui_tutorial.py
[2023-07-23T00:10:35.034+0000] {processor.py:836} INFO - DAG(s) dict_keys(['example_params_ui_tutorial']) retrieved from /home/airflow/.local/lib/python3.7/site-packages/airflow/example_dags/example_params_ui_tutorial.py
[2023-07-23T00:10:35.078+0000] {logging_mixin.py:150} INFO - [2023-07-23T00:10:35.078+0000] {dag.py:2742} INFO - Sync 1 DAGs
[2023-07-23T00:10:35.108+0000] {logging_mixin.py:150} INFO - [2023-07-23T00:10:35.108+0000] {dag.py:3508} INFO - Setting next_dagrun for example_params_ui_tutorial to None, run_after=None
[2023-07-23T00:10:35.122+0000] {processor.py:179} INFO - Processing /home/airflow/.local/lib/python3.7/site-packages/airflow/example_dags/example_params_ui_tutorial.py took 0.135 seconds
[2023-07-23T00:11:05.737+0000] {processor.py:157} INFO - Started process (PID=2775) to work on /home/airflow/.local/lib/python3.7/site-packages/airflow/example_dags/example_params_ui_tutorial.py
[2023-07-23T00:11:05.739+0000] {processor.py:826} INFO - Processing file /home/airflow/.local/lib/python3.7/site-packages/airflow/example_dags/example_params_ui_tutorial.py for tasks to queue
[2023-07-23T00:11:05.742+0000] {logging_mixin.py:150} INFO - [2023-07-23T00:11:05.742+0000] {dagbag.py:541} INFO - Filling up the DagBag from /home/airflow/.local/lib/python3.7/site-packages/airflow/example_dags/example_params_ui_tutorial.py
[2023-07-23T00:11:05.778+0000] {processor.py:836} INFO - DAG(s) dict_keys(['example_params_ui_tutorial']) retrieved from /home/airflow/.local/lib/python3.7/site-packages/airflow/example_dags/example_params_ui_tutorial.py
[2023-07-23T00:11:05.814+0000] {logging_mixin.py:150} INFO - [2023-07-23T00:11:05.814+0000] {dag.py:2742} INFO - Sync 1 DAGs
[2023-07-23T00:11:05.832+0000] {logging_mixin.py:150} INFO - [2023-07-23T00:11:05.832+0000] {dag.py:3508} INFO - Setting next_dagrun for example_params_ui_tutorial to None, run_after=None
[2023-07-23T00:11:05.843+0000] {processor.py:179} INFO - Processing /home/airflow/.local/lib/python3.7/site-packages/airflow/example_dags/example_params_ui_tutorial.py took 0.111 seconds
[2023-07-23T00:11:36.096+0000] {processor.py:157} INFO - Started process (PID=2838) to work on /home/airflow/.local/lib/python3.7/site-packages/airflow/example_dags/example_params_ui_tutorial.py
[2023-07-23T00:11:36.098+0000] {processor.py:826} INFO - Processing file /home/airflow/.local/lib/python3.7/site-packages/airflow/example_dags/example_params_ui_tutorial.py for tasks to queue
[2023-07-23T00:11:36.099+0000] {logging_mixin.py:150} INFO - [2023-07-23T00:11:36.099+0000] {dagbag.py:541} INFO - Filling up the DagBag from /home/airflow/.local/lib/python3.7/site-packages/airflow/example_dags/example_params_ui_tutorial.py
[2023-07-23T00:11:36.130+0000] {processor.py:836} INFO - DAG(s) dict_keys(['example_params_ui_tutorial']) retrieved from /home/airflow/.local/lib/python3.7/site-packages/airflow/example_dags/example_params_ui_tutorial.py
[2023-07-23T00:11:36.166+0000] {logging_mixin.py:150} INFO - [2023-07-23T00:11:36.166+0000] {dag.py:2742} INFO - Sync 1 DAGs
[2023-07-23T00:11:36.182+0000] {logging_mixin.py:150} INFO - [2023-07-23T00:11:36.182+0000] {dag.py:3508} INFO - Setting next_dagrun for example_params_ui_tutorial to None, run_after=None
[2023-07-23T00:11:36.194+0000] {processor.py:179} INFO - Processing /home/airflow/.local/lib/python3.7/site-packages/airflow/example_dags/example_params_ui_tutorial.py took 0.104 seconds
[2023-07-23T00:12:06.237+0000] {processor.py:157} INFO - Started process (PID=2900) to work on /home/airflow/.local/lib/python3.7/site-packages/airflow/example_dags/example_params_ui_tutorial.py
[2023-07-23T00:12:06.240+0000] {processor.py:826} INFO - Processing file /home/airflow/.local/lib/python3.7/site-packages/airflow/example_dags/example_params_ui_tutorial.py for tasks to queue
[2023-07-23T00:12:06.241+0000] {logging_mixin.py:150} INFO - [2023-07-23T00:12:06.241+0000] {dagbag.py:541} INFO - Filling up the DagBag from /home/airflow/.local/lib/python3.7/site-packages/airflow/example_dags/example_params_ui_tutorial.py
[2023-07-23T00:12:06.274+0000] {processor.py:836} INFO - DAG(s) dict_keys(['example_params_ui_tutorial']) retrieved from /home/airflow/.local/lib/python3.7/site-packages/airflow/example_dags/example_params_ui_tutorial.py
[2023-07-23T00:12:06.313+0000] {logging_mixin.py:150} INFO - [2023-07-23T00:12:06.313+0000] {dag.py:2742} INFO - Sync 1 DAGs
[2023-07-23T00:12:06.331+0000] {logging_mixin.py:150} INFO - [2023-07-23T00:12:06.331+0000] {dag.py:3508} INFO - Setting next_dagrun for example_params_ui_tutorial to None, run_after=None
[2023-07-23T00:12:06.343+0000] {processor.py:179} INFO - Processing /home/airflow/.local/lib/python3.7/site-packages/airflow/example_dags/example_params_ui_tutorial.py took 0.111 seconds
[2023-07-23T00:12:36.482+0000] {processor.py:157} INFO - Started process (PID=2966) to work on /home/airflow/.local/lib/python3.7/site-packages/airflow/example_dags/example_params_ui_tutorial.py
[2023-07-23T00:12:36.486+0000] {processor.py:826} INFO - Processing file /home/airflow/.local/lib/python3.7/site-packages/airflow/example_dags/example_params_ui_tutorial.py for tasks to queue
[2023-07-23T00:12:36.487+0000] {logging_mixin.py:150} INFO - [2023-07-23T00:12:36.487+0000] {dagbag.py:541} INFO - Filling up the DagBag from /home/airflow/.local/lib/python3.7/site-packages/airflow/example_dags/example_params_ui_tutorial.py
[2023-07-23T00:12:36.530+0000] {processor.py:836} INFO - DAG(s) dict_keys(['example_params_ui_tutorial']) retrieved from /home/airflow/.local/lib/python3.7/site-packages/airflow/example_dags/example_params_ui_tutorial.py
[2023-07-23T00:12:36.575+0000] {logging_mixin.py:150} INFO - [2023-07-23T00:12:36.575+0000] {dag.py:2742} INFO - Sync 1 DAGs
[2023-07-23T00:12:36.593+0000] {logging_mixin.py:150} INFO - [2023-07-23T00:12:36.592+0000] {dag.py:3508} INFO - Setting next_dagrun for example_params_ui_tutorial to None, run_after=None
[2023-07-23T00:12:36.606+0000] {processor.py:179} INFO - Processing /home/airflow/.local/lib/python3.7/site-packages/airflow/example_dags/example_params_ui_tutorial.py took 0.128 seconds
[2023-07-23T00:13:07.195+0000] {processor.py:157} INFO - Started process (PID=3028) to work on /home/airflow/.local/lib/python3.7/site-packages/airflow/example_dags/example_params_ui_tutorial.py
[2023-07-23T00:13:07.196+0000] {processor.py:826} INFO - Processing file /home/airflow/.local/lib/python3.7/site-packages/airflow/example_dags/example_params_ui_tutorial.py for tasks to queue
[2023-07-23T00:13:07.197+0000] {logging_mixin.py:150} INFO - [2023-07-23T00:13:07.197+0000] {dagbag.py:541} INFO - Filling up the DagBag from /home/airflow/.local/lib/python3.7/site-packages/airflow/example_dags/example_params_ui_tutorial.py
[2023-07-23T00:13:07.226+0000] {processor.py:836} INFO - DAG(s) dict_keys(['example_params_ui_tutorial']) retrieved from /home/airflow/.local/lib/python3.7/site-packages/airflow/example_dags/example_params_ui_tutorial.py
[2023-07-23T00:13:07.271+0000] {logging_mixin.py:150} INFO - [2023-07-23T00:13:07.271+0000] {dag.py:2742} INFO - Sync 1 DAGs
[2023-07-23T00:13:07.287+0000] {logging_mixin.py:150} INFO - [2023-07-23T00:13:07.287+0000] {dag.py:3508} INFO - Setting next_dagrun for example_params_ui_tutorial to None, run_after=None
[2023-07-23T00:13:07.298+0000] {processor.py:179} INFO - Processing /home/airflow/.local/lib/python3.7/site-packages/airflow/example_dags/example_params_ui_tutorial.py took 0.105 seconds
[2023-07-23T00:13:37.568+0000] {processor.py:157} INFO - Started process (PID=3091) to work on /home/airflow/.local/lib/python3.7/site-packages/airflow/example_dags/example_params_ui_tutorial.py
[2023-07-23T00:13:37.570+0000] {processor.py:826} INFO - Processing file /home/airflow/.local/lib/python3.7/site-packages/airflow/example_dags/example_params_ui_tutorial.py for tasks to queue
[2023-07-23T00:13:37.571+0000] {logging_mixin.py:150} INFO - [2023-07-23T00:13:37.571+0000] {dagbag.py:541} INFO - Filling up the DagBag from /home/airflow/.local/lib/python3.7/site-packages/airflow/example_dags/example_params_ui_tutorial.py
[2023-07-23T00:13:37.608+0000] {processor.py:836} INFO - DAG(s) dict_keys(['example_params_ui_tutorial']) retrieved from /home/airflow/.local/lib/python3.7/site-packages/airflow/example_dags/example_params_ui_tutorial.py
[2023-07-23T00:13:37.657+0000] {logging_mixin.py:150} INFO - [2023-07-23T00:13:37.657+0000] {dag.py:2742} INFO - Sync 1 DAGs
[2023-07-23T00:13:37.677+0000] {logging_mixin.py:150} INFO - [2023-07-23T00:13:37.677+0000] {dag.py:3508} INFO - Setting next_dagrun for example_params_ui_tutorial to None, run_after=None
[2023-07-23T00:13:37.695+0000] {processor.py:179} INFO - Processing /home/airflow/.local/lib/python3.7/site-packages/airflow/example_dags/example_params_ui_tutorial.py took 0.129 seconds
[2023-07-23T00:14:07.829+0000] {processor.py:157} INFO - Started process (PID=3156) to work on /home/airflow/.local/lib/python3.7/site-packages/airflow/example_dags/example_params_ui_tutorial.py
[2023-07-23T00:14:07.830+0000] {processor.py:826} INFO - Processing file /home/airflow/.local/lib/python3.7/site-packages/airflow/example_dags/example_params_ui_tutorial.py for tasks to queue
[2023-07-23T00:14:07.831+0000] {logging_mixin.py:150} INFO - [2023-07-23T00:14:07.831+0000] {dagbag.py:541} INFO - Filling up the DagBag from /home/airflow/.local/lib/python3.7/site-packages/airflow/example_dags/example_params_ui_tutorial.py
[2023-07-23T00:14:07.858+0000] {processor.py:836} INFO - DAG(s) dict_keys(['example_params_ui_tutorial']) retrieved from /home/airflow/.local/lib/python3.7/site-packages/airflow/example_dags/example_params_ui_tutorial.py
[2023-07-23T00:14:07.903+0000] {logging_mixin.py:150} INFO - [2023-07-23T00:14:07.903+0000] {dag.py:2742} INFO - Sync 1 DAGs
[2023-07-23T00:14:07.922+0000] {logging_mixin.py:150} INFO - [2023-07-23T00:14:07.922+0000] {dag.py:3508} INFO - Setting next_dagrun for example_params_ui_tutorial to None, run_after=None
[2023-07-23T00:14:07.936+0000] {processor.py:179} INFO - Processing /home/airflow/.local/lib/python3.7/site-packages/airflow/example_dags/example_params_ui_tutorial.py took 0.109 seconds
[2023-07-23T00:14:38.882+0000] {processor.py:157} INFO - Started process (PID=3219) to work on /home/airflow/.local/lib/python3.7/site-packages/airflow/example_dags/example_params_ui_tutorial.py
[2023-07-23T00:14:38.883+0000] {processor.py:826} INFO - Processing file /home/airflow/.local/lib/python3.7/site-packages/airflow/example_dags/example_params_ui_tutorial.py for tasks to queue
[2023-07-23T00:14:38.884+0000] {logging_mixin.py:150} INFO - [2023-07-23T00:14:38.884+0000] {dagbag.py:541} INFO - Filling up the DagBag from /home/airflow/.local/lib/python3.7/site-packages/airflow/example_dags/example_params_ui_tutorial.py
[2023-07-23T00:14:38.909+0000] {processor.py:836} INFO - DAG(s) dict_keys(['example_params_ui_tutorial']) retrieved from /home/airflow/.local/lib/python3.7/site-packages/airflow/example_dags/example_params_ui_tutorial.py
[2023-07-23T00:14:38.947+0000] {logging_mixin.py:150} INFO - [2023-07-23T00:14:38.947+0000] {dag.py:2742} INFO - Sync 1 DAGs
[2023-07-23T00:14:38.963+0000] {logging_mixin.py:150} INFO - [2023-07-23T00:14:38.963+0000] {dag.py:3508} INFO - Setting next_dagrun for example_params_ui_tutorial to None, run_after=None
[2023-07-23T00:14:38.974+0000] {processor.py:179} INFO - Processing /home/airflow/.local/lib/python3.7/site-packages/airflow/example_dags/example_params_ui_tutorial.py took 0.095 seconds
[2023-07-23T00:15:09.808+0000] {processor.py:157} INFO - Started process (PID=3281) to work on /home/airflow/.local/lib/python3.7/site-packages/airflow/example_dags/example_params_ui_tutorial.py
[2023-07-23T00:15:09.810+0000] {processor.py:826} INFO - Processing file /home/airflow/.local/lib/python3.7/site-packages/airflow/example_dags/example_params_ui_tutorial.py for tasks to queue
[2023-07-23T00:15:09.811+0000] {logging_mixin.py:150} INFO - [2023-07-23T00:15:09.811+0000] {dagbag.py:541} INFO - Filling up the DagBag from /home/airflow/.local/lib/python3.7/site-packages/airflow/example_dags/example_params_ui_tutorial.py
[2023-07-23T00:15:09.842+0000] {processor.py:836} INFO - DAG(s) dict_keys(['example_params_ui_tutorial']) retrieved from /home/airflow/.local/lib/python3.7/site-packages/airflow/example_dags/example_params_ui_tutorial.py
[2023-07-23T00:15:09.883+0000] {logging_mixin.py:150} INFO - [2023-07-23T00:15:09.882+0000] {dag.py:2742} INFO - Sync 1 DAGs
[2023-07-23T00:15:09.899+0000] {logging_mixin.py:150} INFO - [2023-07-23T00:15:09.899+0000] {dag.py:3508} INFO - Setting next_dagrun for example_params_ui_tutorial to None, run_after=None
[2023-07-23T00:15:09.911+0000] {processor.py:179} INFO - Processing /home/airflow/.local/lib/python3.7/site-packages/airflow/example_dags/example_params_ui_tutorial.py took 0.106 seconds
[2023-07-23T00:15:40.854+0000] {processor.py:157} INFO - Started process (PID=3351) to work on /home/airflow/.local/lib/python3.7/site-packages/airflow/example_dags/example_params_ui_tutorial.py
[2023-07-23T00:15:40.856+0000] {processor.py:826} INFO - Processing file /home/airflow/.local/lib/python3.7/site-packages/airflow/example_dags/example_params_ui_tutorial.py for tasks to queue
[2023-07-23T00:15:40.857+0000] {logging_mixin.py:150} INFO - [2023-07-23T00:15:40.856+0000] {dagbag.py:541} INFO - Filling up the DagBag from /home/airflow/.local/lib/python3.7/site-packages/airflow/example_dags/example_params_ui_tutorial.py
[2023-07-23T00:15:40.887+0000] {processor.py:836} INFO - DAG(s) dict_keys(['example_params_ui_tutorial']) retrieved from /home/airflow/.local/lib/python3.7/site-packages/airflow/example_dags/example_params_ui_tutorial.py
[2023-07-23T00:15:40.934+0000] {logging_mixin.py:150} INFO - [2023-07-23T00:15:40.934+0000] {dag.py:2742} INFO - Sync 1 DAGs
[2023-07-23T00:15:40.962+0000] {logging_mixin.py:150} INFO - [2023-07-23T00:15:40.962+0000] {dag.py:3508} INFO - Setting next_dagrun for example_params_ui_tutorial to None, run_after=None
[2023-07-23T00:15:40.979+0000] {processor.py:179} INFO - Processing /home/airflow/.local/lib/python3.7/site-packages/airflow/example_dags/example_params_ui_tutorial.py took 0.128 seconds
[2023-07-23T00:16:11.790+0000] {processor.py:157} INFO - Started process (PID=3415) to work on /home/airflow/.local/lib/python3.7/site-packages/airflow/example_dags/example_params_ui_tutorial.py
[2023-07-23T00:16:11.791+0000] {processor.py:826} INFO - Processing file /home/airflow/.local/lib/python3.7/site-packages/airflow/example_dags/example_params_ui_tutorial.py for tasks to queue
[2023-07-23T00:16:11.793+0000] {logging_mixin.py:150} INFO - [2023-07-23T00:16:11.792+0000] {dagbag.py:541} INFO - Filling up the DagBag from /home/airflow/.local/lib/python3.7/site-packages/airflow/example_dags/example_params_ui_tutorial.py
[2023-07-23T00:16:11.826+0000] {processor.py:836} INFO - DAG(s) dict_keys(['example_params_ui_tutorial']) retrieved from /home/airflow/.local/lib/python3.7/site-packages/airflow/example_dags/example_params_ui_tutorial.py
[2023-07-23T00:16:11.870+0000] {logging_mixin.py:150} INFO - [2023-07-23T00:16:11.870+0000] {dag.py:2742} INFO - Sync 1 DAGs
[2023-07-23T00:16:11.890+0000] {logging_mixin.py:150} INFO - [2023-07-23T00:16:11.890+0000] {dag.py:3508} INFO - Setting next_dagrun for example_params_ui_tutorial to None, run_after=None
[2023-07-23T00:16:11.903+0000] {processor.py:179} INFO - Processing /home/airflow/.local/lib/python3.7/site-packages/airflow/example_dags/example_params_ui_tutorial.py took 0.117 seconds
[2023-07-23T00:16:42.442+0000] {processor.py:157} INFO - Started process (PID=3480) to work on /home/airflow/.local/lib/python3.7/site-packages/airflow/example_dags/example_params_ui_tutorial.py
[2023-07-23T00:16:42.443+0000] {processor.py:826} INFO - Processing file /home/airflow/.local/lib/python3.7/site-packages/airflow/example_dags/example_params_ui_tutorial.py for tasks to queue
[2023-07-23T00:16:42.444+0000] {logging_mixin.py:150} INFO - [2023-07-23T00:16:42.444+0000] {dagbag.py:541} INFO - Filling up the DagBag from /home/airflow/.local/lib/python3.7/site-packages/airflow/example_dags/example_params_ui_tutorial.py
[2023-07-23T00:16:42.470+0000] {processor.py:836} INFO - DAG(s) dict_keys(['example_params_ui_tutorial']) retrieved from /home/airflow/.local/lib/python3.7/site-packages/airflow/example_dags/example_params_ui_tutorial.py
[2023-07-23T00:16:42.512+0000] {logging_mixin.py:150} INFO - [2023-07-23T00:16:42.512+0000] {dag.py:2742} INFO - Sync 1 DAGs
[2023-07-23T00:16:42.538+0000] {logging_mixin.py:150} INFO - [2023-07-23T00:16:42.537+0000] {dag.py:3508} INFO - Setting next_dagrun for example_params_ui_tutorial to None, run_after=None
[2023-07-23T00:16:42.556+0000] {processor.py:179} INFO - Processing /home/airflow/.local/lib/python3.7/site-packages/airflow/example_dags/example_params_ui_tutorial.py took 0.117 seconds
[2023-07-23T00:17:13.420+0000] {processor.py:157} INFO - Started process (PID=3543) to work on /home/airflow/.local/lib/python3.7/site-packages/airflow/example_dags/example_params_ui_tutorial.py
[2023-07-23T00:17:13.422+0000] {processor.py:826} INFO - Processing file /home/airflow/.local/lib/python3.7/site-packages/airflow/example_dags/example_params_ui_tutorial.py for tasks to queue
[2023-07-23T00:17:13.424+0000] {logging_mixin.py:150} INFO - [2023-07-23T00:17:13.423+0000] {dagbag.py:541} INFO - Filling up the DagBag from /home/airflow/.local/lib/python3.7/site-packages/airflow/example_dags/example_params_ui_tutorial.py
[2023-07-23T00:17:13.458+0000] {processor.py:836} INFO - DAG(s) dict_keys(['example_params_ui_tutorial']) retrieved from /home/airflow/.local/lib/python3.7/site-packages/airflow/example_dags/example_params_ui_tutorial.py
[2023-07-23T00:17:13.504+0000] {logging_mixin.py:150} INFO - [2023-07-23T00:17:13.503+0000] {dag.py:2742} INFO - Sync 1 DAGs
[2023-07-23T00:17:13.521+0000] {logging_mixin.py:150} INFO - [2023-07-23T00:17:13.521+0000] {dag.py:3508} INFO - Setting next_dagrun for example_params_ui_tutorial to None, run_after=None
[2023-07-23T00:17:13.535+0000] {processor.py:179} INFO - Processing /home/airflow/.local/lib/python3.7/site-packages/airflow/example_dags/example_params_ui_tutorial.py took 0.117 seconds
[2023-07-23T00:17:44.162+0000] {processor.py:157} INFO - Started process (PID=3606) to work on /home/airflow/.local/lib/python3.7/site-packages/airflow/example_dags/example_params_ui_tutorial.py
[2023-07-23T00:17:44.163+0000] {processor.py:826} INFO - Processing file /home/airflow/.local/lib/python3.7/site-packages/airflow/example_dags/example_params_ui_tutorial.py for tasks to queue
[2023-07-23T00:17:44.164+0000] {logging_mixin.py:150} INFO - [2023-07-23T00:17:44.164+0000] {dagbag.py:541} INFO - Filling up the DagBag from /home/airflow/.local/lib/python3.7/site-packages/airflow/example_dags/example_params_ui_tutorial.py
[2023-07-23T00:17:44.190+0000] {processor.py:836} INFO - DAG(s) dict_keys(['example_params_ui_tutorial']) retrieved from /home/airflow/.local/lib/python3.7/site-packages/airflow/example_dags/example_params_ui_tutorial.py
[2023-07-23T00:17:44.228+0000] {logging_mixin.py:150} INFO - [2023-07-23T00:17:44.228+0000] {dag.py:2742} INFO - Sync 1 DAGs
[2023-07-23T00:17:44.243+0000] {logging_mixin.py:150} INFO - [2023-07-23T00:17:44.243+0000] {dag.py:3508} INFO - Setting next_dagrun for example_params_ui_tutorial to None, run_after=None
[2023-07-23T00:17:44.254+0000] {processor.py:179} INFO - Processing /home/airflow/.local/lib/python3.7/site-packages/airflow/example_dags/example_params_ui_tutorial.py took 0.094 seconds
[2023-07-23T00:18:14.628+0000] {processor.py:157} INFO - Started process (PID=3669) to work on /home/airflow/.local/lib/python3.7/site-packages/airflow/example_dags/example_params_ui_tutorial.py
[2023-07-23T00:18:14.629+0000] {processor.py:826} INFO - Processing file /home/airflow/.local/lib/python3.7/site-packages/airflow/example_dags/example_params_ui_tutorial.py for tasks to queue
[2023-07-23T00:18:14.630+0000] {logging_mixin.py:150} INFO - [2023-07-23T00:18:14.630+0000] {dagbag.py:541} INFO - Filling up the DagBag from /home/airflow/.local/lib/python3.7/site-packages/airflow/example_dags/example_params_ui_tutorial.py
[2023-07-23T00:18:14.660+0000] {processor.py:836} INFO - DAG(s) dict_keys(['example_params_ui_tutorial']) retrieved from /home/airflow/.local/lib/python3.7/site-packages/airflow/example_dags/example_params_ui_tutorial.py
[2023-07-23T00:18:14.701+0000] {logging_mixin.py:150} INFO - [2023-07-23T00:18:14.701+0000] {dag.py:2742} INFO - Sync 1 DAGs
[2023-07-23T00:18:14.717+0000] {logging_mixin.py:150} INFO - [2023-07-23T00:18:14.717+0000] {dag.py:3508} INFO - Setting next_dagrun for example_params_ui_tutorial to None, run_after=None
[2023-07-23T00:18:14.728+0000] {processor.py:179} INFO - Processing /home/airflow/.local/lib/python3.7/site-packages/airflow/example_dags/example_params_ui_tutorial.py took 0.103 seconds
[2023-07-23T00:18:45.441+0000] {processor.py:157} INFO - Started process (PID=3731) to work on /home/airflow/.local/lib/python3.7/site-packages/airflow/example_dags/example_params_ui_tutorial.py
[2023-07-23T00:18:45.442+0000] {processor.py:826} INFO - Processing file /home/airflow/.local/lib/python3.7/site-packages/airflow/example_dags/example_params_ui_tutorial.py for tasks to queue
[2023-07-23T00:18:45.443+0000] {logging_mixin.py:150} INFO - [2023-07-23T00:18:45.443+0000] {dagbag.py:541} INFO - Filling up the DagBag from /home/airflow/.local/lib/python3.7/site-packages/airflow/example_dags/example_params_ui_tutorial.py
[2023-07-23T00:18:45.470+0000] {processor.py:836} INFO - DAG(s) dict_keys(['example_params_ui_tutorial']) retrieved from /home/airflow/.local/lib/python3.7/site-packages/airflow/example_dags/example_params_ui_tutorial.py
[2023-07-23T00:18:45.506+0000] {logging_mixin.py:150} INFO - [2023-07-23T00:18:45.506+0000] {dag.py:2742} INFO - Sync 1 DAGs
[2023-07-23T00:18:45.526+0000] {logging_mixin.py:150} INFO - [2023-07-23T00:18:45.526+0000] {dag.py:3508} INFO - Setting next_dagrun for example_params_ui_tutorial to None, run_after=None
[2023-07-23T00:18:45.545+0000] {processor.py:179} INFO - Processing /home/airflow/.local/lib/python3.7/site-packages/airflow/example_dags/example_params_ui_tutorial.py took 0.106 seconds
[2023-07-23T00:19:15.634+0000] {processor.py:157} INFO - Started process (PID=3796) to work on /home/airflow/.local/lib/python3.7/site-packages/airflow/example_dags/example_params_ui_tutorial.py
[2023-07-23T00:19:15.636+0000] {processor.py:826} INFO - Processing file /home/airflow/.local/lib/python3.7/site-packages/airflow/example_dags/example_params_ui_tutorial.py for tasks to queue
[2023-07-23T00:19:15.637+0000] {logging_mixin.py:150} INFO - [2023-07-23T00:19:15.636+0000] {dagbag.py:541} INFO - Filling up the DagBag from /home/airflow/.local/lib/python3.7/site-packages/airflow/example_dags/example_params_ui_tutorial.py
[2023-07-23T00:19:15.659+0000] {processor.py:836} INFO - DAG(s) dict_keys(['example_params_ui_tutorial']) retrieved from /home/airflow/.local/lib/python3.7/site-packages/airflow/example_dags/example_params_ui_tutorial.py
[2023-07-23T00:19:15.693+0000] {logging_mixin.py:150} INFO - [2023-07-23T00:19:15.693+0000] {dag.py:2742} INFO - Sync 1 DAGs
[2023-07-23T00:19:15.707+0000] {logging_mixin.py:150} INFO - [2023-07-23T00:19:15.707+0000] {dag.py:3508} INFO - Setting next_dagrun for example_params_ui_tutorial to None, run_after=None
[2023-07-23T00:19:15.717+0000] {processor.py:179} INFO - Processing /home/airflow/.local/lib/python3.7/site-packages/airflow/example_dags/example_params_ui_tutorial.py took 0.086 seconds
[2023-07-23T00:19:46.094+0000] {processor.py:157} INFO - Started process (PID=3851) to work on /home/airflow/.local/lib/python3.7/site-packages/airflow/example_dags/example_params_ui_tutorial.py
[2023-07-23T00:19:46.096+0000] {processor.py:826} INFO - Processing file /home/airflow/.local/lib/python3.7/site-packages/airflow/example_dags/example_params_ui_tutorial.py for tasks to queue
[2023-07-23T00:19:46.097+0000] {logging_mixin.py:150} INFO - [2023-07-23T00:19:46.096+0000] {dagbag.py:541} INFO - Filling up the DagBag from /home/airflow/.local/lib/python3.7/site-packages/airflow/example_dags/example_params_ui_tutorial.py
[2023-07-23T00:19:46.121+0000] {processor.py:836} INFO - DAG(s) dict_keys(['example_params_ui_tutorial']) retrieved from /home/airflow/.local/lib/python3.7/site-packages/airflow/example_dags/example_params_ui_tutorial.py
[2023-07-23T00:19:46.161+0000] {logging_mixin.py:150} INFO - [2023-07-23T00:19:46.161+0000] {dag.py:2742} INFO - Sync 1 DAGs
[2023-07-23T00:19:46.177+0000] {logging_mixin.py:150} INFO - [2023-07-23T00:19:46.177+0000] {dag.py:3508} INFO - Setting next_dagrun for example_params_ui_tutorial to None, run_after=None
[2023-07-23T00:19:46.190+0000] {processor.py:179} INFO - Processing /home/airflow/.local/lib/python3.7/site-packages/airflow/example_dags/example_params_ui_tutorial.py took 0.099 seconds
[2023-07-23T00:20:16.647+0000] {processor.py:157} INFO - Started process (PID=3914) to work on /home/airflow/.local/lib/python3.7/site-packages/airflow/example_dags/example_params_ui_tutorial.py
[2023-07-23T00:20:16.648+0000] {processor.py:826} INFO - Processing file /home/airflow/.local/lib/python3.7/site-packages/airflow/example_dags/example_params_ui_tutorial.py for tasks to queue
[2023-07-23T00:20:16.649+0000] {logging_mixin.py:150} INFO - [2023-07-23T00:20:16.649+0000] {dagbag.py:541} INFO - Filling up the DagBag from /home/airflow/.local/lib/python3.7/site-packages/airflow/example_dags/example_params_ui_tutorial.py
[2023-07-23T00:20:16.675+0000] {processor.py:836} INFO - DAG(s) dict_keys(['example_params_ui_tutorial']) retrieved from /home/airflow/.local/lib/python3.7/site-packages/airflow/example_dags/example_params_ui_tutorial.py
[2023-07-23T00:20:16.726+0000] {logging_mixin.py:150} INFO - [2023-07-23T00:20:16.726+0000] {dag.py:2742} INFO - Sync 1 DAGs
[2023-07-23T00:20:16.742+0000] {logging_mixin.py:150} INFO - [2023-07-23T00:20:16.742+0000] {dag.py:3508} INFO - Setting next_dagrun for example_params_ui_tutorial to None, run_after=None
[2023-07-23T00:20:16.754+0000] {processor.py:179} INFO - Processing /home/airflow/.local/lib/python3.7/site-packages/airflow/example_dags/example_params_ui_tutorial.py took 0.109 seconds
[2023-07-23T00:20:47.287+0000] {processor.py:157} INFO - Started process (PID=3977) to work on /home/airflow/.local/lib/python3.7/site-packages/airflow/example_dags/example_params_ui_tutorial.py
[2023-07-23T00:20:47.289+0000] {processor.py:826} INFO - Processing file /home/airflow/.local/lib/python3.7/site-packages/airflow/example_dags/example_params_ui_tutorial.py for tasks to queue
[2023-07-23T00:20:47.290+0000] {logging_mixin.py:150} INFO - [2023-07-23T00:20:47.290+0000] {dagbag.py:541} INFO - Filling up the DagBag from /home/airflow/.local/lib/python3.7/site-packages/airflow/example_dags/example_params_ui_tutorial.py
[2023-07-23T00:20:47.317+0000] {processor.py:836} INFO - DAG(s) dict_keys(['example_params_ui_tutorial']) retrieved from /home/airflow/.local/lib/python3.7/site-packages/airflow/example_dags/example_params_ui_tutorial.py
[2023-07-23T00:20:47.361+0000] {logging_mixin.py:150} INFO - [2023-07-23T00:20:47.361+0000] {dag.py:2742} INFO - Sync 1 DAGs
[2023-07-23T00:20:47.377+0000] {logging_mixin.py:150} INFO - [2023-07-23T00:20:47.377+0000] {dag.py:3508} INFO - Setting next_dagrun for example_params_ui_tutorial to None, run_after=None
[2023-07-23T00:20:47.389+0000] {processor.py:179} INFO - Processing /home/airflow/.local/lib/python3.7/site-packages/airflow/example_dags/example_params_ui_tutorial.py took 0.107 seconds
[2023-07-23T00:21:17.605+0000] {processor.py:157} INFO - Started process (PID=4040) to work on /home/airflow/.local/lib/python3.7/site-packages/airflow/example_dags/example_params_ui_tutorial.py
[2023-07-23T00:21:17.606+0000] {processor.py:826} INFO - Processing file /home/airflow/.local/lib/python3.7/site-packages/airflow/example_dags/example_params_ui_tutorial.py for tasks to queue
[2023-07-23T00:21:17.607+0000] {logging_mixin.py:150} INFO - [2023-07-23T00:21:17.607+0000] {dagbag.py:541} INFO - Filling up the DagBag from /home/airflow/.local/lib/python3.7/site-packages/airflow/example_dags/example_params_ui_tutorial.py
[2023-07-23T00:21:17.632+0000] {processor.py:836} INFO - DAG(s) dict_keys(['example_params_ui_tutorial']) retrieved from /home/airflow/.local/lib/python3.7/site-packages/airflow/example_dags/example_params_ui_tutorial.py
[2023-07-23T00:21:17.673+0000] {logging_mixin.py:150} INFO - [2023-07-23T00:21:17.673+0000] {dag.py:2742} INFO - Sync 1 DAGs
[2023-07-23T00:21:17.690+0000] {logging_mixin.py:150} INFO - [2023-07-23T00:21:17.690+0000] {dag.py:3508} INFO - Setting next_dagrun for example_params_ui_tutorial to None, run_after=None
[2023-07-23T00:21:17.706+0000] {processor.py:179} INFO - Processing /home/airflow/.local/lib/python3.7/site-packages/airflow/example_dags/example_params_ui_tutorial.py took 0.108 seconds
[2023-07-23T00:21:48.617+0000] {processor.py:157} INFO - Started process (PID=4102) to work on /home/airflow/.local/lib/python3.7/site-packages/airflow/example_dags/example_params_ui_tutorial.py
[2023-07-23T00:21:48.618+0000] {processor.py:826} INFO - Processing file /home/airflow/.local/lib/python3.7/site-packages/airflow/example_dags/example_params_ui_tutorial.py for tasks to queue
[2023-07-23T00:21:48.619+0000] {logging_mixin.py:150} INFO - [2023-07-23T00:21:48.619+0000] {dagbag.py:541} INFO - Filling up the DagBag from /home/airflow/.local/lib/python3.7/site-packages/airflow/example_dags/example_params_ui_tutorial.py
[2023-07-23T00:21:48.644+0000] {processor.py:836} INFO - DAG(s) dict_keys(['example_params_ui_tutorial']) retrieved from /home/airflow/.local/lib/python3.7/site-packages/airflow/example_dags/example_params_ui_tutorial.py
[2023-07-23T00:21:48.682+0000] {logging_mixin.py:150} INFO - [2023-07-23T00:21:48.682+0000] {dag.py:2742} INFO - Sync 1 DAGs
[2023-07-23T00:21:48.697+0000] {logging_mixin.py:150} INFO - [2023-07-23T00:21:48.697+0000] {dag.py:3508} INFO - Setting next_dagrun for example_params_ui_tutorial to None, run_after=None
[2023-07-23T00:21:48.710+0000] {processor.py:179} INFO - Processing /home/airflow/.local/lib/python3.7/site-packages/airflow/example_dags/example_params_ui_tutorial.py took 0.095 seconds
[2023-07-23T00:22:19.384+0000] {processor.py:157} INFO - Started process (PID=4165) to work on /home/airflow/.local/lib/python3.7/site-packages/airflow/example_dags/example_params_ui_tutorial.py
[2023-07-23T00:22:19.385+0000] {processor.py:826} INFO - Processing file /home/airflow/.local/lib/python3.7/site-packages/airflow/example_dags/example_params_ui_tutorial.py for tasks to queue
[2023-07-23T00:22:19.386+0000] {logging_mixin.py:150} INFO - [2023-07-23T00:22:19.386+0000] {dagbag.py:541} INFO - Filling up the DagBag from /home/airflow/.local/lib/python3.7/site-packages/airflow/example_dags/example_params_ui_tutorial.py
[2023-07-23T00:22:19.417+0000] {processor.py:836} INFO - DAG(s) dict_keys(['example_params_ui_tutorial']) retrieved from /home/airflow/.local/lib/python3.7/site-packages/airflow/example_dags/example_params_ui_tutorial.py
[2023-07-23T00:22:19.466+0000] {logging_mixin.py:150} INFO - [2023-07-23T00:22:19.466+0000] {dag.py:2742} INFO - Sync 1 DAGs
[2023-07-23T00:22:19.482+0000] {logging_mixin.py:150} INFO - [2023-07-23T00:22:19.481+0000] {dag.py:3508} INFO - Setting next_dagrun for example_params_ui_tutorial to None, run_after=None
[2023-07-23T00:22:19.493+0000] {processor.py:179} INFO - Processing /home/airflow/.local/lib/python3.7/site-packages/airflow/example_dags/example_params_ui_tutorial.py took 0.112 seconds
[2023-07-23T00:22:50.141+0000] {processor.py:157} INFO - Started process (PID=4228) to work on /home/airflow/.local/lib/python3.7/site-packages/airflow/example_dags/example_params_ui_tutorial.py
[2023-07-23T00:22:50.142+0000] {processor.py:826} INFO - Processing file /home/airflow/.local/lib/python3.7/site-packages/airflow/example_dags/example_params_ui_tutorial.py for tasks to queue
[2023-07-23T00:22:50.143+0000] {logging_mixin.py:150} INFO - [2023-07-23T00:22:50.143+0000] {dagbag.py:541} INFO - Filling up the DagBag from /home/airflow/.local/lib/python3.7/site-packages/airflow/example_dags/example_params_ui_tutorial.py
[2023-07-23T00:22:50.172+0000] {processor.py:836} INFO - DAG(s) dict_keys(['example_params_ui_tutorial']) retrieved from /home/airflow/.local/lib/python3.7/site-packages/airflow/example_dags/example_params_ui_tutorial.py
[2023-07-23T00:22:50.207+0000] {logging_mixin.py:150} INFO - [2023-07-23T00:22:50.207+0000] {dag.py:2742} INFO - Sync 1 DAGs
[2023-07-23T00:22:50.222+0000] {logging_mixin.py:150} INFO - [2023-07-23T00:22:50.222+0000] {dag.py:3508} INFO - Setting next_dagrun for example_params_ui_tutorial to None, run_after=None
[2023-07-23T00:22:50.236+0000] {processor.py:179} INFO - Processing /home/airflow/.local/lib/python3.7/site-packages/airflow/example_dags/example_params_ui_tutorial.py took 0.098 seconds
[2023-07-23T00:23:20.429+0000] {processor.py:157} INFO - Started process (PID=4292) to work on /home/airflow/.local/lib/python3.7/site-packages/airflow/example_dags/example_params_ui_tutorial.py
[2023-07-23T00:23:20.431+0000] {processor.py:826} INFO - Processing file /home/airflow/.local/lib/python3.7/site-packages/airflow/example_dags/example_params_ui_tutorial.py for tasks to queue
[2023-07-23T00:23:20.432+0000] {logging_mixin.py:150} INFO - [2023-07-23T00:23:20.432+0000] {dagbag.py:541} INFO - Filling up the DagBag from /home/airflow/.local/lib/python3.7/site-packages/airflow/example_dags/example_params_ui_tutorial.py
[2023-07-23T00:23:20.456+0000] {processor.py:836} INFO - DAG(s) dict_keys(['example_params_ui_tutorial']) retrieved from /home/airflow/.local/lib/python3.7/site-packages/airflow/example_dags/example_params_ui_tutorial.py
[2023-07-23T00:23:20.494+0000] {logging_mixin.py:150} INFO - [2023-07-23T00:23:20.494+0000] {dag.py:2742} INFO - Sync 1 DAGs
[2023-07-23T00:23:20.509+0000] {logging_mixin.py:150} INFO - [2023-07-23T00:23:20.509+0000] {dag.py:3508} INFO - Setting next_dagrun for example_params_ui_tutorial to None, run_after=None
[2023-07-23T00:23:20.520+0000] {processor.py:179} INFO - Processing /home/airflow/.local/lib/python3.7/site-packages/airflow/example_dags/example_params_ui_tutorial.py took 0.093 seconds
[2023-07-23T00:23:50.812+0000] {processor.py:157} INFO - Started process (PID=4355) to work on /home/airflow/.local/lib/python3.7/site-packages/airflow/example_dags/example_params_ui_tutorial.py
[2023-07-23T00:23:50.813+0000] {processor.py:826} INFO - Processing file /home/airflow/.local/lib/python3.7/site-packages/airflow/example_dags/example_params_ui_tutorial.py for tasks to queue
[2023-07-23T00:23:50.814+0000] {logging_mixin.py:150} INFO - [2023-07-23T00:23:50.814+0000] {dagbag.py:541} INFO - Filling up the DagBag from /home/airflow/.local/lib/python3.7/site-packages/airflow/example_dags/example_params_ui_tutorial.py
[2023-07-23T00:23:50.839+0000] {processor.py:836} INFO - DAG(s) dict_keys(['example_params_ui_tutorial']) retrieved from /home/airflow/.local/lib/python3.7/site-packages/airflow/example_dags/example_params_ui_tutorial.py
[2023-07-23T00:23:50.876+0000] {logging_mixin.py:150} INFO - [2023-07-23T00:23:50.876+0000] {dag.py:2742} INFO - Sync 1 DAGs
[2023-07-23T00:23:50.891+0000] {logging_mixin.py:150} INFO - [2023-07-23T00:23:50.891+0000] {dag.py:3508} INFO - Setting next_dagrun for example_params_ui_tutorial to None, run_after=None
[2023-07-23T00:23:50.902+0000] {processor.py:179} INFO - Processing /home/airflow/.local/lib/python3.7/site-packages/airflow/example_dags/example_params_ui_tutorial.py took 0.092 seconds
[2023-07-23T00:24:21.730+0000] {processor.py:157} INFO - Started process (PID=4419) to work on /home/airflow/.local/lib/python3.7/site-packages/airflow/example_dags/example_params_ui_tutorial.py
[2023-07-23T00:24:21.731+0000] {processor.py:826} INFO - Processing file /home/airflow/.local/lib/python3.7/site-packages/airflow/example_dags/example_params_ui_tutorial.py for tasks to queue
[2023-07-23T00:24:21.732+0000] {logging_mixin.py:150} INFO - [2023-07-23T00:24:21.731+0000] {dagbag.py:541} INFO - Filling up the DagBag from /home/airflow/.local/lib/python3.7/site-packages/airflow/example_dags/example_params_ui_tutorial.py
[2023-07-23T00:24:21.757+0000] {processor.py:836} INFO - DAG(s) dict_keys(['example_params_ui_tutorial']) retrieved from /home/airflow/.local/lib/python3.7/site-packages/airflow/example_dags/example_params_ui_tutorial.py
[2023-07-23T00:24:21.800+0000] {logging_mixin.py:150} INFO - [2023-07-23T00:24:21.799+0000] {dag.py:2742} INFO - Sync 1 DAGs
[2023-07-23T00:24:21.820+0000] {logging_mixin.py:150} INFO - [2023-07-23T00:24:21.820+0000] {dag.py:3508} INFO - Setting next_dagrun for example_params_ui_tutorial to None, run_after=None
[2023-07-23T00:24:21.834+0000] {processor.py:179} INFO - Processing /home/airflow/.local/lib/python3.7/site-packages/airflow/example_dags/example_params_ui_tutorial.py took 0.107 seconds
[2023-07-23T00:24:51.977+0000] {processor.py:157} INFO - Started process (PID=4482) to work on /home/airflow/.local/lib/python3.7/site-packages/airflow/example_dags/example_params_ui_tutorial.py
[2023-07-23T00:24:51.978+0000] {processor.py:826} INFO - Processing file /home/airflow/.local/lib/python3.7/site-packages/airflow/example_dags/example_params_ui_tutorial.py for tasks to queue
[2023-07-23T00:24:51.979+0000] {logging_mixin.py:150} INFO - [2023-07-23T00:24:51.979+0000] {dagbag.py:541} INFO - Filling up the DagBag from /home/airflow/.local/lib/python3.7/site-packages/airflow/example_dags/example_params_ui_tutorial.py
[2023-07-23T00:24:52.002+0000] {processor.py:836} INFO - DAG(s) dict_keys(['example_params_ui_tutorial']) retrieved from /home/airflow/.local/lib/python3.7/site-packages/airflow/example_dags/example_params_ui_tutorial.py
[2023-07-23T00:24:52.036+0000] {logging_mixin.py:150} INFO - [2023-07-23T00:24:52.036+0000] {dag.py:2742} INFO - Sync 1 DAGs
[2023-07-23T00:24:52.051+0000] {logging_mixin.py:150} INFO - [2023-07-23T00:24:52.050+0000] {dag.py:3508} INFO - Setting next_dagrun for example_params_ui_tutorial to None, run_after=None
[2023-07-23T00:24:52.129+0000] {processor.py:179} INFO - Processing /home/airflow/.local/lib/python3.7/site-packages/airflow/example_dags/example_params_ui_tutorial.py took 0.155 seconds
[2023-07-23T00:25:22.449+0000] {processor.py:157} INFO - Started process (PID=4546) to work on /home/airflow/.local/lib/python3.7/site-packages/airflow/example_dags/example_params_ui_tutorial.py
[2023-07-23T00:25:22.451+0000] {processor.py:826} INFO - Processing file /home/airflow/.local/lib/python3.7/site-packages/airflow/example_dags/example_params_ui_tutorial.py for tasks to queue
[2023-07-23T00:25:22.454+0000] {logging_mixin.py:150} INFO - [2023-07-23T00:25:22.453+0000] {dagbag.py:541} INFO - Filling up the DagBag from /home/airflow/.local/lib/python3.7/site-packages/airflow/example_dags/example_params_ui_tutorial.py
[2023-07-23T00:25:22.512+0000] {processor.py:836} INFO - DAG(s) dict_keys(['example_params_ui_tutorial']) retrieved from /home/airflow/.local/lib/python3.7/site-packages/airflow/example_dags/example_params_ui_tutorial.py
[2023-07-23T00:25:22.608+0000] {logging_mixin.py:150} INFO - [2023-07-23T00:25:22.608+0000] {dag.py:2742} INFO - Sync 1 DAGs
[2023-07-23T00:25:22.627+0000] {logging_mixin.py:150} INFO - [2023-07-23T00:25:22.627+0000] {dag.py:3508} INFO - Setting next_dagrun for example_params_ui_tutorial to None, run_after=None
[2023-07-23T00:25:22.640+0000] {processor.py:179} INFO - Processing /home/airflow/.local/lib/python3.7/site-packages/airflow/example_dags/example_params_ui_tutorial.py took 0.194 seconds
[2023-07-23T00:25:53.419+0000] {processor.py:157} INFO - Started process (PID=4609) to work on /home/airflow/.local/lib/python3.7/site-packages/airflow/example_dags/example_params_ui_tutorial.py
[2023-07-23T00:25:53.420+0000] {processor.py:826} INFO - Processing file /home/airflow/.local/lib/python3.7/site-packages/airflow/example_dags/example_params_ui_tutorial.py for tasks to queue
[2023-07-23T00:25:53.421+0000] {logging_mixin.py:150} INFO - [2023-07-23T00:25:53.421+0000] {dagbag.py:541} INFO - Filling up the DagBag from /home/airflow/.local/lib/python3.7/site-packages/airflow/example_dags/example_params_ui_tutorial.py
[2023-07-23T00:25:53.452+0000] {processor.py:836} INFO - DAG(s) dict_keys(['example_params_ui_tutorial']) retrieved from /home/airflow/.local/lib/python3.7/site-packages/airflow/example_dags/example_params_ui_tutorial.py
[2023-07-23T00:25:53.506+0000] {logging_mixin.py:150} INFO - [2023-07-23T00:25:53.505+0000] {dag.py:2742} INFO - Sync 1 DAGs
[2023-07-23T00:25:53.527+0000] {logging_mixin.py:150} INFO - [2023-07-23T00:25:53.526+0000] {dag.py:3508} INFO - Setting next_dagrun for example_params_ui_tutorial to None, run_after=None
[2023-07-23T00:25:53.544+0000] {processor.py:179} INFO - Processing /home/airflow/.local/lib/python3.7/site-packages/airflow/example_dags/example_params_ui_tutorial.py took 0.128 seconds
