[2023-07-23T00:00:24.562+0000] {processor.py:157} INFO - Started process (PID=1450) to work on /home/airflow/.local/lib/python3.7/site-packages/airflow/example_dags/example_nested_branch_dag.py
[2023-07-23T00:00:24.564+0000] {processor.py:826} INFO - Processing file /home/airflow/.local/lib/python3.7/site-packages/airflow/example_dags/example_nested_branch_dag.py for tasks to queue
[2023-07-23T00:00:24.566+0000] {logging_mixin.py:150} INFO - [2023-07-23T00:00:24.565+0000] {dagbag.py:541} INFO - Filling up the DagBag from /home/airflow/.local/lib/python3.7/site-packages/airflow/example_dags/example_nested_branch_dag.py
[2023-07-23T00:00:24.578+0000] {processor.py:836} INFO - DAG(s) dict_keys(['example_nested_branch_dag']) retrieved from /home/airflow/.local/lib/python3.7/site-packages/airflow/example_dags/example_nested_branch_dag.py
[2023-07-23T00:00:24.606+0000] {logging_mixin.py:150} INFO - [2023-07-23T00:00:24.605+0000] {dag.py:2742} INFO - Sync 1 DAGs
[2023-07-23T00:00:24.623+0000] {logging_mixin.py:150} INFO - [2023-07-23T00:00:24.623+0000] {dag.py:3508} INFO - Setting next_dagrun for example_nested_branch_dag to 2023-07-22T00:00:00+00:00, run_after=2023-07-23T00:00:00+00:00
[2023-07-23T00:00:24.636+0000] {processor.py:179} INFO - Processing /home/airflow/.local/lib/python3.7/site-packages/airflow/example_dags/example_nested_branch_dag.py took 0.083 seconds
[2023-07-23T00:00:55.303+0000] {processor.py:157} INFO - Started process (PID=1513) to work on /home/airflow/.local/lib/python3.7/site-packages/airflow/example_dags/example_nested_branch_dag.py
[2023-07-23T00:00:55.306+0000] {processor.py:826} INFO - Processing file /home/airflow/.local/lib/python3.7/site-packages/airflow/example_dags/example_nested_branch_dag.py for tasks to queue
[2023-07-23T00:00:55.308+0000] {logging_mixin.py:150} INFO - [2023-07-23T00:00:55.307+0000] {dagbag.py:541} INFO - Filling up the DagBag from /home/airflow/.local/lib/python3.7/site-packages/airflow/example_dags/example_nested_branch_dag.py
[2023-07-23T00:00:55.325+0000] {processor.py:836} INFO - DAG(s) dict_keys(['example_nested_branch_dag']) retrieved from /home/airflow/.local/lib/python3.7/site-packages/airflow/example_dags/example_nested_branch_dag.py
[2023-07-23T00:00:55.350+0000] {logging_mixin.py:150} INFO - [2023-07-23T00:00:55.350+0000] {dag.py:2742} INFO - Sync 1 DAGs
[2023-07-23T00:00:55.372+0000] {logging_mixin.py:150} INFO - [2023-07-23T00:00:55.372+0000] {dag.py:3508} INFO - Setting next_dagrun for example_nested_branch_dag to 2023-07-22T00:00:00+00:00, run_after=2023-07-23T00:00:00+00:00
[2023-07-23T00:00:55.386+0000] {processor.py:179} INFO - Processing /home/airflow/.local/lib/python3.7/site-packages/airflow/example_dags/example_nested_branch_dag.py took 0.090 seconds
[2023-07-23T00:01:25.503+0000] {processor.py:157} INFO - Started process (PID=1576) to work on /home/airflow/.local/lib/python3.7/site-packages/airflow/example_dags/example_nested_branch_dag.py
[2023-07-23T00:01:25.505+0000] {processor.py:826} INFO - Processing file /home/airflow/.local/lib/python3.7/site-packages/airflow/example_dags/example_nested_branch_dag.py for tasks to queue
[2023-07-23T00:01:25.507+0000] {logging_mixin.py:150} INFO - [2023-07-23T00:01:25.506+0000] {dagbag.py:541} INFO - Filling up the DagBag from /home/airflow/.local/lib/python3.7/site-packages/airflow/example_dags/example_nested_branch_dag.py
[2023-07-23T00:01:25.524+0000] {processor.py:836} INFO - DAG(s) dict_keys(['example_nested_branch_dag']) retrieved from /home/airflow/.local/lib/python3.7/site-packages/airflow/example_dags/example_nested_branch_dag.py
[2023-07-23T00:01:25.574+0000] {logging_mixin.py:150} INFO - [2023-07-23T00:01:25.574+0000] {dag.py:2742} INFO - Sync 1 DAGs
[2023-07-23T00:01:25.604+0000] {logging_mixin.py:150} INFO - [2023-07-23T00:01:25.604+0000] {dag.py:3508} INFO - Setting next_dagrun for example_nested_branch_dag to 2023-07-22T00:00:00+00:00, run_after=2023-07-23T00:00:00+00:00
[2023-07-23T00:01:25.621+0000] {processor.py:179} INFO - Processing /home/airflow/.local/lib/python3.7/site-packages/airflow/example_dags/example_nested_branch_dag.py took 0.124 seconds
[2023-07-23T00:01:56.673+0000] {processor.py:157} INFO - Started process (PID=1641) to work on /home/airflow/.local/lib/python3.7/site-packages/airflow/example_dags/example_nested_branch_dag.py
[2023-07-23T00:01:56.675+0000] {processor.py:826} INFO - Processing file /home/airflow/.local/lib/python3.7/site-packages/airflow/example_dags/example_nested_branch_dag.py for tasks to queue
[2023-07-23T00:01:56.676+0000] {logging_mixin.py:150} INFO - [2023-07-23T00:01:56.676+0000] {dagbag.py:541} INFO - Filling up the DagBag from /home/airflow/.local/lib/python3.7/site-packages/airflow/example_dags/example_nested_branch_dag.py
[2023-07-23T00:01:56.690+0000] {processor.py:836} INFO - DAG(s) dict_keys(['example_nested_branch_dag']) retrieved from /home/airflow/.local/lib/python3.7/site-packages/airflow/example_dags/example_nested_branch_dag.py
[2023-07-23T00:01:56.715+0000] {logging_mixin.py:150} INFO - [2023-07-23T00:01:56.714+0000] {dag.py:2742} INFO - Sync 1 DAGs
[2023-07-23T00:01:56.743+0000] {logging_mixin.py:150} INFO - [2023-07-23T00:01:56.742+0000] {dag.py:3508} INFO - Setting next_dagrun for example_nested_branch_dag to 2023-07-22T00:00:00+00:00, run_after=2023-07-23T00:00:00+00:00
[2023-07-23T00:01:56.761+0000] {processor.py:179} INFO - Processing /home/airflow/.local/lib/python3.7/site-packages/airflow/example_dags/example_nested_branch_dag.py took 0.091 seconds
[2023-07-23T00:02:26.946+0000] {processor.py:157} INFO - Started process (PID=1703) to work on /home/airflow/.local/lib/python3.7/site-packages/airflow/example_dags/example_nested_branch_dag.py
[2023-07-23T00:02:26.948+0000] {processor.py:826} INFO - Processing file /home/airflow/.local/lib/python3.7/site-packages/airflow/example_dags/example_nested_branch_dag.py for tasks to queue
[2023-07-23T00:02:26.949+0000] {logging_mixin.py:150} INFO - [2023-07-23T00:02:26.948+0000] {dagbag.py:541} INFO - Filling up the DagBag from /home/airflow/.local/lib/python3.7/site-packages/airflow/example_dags/example_nested_branch_dag.py
[2023-07-23T00:02:26.964+0000] {processor.py:836} INFO - DAG(s) dict_keys(['example_nested_branch_dag']) retrieved from /home/airflow/.local/lib/python3.7/site-packages/airflow/example_dags/example_nested_branch_dag.py
[2023-07-23T00:02:27.013+0000] {logging_mixin.py:150} INFO - [2023-07-23T00:02:27.013+0000] {dag.py:2742} INFO - Sync 1 DAGs
[2023-07-23T00:02:27.038+0000] {logging_mixin.py:150} INFO - [2023-07-23T00:02:27.038+0000] {dag.py:3508} INFO - Setting next_dagrun for example_nested_branch_dag to 2023-07-22T00:00:00+00:00, run_after=2023-07-23T00:00:00+00:00
[2023-07-23T00:02:27.050+0000] {processor.py:179} INFO - Processing /home/airflow/.local/lib/python3.7/site-packages/airflow/example_dags/example_nested_branch_dag.py took 0.107 seconds
[2023-07-23T00:02:57.938+0000] {processor.py:157} INFO - Started process (PID=1770) to work on /home/airflow/.local/lib/python3.7/site-packages/airflow/example_dags/example_nested_branch_dag.py
[2023-07-23T00:02:57.941+0000] {processor.py:826} INFO - Processing file /home/airflow/.local/lib/python3.7/site-packages/airflow/example_dags/example_nested_branch_dag.py for tasks to queue
[2023-07-23T00:02:57.944+0000] {logging_mixin.py:150} INFO - [2023-07-23T00:02:57.943+0000] {dagbag.py:541} INFO - Filling up the DagBag from /home/airflow/.local/lib/python3.7/site-packages/airflow/example_dags/example_nested_branch_dag.py
[2023-07-23T00:02:57.960+0000] {processor.py:836} INFO - DAG(s) dict_keys(['example_nested_branch_dag']) retrieved from /home/airflow/.local/lib/python3.7/site-packages/airflow/example_dags/example_nested_branch_dag.py
[2023-07-23T00:02:58.011+0000] {logging_mixin.py:150} INFO - [2023-07-23T00:02:58.011+0000] {dag.py:2742} INFO - Sync 1 DAGs
[2023-07-23T00:02:58.039+0000] {logging_mixin.py:150} INFO - [2023-07-23T00:02:58.039+0000] {dag.py:3508} INFO - Setting next_dagrun for example_nested_branch_dag to 2023-07-22T00:00:00+00:00, run_after=2023-07-23T00:00:00+00:00
[2023-07-23T00:02:58.057+0000] {processor.py:179} INFO - Processing /home/airflow/.local/lib/python3.7/site-packages/airflow/example_dags/example_nested_branch_dag.py took 0.128 seconds
[2023-07-23T00:03:28.245+0000] {processor.py:157} INFO - Started process (PID=1833) to work on /home/airflow/.local/lib/python3.7/site-packages/airflow/example_dags/example_nested_branch_dag.py
[2023-07-23T00:03:28.247+0000] {processor.py:826} INFO - Processing file /home/airflow/.local/lib/python3.7/site-packages/airflow/example_dags/example_nested_branch_dag.py for tasks to queue
[2023-07-23T00:03:28.249+0000] {logging_mixin.py:150} INFO - [2023-07-23T00:03:28.249+0000] {dagbag.py:541} INFO - Filling up the DagBag from /home/airflow/.local/lib/python3.7/site-packages/airflow/example_dags/example_nested_branch_dag.py
[2023-07-23T00:03:28.413+0000] {processor.py:836} INFO - DAG(s) dict_keys(['example_nested_branch_dag']) retrieved from /home/airflow/.local/lib/python3.7/site-packages/airflow/example_dags/example_nested_branch_dag.py
[2023-07-23T00:03:28.513+0000] {logging_mixin.py:150} INFO - [2023-07-23T00:03:28.513+0000] {dag.py:2742} INFO - Sync 1 DAGs
[2023-07-23T00:03:28.566+0000] {logging_mixin.py:150} INFO - [2023-07-23T00:03:28.566+0000] {dag.py:3508} INFO - Setting next_dagrun for example_nested_branch_dag to 2023-07-22T00:00:00+00:00, run_after=2023-07-23T00:00:00+00:00
[2023-07-23T00:03:28.639+0000] {processor.py:179} INFO - Processing /home/airflow/.local/lib/python3.7/site-packages/airflow/example_dags/example_nested_branch_dag.py took 0.400 seconds
[2023-07-23T00:03:59.656+0000] {processor.py:157} INFO - Started process (PID=1896) to work on /home/airflow/.local/lib/python3.7/site-packages/airflow/example_dags/example_nested_branch_dag.py
[2023-07-23T00:03:59.658+0000] {processor.py:826} INFO - Processing file /home/airflow/.local/lib/python3.7/site-packages/airflow/example_dags/example_nested_branch_dag.py for tasks to queue
[2023-07-23T00:03:59.660+0000] {logging_mixin.py:150} INFO - [2023-07-23T00:03:59.659+0000] {dagbag.py:541} INFO - Filling up the DagBag from /home/airflow/.local/lib/python3.7/site-packages/airflow/example_dags/example_nested_branch_dag.py
[2023-07-23T00:03:59.674+0000] {processor.py:836} INFO - DAG(s) dict_keys(['example_nested_branch_dag']) retrieved from /home/airflow/.local/lib/python3.7/site-packages/airflow/example_dags/example_nested_branch_dag.py
[2023-07-23T00:03:59.718+0000] {logging_mixin.py:150} INFO - [2023-07-23T00:03:59.718+0000] {dag.py:2742} INFO - Sync 1 DAGs
[2023-07-23T00:03:59.744+0000] {logging_mixin.py:150} INFO - [2023-07-23T00:03:59.743+0000] {dag.py:3508} INFO - Setting next_dagrun for example_nested_branch_dag to 2023-07-22T00:00:00+00:00, run_after=2023-07-23T00:00:00+00:00
[2023-07-23T00:03:59.757+0000] {processor.py:179} INFO - Processing /home/airflow/.local/lib/python3.7/site-packages/airflow/example_dags/example_nested_branch_dag.py took 0.110 seconds
[2023-07-23T00:04:30.158+0000] {processor.py:157} INFO - Started process (PID=1960) to work on /home/airflow/.local/lib/python3.7/site-packages/airflow/example_dags/example_nested_branch_dag.py
[2023-07-23T00:04:30.160+0000] {processor.py:826} INFO - Processing file /home/airflow/.local/lib/python3.7/site-packages/airflow/example_dags/example_nested_branch_dag.py for tasks to queue
[2023-07-23T00:04:30.162+0000] {logging_mixin.py:150} INFO - [2023-07-23T00:04:30.161+0000] {dagbag.py:541} INFO - Filling up the DagBag from /home/airflow/.local/lib/python3.7/site-packages/airflow/example_dags/example_nested_branch_dag.py
[2023-07-23T00:04:30.178+0000] {processor.py:836} INFO - DAG(s) dict_keys(['example_nested_branch_dag']) retrieved from /home/airflow/.local/lib/python3.7/site-packages/airflow/example_dags/example_nested_branch_dag.py
[2023-07-23T00:04:30.242+0000] {logging_mixin.py:150} INFO - [2023-07-23T00:04:30.241+0000] {dag.py:2742} INFO - Sync 1 DAGs
[2023-07-23T00:04:30.275+0000] {logging_mixin.py:150} INFO - [2023-07-23T00:04:30.274+0000] {dag.py:3508} INFO - Setting next_dagrun for example_nested_branch_dag to 2023-07-22T00:00:00+00:00, run_after=2023-07-23T00:00:00+00:00
[2023-07-23T00:04:30.292+0000] {processor.py:179} INFO - Processing /home/airflow/.local/lib/python3.7/site-packages/airflow/example_dags/example_nested_branch_dag.py took 0.142 seconds
[2023-07-23T00:05:00.615+0000] {processor.py:157} INFO - Started process (PID=2023) to work on /home/airflow/.local/lib/python3.7/site-packages/airflow/example_dags/example_nested_branch_dag.py
[2023-07-23T00:05:00.618+0000] {processor.py:826} INFO - Processing file /home/airflow/.local/lib/python3.7/site-packages/airflow/example_dags/example_nested_branch_dag.py for tasks to queue
[2023-07-23T00:05:00.619+0000] {logging_mixin.py:150} INFO - [2023-07-23T00:05:00.619+0000] {dagbag.py:541} INFO - Filling up the DagBag from /home/airflow/.local/lib/python3.7/site-packages/airflow/example_dags/example_nested_branch_dag.py
[2023-07-23T00:05:00.651+0000] {processor.py:836} INFO - DAG(s) dict_keys(['example_nested_branch_dag']) retrieved from /home/airflow/.local/lib/python3.7/site-packages/airflow/example_dags/example_nested_branch_dag.py
[2023-07-23T00:05:00.688+0000] {logging_mixin.py:150} INFO - [2023-07-23T00:05:00.688+0000] {dag.py:2742} INFO - Sync 1 DAGs
[2023-07-23T00:05:00.705+0000] {logging_mixin.py:150} INFO - [2023-07-23T00:05:00.705+0000] {dag.py:3508} INFO - Setting next_dagrun for example_nested_branch_dag to 2023-07-22T00:00:00+00:00, run_after=2023-07-23T00:00:00+00:00
[2023-07-23T00:05:00.718+0000] {processor.py:179} INFO - Processing /home/airflow/.local/lib/python3.7/site-packages/airflow/example_dags/example_nested_branch_dag.py took 0.108 seconds
[2023-07-23T00:05:31.772+0000] {processor.py:157} INFO - Started process (PID=2086) to work on /home/airflow/.local/lib/python3.7/site-packages/airflow/example_dags/example_nested_branch_dag.py
[2023-07-23T00:05:31.779+0000] {processor.py:826} INFO - Processing file /home/airflow/.local/lib/python3.7/site-packages/airflow/example_dags/example_nested_branch_dag.py for tasks to queue
[2023-07-23T00:05:31.782+0000] {logging_mixin.py:150} INFO - [2023-07-23T00:05:31.781+0000] {dagbag.py:541} INFO - Filling up the DagBag from /home/airflow/.local/lib/python3.7/site-packages/airflow/example_dags/example_nested_branch_dag.py
[2023-07-23T00:05:31.795+0000] {processor.py:836} INFO - DAG(s) dict_keys(['example_nested_branch_dag']) retrieved from /home/airflow/.local/lib/python3.7/site-packages/airflow/example_dags/example_nested_branch_dag.py
[2023-07-23T00:05:31.840+0000] {logging_mixin.py:150} INFO - [2023-07-23T00:05:31.840+0000] {dag.py:2742} INFO - Sync 1 DAGs
[2023-07-23T00:05:31.875+0000] {logging_mixin.py:150} INFO - [2023-07-23T00:05:31.875+0000] {dag.py:3508} INFO - Setting next_dagrun for example_nested_branch_dag to 2023-07-22T00:00:00+00:00, run_after=2023-07-23T00:00:00+00:00
[2023-07-23T00:05:31.890+0000] {processor.py:179} INFO - Processing /home/airflow/.local/lib/python3.7/site-packages/airflow/example_dags/example_nested_branch_dag.py took 0.135 seconds
[2023-07-23T00:06:02.381+0000] {processor.py:157} INFO - Started process (PID=2149) to work on /home/airflow/.local/lib/python3.7/site-packages/airflow/example_dags/example_nested_branch_dag.py
[2023-07-23T00:06:02.384+0000] {processor.py:826} INFO - Processing file /home/airflow/.local/lib/python3.7/site-packages/airflow/example_dags/example_nested_branch_dag.py for tasks to queue
[2023-07-23T00:06:02.385+0000] {logging_mixin.py:150} INFO - [2023-07-23T00:06:02.385+0000] {dagbag.py:541} INFO - Filling up the DagBag from /home/airflow/.local/lib/python3.7/site-packages/airflow/example_dags/example_nested_branch_dag.py
[2023-07-23T00:06:02.399+0000] {processor.py:836} INFO - DAG(s) dict_keys(['example_nested_branch_dag']) retrieved from /home/airflow/.local/lib/python3.7/site-packages/airflow/example_dags/example_nested_branch_dag.py
[2023-07-23T00:06:02.434+0000] {logging_mixin.py:150} INFO - [2023-07-23T00:06:02.434+0000] {dag.py:2742} INFO - Sync 1 DAGs
[2023-07-23T00:06:02.463+0000] {logging_mixin.py:150} INFO - [2023-07-23T00:06:02.463+0000] {dag.py:3508} INFO - Setting next_dagrun for example_nested_branch_dag to 2023-07-22T00:00:00+00:00, run_after=2023-07-23T00:00:00+00:00
[2023-07-23T00:06:02.477+0000] {processor.py:179} INFO - Processing /home/airflow/.local/lib/python3.7/site-packages/airflow/example_dags/example_nested_branch_dag.py took 0.108 seconds
[2023-07-23T00:06:33.054+0000] {processor.py:157} INFO - Started process (PID=2212) to work on /home/airflow/.local/lib/python3.7/site-packages/airflow/example_dags/example_nested_branch_dag.py
[2023-07-23T00:06:33.058+0000] {processor.py:826} INFO - Processing file /home/airflow/.local/lib/python3.7/site-packages/airflow/example_dags/example_nested_branch_dag.py for tasks to queue
[2023-07-23T00:06:33.062+0000] {logging_mixin.py:150} INFO - [2023-07-23T00:06:33.061+0000] {dagbag.py:541} INFO - Filling up the DagBag from /home/airflow/.local/lib/python3.7/site-packages/airflow/example_dags/example_nested_branch_dag.py
[2023-07-23T00:06:33.082+0000] {processor.py:836} INFO - DAG(s) dict_keys(['example_nested_branch_dag']) retrieved from /home/airflow/.local/lib/python3.7/site-packages/airflow/example_dags/example_nested_branch_dag.py
[2023-07-23T00:06:33.115+0000] {logging_mixin.py:150} INFO - [2023-07-23T00:06:33.114+0000] {dag.py:2742} INFO - Sync 1 DAGs
[2023-07-23T00:06:33.138+0000] {logging_mixin.py:150} INFO - [2023-07-23T00:06:33.138+0000] {dag.py:3508} INFO - Setting next_dagrun for example_nested_branch_dag to 2023-07-22T00:00:00+00:00, run_after=2023-07-23T00:00:00+00:00
[2023-07-23T00:06:33.152+0000] {processor.py:179} INFO - Processing /home/airflow/.local/lib/python3.7/site-packages/airflow/example_dags/example_nested_branch_dag.py took 0.110 seconds
[2023-07-23T00:07:03.484+0000] {processor.py:157} INFO - Started process (PID=2275) to work on /home/airflow/.local/lib/python3.7/site-packages/airflow/example_dags/example_nested_branch_dag.py
[2023-07-23T00:07:03.486+0000] {processor.py:826} INFO - Processing file /home/airflow/.local/lib/python3.7/site-packages/airflow/example_dags/example_nested_branch_dag.py for tasks to queue
[2023-07-23T00:07:03.488+0000] {logging_mixin.py:150} INFO - [2023-07-23T00:07:03.487+0000] {dagbag.py:541} INFO - Filling up the DagBag from /home/airflow/.local/lib/python3.7/site-packages/airflow/example_dags/example_nested_branch_dag.py
[2023-07-23T00:07:03.506+0000] {processor.py:836} INFO - DAG(s) dict_keys(['example_nested_branch_dag']) retrieved from /home/airflow/.local/lib/python3.7/site-packages/airflow/example_dags/example_nested_branch_dag.py
[2023-07-23T00:07:03.546+0000] {logging_mixin.py:150} INFO - [2023-07-23T00:07:03.546+0000] {dag.py:2742} INFO - Sync 1 DAGs
[2023-07-23T00:07:03.564+0000] {logging_mixin.py:150} INFO - [2023-07-23T00:07:03.564+0000] {dag.py:3508} INFO - Setting next_dagrun for example_nested_branch_dag to 2023-07-22T00:00:00+00:00, run_after=2023-07-23T00:00:00+00:00
[2023-07-23T00:07:03.576+0000] {processor.py:179} INFO - Processing /home/airflow/.local/lib/python3.7/site-packages/airflow/example_dags/example_nested_branch_dag.py took 0.098 seconds
[2023-07-23T00:07:33.882+0000] {processor.py:157} INFO - Started process (PID=2338) to work on /home/airflow/.local/lib/python3.7/site-packages/airflow/example_dags/example_nested_branch_dag.py
[2023-07-23T00:07:33.884+0000] {processor.py:826} INFO - Processing file /home/airflow/.local/lib/python3.7/site-packages/airflow/example_dags/example_nested_branch_dag.py for tasks to queue
[2023-07-23T00:07:33.886+0000] {logging_mixin.py:150} INFO - [2023-07-23T00:07:33.886+0000] {dagbag.py:541} INFO - Filling up the DagBag from /home/airflow/.local/lib/python3.7/site-packages/airflow/example_dags/example_nested_branch_dag.py
[2023-07-23T00:07:33.904+0000] {processor.py:836} INFO - DAG(s) dict_keys(['example_nested_branch_dag']) retrieved from /home/airflow/.local/lib/python3.7/site-packages/airflow/example_dags/example_nested_branch_dag.py
[2023-07-23T00:07:33.941+0000] {logging_mixin.py:150} INFO - [2023-07-23T00:07:33.941+0000] {dag.py:2742} INFO - Sync 1 DAGs
[2023-07-23T00:07:33.968+0000] {logging_mixin.py:150} INFO - [2023-07-23T00:07:33.968+0000] {dag.py:3508} INFO - Setting next_dagrun for example_nested_branch_dag to 2023-07-22T00:00:00+00:00, run_after=2023-07-23T00:00:00+00:00
[2023-07-23T00:07:33.984+0000] {processor.py:179} INFO - Processing /home/airflow/.local/lib/python3.7/site-packages/airflow/example_dags/example_nested_branch_dag.py took 0.110 seconds
[2023-07-23T00:08:04.211+0000] {processor.py:157} INFO - Started process (PID=2404) to work on /home/airflow/.local/lib/python3.7/site-packages/airflow/example_dags/example_nested_branch_dag.py
[2023-07-23T00:08:04.214+0000] {processor.py:826} INFO - Processing file /home/airflow/.local/lib/python3.7/site-packages/airflow/example_dags/example_nested_branch_dag.py for tasks to queue
[2023-07-23T00:08:04.216+0000] {logging_mixin.py:150} INFO - [2023-07-23T00:08:04.216+0000] {dagbag.py:541} INFO - Filling up the DagBag from /home/airflow/.local/lib/python3.7/site-packages/airflow/example_dags/example_nested_branch_dag.py
[2023-07-23T00:08:04.232+0000] {processor.py:836} INFO - DAG(s) dict_keys(['example_nested_branch_dag']) retrieved from /home/airflow/.local/lib/python3.7/site-packages/airflow/example_dags/example_nested_branch_dag.py
[2023-07-23T00:08:04.263+0000] {logging_mixin.py:150} INFO - [2023-07-23T00:08:04.263+0000] {dag.py:2742} INFO - Sync 1 DAGs
[2023-07-23T00:08:04.280+0000] {logging_mixin.py:150} INFO - [2023-07-23T00:08:04.280+0000] {dag.py:3508} INFO - Setting next_dagrun for example_nested_branch_dag to 2023-07-22T00:00:00+00:00, run_after=2023-07-23T00:00:00+00:00
[2023-07-23T00:08:04.292+0000] {processor.py:179} INFO - Processing /home/airflow/.local/lib/python3.7/site-packages/airflow/example_dags/example_nested_branch_dag.py took 0.088 seconds
[2023-07-23T00:08:34.772+0000] {processor.py:157} INFO - Started process (PID=2469) to work on /home/airflow/.local/lib/python3.7/site-packages/airflow/example_dags/example_nested_branch_dag.py
[2023-07-23T00:08:34.774+0000] {processor.py:826} INFO - Processing file /home/airflow/.local/lib/python3.7/site-packages/airflow/example_dags/example_nested_branch_dag.py for tasks to queue
[2023-07-23T00:08:34.777+0000] {logging_mixin.py:150} INFO - [2023-07-23T00:08:34.776+0000] {dagbag.py:541} INFO - Filling up the DagBag from /home/airflow/.local/lib/python3.7/site-packages/airflow/example_dags/example_nested_branch_dag.py
[2023-07-23T00:08:34.793+0000] {processor.py:836} INFO - DAG(s) dict_keys(['example_nested_branch_dag']) retrieved from /home/airflow/.local/lib/python3.7/site-packages/airflow/example_dags/example_nested_branch_dag.py
[2023-07-23T00:08:34.819+0000] {logging_mixin.py:150} INFO - [2023-07-23T00:08:34.819+0000] {dag.py:2742} INFO - Sync 1 DAGs
[2023-07-23T00:08:34.836+0000] {logging_mixin.py:150} INFO - [2023-07-23T00:08:34.836+0000] {dag.py:3508} INFO - Setting next_dagrun for example_nested_branch_dag to 2023-07-22T00:00:00+00:00, run_after=2023-07-23T00:00:00+00:00
[2023-07-23T00:08:34.853+0000] {processor.py:179} INFO - Processing /home/airflow/.local/lib/python3.7/site-packages/airflow/example_dags/example_nested_branch_dag.py took 0.087 seconds
[2023-07-23T00:09:05.499+0000] {processor.py:157} INFO - Started process (PID=2532) to work on /home/airflow/.local/lib/python3.7/site-packages/airflow/example_dags/example_nested_branch_dag.py
[2023-07-23T00:09:05.502+0000] {processor.py:826} INFO - Processing file /home/airflow/.local/lib/python3.7/site-packages/airflow/example_dags/example_nested_branch_dag.py for tasks to queue
[2023-07-23T00:09:05.504+0000] {logging_mixin.py:150} INFO - [2023-07-23T00:09:05.503+0000] {dagbag.py:541} INFO - Filling up the DagBag from /home/airflow/.local/lib/python3.7/site-packages/airflow/example_dags/example_nested_branch_dag.py
[2023-07-23T00:09:05.520+0000] {processor.py:836} INFO - DAG(s) dict_keys(['example_nested_branch_dag']) retrieved from /home/airflow/.local/lib/python3.7/site-packages/airflow/example_dags/example_nested_branch_dag.py
[2023-07-23T00:09:05.564+0000] {logging_mixin.py:150} INFO - [2023-07-23T00:09:05.564+0000] {dag.py:2742} INFO - Sync 1 DAGs
[2023-07-23T00:09:05.594+0000] {logging_mixin.py:150} INFO - [2023-07-23T00:09:05.593+0000] {dag.py:3508} INFO - Setting next_dagrun for example_nested_branch_dag to 2023-07-22T00:00:00+00:00, run_after=2023-07-23T00:00:00+00:00
[2023-07-23T00:09:05.613+0000] {processor.py:179} INFO - Processing /home/airflow/.local/lib/python3.7/site-packages/airflow/example_dags/example_nested_branch_dag.py took 0.122 seconds
[2023-07-23T00:09:35.859+0000] {processor.py:157} INFO - Started process (PID=2596) to work on /home/airflow/.local/lib/python3.7/site-packages/airflow/example_dags/example_nested_branch_dag.py
[2023-07-23T00:09:35.863+0000] {processor.py:826} INFO - Processing file /home/airflow/.local/lib/python3.7/site-packages/airflow/example_dags/example_nested_branch_dag.py for tasks to queue
[2023-07-23T00:09:35.865+0000] {logging_mixin.py:150} INFO - [2023-07-23T00:09:35.864+0000] {dagbag.py:541} INFO - Filling up the DagBag from /home/airflow/.local/lib/python3.7/site-packages/airflow/example_dags/example_nested_branch_dag.py
[2023-07-23T00:09:35.897+0000] {processor.py:836} INFO - DAG(s) dict_keys(['example_nested_branch_dag']) retrieved from /home/airflow/.local/lib/python3.7/site-packages/airflow/example_dags/example_nested_branch_dag.py
[2023-07-23T00:09:35.957+0000] {logging_mixin.py:150} INFO - [2023-07-23T00:09:35.957+0000] {dag.py:2742} INFO - Sync 1 DAGs
[2023-07-23T00:09:35.984+0000] {logging_mixin.py:150} INFO - [2023-07-23T00:09:35.984+0000] {dag.py:3508} INFO - Setting next_dagrun for example_nested_branch_dag to 2023-07-22T00:00:00+00:00, run_after=2023-07-23T00:00:00+00:00
[2023-07-23T00:09:36.000+0000] {processor.py:179} INFO - Processing /home/airflow/.local/lib/python3.7/site-packages/airflow/example_dags/example_nested_branch_dag.py took 0.152 seconds
[2023-07-23T00:10:07.036+0000] {processor.py:157} INFO - Started process (PID=2660) to work on /home/airflow/.local/lib/python3.7/site-packages/airflow/example_dags/example_nested_branch_dag.py
[2023-07-23T00:10:07.038+0000] {processor.py:826} INFO - Processing file /home/airflow/.local/lib/python3.7/site-packages/airflow/example_dags/example_nested_branch_dag.py for tasks to queue
[2023-07-23T00:10:07.039+0000] {logging_mixin.py:150} INFO - [2023-07-23T00:10:07.039+0000] {dagbag.py:541} INFO - Filling up the DagBag from /home/airflow/.local/lib/python3.7/site-packages/airflow/example_dags/example_nested_branch_dag.py
[2023-07-23T00:10:07.051+0000] {processor.py:836} INFO - DAG(s) dict_keys(['example_nested_branch_dag']) retrieved from /home/airflow/.local/lib/python3.7/site-packages/airflow/example_dags/example_nested_branch_dag.py
[2023-07-23T00:10:07.077+0000] {logging_mixin.py:150} INFO - [2023-07-23T00:10:07.077+0000] {dag.py:2742} INFO - Sync 1 DAGs
[2023-07-23T00:10:07.147+0000] {logging_mixin.py:150} INFO - [2023-07-23T00:10:07.146+0000] {dag.py:3508} INFO - Setting next_dagrun for example_nested_branch_dag to 2023-07-22T00:00:00+00:00, run_after=2023-07-23T00:00:00+00:00
[2023-07-23T00:10:07.188+0000] {processor.py:179} INFO - Processing /home/airflow/.local/lib/python3.7/site-packages/airflow/example_dags/example_nested_branch_dag.py took 0.158 seconds
[2023-07-23T00:10:37.480+0000] {processor.py:157} INFO - Started process (PID=2723) to work on /home/airflow/.local/lib/python3.7/site-packages/airflow/example_dags/example_nested_branch_dag.py
[2023-07-23T00:10:37.484+0000] {processor.py:826} INFO - Processing file /home/airflow/.local/lib/python3.7/site-packages/airflow/example_dags/example_nested_branch_dag.py for tasks to queue
[2023-07-23T00:10:37.487+0000] {logging_mixin.py:150} INFO - [2023-07-23T00:10:37.486+0000] {dagbag.py:541} INFO - Filling up the DagBag from /home/airflow/.local/lib/python3.7/site-packages/airflow/example_dags/example_nested_branch_dag.py
[2023-07-23T00:10:37.531+0000] {processor.py:836} INFO - DAG(s) dict_keys(['example_nested_branch_dag']) retrieved from /home/airflow/.local/lib/python3.7/site-packages/airflow/example_dags/example_nested_branch_dag.py
[2023-07-23T00:10:37.575+0000] {logging_mixin.py:150} INFO - [2023-07-23T00:10:37.575+0000] {dag.py:2742} INFO - Sync 1 DAGs
[2023-07-23T00:10:37.603+0000] {logging_mixin.py:150} INFO - [2023-07-23T00:10:37.603+0000] {dag.py:3508} INFO - Setting next_dagrun for example_nested_branch_dag to 2023-07-22T00:00:00+00:00, run_after=2023-07-23T00:00:00+00:00
[2023-07-23T00:10:37.621+0000] {processor.py:179} INFO - Processing /home/airflow/.local/lib/python3.7/site-packages/airflow/example_dags/example_nested_branch_dag.py took 0.158 seconds
[2023-07-23T00:11:07.671+0000] {processor.py:157} INFO - Started process (PID=2786) to work on /home/airflow/.local/lib/python3.7/site-packages/airflow/example_dags/example_nested_branch_dag.py
[2023-07-23T00:11:07.672+0000] {processor.py:826} INFO - Processing file /home/airflow/.local/lib/python3.7/site-packages/airflow/example_dags/example_nested_branch_dag.py for tasks to queue
[2023-07-23T00:11:07.674+0000] {logging_mixin.py:150} INFO - [2023-07-23T00:11:07.673+0000] {dagbag.py:541} INFO - Filling up the DagBag from /home/airflow/.local/lib/python3.7/site-packages/airflow/example_dags/example_nested_branch_dag.py
[2023-07-23T00:11:07.685+0000] {processor.py:836} INFO - DAG(s) dict_keys(['example_nested_branch_dag']) retrieved from /home/airflow/.local/lib/python3.7/site-packages/airflow/example_dags/example_nested_branch_dag.py
[2023-07-23T00:11:07.709+0000] {logging_mixin.py:150} INFO - [2023-07-23T00:11:07.709+0000] {dag.py:2742} INFO - Sync 1 DAGs
[2023-07-23T00:11:07.728+0000] {logging_mixin.py:150} INFO - [2023-07-23T00:11:07.728+0000] {dag.py:3508} INFO - Setting next_dagrun for example_nested_branch_dag to 2023-07-22T00:00:00+00:00, run_after=2023-07-23T00:00:00+00:00
[2023-07-23T00:11:07.740+0000] {processor.py:179} INFO - Processing /home/airflow/.local/lib/python3.7/site-packages/airflow/example_dags/example_nested_branch_dag.py took 0.073 seconds
[2023-07-23T00:11:38.411+0000] {processor.py:157} INFO - Started process (PID=2845) to work on /home/airflow/.local/lib/python3.7/site-packages/airflow/example_dags/example_nested_branch_dag.py
[2023-07-23T00:11:38.413+0000] {processor.py:826} INFO - Processing file /home/airflow/.local/lib/python3.7/site-packages/airflow/example_dags/example_nested_branch_dag.py for tasks to queue
[2023-07-23T00:11:38.414+0000] {logging_mixin.py:150} INFO - [2023-07-23T00:11:38.414+0000] {dagbag.py:541} INFO - Filling up the DagBag from /home/airflow/.local/lib/python3.7/site-packages/airflow/example_dags/example_nested_branch_dag.py
[2023-07-23T00:11:38.425+0000] {processor.py:836} INFO - DAG(s) dict_keys(['example_nested_branch_dag']) retrieved from /home/airflow/.local/lib/python3.7/site-packages/airflow/example_dags/example_nested_branch_dag.py
[2023-07-23T00:11:38.460+0000] {logging_mixin.py:150} INFO - [2023-07-23T00:11:38.458+0000] {dag.py:2742} INFO - Sync 1 DAGs
[2023-07-23T00:11:38.484+0000] {logging_mixin.py:150} INFO - [2023-07-23T00:11:38.484+0000] {dag.py:3508} INFO - Setting next_dagrun for example_nested_branch_dag to 2023-07-22T00:00:00+00:00, run_after=2023-07-23T00:00:00+00:00
[2023-07-23T00:11:38.515+0000] {processor.py:179} INFO - Processing /home/airflow/.local/lib/python3.7/site-packages/airflow/example_dags/example_nested_branch_dag.py took 0.108 seconds
[2023-07-23T00:12:08.578+0000] {processor.py:157} INFO - Started process (PID=2906) to work on /home/airflow/.local/lib/python3.7/site-packages/airflow/example_dags/example_nested_branch_dag.py
[2023-07-23T00:12:08.580+0000] {processor.py:826} INFO - Processing file /home/airflow/.local/lib/python3.7/site-packages/airflow/example_dags/example_nested_branch_dag.py for tasks to queue
[2023-07-23T00:12:08.581+0000] {logging_mixin.py:150} INFO - [2023-07-23T00:12:08.581+0000] {dagbag.py:541} INFO - Filling up the DagBag from /home/airflow/.local/lib/python3.7/site-packages/airflow/example_dags/example_nested_branch_dag.py
[2023-07-23T00:12:08.594+0000] {processor.py:836} INFO - DAG(s) dict_keys(['example_nested_branch_dag']) retrieved from /home/airflow/.local/lib/python3.7/site-packages/airflow/example_dags/example_nested_branch_dag.py
[2023-07-23T00:12:08.619+0000] {logging_mixin.py:150} INFO - [2023-07-23T00:12:08.618+0000] {dag.py:2742} INFO - Sync 1 DAGs
[2023-07-23T00:12:08.634+0000] {logging_mixin.py:150} INFO - [2023-07-23T00:12:08.634+0000] {dag.py:3508} INFO - Setting next_dagrun for example_nested_branch_dag to 2023-07-22T00:00:00+00:00, run_after=2023-07-23T00:00:00+00:00
[2023-07-23T00:12:08.644+0000] {processor.py:179} INFO - Processing /home/airflow/.local/lib/python3.7/site-packages/airflow/example_dags/example_nested_branch_dag.py took 0.072 seconds
[2023-07-23T00:12:39.223+0000] {processor.py:157} INFO - Started process (PID=2977) to work on /home/airflow/.local/lib/python3.7/site-packages/airflow/example_dags/example_nested_branch_dag.py
[2023-07-23T00:12:39.225+0000] {processor.py:826} INFO - Processing file /home/airflow/.local/lib/python3.7/site-packages/airflow/example_dags/example_nested_branch_dag.py for tasks to queue
[2023-07-23T00:12:39.227+0000] {logging_mixin.py:150} INFO - [2023-07-23T00:12:39.227+0000] {dagbag.py:541} INFO - Filling up the DagBag from /home/airflow/.local/lib/python3.7/site-packages/airflow/example_dags/example_nested_branch_dag.py
[2023-07-23T00:12:39.273+0000] {processor.py:836} INFO - DAG(s) dict_keys(['example_nested_branch_dag']) retrieved from /home/airflow/.local/lib/python3.7/site-packages/airflow/example_dags/example_nested_branch_dag.py
[2023-07-23T00:12:39.452+0000] {logging_mixin.py:150} INFO - [2023-07-23T00:12:39.452+0000] {dag.py:2742} INFO - Sync 1 DAGs
[2023-07-23T00:12:39.493+0000] {logging_mixin.py:150} INFO - [2023-07-23T00:12:39.493+0000] {dag.py:3508} INFO - Setting next_dagrun for example_nested_branch_dag to 2023-07-22T00:00:00+00:00, run_after=2023-07-23T00:00:00+00:00
[2023-07-23T00:12:39.512+0000] {processor.py:179} INFO - Processing /home/airflow/.local/lib/python3.7/site-packages/airflow/example_dags/example_nested_branch_dag.py took 0.293 seconds
[2023-07-23T00:13:09.600+0000] {processor.py:157} INFO - Started process (PID=3040) to work on /home/airflow/.local/lib/python3.7/site-packages/airflow/example_dags/example_nested_branch_dag.py
[2023-07-23T00:13:09.603+0000] {processor.py:826} INFO - Processing file /home/airflow/.local/lib/python3.7/site-packages/airflow/example_dags/example_nested_branch_dag.py for tasks to queue
[2023-07-23T00:13:09.605+0000] {logging_mixin.py:150} INFO - [2023-07-23T00:13:09.604+0000] {dagbag.py:541} INFO - Filling up the DagBag from /home/airflow/.local/lib/python3.7/site-packages/airflow/example_dags/example_nested_branch_dag.py
[2023-07-23T00:13:09.625+0000] {processor.py:836} INFO - DAG(s) dict_keys(['example_nested_branch_dag']) retrieved from /home/airflow/.local/lib/python3.7/site-packages/airflow/example_dags/example_nested_branch_dag.py
[2023-07-23T00:13:09.664+0000] {logging_mixin.py:150} INFO - [2023-07-23T00:13:09.664+0000] {dag.py:2742} INFO - Sync 1 DAGs
[2023-07-23T00:13:09.688+0000] {logging_mixin.py:150} INFO - [2023-07-23T00:13:09.687+0000] {dag.py:3508} INFO - Setting next_dagrun for example_nested_branch_dag to 2023-07-22T00:00:00+00:00, run_after=2023-07-23T00:00:00+00:00
[2023-07-23T00:13:09.702+0000] {processor.py:179} INFO - Processing /home/airflow/.local/lib/python3.7/site-packages/airflow/example_dags/example_nested_branch_dag.py took 0.110 seconds
[2023-07-23T00:13:39.976+0000] {processor.py:157} INFO - Started process (PID=3105) to work on /home/airflow/.local/lib/python3.7/site-packages/airflow/example_dags/example_nested_branch_dag.py
[2023-07-23T00:13:39.979+0000] {processor.py:826} INFO - Processing file /home/airflow/.local/lib/python3.7/site-packages/airflow/example_dags/example_nested_branch_dag.py for tasks to queue
[2023-07-23T00:13:39.981+0000] {logging_mixin.py:150} INFO - [2023-07-23T00:13:39.980+0000] {dagbag.py:541} INFO - Filling up the DagBag from /home/airflow/.local/lib/python3.7/site-packages/airflow/example_dags/example_nested_branch_dag.py
[2023-07-23T00:13:39.998+0000] {processor.py:836} INFO - DAG(s) dict_keys(['example_nested_branch_dag']) retrieved from /home/airflow/.local/lib/python3.7/site-packages/airflow/example_dags/example_nested_branch_dag.py
[2023-07-23T00:13:40.049+0000] {logging_mixin.py:150} INFO - [2023-07-23T00:13:40.049+0000] {dag.py:2742} INFO - Sync 1 DAGs
[2023-07-23T00:13:40.076+0000] {logging_mixin.py:150} INFO - [2023-07-23T00:13:40.075+0000] {dag.py:3508} INFO - Setting next_dagrun for example_nested_branch_dag to 2023-07-22T00:00:00+00:00, run_after=2023-07-23T00:00:00+00:00
[2023-07-23T00:13:40.090+0000] {processor.py:179} INFO - Processing /home/airflow/.local/lib/python3.7/site-packages/airflow/example_dags/example_nested_branch_dag.py took 0.121 seconds
[2023-07-23T00:14:10.174+0000] {processor.py:157} INFO - Started process (PID=3169) to work on /home/airflow/.local/lib/python3.7/site-packages/airflow/example_dags/example_nested_branch_dag.py
[2023-07-23T00:14:10.178+0000] {processor.py:826} INFO - Processing file /home/airflow/.local/lib/python3.7/site-packages/airflow/example_dags/example_nested_branch_dag.py for tasks to queue
[2023-07-23T00:14:10.186+0000] {logging_mixin.py:150} INFO - [2023-07-23T00:14:10.185+0000] {dagbag.py:541} INFO - Filling up the DagBag from /home/airflow/.local/lib/python3.7/site-packages/airflow/example_dags/example_nested_branch_dag.py
[2023-07-23T00:14:10.223+0000] {processor.py:836} INFO - DAG(s) dict_keys(['example_nested_branch_dag']) retrieved from /home/airflow/.local/lib/python3.7/site-packages/airflow/example_dags/example_nested_branch_dag.py
[2023-07-23T00:14:10.260+0000] {logging_mixin.py:150} INFO - [2023-07-23T00:14:10.260+0000] {dag.py:2742} INFO - Sync 1 DAGs
[2023-07-23T00:14:10.312+0000] {logging_mixin.py:150} INFO - [2023-07-23T00:14:10.312+0000] {dag.py:3508} INFO - Setting next_dagrun for example_nested_branch_dag to 2023-07-22T00:00:00+00:00, run_after=2023-07-23T00:00:00+00:00
[2023-07-23T00:14:10.336+0000] {processor.py:179} INFO - Processing /home/airflow/.local/lib/python3.7/site-packages/airflow/example_dags/example_nested_branch_dag.py took 0.169 seconds
[2023-07-23T00:14:41.159+0000] {processor.py:157} INFO - Started process (PID=3231) to work on /home/airflow/.local/lib/python3.7/site-packages/airflow/example_dags/example_nested_branch_dag.py
[2023-07-23T00:14:41.161+0000] {processor.py:826} INFO - Processing file /home/airflow/.local/lib/python3.7/site-packages/airflow/example_dags/example_nested_branch_dag.py for tasks to queue
[2023-07-23T00:14:41.162+0000] {logging_mixin.py:150} INFO - [2023-07-23T00:14:41.162+0000] {dagbag.py:541} INFO - Filling up the DagBag from /home/airflow/.local/lib/python3.7/site-packages/airflow/example_dags/example_nested_branch_dag.py
[2023-07-23T00:14:41.175+0000] {processor.py:836} INFO - DAG(s) dict_keys(['example_nested_branch_dag']) retrieved from /home/airflow/.local/lib/python3.7/site-packages/airflow/example_dags/example_nested_branch_dag.py
[2023-07-23T00:14:41.203+0000] {logging_mixin.py:150} INFO - [2023-07-23T00:14:41.203+0000] {dag.py:2742} INFO - Sync 1 DAGs
[2023-07-23T00:14:41.223+0000] {logging_mixin.py:150} INFO - [2023-07-23T00:14:41.223+0000] {dag.py:3508} INFO - Setting next_dagrun for example_nested_branch_dag to 2023-07-22T00:00:00+00:00, run_after=2023-07-23T00:00:00+00:00
[2023-07-23T00:14:41.242+0000] {processor.py:179} INFO - Processing /home/airflow/.local/lib/python3.7/site-packages/airflow/example_dags/example_nested_branch_dag.py took 0.086 seconds
[2023-07-23T00:15:12.135+0000] {processor.py:157} INFO - Started process (PID=3294) to work on /home/airflow/.local/lib/python3.7/site-packages/airflow/example_dags/example_nested_branch_dag.py
[2023-07-23T00:15:12.137+0000] {processor.py:826} INFO - Processing file /home/airflow/.local/lib/python3.7/site-packages/airflow/example_dags/example_nested_branch_dag.py for tasks to queue
[2023-07-23T00:15:12.138+0000] {logging_mixin.py:150} INFO - [2023-07-23T00:15:12.138+0000] {dagbag.py:541} INFO - Filling up the DagBag from /home/airflow/.local/lib/python3.7/site-packages/airflow/example_dags/example_nested_branch_dag.py
[2023-07-23T00:15:12.161+0000] {processor.py:836} INFO - DAG(s) dict_keys(['example_nested_branch_dag']) retrieved from /home/airflow/.local/lib/python3.7/site-packages/airflow/example_dags/example_nested_branch_dag.py
[2023-07-23T00:15:12.199+0000] {logging_mixin.py:150} INFO - [2023-07-23T00:15:12.199+0000] {dag.py:2742} INFO - Sync 1 DAGs
[2023-07-23T00:15:12.278+0000] {logging_mixin.py:150} INFO - [2023-07-23T00:15:12.278+0000] {dag.py:3508} INFO - Setting next_dagrun for example_nested_branch_dag to 2023-07-22T00:00:00+00:00, run_after=2023-07-23T00:00:00+00:00
[2023-07-23T00:15:12.295+0000] {processor.py:179} INFO - Processing /home/airflow/.local/lib/python3.7/site-packages/airflow/example_dags/example_nested_branch_dag.py took 0.165 seconds
[2023-07-23T00:15:43.418+0000] {processor.py:157} INFO - Started process (PID=3357) to work on /home/airflow/.local/lib/python3.7/site-packages/airflow/example_dags/example_nested_branch_dag.py
[2023-07-23T00:15:43.427+0000] {processor.py:826} INFO - Processing file /home/airflow/.local/lib/python3.7/site-packages/airflow/example_dags/example_nested_branch_dag.py for tasks to queue
[2023-07-23T00:15:43.432+0000] {logging_mixin.py:150} INFO - [2023-07-23T00:15:43.431+0000] {dagbag.py:541} INFO - Filling up the DagBag from /home/airflow/.local/lib/python3.7/site-packages/airflow/example_dags/example_nested_branch_dag.py
[2023-07-23T00:15:43.462+0000] {processor.py:836} INFO - DAG(s) dict_keys(['example_nested_branch_dag']) retrieved from /home/airflow/.local/lib/python3.7/site-packages/airflow/example_dags/example_nested_branch_dag.py
[2023-07-23T00:15:43.506+0000] {logging_mixin.py:150} INFO - [2023-07-23T00:15:43.506+0000] {dag.py:2742} INFO - Sync 1 DAGs
[2023-07-23T00:15:43.551+0000] {logging_mixin.py:150} INFO - [2023-07-23T00:15:43.551+0000] {dag.py:3508} INFO - Setting next_dagrun for example_nested_branch_dag to 2023-07-22T00:00:00+00:00, run_after=2023-07-23T00:00:00+00:00
[2023-07-23T00:15:43.578+0000] {processor.py:179} INFO - Processing /home/airflow/.local/lib/python3.7/site-packages/airflow/example_dags/example_nested_branch_dag.py took 0.208 seconds
[2023-07-23T00:16:14.150+0000] {processor.py:157} INFO - Started process (PID=3422) to work on /home/airflow/.local/lib/python3.7/site-packages/airflow/example_dags/example_nested_branch_dag.py
[2023-07-23T00:16:14.151+0000] {processor.py:826} INFO - Processing file /home/airflow/.local/lib/python3.7/site-packages/airflow/example_dags/example_nested_branch_dag.py for tasks to queue
[2023-07-23T00:16:14.153+0000] {logging_mixin.py:150} INFO - [2023-07-23T00:16:14.153+0000] {dagbag.py:541} INFO - Filling up the DagBag from /home/airflow/.local/lib/python3.7/site-packages/airflow/example_dags/example_nested_branch_dag.py
[2023-07-23T00:16:14.168+0000] {processor.py:836} INFO - DAG(s) dict_keys(['example_nested_branch_dag']) retrieved from /home/airflow/.local/lib/python3.7/site-packages/airflow/example_dags/example_nested_branch_dag.py
[2023-07-23T00:16:14.193+0000] {logging_mixin.py:150} INFO - [2023-07-23T00:16:14.193+0000] {dag.py:2742} INFO - Sync 1 DAGs
[2023-07-23T00:16:14.212+0000] {logging_mixin.py:150} INFO - [2023-07-23T00:16:14.212+0000] {dag.py:3508} INFO - Setting next_dagrun for example_nested_branch_dag to 2023-07-22T00:00:00+00:00, run_after=2023-07-23T00:00:00+00:00
[2023-07-23T00:16:14.224+0000] {processor.py:179} INFO - Processing /home/airflow/.local/lib/python3.7/site-packages/airflow/example_dags/example_nested_branch_dag.py took 0.080 seconds
[2023-07-23T00:16:44.784+0000] {processor.py:157} INFO - Started process (PID=3486) to work on /home/airflow/.local/lib/python3.7/site-packages/airflow/example_dags/example_nested_branch_dag.py
[2023-07-23T00:16:44.786+0000] {processor.py:826} INFO - Processing file /home/airflow/.local/lib/python3.7/site-packages/airflow/example_dags/example_nested_branch_dag.py for tasks to queue
[2023-07-23T00:16:44.788+0000] {logging_mixin.py:150} INFO - [2023-07-23T00:16:44.787+0000] {dagbag.py:541} INFO - Filling up the DagBag from /home/airflow/.local/lib/python3.7/site-packages/airflow/example_dags/example_nested_branch_dag.py
[2023-07-23T00:16:44.801+0000] {processor.py:836} INFO - DAG(s) dict_keys(['example_nested_branch_dag']) retrieved from /home/airflow/.local/lib/python3.7/site-packages/airflow/example_dags/example_nested_branch_dag.py
[2023-07-23T00:16:44.828+0000] {logging_mixin.py:150} INFO - [2023-07-23T00:16:44.828+0000] {dag.py:2742} INFO - Sync 1 DAGs
[2023-07-23T00:16:44.847+0000] {logging_mixin.py:150} INFO - [2023-07-23T00:16:44.847+0000] {dag.py:3508} INFO - Setting next_dagrun for example_nested_branch_dag to 2023-07-22T00:00:00+00:00, run_after=2023-07-23T00:00:00+00:00
[2023-07-23T00:16:44.859+0000] {processor.py:179} INFO - Processing /home/airflow/.local/lib/python3.7/site-packages/airflow/example_dags/example_nested_branch_dag.py took 0.082 seconds
[2023-07-23T00:17:15.276+0000] {processor.py:157} INFO - Started process (PID=3549) to work on /home/airflow/.local/lib/python3.7/site-packages/airflow/example_dags/example_nested_branch_dag.py
[2023-07-23T00:17:15.280+0000] {processor.py:826} INFO - Processing file /home/airflow/.local/lib/python3.7/site-packages/airflow/example_dags/example_nested_branch_dag.py for tasks to queue
[2023-07-23T00:17:15.282+0000] {logging_mixin.py:150} INFO - [2023-07-23T00:17:15.281+0000] {dagbag.py:541} INFO - Filling up the DagBag from /home/airflow/.local/lib/python3.7/site-packages/airflow/example_dags/example_nested_branch_dag.py
[2023-07-23T00:17:15.316+0000] {processor.py:836} INFO - DAG(s) dict_keys(['example_nested_branch_dag']) retrieved from /home/airflow/.local/lib/python3.7/site-packages/airflow/example_dags/example_nested_branch_dag.py
[2023-07-23T00:17:15.409+0000] {logging_mixin.py:150} INFO - [2023-07-23T00:17:15.407+0000] {dag.py:2742} INFO - Sync 1 DAGs
[2023-07-23T00:17:15.461+0000] {logging_mixin.py:150} INFO - [2023-07-23T00:17:15.461+0000] {dag.py:3508} INFO - Setting next_dagrun for example_nested_branch_dag to 2023-07-22T00:00:00+00:00, run_after=2023-07-23T00:00:00+00:00
[2023-07-23T00:17:15.496+0000] {processor.py:179} INFO - Processing /home/airflow/.local/lib/python3.7/site-packages/airflow/example_dags/example_nested_branch_dag.py took 0.242 seconds
[2023-07-23T00:17:46.490+0000] {processor.py:157} INFO - Started process (PID=3612) to work on /home/airflow/.local/lib/python3.7/site-packages/airflow/example_dags/example_nested_branch_dag.py
[2023-07-23T00:17:46.494+0000] {processor.py:826} INFO - Processing file /home/airflow/.local/lib/python3.7/site-packages/airflow/example_dags/example_nested_branch_dag.py for tasks to queue
[2023-07-23T00:17:46.497+0000] {logging_mixin.py:150} INFO - [2023-07-23T00:17:46.496+0000] {dagbag.py:541} INFO - Filling up the DagBag from /home/airflow/.local/lib/python3.7/site-packages/airflow/example_dags/example_nested_branch_dag.py
[2023-07-23T00:17:46.513+0000] {processor.py:836} INFO - DAG(s) dict_keys(['example_nested_branch_dag']) retrieved from /home/airflow/.local/lib/python3.7/site-packages/airflow/example_dags/example_nested_branch_dag.py
[2023-07-23T00:17:46.558+0000] {logging_mixin.py:150} INFO - [2023-07-23T00:17:46.557+0000] {dag.py:2742} INFO - Sync 1 DAGs
[2023-07-23T00:17:46.581+0000] {logging_mixin.py:150} INFO - [2023-07-23T00:17:46.581+0000] {dag.py:3508} INFO - Setting next_dagrun for example_nested_branch_dag to 2023-07-22T00:00:00+00:00, run_after=2023-07-23T00:00:00+00:00
[2023-07-23T00:17:46.597+0000] {processor.py:179} INFO - Processing /home/airflow/.local/lib/python3.7/site-packages/airflow/example_dags/example_nested_branch_dag.py took 0.124 seconds
[2023-07-23T00:18:16.995+0000] {processor.py:157} INFO - Started process (PID=3675) to work on /home/airflow/.local/lib/python3.7/site-packages/airflow/example_dags/example_nested_branch_dag.py
[2023-07-23T00:18:16.998+0000] {processor.py:826} INFO - Processing file /home/airflow/.local/lib/python3.7/site-packages/airflow/example_dags/example_nested_branch_dag.py for tasks to queue
[2023-07-23T00:18:17.001+0000] {logging_mixin.py:150} INFO - [2023-07-23T00:18:17.000+0000] {dagbag.py:541} INFO - Filling up the DagBag from /home/airflow/.local/lib/python3.7/site-packages/airflow/example_dags/example_nested_branch_dag.py
[2023-07-23T00:18:17.037+0000] {processor.py:836} INFO - DAG(s) dict_keys(['example_nested_branch_dag']) retrieved from /home/airflow/.local/lib/python3.7/site-packages/airflow/example_dags/example_nested_branch_dag.py
[2023-07-23T00:18:17.087+0000] {logging_mixin.py:150} INFO - [2023-07-23T00:18:17.086+0000] {dag.py:2742} INFO - Sync 1 DAGs
[2023-07-23T00:18:17.126+0000] {logging_mixin.py:150} INFO - [2023-07-23T00:18:17.126+0000] {dag.py:3508} INFO - Setting next_dagrun for example_nested_branch_dag to 2023-07-22T00:00:00+00:00, run_after=2023-07-23T00:00:00+00:00
[2023-07-23T00:18:17.144+0000] {processor.py:179} INFO - Processing /home/airflow/.local/lib/python3.7/site-packages/airflow/example_dags/example_nested_branch_dag.py took 0.163 seconds
[2023-07-23T00:18:47.880+0000] {processor.py:157} INFO - Started process (PID=3737) to work on /home/airflow/.local/lib/python3.7/site-packages/airflow/example_dags/example_nested_branch_dag.py
[2023-07-23T00:18:47.886+0000] {processor.py:826} INFO - Processing file /home/airflow/.local/lib/python3.7/site-packages/airflow/example_dags/example_nested_branch_dag.py for tasks to queue
[2023-07-23T00:18:47.890+0000] {logging_mixin.py:150} INFO - [2023-07-23T00:18:47.888+0000] {dagbag.py:541} INFO - Filling up the DagBag from /home/airflow/.local/lib/python3.7/site-packages/airflow/example_dags/example_nested_branch_dag.py
[2023-07-23T00:18:47.917+0000] {processor.py:836} INFO - DAG(s) dict_keys(['example_nested_branch_dag']) retrieved from /home/airflow/.local/lib/python3.7/site-packages/airflow/example_dags/example_nested_branch_dag.py
[2023-07-23T00:18:47.980+0000] {logging_mixin.py:150} INFO - [2023-07-23T00:18:47.980+0000] {dag.py:2742} INFO - Sync 1 DAGs
[2023-07-23T00:18:48.023+0000] {logging_mixin.py:150} INFO - [2023-07-23T00:18:48.023+0000] {dag.py:3508} INFO - Setting next_dagrun for example_nested_branch_dag to 2023-07-22T00:00:00+00:00, run_after=2023-07-23T00:00:00+00:00
[2023-07-23T00:18:48.040+0000] {processor.py:179} INFO - Processing /home/airflow/.local/lib/python3.7/site-packages/airflow/example_dags/example_nested_branch_dag.py took 0.166 seconds
[2023-07-23T00:19:19.099+0000] {processor.py:157} INFO - Started process (PID=3801) to work on /home/airflow/.local/lib/python3.7/site-packages/airflow/example_dags/example_nested_branch_dag.py
[2023-07-23T00:19:19.101+0000] {processor.py:826} INFO - Processing file /home/airflow/.local/lib/python3.7/site-packages/airflow/example_dags/example_nested_branch_dag.py for tasks to queue
[2023-07-23T00:19:19.103+0000] {logging_mixin.py:150} INFO - [2023-07-23T00:19:19.103+0000] {dagbag.py:541} INFO - Filling up the DagBag from /home/airflow/.local/lib/python3.7/site-packages/airflow/example_dags/example_nested_branch_dag.py
[2023-07-23T00:19:19.143+0000] {processor.py:836} INFO - DAG(s) dict_keys(['example_nested_branch_dag']) retrieved from /home/airflow/.local/lib/python3.7/site-packages/airflow/example_dags/example_nested_branch_dag.py
[2023-07-23T00:19:19.218+0000] {logging_mixin.py:150} INFO - [2023-07-23T00:19:19.218+0000] {dag.py:2742} INFO - Sync 1 DAGs
[2023-07-23T00:19:19.286+0000] {logging_mixin.py:150} INFO - [2023-07-23T00:19:19.286+0000] {dag.py:3508} INFO - Setting next_dagrun for example_nested_branch_dag to 2023-07-22T00:00:00+00:00, run_after=2023-07-23T00:00:00+00:00
[2023-07-23T00:19:19.342+0000] {processor.py:179} INFO - Processing /home/airflow/.local/lib/python3.7/site-packages/airflow/example_dags/example_nested_branch_dag.py took 0.252 seconds
[2023-07-23T00:19:50.015+0000] {processor.py:157} INFO - Started process (PID=3864) to work on /home/airflow/.local/lib/python3.7/site-packages/airflow/example_dags/example_nested_branch_dag.py
[2023-07-23T00:19:50.019+0000] {processor.py:826} INFO - Processing file /home/airflow/.local/lib/python3.7/site-packages/airflow/example_dags/example_nested_branch_dag.py for tasks to queue
[2023-07-23T00:19:50.022+0000] {logging_mixin.py:150} INFO - [2023-07-23T00:19:50.021+0000] {dagbag.py:541} INFO - Filling up the DagBag from /home/airflow/.local/lib/python3.7/site-packages/airflow/example_dags/example_nested_branch_dag.py
[2023-07-23T00:19:50.038+0000] {processor.py:836} INFO - DAG(s) dict_keys(['example_nested_branch_dag']) retrieved from /home/airflow/.local/lib/python3.7/site-packages/airflow/example_dags/example_nested_branch_dag.py
[2023-07-23T00:19:50.087+0000] {logging_mixin.py:150} INFO - [2023-07-23T00:19:50.086+0000] {dag.py:2742} INFO - Sync 1 DAGs
[2023-07-23T00:19:50.112+0000] {logging_mixin.py:150} INFO - [2023-07-23T00:19:50.112+0000] {dag.py:3508} INFO - Setting next_dagrun for example_nested_branch_dag to 2023-07-22T00:00:00+00:00, run_after=2023-07-23T00:00:00+00:00
[2023-07-23T00:19:50.129+0000] {processor.py:179} INFO - Processing /home/airflow/.local/lib/python3.7/site-packages/airflow/example_dags/example_nested_branch_dag.py took 0.124 seconds
[2023-07-23T00:20:20.657+0000] {processor.py:157} INFO - Started process (PID=3927) to work on /home/airflow/.local/lib/python3.7/site-packages/airflow/example_dags/example_nested_branch_dag.py
[2023-07-23T00:20:20.661+0000] {processor.py:826} INFO - Processing file /home/airflow/.local/lib/python3.7/site-packages/airflow/example_dags/example_nested_branch_dag.py for tasks to queue
[2023-07-23T00:20:20.663+0000] {logging_mixin.py:150} INFO - [2023-07-23T00:20:20.663+0000] {dagbag.py:541} INFO - Filling up the DagBag from /home/airflow/.local/lib/python3.7/site-packages/airflow/example_dags/example_nested_branch_dag.py
[2023-07-23T00:20:20.684+0000] {processor.py:836} INFO - DAG(s) dict_keys(['example_nested_branch_dag']) retrieved from /home/airflow/.local/lib/python3.7/site-packages/airflow/example_dags/example_nested_branch_dag.py
[2023-07-23T00:20:20.713+0000] {logging_mixin.py:150} INFO - [2023-07-23T00:20:20.713+0000] {dag.py:2742} INFO - Sync 1 DAGs
[2023-07-23T00:20:20.732+0000] {logging_mixin.py:150} INFO - [2023-07-23T00:20:20.732+0000] {dag.py:3508} INFO - Setting next_dagrun for example_nested_branch_dag to 2023-07-22T00:00:00+00:00, run_after=2023-07-23T00:00:00+00:00
[2023-07-23T00:20:20.744+0000] {processor.py:179} INFO - Processing /home/airflow/.local/lib/python3.7/site-packages/airflow/example_dags/example_nested_branch_dag.py took 0.096 seconds
[2023-07-23T00:20:51.164+0000] {processor.py:157} INFO - Started process (PID=3990) to work on /home/airflow/.local/lib/python3.7/site-packages/airflow/example_dags/example_nested_branch_dag.py
[2023-07-23T00:20:51.166+0000] {processor.py:826} INFO - Processing file /home/airflow/.local/lib/python3.7/site-packages/airflow/example_dags/example_nested_branch_dag.py for tasks to queue
[2023-07-23T00:20:51.168+0000] {logging_mixin.py:150} INFO - [2023-07-23T00:20:51.168+0000] {dagbag.py:541} INFO - Filling up the DagBag from /home/airflow/.local/lib/python3.7/site-packages/airflow/example_dags/example_nested_branch_dag.py
[2023-07-23T00:20:51.181+0000] {processor.py:836} INFO - DAG(s) dict_keys(['example_nested_branch_dag']) retrieved from /home/airflow/.local/lib/python3.7/site-packages/airflow/example_dags/example_nested_branch_dag.py
[2023-07-23T00:20:51.206+0000] {logging_mixin.py:150} INFO - [2023-07-23T00:20:51.206+0000] {dag.py:2742} INFO - Sync 1 DAGs
[2023-07-23T00:20:51.224+0000] {logging_mixin.py:150} INFO - [2023-07-23T00:20:51.224+0000] {dag.py:3508} INFO - Setting next_dagrun for example_nested_branch_dag to 2023-07-22T00:00:00+00:00, run_after=2023-07-23T00:00:00+00:00
[2023-07-23T00:20:51.243+0000] {processor.py:179} INFO - Processing /home/airflow/.local/lib/python3.7/site-packages/airflow/example_dags/example_nested_branch_dag.py took 0.087 seconds
[2023-07-23T00:21:21.652+0000] {processor.py:157} INFO - Started process (PID=4053) to work on /home/airflow/.local/lib/python3.7/site-packages/airflow/example_dags/example_nested_branch_dag.py
[2023-07-23T00:21:21.654+0000] {processor.py:826} INFO - Processing file /home/airflow/.local/lib/python3.7/site-packages/airflow/example_dags/example_nested_branch_dag.py for tasks to queue
[2023-07-23T00:21:21.656+0000] {logging_mixin.py:150} INFO - [2023-07-23T00:21:21.656+0000] {dagbag.py:541} INFO - Filling up the DagBag from /home/airflow/.local/lib/python3.7/site-packages/airflow/example_dags/example_nested_branch_dag.py
[2023-07-23T00:21:21.669+0000] {processor.py:836} INFO - DAG(s) dict_keys(['example_nested_branch_dag']) retrieved from /home/airflow/.local/lib/python3.7/site-packages/airflow/example_dags/example_nested_branch_dag.py
[2023-07-23T00:21:21.691+0000] {logging_mixin.py:150} INFO - [2023-07-23T00:21:21.691+0000] {dag.py:2742} INFO - Sync 1 DAGs
[2023-07-23T00:21:21.709+0000] {logging_mixin.py:150} INFO - [2023-07-23T00:21:21.709+0000] {dag.py:3508} INFO - Setting next_dagrun for example_nested_branch_dag to 2023-07-22T00:00:00+00:00, run_after=2023-07-23T00:00:00+00:00
[2023-07-23T00:21:21.723+0000] {processor.py:179} INFO - Processing /home/airflow/.local/lib/python3.7/site-packages/airflow/example_dags/example_nested_branch_dag.py took 0.078 seconds
[2023-07-23T00:21:52.732+0000] {processor.py:157} INFO - Started process (PID=4115) to work on /home/airflow/.local/lib/python3.7/site-packages/airflow/example_dags/example_nested_branch_dag.py
[2023-07-23T00:21:52.733+0000] {processor.py:826} INFO - Processing file /home/airflow/.local/lib/python3.7/site-packages/airflow/example_dags/example_nested_branch_dag.py for tasks to queue
[2023-07-23T00:21:52.735+0000] {logging_mixin.py:150} INFO - [2023-07-23T00:21:52.734+0000] {dagbag.py:541} INFO - Filling up the DagBag from /home/airflow/.local/lib/python3.7/site-packages/airflow/example_dags/example_nested_branch_dag.py
[2023-07-23T00:21:52.745+0000] {processor.py:836} INFO - DAG(s) dict_keys(['example_nested_branch_dag']) retrieved from /home/airflow/.local/lib/python3.7/site-packages/airflow/example_dags/example_nested_branch_dag.py
[2023-07-23T00:21:52.771+0000] {logging_mixin.py:150} INFO - [2023-07-23T00:21:52.771+0000] {dag.py:2742} INFO - Sync 1 DAGs
[2023-07-23T00:21:52.791+0000] {logging_mixin.py:150} INFO - [2023-07-23T00:21:52.791+0000] {dag.py:3508} INFO - Setting next_dagrun for example_nested_branch_dag to 2023-07-22T00:00:00+00:00, run_after=2023-07-23T00:00:00+00:00
[2023-07-23T00:21:52.805+0000] {processor.py:179} INFO - Processing /home/airflow/.local/lib/python3.7/site-packages/airflow/example_dags/example_nested_branch_dag.py took 0.078 seconds
[2023-07-23T00:22:23.349+0000] {processor.py:157} INFO - Started process (PID=4178) to work on /home/airflow/.local/lib/python3.7/site-packages/airflow/example_dags/example_nested_branch_dag.py
[2023-07-23T00:22:23.352+0000] {processor.py:826} INFO - Processing file /home/airflow/.local/lib/python3.7/site-packages/airflow/example_dags/example_nested_branch_dag.py for tasks to queue
[2023-07-23T00:22:23.354+0000] {logging_mixin.py:150} INFO - [2023-07-23T00:22:23.353+0000] {dagbag.py:541} INFO - Filling up the DagBag from /home/airflow/.local/lib/python3.7/site-packages/airflow/example_dags/example_nested_branch_dag.py
[2023-07-23T00:22:23.367+0000] {processor.py:836} INFO - DAG(s) dict_keys(['example_nested_branch_dag']) retrieved from /home/airflow/.local/lib/python3.7/site-packages/airflow/example_dags/example_nested_branch_dag.py
[2023-07-23T00:22:23.391+0000] {logging_mixin.py:150} INFO - [2023-07-23T00:22:23.391+0000] {dag.py:2742} INFO - Sync 1 DAGs
[2023-07-23T00:22:23.410+0000] {logging_mixin.py:150} INFO - [2023-07-23T00:22:23.410+0000] {dag.py:3508} INFO - Setting next_dagrun for example_nested_branch_dag to 2023-07-22T00:00:00+00:00, run_after=2023-07-23T00:00:00+00:00
[2023-07-23T00:22:23.423+0000] {processor.py:179} INFO - Processing /home/airflow/.local/lib/python3.7/site-packages/airflow/example_dags/example_nested_branch_dag.py took 0.082 seconds
[2023-07-23T00:22:54.268+0000] {processor.py:157} INFO - Started process (PID=4241) to work on /home/airflow/.local/lib/python3.7/site-packages/airflow/example_dags/example_nested_branch_dag.py
[2023-07-23T00:22:54.271+0000] {processor.py:826} INFO - Processing file /home/airflow/.local/lib/python3.7/site-packages/airflow/example_dags/example_nested_branch_dag.py for tasks to queue
[2023-07-23T00:22:54.273+0000] {logging_mixin.py:150} INFO - [2023-07-23T00:22:54.272+0000] {dagbag.py:541} INFO - Filling up the DagBag from /home/airflow/.local/lib/python3.7/site-packages/airflow/example_dags/example_nested_branch_dag.py
[2023-07-23T00:22:54.284+0000] {processor.py:836} INFO - DAG(s) dict_keys(['example_nested_branch_dag']) retrieved from /home/airflow/.local/lib/python3.7/site-packages/airflow/example_dags/example_nested_branch_dag.py
[2023-07-23T00:22:54.307+0000] {logging_mixin.py:150} INFO - [2023-07-23T00:22:54.307+0000] {dag.py:2742} INFO - Sync 1 DAGs
[2023-07-23T00:22:54.323+0000] {logging_mixin.py:150} INFO - [2023-07-23T00:22:54.323+0000] {dag.py:3508} INFO - Setting next_dagrun for example_nested_branch_dag to 2023-07-22T00:00:00+00:00, run_after=2023-07-23T00:00:00+00:00
[2023-07-23T00:22:54.336+0000] {processor.py:179} INFO - Processing /home/airflow/.local/lib/python3.7/site-packages/airflow/example_dags/example_nested_branch_dag.py took 0.075 seconds
[2023-07-23T00:23:24.618+0000] {processor.py:157} INFO - Started process (PID=4305) to work on /home/airflow/.local/lib/python3.7/site-packages/airflow/example_dags/example_nested_branch_dag.py
[2023-07-23T00:23:24.621+0000] {processor.py:826} INFO - Processing file /home/airflow/.local/lib/python3.7/site-packages/airflow/example_dags/example_nested_branch_dag.py for tasks to queue
[2023-07-23T00:23:24.622+0000] {logging_mixin.py:150} INFO - [2023-07-23T00:23:24.622+0000] {dagbag.py:541} INFO - Filling up the DagBag from /home/airflow/.local/lib/python3.7/site-packages/airflow/example_dags/example_nested_branch_dag.py
[2023-07-23T00:23:24.635+0000] {processor.py:836} INFO - DAG(s) dict_keys(['example_nested_branch_dag']) retrieved from /home/airflow/.local/lib/python3.7/site-packages/airflow/example_dags/example_nested_branch_dag.py
[2023-07-23T00:23:24.663+0000] {logging_mixin.py:150} INFO - [2023-07-23T00:23:24.662+0000] {dag.py:2742} INFO - Sync 1 DAGs
[2023-07-23T00:23:24.685+0000] {logging_mixin.py:150} INFO - [2023-07-23T00:23:24.684+0000] {dag.py:3508} INFO - Setting next_dagrun for example_nested_branch_dag to 2023-07-22T00:00:00+00:00, run_after=2023-07-23T00:00:00+00:00
[2023-07-23T00:23:24.699+0000] {processor.py:179} INFO - Processing /home/airflow/.local/lib/python3.7/site-packages/airflow/example_dags/example_nested_branch_dag.py took 0.085 seconds
[2023-07-23T00:23:55.242+0000] {processor.py:157} INFO - Started process (PID=4362) to work on /home/airflow/.local/lib/python3.7/site-packages/airflow/example_dags/example_nested_branch_dag.py
[2023-07-23T00:23:55.245+0000] {processor.py:826} INFO - Processing file /home/airflow/.local/lib/python3.7/site-packages/airflow/example_dags/example_nested_branch_dag.py for tasks to queue
[2023-07-23T00:23:55.246+0000] {logging_mixin.py:150} INFO - [2023-07-23T00:23:55.246+0000] {dagbag.py:541} INFO - Filling up the DagBag from /home/airflow/.local/lib/python3.7/site-packages/airflow/example_dags/example_nested_branch_dag.py
[2023-07-23T00:23:55.263+0000] {processor.py:836} INFO - DAG(s) dict_keys(['example_nested_branch_dag']) retrieved from /home/airflow/.local/lib/python3.7/site-packages/airflow/example_dags/example_nested_branch_dag.py
[2023-07-23T00:23:55.310+0000] {logging_mixin.py:150} INFO - [2023-07-23T00:23:55.310+0000] {dag.py:2742} INFO - Sync 1 DAGs
[2023-07-23T00:23:55.336+0000] {logging_mixin.py:150} INFO - [2023-07-23T00:23:55.336+0000] {dag.py:3508} INFO - Setting next_dagrun for example_nested_branch_dag to 2023-07-22T00:00:00+00:00, run_after=2023-07-23T00:00:00+00:00
[2023-07-23T00:23:55.351+0000] {processor.py:179} INFO - Processing /home/airflow/.local/lib/python3.7/site-packages/airflow/example_dags/example_nested_branch_dag.py took 0.116 seconds
[2023-07-23T00:24:25.497+0000] {processor.py:157} INFO - Started process (PID=4426) to work on /home/airflow/.local/lib/python3.7/site-packages/airflow/example_dags/example_nested_branch_dag.py
[2023-07-23T00:24:25.501+0000] {processor.py:826} INFO - Processing file /home/airflow/.local/lib/python3.7/site-packages/airflow/example_dags/example_nested_branch_dag.py for tasks to queue
[2023-07-23T00:24:25.503+0000] {logging_mixin.py:150} INFO - [2023-07-23T00:24:25.502+0000] {dagbag.py:541} INFO - Filling up the DagBag from /home/airflow/.local/lib/python3.7/site-packages/airflow/example_dags/example_nested_branch_dag.py
[2023-07-23T00:24:25.519+0000] {processor.py:836} INFO - DAG(s) dict_keys(['example_nested_branch_dag']) retrieved from /home/airflow/.local/lib/python3.7/site-packages/airflow/example_dags/example_nested_branch_dag.py
[2023-07-23T00:24:25.552+0000] {logging_mixin.py:150} INFO - [2023-07-23T00:24:25.552+0000] {dag.py:2742} INFO - Sync 1 DAGs
[2023-07-23T00:24:25.577+0000] {logging_mixin.py:150} INFO - [2023-07-23T00:24:25.577+0000] {dag.py:3508} INFO - Setting next_dagrun for example_nested_branch_dag to 2023-07-22T00:00:00+00:00, run_after=2023-07-23T00:00:00+00:00
[2023-07-23T00:24:25.700+0000] {processor.py:179} INFO - Processing /home/airflow/.local/lib/python3.7/site-packages/airflow/example_dags/example_nested_branch_dag.py took 0.212 seconds
