[2023-07-23T00:00:28.119+0000] {processor.py:157} INFO - Started process (PID=1460) to work on /home/airflow/.local/lib/python3.7/site-packages/airflow/example_dags/example_sensors.py
[2023-07-23T00:00:28.120+0000] {processor.py:826} INFO - Processing file /home/airflow/.local/lib/python3.7/site-packages/airflow/example_dags/example_sensors.py for tasks to queue
[2023-07-23T00:00:28.121+0000] {logging_mixin.py:150} INFO - [2023-07-23T00:00:28.121+0000] {dagbag.py:541} INFO - Filling up the DagBag from /home/airflow/.local/lib/python3.7/site-packages/airflow/example_dags/example_sensors.py
[2023-07-23T00:00:28.129+0000] {processor.py:836} INFO - DAG(s) dict_keys(['example_sensors']) retrieved from /home/airflow/.local/lib/python3.7/site-packages/airflow/example_dags/example_sensors.py
[2023-07-23T00:00:28.154+0000] {logging_mixin.py:150} INFO - [2023-07-23T00:00:28.154+0000] {dag.py:2742} INFO - Sync 1 DAGs
[2023-07-23T00:00:28.172+0000] {logging_mixin.py:150} INFO - [2023-07-23T00:00:28.172+0000] {dag.py:3508} INFO - Setting next_dagrun for example_sensors to None, run_after=None
[2023-07-23T00:00:28.186+0000] {processor.py:179} INFO - Processing /home/airflow/.local/lib/python3.7/site-packages/airflow/example_dags/example_sensors.py took 0.070 seconds
[2023-07-23T00:00:58.939+0000] {processor.py:157} INFO - Started process (PID=1523) to work on /home/airflow/.local/lib/python3.7/site-packages/airflow/example_dags/example_sensors.py
[2023-07-23T00:00:58.940+0000] {processor.py:826} INFO - Processing file /home/airflow/.local/lib/python3.7/site-packages/airflow/example_dags/example_sensors.py for tasks to queue
[2023-07-23T00:00:58.941+0000] {logging_mixin.py:150} INFO - [2023-07-23T00:00:58.940+0000] {dagbag.py:541} INFO - Filling up the DagBag from /home/airflow/.local/lib/python3.7/site-packages/airflow/example_dags/example_sensors.py
[2023-07-23T00:00:58.948+0000] {processor.py:836} INFO - DAG(s) dict_keys(['example_sensors']) retrieved from /home/airflow/.local/lib/python3.7/site-packages/airflow/example_dags/example_sensors.py
[2023-07-23T00:00:58.968+0000] {logging_mixin.py:150} INFO - [2023-07-23T00:00:58.968+0000] {dag.py:2742} INFO - Sync 1 DAGs
[2023-07-23T00:00:58.985+0000] {logging_mixin.py:150} INFO - [2023-07-23T00:00:58.985+0000] {dag.py:3508} INFO - Setting next_dagrun for example_sensors to None, run_after=None
[2023-07-23T00:00:58.996+0000] {processor.py:179} INFO - Processing /home/airflow/.local/lib/python3.7/site-packages/airflow/example_dags/example_sensors.py took 0.060 seconds
[2023-07-23T00:01:29.206+0000] {processor.py:157} INFO - Started process (PID=1586) to work on /home/airflow/.local/lib/python3.7/site-packages/airflow/example_dags/example_sensors.py
[2023-07-23T00:01:29.207+0000] {processor.py:826} INFO - Processing file /home/airflow/.local/lib/python3.7/site-packages/airflow/example_dags/example_sensors.py for tasks to queue
[2023-07-23T00:01:29.207+0000] {logging_mixin.py:150} INFO - [2023-07-23T00:01:29.207+0000] {dagbag.py:541} INFO - Filling up the DagBag from /home/airflow/.local/lib/python3.7/site-packages/airflow/example_dags/example_sensors.py
[2023-07-23T00:01:29.214+0000] {processor.py:836} INFO - DAG(s) dict_keys(['example_sensors']) retrieved from /home/airflow/.local/lib/python3.7/site-packages/airflow/example_dags/example_sensors.py
[2023-07-23T00:01:29.236+0000] {logging_mixin.py:150} INFO - [2023-07-23T00:01:29.236+0000] {dag.py:2742} INFO - Sync 1 DAGs
[2023-07-23T00:01:29.253+0000] {logging_mixin.py:150} INFO - [2023-07-23T00:01:29.252+0000] {dag.py:3508} INFO - Setting next_dagrun for example_sensors to None, run_after=None
[2023-07-23T00:01:29.266+0000] {processor.py:179} INFO - Processing /home/airflow/.local/lib/python3.7/site-packages/airflow/example_dags/example_sensors.py took 0.063 seconds
[2023-07-23T00:02:00.488+0000] {processor.py:157} INFO - Started process (PID=1651) to work on /home/airflow/.local/lib/python3.7/site-packages/airflow/example_dags/example_sensors.py
[2023-07-23T00:02:00.495+0000] {processor.py:826} INFO - Processing file /home/airflow/.local/lib/python3.7/site-packages/airflow/example_dags/example_sensors.py for tasks to queue
[2023-07-23T00:02:00.502+0000] {logging_mixin.py:150} INFO - [2023-07-23T00:02:00.501+0000] {dagbag.py:541} INFO - Filling up the DagBag from /home/airflow/.local/lib/python3.7/site-packages/airflow/example_dags/example_sensors.py
[2023-07-23T00:02:00.524+0000] {processor.py:836} INFO - DAG(s) dict_keys(['example_sensors']) retrieved from /home/airflow/.local/lib/python3.7/site-packages/airflow/example_dags/example_sensors.py
[2023-07-23T00:02:00.575+0000] {logging_mixin.py:150} INFO - [2023-07-23T00:02:00.575+0000] {dag.py:2742} INFO - Sync 1 DAGs
[2023-07-23T00:02:00.628+0000] {logging_mixin.py:150} INFO - [2023-07-23T00:02:00.626+0000] {dag.py:3508} INFO - Setting next_dagrun for example_sensors to None, run_after=None
[2023-07-23T00:02:00.659+0000] {processor.py:179} INFO - Processing /home/airflow/.local/lib/python3.7/site-packages/airflow/example_dags/example_sensors.py took 0.197 seconds
[2023-07-23T00:02:31.397+0000] {processor.py:157} INFO - Started process (PID=1718) to work on /home/airflow/.local/lib/python3.7/site-packages/airflow/example_dags/example_sensors.py
[2023-07-23T00:02:31.399+0000] {processor.py:826} INFO - Processing file /home/airflow/.local/lib/python3.7/site-packages/airflow/example_dags/example_sensors.py for tasks to queue
[2023-07-23T00:02:31.403+0000] {logging_mixin.py:150} INFO - [2023-07-23T00:02:31.401+0000] {dagbag.py:541} INFO - Filling up the DagBag from /home/airflow/.local/lib/python3.7/site-packages/airflow/example_dags/example_sensors.py
[2023-07-23T00:02:31.427+0000] {processor.py:836} INFO - DAG(s) dict_keys(['example_sensors']) retrieved from /home/airflow/.local/lib/python3.7/site-packages/airflow/example_dags/example_sensors.py
[2023-07-23T00:02:31.522+0000] {logging_mixin.py:150} INFO - [2023-07-23T00:02:31.522+0000] {dag.py:2742} INFO - Sync 1 DAGs
[2023-07-23T00:02:31.562+0000] {logging_mixin.py:150} INFO - [2023-07-23T00:02:31.562+0000] {dag.py:3508} INFO - Setting next_dagrun for example_sensors to None, run_after=None
[2023-07-23T00:02:31.628+0000] {processor.py:179} INFO - Processing /home/airflow/.local/lib/python3.7/site-packages/airflow/example_dags/example_sensors.py took 0.234 seconds
[2023-07-23T00:03:01.715+0000] {processor.py:157} INFO - Started process (PID=1781) to work on /home/airflow/.local/lib/python3.7/site-packages/airflow/example_dags/example_sensors.py
[2023-07-23T00:03:01.716+0000] {processor.py:826} INFO - Processing file /home/airflow/.local/lib/python3.7/site-packages/airflow/example_dags/example_sensors.py for tasks to queue
[2023-07-23T00:03:01.717+0000] {logging_mixin.py:150} INFO - [2023-07-23T00:03:01.717+0000] {dagbag.py:541} INFO - Filling up the DagBag from /home/airflow/.local/lib/python3.7/site-packages/airflow/example_dags/example_sensors.py
[2023-07-23T00:03:01.724+0000] {processor.py:836} INFO - DAG(s) dict_keys(['example_sensors']) retrieved from /home/airflow/.local/lib/python3.7/site-packages/airflow/example_dags/example_sensors.py
[2023-07-23T00:03:01.745+0000] {logging_mixin.py:150} INFO - [2023-07-23T00:03:01.745+0000] {dag.py:2742} INFO - Sync 1 DAGs
[2023-07-23T00:03:01.760+0000] {logging_mixin.py:150} INFO - [2023-07-23T00:03:01.760+0000] {dag.py:3508} INFO - Setting next_dagrun for example_sensors to None, run_after=None
[2023-07-23T00:03:01.772+0000] {processor.py:179} INFO - Processing /home/airflow/.local/lib/python3.7/site-packages/airflow/example_dags/example_sensors.py took 0.061 seconds
[2023-07-23T00:03:32.793+0000] {processor.py:157} INFO - Started process (PID=1844) to work on /home/airflow/.local/lib/python3.7/site-packages/airflow/example_dags/example_sensors.py
[2023-07-23T00:03:32.794+0000] {processor.py:826} INFO - Processing file /home/airflow/.local/lib/python3.7/site-packages/airflow/example_dags/example_sensors.py for tasks to queue
[2023-07-23T00:03:32.795+0000] {logging_mixin.py:150} INFO - [2023-07-23T00:03:32.795+0000] {dagbag.py:541} INFO - Filling up the DagBag from /home/airflow/.local/lib/python3.7/site-packages/airflow/example_dags/example_sensors.py
[2023-07-23T00:03:32.803+0000] {processor.py:836} INFO - DAG(s) dict_keys(['example_sensors']) retrieved from /home/airflow/.local/lib/python3.7/site-packages/airflow/example_dags/example_sensors.py
[2023-07-23T00:03:32.823+0000] {logging_mixin.py:150} INFO - [2023-07-23T00:03:32.823+0000] {dag.py:2742} INFO - Sync 1 DAGs
[2023-07-23T00:03:32.837+0000] {logging_mixin.py:150} INFO - [2023-07-23T00:03:32.837+0000] {dag.py:3508} INFO - Setting next_dagrun for example_sensors to None, run_after=None
[2023-07-23T00:03:32.847+0000] {processor.py:179} INFO - Processing /home/airflow/.local/lib/python3.7/site-packages/airflow/example_dags/example_sensors.py took 0.057 seconds
[2023-07-23T00:04:03.779+0000] {processor.py:157} INFO - Started process (PID=1907) to work on /home/airflow/.local/lib/python3.7/site-packages/airflow/example_dags/example_sensors.py
[2023-07-23T00:04:03.780+0000] {processor.py:826} INFO - Processing file /home/airflow/.local/lib/python3.7/site-packages/airflow/example_dags/example_sensors.py for tasks to queue
[2023-07-23T00:04:03.781+0000] {logging_mixin.py:150} INFO - [2023-07-23T00:04:03.781+0000] {dagbag.py:541} INFO - Filling up the DagBag from /home/airflow/.local/lib/python3.7/site-packages/airflow/example_dags/example_sensors.py
[2023-07-23T00:04:03.791+0000] {processor.py:836} INFO - DAG(s) dict_keys(['example_sensors']) retrieved from /home/airflow/.local/lib/python3.7/site-packages/airflow/example_dags/example_sensors.py
[2023-07-23T00:04:03.816+0000] {logging_mixin.py:150} INFO - [2023-07-23T00:04:03.816+0000] {dag.py:2742} INFO - Sync 1 DAGs
[2023-07-23T00:04:03.839+0000] {logging_mixin.py:150} INFO - [2023-07-23T00:04:03.839+0000] {dag.py:3508} INFO - Setting next_dagrun for example_sensors to None, run_after=None
[2023-07-23T00:04:03.859+0000] {processor.py:179} INFO - Processing /home/airflow/.local/lib/python3.7/site-packages/airflow/example_dags/example_sensors.py took 0.083 seconds
[2023-07-23T00:04:34.015+0000] {processor.py:157} INFO - Started process (PID=1971) to work on /home/airflow/.local/lib/python3.7/site-packages/airflow/example_dags/example_sensors.py
[2023-07-23T00:04:34.017+0000] {processor.py:826} INFO - Processing file /home/airflow/.local/lib/python3.7/site-packages/airflow/example_dags/example_sensors.py for tasks to queue
[2023-07-23T00:04:34.018+0000] {logging_mixin.py:150} INFO - [2023-07-23T00:04:34.018+0000] {dagbag.py:541} INFO - Filling up the DagBag from /home/airflow/.local/lib/python3.7/site-packages/airflow/example_dags/example_sensors.py
[2023-07-23T00:04:34.030+0000] {processor.py:836} INFO - DAG(s) dict_keys(['example_sensors']) retrieved from /home/airflow/.local/lib/python3.7/site-packages/airflow/example_dags/example_sensors.py
[2023-07-23T00:04:34.061+0000] {logging_mixin.py:150} INFO - [2023-07-23T00:04:34.061+0000] {dag.py:2742} INFO - Sync 1 DAGs
[2023-07-23T00:04:34.082+0000] {logging_mixin.py:150} INFO - [2023-07-23T00:04:34.081+0000] {dag.py:3508} INFO - Setting next_dagrun for example_sensors to None, run_after=None
[2023-07-23T00:04:34.099+0000] {processor.py:179} INFO - Processing /home/airflow/.local/lib/python3.7/site-packages/airflow/example_dags/example_sensors.py took 0.087 seconds
[2023-07-23T00:05:05.114+0000] {processor.py:157} INFO - Started process (PID=2034) to work on /home/airflow/.local/lib/python3.7/site-packages/airflow/example_dags/example_sensors.py
[2023-07-23T00:05:05.116+0000] {processor.py:826} INFO - Processing file /home/airflow/.local/lib/python3.7/site-packages/airflow/example_dags/example_sensors.py for tasks to queue
[2023-07-23T00:05:05.117+0000] {logging_mixin.py:150} INFO - [2023-07-23T00:05:05.117+0000] {dagbag.py:541} INFO - Filling up the DagBag from /home/airflow/.local/lib/python3.7/site-packages/airflow/example_dags/example_sensors.py
[2023-07-23T00:05:05.125+0000] {processor.py:836} INFO - DAG(s) dict_keys(['example_sensors']) retrieved from /home/airflow/.local/lib/python3.7/site-packages/airflow/example_dags/example_sensors.py
[2023-07-23T00:05:05.151+0000] {logging_mixin.py:150} INFO - [2023-07-23T00:05:05.151+0000] {dag.py:2742} INFO - Sync 1 DAGs
[2023-07-23T00:05:05.170+0000] {logging_mixin.py:150} INFO - [2023-07-23T00:05:05.169+0000] {dag.py:3508} INFO - Setting next_dagrun for example_sensors to None, run_after=None
[2023-07-23T00:05:05.181+0000] {processor.py:179} INFO - Processing /home/airflow/.local/lib/python3.7/site-packages/airflow/example_dags/example_sensors.py took 0.071 seconds
[2023-07-23T00:05:35.427+0000] {processor.py:157} INFO - Started process (PID=2097) to work on /home/airflow/.local/lib/python3.7/site-packages/airflow/example_dags/example_sensors.py
[2023-07-23T00:05:35.428+0000] {processor.py:826} INFO - Processing file /home/airflow/.local/lib/python3.7/site-packages/airflow/example_dags/example_sensors.py for tasks to queue
[2023-07-23T00:05:35.429+0000] {logging_mixin.py:150} INFO - [2023-07-23T00:05:35.429+0000] {dagbag.py:541} INFO - Filling up the DagBag from /home/airflow/.local/lib/python3.7/site-packages/airflow/example_dags/example_sensors.py
[2023-07-23T00:05:35.441+0000] {processor.py:836} INFO - DAG(s) dict_keys(['example_sensors']) retrieved from /home/airflow/.local/lib/python3.7/site-packages/airflow/example_dags/example_sensors.py
[2023-07-23T00:05:35.493+0000] {logging_mixin.py:150} INFO - [2023-07-23T00:05:35.493+0000] {dag.py:2742} INFO - Sync 1 DAGs
[2023-07-23T00:05:35.525+0000] {logging_mixin.py:150} INFO - [2023-07-23T00:05:35.525+0000] {dag.py:3508} INFO - Setting next_dagrun for example_sensors to None, run_after=None
[2023-07-23T00:05:35.545+0000] {processor.py:179} INFO - Processing /home/airflow/.local/lib/python3.7/site-packages/airflow/example_dags/example_sensors.py took 0.122 seconds
[2023-07-23T00:06:06.084+0000] {processor.py:157} INFO - Started process (PID=2160) to work on /home/airflow/.local/lib/python3.7/site-packages/airflow/example_dags/example_sensors.py
[2023-07-23T00:06:06.085+0000] {processor.py:826} INFO - Processing file /home/airflow/.local/lib/python3.7/site-packages/airflow/example_dags/example_sensors.py for tasks to queue
[2023-07-23T00:06:06.087+0000] {logging_mixin.py:150} INFO - [2023-07-23T00:06:06.087+0000] {dagbag.py:541} INFO - Filling up the DagBag from /home/airflow/.local/lib/python3.7/site-packages/airflow/example_dags/example_sensors.py
[2023-07-23T00:06:06.104+0000] {processor.py:836} INFO - DAG(s) dict_keys(['example_sensors']) retrieved from /home/airflow/.local/lib/python3.7/site-packages/airflow/example_dags/example_sensors.py
[2023-07-23T00:06:06.145+0000] {logging_mixin.py:150} INFO - [2023-07-23T00:06:06.145+0000] {dag.py:2742} INFO - Sync 1 DAGs
[2023-07-23T00:06:06.172+0000] {logging_mixin.py:150} INFO - [2023-07-23T00:06:06.171+0000] {dag.py:3508} INFO - Setting next_dagrun for example_sensors to None, run_after=None
[2023-07-23T00:06:06.191+0000] {processor.py:179} INFO - Processing /home/airflow/.local/lib/python3.7/site-packages/airflow/example_dags/example_sensors.py took 0.111 seconds
[2023-07-23T00:06:36.679+0000] {processor.py:157} INFO - Started process (PID=2223) to work on /home/airflow/.local/lib/python3.7/site-packages/airflow/example_dags/example_sensors.py
[2023-07-23T00:06:36.682+0000] {processor.py:826} INFO - Processing file /home/airflow/.local/lib/python3.7/site-packages/airflow/example_dags/example_sensors.py for tasks to queue
[2023-07-23T00:06:36.684+0000] {logging_mixin.py:150} INFO - [2023-07-23T00:06:36.684+0000] {dagbag.py:541} INFO - Filling up the DagBag from /home/airflow/.local/lib/python3.7/site-packages/airflow/example_dags/example_sensors.py
[2023-07-23T00:06:36.701+0000] {processor.py:836} INFO - DAG(s) dict_keys(['example_sensors']) retrieved from /home/airflow/.local/lib/python3.7/site-packages/airflow/example_dags/example_sensors.py
[2023-07-23T00:06:36.724+0000] {logging_mixin.py:150} INFO - [2023-07-23T00:06:36.724+0000] {dag.py:2742} INFO - Sync 1 DAGs
[2023-07-23T00:06:36.742+0000] {logging_mixin.py:150} INFO - [2023-07-23T00:06:36.741+0000] {dag.py:3508} INFO - Setting next_dagrun for example_sensors to None, run_after=None
[2023-07-23T00:06:36.757+0000] {processor.py:179} INFO - Processing /home/airflow/.local/lib/python3.7/site-packages/airflow/example_dags/example_sensors.py took 0.085 seconds
[2023-07-23T00:07:07.071+0000] {processor.py:157} INFO - Started process (PID=2286) to work on /home/airflow/.local/lib/python3.7/site-packages/airflow/example_dags/example_sensors.py
[2023-07-23T00:07:07.073+0000] {processor.py:826} INFO - Processing file /home/airflow/.local/lib/python3.7/site-packages/airflow/example_dags/example_sensors.py for tasks to queue
[2023-07-23T00:07:07.074+0000] {logging_mixin.py:150} INFO - [2023-07-23T00:07:07.074+0000] {dagbag.py:541} INFO - Filling up the DagBag from /home/airflow/.local/lib/python3.7/site-packages/airflow/example_dags/example_sensors.py
[2023-07-23T00:07:07.088+0000] {processor.py:836} INFO - DAG(s) dict_keys(['example_sensors']) retrieved from /home/airflow/.local/lib/python3.7/site-packages/airflow/example_dags/example_sensors.py
[2023-07-23T00:07:07.112+0000] {logging_mixin.py:150} INFO - [2023-07-23T00:07:07.112+0000] {dag.py:2742} INFO - Sync 1 DAGs
[2023-07-23T00:07:07.127+0000] {logging_mixin.py:150} INFO - [2023-07-23T00:07:07.127+0000] {dag.py:3508} INFO - Setting next_dagrun for example_sensors to None, run_after=None
[2023-07-23T00:07:07.138+0000] {processor.py:179} INFO - Processing /home/airflow/.local/lib/python3.7/site-packages/airflow/example_dags/example_sensors.py took 0.072 seconds
[2023-07-23T00:07:37.647+0000] {processor.py:157} INFO - Started process (PID=2357) to work on /home/airflow/.local/lib/python3.7/site-packages/airflow/example_dags/example_sensors.py
[2023-07-23T00:07:37.649+0000] {processor.py:826} INFO - Processing file /home/airflow/.local/lib/python3.7/site-packages/airflow/example_dags/example_sensors.py for tasks to queue
[2023-07-23T00:07:37.650+0000] {logging_mixin.py:150} INFO - [2023-07-23T00:07:37.650+0000] {dagbag.py:541} INFO - Filling up the DagBag from /home/airflow/.local/lib/python3.7/site-packages/airflow/example_dags/example_sensors.py
[2023-07-23T00:07:37.679+0000] {processor.py:836} INFO - DAG(s) dict_keys(['example_sensors']) retrieved from /home/airflow/.local/lib/python3.7/site-packages/airflow/example_dags/example_sensors.py
[2023-07-23T00:07:37.711+0000] {logging_mixin.py:150} INFO - [2023-07-23T00:07:37.711+0000] {dag.py:2742} INFO - Sync 1 DAGs
[2023-07-23T00:07:37.748+0000] {logging_mixin.py:150} INFO - [2023-07-23T00:07:37.747+0000] {dag.py:3508} INFO - Setting next_dagrun for example_sensors to None, run_after=None
[2023-07-23T00:07:37.782+0000] {processor.py:179} INFO - Processing /home/airflow/.local/lib/python3.7/site-packages/airflow/example_dags/example_sensors.py took 0.139 seconds
[2023-07-23T00:08:08.094+0000] {processor.py:157} INFO - Started process (PID=2422) to work on /home/airflow/.local/lib/python3.7/site-packages/airflow/example_dags/example_sensors.py
[2023-07-23T00:08:08.095+0000] {processor.py:826} INFO - Processing file /home/airflow/.local/lib/python3.7/site-packages/airflow/example_dags/example_sensors.py for tasks to queue
[2023-07-23T00:08:08.096+0000] {logging_mixin.py:150} INFO - [2023-07-23T00:08:08.096+0000] {dagbag.py:541} INFO - Filling up the DagBag from /home/airflow/.local/lib/python3.7/site-packages/airflow/example_dags/example_sensors.py
[2023-07-23T00:08:08.105+0000] {processor.py:836} INFO - DAG(s) dict_keys(['example_sensors']) retrieved from /home/airflow/.local/lib/python3.7/site-packages/airflow/example_dags/example_sensors.py
[2023-07-23T00:08:08.127+0000] {logging_mixin.py:150} INFO - [2023-07-23T00:08:08.127+0000] {dag.py:2742} INFO - Sync 1 DAGs
[2023-07-23T00:08:08.142+0000] {logging_mixin.py:150} INFO - [2023-07-23T00:08:08.142+0000] {dag.py:3508} INFO - Setting next_dagrun for example_sensors to None, run_after=None
[2023-07-23T00:08:08.154+0000] {processor.py:179} INFO - Processing /home/airflow/.local/lib/python3.7/site-packages/airflow/example_dags/example_sensors.py took 0.063 seconds
[2023-07-23T00:08:38.346+0000] {processor.py:157} INFO - Started process (PID=2487) to work on /home/airflow/.local/lib/python3.7/site-packages/airflow/example_dags/example_sensors.py
[2023-07-23T00:08:38.347+0000] {processor.py:826} INFO - Processing file /home/airflow/.local/lib/python3.7/site-packages/airflow/example_dags/example_sensors.py for tasks to queue
[2023-07-23T00:08:38.348+0000] {logging_mixin.py:150} INFO - [2023-07-23T00:08:38.348+0000] {dagbag.py:541} INFO - Filling up the DagBag from /home/airflow/.local/lib/python3.7/site-packages/airflow/example_dags/example_sensors.py
[2023-07-23T00:08:38.356+0000] {processor.py:836} INFO - DAG(s) dict_keys(['example_sensors']) retrieved from /home/airflow/.local/lib/python3.7/site-packages/airflow/example_dags/example_sensors.py
[2023-07-23T00:08:38.383+0000] {logging_mixin.py:150} INFO - [2023-07-23T00:08:38.383+0000] {dag.py:2742} INFO - Sync 1 DAGs
[2023-07-23T00:08:38.407+0000] {logging_mixin.py:150} INFO - [2023-07-23T00:08:38.407+0000] {dag.py:3508} INFO - Setting next_dagrun for example_sensors to None, run_after=None
[2023-07-23T00:08:38.422+0000] {processor.py:179} INFO - Processing /home/airflow/.local/lib/python3.7/site-packages/airflow/example_dags/example_sensors.py took 0.079 seconds
[2023-07-23T00:09:09.146+0000] {processor.py:157} INFO - Started process (PID=2550) to work on /home/airflow/.local/lib/python3.7/site-packages/airflow/example_dags/example_sensors.py
[2023-07-23T00:09:09.147+0000] {processor.py:826} INFO - Processing file /home/airflow/.local/lib/python3.7/site-packages/airflow/example_dags/example_sensors.py for tasks to queue
[2023-07-23T00:09:09.148+0000] {logging_mixin.py:150} INFO - [2023-07-23T00:09:09.148+0000] {dagbag.py:541} INFO - Filling up the DagBag from /home/airflow/.local/lib/python3.7/site-packages/airflow/example_dags/example_sensors.py
[2023-07-23T00:09:09.156+0000] {processor.py:836} INFO - DAG(s) dict_keys(['example_sensors']) retrieved from /home/airflow/.local/lib/python3.7/site-packages/airflow/example_dags/example_sensors.py
[2023-07-23T00:09:09.178+0000] {logging_mixin.py:150} INFO - [2023-07-23T00:09:09.177+0000] {dag.py:2742} INFO - Sync 1 DAGs
[2023-07-23T00:09:09.196+0000] {logging_mixin.py:150} INFO - [2023-07-23T00:09:09.195+0000] {dag.py:3508} INFO - Setting next_dagrun for example_sensors to None, run_after=None
[2023-07-23T00:09:09.209+0000] {processor.py:179} INFO - Processing /home/airflow/.local/lib/python3.7/site-packages/airflow/example_dags/example_sensors.py took 0.066 seconds
[2023-07-23T00:09:39.472+0000] {processor.py:157} INFO - Started process (PID=2614) to work on /home/airflow/.local/lib/python3.7/site-packages/airflow/example_dags/example_sensors.py
[2023-07-23T00:09:39.474+0000] {processor.py:826} INFO - Processing file /home/airflow/.local/lib/python3.7/site-packages/airflow/example_dags/example_sensors.py for tasks to queue
[2023-07-23T00:09:39.475+0000] {logging_mixin.py:150} INFO - [2023-07-23T00:09:39.474+0000] {dagbag.py:541} INFO - Filling up the DagBag from /home/airflow/.local/lib/python3.7/site-packages/airflow/example_dags/example_sensors.py
[2023-07-23T00:09:39.484+0000] {processor.py:836} INFO - DAG(s) dict_keys(['example_sensors']) retrieved from /home/airflow/.local/lib/python3.7/site-packages/airflow/example_dags/example_sensors.py
[2023-07-23T00:09:39.511+0000] {logging_mixin.py:150} INFO - [2023-07-23T00:09:39.511+0000] {dag.py:2742} INFO - Sync 1 DAGs
[2023-07-23T00:09:39.530+0000] {logging_mixin.py:150} INFO - [2023-07-23T00:09:39.529+0000] {dag.py:3508} INFO - Setting next_dagrun for example_sensors to None, run_after=None
[2023-07-23T00:09:39.542+0000] {processor.py:179} INFO - Processing /home/airflow/.local/lib/python3.7/site-packages/airflow/example_dags/example_sensors.py took 0.074 seconds
[2023-07-23T00:10:09.660+0000] {processor.py:157} INFO - Started process (PID=2677) to work on /home/airflow/.local/lib/python3.7/site-packages/airflow/example_dags/example_sensors.py
[2023-07-23T00:10:09.662+0000] {processor.py:826} INFO - Processing file /home/airflow/.local/lib/python3.7/site-packages/airflow/example_dags/example_sensors.py for tasks to queue
[2023-07-23T00:10:09.663+0000] {logging_mixin.py:150} INFO - [2023-07-23T00:10:09.663+0000] {dagbag.py:541} INFO - Filling up the DagBag from /home/airflow/.local/lib/python3.7/site-packages/airflow/example_dags/example_sensors.py
[2023-07-23T00:10:09.674+0000] {processor.py:836} INFO - DAG(s) dict_keys(['example_sensors']) retrieved from /home/airflow/.local/lib/python3.7/site-packages/airflow/example_dags/example_sensors.py
[2023-07-23T00:10:09.697+0000] {logging_mixin.py:150} INFO - [2023-07-23T00:10:09.697+0000] {dag.py:2742} INFO - Sync 1 DAGs
[2023-07-23T00:10:09.714+0000] {logging_mixin.py:150} INFO - [2023-07-23T00:10:09.714+0000] {dag.py:3508} INFO - Setting next_dagrun for example_sensors to None, run_after=None
[2023-07-23T00:10:09.731+0000] {processor.py:179} INFO - Processing /home/airflow/.local/lib/python3.7/site-packages/airflow/example_dags/example_sensors.py took 0.075 seconds
[2023-07-23T00:10:40.067+0000] {processor.py:157} INFO - Started process (PID=2740) to work on /home/airflow/.local/lib/python3.7/site-packages/airflow/example_dags/example_sensors.py
[2023-07-23T00:10:40.069+0000] {processor.py:826} INFO - Processing file /home/airflow/.local/lib/python3.7/site-packages/airflow/example_dags/example_sensors.py for tasks to queue
[2023-07-23T00:10:40.071+0000] {logging_mixin.py:150} INFO - [2023-07-23T00:10:40.070+0000] {dagbag.py:541} INFO - Filling up the DagBag from /home/airflow/.local/lib/python3.7/site-packages/airflow/example_dags/example_sensors.py
[2023-07-23T00:10:40.082+0000] {processor.py:836} INFO - DAG(s) dict_keys(['example_sensors']) retrieved from /home/airflow/.local/lib/python3.7/site-packages/airflow/example_dags/example_sensors.py
[2023-07-23T00:10:40.112+0000] {logging_mixin.py:150} INFO - [2023-07-23T00:10:40.112+0000] {dag.py:2742} INFO - Sync 1 DAGs
[2023-07-23T00:10:40.129+0000] {logging_mixin.py:150} INFO - [2023-07-23T00:10:40.129+0000] {dag.py:3508} INFO - Setting next_dagrun for example_sensors to None, run_after=None
[2023-07-23T00:10:40.146+0000] {processor.py:179} INFO - Processing /home/airflow/.local/lib/python3.7/site-packages/airflow/example_dags/example_sensors.py took 0.083 seconds
[2023-07-23T00:11:11.254+0000] {processor.py:157} INFO - Started process (PID=2803) to work on /home/airflow/.local/lib/python3.7/site-packages/airflow/example_dags/example_sensors.py
[2023-07-23T00:11:11.260+0000] {processor.py:826} INFO - Processing file /home/airflow/.local/lib/python3.7/site-packages/airflow/example_dags/example_sensors.py for tasks to queue
[2023-07-23T00:11:11.262+0000] {logging_mixin.py:150} INFO - [2023-07-23T00:11:11.261+0000] {dagbag.py:541} INFO - Filling up the DagBag from /home/airflow/.local/lib/python3.7/site-packages/airflow/example_dags/example_sensors.py
[2023-07-23T00:11:11.295+0000] {processor.py:836} INFO - DAG(s) dict_keys(['example_sensors']) retrieved from /home/airflow/.local/lib/python3.7/site-packages/airflow/example_dags/example_sensors.py
[2023-07-23T00:11:11.339+0000] {logging_mixin.py:150} INFO - [2023-07-23T00:11:11.339+0000] {dag.py:2742} INFO - Sync 1 DAGs
[2023-07-23T00:11:11.401+0000] {logging_mixin.py:150} INFO - [2023-07-23T00:11:11.400+0000] {dag.py:3508} INFO - Setting next_dagrun for example_sensors to None, run_after=None
[2023-07-23T00:11:11.425+0000] {processor.py:179} INFO - Processing /home/airflow/.local/lib/python3.7/site-packages/airflow/example_dags/example_sensors.py took 0.178 seconds
[2023-07-23T00:11:42.370+0000] {processor.py:157} INFO - Started process (PID=2865) to work on /home/airflow/.local/lib/python3.7/site-packages/airflow/example_dags/example_sensors.py
[2023-07-23T00:11:42.371+0000] {processor.py:826} INFO - Processing file /home/airflow/.local/lib/python3.7/site-packages/airflow/example_dags/example_sensors.py for tasks to queue
[2023-07-23T00:11:42.373+0000] {logging_mixin.py:150} INFO - [2023-07-23T00:11:42.373+0000] {dagbag.py:541} INFO - Filling up the DagBag from /home/airflow/.local/lib/python3.7/site-packages/airflow/example_dags/example_sensors.py
[2023-07-23T00:11:42.388+0000] {processor.py:836} INFO - DAG(s) dict_keys(['example_sensors']) retrieved from /home/airflow/.local/lib/python3.7/site-packages/airflow/example_dags/example_sensors.py
[2023-07-23T00:11:42.415+0000] {logging_mixin.py:150} INFO - [2023-07-23T00:11:42.415+0000] {dag.py:2742} INFO - Sync 1 DAGs
[2023-07-23T00:11:42.435+0000] {logging_mixin.py:150} INFO - [2023-07-23T00:11:42.434+0000] {dag.py:3508} INFO - Setting next_dagrun for example_sensors to None, run_after=None
[2023-07-23T00:11:42.453+0000] {processor.py:179} INFO - Processing /home/airflow/.local/lib/python3.7/site-packages/airflow/example_dags/example_sensors.py took 0.088 seconds
[2023-07-23T00:12:13.408+0000] {processor.py:157} INFO - Started process (PID=2929) to work on /home/airflow/.local/lib/python3.7/site-packages/airflow/example_dags/example_sensors.py
[2023-07-23T00:12:13.410+0000] {processor.py:826} INFO - Processing file /home/airflow/.local/lib/python3.7/site-packages/airflow/example_dags/example_sensors.py for tasks to queue
[2023-07-23T00:12:13.412+0000] {logging_mixin.py:150} INFO - [2023-07-23T00:12:13.411+0000] {dagbag.py:541} INFO - Filling up the DagBag from /home/airflow/.local/lib/python3.7/site-packages/airflow/example_dags/example_sensors.py
[2023-07-23T00:12:13.429+0000] {processor.py:836} INFO - DAG(s) dict_keys(['example_sensors']) retrieved from /home/airflow/.local/lib/python3.7/site-packages/airflow/example_dags/example_sensors.py
[2023-07-23T00:12:13.465+0000] {logging_mixin.py:150} INFO - [2023-07-23T00:12:13.464+0000] {dag.py:2742} INFO - Sync 1 DAGs
[2023-07-23T00:12:13.488+0000] {logging_mixin.py:150} INFO - [2023-07-23T00:12:13.487+0000] {dag.py:3508} INFO - Setting next_dagrun for example_sensors to None, run_after=None
[2023-07-23T00:12:13.501+0000] {processor.py:179} INFO - Processing /home/airflow/.local/lib/python3.7/site-packages/airflow/example_dags/example_sensors.py took 0.098 seconds
[2023-07-23T00:12:44.079+0000] {processor.py:157} INFO - Started process (PID=2993) to work on /home/airflow/.local/lib/python3.7/site-packages/airflow/example_dags/example_sensors.py
[2023-07-23T00:12:44.082+0000] {processor.py:826} INFO - Processing file /home/airflow/.local/lib/python3.7/site-packages/airflow/example_dags/example_sensors.py for tasks to queue
[2023-07-23T00:12:44.084+0000] {logging_mixin.py:150} INFO - [2023-07-23T00:12:44.084+0000] {dagbag.py:541} INFO - Filling up the DagBag from /home/airflow/.local/lib/python3.7/site-packages/airflow/example_dags/example_sensors.py
[2023-07-23T00:12:44.108+0000] {processor.py:836} INFO - DAG(s) dict_keys(['example_sensors']) retrieved from /home/airflow/.local/lib/python3.7/site-packages/airflow/example_dags/example_sensors.py
[2023-07-23T00:12:44.150+0000] {logging_mixin.py:150} INFO - [2023-07-23T00:12:44.150+0000] {dag.py:2742} INFO - Sync 1 DAGs
[2023-07-23T00:12:44.181+0000] {logging_mixin.py:150} INFO - [2023-07-23T00:12:44.181+0000] {dag.py:3508} INFO - Setting next_dagrun for example_sensors to None, run_after=None
[2023-07-23T00:12:44.196+0000] {processor.py:179} INFO - Processing /home/airflow/.local/lib/python3.7/site-packages/airflow/example_dags/example_sensors.py took 0.121 seconds
[2023-07-23T00:13:14.357+0000] {processor.py:157} INFO - Started process (PID=3056) to work on /home/airflow/.local/lib/python3.7/site-packages/airflow/example_dags/example_sensors.py
[2023-07-23T00:13:14.365+0000] {processor.py:826} INFO - Processing file /home/airflow/.local/lib/python3.7/site-packages/airflow/example_dags/example_sensors.py for tasks to queue
[2023-07-23T00:13:14.369+0000] {logging_mixin.py:150} INFO - [2023-07-23T00:13:14.367+0000] {dagbag.py:541} INFO - Filling up the DagBag from /home/airflow/.local/lib/python3.7/site-packages/airflow/example_dags/example_sensors.py
[2023-07-23T00:13:14.394+0000] {processor.py:836} INFO - DAG(s) dict_keys(['example_sensors']) retrieved from /home/airflow/.local/lib/python3.7/site-packages/airflow/example_dags/example_sensors.py
[2023-07-23T00:13:14.430+0000] {logging_mixin.py:150} INFO - [2023-07-23T00:13:14.429+0000] {dag.py:2742} INFO - Sync 1 DAGs
[2023-07-23T00:13:14.454+0000] {logging_mixin.py:150} INFO - [2023-07-23T00:13:14.454+0000] {dag.py:3508} INFO - Setting next_dagrun for example_sensors to None, run_after=None
[2023-07-23T00:13:14.473+0000] {processor.py:179} INFO - Processing /home/airflow/.local/lib/python3.7/site-packages/airflow/example_dags/example_sensors.py took 0.123 seconds
[2023-07-23T00:13:44.594+0000] {processor.py:157} INFO - Started process (PID=3120) to work on /home/airflow/.local/lib/python3.7/site-packages/airflow/example_dags/example_sensors.py
[2023-07-23T00:13:44.596+0000] {processor.py:826} INFO - Processing file /home/airflow/.local/lib/python3.7/site-packages/airflow/example_dags/example_sensors.py for tasks to queue
[2023-07-23T00:13:44.597+0000] {logging_mixin.py:150} INFO - [2023-07-23T00:13:44.597+0000] {dagbag.py:541} INFO - Filling up the DagBag from /home/airflow/.local/lib/python3.7/site-packages/airflow/example_dags/example_sensors.py
[2023-07-23T00:13:44.607+0000] {processor.py:836} INFO - DAG(s) dict_keys(['example_sensors']) retrieved from /home/airflow/.local/lib/python3.7/site-packages/airflow/example_dags/example_sensors.py
[2023-07-23T00:13:44.631+0000] {logging_mixin.py:150} INFO - [2023-07-23T00:13:44.631+0000] {dag.py:2742} INFO - Sync 1 DAGs
[2023-07-23T00:13:44.647+0000] {logging_mixin.py:150} INFO - [2023-07-23T00:13:44.647+0000] {dag.py:3508} INFO - Setting next_dagrun for example_sensors to None, run_after=None
[2023-07-23T00:13:44.660+0000] {processor.py:179} INFO - Processing /home/airflow/.local/lib/python3.7/site-packages/airflow/example_dags/example_sensors.py took 0.070 seconds
[2023-07-23T00:14:15.062+0000] {processor.py:157} INFO - Started process (PID=3183) to work on /home/airflow/.local/lib/python3.7/site-packages/airflow/example_dags/example_sensors.py
[2023-07-23T00:14:15.064+0000] {processor.py:826} INFO - Processing file /home/airflow/.local/lib/python3.7/site-packages/airflow/example_dags/example_sensors.py for tasks to queue
[2023-07-23T00:14:15.065+0000] {logging_mixin.py:150} INFO - [2023-07-23T00:14:15.064+0000] {dagbag.py:541} INFO - Filling up the DagBag from /home/airflow/.local/lib/python3.7/site-packages/airflow/example_dags/example_sensors.py
[2023-07-23T00:14:15.073+0000] {processor.py:836} INFO - DAG(s) dict_keys(['example_sensors']) retrieved from /home/airflow/.local/lib/python3.7/site-packages/airflow/example_dags/example_sensors.py
[2023-07-23T00:14:15.101+0000] {logging_mixin.py:150} INFO - [2023-07-23T00:14:15.101+0000] {dag.py:2742} INFO - Sync 1 DAGs
[2023-07-23T00:14:15.122+0000] {logging_mixin.py:150} INFO - [2023-07-23T00:14:15.122+0000] {dag.py:3508} INFO - Setting next_dagrun for example_sensors to None, run_after=None
[2023-07-23T00:14:15.136+0000] {processor.py:179} INFO - Processing /home/airflow/.local/lib/python3.7/site-packages/airflow/example_dags/example_sensors.py took 0.077 seconds
[2023-07-23T00:14:47.851+0000] {processor.py:157} INFO - Started process (PID=3245) to work on /home/airflow/.local/lib/python3.7/site-packages/airflow/example_dags/example_sensors.py
[2023-07-23T00:14:47.853+0000] {processor.py:826} INFO - Processing file /home/airflow/.local/lib/python3.7/site-packages/airflow/example_dags/example_sensors.py for tasks to queue
[2023-07-23T00:14:47.855+0000] {logging_mixin.py:150} INFO - [2023-07-23T00:14:47.855+0000] {dagbag.py:541} INFO - Filling up the DagBag from /home/airflow/.local/lib/python3.7/site-packages/airflow/example_dags/example_sensors.py
[2023-07-23T00:14:47.895+0000] {processor.py:836} INFO - DAG(s) dict_keys(['example_sensors']) retrieved from /home/airflow/.local/lib/python3.7/site-packages/airflow/example_dags/example_sensors.py
[2023-07-23T00:14:47.939+0000] {logging_mixin.py:150} INFO - [2023-07-23T00:14:47.939+0000] {dag.py:2742} INFO - Sync 1 DAGs
[2023-07-23T00:14:47.968+0000] {logging_mixin.py:150} INFO - [2023-07-23T00:14:47.968+0000] {dag.py:3508} INFO - Setting next_dagrun for example_sensors to None, run_after=None
[2023-07-23T00:14:47.983+0000] {processor.py:179} INFO - Processing /home/airflow/.local/lib/python3.7/site-packages/airflow/example_dags/example_sensors.py took 0.139 seconds
[2023-07-23T00:15:19.296+0000] {processor.py:157} INFO - Started process (PID=3309) to work on /home/airflow/.local/lib/python3.7/site-packages/airflow/example_dags/example_sensors.py
[2023-07-23T00:15:19.298+0000] {processor.py:826} INFO - Processing file /home/airflow/.local/lib/python3.7/site-packages/airflow/example_dags/example_sensors.py for tasks to queue
[2023-07-23T00:15:19.302+0000] {logging_mixin.py:150} INFO - [2023-07-23T00:15:19.301+0000] {dagbag.py:541} INFO - Filling up the DagBag from /home/airflow/.local/lib/python3.7/site-packages/airflow/example_dags/example_sensors.py
[2023-07-23T00:15:19.323+0000] {processor.py:836} INFO - DAG(s) dict_keys(['example_sensors']) retrieved from /home/airflow/.local/lib/python3.7/site-packages/airflow/example_dags/example_sensors.py
[2023-07-23T00:15:19.397+0000] {logging_mixin.py:150} INFO - [2023-07-23T00:15:19.395+0000] {dag.py:2742} INFO - Sync 1 DAGs
[2023-07-23T00:15:19.605+0000] {logging_mixin.py:150} INFO - [2023-07-23T00:15:19.604+0000] {dag.py:3508} INFO - Setting next_dagrun for example_sensors to None, run_after=None
[2023-07-23T00:15:19.674+0000] {processor.py:179} INFO - Processing /home/airflow/.local/lib/python3.7/site-packages/airflow/example_dags/example_sensors.py took 0.382 seconds
[2023-07-23T00:15:50.546+0000] {processor.py:157} INFO - Started process (PID=3369) to work on /home/airflow/.local/lib/python3.7/site-packages/airflow/example_dags/example_sensors.py
[2023-07-23T00:15:50.551+0000] {processor.py:826} INFO - Processing file /home/airflow/.local/lib/python3.7/site-packages/airflow/example_dags/example_sensors.py for tasks to queue
[2023-07-23T00:15:50.555+0000] {logging_mixin.py:150} INFO - [2023-07-23T00:15:50.554+0000] {dagbag.py:541} INFO - Filling up the DagBag from /home/airflow/.local/lib/python3.7/site-packages/airflow/example_dags/example_sensors.py
[2023-07-23T00:15:50.595+0000] {processor.py:836} INFO - DAG(s) dict_keys(['example_sensors']) retrieved from /home/airflow/.local/lib/python3.7/site-packages/airflow/example_dags/example_sensors.py
[2023-07-23T00:15:50.656+0000] {logging_mixin.py:150} INFO - [2023-07-23T00:15:50.656+0000] {dag.py:2742} INFO - Sync 1 DAGs
[2023-07-23T00:15:50.697+0000] {logging_mixin.py:150} INFO - [2023-07-23T00:15:50.697+0000] {dag.py:3508} INFO - Setting next_dagrun for example_sensors to None, run_after=None
[2023-07-23T00:15:50.724+0000] {processor.py:179} INFO - Processing /home/airflow/.local/lib/python3.7/site-packages/airflow/example_dags/example_sensors.py took 0.190 seconds
[2023-07-23T00:16:20.796+0000] {processor.py:157} INFO - Started process (PID=3432) to work on /home/airflow/.local/lib/python3.7/site-packages/airflow/example_dags/example_sensors.py
[2023-07-23T00:16:20.800+0000] {processor.py:826} INFO - Processing file /home/airflow/.local/lib/python3.7/site-packages/airflow/example_dags/example_sensors.py for tasks to queue
[2023-07-23T00:16:20.802+0000] {logging_mixin.py:150} INFO - [2023-07-23T00:16:20.801+0000] {dagbag.py:541} INFO - Filling up the DagBag from /home/airflow/.local/lib/python3.7/site-packages/airflow/example_dags/example_sensors.py
[2023-07-23T00:16:20.816+0000] {processor.py:836} INFO - DAG(s) dict_keys(['example_sensors']) retrieved from /home/airflow/.local/lib/python3.7/site-packages/airflow/example_dags/example_sensors.py
[2023-07-23T00:16:20.842+0000] {logging_mixin.py:150} INFO - [2023-07-23T00:16:20.842+0000] {dag.py:2742} INFO - Sync 1 DAGs
[2023-07-23T00:16:20.889+0000] {logging_mixin.py:150} INFO - [2023-07-23T00:16:20.888+0000] {dag.py:3508} INFO - Setting next_dagrun for example_sensors to None, run_after=None
[2023-07-23T00:16:20.910+0000] {processor.py:179} INFO - Processing /home/airflow/.local/lib/python3.7/site-packages/airflow/example_dags/example_sensors.py took 0.122 seconds
[2023-07-23T00:16:51.374+0000] {processor.py:157} INFO - Started process (PID=3497) to work on /home/airflow/.local/lib/python3.7/site-packages/airflow/example_dags/example_sensors.py
[2023-07-23T00:16:51.376+0000] {processor.py:826} INFO - Processing file /home/airflow/.local/lib/python3.7/site-packages/airflow/example_dags/example_sensors.py for tasks to queue
[2023-07-23T00:16:51.378+0000] {logging_mixin.py:150} INFO - [2023-07-23T00:16:51.378+0000] {dagbag.py:541} INFO - Filling up the DagBag from /home/airflow/.local/lib/python3.7/site-packages/airflow/example_dags/example_sensors.py
[2023-07-23T00:16:51.399+0000] {processor.py:836} INFO - DAG(s) dict_keys(['example_sensors']) retrieved from /home/airflow/.local/lib/python3.7/site-packages/airflow/example_dags/example_sensors.py
[2023-07-23T00:16:51.447+0000] {logging_mixin.py:150} INFO - [2023-07-23T00:16:51.447+0000] {dag.py:2742} INFO - Sync 1 DAGs
[2023-07-23T00:16:51.469+0000] {logging_mixin.py:150} INFO - [2023-07-23T00:16:51.469+0000] {dag.py:3508} INFO - Setting next_dagrun for example_sensors to None, run_after=None
[2023-07-23T00:16:51.486+0000] {processor.py:179} INFO - Processing /home/airflow/.local/lib/python3.7/site-packages/airflow/example_dags/example_sensors.py took 0.120 seconds
[2023-07-23T00:17:22.359+0000] {processor.py:157} INFO - Started process (PID=3560) to work on /home/airflow/.local/lib/python3.7/site-packages/airflow/example_dags/example_sensors.py
[2023-07-23T00:17:22.361+0000] {processor.py:826} INFO - Processing file /home/airflow/.local/lib/python3.7/site-packages/airflow/example_dags/example_sensors.py for tasks to queue
[2023-07-23T00:17:22.362+0000] {logging_mixin.py:150} INFO - [2023-07-23T00:17:22.362+0000] {dagbag.py:541} INFO - Filling up the DagBag from /home/airflow/.local/lib/python3.7/site-packages/airflow/example_dags/example_sensors.py
[2023-07-23T00:17:22.371+0000] {processor.py:836} INFO - DAG(s) dict_keys(['example_sensors']) retrieved from /home/airflow/.local/lib/python3.7/site-packages/airflow/example_dags/example_sensors.py
[2023-07-23T00:17:22.513+0000] {logging_mixin.py:150} INFO - [2023-07-23T00:17:22.513+0000] {dag.py:2742} INFO - Sync 1 DAGs
[2023-07-23T00:17:22.562+0000] {logging_mixin.py:150} INFO - [2023-07-23T00:17:22.562+0000] {dag.py:3508} INFO - Setting next_dagrun for example_sensors to None, run_after=None
[2023-07-23T00:17:22.599+0000] {processor.py:179} INFO - Processing /home/airflow/.local/lib/python3.7/site-packages/airflow/example_dags/example_sensors.py took 0.244 seconds
[2023-07-23T00:17:53.396+0000] {processor.py:157} INFO - Started process (PID=3623) to work on /home/airflow/.local/lib/python3.7/site-packages/airflow/example_dags/example_sensors.py
[2023-07-23T00:17:53.398+0000] {processor.py:826} INFO - Processing file /home/airflow/.local/lib/python3.7/site-packages/airflow/example_dags/example_sensors.py for tasks to queue
[2023-07-23T00:17:53.400+0000] {logging_mixin.py:150} INFO - [2023-07-23T00:17:53.399+0000] {dagbag.py:541} INFO - Filling up the DagBag from /home/airflow/.local/lib/python3.7/site-packages/airflow/example_dags/example_sensors.py
[2023-07-23T00:17:53.418+0000] {processor.py:836} INFO - DAG(s) dict_keys(['example_sensors']) retrieved from /home/airflow/.local/lib/python3.7/site-packages/airflow/example_dags/example_sensors.py
[2023-07-23T00:17:53.459+0000] {logging_mixin.py:150} INFO - [2023-07-23T00:17:53.459+0000] {dag.py:2742} INFO - Sync 1 DAGs
[2023-07-23T00:17:53.485+0000] {logging_mixin.py:150} INFO - [2023-07-23T00:17:53.485+0000] {dag.py:3508} INFO - Setting next_dagrun for example_sensors to None, run_after=None
[2023-07-23T00:17:53.501+0000] {processor.py:179} INFO - Processing /home/airflow/.local/lib/python3.7/site-packages/airflow/example_dags/example_sensors.py took 0.111 seconds
[2023-07-23T00:18:24.025+0000] {processor.py:157} INFO - Started process (PID=3686) to work on /home/airflow/.local/lib/python3.7/site-packages/airflow/example_dags/example_sensors.py
[2023-07-23T00:18:24.027+0000] {processor.py:826} INFO - Processing file /home/airflow/.local/lib/python3.7/site-packages/airflow/example_dags/example_sensors.py for tasks to queue
[2023-07-23T00:18:24.030+0000] {logging_mixin.py:150} INFO - [2023-07-23T00:18:24.029+0000] {dagbag.py:541} INFO - Filling up the DagBag from /home/airflow/.local/lib/python3.7/site-packages/airflow/example_dags/example_sensors.py
[2023-07-23T00:18:24.044+0000] {processor.py:836} INFO - DAG(s) dict_keys(['example_sensors']) retrieved from /home/airflow/.local/lib/python3.7/site-packages/airflow/example_dags/example_sensors.py
[2023-07-23T00:18:24.065+0000] {logging_mixin.py:150} INFO - [2023-07-23T00:18:24.065+0000] {dag.py:2742} INFO - Sync 1 DAGs
[2023-07-23T00:18:24.081+0000] {logging_mixin.py:150} INFO - [2023-07-23T00:18:24.081+0000] {dag.py:3508} INFO - Setting next_dagrun for example_sensors to None, run_after=None
[2023-07-23T00:18:24.093+0000] {processor.py:179} INFO - Processing /home/airflow/.local/lib/python3.7/site-packages/airflow/example_dags/example_sensors.py took 0.078 seconds
[2023-07-23T00:18:54.680+0000] {processor.py:157} INFO - Started process (PID=3748) to work on /home/airflow/.local/lib/python3.7/site-packages/airflow/example_dags/example_sensors.py
[2023-07-23T00:18:54.682+0000] {processor.py:826} INFO - Processing file /home/airflow/.local/lib/python3.7/site-packages/airflow/example_dags/example_sensors.py for tasks to queue
[2023-07-23T00:18:54.684+0000] {logging_mixin.py:150} INFO - [2023-07-23T00:18:54.683+0000] {dagbag.py:541} INFO - Filling up the DagBag from /home/airflow/.local/lib/python3.7/site-packages/airflow/example_dags/example_sensors.py
[2023-07-23T00:18:54.695+0000] {processor.py:836} INFO - DAG(s) dict_keys(['example_sensors']) retrieved from /home/airflow/.local/lib/python3.7/site-packages/airflow/example_dags/example_sensors.py
[2023-07-23T00:18:54.719+0000] {logging_mixin.py:150} INFO - [2023-07-23T00:18:54.719+0000] {dag.py:2742} INFO - Sync 1 DAGs
[2023-07-23T00:18:54.733+0000] {logging_mixin.py:150} INFO - [2023-07-23T00:18:54.733+0000] {dag.py:3508} INFO - Setting next_dagrun for example_sensors to None, run_after=None
[2023-07-23T00:18:54.745+0000] {processor.py:179} INFO - Processing /home/airflow/.local/lib/python3.7/site-packages/airflow/example_dags/example_sensors.py took 0.072 seconds
[2023-07-23T00:19:25.023+0000] {processor.py:157} INFO - Started process (PID=3811) to work on /home/airflow/.local/lib/python3.7/site-packages/airflow/example_dags/example_sensors.py
[2023-07-23T00:19:25.025+0000] {processor.py:826} INFO - Processing file /home/airflow/.local/lib/python3.7/site-packages/airflow/example_dags/example_sensors.py for tasks to queue
[2023-07-23T00:19:25.027+0000] {logging_mixin.py:150} INFO - [2023-07-23T00:19:25.027+0000] {dagbag.py:541} INFO - Filling up the DagBag from /home/airflow/.local/lib/python3.7/site-packages/airflow/example_dags/example_sensors.py
[2023-07-23T00:19:25.060+0000] {processor.py:836} INFO - DAG(s) dict_keys(['example_sensors']) retrieved from /home/airflow/.local/lib/python3.7/site-packages/airflow/example_dags/example_sensors.py
[2023-07-23T00:19:25.103+0000] {logging_mixin.py:150} INFO - [2023-07-23T00:19:25.103+0000] {dag.py:2742} INFO - Sync 1 DAGs
[2023-07-23T00:19:25.124+0000] {logging_mixin.py:150} INFO - [2023-07-23T00:19:25.124+0000] {dag.py:3508} INFO - Setting next_dagrun for example_sensors to None, run_after=None
[2023-07-23T00:19:25.139+0000] {processor.py:179} INFO - Processing /home/airflow/.local/lib/python3.7/site-packages/airflow/example_dags/example_sensors.py took 0.121 seconds
[2023-07-23T00:19:55.559+0000] {processor.py:157} INFO - Started process (PID=3874) to work on /home/airflow/.local/lib/python3.7/site-packages/airflow/example_dags/example_sensors.py
[2023-07-23T00:19:55.561+0000] {processor.py:826} INFO - Processing file /home/airflow/.local/lib/python3.7/site-packages/airflow/example_dags/example_sensors.py for tasks to queue
[2023-07-23T00:19:55.563+0000] {logging_mixin.py:150} INFO - [2023-07-23T00:19:55.563+0000] {dagbag.py:541} INFO - Filling up the DagBag from /home/airflow/.local/lib/python3.7/site-packages/airflow/example_dags/example_sensors.py
[2023-07-23T00:19:55.576+0000] {processor.py:836} INFO - DAG(s) dict_keys(['example_sensors']) retrieved from /home/airflow/.local/lib/python3.7/site-packages/airflow/example_dags/example_sensors.py
[2023-07-23T00:19:55.606+0000] {logging_mixin.py:150} INFO - [2023-07-23T00:19:55.606+0000] {dag.py:2742} INFO - Sync 1 DAGs
[2023-07-23T00:19:55.626+0000] {logging_mixin.py:150} INFO - [2023-07-23T00:19:55.626+0000] {dag.py:3508} INFO - Setting next_dagrun for example_sensors to None, run_after=None
[2023-07-23T00:19:55.639+0000] {processor.py:179} INFO - Processing /home/airflow/.local/lib/python3.7/site-packages/airflow/example_dags/example_sensors.py took 0.087 seconds
[2023-07-23T00:20:26.191+0000] {processor.py:157} INFO - Started process (PID=3937) to work on /home/airflow/.local/lib/python3.7/site-packages/airflow/example_dags/example_sensors.py
[2023-07-23T00:20:26.194+0000] {processor.py:826} INFO - Processing file /home/airflow/.local/lib/python3.7/site-packages/airflow/example_dags/example_sensors.py for tasks to queue
[2023-07-23T00:20:26.196+0000] {logging_mixin.py:150} INFO - [2023-07-23T00:20:26.196+0000] {dagbag.py:541} INFO - Filling up the DagBag from /home/airflow/.local/lib/python3.7/site-packages/airflow/example_dags/example_sensors.py
[2023-07-23T00:20:26.213+0000] {processor.py:836} INFO - DAG(s) dict_keys(['example_sensors']) retrieved from /home/airflow/.local/lib/python3.7/site-packages/airflow/example_dags/example_sensors.py
[2023-07-23T00:20:26.243+0000] {logging_mixin.py:150} INFO - [2023-07-23T00:20:26.243+0000] {dag.py:2742} INFO - Sync 1 DAGs
[2023-07-23T00:20:26.260+0000] {logging_mixin.py:150} INFO - [2023-07-23T00:20:26.260+0000] {dag.py:3508} INFO - Setting next_dagrun for example_sensors to None, run_after=None
[2023-07-23T00:20:26.273+0000] {processor.py:179} INFO - Processing /home/airflow/.local/lib/python3.7/site-packages/airflow/example_dags/example_sensors.py took 0.088 seconds
[2023-07-23T00:20:56.624+0000] {processor.py:157} INFO - Started process (PID=4000) to work on /home/airflow/.local/lib/python3.7/site-packages/airflow/example_dags/example_sensors.py
[2023-07-23T00:20:56.625+0000] {processor.py:826} INFO - Processing file /home/airflow/.local/lib/python3.7/site-packages/airflow/example_dags/example_sensors.py for tasks to queue
[2023-07-23T00:20:56.627+0000] {logging_mixin.py:150} INFO - [2023-07-23T00:20:56.626+0000] {dagbag.py:541} INFO - Filling up the DagBag from /home/airflow/.local/lib/python3.7/site-packages/airflow/example_dags/example_sensors.py
[2023-07-23T00:20:56.638+0000] {processor.py:836} INFO - DAG(s) dict_keys(['example_sensors']) retrieved from /home/airflow/.local/lib/python3.7/site-packages/airflow/example_dags/example_sensors.py
[2023-07-23T00:20:56.662+0000] {logging_mixin.py:150} INFO - [2023-07-23T00:20:56.662+0000] {dag.py:2742} INFO - Sync 1 DAGs
[2023-07-23T00:20:56.678+0000] {logging_mixin.py:150} INFO - [2023-07-23T00:20:56.678+0000] {dag.py:3508} INFO - Setting next_dagrun for example_sensors to None, run_after=None
[2023-07-23T00:20:56.690+0000] {processor.py:179} INFO - Processing /home/airflow/.local/lib/python3.7/site-packages/airflow/example_dags/example_sensors.py took 0.071 seconds
[2023-07-23T00:21:27.174+0000] {processor.py:157} INFO - Started process (PID=4063) to work on /home/airflow/.local/lib/python3.7/site-packages/airflow/example_dags/example_sensors.py
[2023-07-23T00:21:27.177+0000] {processor.py:826} INFO - Processing file /home/airflow/.local/lib/python3.7/site-packages/airflow/example_dags/example_sensors.py for tasks to queue
[2023-07-23T00:21:27.179+0000] {logging_mixin.py:150} INFO - [2023-07-23T00:21:27.179+0000] {dagbag.py:541} INFO - Filling up the DagBag from /home/airflow/.local/lib/python3.7/site-packages/airflow/example_dags/example_sensors.py
[2023-07-23T00:21:27.190+0000] {processor.py:836} INFO - DAG(s) dict_keys(['example_sensors']) retrieved from /home/airflow/.local/lib/python3.7/site-packages/airflow/example_dags/example_sensors.py
[2023-07-23T00:21:27.222+0000] {logging_mixin.py:150} INFO - [2023-07-23T00:21:27.222+0000] {dag.py:2742} INFO - Sync 1 DAGs
[2023-07-23T00:21:27.239+0000] {logging_mixin.py:150} INFO - [2023-07-23T00:21:27.239+0000] {dag.py:3508} INFO - Setting next_dagrun for example_sensors to None, run_after=None
[2023-07-23T00:21:27.252+0000] {processor.py:179} INFO - Processing /home/airflow/.local/lib/python3.7/site-packages/airflow/example_dags/example_sensors.py took 0.081 seconds
[2023-07-23T00:21:57.295+0000] {processor.py:157} INFO - Started process (PID=4125) to work on /home/airflow/.local/lib/python3.7/site-packages/airflow/example_dags/example_sensors.py
[2023-07-23T00:21:57.296+0000] {processor.py:826} INFO - Processing file /home/airflow/.local/lib/python3.7/site-packages/airflow/example_dags/example_sensors.py for tasks to queue
[2023-07-23T00:21:57.297+0000] {logging_mixin.py:150} INFO - [2023-07-23T00:21:57.297+0000] {dagbag.py:541} INFO - Filling up the DagBag from /home/airflow/.local/lib/python3.7/site-packages/airflow/example_dags/example_sensors.py
[2023-07-23T00:21:57.305+0000] {processor.py:836} INFO - DAG(s) dict_keys(['example_sensors']) retrieved from /home/airflow/.local/lib/python3.7/site-packages/airflow/example_dags/example_sensors.py
[2023-07-23T00:21:57.326+0000] {logging_mixin.py:150} INFO - [2023-07-23T00:21:57.326+0000] {dag.py:2742} INFO - Sync 1 DAGs
[2023-07-23T00:21:57.343+0000] {logging_mixin.py:150} INFO - [2023-07-23T00:21:57.343+0000] {dag.py:3508} INFO - Setting next_dagrun for example_sensors to None, run_after=None
[2023-07-23T00:21:57.355+0000] {processor.py:179} INFO - Processing /home/airflow/.local/lib/python3.7/site-packages/airflow/example_dags/example_sensors.py took 0.063 seconds
[2023-07-23T00:22:27.796+0000] {processor.py:157} INFO - Started process (PID=4188) to work on /home/airflow/.local/lib/python3.7/site-packages/airflow/example_dags/example_sensors.py
[2023-07-23T00:22:27.798+0000] {processor.py:826} INFO - Processing file /home/airflow/.local/lib/python3.7/site-packages/airflow/example_dags/example_sensors.py for tasks to queue
[2023-07-23T00:22:27.799+0000] {logging_mixin.py:150} INFO - [2023-07-23T00:22:27.799+0000] {dagbag.py:541} INFO - Filling up the DagBag from /home/airflow/.local/lib/python3.7/site-packages/airflow/example_dags/example_sensors.py
[2023-07-23T00:22:27.813+0000] {processor.py:836} INFO - DAG(s) dict_keys(['example_sensors']) retrieved from /home/airflow/.local/lib/python3.7/site-packages/airflow/example_dags/example_sensors.py
[2023-07-23T00:22:27.842+0000] {logging_mixin.py:150} INFO - [2023-07-23T00:22:27.841+0000] {dag.py:2742} INFO - Sync 1 DAGs
[2023-07-23T00:22:27.862+0000] {logging_mixin.py:150} INFO - [2023-07-23T00:22:27.862+0000] {dag.py:3508} INFO - Setting next_dagrun for example_sensors to None, run_after=None
[2023-07-23T00:22:27.877+0000] {processor.py:179} INFO - Processing /home/airflow/.local/lib/python3.7/site-packages/airflow/example_dags/example_sensors.py took 0.086 seconds
[2023-07-23T00:22:58.763+0000] {processor.py:157} INFO - Started process (PID=4251) to work on /home/airflow/.local/lib/python3.7/site-packages/airflow/example_dags/example_sensors.py
[2023-07-23T00:22:58.765+0000] {processor.py:826} INFO - Processing file /home/airflow/.local/lib/python3.7/site-packages/airflow/example_dags/example_sensors.py for tasks to queue
[2023-07-23T00:22:58.766+0000] {logging_mixin.py:150} INFO - [2023-07-23T00:22:58.766+0000] {dagbag.py:541} INFO - Filling up the DagBag from /home/airflow/.local/lib/python3.7/site-packages/airflow/example_dags/example_sensors.py
[2023-07-23T00:22:58.781+0000] {processor.py:836} INFO - DAG(s) dict_keys(['example_sensors']) retrieved from /home/airflow/.local/lib/python3.7/site-packages/airflow/example_dags/example_sensors.py
[2023-07-23T00:22:58.815+0000] {logging_mixin.py:150} INFO - [2023-07-23T00:22:58.815+0000] {dag.py:2742} INFO - Sync 1 DAGs
[2023-07-23T00:22:58.838+0000] {logging_mixin.py:150} INFO - [2023-07-23T00:22:58.838+0000] {dag.py:3508} INFO - Setting next_dagrun for example_sensors to None, run_after=None
[2023-07-23T00:22:58.853+0000] {processor.py:179} INFO - Processing /home/airflow/.local/lib/python3.7/site-packages/airflow/example_dags/example_sensors.py took 0.093 seconds
[2023-07-23T00:23:29.173+0000] {processor.py:157} INFO - Started process (PID=4315) to work on /home/airflow/.local/lib/python3.7/site-packages/airflow/example_dags/example_sensors.py
[2023-07-23T00:23:29.175+0000] {processor.py:826} INFO - Processing file /home/airflow/.local/lib/python3.7/site-packages/airflow/example_dags/example_sensors.py for tasks to queue
[2023-07-23T00:23:29.179+0000] {logging_mixin.py:150} INFO - [2023-07-23T00:23:29.178+0000] {dagbag.py:541} INFO - Filling up the DagBag from /home/airflow/.local/lib/python3.7/site-packages/airflow/example_dags/example_sensors.py
[2023-07-23T00:23:29.192+0000] {processor.py:836} INFO - DAG(s) dict_keys(['example_sensors']) retrieved from /home/airflow/.local/lib/python3.7/site-packages/airflow/example_dags/example_sensors.py
[2023-07-23T00:23:29.219+0000] {logging_mixin.py:150} INFO - [2023-07-23T00:23:29.219+0000] {dag.py:2742} INFO - Sync 1 DAGs
[2023-07-23T00:23:29.240+0000] {logging_mixin.py:150} INFO - [2023-07-23T00:23:29.240+0000] {dag.py:3508} INFO - Setting next_dagrun for example_sensors to None, run_after=None
[2023-07-23T00:23:29.261+0000] {processor.py:179} INFO - Processing /home/airflow/.local/lib/python3.7/site-packages/airflow/example_dags/example_sensors.py took 0.093 seconds
[2023-07-23T00:23:59.470+0000] {processor.py:157} INFO - Started process (PID=4378) to work on /home/airflow/.local/lib/python3.7/site-packages/airflow/example_dags/example_sensors.py
[2023-07-23T00:23:59.472+0000] {processor.py:826} INFO - Processing file /home/airflow/.local/lib/python3.7/site-packages/airflow/example_dags/example_sensors.py for tasks to queue
[2023-07-23T00:23:59.473+0000] {logging_mixin.py:150} INFO - [2023-07-23T00:23:59.473+0000] {dagbag.py:541} INFO - Filling up the DagBag from /home/airflow/.local/lib/python3.7/site-packages/airflow/example_dags/example_sensors.py
[2023-07-23T00:23:59.492+0000] {processor.py:836} INFO - DAG(s) dict_keys(['example_sensors']) retrieved from /home/airflow/.local/lib/python3.7/site-packages/airflow/example_dags/example_sensors.py
[2023-07-23T00:23:59.524+0000] {logging_mixin.py:150} INFO - [2023-07-23T00:23:59.524+0000] {dag.py:2742} INFO - Sync 1 DAGs
[2023-07-23T00:23:59.546+0000] {logging_mixin.py:150} INFO - [2023-07-23T00:23:59.546+0000] {dag.py:3508} INFO - Setting next_dagrun for example_sensors to None, run_after=None
[2023-07-23T00:23:59.561+0000] {processor.py:179} INFO - Processing /home/airflow/.local/lib/python3.7/site-packages/airflow/example_dags/example_sensors.py took 0.094 seconds
[2023-07-23T00:24:29.645+0000] {processor.py:157} INFO - Started process (PID=4442) to work on /home/airflow/.local/lib/python3.7/site-packages/airflow/example_dags/example_sensors.py
[2023-07-23T00:24:29.647+0000] {processor.py:826} INFO - Processing file /home/airflow/.local/lib/python3.7/site-packages/airflow/example_dags/example_sensors.py for tasks to queue
[2023-07-23T00:24:29.648+0000] {logging_mixin.py:150} INFO - [2023-07-23T00:24:29.647+0000] {dagbag.py:541} INFO - Filling up the DagBag from /home/airflow/.local/lib/python3.7/site-packages/airflow/example_dags/example_sensors.py
[2023-07-23T00:24:29.658+0000] {processor.py:836} INFO - DAG(s) dict_keys(['example_sensors']) retrieved from /home/airflow/.local/lib/python3.7/site-packages/airflow/example_dags/example_sensors.py
[2023-07-23T00:24:29.683+0000] {logging_mixin.py:150} INFO - [2023-07-23T00:24:29.683+0000] {dag.py:2742} INFO - Sync 1 DAGs
[2023-07-23T00:24:29.700+0000] {logging_mixin.py:150} INFO - [2023-07-23T00:24:29.700+0000] {dag.py:3508} INFO - Setting next_dagrun for example_sensors to None, run_after=None
[2023-07-23T00:24:29.712+0000] {processor.py:179} INFO - Processing /home/airflow/.local/lib/python3.7/site-packages/airflow/example_dags/example_sensors.py took 0.072 seconds
