[2023-07-23T00:00:26.864+0000] {processor.py:157} INFO - Started process (PID=1455) to work on /home/airflow/.local/lib/python3.7/site-packages/airflow/example_dags/example_complex.py
[2023-07-23T00:00:26.865+0000] {processor.py:826} INFO - Processing file /home/airflow/.local/lib/python3.7/site-packages/airflow/example_dags/example_complex.py for tasks to queue
[2023-07-23T00:00:26.866+0000] {logging_mixin.py:150} INFO - [2023-07-23T00:00:26.866+0000] {dagbag.py:541} INFO - Filling up the DagBag from /home/airflow/.local/lib/python3.7/site-packages/airflow/example_dags/example_complex.py
[2023-07-23T00:00:26.905+0000] {processor.py:836} INFO - DAG(s) dict_keys(['example_complex']) retrieved from /home/airflow/.local/lib/python3.7/site-packages/airflow/example_dags/example_complex.py
[2023-07-23T00:00:26.964+0000] {logging_mixin.py:150} INFO - [2023-07-23T00:00:26.963+0000] {dag.py:2742} INFO - Sync 1 DAGs
[2023-07-23T00:00:26.990+0000] {logging_mixin.py:150} INFO - [2023-07-23T00:00:26.990+0000] {dag.py:3508} INFO - Setting next_dagrun for example_complex to None, run_after=None
[2023-07-23T00:00:27.006+0000] {processor.py:179} INFO - Processing /home/airflow/.local/lib/python3.7/site-packages/airflow/example_dags/example_complex.py took 0.148 seconds
[2023-07-23T00:00:57.596+0000] {processor.py:157} INFO - Started process (PID=1518) to work on /home/airflow/.local/lib/python3.7/site-packages/airflow/example_dags/example_complex.py
[2023-07-23T00:00:57.598+0000] {processor.py:826} INFO - Processing file /home/airflow/.local/lib/python3.7/site-packages/airflow/example_dags/example_complex.py for tasks to queue
[2023-07-23T00:00:57.599+0000] {logging_mixin.py:150} INFO - [2023-07-23T00:00:57.599+0000] {dagbag.py:541} INFO - Filling up the DagBag from /home/airflow/.local/lib/python3.7/site-packages/airflow/example_dags/example_complex.py
[2023-07-23T00:00:57.616+0000] {processor.py:836} INFO - DAG(s) dict_keys(['example_complex']) retrieved from /home/airflow/.local/lib/python3.7/site-packages/airflow/example_dags/example_complex.py
[2023-07-23T00:00:57.677+0000] {logging_mixin.py:150} INFO - [2023-07-23T00:00:57.677+0000] {dag.py:2742} INFO - Sync 1 DAGs
[2023-07-23T00:00:57.720+0000] {logging_mixin.py:150} INFO - [2023-07-23T00:00:57.720+0000] {dag.py:3508} INFO - Setting next_dagrun for example_complex to None, run_after=None
[2023-07-23T00:00:57.741+0000] {processor.py:179} INFO - Processing /home/airflow/.local/lib/python3.7/site-packages/airflow/example_dags/example_complex.py took 0.150 seconds
[2023-07-23T00:01:28.022+0000] {processor.py:157} INFO - Started process (PID=1581) to work on /home/airflow/.local/lib/python3.7/site-packages/airflow/example_dags/example_complex.py
[2023-07-23T00:01:28.023+0000] {processor.py:826} INFO - Processing file /home/airflow/.local/lib/python3.7/site-packages/airflow/example_dags/example_complex.py for tasks to queue
[2023-07-23T00:01:28.025+0000] {logging_mixin.py:150} INFO - [2023-07-23T00:01:28.024+0000] {dagbag.py:541} INFO - Filling up the DagBag from /home/airflow/.local/lib/python3.7/site-packages/airflow/example_dags/example_complex.py
[2023-07-23T00:01:28.041+0000] {processor.py:836} INFO - DAG(s) dict_keys(['example_complex']) retrieved from /home/airflow/.local/lib/python3.7/site-packages/airflow/example_dags/example_complex.py
[2023-07-23T00:01:28.086+0000] {logging_mixin.py:150} INFO - [2023-07-23T00:01:28.086+0000] {dag.py:2742} INFO - Sync 1 DAGs
[2023-07-23T00:01:28.104+0000] {logging_mixin.py:150} INFO - [2023-07-23T00:01:28.104+0000] {dag.py:3508} INFO - Setting next_dagrun for example_complex to None, run_after=None
[2023-07-23T00:01:28.118+0000] {processor.py:179} INFO - Processing /home/airflow/.local/lib/python3.7/site-packages/airflow/example_dags/example_complex.py took 0.101 seconds
[2023-07-23T00:01:58.513+0000] {processor.py:157} INFO - Started process (PID=1646) to work on /home/airflow/.local/lib/python3.7/site-packages/airflow/example_dags/example_complex.py
[2023-07-23T00:01:58.517+0000] {processor.py:826} INFO - Processing file /home/airflow/.local/lib/python3.7/site-packages/airflow/example_dags/example_complex.py for tasks to queue
[2023-07-23T00:01:58.528+0000] {logging_mixin.py:150} INFO - [2023-07-23T00:01:58.527+0000] {dagbag.py:541} INFO - Filling up the DagBag from /home/airflow/.local/lib/python3.7/site-packages/airflow/example_dags/example_complex.py
[2023-07-23T00:01:58.557+0000] {processor.py:836} INFO - DAG(s) dict_keys(['example_complex']) retrieved from /home/airflow/.local/lib/python3.7/site-packages/airflow/example_dags/example_complex.py
[2023-07-23T00:01:58.635+0000] {logging_mixin.py:150} INFO - [2023-07-23T00:01:58.634+0000] {dag.py:2742} INFO - Sync 1 DAGs
[2023-07-23T00:01:58.669+0000] {logging_mixin.py:150} INFO - [2023-07-23T00:01:58.668+0000] {dag.py:3508} INFO - Setting next_dagrun for example_complex to None, run_after=None
[2023-07-23T00:01:58.704+0000] {processor.py:179} INFO - Processing /home/airflow/.local/lib/python3.7/site-packages/airflow/example_dags/example_complex.py took 0.198 seconds
[2023-07-23T00:02:29.831+0000] {processor.py:157} INFO - Started process (PID=1713) to work on /home/airflow/.local/lib/python3.7/site-packages/airflow/example_dags/example_complex.py
[2023-07-23T00:02:29.833+0000] {processor.py:826} INFO - Processing file /home/airflow/.local/lib/python3.7/site-packages/airflow/example_dags/example_complex.py for tasks to queue
[2023-07-23T00:02:29.834+0000] {logging_mixin.py:150} INFO - [2023-07-23T00:02:29.833+0000] {dagbag.py:541} INFO - Filling up the DagBag from /home/airflow/.local/lib/python3.7/site-packages/airflow/example_dags/example_complex.py
[2023-07-23T00:02:29.843+0000] {processor.py:836} INFO - DAG(s) dict_keys(['example_complex']) retrieved from /home/airflow/.local/lib/python3.7/site-packages/airflow/example_dags/example_complex.py
[2023-07-23T00:02:29.877+0000] {logging_mixin.py:150} INFO - [2023-07-23T00:02:29.877+0000] {dag.py:2742} INFO - Sync 1 DAGs
[2023-07-23T00:02:29.908+0000] {logging_mixin.py:150} INFO - [2023-07-23T00:02:29.908+0000] {dag.py:3508} INFO - Setting next_dagrun for example_complex to None, run_after=None
[2023-07-23T00:02:29.927+0000] {processor.py:179} INFO - Processing /home/airflow/.local/lib/python3.7/site-packages/airflow/example_dags/example_complex.py took 0.100 seconds
[2023-07-23T00:03:00.318+0000] {processor.py:157} INFO - Started process (PID=1776) to work on /home/airflow/.local/lib/python3.7/site-packages/airflow/example_dags/example_complex.py
[2023-07-23T00:03:00.321+0000] {processor.py:826} INFO - Processing file /home/airflow/.local/lib/python3.7/site-packages/airflow/example_dags/example_complex.py for tasks to queue
[2023-07-23T00:03:00.323+0000] {logging_mixin.py:150} INFO - [2023-07-23T00:03:00.322+0000] {dagbag.py:541} INFO - Filling up the DagBag from /home/airflow/.local/lib/python3.7/site-packages/airflow/example_dags/example_complex.py
[2023-07-23T00:03:00.337+0000] {processor.py:836} INFO - DAG(s) dict_keys(['example_complex']) retrieved from /home/airflow/.local/lib/python3.7/site-packages/airflow/example_dags/example_complex.py
[2023-07-23T00:03:00.365+0000] {logging_mixin.py:150} INFO - [2023-07-23T00:03:00.365+0000] {dag.py:2742} INFO - Sync 1 DAGs
[2023-07-23T00:03:00.380+0000] {logging_mixin.py:150} INFO - [2023-07-23T00:03:00.380+0000] {dag.py:3508} INFO - Setting next_dagrun for example_complex to None, run_after=None
[2023-07-23T00:03:00.391+0000] {processor.py:179} INFO - Processing /home/airflow/.local/lib/python3.7/site-packages/airflow/example_dags/example_complex.py took 0.081 seconds
[2023-07-23T00:03:30.464+0000] {processor.py:157} INFO - Started process (PID=1839) to work on /home/airflow/.local/lib/python3.7/site-packages/airflow/example_dags/example_complex.py
[2023-07-23T00:03:30.466+0000] {processor.py:826} INFO - Processing file /home/airflow/.local/lib/python3.7/site-packages/airflow/example_dags/example_complex.py for tasks to queue
[2023-07-23T00:03:30.467+0000] {logging_mixin.py:150} INFO - [2023-07-23T00:03:30.467+0000] {dagbag.py:541} INFO - Filling up the DagBag from /home/airflow/.local/lib/python3.7/site-packages/airflow/example_dags/example_complex.py
[2023-07-23T00:03:30.475+0000] {processor.py:836} INFO - DAG(s) dict_keys(['example_complex']) retrieved from /home/airflow/.local/lib/python3.7/site-packages/airflow/example_dags/example_complex.py
[2023-07-23T00:03:30.502+0000] {logging_mixin.py:150} INFO - [2023-07-23T00:03:30.502+0000] {dag.py:2742} INFO - Sync 1 DAGs
[2023-07-23T00:03:30.519+0000] {logging_mixin.py:150} INFO - [2023-07-23T00:03:30.519+0000] {dag.py:3508} INFO - Setting next_dagrun for example_complex to None, run_after=None
[2023-07-23T00:03:30.536+0000] {processor.py:179} INFO - Processing /home/airflow/.local/lib/python3.7/site-packages/airflow/example_dags/example_complex.py took 0.075 seconds
[2023-07-23T00:04:01.352+0000] {processor.py:157} INFO - Started process (PID=1902) to work on /home/airflow/.local/lib/python3.7/site-packages/airflow/example_dags/example_complex.py
[2023-07-23T00:04:01.354+0000] {processor.py:826} INFO - Processing file /home/airflow/.local/lib/python3.7/site-packages/airflow/example_dags/example_complex.py for tasks to queue
[2023-07-23T00:04:01.356+0000] {logging_mixin.py:150} INFO - [2023-07-23T00:04:01.356+0000] {dagbag.py:541} INFO - Filling up the DagBag from /home/airflow/.local/lib/python3.7/site-packages/airflow/example_dags/example_complex.py
[2023-07-23T00:04:01.404+0000] {processor.py:836} INFO - DAG(s) dict_keys(['example_complex']) retrieved from /home/airflow/.local/lib/python3.7/site-packages/airflow/example_dags/example_complex.py
[2023-07-23T00:04:01.488+0000] {logging_mixin.py:150} INFO - [2023-07-23T00:04:01.487+0000] {dag.py:2742} INFO - Sync 1 DAGs
[2023-07-23T00:04:01.511+0000] {logging_mixin.py:150} INFO - [2023-07-23T00:04:01.510+0000] {dag.py:3508} INFO - Setting next_dagrun for example_complex to None, run_after=None
[2023-07-23T00:04:01.528+0000] {processor.py:179} INFO - Processing /home/airflow/.local/lib/python3.7/site-packages/airflow/example_dags/example_complex.py took 0.188 seconds
[2023-07-23T00:04:31.611+0000] {processor.py:157} INFO - Started process (PID=1966) to work on /home/airflow/.local/lib/python3.7/site-packages/airflow/example_dags/example_complex.py
[2023-07-23T00:04:31.612+0000] {processor.py:826} INFO - Processing file /home/airflow/.local/lib/python3.7/site-packages/airflow/example_dags/example_complex.py for tasks to queue
[2023-07-23T00:04:31.613+0000] {logging_mixin.py:150} INFO - [2023-07-23T00:04:31.613+0000] {dagbag.py:541} INFO - Filling up the DagBag from /home/airflow/.local/lib/python3.7/site-packages/airflow/example_dags/example_complex.py
[2023-07-23T00:04:31.625+0000] {processor.py:836} INFO - DAG(s) dict_keys(['example_complex']) retrieved from /home/airflow/.local/lib/python3.7/site-packages/airflow/example_dags/example_complex.py
[2023-07-23T00:04:31.665+0000] {logging_mixin.py:150} INFO - [2023-07-23T00:04:31.665+0000] {dag.py:2742} INFO - Sync 1 DAGs
[2023-07-23T00:04:31.690+0000] {logging_mixin.py:150} INFO - [2023-07-23T00:04:31.690+0000] {dag.py:3508} INFO - Setting next_dagrun for example_complex to None, run_after=None
[2023-07-23T00:04:31.713+0000] {processor.py:179} INFO - Processing /home/airflow/.local/lib/python3.7/site-packages/airflow/example_dags/example_complex.py took 0.105 seconds
[2023-07-23T00:05:01.932+0000] {processor.py:157} INFO - Started process (PID=2028) to work on /home/airflow/.local/lib/python3.7/site-packages/airflow/example_dags/example_complex.py
[2023-07-23T00:05:01.933+0000] {processor.py:826} INFO - Processing file /home/airflow/.local/lib/python3.7/site-packages/airflow/example_dags/example_complex.py for tasks to queue
[2023-07-23T00:05:01.934+0000] {logging_mixin.py:150} INFO - [2023-07-23T00:05:01.934+0000] {dagbag.py:541} INFO - Filling up the DagBag from /home/airflow/.local/lib/python3.7/site-packages/airflow/example_dags/example_complex.py
[2023-07-23T00:05:01.946+0000] {processor.py:836} INFO - DAG(s) dict_keys(['example_complex']) retrieved from /home/airflow/.local/lib/python3.7/site-packages/airflow/example_dags/example_complex.py
[2023-07-23T00:05:02.134+0000] {logging_mixin.py:150} INFO - [2023-07-23T00:05:02.134+0000] {dag.py:2742} INFO - Sync 1 DAGs
[2023-07-23T00:05:02.219+0000] {logging_mixin.py:150} INFO - [2023-07-23T00:05:02.219+0000] {dag.py:3508} INFO - Setting next_dagrun for example_complex to None, run_after=None
[2023-07-23T00:05:02.264+0000] {processor.py:179} INFO - Processing /home/airflow/.local/lib/python3.7/site-packages/airflow/example_dags/example_complex.py took 0.336 seconds
[2023-07-23T00:05:33.149+0000] {processor.py:157} INFO - Started process (PID=2092) to work on /home/airflow/.local/lib/python3.7/site-packages/airflow/example_dags/example_complex.py
[2023-07-23T00:05:33.150+0000] {processor.py:826} INFO - Processing file /home/airflow/.local/lib/python3.7/site-packages/airflow/example_dags/example_complex.py for tasks to queue
[2023-07-23T00:05:33.151+0000] {logging_mixin.py:150} INFO - [2023-07-23T00:05:33.151+0000] {dagbag.py:541} INFO - Filling up the DagBag from /home/airflow/.local/lib/python3.7/site-packages/airflow/example_dags/example_complex.py
[2023-07-23T00:05:33.160+0000] {processor.py:836} INFO - DAG(s) dict_keys(['example_complex']) retrieved from /home/airflow/.local/lib/python3.7/site-packages/airflow/example_dags/example_complex.py
[2023-07-23T00:05:33.199+0000] {logging_mixin.py:150} INFO - [2023-07-23T00:05:33.199+0000] {dag.py:2742} INFO - Sync 1 DAGs
[2023-07-23T00:05:33.222+0000] {logging_mixin.py:150} INFO - [2023-07-23T00:05:33.222+0000] {dag.py:3508} INFO - Setting next_dagrun for example_complex to None, run_after=None
[2023-07-23T00:05:33.240+0000] {processor.py:179} INFO - Processing /home/airflow/.local/lib/python3.7/site-packages/airflow/example_dags/example_complex.py took 0.094 seconds
[2023-07-23T00:06:03.750+0000] {processor.py:157} INFO - Started process (PID=2155) to work on /home/airflow/.local/lib/python3.7/site-packages/airflow/example_dags/example_complex.py
[2023-07-23T00:06:03.752+0000] {processor.py:826} INFO - Processing file /home/airflow/.local/lib/python3.7/site-packages/airflow/example_dags/example_complex.py for tasks to queue
[2023-07-23T00:06:03.752+0000] {logging_mixin.py:150} INFO - [2023-07-23T00:06:03.752+0000] {dagbag.py:541} INFO - Filling up the DagBag from /home/airflow/.local/lib/python3.7/site-packages/airflow/example_dags/example_complex.py
[2023-07-23T00:06:03.764+0000] {processor.py:836} INFO - DAG(s) dict_keys(['example_complex']) retrieved from /home/airflow/.local/lib/python3.7/site-packages/airflow/example_dags/example_complex.py
[2023-07-23T00:06:03.799+0000] {logging_mixin.py:150} INFO - [2023-07-23T00:06:03.798+0000] {dag.py:2742} INFO - Sync 1 DAGs
[2023-07-23T00:06:03.817+0000] {logging_mixin.py:150} INFO - [2023-07-23T00:06:03.817+0000] {dag.py:3508} INFO - Setting next_dagrun for example_complex to None, run_after=None
[2023-07-23T00:06:03.831+0000] {processor.py:179} INFO - Processing /home/airflow/.local/lib/python3.7/site-packages/airflow/example_dags/example_complex.py took 0.084 seconds
[2023-07-23T00:06:34.409+0000] {processor.py:157} INFO - Started process (PID=2218) to work on /home/airflow/.local/lib/python3.7/site-packages/airflow/example_dags/example_complex.py
[2023-07-23T00:06:34.411+0000] {processor.py:826} INFO - Processing file /home/airflow/.local/lib/python3.7/site-packages/airflow/example_dags/example_complex.py for tasks to queue
[2023-07-23T00:06:34.412+0000] {logging_mixin.py:150} INFO - [2023-07-23T00:06:34.412+0000] {dagbag.py:541} INFO - Filling up the DagBag from /home/airflow/.local/lib/python3.7/site-packages/airflow/example_dags/example_complex.py
[2023-07-23T00:06:34.421+0000] {processor.py:836} INFO - DAG(s) dict_keys(['example_complex']) retrieved from /home/airflow/.local/lib/python3.7/site-packages/airflow/example_dags/example_complex.py
[2023-07-23T00:06:34.449+0000] {logging_mixin.py:150} INFO - [2023-07-23T00:06:34.449+0000] {dag.py:2742} INFO - Sync 1 DAGs
[2023-07-23T00:06:34.467+0000] {logging_mixin.py:150} INFO - [2023-07-23T00:06:34.467+0000] {dag.py:3508} INFO - Setting next_dagrun for example_complex to None, run_after=None
[2023-07-23T00:06:34.480+0000] {processor.py:179} INFO - Processing /home/airflow/.local/lib/python3.7/site-packages/airflow/example_dags/example_complex.py took 0.074 seconds
[2023-07-23T00:07:04.717+0000] {processor.py:157} INFO - Started process (PID=2280) to work on /home/airflow/.local/lib/python3.7/site-packages/airflow/example_dags/example_complex.py
[2023-07-23T00:07:04.719+0000] {processor.py:826} INFO - Processing file /home/airflow/.local/lib/python3.7/site-packages/airflow/example_dags/example_complex.py for tasks to queue
[2023-07-23T00:07:04.721+0000] {logging_mixin.py:150} INFO - [2023-07-23T00:07:04.720+0000] {dagbag.py:541} INFO - Filling up the DagBag from /home/airflow/.local/lib/python3.7/site-packages/airflow/example_dags/example_complex.py
[2023-07-23T00:07:04.733+0000] {processor.py:836} INFO - DAG(s) dict_keys(['example_complex']) retrieved from /home/airflow/.local/lib/python3.7/site-packages/airflow/example_dags/example_complex.py
[2023-07-23T00:07:04.768+0000] {logging_mixin.py:150} INFO - [2023-07-23T00:07:04.768+0000] {dag.py:2742} INFO - Sync 1 DAGs
[2023-07-23T00:07:04.793+0000] {logging_mixin.py:150} INFO - [2023-07-23T00:07:04.792+0000] {dag.py:3508} INFO - Setting next_dagrun for example_complex to None, run_after=None
[2023-07-23T00:07:04.807+0000] {processor.py:179} INFO - Processing /home/airflow/.local/lib/python3.7/site-packages/airflow/example_dags/example_complex.py took 0.095 seconds
[2023-07-23T00:07:35.162+0000] {processor.py:157} INFO - Started process (PID=2343) to work on /home/airflow/.local/lib/python3.7/site-packages/airflow/example_dags/example_complex.py
[2023-07-23T00:07:35.164+0000] {processor.py:826} INFO - Processing file /home/airflow/.local/lib/python3.7/site-packages/airflow/example_dags/example_complex.py for tasks to queue
[2023-07-23T00:07:35.166+0000] {logging_mixin.py:150} INFO - [2023-07-23T00:07:35.166+0000] {dagbag.py:541} INFO - Filling up the DagBag from /home/airflow/.local/lib/python3.7/site-packages/airflow/example_dags/example_complex.py
[2023-07-23T00:07:35.179+0000] {processor.py:836} INFO - DAG(s) dict_keys(['example_complex']) retrieved from /home/airflow/.local/lib/python3.7/site-packages/airflow/example_dags/example_complex.py
[2023-07-23T00:07:35.205+0000] {logging_mixin.py:150} INFO - [2023-07-23T00:07:35.205+0000] {dag.py:2742} INFO - Sync 1 DAGs
[2023-07-23T00:07:35.221+0000] {logging_mixin.py:150} INFO - [2023-07-23T00:07:35.221+0000] {dag.py:3508} INFO - Setting next_dagrun for example_complex to None, run_after=None
[2023-07-23T00:07:35.234+0000] {processor.py:179} INFO - Processing /home/airflow/.local/lib/python3.7/site-packages/airflow/example_dags/example_complex.py took 0.077 seconds
[2023-07-23T00:08:05.432+0000] {processor.py:157} INFO - Started process (PID=2409) to work on /home/airflow/.local/lib/python3.7/site-packages/airflow/example_dags/example_complex.py
[2023-07-23T00:08:05.434+0000] {processor.py:826} INFO - Processing file /home/airflow/.local/lib/python3.7/site-packages/airflow/example_dags/example_complex.py for tasks to queue
[2023-07-23T00:08:05.435+0000] {logging_mixin.py:150} INFO - [2023-07-23T00:08:05.435+0000] {dagbag.py:541} INFO - Filling up the DagBag from /home/airflow/.local/lib/python3.7/site-packages/airflow/example_dags/example_complex.py
[2023-07-23T00:08:05.450+0000] {processor.py:836} INFO - DAG(s) dict_keys(['example_complex']) retrieved from /home/airflow/.local/lib/python3.7/site-packages/airflow/example_dags/example_complex.py
[2023-07-23T00:08:05.480+0000] {logging_mixin.py:150} INFO - [2023-07-23T00:08:05.480+0000] {dag.py:2742} INFO - Sync 1 DAGs
[2023-07-23T00:08:05.496+0000] {logging_mixin.py:150} INFO - [2023-07-23T00:08:05.496+0000] {dag.py:3508} INFO - Setting next_dagrun for example_complex to None, run_after=None
[2023-07-23T00:08:05.509+0000] {processor.py:179} INFO - Processing /home/airflow/.local/lib/python3.7/site-packages/airflow/example_dags/example_complex.py took 0.081 seconds
[2023-07-23T00:08:36.028+0000] {processor.py:157} INFO - Started process (PID=2474) to work on /home/airflow/.local/lib/python3.7/site-packages/airflow/example_dags/example_complex.py
[2023-07-23T00:08:36.030+0000] {processor.py:826} INFO - Processing file /home/airflow/.local/lib/python3.7/site-packages/airflow/example_dags/example_complex.py for tasks to queue
[2023-07-23T00:08:36.032+0000] {logging_mixin.py:150} INFO - [2023-07-23T00:08:36.032+0000] {dagbag.py:541} INFO - Filling up the DagBag from /home/airflow/.local/lib/python3.7/site-packages/airflow/example_dags/example_complex.py
[2023-07-23T00:08:36.046+0000] {processor.py:836} INFO - DAG(s) dict_keys(['example_complex']) retrieved from /home/airflow/.local/lib/python3.7/site-packages/airflow/example_dags/example_complex.py
[2023-07-23T00:08:36.073+0000] {logging_mixin.py:150} INFO - [2023-07-23T00:08:36.073+0000] {dag.py:2742} INFO - Sync 1 DAGs
[2023-07-23T00:08:36.088+0000] {logging_mixin.py:150} INFO - [2023-07-23T00:08:36.088+0000] {dag.py:3508} INFO - Setting next_dagrun for example_complex to None, run_after=None
[2023-07-23T00:08:36.099+0000] {processor.py:179} INFO - Processing /home/airflow/.local/lib/python3.7/site-packages/airflow/example_dags/example_complex.py took 0.075 seconds
[2023-07-23T00:09:06.818+0000] {processor.py:157} INFO - Started process (PID=2537) to work on /home/airflow/.local/lib/python3.7/site-packages/airflow/example_dags/example_complex.py
[2023-07-23T00:09:06.820+0000] {processor.py:826} INFO - Processing file /home/airflow/.local/lib/python3.7/site-packages/airflow/example_dags/example_complex.py for tasks to queue
[2023-07-23T00:09:06.822+0000] {logging_mixin.py:150} INFO - [2023-07-23T00:09:06.822+0000] {dagbag.py:541} INFO - Filling up the DagBag from /home/airflow/.local/lib/python3.7/site-packages/airflow/example_dags/example_complex.py
[2023-07-23T00:09:06.838+0000] {processor.py:836} INFO - DAG(s) dict_keys(['example_complex']) retrieved from /home/airflow/.local/lib/python3.7/site-packages/airflow/example_dags/example_complex.py
[2023-07-23T00:09:06.881+0000] {logging_mixin.py:150} INFO - [2023-07-23T00:09:06.881+0000] {dag.py:2742} INFO - Sync 1 DAGs
[2023-07-23T00:09:06.906+0000] {logging_mixin.py:150} INFO - [2023-07-23T00:09:06.906+0000] {dag.py:3508} INFO - Setting next_dagrun for example_complex to None, run_after=None
[2023-07-23T00:09:06.922+0000] {processor.py:179} INFO - Processing /home/airflow/.local/lib/python3.7/site-packages/airflow/example_dags/example_complex.py took 0.109 seconds
[2023-07-23T00:09:37.165+0000] {processor.py:157} INFO - Started process (PID=2601) to work on /home/airflow/.local/lib/python3.7/site-packages/airflow/example_dags/example_complex.py
[2023-07-23T00:09:37.166+0000] {processor.py:826} INFO - Processing file /home/airflow/.local/lib/python3.7/site-packages/airflow/example_dags/example_complex.py for tasks to queue
[2023-07-23T00:09:37.168+0000] {logging_mixin.py:150} INFO - [2023-07-23T00:09:37.167+0000] {dagbag.py:541} INFO - Filling up the DagBag from /home/airflow/.local/lib/python3.7/site-packages/airflow/example_dags/example_complex.py
[2023-07-23T00:09:37.180+0000] {processor.py:836} INFO - DAG(s) dict_keys(['example_complex']) retrieved from /home/airflow/.local/lib/python3.7/site-packages/airflow/example_dags/example_complex.py
[2023-07-23T00:09:37.212+0000] {logging_mixin.py:150} INFO - [2023-07-23T00:09:37.212+0000] {dag.py:2742} INFO - Sync 1 DAGs
[2023-07-23T00:09:37.230+0000] {logging_mixin.py:150} INFO - [2023-07-23T00:09:37.230+0000] {dag.py:3508} INFO - Setting next_dagrun for example_complex to None, run_after=None
[2023-07-23T00:09:37.244+0000] {processor.py:179} INFO - Processing /home/airflow/.local/lib/python3.7/site-packages/airflow/example_dags/example_complex.py took 0.084 seconds
[2023-07-23T00:10:07.445+0000] {processor.py:157} INFO - Started process (PID=2665) to work on /home/airflow/.local/lib/python3.7/site-packages/airflow/example_dags/example_complex.py
[2023-07-23T00:10:07.446+0000] {processor.py:826} INFO - Processing file /home/airflow/.local/lib/python3.7/site-packages/airflow/example_dags/example_complex.py for tasks to queue
[2023-07-23T00:10:07.447+0000] {logging_mixin.py:150} INFO - [2023-07-23T00:10:07.447+0000] {dagbag.py:541} INFO - Filling up the DagBag from /home/airflow/.local/lib/python3.7/site-packages/airflow/example_dags/example_complex.py
[2023-07-23T00:10:07.455+0000] {processor.py:836} INFO - DAG(s) dict_keys(['example_complex']) retrieved from /home/airflow/.local/lib/python3.7/site-packages/airflow/example_dags/example_complex.py
[2023-07-23T00:10:07.481+0000] {logging_mixin.py:150} INFO - [2023-07-23T00:10:07.481+0000] {dag.py:2742} INFO - Sync 1 DAGs
[2023-07-23T00:10:07.496+0000] {logging_mixin.py:150} INFO - [2023-07-23T00:10:07.496+0000] {dag.py:3508} INFO - Setting next_dagrun for example_complex to None, run_after=None
[2023-07-23T00:10:07.507+0000] {processor.py:179} INFO - Processing /home/airflow/.local/lib/python3.7/site-packages/airflow/example_dags/example_complex.py took 0.065 seconds
[2023-07-23T00:10:37.772+0000] {processor.py:157} INFO - Started process (PID=2728) to work on /home/airflow/.local/lib/python3.7/site-packages/airflow/example_dags/example_complex.py
[2023-07-23T00:10:37.774+0000] {processor.py:826} INFO - Processing file /home/airflow/.local/lib/python3.7/site-packages/airflow/example_dags/example_complex.py for tasks to queue
[2023-07-23T00:10:37.774+0000] {logging_mixin.py:150} INFO - [2023-07-23T00:10:37.774+0000] {dagbag.py:541} INFO - Filling up the DagBag from /home/airflow/.local/lib/python3.7/site-packages/airflow/example_dags/example_complex.py
[2023-07-23T00:10:37.786+0000] {processor.py:836} INFO - DAG(s) dict_keys(['example_complex']) retrieved from /home/airflow/.local/lib/python3.7/site-packages/airflow/example_dags/example_complex.py
[2023-07-23T00:10:37.815+0000] {logging_mixin.py:150} INFO - [2023-07-23T00:10:37.815+0000] {dag.py:2742} INFO - Sync 1 DAGs
[2023-07-23T00:10:37.832+0000] {logging_mixin.py:150} INFO - [2023-07-23T00:10:37.832+0000] {dag.py:3508} INFO - Setting next_dagrun for example_complex to None, run_after=None
[2023-07-23T00:10:37.843+0000] {processor.py:179} INFO - Processing /home/airflow/.local/lib/python3.7/site-packages/airflow/example_dags/example_complex.py took 0.073 seconds
[2023-07-23T00:11:07.937+0000] {processor.py:157} INFO - Started process (PID=2791) to work on /home/airflow/.local/lib/python3.7/site-packages/airflow/example_dags/example_complex.py
[2023-07-23T00:11:07.938+0000] {processor.py:826} INFO - Processing file /home/airflow/.local/lib/python3.7/site-packages/airflow/example_dags/example_complex.py for tasks to queue
[2023-07-23T00:11:07.939+0000] {logging_mixin.py:150} INFO - [2023-07-23T00:11:07.939+0000] {dagbag.py:541} INFO - Filling up the DagBag from /home/airflow/.local/lib/python3.7/site-packages/airflow/example_dags/example_complex.py
[2023-07-23T00:11:07.947+0000] {processor.py:836} INFO - DAG(s) dict_keys(['example_complex']) retrieved from /home/airflow/.local/lib/python3.7/site-packages/airflow/example_dags/example_complex.py
[2023-07-23T00:11:07.970+0000] {logging_mixin.py:150} INFO - [2023-07-23T00:11:07.970+0000] {dag.py:2742} INFO - Sync 1 DAGs
[2023-07-23T00:11:07.984+0000] {logging_mixin.py:150} INFO - [2023-07-23T00:11:07.984+0000] {dag.py:3508} INFO - Setting next_dagrun for example_complex to None, run_after=None
[2023-07-23T00:11:07.995+0000] {processor.py:179} INFO - Processing /home/airflow/.local/lib/python3.7/site-packages/airflow/example_dags/example_complex.py took 0.061 seconds
[2023-07-23T00:11:39.097+0000] {processor.py:157} INFO - Started process (PID=2860) to work on /home/airflow/.local/lib/python3.7/site-packages/airflow/example_dags/example_complex.py
[2023-07-23T00:11:39.098+0000] {processor.py:826} INFO - Processing file /home/airflow/.local/lib/python3.7/site-packages/airflow/example_dags/example_complex.py for tasks to queue
[2023-07-23T00:11:39.099+0000] {logging_mixin.py:150} INFO - [2023-07-23T00:11:39.099+0000] {dagbag.py:541} INFO - Filling up the DagBag from /home/airflow/.local/lib/python3.7/site-packages/airflow/example_dags/example_complex.py
[2023-07-23T00:11:39.107+0000] {processor.py:836} INFO - DAG(s) dict_keys(['example_complex']) retrieved from /home/airflow/.local/lib/python3.7/site-packages/airflow/example_dags/example_complex.py
[2023-07-23T00:11:39.132+0000] {logging_mixin.py:150} INFO - [2023-07-23T00:11:39.131+0000] {dag.py:2742} INFO - Sync 1 DAGs
[2023-07-23T00:11:39.147+0000] {logging_mixin.py:150} INFO - [2023-07-23T00:11:39.147+0000] {dag.py:3508} INFO - Setting next_dagrun for example_complex to None, run_after=None
[2023-07-23T00:11:39.158+0000] {processor.py:179} INFO - Processing /home/airflow/.local/lib/python3.7/site-packages/airflow/example_dags/example_complex.py took 0.064 seconds
[2023-07-23T00:12:10.118+0000] {processor.py:157} INFO - Started process (PID=2924) to work on /home/airflow/.local/lib/python3.7/site-packages/airflow/example_dags/example_complex.py
[2023-07-23T00:12:10.120+0000] {processor.py:826} INFO - Processing file /home/airflow/.local/lib/python3.7/site-packages/airflow/example_dags/example_complex.py for tasks to queue
[2023-07-23T00:12:10.121+0000] {logging_mixin.py:150} INFO - [2023-07-23T00:12:10.121+0000] {dagbag.py:541} INFO - Filling up the DagBag from /home/airflow/.local/lib/python3.7/site-packages/airflow/example_dags/example_complex.py
[2023-07-23T00:12:10.130+0000] {processor.py:836} INFO - DAG(s) dict_keys(['example_complex']) retrieved from /home/airflow/.local/lib/python3.7/site-packages/airflow/example_dags/example_complex.py
[2023-07-23T00:12:10.156+0000] {logging_mixin.py:150} INFO - [2023-07-23T00:12:10.156+0000] {dag.py:2742} INFO - Sync 1 DAGs
[2023-07-23T00:12:10.180+0000] {logging_mixin.py:150} INFO - [2023-07-23T00:12:10.180+0000] {dag.py:3508} INFO - Setting next_dagrun for example_complex to None, run_after=None
[2023-07-23T00:12:10.196+0000] {processor.py:179} INFO - Processing /home/airflow/.local/lib/python3.7/site-packages/airflow/example_dags/example_complex.py took 0.083 seconds
[2023-07-23T00:12:40.582+0000] {processor.py:157} INFO - Started process (PID=2983) to work on /home/airflow/.local/lib/python3.7/site-packages/airflow/example_dags/example_complex.py
[2023-07-23T00:12:40.583+0000] {processor.py:826} INFO - Processing file /home/airflow/.local/lib/python3.7/site-packages/airflow/example_dags/example_complex.py for tasks to queue
[2023-07-23T00:12:40.584+0000] {logging_mixin.py:150} INFO - [2023-07-23T00:12:40.584+0000] {dagbag.py:541} INFO - Filling up the DagBag from /home/airflow/.local/lib/python3.7/site-packages/airflow/example_dags/example_complex.py
[2023-07-23T00:12:40.592+0000] {processor.py:836} INFO - DAG(s) dict_keys(['example_complex']) retrieved from /home/airflow/.local/lib/python3.7/site-packages/airflow/example_dags/example_complex.py
[2023-07-23T00:12:40.628+0000] {logging_mixin.py:150} INFO - [2023-07-23T00:12:40.628+0000] {dag.py:2742} INFO - Sync 1 DAGs
[2023-07-23T00:12:40.659+0000] {logging_mixin.py:150} INFO - [2023-07-23T00:12:40.658+0000] {dag.py:3508} INFO - Setting next_dagrun for example_complex to None, run_after=None
[2023-07-23T00:12:40.682+0000] {processor.py:179} INFO - Processing /home/airflow/.local/lib/python3.7/site-packages/airflow/example_dags/example_complex.py took 0.103 seconds
[2023-07-23T00:13:11.103+0000] {processor.py:157} INFO - Started process (PID=3046) to work on /home/airflow/.local/lib/python3.7/site-packages/airflow/example_dags/example_complex.py
[2023-07-23T00:13:11.104+0000] {processor.py:826} INFO - Processing file /home/airflow/.local/lib/python3.7/site-packages/airflow/example_dags/example_complex.py for tasks to queue
[2023-07-23T00:13:11.105+0000] {logging_mixin.py:150} INFO - [2023-07-23T00:13:11.105+0000] {dagbag.py:541} INFO - Filling up the DagBag from /home/airflow/.local/lib/python3.7/site-packages/airflow/example_dags/example_complex.py
[2023-07-23T00:13:11.114+0000] {processor.py:836} INFO - DAG(s) dict_keys(['example_complex']) retrieved from /home/airflow/.local/lib/python3.7/site-packages/airflow/example_dags/example_complex.py
[2023-07-23T00:13:11.139+0000] {logging_mixin.py:150} INFO - [2023-07-23T00:13:11.139+0000] {dag.py:2742} INFO - Sync 1 DAGs
[2023-07-23T00:13:11.156+0000] {logging_mixin.py:150} INFO - [2023-07-23T00:13:11.156+0000] {dag.py:3508} INFO - Setting next_dagrun for example_complex to None, run_after=None
[2023-07-23T00:13:11.168+0000] {processor.py:179} INFO - Processing /home/airflow/.local/lib/python3.7/site-packages/airflow/example_dags/example_complex.py took 0.067 seconds
[2023-07-23T00:13:41.330+0000] {processor.py:157} INFO - Started process (PID=3110) to work on /home/airflow/.local/lib/python3.7/site-packages/airflow/example_dags/example_complex.py
[2023-07-23T00:13:41.332+0000] {processor.py:826} INFO - Processing file /home/airflow/.local/lib/python3.7/site-packages/airflow/example_dags/example_complex.py for tasks to queue
[2023-07-23T00:13:41.332+0000] {logging_mixin.py:150} INFO - [2023-07-23T00:13:41.332+0000] {dagbag.py:541} INFO - Filling up the DagBag from /home/airflow/.local/lib/python3.7/site-packages/airflow/example_dags/example_complex.py
[2023-07-23T00:13:41.340+0000] {processor.py:836} INFO - DAG(s) dict_keys(['example_complex']) retrieved from /home/airflow/.local/lib/python3.7/site-packages/airflow/example_dags/example_complex.py
[2023-07-23T00:13:41.364+0000] {logging_mixin.py:150} INFO - [2023-07-23T00:13:41.363+0000] {dag.py:2742} INFO - Sync 1 DAGs
[2023-07-23T00:13:41.380+0000] {logging_mixin.py:150} INFO - [2023-07-23T00:13:41.379+0000] {dag.py:3508} INFO - Setting next_dagrun for example_complex to None, run_after=None
[2023-07-23T00:13:41.391+0000] {processor.py:179} INFO - Processing /home/airflow/.local/lib/python3.7/site-packages/airflow/example_dags/example_complex.py took 0.063 seconds
[2023-07-23T00:14:11.611+0000] {processor.py:157} INFO - Started process (PID=3174) to work on /home/airflow/.local/lib/python3.7/site-packages/airflow/example_dags/example_complex.py
[2023-07-23T00:14:11.612+0000] {processor.py:826} INFO - Processing file /home/airflow/.local/lib/python3.7/site-packages/airflow/example_dags/example_complex.py for tasks to queue
[2023-07-23T00:14:11.614+0000] {logging_mixin.py:150} INFO - [2023-07-23T00:14:11.613+0000] {dagbag.py:541} INFO - Filling up the DagBag from /home/airflow/.local/lib/python3.7/site-packages/airflow/example_dags/example_complex.py
[2023-07-23T00:14:11.628+0000] {processor.py:836} INFO - DAG(s) dict_keys(['example_complex']) retrieved from /home/airflow/.local/lib/python3.7/site-packages/airflow/example_dags/example_complex.py
[2023-07-23T00:14:11.660+0000] {logging_mixin.py:150} INFO - [2023-07-23T00:14:11.660+0000] {dag.py:2742} INFO - Sync 1 DAGs
[2023-07-23T00:14:11.678+0000] {logging_mixin.py:150} INFO - [2023-07-23T00:14:11.678+0000] {dag.py:3508} INFO - Setting next_dagrun for example_complex to None, run_after=None
[2023-07-23T00:14:11.693+0000] {processor.py:179} INFO - Processing /home/airflow/.local/lib/python3.7/site-packages/airflow/example_dags/example_complex.py took 0.085 seconds
[2023-07-23T00:14:42.500+0000] {processor.py:157} INFO - Started process (PID=3236) to work on /home/airflow/.local/lib/python3.7/site-packages/airflow/example_dags/example_complex.py
[2023-07-23T00:14:42.502+0000] {processor.py:826} INFO - Processing file /home/airflow/.local/lib/python3.7/site-packages/airflow/example_dags/example_complex.py for tasks to queue
[2023-07-23T00:14:42.503+0000] {logging_mixin.py:150} INFO - [2023-07-23T00:14:42.502+0000] {dagbag.py:541} INFO - Filling up the DagBag from /home/airflow/.local/lib/python3.7/site-packages/airflow/example_dags/example_complex.py
[2023-07-23T00:14:42.511+0000] {processor.py:836} INFO - DAG(s) dict_keys(['example_complex']) retrieved from /home/airflow/.local/lib/python3.7/site-packages/airflow/example_dags/example_complex.py
[2023-07-23T00:14:42.536+0000] {logging_mixin.py:150} INFO - [2023-07-23T00:14:42.536+0000] {dag.py:2742} INFO - Sync 1 DAGs
[2023-07-23T00:14:42.553+0000] {logging_mixin.py:150} INFO - [2023-07-23T00:14:42.553+0000] {dag.py:3508} INFO - Setting next_dagrun for example_complex to None, run_after=None
[2023-07-23T00:14:42.564+0000] {processor.py:179} INFO - Processing /home/airflow/.local/lib/python3.7/site-packages/airflow/example_dags/example_complex.py took 0.067 seconds
[2023-07-23T00:15:13.410+0000] {processor.py:157} INFO - Started process (PID=3299) to work on /home/airflow/.local/lib/python3.7/site-packages/airflow/example_dags/example_complex.py
[2023-07-23T00:15:13.411+0000] {processor.py:826} INFO - Processing file /home/airflow/.local/lib/python3.7/site-packages/airflow/example_dags/example_complex.py for tasks to queue
[2023-07-23T00:15:13.412+0000] {logging_mixin.py:150} INFO - [2023-07-23T00:15:13.412+0000] {dagbag.py:541} INFO - Filling up the DagBag from /home/airflow/.local/lib/python3.7/site-packages/airflow/example_dags/example_complex.py
[2023-07-23T00:15:13.422+0000] {processor.py:836} INFO - DAG(s) dict_keys(['example_complex']) retrieved from /home/airflow/.local/lib/python3.7/site-packages/airflow/example_dags/example_complex.py
[2023-07-23T00:15:13.452+0000] {logging_mixin.py:150} INFO - [2023-07-23T00:15:13.452+0000] {dag.py:2742} INFO - Sync 1 DAGs
[2023-07-23T00:15:13.473+0000] {logging_mixin.py:150} INFO - [2023-07-23T00:15:13.473+0000] {dag.py:3508} INFO - Setting next_dagrun for example_complex to None, run_after=None
[2023-07-23T00:15:13.490+0000] {processor.py:179} INFO - Processing /home/airflow/.local/lib/python3.7/site-packages/airflow/example_dags/example_complex.py took 0.083 seconds
[2023-07-23T00:15:43.872+0000] {processor.py:157} INFO - Started process (PID=3362) to work on /home/airflow/.local/lib/python3.7/site-packages/airflow/example_dags/example_complex.py
[2023-07-23T00:15:43.876+0000] {processor.py:826} INFO - Processing file /home/airflow/.local/lib/python3.7/site-packages/airflow/example_dags/example_complex.py for tasks to queue
[2023-07-23T00:15:43.877+0000] {logging_mixin.py:150} INFO - [2023-07-23T00:15:43.877+0000] {dagbag.py:541} INFO - Filling up the DagBag from /home/airflow/.local/lib/python3.7/site-packages/airflow/example_dags/example_complex.py
[2023-07-23T00:15:43.888+0000] {processor.py:836} INFO - DAG(s) dict_keys(['example_complex']) retrieved from /home/airflow/.local/lib/python3.7/site-packages/airflow/example_dags/example_complex.py
[2023-07-23T00:15:43.918+0000] {logging_mixin.py:150} INFO - [2023-07-23T00:15:43.918+0000] {dag.py:2742} INFO - Sync 1 DAGs
[2023-07-23T00:15:43.953+0000] {logging_mixin.py:150} INFO - [2023-07-23T00:15:43.953+0000] {dag.py:3508} INFO - Setting next_dagrun for example_complex to None, run_after=None
[2023-07-23T00:15:43.978+0000] {processor.py:179} INFO - Processing /home/airflow/.local/lib/python3.7/site-packages/airflow/example_dags/example_complex.py took 0.114 seconds
[2023-07-23T00:16:14.393+0000] {processor.py:157} INFO - Started process (PID=3427) to work on /home/airflow/.local/lib/python3.7/site-packages/airflow/example_dags/example_complex.py
[2023-07-23T00:16:14.395+0000] {processor.py:826} INFO - Processing file /home/airflow/.local/lib/python3.7/site-packages/airflow/example_dags/example_complex.py for tasks to queue
[2023-07-23T00:16:14.396+0000] {logging_mixin.py:150} INFO - [2023-07-23T00:16:14.396+0000] {dagbag.py:541} INFO - Filling up the DagBag from /home/airflow/.local/lib/python3.7/site-packages/airflow/example_dags/example_complex.py
[2023-07-23T00:16:14.404+0000] {processor.py:836} INFO - DAG(s) dict_keys(['example_complex']) retrieved from /home/airflow/.local/lib/python3.7/site-packages/airflow/example_dags/example_complex.py
[2023-07-23T00:16:14.430+0000] {logging_mixin.py:150} INFO - [2023-07-23T00:16:14.429+0000] {dag.py:2742} INFO - Sync 1 DAGs
[2023-07-23T00:16:14.444+0000] {logging_mixin.py:150} INFO - [2023-07-23T00:16:14.444+0000] {dag.py:3508} INFO - Setting next_dagrun for example_complex to None, run_after=None
[2023-07-23T00:16:14.456+0000] {processor.py:179} INFO - Processing /home/airflow/.local/lib/python3.7/site-packages/airflow/example_dags/example_complex.py took 0.066 seconds
[2023-07-23T00:16:44.978+0000] {processor.py:157} INFO - Started process (PID=3491) to work on /home/airflow/.local/lib/python3.7/site-packages/airflow/example_dags/example_complex.py
[2023-07-23T00:16:44.979+0000] {processor.py:826} INFO - Processing file /home/airflow/.local/lib/python3.7/site-packages/airflow/example_dags/example_complex.py for tasks to queue
[2023-07-23T00:16:44.980+0000] {logging_mixin.py:150} INFO - [2023-07-23T00:16:44.980+0000] {dagbag.py:541} INFO - Filling up the DagBag from /home/airflow/.local/lib/python3.7/site-packages/airflow/example_dags/example_complex.py
[2023-07-23T00:16:44.988+0000] {processor.py:836} INFO - DAG(s) dict_keys(['example_complex']) retrieved from /home/airflow/.local/lib/python3.7/site-packages/airflow/example_dags/example_complex.py
[2023-07-23T00:16:45.011+0000] {logging_mixin.py:150} INFO - [2023-07-23T00:16:45.011+0000] {dag.py:2742} INFO - Sync 1 DAGs
[2023-07-23T00:16:45.028+0000] {logging_mixin.py:150} INFO - [2023-07-23T00:16:45.027+0000] {dag.py:3508} INFO - Setting next_dagrun for example_complex to None, run_after=None
[2023-07-23T00:16:45.040+0000] {processor.py:179} INFO - Processing /home/airflow/.local/lib/python3.7/site-packages/airflow/example_dags/example_complex.py took 0.064 seconds
[2023-07-23T00:17:15.804+0000] {processor.py:157} INFO - Started process (PID=3554) to work on /home/airflow/.local/lib/python3.7/site-packages/airflow/example_dags/example_complex.py
[2023-07-23T00:17:15.805+0000] {processor.py:826} INFO - Processing file /home/airflow/.local/lib/python3.7/site-packages/airflow/example_dags/example_complex.py for tasks to queue
[2023-07-23T00:17:15.806+0000] {logging_mixin.py:150} INFO - [2023-07-23T00:17:15.806+0000] {dagbag.py:541} INFO - Filling up the DagBag from /home/airflow/.local/lib/python3.7/site-packages/airflow/example_dags/example_complex.py
[2023-07-23T00:17:15.817+0000] {processor.py:836} INFO - DAG(s) dict_keys(['example_complex']) retrieved from /home/airflow/.local/lib/python3.7/site-packages/airflow/example_dags/example_complex.py
[2023-07-23T00:17:15.857+0000] {logging_mixin.py:150} INFO - [2023-07-23T00:17:15.856+0000] {dag.py:2742} INFO - Sync 1 DAGs
[2023-07-23T00:17:15.877+0000] {logging_mixin.py:150} INFO - [2023-07-23T00:17:15.876+0000] {dag.py:3508} INFO - Setting next_dagrun for example_complex to None, run_after=None
[2023-07-23T00:17:15.910+0000] {processor.py:179} INFO - Processing /home/airflow/.local/lib/python3.7/site-packages/airflow/example_dags/example_complex.py took 0.110 seconds
[2023-07-23T00:17:46.756+0000] {processor.py:157} INFO - Started process (PID=3617) to work on /home/airflow/.local/lib/python3.7/site-packages/airflow/example_dags/example_complex.py
[2023-07-23T00:17:46.757+0000] {processor.py:826} INFO - Processing file /home/airflow/.local/lib/python3.7/site-packages/airflow/example_dags/example_complex.py for tasks to queue
[2023-07-23T00:17:46.759+0000] {logging_mixin.py:150} INFO - [2023-07-23T00:17:46.759+0000] {dagbag.py:541} INFO - Filling up the DagBag from /home/airflow/.local/lib/python3.7/site-packages/airflow/example_dags/example_complex.py
[2023-07-23T00:17:46.768+0000] {processor.py:836} INFO - DAG(s) dict_keys(['example_complex']) retrieved from /home/airflow/.local/lib/python3.7/site-packages/airflow/example_dags/example_complex.py
[2023-07-23T00:17:46.795+0000] {logging_mixin.py:150} INFO - [2023-07-23T00:17:46.795+0000] {dag.py:2742} INFO - Sync 1 DAGs
[2023-07-23T00:17:46.814+0000] {logging_mixin.py:150} INFO - [2023-07-23T00:17:46.814+0000] {dag.py:3508} INFO - Setting next_dagrun for example_complex to None, run_after=None
[2023-07-23T00:17:46.827+0000] {processor.py:179} INFO - Processing /home/airflow/.local/lib/python3.7/site-packages/airflow/example_dags/example_complex.py took 0.075 seconds
[2023-07-23T00:18:17.495+0000] {processor.py:157} INFO - Started process (PID=3680) to work on /home/airflow/.local/lib/python3.7/site-packages/airflow/example_dags/example_complex.py
[2023-07-23T00:18:17.497+0000] {processor.py:826} INFO - Processing file /home/airflow/.local/lib/python3.7/site-packages/airflow/example_dags/example_complex.py for tasks to queue
[2023-07-23T00:18:17.498+0000] {logging_mixin.py:150} INFO - [2023-07-23T00:18:17.498+0000] {dagbag.py:541} INFO - Filling up the DagBag from /home/airflow/.local/lib/python3.7/site-packages/airflow/example_dags/example_complex.py
[2023-07-23T00:18:17.508+0000] {processor.py:836} INFO - DAG(s) dict_keys(['example_complex']) retrieved from /home/airflow/.local/lib/python3.7/site-packages/airflow/example_dags/example_complex.py
[2023-07-23T00:18:17.550+0000] {logging_mixin.py:150} INFO - [2023-07-23T00:18:17.550+0000] {dag.py:2742} INFO - Sync 1 DAGs
[2023-07-23T00:18:17.569+0000] {logging_mixin.py:150} INFO - [2023-07-23T00:18:17.568+0000] {dag.py:3508} INFO - Setting next_dagrun for example_complex to None, run_after=None
[2023-07-23T00:18:17.583+0000] {processor.py:179} INFO - Processing /home/airflow/.local/lib/python3.7/site-packages/airflow/example_dags/example_complex.py took 0.091 seconds
[2023-07-23T00:18:48.338+0000] {processor.py:157} INFO - Started process (PID=3742) to work on /home/airflow/.local/lib/python3.7/site-packages/airflow/example_dags/example_complex.py
[2023-07-23T00:18:48.339+0000] {processor.py:826} INFO - Processing file /home/airflow/.local/lib/python3.7/site-packages/airflow/example_dags/example_complex.py for tasks to queue
[2023-07-23T00:18:48.340+0000] {logging_mixin.py:150} INFO - [2023-07-23T00:18:48.340+0000] {dagbag.py:541} INFO - Filling up the DagBag from /home/airflow/.local/lib/python3.7/site-packages/airflow/example_dags/example_complex.py
[2023-07-23T00:18:48.348+0000] {processor.py:836} INFO - DAG(s) dict_keys(['example_complex']) retrieved from /home/airflow/.local/lib/python3.7/site-packages/airflow/example_dags/example_complex.py
[2023-07-23T00:18:48.382+0000] {logging_mixin.py:150} INFO - [2023-07-23T00:18:48.382+0000] {dag.py:2742} INFO - Sync 1 DAGs
[2023-07-23T00:18:48.400+0000] {logging_mixin.py:150} INFO - [2023-07-23T00:18:48.400+0000] {dag.py:3508} INFO - Setting next_dagrun for example_complex to None, run_after=None
[2023-07-23T00:18:48.411+0000] {processor.py:179} INFO - Processing /home/airflow/.local/lib/python3.7/site-packages/airflow/example_dags/example_complex.py took 0.076 seconds
[2023-07-23T00:19:19.612+0000] {processor.py:157} INFO - Started process (PID=3806) to work on /home/airflow/.local/lib/python3.7/site-packages/airflow/example_dags/example_complex.py
[2023-07-23T00:19:19.615+0000] {processor.py:826} INFO - Processing file /home/airflow/.local/lib/python3.7/site-packages/airflow/example_dags/example_complex.py for tasks to queue
[2023-07-23T00:19:19.616+0000] {logging_mixin.py:150} INFO - [2023-07-23T00:19:19.615+0000] {dagbag.py:541} INFO - Filling up the DagBag from /home/airflow/.local/lib/python3.7/site-packages/airflow/example_dags/example_complex.py
[2023-07-23T00:19:19.626+0000] {processor.py:836} INFO - DAG(s) dict_keys(['example_complex']) retrieved from /home/airflow/.local/lib/python3.7/site-packages/airflow/example_dags/example_complex.py
[2023-07-23T00:19:19.659+0000] {logging_mixin.py:150} INFO - [2023-07-23T00:19:19.659+0000] {dag.py:2742} INFO - Sync 1 DAGs
[2023-07-23T00:19:19.684+0000] {logging_mixin.py:150} INFO - [2023-07-23T00:19:19.683+0000] {dag.py:3508} INFO - Setting next_dagrun for example_complex to None, run_after=None
[2023-07-23T00:19:19.700+0000] {processor.py:179} INFO - Processing /home/airflow/.local/lib/python3.7/site-packages/airflow/example_dags/example_complex.py took 0.092 seconds
[2023-07-23T00:19:50.257+0000] {processor.py:157} INFO - Started process (PID=3869) to work on /home/airflow/.local/lib/python3.7/site-packages/airflow/example_dags/example_complex.py
[2023-07-23T00:19:50.258+0000] {processor.py:826} INFO - Processing file /home/airflow/.local/lib/python3.7/site-packages/airflow/example_dags/example_complex.py for tasks to queue
[2023-07-23T00:19:50.259+0000] {logging_mixin.py:150} INFO - [2023-07-23T00:19:50.259+0000] {dagbag.py:541} INFO - Filling up the DagBag from /home/airflow/.local/lib/python3.7/site-packages/airflow/example_dags/example_complex.py
[2023-07-23T00:19:50.267+0000] {processor.py:836} INFO - DAG(s) dict_keys(['example_complex']) retrieved from /home/airflow/.local/lib/python3.7/site-packages/airflow/example_dags/example_complex.py
[2023-07-23T00:19:50.292+0000] {logging_mixin.py:150} INFO - [2023-07-23T00:19:50.291+0000] {dag.py:2742} INFO - Sync 1 DAGs
[2023-07-23T00:19:50.310+0000] {logging_mixin.py:150} INFO - [2023-07-23T00:19:50.310+0000] {dag.py:3508} INFO - Setting next_dagrun for example_complex to None, run_after=None
[2023-07-23T00:19:50.322+0000] {processor.py:179} INFO - Processing /home/airflow/.local/lib/python3.7/site-packages/airflow/example_dags/example_complex.py took 0.068 seconds
[2023-07-23T00:20:20.877+0000] {processor.py:157} INFO - Started process (PID=3932) to work on /home/airflow/.local/lib/python3.7/site-packages/airflow/example_dags/example_complex.py
[2023-07-23T00:20:20.878+0000] {processor.py:826} INFO - Processing file /home/airflow/.local/lib/python3.7/site-packages/airflow/example_dags/example_complex.py for tasks to queue
[2023-07-23T00:20:20.879+0000] {logging_mixin.py:150} INFO - [2023-07-23T00:20:20.879+0000] {dagbag.py:541} INFO - Filling up the DagBag from /home/airflow/.local/lib/python3.7/site-packages/airflow/example_dags/example_complex.py
[2023-07-23T00:20:20.887+0000] {processor.py:836} INFO - DAG(s) dict_keys(['example_complex']) retrieved from /home/airflow/.local/lib/python3.7/site-packages/airflow/example_dags/example_complex.py
[2023-07-23T00:20:20.911+0000] {logging_mixin.py:150} INFO - [2023-07-23T00:20:20.911+0000] {dag.py:2742} INFO - Sync 1 DAGs
[2023-07-23T00:20:20.933+0000] {logging_mixin.py:150} INFO - [2023-07-23T00:20:20.933+0000] {dag.py:3508} INFO - Setting next_dagrun for example_complex to None, run_after=None
[2023-07-23T00:20:20.945+0000] {processor.py:179} INFO - Processing /home/airflow/.local/lib/python3.7/site-packages/airflow/example_dags/example_complex.py took 0.070 seconds
[2023-07-23T00:20:51.361+0000] {processor.py:157} INFO - Started process (PID=3995) to work on /home/airflow/.local/lib/python3.7/site-packages/airflow/example_dags/example_complex.py
[2023-07-23T00:20:51.362+0000] {processor.py:826} INFO - Processing file /home/airflow/.local/lib/python3.7/site-packages/airflow/example_dags/example_complex.py for tasks to queue
[2023-07-23T00:20:51.363+0000] {logging_mixin.py:150} INFO - [2023-07-23T00:20:51.363+0000] {dagbag.py:541} INFO - Filling up the DagBag from /home/airflow/.local/lib/python3.7/site-packages/airflow/example_dags/example_complex.py
[2023-07-23T00:20:51.371+0000] {processor.py:836} INFO - DAG(s) dict_keys(['example_complex']) retrieved from /home/airflow/.local/lib/python3.7/site-packages/airflow/example_dags/example_complex.py
[2023-07-23T00:20:51.395+0000] {logging_mixin.py:150} INFO - [2023-07-23T00:20:51.394+0000] {dag.py:2742} INFO - Sync 1 DAGs
[2023-07-23T00:20:51.411+0000] {logging_mixin.py:150} INFO - [2023-07-23T00:20:51.411+0000] {dag.py:3508} INFO - Setting next_dagrun for example_complex to None, run_after=None
[2023-07-23T00:20:51.423+0000] {processor.py:179} INFO - Processing /home/airflow/.local/lib/python3.7/site-packages/airflow/example_dags/example_complex.py took 0.064 seconds
[2023-07-23T00:21:21.846+0000] {processor.py:157} INFO - Started process (PID=4058) to work on /home/airflow/.local/lib/python3.7/site-packages/airflow/example_dags/example_complex.py
[2023-07-23T00:21:21.847+0000] {processor.py:826} INFO - Processing file /home/airflow/.local/lib/python3.7/site-packages/airflow/example_dags/example_complex.py for tasks to queue
[2023-07-23T00:21:21.848+0000] {logging_mixin.py:150} INFO - [2023-07-23T00:21:21.848+0000] {dagbag.py:541} INFO - Filling up the DagBag from /home/airflow/.local/lib/python3.7/site-packages/airflow/example_dags/example_complex.py
[2023-07-23T00:21:21.856+0000] {processor.py:836} INFO - DAG(s) dict_keys(['example_complex']) retrieved from /home/airflow/.local/lib/python3.7/site-packages/airflow/example_dags/example_complex.py
[2023-07-23T00:21:21.879+0000] {logging_mixin.py:150} INFO - [2023-07-23T00:21:21.879+0000] {dag.py:2742} INFO - Sync 1 DAGs
[2023-07-23T00:21:21.896+0000] {logging_mixin.py:150} INFO - [2023-07-23T00:21:21.896+0000] {dag.py:3508} INFO - Setting next_dagrun for example_complex to None, run_after=None
[2023-07-23T00:21:21.908+0000] {processor.py:179} INFO - Processing /home/airflow/.local/lib/python3.7/site-packages/airflow/example_dags/example_complex.py took 0.065 seconds
[2023-07-23T00:21:52.917+0000] {processor.py:157} INFO - Started process (PID=4120) to work on /home/airflow/.local/lib/python3.7/site-packages/airflow/example_dags/example_complex.py
[2023-07-23T00:21:52.918+0000] {processor.py:826} INFO - Processing file /home/airflow/.local/lib/python3.7/site-packages/airflow/example_dags/example_complex.py for tasks to queue
[2023-07-23T00:21:52.919+0000] {logging_mixin.py:150} INFO - [2023-07-23T00:21:52.918+0000] {dagbag.py:541} INFO - Filling up the DagBag from /home/airflow/.local/lib/python3.7/site-packages/airflow/example_dags/example_complex.py
[2023-07-23T00:21:52.926+0000] {processor.py:836} INFO - DAG(s) dict_keys(['example_complex']) retrieved from /home/airflow/.local/lib/python3.7/site-packages/airflow/example_dags/example_complex.py
[2023-07-23T00:21:52.949+0000] {logging_mixin.py:150} INFO - [2023-07-23T00:21:52.949+0000] {dag.py:2742} INFO - Sync 1 DAGs
[2023-07-23T00:21:52.967+0000] {logging_mixin.py:150} INFO - [2023-07-23T00:21:52.967+0000] {dag.py:3508} INFO - Setting next_dagrun for example_complex to None, run_after=None
[2023-07-23T00:21:52.985+0000] {processor.py:179} INFO - Processing /home/airflow/.local/lib/python3.7/site-packages/airflow/example_dags/example_complex.py took 0.071 seconds
[2023-07-23T00:22:23.559+0000] {processor.py:157} INFO - Started process (PID=4183) to work on /home/airflow/.local/lib/python3.7/site-packages/airflow/example_dags/example_complex.py
[2023-07-23T00:22:23.561+0000] {processor.py:826} INFO - Processing file /home/airflow/.local/lib/python3.7/site-packages/airflow/example_dags/example_complex.py for tasks to queue
[2023-07-23T00:22:23.562+0000] {logging_mixin.py:150} INFO - [2023-07-23T00:22:23.562+0000] {dagbag.py:541} INFO - Filling up the DagBag from /home/airflow/.local/lib/python3.7/site-packages/airflow/example_dags/example_complex.py
[2023-07-23T00:22:23.575+0000] {processor.py:836} INFO - DAG(s) dict_keys(['example_complex']) retrieved from /home/airflow/.local/lib/python3.7/site-packages/airflow/example_dags/example_complex.py
[2023-07-23T00:22:23.605+0000] {logging_mixin.py:150} INFO - [2023-07-23T00:22:23.605+0000] {dag.py:2742} INFO - Sync 1 DAGs
[2023-07-23T00:22:23.622+0000] {logging_mixin.py:150} INFO - [2023-07-23T00:22:23.622+0000] {dag.py:3508} INFO - Setting next_dagrun for example_complex to None, run_after=None
[2023-07-23T00:22:23.634+0000] {processor.py:179} INFO - Processing /home/airflow/.local/lib/python3.7/site-packages/airflow/example_dags/example_complex.py took 0.077 seconds
[2023-07-23T00:22:54.525+0000] {processor.py:157} INFO - Started process (PID=4246) to work on /home/airflow/.local/lib/python3.7/site-packages/airflow/example_dags/example_complex.py
[2023-07-23T00:22:54.526+0000] {processor.py:826} INFO - Processing file /home/airflow/.local/lib/python3.7/site-packages/airflow/example_dags/example_complex.py for tasks to queue
[2023-07-23T00:22:54.527+0000] {logging_mixin.py:150} INFO - [2023-07-23T00:22:54.527+0000] {dagbag.py:541} INFO - Filling up the DagBag from /home/airflow/.local/lib/python3.7/site-packages/airflow/example_dags/example_complex.py
[2023-07-23T00:22:54.535+0000] {processor.py:836} INFO - DAG(s) dict_keys(['example_complex']) retrieved from /home/airflow/.local/lib/python3.7/site-packages/airflow/example_dags/example_complex.py
[2023-07-23T00:22:54.559+0000] {logging_mixin.py:150} INFO - [2023-07-23T00:22:54.559+0000] {dag.py:2742} INFO - Sync 1 DAGs
[2023-07-23T00:22:54.576+0000] {logging_mixin.py:150} INFO - [2023-07-23T00:22:54.576+0000] {dag.py:3508} INFO - Setting next_dagrun for example_complex to None, run_after=None
[2023-07-23T00:22:54.586+0000] {processor.py:179} INFO - Processing /home/airflow/.local/lib/python3.7/site-packages/airflow/example_dags/example_complex.py took 0.064 seconds
[2023-07-23T00:23:24.913+0000] {processor.py:157} INFO - Started process (PID=4310) to work on /home/airflow/.local/lib/python3.7/site-packages/airflow/example_dags/example_complex.py
[2023-07-23T00:23:24.915+0000] {processor.py:826} INFO - Processing file /home/airflow/.local/lib/python3.7/site-packages/airflow/example_dags/example_complex.py for tasks to queue
[2023-07-23T00:23:24.916+0000] {logging_mixin.py:150} INFO - [2023-07-23T00:23:24.916+0000] {dagbag.py:541} INFO - Filling up the DagBag from /home/airflow/.local/lib/python3.7/site-packages/airflow/example_dags/example_complex.py
[2023-07-23T00:23:24.925+0000] {processor.py:836} INFO - DAG(s) dict_keys(['example_complex']) retrieved from /home/airflow/.local/lib/python3.7/site-packages/airflow/example_dags/example_complex.py
[2023-07-23T00:23:24.951+0000] {logging_mixin.py:150} INFO - [2023-07-23T00:23:24.951+0000] {dag.py:2742} INFO - Sync 1 DAGs
[2023-07-23T00:23:24.968+0000] {logging_mixin.py:150} INFO - [2023-07-23T00:23:24.968+0000] {dag.py:3508} INFO - Setting next_dagrun for example_complex to None, run_after=None
[2023-07-23T00:23:24.979+0000] {processor.py:179} INFO - Processing /home/airflow/.local/lib/python3.7/site-packages/airflow/example_dags/example_complex.py took 0.069 seconds
[2023-07-23T00:23:55.572+0000] {processor.py:157} INFO - Started process (PID=4368) to work on /home/airflow/.local/lib/python3.7/site-packages/airflow/example_dags/example_complex.py
[2023-07-23T00:23:55.573+0000] {processor.py:826} INFO - Processing file /home/airflow/.local/lib/python3.7/site-packages/airflow/example_dags/example_complex.py for tasks to queue
[2023-07-23T00:23:55.574+0000] {logging_mixin.py:150} INFO - [2023-07-23T00:23:55.573+0000] {dagbag.py:541} INFO - Filling up the DagBag from /home/airflow/.local/lib/python3.7/site-packages/airflow/example_dags/example_complex.py
[2023-07-23T00:23:55.582+0000] {processor.py:836} INFO - DAG(s) dict_keys(['example_complex']) retrieved from /home/airflow/.local/lib/python3.7/site-packages/airflow/example_dags/example_complex.py
[2023-07-23T00:23:55.612+0000] {logging_mixin.py:150} INFO - [2023-07-23T00:23:55.612+0000] {dag.py:2742} INFO - Sync 1 DAGs
[2023-07-23T00:23:55.633+0000] {logging_mixin.py:150} INFO - [2023-07-23T00:23:55.632+0000] {dag.py:3508} INFO - Setting next_dagrun for example_complex to None, run_after=None
[2023-07-23T00:23:55.657+0000] {processor.py:179} INFO - Processing /home/airflow/.local/lib/python3.7/site-packages/airflow/example_dags/example_complex.py took 0.088 seconds
[2023-07-23T00:24:25.798+0000] {processor.py:157} INFO - Started process (PID=4431) to work on /home/airflow/.local/lib/python3.7/site-packages/airflow/example_dags/example_complex.py
[2023-07-23T00:24:25.800+0000] {processor.py:826} INFO - Processing file /home/airflow/.local/lib/python3.7/site-packages/airflow/example_dags/example_complex.py for tasks to queue
[2023-07-23T00:24:25.801+0000] {logging_mixin.py:150} INFO - [2023-07-23T00:24:25.800+0000] {dagbag.py:541} INFO - Filling up the DagBag from /home/airflow/.local/lib/python3.7/site-packages/airflow/example_dags/example_complex.py
[2023-07-23T00:24:25.808+0000] {processor.py:836} INFO - DAG(s) dict_keys(['example_complex']) retrieved from /home/airflow/.local/lib/python3.7/site-packages/airflow/example_dags/example_complex.py
[2023-07-23T00:24:25.833+0000] {logging_mixin.py:150} INFO - [2023-07-23T00:24:25.833+0000] {dag.py:2742} INFO - Sync 1 DAGs
[2023-07-23T00:24:25.849+0000] {logging_mixin.py:150} INFO - [2023-07-23T00:24:25.849+0000] {dag.py:3508} INFO - Setting next_dagrun for example_complex to None, run_after=None
[2023-07-23T00:24:25.860+0000] {processor.py:179} INFO - Processing /home/airflow/.local/lib/python3.7/site-packages/airflow/example_dags/example_complex.py took 0.064 seconds
[2023-07-23T00:24:56.899+0000] {processor.py:157} INFO - Started process (PID=4494) to work on /home/airflow/.local/lib/python3.7/site-packages/airflow/example_dags/example_complex.py
[2023-07-23T00:24:56.900+0000] {processor.py:826} INFO - Processing file /home/airflow/.local/lib/python3.7/site-packages/airflow/example_dags/example_complex.py for tasks to queue
[2023-07-23T00:24:56.901+0000] {logging_mixin.py:150} INFO - [2023-07-23T00:24:56.901+0000] {dagbag.py:541} INFO - Filling up the DagBag from /home/airflow/.local/lib/python3.7/site-packages/airflow/example_dags/example_complex.py
[2023-07-23T00:24:56.909+0000] {processor.py:836} INFO - DAG(s) dict_keys(['example_complex']) retrieved from /home/airflow/.local/lib/python3.7/site-packages/airflow/example_dags/example_complex.py
[2023-07-23T00:24:56.933+0000] {logging_mixin.py:150} INFO - [2023-07-23T00:24:56.933+0000] {dag.py:2742} INFO - Sync 1 DAGs
[2023-07-23T00:24:56.951+0000] {logging_mixin.py:150} INFO - [2023-07-23T00:24:56.951+0000] {dag.py:3508} INFO - Setting next_dagrun for example_complex to None, run_after=None
[2023-07-23T00:24:57.058+0000] {processor.py:179} INFO - Processing /home/airflow/.local/lib/python3.7/site-packages/airflow/example_dags/example_complex.py took 0.161 seconds
[2023-07-23T00:25:27.249+0000] {processor.py:157} INFO - Started process (PID=4558) to work on /home/airflow/.local/lib/python3.7/site-packages/airflow/example_dags/example_complex.py
[2023-07-23T00:25:27.251+0000] {processor.py:826} INFO - Processing file /home/airflow/.local/lib/python3.7/site-packages/airflow/example_dags/example_complex.py for tasks to queue
[2023-07-23T00:25:27.252+0000] {logging_mixin.py:150} INFO - [2023-07-23T00:25:27.251+0000] {dagbag.py:541} INFO - Filling up the DagBag from /home/airflow/.local/lib/python3.7/site-packages/airflow/example_dags/example_complex.py
[2023-07-23T00:25:27.259+0000] {processor.py:836} INFO - DAG(s) dict_keys(['example_complex']) retrieved from /home/airflow/.local/lib/python3.7/site-packages/airflow/example_dags/example_complex.py
[2023-07-23T00:25:27.283+0000] {logging_mixin.py:150} INFO - [2023-07-23T00:25:27.283+0000] {dag.py:2742} INFO - Sync 1 DAGs
[2023-07-23T00:25:27.298+0000] {logging_mixin.py:150} INFO - [2023-07-23T00:25:27.298+0000] {dag.py:3508} INFO - Setting next_dagrun for example_complex to None, run_after=None
[2023-07-23T00:25:27.310+0000] {processor.py:179} INFO - Processing /home/airflow/.local/lib/python3.7/site-packages/airflow/example_dags/example_complex.py took 0.063 seconds
[2023-07-23T00:25:57.471+0000] {processor.py:157} INFO - Started process (PID=4621) to work on /home/airflow/.local/lib/python3.7/site-packages/airflow/example_dags/example_complex.py
[2023-07-23T00:25:57.472+0000] {processor.py:826} INFO - Processing file /home/airflow/.local/lib/python3.7/site-packages/airflow/example_dags/example_complex.py for tasks to queue
[2023-07-23T00:25:57.473+0000] {logging_mixin.py:150} INFO - [2023-07-23T00:25:57.473+0000] {dagbag.py:541} INFO - Filling up the DagBag from /home/airflow/.local/lib/python3.7/site-packages/airflow/example_dags/example_complex.py
[2023-07-23T00:25:57.480+0000] {processor.py:836} INFO - DAG(s) dict_keys(['example_complex']) retrieved from /home/airflow/.local/lib/python3.7/site-packages/airflow/example_dags/example_complex.py
[2023-07-23T00:25:57.504+0000] {logging_mixin.py:150} INFO - [2023-07-23T00:25:57.504+0000] {dag.py:2742} INFO - Sync 1 DAGs
[2023-07-23T00:25:57.520+0000] {logging_mixin.py:150} INFO - [2023-07-23T00:25:57.520+0000] {dag.py:3508} INFO - Setting next_dagrun for example_complex to None, run_after=None
[2023-07-23T00:25:57.531+0000] {processor.py:179} INFO - Processing /home/airflow/.local/lib/python3.7/site-packages/airflow/example_dags/example_complex.py took 0.062 seconds
[2023-07-23T00:26:28.500+0000] {processor.py:157} INFO - Started process (PID=4684) to work on /home/airflow/.local/lib/python3.7/site-packages/airflow/example_dags/example_complex.py
[2023-07-23T00:26:28.501+0000] {processor.py:826} INFO - Processing file /home/airflow/.local/lib/python3.7/site-packages/airflow/example_dags/example_complex.py for tasks to queue
[2023-07-23T00:26:28.502+0000] {logging_mixin.py:150} INFO - [2023-07-23T00:26:28.502+0000] {dagbag.py:541} INFO - Filling up the DagBag from /home/airflow/.local/lib/python3.7/site-packages/airflow/example_dags/example_complex.py
[2023-07-23T00:26:28.510+0000] {processor.py:836} INFO - DAG(s) dict_keys(['example_complex']) retrieved from /home/airflow/.local/lib/python3.7/site-packages/airflow/example_dags/example_complex.py
[2023-07-23T00:26:28.534+0000] {logging_mixin.py:150} INFO - [2023-07-23T00:26:28.534+0000] {dag.py:2742} INFO - Sync 1 DAGs
[2023-07-23T00:26:28.551+0000] {logging_mixin.py:150} INFO - [2023-07-23T00:26:28.551+0000] {dag.py:3508} INFO - Setting next_dagrun for example_complex to None, run_after=None
[2023-07-23T00:26:28.663+0000] {processor.py:179} INFO - Processing /home/airflow/.local/lib/python3.7/site-packages/airflow/example_dags/example_complex.py took 0.166 seconds
[2023-07-23T00:26:58.804+0000] {processor.py:157} INFO - Started process (PID=4747) to work on /home/airflow/.local/lib/python3.7/site-packages/airflow/example_dags/example_complex.py
[2023-07-23T00:26:58.805+0000] {processor.py:826} INFO - Processing file /home/airflow/.local/lib/python3.7/site-packages/airflow/example_dags/example_complex.py for tasks to queue
[2023-07-23T00:26:58.806+0000] {logging_mixin.py:150} INFO - [2023-07-23T00:26:58.806+0000] {dagbag.py:541} INFO - Filling up the DagBag from /home/airflow/.local/lib/python3.7/site-packages/airflow/example_dags/example_complex.py
[2023-07-23T00:26:58.814+0000] {processor.py:836} INFO - DAG(s) dict_keys(['example_complex']) retrieved from /home/airflow/.local/lib/python3.7/site-packages/airflow/example_dags/example_complex.py
[2023-07-23T00:26:58.838+0000] {logging_mixin.py:150} INFO - [2023-07-23T00:26:58.838+0000] {dag.py:2742} INFO - Sync 1 DAGs
[2023-07-23T00:26:58.861+0000] {logging_mixin.py:150} INFO - [2023-07-23T00:26:58.861+0000] {dag.py:3508} INFO - Setting next_dagrun for example_complex to None, run_after=None
[2023-07-23T00:26:58.875+0000] {processor.py:179} INFO - Processing /home/airflow/.local/lib/python3.7/site-packages/airflow/example_dags/example_complex.py took 0.074 seconds
[2023-07-23T00:27:29.703+0000] {processor.py:157} INFO - Started process (PID=4810) to work on /home/airflow/.local/lib/python3.7/site-packages/airflow/example_dags/example_complex.py
[2023-07-23T00:27:29.704+0000] {processor.py:826} INFO - Processing file /home/airflow/.local/lib/python3.7/site-packages/airflow/example_dags/example_complex.py for tasks to queue
[2023-07-23T00:27:29.704+0000] {logging_mixin.py:150} INFO - [2023-07-23T00:27:29.704+0000] {dagbag.py:541} INFO - Filling up the DagBag from /home/airflow/.local/lib/python3.7/site-packages/airflow/example_dags/example_complex.py
[2023-07-23T00:27:29.712+0000] {processor.py:836} INFO - DAG(s) dict_keys(['example_complex']) retrieved from /home/airflow/.local/lib/python3.7/site-packages/airflow/example_dags/example_complex.py
[2023-07-23T00:27:29.737+0000] {logging_mixin.py:150} INFO - [2023-07-23T00:27:29.737+0000] {dag.py:2742} INFO - Sync 1 DAGs
[2023-07-23T00:27:29.756+0000] {logging_mixin.py:150} INFO - [2023-07-23T00:27:29.756+0000] {dag.py:3508} INFO - Setting next_dagrun for example_complex to None, run_after=None
[2023-07-23T00:27:29.771+0000] {processor.py:179} INFO - Processing /home/airflow/.local/lib/python3.7/site-packages/airflow/example_dags/example_complex.py took 0.071 seconds
