[2023-07-23T00:00:22.943+0000] {processor.py:157} INFO - Started process (PID=1448) to work on /home/airflow/.local/lib/python3.7/site-packages/airflow/example_dags/example_local_kubernetes_executor.py
[2023-07-23T00:00:22.948+0000] {processor.py:826} INFO - Processing file /home/airflow/.local/lib/python3.7/site-packages/airflow/example_dags/example_local_kubernetes_executor.py for tasks to queue
[2023-07-23T00:00:22.952+0000] {logging_mixin.py:150} INFO - [2023-07-23T00:00:22.951+0000] {dagbag.py:541} INFO - Filling up the DagBag from /home/airflow/.local/lib/python3.7/site-packages/airflow/example_dags/example_local_kubernetes_executor.py
[2023-07-23T00:00:23.363+0000] {processor.py:836} INFO - DAG(s) dict_keys(['example_local_kubernetes_executor']) retrieved from /home/airflow/.local/lib/python3.7/site-packages/airflow/example_dags/example_local_kubernetes_executor.py
[2023-07-23T00:00:23.432+0000] {logging_mixin.py:150} INFO - [2023-07-23T00:00:23.432+0000] {dag.py:2742} INFO - Sync 1 DAGs
[2023-07-23T00:00:23.453+0000] {logging_mixin.py:150} INFO - [2023-07-23T00:00:23.453+0000] {dag.py:3508} INFO - Setting next_dagrun for example_local_kubernetes_executor to None, run_after=None
[2023-07-23T00:00:23.467+0000] {processor.py:179} INFO - Processing /home/airflow/.local/lib/python3.7/site-packages/airflow/example_dags/example_local_kubernetes_executor.py took 0.529 seconds
[2023-07-23T00:00:54.138+0000] {processor.py:157} INFO - Started process (PID=1511) to work on /home/airflow/.local/lib/python3.7/site-packages/airflow/example_dags/example_local_kubernetes_executor.py
[2023-07-23T00:00:54.140+0000] {processor.py:826} INFO - Processing file /home/airflow/.local/lib/python3.7/site-packages/airflow/example_dags/example_local_kubernetes_executor.py for tasks to queue
[2023-07-23T00:00:54.147+0000] {logging_mixin.py:150} INFO - [2023-07-23T00:00:54.146+0000] {dagbag.py:541} INFO - Filling up the DagBag from /home/airflow/.local/lib/python3.7/site-packages/airflow/example_dags/example_local_kubernetes_executor.py
[2023-07-23T00:00:54.361+0000] {processor.py:836} INFO - DAG(s) dict_keys(['example_local_kubernetes_executor']) retrieved from /home/airflow/.local/lib/python3.7/site-packages/airflow/example_dags/example_local_kubernetes_executor.py
[2023-07-23T00:00:54.403+0000] {logging_mixin.py:150} INFO - [2023-07-23T00:00:54.402+0000] {dag.py:2742} INFO - Sync 1 DAGs
[2023-07-23T00:00:54.576+0000] {logging_mixin.py:150} INFO - [2023-07-23T00:00:54.575+0000] {dag.py:3508} INFO - Setting next_dagrun for example_local_kubernetes_executor to None, run_after=None
[2023-07-23T00:00:54.586+0000] {processor.py:179} INFO - Processing /home/airflow/.local/lib/python3.7/site-packages/airflow/example_dags/example_local_kubernetes_executor.py took 0.455 seconds
[2023-07-23T00:01:25.492+0000] {processor.py:157} INFO - Started process (PID=1575) to work on /home/airflow/.local/lib/python3.7/site-packages/airflow/example_dags/example_local_kubernetes_executor.py
[2023-07-23T00:01:25.495+0000] {processor.py:826} INFO - Processing file /home/airflow/.local/lib/python3.7/site-packages/airflow/example_dags/example_local_kubernetes_executor.py for tasks to queue
[2023-07-23T00:01:25.497+0000] {logging_mixin.py:150} INFO - [2023-07-23T00:01:25.496+0000] {dagbag.py:541} INFO - Filling up the DagBag from /home/airflow/.local/lib/python3.7/site-packages/airflow/example_dags/example_local_kubernetes_executor.py
[2023-07-23T00:01:25.718+0000] {processor.py:836} INFO - DAG(s) dict_keys(['example_local_kubernetes_executor']) retrieved from /home/airflow/.local/lib/python3.7/site-packages/airflow/example_dags/example_local_kubernetes_executor.py
[2023-07-23T00:01:25.773+0000] {logging_mixin.py:150} INFO - [2023-07-23T00:01:25.773+0000] {dag.py:2742} INFO - Sync 1 DAGs
[2023-07-23T00:01:25.793+0000] {logging_mixin.py:150} INFO - [2023-07-23T00:01:25.793+0000] {dag.py:3508} INFO - Setting next_dagrun for example_local_kubernetes_executor to None, run_after=None
[2023-07-23T00:01:25.805+0000] {processor.py:179} INFO - Processing /home/airflow/.local/lib/python3.7/site-packages/airflow/example_dags/example_local_kubernetes_executor.py took 0.320 seconds
[2023-07-23T00:01:56.605+0000] {processor.py:157} INFO - Started process (PID=1640) to work on /home/airflow/.local/lib/python3.7/site-packages/airflow/example_dags/example_local_kubernetes_executor.py
[2023-07-23T00:01:56.606+0000] {processor.py:826} INFO - Processing file /home/airflow/.local/lib/python3.7/site-packages/airflow/example_dags/example_local_kubernetes_executor.py for tasks to queue
[2023-07-23T00:01:56.607+0000] {logging_mixin.py:150} INFO - [2023-07-23T00:01:56.607+0000] {dagbag.py:541} INFO - Filling up the DagBag from /home/airflow/.local/lib/python3.7/site-packages/airflow/example_dags/example_local_kubernetes_executor.py
[2023-07-23T00:01:57.027+0000] {processor.py:836} INFO - DAG(s) dict_keys(['example_local_kubernetes_executor']) retrieved from /home/airflow/.local/lib/python3.7/site-packages/airflow/example_dags/example_local_kubernetes_executor.py
[2023-07-23T00:01:57.344+0000] {logging_mixin.py:150} INFO - [2023-07-23T00:01:57.343+0000] {dag.py:2742} INFO - Sync 1 DAGs
[2023-07-23T00:01:57.363+0000] {logging_mixin.py:150} INFO - [2023-07-23T00:01:57.362+0000] {dag.py:3508} INFO - Setting next_dagrun for example_local_kubernetes_executor to None, run_after=None
[2023-07-23T00:01:57.403+0000] {processor.py:179} INFO - Processing /home/airflow/.local/lib/python3.7/site-packages/airflow/example_dags/example_local_kubernetes_executor.py took 0.801 seconds
[2023-07-23T00:02:28.119+0000] {processor.py:157} INFO - Started process (PID=1706) to work on /home/airflow/.local/lib/python3.7/site-packages/airflow/example_dags/example_local_kubernetes_executor.py
[2023-07-23T00:02:28.122+0000] {processor.py:826} INFO - Processing file /home/airflow/.local/lib/python3.7/site-packages/airflow/example_dags/example_local_kubernetes_executor.py for tasks to queue
[2023-07-23T00:02:28.123+0000] {logging_mixin.py:150} INFO - [2023-07-23T00:02:28.123+0000] {dagbag.py:541} INFO - Filling up the DagBag from /home/airflow/.local/lib/python3.7/site-packages/airflow/example_dags/example_local_kubernetes_executor.py
[2023-07-23T00:02:28.309+0000] {processor.py:836} INFO - DAG(s) dict_keys(['example_local_kubernetes_executor']) retrieved from /home/airflow/.local/lib/python3.7/site-packages/airflow/example_dags/example_local_kubernetes_executor.py
[2023-07-23T00:02:28.338+0000] {logging_mixin.py:150} INFO - [2023-07-23T00:02:28.338+0000] {dag.py:2742} INFO - Sync 1 DAGs
[2023-07-23T00:02:28.527+0000] {logging_mixin.py:150} INFO - [2023-07-23T00:02:28.527+0000] {dag.py:3508} INFO - Setting next_dagrun for example_local_kubernetes_executor to None, run_after=None
[2023-07-23T00:02:28.538+0000] {processor.py:179} INFO - Processing /home/airflow/.local/lib/python3.7/site-packages/airflow/example_dags/example_local_kubernetes_executor.py took 0.425 seconds
[2023-07-23T00:02:59.094+0000] {processor.py:157} INFO - Started process (PID=1772) to work on /home/airflow/.local/lib/python3.7/site-packages/airflow/example_dags/example_local_kubernetes_executor.py
[2023-07-23T00:02:59.097+0000] {processor.py:826} INFO - Processing file /home/airflow/.local/lib/python3.7/site-packages/airflow/example_dags/example_local_kubernetes_executor.py for tasks to queue
[2023-07-23T00:02:59.099+0000] {logging_mixin.py:150} INFO - [2023-07-23T00:02:59.098+0000] {dagbag.py:541} INFO - Filling up the DagBag from /home/airflow/.local/lib/python3.7/site-packages/airflow/example_dags/example_local_kubernetes_executor.py
[2023-07-23T00:02:59.243+0000] {processor.py:836} INFO - DAG(s) dict_keys(['example_local_kubernetes_executor']) retrieved from /home/airflow/.local/lib/python3.7/site-packages/airflow/example_dags/example_local_kubernetes_executor.py
[2023-07-23T00:02:59.267+0000] {logging_mixin.py:150} INFO - [2023-07-23T00:02:59.267+0000] {dag.py:2742} INFO - Sync 1 DAGs
[2023-07-23T00:02:59.410+0000] {logging_mixin.py:150} INFO - [2023-07-23T00:02:59.410+0000] {dag.py:3508} INFO - Setting next_dagrun for example_local_kubernetes_executor to None, run_after=None
[2023-07-23T00:02:59.425+0000] {processor.py:179} INFO - Processing /home/airflow/.local/lib/python3.7/site-packages/airflow/example_dags/example_local_kubernetes_executor.py took 0.338 seconds
[2023-07-23T00:03:29.827+0000] {processor.py:157} INFO - Started process (PID=1835) to work on /home/airflow/.local/lib/python3.7/site-packages/airflow/example_dags/example_local_kubernetes_executor.py
[2023-07-23T00:03:29.830+0000] {processor.py:826} INFO - Processing file /home/airflow/.local/lib/python3.7/site-packages/airflow/example_dags/example_local_kubernetes_executor.py for tasks to queue
[2023-07-23T00:03:29.833+0000] {logging_mixin.py:150} INFO - [2023-07-23T00:03:29.832+0000] {dagbag.py:541} INFO - Filling up the DagBag from /home/airflow/.local/lib/python3.7/site-packages/airflow/example_dags/example_local_kubernetes_executor.py
[2023-07-23T00:03:30.341+0000] {processor.py:836} INFO - DAG(s) dict_keys(['example_local_kubernetes_executor']) retrieved from /home/airflow/.local/lib/python3.7/site-packages/airflow/example_dags/example_local_kubernetes_executor.py
[2023-07-23T00:03:30.394+0000] {logging_mixin.py:150} INFO - [2023-07-23T00:03:30.393+0000] {dag.py:2742} INFO - Sync 1 DAGs
[2023-07-23T00:03:30.415+0000] {logging_mixin.py:150} INFO - [2023-07-23T00:03:30.415+0000] {dag.py:3508} INFO - Setting next_dagrun for example_local_kubernetes_executor to None, run_after=None
[2023-07-23T00:03:30.430+0000] {processor.py:179} INFO - Processing /home/airflow/.local/lib/python3.7/site-packages/airflow/example_dags/example_local_kubernetes_executor.py took 0.613 seconds
[2023-07-23T00:04:00.815+0000] {processor.py:157} INFO - Started process (PID=1898) to work on /home/airflow/.local/lib/python3.7/site-packages/airflow/example_dags/example_local_kubernetes_executor.py
[2023-07-23T00:04:00.817+0000] {processor.py:826} INFO - Processing file /home/airflow/.local/lib/python3.7/site-packages/airflow/example_dags/example_local_kubernetes_executor.py for tasks to queue
[2023-07-23T00:04:00.819+0000] {logging_mixin.py:150} INFO - [2023-07-23T00:04:00.818+0000] {dagbag.py:541} INFO - Filling up the DagBag from /home/airflow/.local/lib/python3.7/site-packages/airflow/example_dags/example_local_kubernetes_executor.py
[2023-07-23T00:04:01.043+0000] {processor.py:836} INFO - DAG(s) dict_keys(['example_local_kubernetes_executor']) retrieved from /home/airflow/.local/lib/python3.7/site-packages/airflow/example_dags/example_local_kubernetes_executor.py
[2023-07-23T00:04:01.369+0000] {logging_mixin.py:150} INFO - [2023-07-23T00:04:01.369+0000] {dag.py:2742} INFO - Sync 1 DAGs
[2023-07-23T00:04:01.409+0000] {logging_mixin.py:150} INFO - [2023-07-23T00:04:01.409+0000] {dag.py:3508} INFO - Setting next_dagrun for example_local_kubernetes_executor to None, run_after=None
[2023-07-23T00:04:01.434+0000] {processor.py:179} INFO - Processing /home/airflow/.local/lib/python3.7/site-packages/airflow/example_dags/example_local_kubernetes_executor.py took 0.626 seconds
[2023-07-23T00:04:31.526+0000] {processor.py:157} INFO - Started process (PID=1965) to work on /home/airflow/.local/lib/python3.7/site-packages/airflow/example_dags/example_local_kubernetes_executor.py
[2023-07-23T00:04:31.527+0000] {processor.py:826} INFO - Processing file /home/airflow/.local/lib/python3.7/site-packages/airflow/example_dags/example_local_kubernetes_executor.py for tasks to queue
[2023-07-23T00:04:31.528+0000] {logging_mixin.py:150} INFO - [2023-07-23T00:04:31.528+0000] {dagbag.py:541} INFO - Filling up the DagBag from /home/airflow/.local/lib/python3.7/site-packages/airflow/example_dags/example_local_kubernetes_executor.py
[2023-07-23T00:04:31.794+0000] {processor.py:836} INFO - DAG(s) dict_keys(['example_local_kubernetes_executor']) retrieved from /home/airflow/.local/lib/python3.7/site-packages/airflow/example_dags/example_local_kubernetes_executor.py
[2023-07-23T00:04:31.826+0000] {logging_mixin.py:150} INFO - [2023-07-23T00:04:31.826+0000] {dag.py:2742} INFO - Sync 1 DAGs
[2023-07-23T00:04:32.064+0000] {logging_mixin.py:150} INFO - [2023-07-23T00:04:32.064+0000] {dag.py:3508} INFO - Setting next_dagrun for example_local_kubernetes_executor to None, run_after=None
[2023-07-23T00:04:32.080+0000] {processor.py:179} INFO - Processing /home/airflow/.local/lib/python3.7/site-packages/airflow/example_dags/example_local_kubernetes_executor.py took 0.557 seconds
[2023-07-23T00:05:02.314+0000] {processor.py:157} INFO - Started process (PID=2029) to work on /home/airflow/.local/lib/python3.7/site-packages/airflow/example_dags/example_local_kubernetes_executor.py
[2023-07-23T00:05:02.315+0000] {processor.py:826} INFO - Processing file /home/airflow/.local/lib/python3.7/site-packages/airflow/example_dags/example_local_kubernetes_executor.py for tasks to queue
[2023-07-23T00:05:02.317+0000] {logging_mixin.py:150} INFO - [2023-07-23T00:05:02.317+0000] {dagbag.py:541} INFO - Filling up the DagBag from /home/airflow/.local/lib/python3.7/site-packages/airflow/example_dags/example_local_kubernetes_executor.py
[2023-07-23T00:05:02.905+0000] {processor.py:836} INFO - DAG(s) dict_keys(['example_local_kubernetes_executor']) retrieved from /home/airflow/.local/lib/python3.7/site-packages/airflow/example_dags/example_local_kubernetes_executor.py
[2023-07-23T00:05:02.940+0000] {logging_mixin.py:150} INFO - [2023-07-23T00:05:02.940+0000] {dag.py:2742} INFO - Sync 1 DAGs
[2023-07-23T00:05:02.961+0000] {logging_mixin.py:150} INFO - [2023-07-23T00:05:02.961+0000] {dag.py:3508} INFO - Setting next_dagrun for example_local_kubernetes_executor to None, run_after=None
[2023-07-23T00:05:02.974+0000] {processor.py:179} INFO - Processing /home/airflow/.local/lib/python3.7/site-packages/airflow/example_dags/example_local_kubernetes_executor.py took 0.667 seconds
[2023-07-23T00:05:33.046+0000] {processor.py:157} INFO - Started process (PID=2090) to work on /home/airflow/.local/lib/python3.7/site-packages/airflow/example_dags/example_local_kubernetes_executor.py
[2023-07-23T00:05:33.049+0000] {processor.py:826} INFO - Processing file /home/airflow/.local/lib/python3.7/site-packages/airflow/example_dags/example_local_kubernetes_executor.py for tasks to queue
[2023-07-23T00:05:33.051+0000] {logging_mixin.py:150} INFO - [2023-07-23T00:05:33.051+0000] {dagbag.py:541} INFO - Filling up the DagBag from /home/airflow/.local/lib/python3.7/site-packages/airflow/example_dags/example_local_kubernetes_executor.py
[2023-07-23T00:05:33.255+0000] {processor.py:836} INFO - DAG(s) dict_keys(['example_local_kubernetes_executor']) retrieved from /home/airflow/.local/lib/python3.7/site-packages/airflow/example_dags/example_local_kubernetes_executor.py
[2023-07-23T00:05:33.442+0000] {logging_mixin.py:150} INFO - [2023-07-23T00:05:33.442+0000] {dag.py:2742} INFO - Sync 1 DAGs
[2023-07-23T00:05:33.456+0000] {logging_mixin.py:150} INFO - [2023-07-23T00:05:33.456+0000] {dag.py:3508} INFO - Setting next_dagrun for example_local_kubernetes_executor to None, run_after=None
[2023-07-23T00:05:33.466+0000] {processor.py:179} INFO - Processing /home/airflow/.local/lib/python3.7/site-packages/airflow/example_dags/example_local_kubernetes_executor.py took 0.426 seconds
[2023-07-23T00:06:03.629+0000] {processor.py:157} INFO - Started process (PID=2153) to work on /home/airflow/.local/lib/python3.7/site-packages/airflow/example_dags/example_local_kubernetes_executor.py
[2023-07-23T00:06:03.634+0000] {processor.py:826} INFO - Processing file /home/airflow/.local/lib/python3.7/site-packages/airflow/example_dags/example_local_kubernetes_executor.py for tasks to queue
[2023-07-23T00:06:03.639+0000] {logging_mixin.py:150} INFO - [2023-07-23T00:06:03.638+0000] {dagbag.py:541} INFO - Filling up the DagBag from /home/airflow/.local/lib/python3.7/site-packages/airflow/example_dags/example_local_kubernetes_executor.py
[2023-07-23T00:06:04.036+0000] {processor.py:836} INFO - DAG(s) dict_keys(['example_local_kubernetes_executor']) retrieved from /home/airflow/.local/lib/python3.7/site-packages/airflow/example_dags/example_local_kubernetes_executor.py
[2023-07-23T00:06:04.079+0000] {logging_mixin.py:150} INFO - [2023-07-23T00:06:04.078+0000] {dag.py:2742} INFO - Sync 1 DAGs
[2023-07-23T00:06:04.099+0000] {logging_mixin.py:150} INFO - [2023-07-23T00:06:04.099+0000] {dag.py:3508} INFO - Setting next_dagrun for example_local_kubernetes_executor to None, run_after=None
[2023-07-23T00:06:04.149+0000] {processor.py:179} INFO - Processing /home/airflow/.local/lib/python3.7/site-packages/airflow/example_dags/example_local_kubernetes_executor.py took 0.528 seconds
[2023-07-23T00:06:34.302+0000] {processor.py:157} INFO - Started process (PID=2216) to work on /home/airflow/.local/lib/python3.7/site-packages/airflow/example_dags/example_local_kubernetes_executor.py
[2023-07-23T00:06:34.305+0000] {processor.py:826} INFO - Processing file /home/airflow/.local/lib/python3.7/site-packages/airflow/example_dags/example_local_kubernetes_executor.py for tasks to queue
[2023-07-23T00:06:34.307+0000] {logging_mixin.py:150} INFO - [2023-07-23T00:06:34.306+0000] {dagbag.py:541} INFO - Filling up the DagBag from /home/airflow/.local/lib/python3.7/site-packages/airflow/example_dags/example_local_kubernetes_executor.py
[2023-07-23T00:06:34.665+0000] {processor.py:836} INFO - DAG(s) dict_keys(['example_local_kubernetes_executor']) retrieved from /home/airflow/.local/lib/python3.7/site-packages/airflow/example_dags/example_local_kubernetes_executor.py
[2023-07-23T00:06:34.711+0000] {logging_mixin.py:150} INFO - [2023-07-23T00:06:34.711+0000] {dag.py:2742} INFO - Sync 1 DAGs
[2023-07-23T00:06:34.732+0000] {logging_mixin.py:150} INFO - [2023-07-23T00:06:34.732+0000] {dag.py:3508} INFO - Setting next_dagrun for example_local_kubernetes_executor to None, run_after=None
[2023-07-23T00:06:34.745+0000] {processor.py:179} INFO - Processing /home/airflow/.local/lib/python3.7/site-packages/airflow/example_dags/example_local_kubernetes_executor.py took 0.448 seconds
[2023-07-23T00:07:04.826+0000] {processor.py:157} INFO - Started process (PID=2281) to work on /home/airflow/.local/lib/python3.7/site-packages/airflow/example_dags/example_local_kubernetes_executor.py
[2023-07-23T00:07:04.828+0000] {processor.py:826} INFO - Processing file /home/airflow/.local/lib/python3.7/site-packages/airflow/example_dags/example_local_kubernetes_executor.py for tasks to queue
[2023-07-23T00:07:04.829+0000] {logging_mixin.py:150} INFO - [2023-07-23T00:07:04.828+0000] {dagbag.py:541} INFO - Filling up the DagBag from /home/airflow/.local/lib/python3.7/site-packages/airflow/example_dags/example_local_kubernetes_executor.py
[2023-07-23T00:07:05.221+0000] {processor.py:836} INFO - DAG(s) dict_keys(['example_local_kubernetes_executor']) retrieved from /home/airflow/.local/lib/python3.7/site-packages/airflow/example_dags/example_local_kubernetes_executor.py
[2023-07-23T00:07:05.251+0000] {logging_mixin.py:150} INFO - [2023-07-23T00:07:05.251+0000] {dag.py:2742} INFO - Sync 1 DAGs
[2023-07-23T00:07:05.267+0000] {logging_mixin.py:150} INFO - [2023-07-23T00:07:05.267+0000] {dag.py:3508} INFO - Setting next_dagrun for example_local_kubernetes_executor to None, run_after=None
[2023-07-23T00:07:05.278+0000] {processor.py:179} INFO - Processing /home/airflow/.local/lib/python3.7/site-packages/airflow/example_dags/example_local_kubernetes_executor.py took 0.455 seconds
[2023-07-23T00:07:36.331+0000] {processor.py:157} INFO - Started process (PID=2345) to work on /home/airflow/.local/lib/python3.7/site-packages/airflow/example_dags/example_local_kubernetes_executor.py
[2023-07-23T00:07:36.333+0000] {processor.py:826} INFO - Processing file /home/airflow/.local/lib/python3.7/site-packages/airflow/example_dags/example_local_kubernetes_executor.py for tasks to queue
[2023-07-23T00:07:36.334+0000] {logging_mixin.py:150} INFO - [2023-07-23T00:07:36.334+0000] {dagbag.py:541} INFO - Filling up the DagBag from /home/airflow/.local/lib/python3.7/site-packages/airflow/example_dags/example_local_kubernetes_executor.py
[2023-07-23T00:07:36.812+0000] {processor.py:836} INFO - DAG(s) dict_keys(['example_local_kubernetes_executor']) retrieved from /home/airflow/.local/lib/python3.7/site-packages/airflow/example_dags/example_local_kubernetes_executor.py
[2023-07-23T00:07:36.843+0000] {logging_mixin.py:150} INFO - [2023-07-23T00:07:36.843+0000] {dag.py:2742} INFO - Sync 1 DAGs
[2023-07-23T00:07:36.859+0000] {logging_mixin.py:150} INFO - [2023-07-23T00:07:36.859+0000] {dag.py:3508} INFO - Setting next_dagrun for example_local_kubernetes_executor to None, run_after=None
[2023-07-23T00:07:36.870+0000] {processor.py:179} INFO - Processing /home/airflow/.local/lib/python3.7/site-packages/airflow/example_dags/example_local_kubernetes_executor.py took 0.544 seconds
[2023-07-23T00:08:07.674+0000] {processor.py:157} INFO - Started process (PID=2420) to work on /home/airflow/.local/lib/python3.7/site-packages/airflow/example_dags/example_local_kubernetes_executor.py
[2023-07-23T00:08:07.677+0000] {processor.py:826} INFO - Processing file /home/airflow/.local/lib/python3.7/site-packages/airflow/example_dags/example_local_kubernetes_executor.py for tasks to queue
[2023-07-23T00:08:07.679+0000] {logging_mixin.py:150} INFO - [2023-07-23T00:08:07.679+0000] {dagbag.py:541} INFO - Filling up the DagBag from /home/airflow/.local/lib/python3.7/site-packages/airflow/example_dags/example_local_kubernetes_executor.py
[2023-07-23T00:08:08.012+0000] {processor.py:836} INFO - DAG(s) dict_keys(['example_local_kubernetes_executor']) retrieved from /home/airflow/.local/lib/python3.7/site-packages/airflow/example_dags/example_local_kubernetes_executor.py
[2023-07-23T00:08:08.043+0000] {logging_mixin.py:150} INFO - [2023-07-23T00:08:08.042+0000] {dag.py:2742} INFO - Sync 1 DAGs
[2023-07-23T00:08:08.057+0000] {logging_mixin.py:150} INFO - [2023-07-23T00:08:08.056+0000] {dag.py:3508} INFO - Setting next_dagrun for example_local_kubernetes_executor to None, run_after=None
[2023-07-23T00:08:08.067+0000] {processor.py:179} INFO - Processing /home/airflow/.local/lib/python3.7/site-packages/airflow/example_dags/example_local_kubernetes_executor.py took 0.397 seconds
[2023-07-23T00:08:38.238+0000] {processor.py:157} INFO - Started process (PID=2485) to work on /home/airflow/.local/lib/python3.7/site-packages/airflow/example_dags/example_local_kubernetes_executor.py
[2023-07-23T00:08:38.241+0000] {processor.py:826} INFO - Processing file /home/airflow/.local/lib/python3.7/site-packages/airflow/example_dags/example_local_kubernetes_executor.py for tasks to queue
[2023-07-23T00:08:38.243+0000] {logging_mixin.py:150} INFO - [2023-07-23T00:08:38.242+0000] {dagbag.py:541} INFO - Filling up the DagBag from /home/airflow/.local/lib/python3.7/site-packages/airflow/example_dags/example_local_kubernetes_executor.py
[2023-07-23T00:08:38.635+0000] {processor.py:836} INFO - DAG(s) dict_keys(['example_local_kubernetes_executor']) retrieved from /home/airflow/.local/lib/python3.7/site-packages/airflow/example_dags/example_local_kubernetes_executor.py
[2023-07-23T00:08:38.663+0000] {logging_mixin.py:150} INFO - [2023-07-23T00:08:38.663+0000] {dag.py:2742} INFO - Sync 1 DAGs
[2023-07-23T00:08:38.679+0000] {logging_mixin.py:150} INFO - [2023-07-23T00:08:38.678+0000] {dag.py:3508} INFO - Setting next_dagrun for example_local_kubernetes_executor to None, run_after=None
[2023-07-23T00:08:38.690+0000] {processor.py:179} INFO - Processing /home/airflow/.local/lib/python3.7/site-packages/airflow/example_dags/example_local_kubernetes_executor.py took 0.460 seconds
[2023-07-23T00:09:09.054+0000] {processor.py:157} INFO - Started process (PID=2548) to work on /home/airflow/.local/lib/python3.7/site-packages/airflow/example_dags/example_local_kubernetes_executor.py
[2023-07-23T00:09:09.056+0000] {processor.py:826} INFO - Processing file /home/airflow/.local/lib/python3.7/site-packages/airflow/example_dags/example_local_kubernetes_executor.py for tasks to queue
[2023-07-23T00:09:09.058+0000] {logging_mixin.py:150} INFO - [2023-07-23T00:09:09.057+0000] {dagbag.py:541} INFO - Filling up the DagBag from /home/airflow/.local/lib/python3.7/site-packages/airflow/example_dags/example_local_kubernetes_executor.py
[2023-07-23T00:09:09.439+0000] {processor.py:836} INFO - DAG(s) dict_keys(['example_local_kubernetes_executor']) retrieved from /home/airflow/.local/lib/python3.7/site-packages/airflow/example_dags/example_local_kubernetes_executor.py
[2023-07-23T00:09:09.468+0000] {logging_mixin.py:150} INFO - [2023-07-23T00:09:09.468+0000] {dag.py:2742} INFO - Sync 1 DAGs
[2023-07-23T00:09:09.482+0000] {logging_mixin.py:150} INFO - [2023-07-23T00:09:09.482+0000] {dag.py:3508} INFO - Setting next_dagrun for example_local_kubernetes_executor to None, run_after=None
[2023-07-23T00:09:09.494+0000] {processor.py:179} INFO - Processing /home/airflow/.local/lib/python3.7/site-packages/airflow/example_dags/example_local_kubernetes_executor.py took 0.445 seconds
[2023-07-23T00:09:39.566+0000] {processor.py:157} INFO - Started process (PID=2615) to work on /home/airflow/.local/lib/python3.7/site-packages/airflow/example_dags/example_local_kubernetes_executor.py
[2023-07-23T00:09:39.568+0000] {processor.py:826} INFO - Processing file /home/airflow/.local/lib/python3.7/site-packages/airflow/example_dags/example_local_kubernetes_executor.py for tasks to queue
[2023-07-23T00:09:39.570+0000] {logging_mixin.py:150} INFO - [2023-07-23T00:09:39.570+0000] {dagbag.py:541} INFO - Filling up the DagBag from /home/airflow/.local/lib/python3.7/site-packages/airflow/example_dags/example_local_kubernetes_executor.py
[2023-07-23T00:09:39.991+0000] {processor.py:836} INFO - DAG(s) dict_keys(['example_local_kubernetes_executor']) retrieved from /home/airflow/.local/lib/python3.7/site-packages/airflow/example_dags/example_local_kubernetes_executor.py
[2023-07-23T00:09:40.040+0000] {logging_mixin.py:150} INFO - [2023-07-23T00:09:40.039+0000] {dag.py:2742} INFO - Sync 1 DAGs
[2023-07-23T00:09:40.063+0000] {logging_mixin.py:150} INFO - [2023-07-23T00:09:40.063+0000] {dag.py:3508} INFO - Setting next_dagrun for example_local_kubernetes_executor to None, run_after=None
[2023-07-23T00:09:40.086+0000] {processor.py:179} INFO - Processing /home/airflow/.local/lib/python3.7/site-packages/airflow/example_dags/example_local_kubernetes_executor.py took 0.528 seconds
[2023-07-23T00:10:10.756+0000] {processor.py:157} INFO - Started process (PID=2678) to work on /home/airflow/.local/lib/python3.7/site-packages/airflow/example_dags/example_local_kubernetes_executor.py
[2023-07-23T00:10:10.758+0000] {processor.py:826} INFO - Processing file /home/airflow/.local/lib/python3.7/site-packages/airflow/example_dags/example_local_kubernetes_executor.py for tasks to queue
[2023-07-23T00:10:10.759+0000] {logging_mixin.py:150} INFO - [2023-07-23T00:10:10.759+0000] {dagbag.py:541} INFO - Filling up the DagBag from /home/airflow/.local/lib/python3.7/site-packages/airflow/example_dags/example_local_kubernetes_executor.py
[2023-07-23T00:10:11.146+0000] {processor.py:836} INFO - DAG(s) dict_keys(['example_local_kubernetes_executor']) retrieved from /home/airflow/.local/lib/python3.7/site-packages/airflow/example_dags/example_local_kubernetes_executor.py
[2023-07-23T00:10:11.170+0000] {logging_mixin.py:150} INFO - [2023-07-23T00:10:11.170+0000] {dag.py:2742} INFO - Sync 1 DAGs
[2023-07-23T00:10:11.185+0000] {logging_mixin.py:150} INFO - [2023-07-23T00:10:11.185+0000] {dag.py:3508} INFO - Setting next_dagrun for example_local_kubernetes_executor to None, run_after=None
[2023-07-23T00:10:11.195+0000] {processor.py:179} INFO - Processing /home/airflow/.local/lib/python3.7/site-packages/airflow/example_dags/example_local_kubernetes_executor.py took 0.442 seconds
[2023-07-23T00:10:42.114+0000] {processor.py:157} INFO - Started process (PID=2743) to work on /home/airflow/.local/lib/python3.7/site-packages/airflow/example_dags/example_local_kubernetes_executor.py
[2023-07-23T00:10:42.116+0000] {processor.py:826} INFO - Processing file /home/airflow/.local/lib/python3.7/site-packages/airflow/example_dags/example_local_kubernetes_executor.py for tasks to queue
[2023-07-23T00:10:42.118+0000] {logging_mixin.py:150} INFO - [2023-07-23T00:10:42.117+0000] {dagbag.py:541} INFO - Filling up the DagBag from /home/airflow/.local/lib/python3.7/site-packages/airflow/example_dags/example_local_kubernetes_executor.py
[2023-07-23T00:10:42.590+0000] {processor.py:836} INFO - DAG(s) dict_keys(['example_local_kubernetes_executor']) retrieved from /home/airflow/.local/lib/python3.7/site-packages/airflow/example_dags/example_local_kubernetes_executor.py
[2023-07-23T00:10:42.630+0000] {logging_mixin.py:150} INFO - [2023-07-23T00:10:42.630+0000] {dag.py:2742} INFO - Sync 1 DAGs
[2023-07-23T00:10:42.648+0000] {logging_mixin.py:150} INFO - [2023-07-23T00:10:42.648+0000] {dag.py:3508} INFO - Setting next_dagrun for example_local_kubernetes_executor to None, run_after=None
[2023-07-23T00:10:42.663+0000] {processor.py:179} INFO - Processing /home/airflow/.local/lib/python3.7/site-packages/airflow/example_dags/example_local_kubernetes_executor.py took 0.555 seconds
[2023-07-23T00:11:13.683+0000] {processor.py:157} INFO - Started process (PID=2806) to work on /home/airflow/.local/lib/python3.7/site-packages/airflow/example_dags/example_local_kubernetes_executor.py
[2023-07-23T00:11:13.685+0000] {processor.py:826} INFO - Processing file /home/airflow/.local/lib/python3.7/site-packages/airflow/example_dags/example_local_kubernetes_executor.py for tasks to queue
[2023-07-23T00:11:13.687+0000] {logging_mixin.py:150} INFO - [2023-07-23T00:11:13.687+0000] {dagbag.py:541} INFO - Filling up the DagBag from /home/airflow/.local/lib/python3.7/site-packages/airflow/example_dags/example_local_kubernetes_executor.py
[2023-07-23T00:11:14.303+0000] {processor.py:836} INFO - DAG(s) dict_keys(['example_local_kubernetes_executor']) retrieved from /home/airflow/.local/lib/python3.7/site-packages/airflow/example_dags/example_local_kubernetes_executor.py
[2023-07-23T00:11:14.425+0000] {logging_mixin.py:150} INFO - [2023-07-23T00:11:14.424+0000] {dag.py:2742} INFO - Sync 1 DAGs
[2023-07-23T00:11:14.461+0000] {logging_mixin.py:150} INFO - [2023-07-23T00:11:14.461+0000] {dag.py:3508} INFO - Setting next_dagrun for example_local_kubernetes_executor to None, run_after=None
[2023-07-23T00:11:14.478+0000] {processor.py:179} INFO - Processing /home/airflow/.local/lib/python3.7/site-packages/airflow/example_dags/example_local_kubernetes_executor.py took 0.801 seconds
[2023-07-23T00:11:44.600+0000] {processor.py:157} INFO - Started process (PID=2868) to work on /home/airflow/.local/lib/python3.7/site-packages/airflow/example_dags/example_local_kubernetes_executor.py
[2023-07-23T00:11:44.603+0000] {processor.py:826} INFO - Processing file /home/airflow/.local/lib/python3.7/site-packages/airflow/example_dags/example_local_kubernetes_executor.py for tasks to queue
[2023-07-23T00:11:44.605+0000] {logging_mixin.py:150} INFO - [2023-07-23T00:11:44.604+0000] {dagbag.py:541} INFO - Filling up the DagBag from /home/airflow/.local/lib/python3.7/site-packages/airflow/example_dags/example_local_kubernetes_executor.py
[2023-07-23T00:11:45.038+0000] {processor.py:836} INFO - DAG(s) dict_keys(['example_local_kubernetes_executor']) retrieved from /home/airflow/.local/lib/python3.7/site-packages/airflow/example_dags/example_local_kubernetes_executor.py
[2023-07-23T00:11:45.064+0000] {logging_mixin.py:150} INFO - [2023-07-23T00:11:45.063+0000] {dag.py:2742} INFO - Sync 1 DAGs
[2023-07-23T00:11:45.078+0000] {logging_mixin.py:150} INFO - [2023-07-23T00:11:45.077+0000] {dag.py:3508} INFO - Setting next_dagrun for example_local_kubernetes_executor to None, run_after=None
[2023-07-23T00:11:45.087+0000] {processor.py:179} INFO - Processing /home/airflow/.local/lib/python3.7/site-packages/airflow/example_dags/example_local_kubernetes_executor.py took 0.496 seconds
[2023-07-23T00:12:15.673+0000] {processor.py:157} INFO - Started process (PID=2932) to work on /home/airflow/.local/lib/python3.7/site-packages/airflow/example_dags/example_local_kubernetes_executor.py
[2023-07-23T00:12:15.675+0000] {processor.py:826} INFO - Processing file /home/airflow/.local/lib/python3.7/site-packages/airflow/example_dags/example_local_kubernetes_executor.py for tasks to queue
[2023-07-23T00:12:15.677+0000] {logging_mixin.py:150} INFO - [2023-07-23T00:12:15.676+0000] {dagbag.py:541} INFO - Filling up the DagBag from /home/airflow/.local/lib/python3.7/site-packages/airflow/example_dags/example_local_kubernetes_executor.py
[2023-07-23T00:12:16.480+0000] {processor.py:836} INFO - DAG(s) dict_keys(['example_local_kubernetes_executor']) retrieved from /home/airflow/.local/lib/python3.7/site-packages/airflow/example_dags/example_local_kubernetes_executor.py
[2023-07-23T00:12:16.509+0000] {logging_mixin.py:150} INFO - [2023-07-23T00:12:16.508+0000] {dag.py:2742} INFO - Sync 1 DAGs
[2023-07-23T00:12:16.555+0000] {logging_mixin.py:150} INFO - [2023-07-23T00:12:16.555+0000] {dag.py:3508} INFO - Setting next_dagrun for example_local_kubernetes_executor to None, run_after=None
[2023-07-23T00:12:16.605+0000] {processor.py:179} INFO - Processing /home/airflow/.local/lib/python3.7/site-packages/airflow/example_dags/example_local_kubernetes_executor.py took 0.938 seconds
[2023-07-23T00:12:46.633+0000] {processor.py:157} INFO - Started process (PID=2999) to work on /home/airflow/.local/lib/python3.7/site-packages/airflow/example_dags/example_local_kubernetes_executor.py
[2023-07-23T00:12:46.634+0000] {processor.py:826} INFO - Processing file /home/airflow/.local/lib/python3.7/site-packages/airflow/example_dags/example_local_kubernetes_executor.py for tasks to queue
[2023-07-23T00:12:46.635+0000] {logging_mixin.py:150} INFO - [2023-07-23T00:12:46.635+0000] {dagbag.py:541} INFO - Filling up the DagBag from /home/airflow/.local/lib/python3.7/site-packages/airflow/example_dags/example_local_kubernetes_executor.py
[2023-07-23T00:12:47.060+0000] {processor.py:836} INFO - DAG(s) dict_keys(['example_local_kubernetes_executor']) retrieved from /home/airflow/.local/lib/python3.7/site-packages/airflow/example_dags/example_local_kubernetes_executor.py
[2023-07-23T00:12:47.109+0000] {logging_mixin.py:150} INFO - [2023-07-23T00:12:47.108+0000] {dag.py:2742} INFO - Sync 1 DAGs
[2023-07-23T00:12:47.125+0000] {logging_mixin.py:150} INFO - [2023-07-23T00:12:47.125+0000] {dag.py:3508} INFO - Setting next_dagrun for example_local_kubernetes_executor to None, run_after=None
[2023-07-23T00:12:47.137+0000] {processor.py:179} INFO - Processing /home/airflow/.local/lib/python3.7/site-packages/airflow/example_dags/example_local_kubernetes_executor.py took 0.506 seconds
[2023-07-23T00:13:17.952+0000] {processor.py:157} INFO - Started process (PID=3062) to work on /home/airflow/.local/lib/python3.7/site-packages/airflow/example_dags/example_local_kubernetes_executor.py
[2023-07-23T00:13:17.957+0000] {processor.py:826} INFO - Processing file /home/airflow/.local/lib/python3.7/site-packages/airflow/example_dags/example_local_kubernetes_executor.py for tasks to queue
[2023-07-23T00:13:17.960+0000] {logging_mixin.py:150} INFO - [2023-07-23T00:13:17.959+0000] {dagbag.py:541} INFO - Filling up the DagBag from /home/airflow/.local/lib/python3.7/site-packages/airflow/example_dags/example_local_kubernetes_executor.py
[2023-07-23T00:13:18.494+0000] {processor.py:836} INFO - DAG(s) dict_keys(['example_local_kubernetes_executor']) retrieved from /home/airflow/.local/lib/python3.7/site-packages/airflow/example_dags/example_local_kubernetes_executor.py
[2023-07-23T00:13:18.523+0000] {logging_mixin.py:150} INFO - [2023-07-23T00:13:18.523+0000] {dag.py:2742} INFO - Sync 1 DAGs
[2023-07-23T00:13:18.539+0000] {logging_mixin.py:150} INFO - [2023-07-23T00:13:18.539+0000] {dag.py:3508} INFO - Setting next_dagrun for example_local_kubernetes_executor to None, run_after=None
[2023-07-23T00:13:18.550+0000] {processor.py:179} INFO - Processing /home/airflow/.local/lib/python3.7/site-packages/airflow/example_dags/example_local_kubernetes_executor.py took 0.608 seconds
[2023-07-23T00:13:49.425+0000] {processor.py:157} INFO - Started process (PID=3128) to work on /home/airflow/.local/lib/python3.7/site-packages/airflow/example_dags/example_local_kubernetes_executor.py
[2023-07-23T00:13:49.428+0000] {processor.py:826} INFO - Processing file /home/airflow/.local/lib/python3.7/site-packages/airflow/example_dags/example_local_kubernetes_executor.py for tasks to queue
[2023-07-23T00:13:49.430+0000] {logging_mixin.py:150} INFO - [2023-07-23T00:13:49.429+0000] {dagbag.py:541} INFO - Filling up the DagBag from /home/airflow/.local/lib/python3.7/site-packages/airflow/example_dags/example_local_kubernetes_executor.py
[2023-07-23T00:13:49.897+0000] {processor.py:836} INFO - DAG(s) dict_keys(['example_local_kubernetes_executor']) retrieved from /home/airflow/.local/lib/python3.7/site-packages/airflow/example_dags/example_local_kubernetes_executor.py
[2023-07-23T00:13:49.924+0000] {logging_mixin.py:150} INFO - [2023-07-23T00:13:49.924+0000] {dag.py:2742} INFO - Sync 1 DAGs
[2023-07-23T00:13:49.938+0000] {logging_mixin.py:150} INFO - [2023-07-23T00:13:49.938+0000] {dag.py:3508} INFO - Setting next_dagrun for example_local_kubernetes_executor to None, run_after=None
[2023-07-23T00:13:49.949+0000] {processor.py:179} INFO - Processing /home/airflow/.local/lib/python3.7/site-packages/airflow/example_dags/example_local_kubernetes_executor.py took 0.534 seconds
[2023-07-23T00:14:20.732+0000] {processor.py:157} INFO - Started process (PID=3194) to work on /home/airflow/.local/lib/python3.7/site-packages/airflow/example_dags/example_local_kubernetes_executor.py
[2023-07-23T00:14:20.734+0000] {processor.py:826} INFO - Processing file /home/airflow/.local/lib/python3.7/site-packages/airflow/example_dags/example_local_kubernetes_executor.py for tasks to queue
[2023-07-23T00:14:20.736+0000] {logging_mixin.py:150} INFO - [2023-07-23T00:14:20.736+0000] {dagbag.py:541} INFO - Filling up the DagBag from /home/airflow/.local/lib/python3.7/site-packages/airflow/example_dags/example_local_kubernetes_executor.py
[2023-07-23T00:14:21.255+0000] {processor.py:836} INFO - DAG(s) dict_keys(['example_local_kubernetes_executor']) retrieved from /home/airflow/.local/lib/python3.7/site-packages/airflow/example_dags/example_local_kubernetes_executor.py
[2023-07-23T00:14:21.286+0000] {logging_mixin.py:150} INFO - [2023-07-23T00:14:21.286+0000] {dag.py:2742} INFO - Sync 1 DAGs
[2023-07-23T00:14:21.310+0000] {logging_mixin.py:150} INFO - [2023-07-23T00:14:21.309+0000] {dag.py:3508} INFO - Setting next_dagrun for example_local_kubernetes_executor to None, run_after=None
[2023-07-23T00:14:21.321+0000] {processor.py:179} INFO - Processing /home/airflow/.local/lib/python3.7/site-packages/airflow/example_dags/example_local_kubernetes_executor.py took 0.595 seconds
[2023-07-23T00:14:51.414+0000] {processor.py:157} INFO - Started process (PID=3260) to work on /home/airflow/.local/lib/python3.7/site-packages/airflow/example_dags/example_local_kubernetes_executor.py
[2023-07-23T00:14:51.416+0000] {processor.py:826} INFO - Processing file /home/airflow/.local/lib/python3.7/site-packages/airflow/example_dags/example_local_kubernetes_executor.py for tasks to queue
[2023-07-23T00:14:51.417+0000] {logging_mixin.py:150} INFO - [2023-07-23T00:14:51.417+0000] {dagbag.py:541} INFO - Filling up the DagBag from /home/airflow/.local/lib/python3.7/site-packages/airflow/example_dags/example_local_kubernetes_executor.py
[2023-07-23T00:14:52.002+0000] {processor.py:836} INFO - DAG(s) dict_keys(['example_local_kubernetes_executor']) retrieved from /home/airflow/.local/lib/python3.7/site-packages/airflow/example_dags/example_local_kubernetes_executor.py
[2023-07-23T00:14:52.046+0000] {logging_mixin.py:150} INFO - [2023-07-23T00:14:52.045+0000] {dag.py:2742} INFO - Sync 1 DAGs
[2023-07-23T00:14:52.063+0000] {logging_mixin.py:150} INFO - [2023-07-23T00:14:52.063+0000] {dag.py:3508} INFO - Setting next_dagrun for example_local_kubernetes_executor to None, run_after=None
[2023-07-23T00:14:52.074+0000] {processor.py:179} INFO - Processing /home/airflow/.local/lib/python3.7/site-packages/airflow/example_dags/example_local_kubernetes_executor.py took 0.663 seconds
[2023-07-23T00:15:22.776+0000] {processor.py:157} INFO - Started process (PID=3324) to work on /home/airflow/.local/lib/python3.7/site-packages/airflow/example_dags/example_local_kubernetes_executor.py
[2023-07-23T00:15:22.780+0000] {processor.py:826} INFO - Processing file /home/airflow/.local/lib/python3.7/site-packages/airflow/example_dags/example_local_kubernetes_executor.py for tasks to queue
[2023-07-23T00:15:22.782+0000] {logging_mixin.py:150} INFO - [2023-07-23T00:15:22.781+0000] {dagbag.py:541} INFO - Filling up the DagBag from /home/airflow/.local/lib/python3.7/site-packages/airflow/example_dags/example_local_kubernetes_executor.py
[2023-07-23T00:15:23.300+0000] {processor.py:836} INFO - DAG(s) dict_keys(['example_local_kubernetes_executor']) retrieved from /home/airflow/.local/lib/python3.7/site-packages/airflow/example_dags/example_local_kubernetes_executor.py
[2023-07-23T00:15:23.351+0000] {logging_mixin.py:150} INFO - [2023-07-23T00:15:23.350+0000] {dag.py:2742} INFO - Sync 1 DAGs
[2023-07-23T00:15:23.385+0000] {logging_mixin.py:150} INFO - [2023-07-23T00:15:23.385+0000] {dag.py:3508} INFO - Setting next_dagrun for example_local_kubernetes_executor to None, run_after=None
[2023-07-23T00:15:23.403+0000] {processor.py:179} INFO - Processing /home/airflow/.local/lib/python3.7/site-packages/airflow/example_dags/example_local_kubernetes_executor.py took 0.638 seconds
[2023-07-23T00:15:53.817+0000] {processor.py:157} INFO - Started process (PID=3387) to work on /home/airflow/.local/lib/python3.7/site-packages/airflow/example_dags/example_local_kubernetes_executor.py
[2023-07-23T00:15:53.819+0000] {processor.py:826} INFO - Processing file /home/airflow/.local/lib/python3.7/site-packages/airflow/example_dags/example_local_kubernetes_executor.py for tasks to queue
[2023-07-23T00:15:53.821+0000] {logging_mixin.py:150} INFO - [2023-07-23T00:15:53.821+0000] {dagbag.py:541} INFO - Filling up the DagBag from /home/airflow/.local/lib/python3.7/site-packages/airflow/example_dags/example_local_kubernetes_executor.py
[2023-07-23T00:15:54.185+0000] {processor.py:836} INFO - DAG(s) dict_keys(['example_local_kubernetes_executor']) retrieved from /home/airflow/.local/lib/python3.7/site-packages/airflow/example_dags/example_local_kubernetes_executor.py
[2023-07-23T00:15:54.212+0000] {logging_mixin.py:150} INFO - [2023-07-23T00:15:54.212+0000] {dag.py:2742} INFO - Sync 1 DAGs
[2023-07-23T00:15:54.227+0000] {logging_mixin.py:150} INFO - [2023-07-23T00:15:54.227+0000] {dag.py:3508} INFO - Setting next_dagrun for example_local_kubernetes_executor to None, run_after=None
[2023-07-23T00:15:54.238+0000] {processor.py:179} INFO - Processing /home/airflow/.local/lib/python3.7/site-packages/airflow/example_dags/example_local_kubernetes_executor.py took 0.425 seconds
[2023-07-23T00:16:25.203+0000] {processor.py:157} INFO - Started process (PID=3453) to work on /home/airflow/.local/lib/python3.7/site-packages/airflow/example_dags/example_local_kubernetes_executor.py
[2023-07-23T00:16:25.204+0000] {processor.py:826} INFO - Processing file /home/airflow/.local/lib/python3.7/site-packages/airflow/example_dags/example_local_kubernetes_executor.py for tasks to queue
[2023-07-23T00:16:25.205+0000] {logging_mixin.py:150} INFO - [2023-07-23T00:16:25.204+0000] {dagbag.py:541} INFO - Filling up the DagBag from /home/airflow/.local/lib/python3.7/site-packages/airflow/example_dags/example_local_kubernetes_executor.py
[2023-07-23T00:16:25.603+0000] {processor.py:836} INFO - DAG(s) dict_keys(['example_local_kubernetes_executor']) retrieved from /home/airflow/.local/lib/python3.7/site-packages/airflow/example_dags/example_local_kubernetes_executor.py
[2023-07-23T00:16:25.644+0000] {logging_mixin.py:150} INFO - [2023-07-23T00:16:25.644+0000] {dag.py:2742} INFO - Sync 1 DAGs
[2023-07-23T00:16:25.660+0000] {logging_mixin.py:150} INFO - [2023-07-23T00:16:25.660+0000] {dag.py:3508} INFO - Setting next_dagrun for example_local_kubernetes_executor to None, run_after=None
[2023-07-23T00:16:25.671+0000] {processor.py:179} INFO - Processing /home/airflow/.local/lib/python3.7/site-packages/airflow/example_dags/example_local_kubernetes_executor.py took 0.472 seconds
[2023-07-23T00:16:56.462+0000] {processor.py:157} INFO - Started process (PID=3518) to work on /home/airflow/.local/lib/python3.7/site-packages/airflow/example_dags/example_local_kubernetes_executor.py
[2023-07-23T00:16:56.464+0000] {processor.py:826} INFO - Processing file /home/airflow/.local/lib/python3.7/site-packages/airflow/example_dags/example_local_kubernetes_executor.py for tasks to queue
[2023-07-23T00:16:56.466+0000] {logging_mixin.py:150} INFO - [2023-07-23T00:16:56.466+0000] {dagbag.py:541} INFO - Filling up the DagBag from /home/airflow/.local/lib/python3.7/site-packages/airflow/example_dags/example_local_kubernetes_executor.py
[2023-07-23T00:16:56.893+0000] {processor.py:836} INFO - DAG(s) dict_keys(['example_local_kubernetes_executor']) retrieved from /home/airflow/.local/lib/python3.7/site-packages/airflow/example_dags/example_local_kubernetes_executor.py
[2023-07-23T00:16:56.944+0000] {logging_mixin.py:150} INFO - [2023-07-23T00:16:56.943+0000] {dag.py:2742} INFO - Sync 1 DAGs
[2023-07-23T00:16:56.961+0000] {logging_mixin.py:150} INFO - [2023-07-23T00:16:56.961+0000] {dag.py:3508} INFO - Setting next_dagrun for example_local_kubernetes_executor to None, run_after=None
[2023-07-23T00:16:56.974+0000] {processor.py:179} INFO - Processing /home/airflow/.local/lib/python3.7/site-packages/airflow/example_dags/example_local_kubernetes_executor.py took 0.519 seconds
[2023-07-23T00:17:27.846+0000] {processor.py:157} INFO - Started process (PID=3582) to work on /home/airflow/.local/lib/python3.7/site-packages/airflow/example_dags/example_local_kubernetes_executor.py
[2023-07-23T00:17:27.848+0000] {processor.py:826} INFO - Processing file /home/airflow/.local/lib/python3.7/site-packages/airflow/example_dags/example_local_kubernetes_executor.py for tasks to queue
[2023-07-23T00:17:27.850+0000] {logging_mixin.py:150} INFO - [2023-07-23T00:17:27.849+0000] {dagbag.py:541} INFO - Filling up the DagBag from /home/airflow/.local/lib/python3.7/site-packages/airflow/example_dags/example_local_kubernetes_executor.py
[2023-07-23T00:17:28.185+0000] {processor.py:836} INFO - DAG(s) dict_keys(['example_local_kubernetes_executor']) retrieved from /home/airflow/.local/lib/python3.7/site-packages/airflow/example_dags/example_local_kubernetes_executor.py
[2023-07-23T00:17:28.212+0000] {logging_mixin.py:150} INFO - [2023-07-23T00:17:28.212+0000] {dag.py:2742} INFO - Sync 1 DAGs
[2023-07-23T00:17:28.238+0000] {logging_mixin.py:150} INFO - [2023-07-23T00:17:28.237+0000] {dag.py:3508} INFO - Setting next_dagrun for example_local_kubernetes_executor to None, run_after=None
[2023-07-23T00:17:28.253+0000] {processor.py:179} INFO - Processing /home/airflow/.local/lib/python3.7/site-packages/airflow/example_dags/example_local_kubernetes_executor.py took 0.412 seconds
[2023-07-23T00:17:59.205+0000] {processor.py:157} INFO - Started process (PID=3647) to work on /home/airflow/.local/lib/python3.7/site-packages/airflow/example_dags/example_local_kubernetes_executor.py
[2023-07-23T00:17:59.206+0000] {processor.py:826} INFO - Processing file /home/airflow/.local/lib/python3.7/site-packages/airflow/example_dags/example_local_kubernetes_executor.py for tasks to queue
[2023-07-23T00:17:59.208+0000] {logging_mixin.py:150} INFO - [2023-07-23T00:17:59.207+0000] {dagbag.py:541} INFO - Filling up the DagBag from /home/airflow/.local/lib/python3.7/site-packages/airflow/example_dags/example_local_kubernetes_executor.py
[2023-07-23T00:17:59.603+0000] {processor.py:836} INFO - DAG(s) dict_keys(['example_local_kubernetes_executor']) retrieved from /home/airflow/.local/lib/python3.7/site-packages/airflow/example_dags/example_local_kubernetes_executor.py
[2023-07-23T00:17:59.625+0000] {logging_mixin.py:150} INFO - [2023-07-23T00:17:59.625+0000] {dag.py:2742} INFO - Sync 1 DAGs
[2023-07-23T00:17:59.640+0000] {logging_mixin.py:150} INFO - [2023-07-23T00:17:59.640+0000] {dag.py:3508} INFO - Setting next_dagrun for example_local_kubernetes_executor to None, run_after=None
[2023-07-23T00:17:59.649+0000] {processor.py:179} INFO - Processing /home/airflow/.local/lib/python3.7/site-packages/airflow/example_dags/example_local_kubernetes_executor.py took 0.450 seconds
[2023-07-23T00:18:29.997+0000] {processor.py:157} INFO - Started process (PID=3711) to work on /home/airflow/.local/lib/python3.7/site-packages/airflow/example_dags/example_local_kubernetes_executor.py
[2023-07-23T00:18:30.000+0000] {processor.py:826} INFO - Processing file /home/airflow/.local/lib/python3.7/site-packages/airflow/example_dags/example_local_kubernetes_executor.py for tasks to queue
[2023-07-23T00:18:30.002+0000] {logging_mixin.py:150} INFO - [2023-07-23T00:18:30.002+0000] {dagbag.py:541} INFO - Filling up the DagBag from /home/airflow/.local/lib/python3.7/site-packages/airflow/example_dags/example_local_kubernetes_executor.py
[2023-07-23T00:18:30.709+0000] {processor.py:836} INFO - DAG(s) dict_keys(['example_local_kubernetes_executor']) retrieved from /home/airflow/.local/lib/python3.7/site-packages/airflow/example_dags/example_local_kubernetes_executor.py
[2023-07-23T00:18:30.750+0000] {logging_mixin.py:150} INFO - [2023-07-23T00:18:30.750+0000] {dag.py:2742} INFO - Sync 1 DAGs
[2023-07-23T00:18:30.765+0000] {logging_mixin.py:150} INFO - [2023-07-23T00:18:30.765+0000] {dag.py:3508} INFO - Setting next_dagrun for example_local_kubernetes_executor to None, run_after=None
[2023-07-23T00:18:30.777+0000] {processor.py:179} INFO - Processing /home/airflow/.local/lib/python3.7/site-packages/airflow/example_dags/example_local_kubernetes_executor.py took 0.787 seconds
[2023-07-23T00:19:01.194+0000] {processor.py:157} INFO - Started process (PID=3773) to work on /home/airflow/.local/lib/python3.7/site-packages/airflow/example_dags/example_local_kubernetes_executor.py
[2023-07-23T00:19:01.196+0000] {processor.py:826} INFO - Processing file /home/airflow/.local/lib/python3.7/site-packages/airflow/example_dags/example_local_kubernetes_executor.py for tasks to queue
[2023-07-23T00:19:01.198+0000] {logging_mixin.py:150} INFO - [2023-07-23T00:19:01.197+0000] {dagbag.py:541} INFO - Filling up the DagBag from /home/airflow/.local/lib/python3.7/site-packages/airflow/example_dags/example_local_kubernetes_executor.py
[2023-07-23T00:19:01.763+0000] {processor.py:836} INFO - DAG(s) dict_keys(['example_local_kubernetes_executor']) retrieved from /home/airflow/.local/lib/python3.7/site-packages/airflow/example_dags/example_local_kubernetes_executor.py
[2023-07-23T00:19:01.793+0000] {logging_mixin.py:150} INFO - [2023-07-23T00:19:01.793+0000] {dag.py:2742} INFO - Sync 1 DAGs
[2023-07-23T00:19:01.808+0000] {logging_mixin.py:150} INFO - [2023-07-23T00:19:01.808+0000] {dag.py:3508} INFO - Setting next_dagrun for example_local_kubernetes_executor to None, run_after=None
[2023-07-23T00:19:01.820+0000] {processor.py:179} INFO - Processing /home/airflow/.local/lib/python3.7/site-packages/airflow/example_dags/example_local_kubernetes_executor.py took 0.640 seconds
[2023-07-23T00:19:32.200+0000] {processor.py:157} INFO - Started process (PID=3836) to work on /home/airflow/.local/lib/python3.7/site-packages/airflow/example_dags/example_local_kubernetes_executor.py
[2023-07-23T00:19:32.204+0000] {processor.py:826} INFO - Processing file /home/airflow/.local/lib/python3.7/site-packages/airflow/example_dags/example_local_kubernetes_executor.py for tasks to queue
[2023-07-23T00:19:32.206+0000] {logging_mixin.py:150} INFO - [2023-07-23T00:19:32.205+0000] {dagbag.py:541} INFO - Filling up the DagBag from /home/airflow/.local/lib/python3.7/site-packages/airflow/example_dags/example_local_kubernetes_executor.py
[2023-07-23T00:19:33.400+0000] {processor.py:836} INFO - DAG(s) dict_keys(['example_local_kubernetes_executor']) retrieved from /home/airflow/.local/lib/python3.7/site-packages/airflow/example_dags/example_local_kubernetes_executor.py
[2023-07-23T00:19:33.499+0000] {logging_mixin.py:150} INFO - [2023-07-23T00:19:33.498+0000] {dag.py:2742} INFO - Sync 1 DAGs
[2023-07-23T00:19:33.534+0000] {logging_mixin.py:150} INFO - [2023-07-23T00:19:33.533+0000] {dag.py:3508} INFO - Setting next_dagrun for example_local_kubernetes_executor to None, run_after=None
[2023-07-23T00:19:33.558+0000] {processor.py:179} INFO - Processing /home/airflow/.local/lib/python3.7/site-packages/airflow/example_dags/example_local_kubernetes_executor.py took 1.384 seconds
[2023-07-23T00:20:04.202+0000] {processor.py:157} INFO - Started process (PID=3900) to work on /home/airflow/.local/lib/python3.7/site-packages/airflow/example_dags/example_local_kubernetes_executor.py
[2023-07-23T00:20:04.210+0000] {processor.py:826} INFO - Processing file /home/airflow/.local/lib/python3.7/site-packages/airflow/example_dags/example_local_kubernetes_executor.py for tasks to queue
[2023-07-23T00:20:04.214+0000] {logging_mixin.py:150} INFO - [2023-07-23T00:20:04.212+0000] {dagbag.py:541} INFO - Filling up the DagBag from /home/airflow/.local/lib/python3.7/site-packages/airflow/example_dags/example_local_kubernetes_executor.py
[2023-07-23T00:20:04.729+0000] {processor.py:836} INFO - DAG(s) dict_keys(['example_local_kubernetes_executor']) retrieved from /home/airflow/.local/lib/python3.7/site-packages/airflow/example_dags/example_local_kubernetes_executor.py
[2023-07-23T00:20:04.848+0000] {logging_mixin.py:150} INFO - [2023-07-23T00:20:04.848+0000] {dag.py:2742} INFO - Sync 1 DAGs
[2023-07-23T00:20:04.871+0000] {logging_mixin.py:150} INFO - [2023-07-23T00:20:04.871+0000] {dag.py:3508} INFO - Setting next_dagrun for example_local_kubernetes_executor to None, run_after=None
[2023-07-23T00:20:04.905+0000] {processor.py:179} INFO - Processing /home/airflow/.local/lib/python3.7/site-packages/airflow/example_dags/example_local_kubernetes_executor.py took 0.710 seconds
[2023-07-23T00:20:35.173+0000] {processor.py:157} INFO - Started process (PID=3963) to work on /home/airflow/.local/lib/python3.7/site-packages/airflow/example_dags/example_local_kubernetes_executor.py
[2023-07-23T00:20:35.175+0000] {processor.py:826} INFO - Processing file /home/airflow/.local/lib/python3.7/site-packages/airflow/example_dags/example_local_kubernetes_executor.py for tasks to queue
[2023-07-23T00:20:35.176+0000] {logging_mixin.py:150} INFO - [2023-07-23T00:20:35.176+0000] {dagbag.py:541} INFO - Filling up the DagBag from /home/airflow/.local/lib/python3.7/site-packages/airflow/example_dags/example_local_kubernetes_executor.py
[2023-07-23T00:20:35.605+0000] {processor.py:836} INFO - DAG(s) dict_keys(['example_local_kubernetes_executor']) retrieved from /home/airflow/.local/lib/python3.7/site-packages/airflow/example_dags/example_local_kubernetes_executor.py
[2023-07-23T00:20:35.645+0000] {logging_mixin.py:150} INFO - [2023-07-23T00:20:35.644+0000] {dag.py:2742} INFO - Sync 1 DAGs
[2023-07-23T00:20:35.665+0000] {logging_mixin.py:150} INFO - [2023-07-23T00:20:35.665+0000] {dag.py:3508} INFO - Setting next_dagrun for example_local_kubernetes_executor to None, run_after=None
[2023-07-23T00:20:35.681+0000] {processor.py:179} INFO - Processing /home/airflow/.local/lib/python3.7/site-packages/airflow/example_dags/example_local_kubernetes_executor.py took 0.513 seconds
[2023-07-23T00:21:05.760+0000] {processor.py:157} INFO - Started process (PID=4026) to work on /home/airflow/.local/lib/python3.7/site-packages/airflow/example_dags/example_local_kubernetes_executor.py
[2023-07-23T00:21:05.763+0000] {processor.py:826} INFO - Processing file /home/airflow/.local/lib/python3.7/site-packages/airflow/example_dags/example_local_kubernetes_executor.py for tasks to queue
[2023-07-23T00:21:05.765+0000] {logging_mixin.py:150} INFO - [2023-07-23T00:21:05.764+0000] {dagbag.py:541} INFO - Filling up the DagBag from /home/airflow/.local/lib/python3.7/site-packages/airflow/example_dags/example_local_kubernetes_executor.py
[2023-07-23T00:21:06.017+0000] {processor.py:836} INFO - DAG(s) dict_keys(['example_local_kubernetes_executor']) retrieved from /home/airflow/.local/lib/python3.7/site-packages/airflow/example_dags/example_local_kubernetes_executor.py
[2023-07-23T00:21:06.045+0000] {logging_mixin.py:150} INFO - [2023-07-23T00:21:06.045+0000] {dag.py:2742} INFO - Sync 1 DAGs
[2023-07-23T00:21:06.060+0000] {logging_mixin.py:150} INFO - [2023-07-23T00:21:06.060+0000] {dag.py:3508} INFO - Setting next_dagrun for example_local_kubernetes_executor to None, run_after=None
[2023-07-23T00:21:06.071+0000] {processor.py:179} INFO - Processing /home/airflow/.local/lib/python3.7/site-packages/airflow/example_dags/example_local_kubernetes_executor.py took 0.318 seconds
[2023-07-23T00:21:36.298+0000] {processor.py:157} INFO - Started process (PID=4085) to work on /home/airflow/.local/lib/python3.7/site-packages/airflow/example_dags/example_local_kubernetes_executor.py
[2023-07-23T00:21:36.300+0000] {processor.py:826} INFO - Processing file /home/airflow/.local/lib/python3.7/site-packages/airflow/example_dags/example_local_kubernetes_executor.py for tasks to queue
[2023-07-23T00:21:36.301+0000] {logging_mixin.py:150} INFO - [2023-07-23T00:21:36.301+0000] {dagbag.py:541} INFO - Filling up the DagBag from /home/airflow/.local/lib/python3.7/site-packages/airflow/example_dags/example_local_kubernetes_executor.py
[2023-07-23T00:21:36.948+0000] {processor.py:836} INFO - DAG(s) dict_keys(['example_local_kubernetes_executor']) retrieved from /home/airflow/.local/lib/python3.7/site-packages/airflow/example_dags/example_local_kubernetes_executor.py
[2023-07-23T00:21:37.031+0000] {logging_mixin.py:150} INFO - [2023-07-23T00:21:37.030+0000] {dag.py:2742} INFO - Sync 1 DAGs
[2023-07-23T00:21:37.077+0000] {logging_mixin.py:150} INFO - [2023-07-23T00:21:37.077+0000] {dag.py:3508} INFO - Setting next_dagrun for example_local_kubernetes_executor to None, run_after=None
[2023-07-23T00:21:37.094+0000] {processor.py:179} INFO - Processing /home/airflow/.local/lib/python3.7/site-packages/airflow/example_dags/example_local_kubernetes_executor.py took 0.800 seconds
[2023-07-23T00:22:08.146+0000] {processor.py:157} INFO - Started process (PID=4147) to work on /home/airflow/.local/lib/python3.7/site-packages/airflow/example_dags/example_local_kubernetes_executor.py
[2023-07-23T00:22:08.148+0000] {processor.py:826} INFO - Processing file /home/airflow/.local/lib/python3.7/site-packages/airflow/example_dags/example_local_kubernetes_executor.py for tasks to queue
[2023-07-23T00:22:08.149+0000] {logging_mixin.py:150} INFO - [2023-07-23T00:22:08.149+0000] {dagbag.py:541} INFO - Filling up the DagBag from /home/airflow/.local/lib/python3.7/site-packages/airflow/example_dags/example_local_kubernetes_executor.py
[2023-07-23T00:22:08.748+0000] {processor.py:836} INFO - DAG(s) dict_keys(['example_local_kubernetes_executor']) retrieved from /home/airflow/.local/lib/python3.7/site-packages/airflow/example_dags/example_local_kubernetes_executor.py
[2023-07-23T00:22:08.779+0000] {logging_mixin.py:150} INFO - [2023-07-23T00:22:08.779+0000] {dag.py:2742} INFO - Sync 1 DAGs
[2023-07-23T00:22:08.807+0000] {logging_mixin.py:150} INFO - [2023-07-23T00:22:08.806+0000] {dag.py:3508} INFO - Setting next_dagrun for example_local_kubernetes_executor to None, run_after=None
[2023-07-23T00:22:08.821+0000] {processor.py:179} INFO - Processing /home/airflow/.local/lib/python3.7/site-packages/airflow/example_dags/example_local_kubernetes_executor.py took 0.686 seconds
[2023-07-23T00:22:38.959+0000] {processor.py:157} INFO - Started process (PID=4209) to work on /home/airflow/.local/lib/python3.7/site-packages/airflow/example_dags/example_local_kubernetes_executor.py
[2023-07-23T00:22:38.961+0000] {processor.py:826} INFO - Processing file /home/airflow/.local/lib/python3.7/site-packages/airflow/example_dags/example_local_kubernetes_executor.py for tasks to queue
[2023-07-23T00:22:38.963+0000] {logging_mixin.py:150} INFO - [2023-07-23T00:22:38.963+0000] {dagbag.py:541} INFO - Filling up the DagBag from /home/airflow/.local/lib/python3.7/site-packages/airflow/example_dags/example_local_kubernetes_executor.py
[2023-07-23T00:22:39.473+0000] {processor.py:836} INFO - DAG(s) dict_keys(['example_local_kubernetes_executor']) retrieved from /home/airflow/.local/lib/python3.7/site-packages/airflow/example_dags/example_local_kubernetes_executor.py
[2023-07-23T00:22:39.509+0000] {logging_mixin.py:150} INFO - [2023-07-23T00:22:39.509+0000] {dag.py:2742} INFO - Sync 1 DAGs
[2023-07-23T00:22:39.534+0000] {logging_mixin.py:150} INFO - [2023-07-23T00:22:39.534+0000] {dag.py:3508} INFO - Setting next_dagrun for example_local_kubernetes_executor to None, run_after=None
[2023-07-23T00:22:39.549+0000] {processor.py:179} INFO - Processing /home/airflow/.local/lib/python3.7/site-packages/airflow/example_dags/example_local_kubernetes_executor.py took 0.596 seconds
[2023-07-23T00:23:10.126+0000] {processor.py:157} INFO - Started process (PID=4273) to work on /home/airflow/.local/lib/python3.7/site-packages/airflow/example_dags/example_local_kubernetes_executor.py
[2023-07-23T00:23:10.127+0000] {processor.py:826} INFO - Processing file /home/airflow/.local/lib/python3.7/site-packages/airflow/example_dags/example_local_kubernetes_executor.py for tasks to queue
[2023-07-23T00:23:10.129+0000] {logging_mixin.py:150} INFO - [2023-07-23T00:23:10.128+0000] {dagbag.py:541} INFO - Filling up the DagBag from /home/airflow/.local/lib/python3.7/site-packages/airflow/example_dags/example_local_kubernetes_executor.py
[2023-07-23T00:23:10.759+0000] {processor.py:836} INFO - DAG(s) dict_keys(['example_local_kubernetes_executor']) retrieved from /home/airflow/.local/lib/python3.7/site-packages/airflow/example_dags/example_local_kubernetes_executor.py
[2023-07-23T00:23:10.826+0000] {logging_mixin.py:150} INFO - [2023-07-23T00:23:10.825+0000] {dag.py:2742} INFO - Sync 1 DAGs
[2023-07-23T00:23:10.856+0000] {logging_mixin.py:150} INFO - [2023-07-23T00:23:10.856+0000] {dag.py:3508} INFO - Setting next_dagrun for example_local_kubernetes_executor to None, run_after=None
[2023-07-23T00:23:10.870+0000] {processor.py:179} INFO - Processing /home/airflow/.local/lib/python3.7/site-packages/airflow/example_dags/example_local_kubernetes_executor.py took 0.749 seconds
[2023-07-23T00:23:41.499+0000] {processor.py:157} INFO - Started process (PID=4337) to work on /home/airflow/.local/lib/python3.7/site-packages/airflow/example_dags/example_local_kubernetes_executor.py
[2023-07-23T00:23:41.501+0000] {processor.py:826} INFO - Processing file /home/airflow/.local/lib/python3.7/site-packages/airflow/example_dags/example_local_kubernetes_executor.py for tasks to queue
[2023-07-23T00:23:41.502+0000] {logging_mixin.py:150} INFO - [2023-07-23T00:23:41.502+0000] {dagbag.py:541} INFO - Filling up the DagBag from /home/airflow/.local/lib/python3.7/site-packages/airflow/example_dags/example_local_kubernetes_executor.py
[2023-07-23T00:23:42.056+0000] {processor.py:836} INFO - DAG(s) dict_keys(['example_local_kubernetes_executor']) retrieved from /home/airflow/.local/lib/python3.7/site-packages/airflow/example_dags/example_local_kubernetes_executor.py
[2023-07-23T00:23:42.106+0000] {logging_mixin.py:150} INFO - [2023-07-23T00:23:42.106+0000] {dag.py:2742} INFO - Sync 1 DAGs
[2023-07-23T00:23:42.123+0000] {logging_mixin.py:150} INFO - [2023-07-23T00:23:42.123+0000] {dag.py:3508} INFO - Setting next_dagrun for example_local_kubernetes_executor to None, run_after=None
[2023-07-23T00:23:42.138+0000] {processor.py:179} INFO - Processing /home/airflow/.local/lib/python3.7/site-packages/airflow/example_dags/example_local_kubernetes_executor.py took 0.644 seconds
[2023-07-23T00:24:12.636+0000] {processor.py:157} INFO - Started process (PID=4401) to work on /home/airflow/.local/lib/python3.7/site-packages/airflow/example_dags/example_local_kubernetes_executor.py
[2023-07-23T00:24:12.638+0000] {processor.py:826} INFO - Processing file /home/airflow/.local/lib/python3.7/site-packages/airflow/example_dags/example_local_kubernetes_executor.py for tasks to queue
[2023-07-23T00:24:12.639+0000] {logging_mixin.py:150} INFO - [2023-07-23T00:24:12.638+0000] {dagbag.py:541} INFO - Filling up the DagBag from /home/airflow/.local/lib/python3.7/site-packages/airflow/example_dags/example_local_kubernetes_executor.py
[2023-07-23T00:24:13.153+0000] {processor.py:836} INFO - DAG(s) dict_keys(['example_local_kubernetes_executor']) retrieved from /home/airflow/.local/lib/python3.7/site-packages/airflow/example_dags/example_local_kubernetes_executor.py
[2023-07-23T00:24:13.191+0000] {logging_mixin.py:150} INFO - [2023-07-23T00:24:13.191+0000] {dag.py:2742} INFO - Sync 1 DAGs
[2023-07-23T00:24:13.211+0000] {logging_mixin.py:150} INFO - [2023-07-23T00:24:13.210+0000] {dag.py:3508} INFO - Setting next_dagrun for example_local_kubernetes_executor to None, run_after=None
[2023-07-23T00:24:13.239+0000] {processor.py:179} INFO - Processing /home/airflow/.local/lib/python3.7/site-packages/airflow/example_dags/example_local_kubernetes_executor.py took 0.605 seconds
[2023-07-23T00:24:43.892+0000] {processor.py:157} INFO - Started process (PID=4471) to work on /home/airflow/.local/lib/python3.7/site-packages/airflow/example_dags/example_local_kubernetes_executor.py
[2023-07-23T00:24:43.894+0000] {processor.py:826} INFO - Processing file /home/airflow/.local/lib/python3.7/site-packages/airflow/example_dags/example_local_kubernetes_executor.py for tasks to queue
[2023-07-23T00:24:43.899+0000] {logging_mixin.py:150} INFO - [2023-07-23T00:24:43.896+0000] {dagbag.py:541} INFO - Filling up the DagBag from /home/airflow/.local/lib/python3.7/site-packages/airflow/example_dags/example_local_kubernetes_executor.py
[2023-07-23T00:24:44.389+0000] {processor.py:836} INFO - DAG(s) dict_keys(['example_local_kubernetes_executor']) retrieved from /home/airflow/.local/lib/python3.7/site-packages/airflow/example_dags/example_local_kubernetes_executor.py
[2023-07-23T00:24:44.460+0000] {logging_mixin.py:150} INFO - [2023-07-23T00:24:44.459+0000] {dag.py:2742} INFO - Sync 1 DAGs
[2023-07-23T00:24:44.478+0000] {logging_mixin.py:150} INFO - [2023-07-23T00:24:44.477+0000] {dag.py:3508} INFO - Setting next_dagrun for example_local_kubernetes_executor to None, run_after=None
[2023-07-23T00:24:44.491+0000] {processor.py:179} INFO - Processing /home/airflow/.local/lib/python3.7/site-packages/airflow/example_dags/example_local_kubernetes_executor.py took 0.607 seconds
[2023-07-23T00:25:15.154+0000] {processor.py:157} INFO - Started process (PID=4535) to work on /home/airflow/.local/lib/python3.7/site-packages/airflow/example_dags/example_local_kubernetes_executor.py
[2023-07-23T00:25:15.157+0000] {processor.py:826} INFO - Processing file /home/airflow/.local/lib/python3.7/site-packages/airflow/example_dags/example_local_kubernetes_executor.py for tasks to queue
[2023-07-23T00:25:15.161+0000] {logging_mixin.py:150} INFO - [2023-07-23T00:25:15.160+0000] {dagbag.py:541} INFO - Filling up the DagBag from /home/airflow/.local/lib/python3.7/site-packages/airflow/example_dags/example_local_kubernetes_executor.py
[2023-07-23T00:25:15.792+0000] {processor.py:836} INFO - DAG(s) dict_keys(['example_local_kubernetes_executor']) retrieved from /home/airflow/.local/lib/python3.7/site-packages/airflow/example_dags/example_local_kubernetes_executor.py
[2023-07-23T00:25:15.838+0000] {logging_mixin.py:150} INFO - [2023-07-23T00:25:15.838+0000] {dag.py:2742} INFO - Sync 1 DAGs
[2023-07-23T00:25:15.864+0000] {logging_mixin.py:150} INFO - [2023-07-23T00:25:15.864+0000] {dag.py:3508} INFO - Setting next_dagrun for example_local_kubernetes_executor to None, run_after=None
[2023-07-23T00:25:15.876+0000] {processor.py:179} INFO - Processing /home/airflow/.local/lib/python3.7/site-packages/airflow/example_dags/example_local_kubernetes_executor.py took 0.735 seconds
[2023-07-23T00:25:46.937+0000] {processor.py:157} INFO - Started process (PID=4598) to work on /home/airflow/.local/lib/python3.7/site-packages/airflow/example_dags/example_local_kubernetes_executor.py
[2023-07-23T00:25:46.938+0000] {processor.py:826} INFO - Processing file /home/airflow/.local/lib/python3.7/site-packages/airflow/example_dags/example_local_kubernetes_executor.py for tasks to queue
[2023-07-23T00:25:46.940+0000] {logging_mixin.py:150} INFO - [2023-07-23T00:25:46.939+0000] {dagbag.py:541} INFO - Filling up the DagBag from /home/airflow/.local/lib/python3.7/site-packages/airflow/example_dags/example_local_kubernetes_executor.py
[2023-07-23T00:25:47.490+0000] {processor.py:836} INFO - DAG(s) dict_keys(['example_local_kubernetes_executor']) retrieved from /home/airflow/.local/lib/python3.7/site-packages/airflow/example_dags/example_local_kubernetes_executor.py
[2023-07-23T00:25:47.543+0000] {logging_mixin.py:150} INFO - [2023-07-23T00:25:47.543+0000] {dag.py:2742} INFO - Sync 1 DAGs
[2023-07-23T00:25:47.561+0000] {logging_mixin.py:150} INFO - [2023-07-23T00:25:47.560+0000] {dag.py:3508} INFO - Setting next_dagrun for example_local_kubernetes_executor to None, run_after=None
[2023-07-23T00:25:47.576+0000] {processor.py:179} INFO - Processing /home/airflow/.local/lib/python3.7/site-packages/airflow/example_dags/example_local_kubernetes_executor.py took 0.642 seconds
[2023-07-23T00:26:18.079+0000] {processor.py:157} INFO - Started process (PID=4665) to work on /home/airflow/.local/lib/python3.7/site-packages/airflow/example_dags/example_local_kubernetes_executor.py
[2023-07-23T00:26:18.080+0000] {processor.py:826} INFO - Processing file /home/airflow/.local/lib/python3.7/site-packages/airflow/example_dags/example_local_kubernetes_executor.py for tasks to queue
[2023-07-23T00:26:18.082+0000] {logging_mixin.py:150} INFO - [2023-07-23T00:26:18.081+0000] {dagbag.py:541} INFO - Filling up the DagBag from /home/airflow/.local/lib/python3.7/site-packages/airflow/example_dags/example_local_kubernetes_executor.py
[2023-07-23T00:26:18.681+0000] {processor.py:836} INFO - DAG(s) dict_keys(['example_local_kubernetes_executor']) retrieved from /home/airflow/.local/lib/python3.7/site-packages/airflow/example_dags/example_local_kubernetes_executor.py
[2023-07-23T00:26:18.936+0000] {logging_mixin.py:150} INFO - [2023-07-23T00:26:18.936+0000] {dag.py:2742} INFO - Sync 1 DAGs
[2023-07-23T00:26:18.966+0000] {logging_mixin.py:150} INFO - [2023-07-23T00:26:18.966+0000] {dag.py:3508} INFO - Setting next_dagrun for example_local_kubernetes_executor to None, run_after=None
[2023-07-23T00:26:18.995+0000] {processor.py:179} INFO - Processing /home/airflow/.local/lib/python3.7/site-packages/airflow/example_dags/example_local_kubernetes_executor.py took 0.920 seconds
[2023-07-23T00:26:49.239+0000] {processor.py:157} INFO - Started process (PID=4728) to work on /home/airflow/.local/lib/python3.7/site-packages/airflow/example_dags/example_local_kubernetes_executor.py
[2023-07-23T00:26:49.240+0000] {processor.py:826} INFO - Processing file /home/airflow/.local/lib/python3.7/site-packages/airflow/example_dags/example_local_kubernetes_executor.py for tasks to queue
[2023-07-23T00:26:49.241+0000] {logging_mixin.py:150} INFO - [2023-07-23T00:26:49.241+0000] {dagbag.py:541} INFO - Filling up the DagBag from /home/airflow/.local/lib/python3.7/site-packages/airflow/example_dags/example_local_kubernetes_executor.py
[2023-07-23T00:26:49.729+0000] {processor.py:836} INFO - DAG(s) dict_keys(['example_local_kubernetes_executor']) retrieved from /home/airflow/.local/lib/python3.7/site-packages/airflow/example_dags/example_local_kubernetes_executor.py
[2023-07-23T00:26:49.785+0000] {logging_mixin.py:150} INFO - [2023-07-23T00:26:49.784+0000] {dag.py:2742} INFO - Sync 1 DAGs
[2023-07-23T00:26:49.803+0000] {logging_mixin.py:150} INFO - [2023-07-23T00:26:49.803+0000] {dag.py:3508} INFO - Setting next_dagrun for example_local_kubernetes_executor to None, run_after=None
[2023-07-23T00:26:49.816+0000] {processor.py:179} INFO - Processing /home/airflow/.local/lib/python3.7/site-packages/airflow/example_dags/example_local_kubernetes_executor.py took 0.581 seconds
[2023-07-23T00:27:19.891+0000] {processor.py:157} INFO - Started process (PID=4787) to work on /home/airflow/.local/lib/python3.7/site-packages/airflow/example_dags/example_local_kubernetes_executor.py
[2023-07-23T00:27:19.892+0000] {processor.py:826} INFO - Processing file /home/airflow/.local/lib/python3.7/site-packages/airflow/example_dags/example_local_kubernetes_executor.py for tasks to queue
[2023-07-23T00:27:19.893+0000] {logging_mixin.py:150} INFO - [2023-07-23T00:27:19.893+0000] {dagbag.py:541} INFO - Filling up the DagBag from /home/airflow/.local/lib/python3.7/site-packages/airflow/example_dags/example_local_kubernetes_executor.py
[2023-07-23T00:27:20.171+0000] {processor.py:836} INFO - DAG(s) dict_keys(['example_local_kubernetes_executor']) retrieved from /home/airflow/.local/lib/python3.7/site-packages/airflow/example_dags/example_local_kubernetes_executor.py
[2023-07-23T00:27:20.200+0000] {logging_mixin.py:150} INFO - [2023-07-23T00:27:20.200+0000] {dag.py:2742} INFO - Sync 1 DAGs
[2023-07-23T00:27:20.215+0000] {logging_mixin.py:150} INFO - [2023-07-23T00:27:20.215+0000] {dag.py:3508} INFO - Setting next_dagrun for example_local_kubernetes_executor to None, run_after=None
[2023-07-23T00:27:20.226+0000] {processor.py:179} INFO - Processing /home/airflow/.local/lib/python3.7/site-packages/airflow/example_dags/example_local_kubernetes_executor.py took 0.338 seconds
[2023-07-23T00:27:50.661+0000] {processor.py:157} INFO - Started process (PID=4850) to work on /home/airflow/.local/lib/python3.7/site-packages/airflow/example_dags/example_local_kubernetes_executor.py
[2023-07-23T00:27:50.663+0000] {processor.py:826} INFO - Processing file /home/airflow/.local/lib/python3.7/site-packages/airflow/example_dags/example_local_kubernetes_executor.py for tasks to queue
[2023-07-23T00:27:50.664+0000] {logging_mixin.py:150} INFO - [2023-07-23T00:27:50.664+0000] {dagbag.py:541} INFO - Filling up the DagBag from /home/airflow/.local/lib/python3.7/site-packages/airflow/example_dags/example_local_kubernetes_executor.py
[2023-07-23T00:27:51.022+0000] {processor.py:836} INFO - DAG(s) dict_keys(['example_local_kubernetes_executor']) retrieved from /home/airflow/.local/lib/python3.7/site-packages/airflow/example_dags/example_local_kubernetes_executor.py
[2023-07-23T00:27:51.050+0000] {logging_mixin.py:150} INFO - [2023-07-23T00:27:51.050+0000] {dag.py:2742} INFO - Sync 1 DAGs
[2023-07-23T00:27:51.066+0000] {logging_mixin.py:150} INFO - [2023-07-23T00:27:51.065+0000] {dag.py:3508} INFO - Setting next_dagrun for example_local_kubernetes_executor to None, run_after=None
[2023-07-23T00:27:51.078+0000] {processor.py:179} INFO - Processing /home/airflow/.local/lib/python3.7/site-packages/airflow/example_dags/example_local_kubernetes_executor.py took 0.420 seconds
