[2023-07-23T00:00:22.841+0000] {processor.py:157} INFO - Started process (PID=1446) to work on /home/airflow/.local/lib/python3.7/site-packages/airflow/example_dags/example_bash_operator.py
[2023-07-23T00:00:22.842+0000] {processor.py:826} INFO - Processing file /home/airflow/.local/lib/python3.7/site-packages/airflow/example_dags/example_bash_operator.py for tasks to queue
[2023-07-23T00:00:22.843+0000] {logging_mixin.py:150} INFO - [2023-07-23T00:00:22.842+0000] {dagbag.py:541} INFO - Filling up the DagBag from /home/airflow/.local/lib/python3.7/site-packages/airflow/example_dags/example_bash_operator.py
[2023-07-23T00:00:22.854+0000] {processor.py:836} INFO - DAG(s) dict_keys(['example_bash_operator']) retrieved from /home/airflow/.local/lib/python3.7/site-packages/airflow/example_dags/example_bash_operator.py
[2023-07-23T00:00:22.877+0000] {logging_mixin.py:150} INFO - [2023-07-23T00:00:22.877+0000] {dag.py:2742} INFO - Sync 1 DAGs
[2023-07-23T00:00:22.893+0000] {logging_mixin.py:150} INFO - [2023-07-23T00:00:22.892+0000] {dag.py:3508} INFO - Setting next_dagrun for example_bash_operator to 2023-07-22T00:00:00+00:00, run_after=2023-07-23T00:00:00+00:00
[2023-07-23T00:00:22.904+0000] {processor.py:179} INFO - Processing /home/airflow/.local/lib/python3.7/site-packages/airflow/example_dags/example_bash_operator.py took 0.066 seconds
[2023-07-23T00:00:52.974+0000] {processor.py:157} INFO - Started process (PID=1509) to work on /home/airflow/.local/lib/python3.7/site-packages/airflow/example_dags/example_bash_operator.py
[2023-07-23T00:00:52.977+0000] {processor.py:826} INFO - Processing file /home/airflow/.local/lib/python3.7/site-packages/airflow/example_dags/example_bash_operator.py for tasks to queue
[2023-07-23T00:00:52.981+0000] {logging_mixin.py:150} INFO - [2023-07-23T00:00:52.981+0000] {dagbag.py:541} INFO - Filling up the DagBag from /home/airflow/.local/lib/python3.7/site-packages/airflow/example_dags/example_bash_operator.py
[2023-07-23T00:00:53.010+0000] {processor.py:836} INFO - DAG(s) dict_keys(['example_bash_operator']) retrieved from /home/airflow/.local/lib/python3.7/site-packages/airflow/example_dags/example_bash_operator.py
[2023-07-23T00:00:53.043+0000] {logging_mixin.py:150} INFO - [2023-07-23T00:00:53.043+0000] {dag.py:2742} INFO - Sync 1 DAGs
[2023-07-23T00:00:53.062+0000] {logging_mixin.py:150} INFO - [2023-07-23T00:00:53.062+0000] {dag.py:3508} INFO - Setting next_dagrun for example_bash_operator to 2023-07-22T00:00:00+00:00, run_after=2023-07-23T00:00:00+00:00
[2023-07-23T00:00:53.075+0000] {processor.py:179} INFO - Processing /home/airflow/.local/lib/python3.7/site-packages/airflow/example_dags/example_bash_operator.py took 0.106 seconds
[2023-07-23T00:01:23.273+0000] {processor.py:157} INFO - Started process (PID=1572) to work on /home/airflow/.local/lib/python3.7/site-packages/airflow/example_dags/example_bash_operator.py
[2023-07-23T00:01:23.276+0000] {processor.py:826} INFO - Processing file /home/airflow/.local/lib/python3.7/site-packages/airflow/example_dags/example_bash_operator.py for tasks to queue
[2023-07-23T00:01:23.277+0000] {logging_mixin.py:150} INFO - [2023-07-23T00:01:23.277+0000] {dagbag.py:541} INFO - Filling up the DagBag from /home/airflow/.local/lib/python3.7/site-packages/airflow/example_dags/example_bash_operator.py
[2023-07-23T00:01:23.288+0000] {processor.py:836} INFO - DAG(s) dict_keys(['example_bash_operator']) retrieved from /home/airflow/.local/lib/python3.7/site-packages/airflow/example_dags/example_bash_operator.py
[2023-07-23T00:01:23.316+0000] {logging_mixin.py:150} INFO - [2023-07-23T00:01:23.316+0000] {dag.py:2742} INFO - Sync 1 DAGs
[2023-07-23T00:01:23.334+0000] {logging_mixin.py:150} INFO - [2023-07-23T00:01:23.334+0000] {dag.py:3508} INFO - Setting next_dagrun for example_bash_operator to 2023-07-22T00:00:00+00:00, run_after=2023-07-23T00:00:00+00:00
[2023-07-23T00:01:23.349+0000] {processor.py:179} INFO - Processing /home/airflow/.local/lib/python3.7/site-packages/airflow/example_dags/example_bash_operator.py took 0.080 seconds
[2023-07-23T00:01:54.345+0000] {processor.py:157} INFO - Started process (PID=1635) to work on /home/airflow/.local/lib/python3.7/site-packages/airflow/example_dags/example_bash_operator.py
[2023-07-23T00:01:54.347+0000] {processor.py:826} INFO - Processing file /home/airflow/.local/lib/python3.7/site-packages/airflow/example_dags/example_bash_operator.py for tasks to queue
[2023-07-23T00:01:54.349+0000] {logging_mixin.py:150} INFO - [2023-07-23T00:01:54.348+0000] {dagbag.py:541} INFO - Filling up the DagBag from /home/airflow/.local/lib/python3.7/site-packages/airflow/example_dags/example_bash_operator.py
[2023-07-23T00:01:54.360+0000] {processor.py:836} INFO - DAG(s) dict_keys(['example_bash_operator']) retrieved from /home/airflow/.local/lib/python3.7/site-packages/airflow/example_dags/example_bash_operator.py
[2023-07-23T00:01:54.389+0000] {logging_mixin.py:150} INFO - [2023-07-23T00:01:54.388+0000] {dag.py:2742} INFO - Sync 1 DAGs
[2023-07-23T00:01:54.407+0000] {logging_mixin.py:150} INFO - [2023-07-23T00:01:54.407+0000] {dag.py:3508} INFO - Setting next_dagrun for example_bash_operator to 2023-07-22T00:00:00+00:00, run_after=2023-07-23T00:00:00+00:00
[2023-07-23T00:01:54.420+0000] {processor.py:179} INFO - Processing /home/airflow/.local/lib/python3.7/site-packages/airflow/example_dags/example_bash_operator.py took 0.077 seconds
[2023-07-23T00:02:24.782+0000] {processor.py:157} INFO - Started process (PID=1699) to work on /home/airflow/.local/lib/python3.7/site-packages/airflow/example_dags/example_bash_operator.py
[2023-07-23T00:02:24.784+0000] {processor.py:826} INFO - Processing file /home/airflow/.local/lib/python3.7/site-packages/airflow/example_dags/example_bash_operator.py for tasks to queue
[2023-07-23T00:02:24.784+0000] {logging_mixin.py:150} INFO - [2023-07-23T00:02:24.784+0000] {dagbag.py:541} INFO - Filling up the DagBag from /home/airflow/.local/lib/python3.7/site-packages/airflow/example_dags/example_bash_operator.py
[2023-07-23T00:02:24.794+0000] {processor.py:836} INFO - DAG(s) dict_keys(['example_bash_operator']) retrieved from /home/airflow/.local/lib/python3.7/site-packages/airflow/example_dags/example_bash_operator.py
[2023-07-23T00:02:24.818+0000] {logging_mixin.py:150} INFO - [2023-07-23T00:02:24.818+0000] {dag.py:2742} INFO - Sync 1 DAGs
[2023-07-23T00:02:24.840+0000] {logging_mixin.py:150} INFO - [2023-07-23T00:02:24.840+0000] {dag.py:3508} INFO - Setting next_dagrun for example_bash_operator to 2023-07-22T00:00:00+00:00, run_after=2023-07-23T00:00:00+00:00
[2023-07-23T00:02:24.854+0000] {processor.py:179} INFO - Processing /home/airflow/.local/lib/python3.7/site-packages/airflow/example_dags/example_bash_operator.py took 0.074 seconds
[2023-07-23T00:02:55.648+0000] {processor.py:157} INFO - Started process (PID=1767) to work on /home/airflow/.local/lib/python3.7/site-packages/airflow/example_dags/example_bash_operator.py
[2023-07-23T00:02:55.650+0000] {processor.py:826} INFO - Processing file /home/airflow/.local/lib/python3.7/site-packages/airflow/example_dags/example_bash_operator.py for tasks to queue
[2023-07-23T00:02:55.651+0000] {logging_mixin.py:150} INFO - [2023-07-23T00:02:55.650+0000] {dagbag.py:541} INFO - Filling up the DagBag from /home/airflow/.local/lib/python3.7/site-packages/airflow/example_dags/example_bash_operator.py
[2023-07-23T00:02:55.660+0000] {processor.py:836} INFO - DAG(s) dict_keys(['example_bash_operator']) retrieved from /home/airflow/.local/lib/python3.7/site-packages/airflow/example_dags/example_bash_operator.py
[2023-07-23T00:02:55.687+0000] {logging_mixin.py:150} INFO - [2023-07-23T00:02:55.687+0000] {dag.py:2742} INFO - Sync 1 DAGs
[2023-07-23T00:02:55.704+0000] {logging_mixin.py:150} INFO - [2023-07-23T00:02:55.704+0000] {dag.py:3508} INFO - Setting next_dagrun for example_bash_operator to 2023-07-22T00:00:00+00:00, run_after=2023-07-23T00:00:00+00:00
[2023-07-23T00:02:55.715+0000] {processor.py:179} INFO - Processing /home/airflow/.local/lib/python3.7/site-packages/airflow/example_dags/example_bash_operator.py took 0.069 seconds
[2023-07-23T00:03:26.089+0000] {processor.py:157} INFO - Started process (PID=1830) to work on /home/airflow/.local/lib/python3.7/site-packages/airflow/example_dags/example_bash_operator.py
[2023-07-23T00:03:26.091+0000] {processor.py:826} INFO - Processing file /home/airflow/.local/lib/python3.7/site-packages/airflow/example_dags/example_bash_operator.py for tasks to queue
[2023-07-23T00:03:26.092+0000] {logging_mixin.py:150} INFO - [2023-07-23T00:03:26.091+0000] {dagbag.py:541} INFO - Filling up the DagBag from /home/airflow/.local/lib/python3.7/site-packages/airflow/example_dags/example_bash_operator.py
[2023-07-23T00:03:26.101+0000] {processor.py:836} INFO - DAG(s) dict_keys(['example_bash_operator']) retrieved from /home/airflow/.local/lib/python3.7/site-packages/airflow/example_dags/example_bash_operator.py
[2023-07-23T00:03:26.126+0000] {logging_mixin.py:150} INFO - [2023-07-23T00:03:26.126+0000] {dag.py:2742} INFO - Sync 1 DAGs
[2023-07-23T00:03:26.144+0000] {logging_mixin.py:150} INFO - [2023-07-23T00:03:26.144+0000] {dag.py:3508} INFO - Setting next_dagrun for example_bash_operator to 2023-07-22T00:00:00+00:00, run_after=2023-07-23T00:00:00+00:00
[2023-07-23T00:03:26.155+0000] {processor.py:179} INFO - Processing /home/airflow/.local/lib/python3.7/site-packages/airflow/example_dags/example_bash_operator.py took 0.068 seconds
[2023-07-23T00:03:56.458+0000] {processor.py:157} INFO - Started process (PID=1893) to work on /home/airflow/.local/lib/python3.7/site-packages/airflow/example_dags/example_bash_operator.py
[2023-07-23T00:03:56.459+0000] {processor.py:826} INFO - Processing file /home/airflow/.local/lib/python3.7/site-packages/airflow/example_dags/example_bash_operator.py for tasks to queue
[2023-07-23T00:03:56.460+0000] {logging_mixin.py:150} INFO - [2023-07-23T00:03:56.460+0000] {dagbag.py:541} INFO - Filling up the DagBag from /home/airflow/.local/lib/python3.7/site-packages/airflow/example_dags/example_bash_operator.py
[2023-07-23T00:03:56.470+0000] {processor.py:836} INFO - DAG(s) dict_keys(['example_bash_operator']) retrieved from /home/airflow/.local/lib/python3.7/site-packages/airflow/example_dags/example_bash_operator.py
[2023-07-23T00:03:56.497+0000] {logging_mixin.py:150} INFO - [2023-07-23T00:03:56.497+0000] {dag.py:2742} INFO - Sync 1 DAGs
[2023-07-23T00:03:56.514+0000] {logging_mixin.py:150} INFO - [2023-07-23T00:03:56.514+0000] {dag.py:3508} INFO - Setting next_dagrun for example_bash_operator to 2023-07-22T00:00:00+00:00, run_after=2023-07-23T00:00:00+00:00
[2023-07-23T00:03:56.525+0000] {processor.py:179} INFO - Processing /home/airflow/.local/lib/python3.7/site-packages/airflow/example_dags/example_bash_operator.py took 0.071 seconds
[2023-07-23T00:04:26.917+0000] {processor.py:157} INFO - Started process (PID=1957) to work on /home/airflow/.local/lib/python3.7/site-packages/airflow/example_dags/example_bash_operator.py
[2023-07-23T00:04:26.918+0000] {processor.py:826} INFO - Processing file /home/airflow/.local/lib/python3.7/site-packages/airflow/example_dags/example_bash_operator.py for tasks to queue
[2023-07-23T00:04:26.920+0000] {logging_mixin.py:150} INFO - [2023-07-23T00:04:26.919+0000] {dagbag.py:541} INFO - Filling up the DagBag from /home/airflow/.local/lib/python3.7/site-packages/airflow/example_dags/example_bash_operator.py
[2023-07-23T00:04:26.930+0000] {processor.py:836} INFO - DAG(s) dict_keys(['example_bash_operator']) retrieved from /home/airflow/.local/lib/python3.7/site-packages/airflow/example_dags/example_bash_operator.py
[2023-07-23T00:04:26.955+0000] {logging_mixin.py:150} INFO - [2023-07-23T00:04:26.955+0000] {dag.py:2742} INFO - Sync 1 DAGs
[2023-07-23T00:04:26.972+0000] {logging_mixin.py:150} INFO - [2023-07-23T00:04:26.972+0000] {dag.py:3508} INFO - Setting next_dagrun for example_bash_operator to 2023-07-22T00:00:00+00:00, run_after=2023-07-23T00:00:00+00:00
[2023-07-23T00:04:26.984+0000] {processor.py:179} INFO - Processing /home/airflow/.local/lib/python3.7/site-packages/airflow/example_dags/example_bash_operator.py took 0.070 seconds
[2023-07-23T00:04:57.417+0000] {processor.py:157} INFO - Started process (PID=2020) to work on /home/airflow/.local/lib/python3.7/site-packages/airflow/example_dags/example_bash_operator.py
[2023-07-23T00:04:57.419+0000] {processor.py:826} INFO - Processing file /home/airflow/.local/lib/python3.7/site-packages/airflow/example_dags/example_bash_operator.py for tasks to queue
[2023-07-23T00:04:57.420+0000] {logging_mixin.py:150} INFO - [2023-07-23T00:04:57.420+0000] {dagbag.py:541} INFO - Filling up the DagBag from /home/airflow/.local/lib/python3.7/site-packages/airflow/example_dags/example_bash_operator.py
[2023-07-23T00:04:57.432+0000] {processor.py:836} INFO - DAG(s) dict_keys(['example_bash_operator']) retrieved from /home/airflow/.local/lib/python3.7/site-packages/airflow/example_dags/example_bash_operator.py
[2023-07-23T00:04:57.460+0000] {logging_mixin.py:150} INFO - [2023-07-23T00:04:57.460+0000] {dag.py:2742} INFO - Sync 1 DAGs
[2023-07-23T00:04:57.478+0000] {logging_mixin.py:150} INFO - [2023-07-23T00:04:57.478+0000] {dag.py:3508} INFO - Setting next_dagrun for example_bash_operator to 2023-07-22T00:00:00+00:00, run_after=2023-07-23T00:00:00+00:00
[2023-07-23T00:04:57.488+0000] {processor.py:179} INFO - Processing /home/airflow/.local/lib/python3.7/site-packages/airflow/example_dags/example_bash_operator.py took 0.075 seconds
[2023-07-23T00:05:28.374+0000] {processor.py:157} INFO - Started process (PID=2083) to work on /home/airflow/.local/lib/python3.7/site-packages/airflow/example_dags/example_bash_operator.py
[2023-07-23T00:05:28.393+0000] {processor.py:826} INFO - Processing file /home/airflow/.local/lib/python3.7/site-packages/airflow/example_dags/example_bash_operator.py for tasks to queue
[2023-07-23T00:05:28.398+0000] {logging_mixin.py:150} INFO - [2023-07-23T00:05:28.397+0000] {dagbag.py:541} INFO - Filling up the DagBag from /home/airflow/.local/lib/python3.7/site-packages/airflow/example_dags/example_bash_operator.py
[2023-07-23T00:05:28.440+0000] {processor.py:836} INFO - DAG(s) dict_keys(['example_bash_operator']) retrieved from /home/airflow/.local/lib/python3.7/site-packages/airflow/example_dags/example_bash_operator.py
[2023-07-23T00:05:28.477+0000] {logging_mixin.py:150} INFO - [2023-07-23T00:05:28.477+0000] {dag.py:2742} INFO - Sync 1 DAGs
[2023-07-23T00:05:28.501+0000] {logging_mixin.py:150} INFO - [2023-07-23T00:05:28.501+0000] {dag.py:3508} INFO - Setting next_dagrun for example_bash_operator to 2023-07-22T00:00:00+00:00, run_after=2023-07-23T00:00:00+00:00
[2023-07-23T00:05:28.522+0000] {processor.py:179} INFO - Processing /home/airflow/.local/lib/python3.7/site-packages/airflow/example_dags/example_bash_operator.py took 0.158 seconds
[2023-07-23T00:05:59.121+0000] {processor.py:157} INFO - Started process (PID=2146) to work on /home/airflow/.local/lib/python3.7/site-packages/airflow/example_dags/example_bash_operator.py
[2023-07-23T00:05:59.122+0000] {processor.py:826} INFO - Processing file /home/airflow/.local/lib/python3.7/site-packages/airflow/example_dags/example_bash_operator.py for tasks to queue
[2023-07-23T00:05:59.123+0000] {logging_mixin.py:150} INFO - [2023-07-23T00:05:59.123+0000] {dagbag.py:541} INFO - Filling up the DagBag from /home/airflow/.local/lib/python3.7/site-packages/airflow/example_dags/example_bash_operator.py
[2023-07-23T00:05:59.134+0000] {processor.py:836} INFO - DAG(s) dict_keys(['example_bash_operator']) retrieved from /home/airflow/.local/lib/python3.7/site-packages/airflow/example_dags/example_bash_operator.py
[2023-07-23T00:05:59.163+0000] {logging_mixin.py:150} INFO - [2023-07-23T00:05:59.163+0000] {dag.py:2742} INFO - Sync 1 DAGs
[2023-07-23T00:05:59.185+0000] {logging_mixin.py:150} INFO - [2023-07-23T00:05:59.185+0000] {dag.py:3508} INFO - Setting next_dagrun for example_bash_operator to 2023-07-22T00:00:00+00:00, run_after=2023-07-23T00:00:00+00:00
[2023-07-23T00:05:59.199+0000] {processor.py:179} INFO - Processing /home/airflow/.local/lib/python3.7/site-packages/airflow/example_dags/example_bash_operator.py took 0.082 seconds
[2023-07-23T00:06:29.836+0000] {processor.py:157} INFO - Started process (PID=2209) to work on /home/airflow/.local/lib/python3.7/site-packages/airflow/example_dags/example_bash_operator.py
[2023-07-23T00:06:29.837+0000] {processor.py:826} INFO - Processing file /home/airflow/.local/lib/python3.7/site-packages/airflow/example_dags/example_bash_operator.py for tasks to queue
[2023-07-23T00:06:29.838+0000] {logging_mixin.py:150} INFO - [2023-07-23T00:06:29.838+0000] {dagbag.py:541} INFO - Filling up the DagBag from /home/airflow/.local/lib/python3.7/site-packages/airflow/example_dags/example_bash_operator.py
[2023-07-23T00:06:29.848+0000] {processor.py:836} INFO - DAG(s) dict_keys(['example_bash_operator']) retrieved from /home/airflow/.local/lib/python3.7/site-packages/airflow/example_dags/example_bash_operator.py
[2023-07-23T00:06:29.874+0000] {logging_mixin.py:150} INFO - [2023-07-23T00:06:29.874+0000] {dag.py:2742} INFO - Sync 1 DAGs
[2023-07-23T00:06:29.894+0000] {logging_mixin.py:150} INFO - [2023-07-23T00:06:29.894+0000] {dag.py:3508} INFO - Setting next_dagrun for example_bash_operator to 2023-07-22T00:00:00+00:00, run_after=2023-07-23T00:00:00+00:00
[2023-07-23T00:06:29.905+0000] {processor.py:179} INFO - Processing /home/airflow/.local/lib/python3.7/site-packages/airflow/example_dags/example_bash_operator.py took 0.072 seconds
[2023-07-23T00:07:00.281+0000] {processor.py:157} INFO - Started process (PID=2272) to work on /home/airflow/.local/lib/python3.7/site-packages/airflow/example_dags/example_bash_operator.py
[2023-07-23T00:07:00.282+0000] {processor.py:826} INFO - Processing file /home/airflow/.local/lib/python3.7/site-packages/airflow/example_dags/example_bash_operator.py for tasks to queue
[2023-07-23T00:07:00.283+0000] {logging_mixin.py:150} INFO - [2023-07-23T00:07:00.283+0000] {dagbag.py:541} INFO - Filling up the DagBag from /home/airflow/.local/lib/python3.7/site-packages/airflow/example_dags/example_bash_operator.py
[2023-07-23T00:07:00.292+0000] {processor.py:836} INFO - DAG(s) dict_keys(['example_bash_operator']) retrieved from /home/airflow/.local/lib/python3.7/site-packages/airflow/example_dags/example_bash_operator.py
[2023-07-23T00:07:00.321+0000] {logging_mixin.py:150} INFO - [2023-07-23T00:07:00.321+0000] {dag.py:2742} INFO - Sync 1 DAGs
[2023-07-23T00:07:00.340+0000] {logging_mixin.py:150} INFO - [2023-07-23T00:07:00.339+0000] {dag.py:3508} INFO - Setting next_dagrun for example_bash_operator to 2023-07-22T00:00:00+00:00, run_after=2023-07-23T00:00:00+00:00
[2023-07-23T00:07:00.351+0000] {processor.py:179} INFO - Processing /home/airflow/.local/lib/python3.7/site-packages/airflow/example_dags/example_bash_operator.py took 0.072 seconds
[2023-07-23T00:07:30.689+0000] {processor.py:157} INFO - Started process (PID=2335) to work on /home/airflow/.local/lib/python3.7/site-packages/airflow/example_dags/example_bash_operator.py
[2023-07-23T00:07:30.690+0000] {processor.py:826} INFO - Processing file /home/airflow/.local/lib/python3.7/site-packages/airflow/example_dags/example_bash_operator.py for tasks to queue
[2023-07-23T00:07:30.691+0000] {logging_mixin.py:150} INFO - [2023-07-23T00:07:30.691+0000] {dagbag.py:541} INFO - Filling up the DagBag from /home/airflow/.local/lib/python3.7/site-packages/airflow/example_dags/example_bash_operator.py
[2023-07-23T00:07:30.701+0000] {processor.py:836} INFO - DAG(s) dict_keys(['example_bash_operator']) retrieved from /home/airflow/.local/lib/python3.7/site-packages/airflow/example_dags/example_bash_operator.py
[2023-07-23T00:07:30.726+0000] {logging_mixin.py:150} INFO - [2023-07-23T00:07:30.726+0000] {dag.py:2742} INFO - Sync 1 DAGs
[2023-07-23T00:07:30.743+0000] {logging_mixin.py:150} INFO - [2023-07-23T00:07:30.743+0000] {dag.py:3508} INFO - Setting next_dagrun for example_bash_operator to 2023-07-22T00:00:00+00:00, run_after=2023-07-23T00:00:00+00:00
[2023-07-23T00:07:30.756+0000] {processor.py:179} INFO - Processing /home/airflow/.local/lib/python3.7/site-packages/airflow/example_dags/example_bash_operator.py took 0.069 seconds
[2023-07-23T00:08:01.022+0000] {processor.py:157} INFO - Started process (PID=2401) to work on /home/airflow/.local/lib/python3.7/site-packages/airflow/example_dags/example_bash_operator.py
[2023-07-23T00:08:01.024+0000] {processor.py:826} INFO - Processing file /home/airflow/.local/lib/python3.7/site-packages/airflow/example_dags/example_bash_operator.py for tasks to queue
[2023-07-23T00:08:01.025+0000] {logging_mixin.py:150} INFO - [2023-07-23T00:08:01.025+0000] {dagbag.py:541} INFO - Filling up the DagBag from /home/airflow/.local/lib/python3.7/site-packages/airflow/example_dags/example_bash_operator.py
[2023-07-23T00:08:01.036+0000] {processor.py:836} INFO - DAG(s) dict_keys(['example_bash_operator']) retrieved from /home/airflow/.local/lib/python3.7/site-packages/airflow/example_dags/example_bash_operator.py
[2023-07-23T00:08:01.061+0000] {logging_mixin.py:150} INFO - [2023-07-23T00:08:01.061+0000] {dag.py:2742} INFO - Sync 1 DAGs
[2023-07-23T00:08:01.081+0000] {logging_mixin.py:150} INFO - [2023-07-23T00:08:01.080+0000] {dag.py:3508} INFO - Setting next_dagrun for example_bash_operator to 2023-07-22T00:00:00+00:00, run_after=2023-07-23T00:00:00+00:00
[2023-07-23T00:08:01.094+0000] {processor.py:179} INFO - Processing /home/airflow/.local/lib/python3.7/site-packages/airflow/example_dags/example_bash_operator.py took 0.074 seconds
[2023-07-23T00:08:31.595+0000] {processor.py:157} INFO - Started process (PID=2466) to work on /home/airflow/.local/lib/python3.7/site-packages/airflow/example_dags/example_bash_operator.py
[2023-07-23T00:08:31.596+0000] {processor.py:826} INFO - Processing file /home/airflow/.local/lib/python3.7/site-packages/airflow/example_dags/example_bash_operator.py for tasks to queue
[2023-07-23T00:08:31.597+0000] {logging_mixin.py:150} INFO - [2023-07-23T00:08:31.597+0000] {dagbag.py:541} INFO - Filling up the DagBag from /home/airflow/.local/lib/python3.7/site-packages/airflow/example_dags/example_bash_operator.py
[2023-07-23T00:08:31.607+0000] {processor.py:836} INFO - DAG(s) dict_keys(['example_bash_operator']) retrieved from /home/airflow/.local/lib/python3.7/site-packages/airflow/example_dags/example_bash_operator.py
[2023-07-23T00:08:31.632+0000] {logging_mixin.py:150} INFO - [2023-07-23T00:08:31.632+0000] {dag.py:2742} INFO - Sync 1 DAGs
[2023-07-23T00:08:31.649+0000] {logging_mixin.py:150} INFO - [2023-07-23T00:08:31.649+0000] {dag.py:3508} INFO - Setting next_dagrun for example_bash_operator to 2023-07-22T00:00:00+00:00, run_after=2023-07-23T00:00:00+00:00
[2023-07-23T00:08:31.660+0000] {processor.py:179} INFO - Processing /home/airflow/.local/lib/python3.7/site-packages/airflow/example_dags/example_bash_operator.py took 0.068 seconds
[2023-07-23T00:09:02.275+0000] {processor.py:157} INFO - Started process (PID=2529) to work on /home/airflow/.local/lib/python3.7/site-packages/airflow/example_dags/example_bash_operator.py
[2023-07-23T00:09:02.277+0000] {processor.py:826} INFO - Processing file /home/airflow/.local/lib/python3.7/site-packages/airflow/example_dags/example_bash_operator.py for tasks to queue
[2023-07-23T00:09:02.277+0000] {logging_mixin.py:150} INFO - [2023-07-23T00:09:02.277+0000] {dagbag.py:541} INFO - Filling up the DagBag from /home/airflow/.local/lib/python3.7/site-packages/airflow/example_dags/example_bash_operator.py
[2023-07-23T00:09:02.287+0000] {processor.py:836} INFO - DAG(s) dict_keys(['example_bash_operator']) retrieved from /home/airflow/.local/lib/python3.7/site-packages/airflow/example_dags/example_bash_operator.py
[2023-07-23T00:09:02.311+0000] {logging_mixin.py:150} INFO - [2023-07-23T00:09:02.311+0000] {dag.py:2742} INFO - Sync 1 DAGs
[2023-07-23T00:09:02.329+0000] {logging_mixin.py:150} INFO - [2023-07-23T00:09:02.329+0000] {dag.py:3508} INFO - Setting next_dagrun for example_bash_operator to 2023-07-22T00:00:00+00:00, run_after=2023-07-23T00:00:00+00:00
[2023-07-23T00:09:02.340+0000] {processor.py:179} INFO - Processing /home/airflow/.local/lib/python3.7/site-packages/airflow/example_dags/example_bash_operator.py took 0.067 seconds
[2023-07-23T00:09:33.395+0000] {processor.py:157} INFO - Started process (PID=2593) to work on /home/airflow/.local/lib/python3.7/site-packages/airflow/example_dags/example_bash_operator.py
[2023-07-23T00:09:33.397+0000] {processor.py:826} INFO - Processing file /home/airflow/.local/lib/python3.7/site-packages/airflow/example_dags/example_bash_operator.py for tasks to queue
[2023-07-23T00:09:33.398+0000] {logging_mixin.py:150} INFO - [2023-07-23T00:09:33.397+0000] {dagbag.py:541} INFO - Filling up the DagBag from /home/airflow/.local/lib/python3.7/site-packages/airflow/example_dags/example_bash_operator.py
[2023-07-23T00:09:33.409+0000] {processor.py:836} INFO - DAG(s) dict_keys(['example_bash_operator']) retrieved from /home/airflow/.local/lib/python3.7/site-packages/airflow/example_dags/example_bash_operator.py
[2023-07-23T00:09:33.471+0000] {logging_mixin.py:150} INFO - [2023-07-23T00:09:33.471+0000] {dag.py:2742} INFO - Sync 1 DAGs
[2023-07-23T00:09:33.518+0000] {logging_mixin.py:150} INFO - [2023-07-23T00:09:33.518+0000] {dag.py:3508} INFO - Setting next_dagrun for example_bash_operator to 2023-07-22T00:00:00+00:00, run_after=2023-07-23T00:00:00+00:00
[2023-07-23T00:09:33.557+0000] {processor.py:179} INFO - Processing /home/airflow/.local/lib/python3.7/site-packages/airflow/example_dags/example_bash_operator.py took 0.164 seconds
[2023-07-23T00:10:04.644+0000] {processor.py:157} INFO - Started process (PID=2657) to work on /home/airflow/.local/lib/python3.7/site-packages/airflow/example_dags/example_bash_operator.py
[2023-07-23T00:10:04.645+0000] {processor.py:826} INFO - Processing file /home/airflow/.local/lib/python3.7/site-packages/airflow/example_dags/example_bash_operator.py for tasks to queue
[2023-07-23T00:10:04.647+0000] {logging_mixin.py:150} INFO - [2023-07-23T00:10:04.646+0000] {dagbag.py:541} INFO - Filling up the DagBag from /home/airflow/.local/lib/python3.7/site-packages/airflow/example_dags/example_bash_operator.py
[2023-07-23T00:10:04.673+0000] {processor.py:836} INFO - DAG(s) dict_keys(['example_bash_operator']) retrieved from /home/airflow/.local/lib/python3.7/site-packages/airflow/example_dags/example_bash_operator.py
[2023-07-23T00:10:04.734+0000] {logging_mixin.py:150} INFO - [2023-07-23T00:10:04.733+0000] {dag.py:2742} INFO - Sync 1 DAGs
[2023-07-23T00:10:04.766+0000] {logging_mixin.py:150} INFO - [2023-07-23T00:10:04.766+0000] {dag.py:3508} INFO - Setting next_dagrun for example_bash_operator to 2023-07-22T00:00:00+00:00, run_after=2023-07-23T00:00:00+00:00
[2023-07-23T00:10:04.782+0000] {processor.py:179} INFO - Processing /home/airflow/.local/lib/python3.7/site-packages/airflow/example_dags/example_bash_operator.py took 0.141 seconds
[2023-07-23T00:10:35.142+0000] {processor.py:157} INFO - Started process (PID=2715) to work on /home/airflow/.local/lib/python3.7/site-packages/airflow/example_dags/example_bash_operator.py
[2023-07-23T00:10:35.144+0000] {processor.py:826} INFO - Processing file /home/airflow/.local/lib/python3.7/site-packages/airflow/example_dags/example_bash_operator.py for tasks to queue
[2023-07-23T00:10:35.144+0000] {logging_mixin.py:150} INFO - [2023-07-23T00:10:35.144+0000] {dagbag.py:541} INFO - Filling up the DagBag from /home/airflow/.local/lib/python3.7/site-packages/airflow/example_dags/example_bash_operator.py
[2023-07-23T00:10:35.154+0000] {processor.py:836} INFO - DAG(s) dict_keys(['example_bash_operator']) retrieved from /home/airflow/.local/lib/python3.7/site-packages/airflow/example_dags/example_bash_operator.py
[2023-07-23T00:10:35.183+0000] {logging_mixin.py:150} INFO - [2023-07-23T00:10:35.183+0000] {dag.py:2742} INFO - Sync 1 DAGs
[2023-07-23T00:10:35.201+0000] {logging_mixin.py:150} INFO - [2023-07-23T00:10:35.201+0000] {dag.py:3508} INFO - Setting next_dagrun for example_bash_operator to 2023-07-22T00:00:00+00:00, run_after=2023-07-23T00:00:00+00:00
[2023-07-23T00:10:35.213+0000] {processor.py:179} INFO - Processing /home/airflow/.local/lib/python3.7/site-packages/airflow/example_dags/example_bash_operator.py took 0.073 seconds
[2023-07-23T00:11:05.861+0000] {processor.py:157} INFO - Started process (PID=2778) to work on /home/airflow/.local/lib/python3.7/site-packages/airflow/example_dags/example_bash_operator.py
[2023-07-23T00:11:05.862+0000] {processor.py:826} INFO - Processing file /home/airflow/.local/lib/python3.7/site-packages/airflow/example_dags/example_bash_operator.py for tasks to queue
[2023-07-23T00:11:05.863+0000] {logging_mixin.py:150} INFO - [2023-07-23T00:11:05.863+0000] {dagbag.py:541} INFO - Filling up the DagBag from /home/airflow/.local/lib/python3.7/site-packages/airflow/example_dags/example_bash_operator.py
[2023-07-23T00:11:05.873+0000] {processor.py:836} INFO - DAG(s) dict_keys(['example_bash_operator']) retrieved from /home/airflow/.local/lib/python3.7/site-packages/airflow/example_dags/example_bash_operator.py
[2023-07-23T00:11:05.898+0000] {logging_mixin.py:150} INFO - [2023-07-23T00:11:05.898+0000] {dag.py:2742} INFO - Sync 1 DAGs
[2023-07-23T00:11:05.915+0000] {logging_mixin.py:150} INFO - [2023-07-23T00:11:05.914+0000] {dag.py:3508} INFO - Setting next_dagrun for example_bash_operator to 2023-07-22T00:00:00+00:00, run_after=2023-07-23T00:00:00+00:00
[2023-07-23T00:11:05.926+0000] {processor.py:179} INFO - Processing /home/airflow/.local/lib/python3.7/site-packages/airflow/example_dags/example_bash_operator.py took 0.068 seconds
[2023-07-23T00:11:36.213+0000] {processor.py:157} INFO - Started process (PID=2841) to work on /home/airflow/.local/lib/python3.7/site-packages/airflow/example_dags/example_bash_operator.py
[2023-07-23T00:11:36.214+0000] {processor.py:826} INFO - Processing file /home/airflow/.local/lib/python3.7/site-packages/airflow/example_dags/example_bash_operator.py for tasks to queue
[2023-07-23T00:11:36.215+0000] {logging_mixin.py:150} INFO - [2023-07-23T00:11:36.215+0000] {dagbag.py:541} INFO - Filling up the DagBag from /home/airflow/.local/lib/python3.7/site-packages/airflow/example_dags/example_bash_operator.py
[2023-07-23T00:11:36.226+0000] {processor.py:836} INFO - DAG(s) dict_keys(['example_bash_operator']) retrieved from /home/airflow/.local/lib/python3.7/site-packages/airflow/example_dags/example_bash_operator.py
[2023-07-23T00:11:36.251+0000] {logging_mixin.py:150} INFO - [2023-07-23T00:11:36.251+0000] {dag.py:2742} INFO - Sync 1 DAGs
[2023-07-23T00:11:36.268+0000] {logging_mixin.py:150} INFO - [2023-07-23T00:11:36.268+0000] {dag.py:3508} INFO - Setting next_dagrun for example_bash_operator to 2023-07-22T00:00:00+00:00, run_after=2023-07-23T00:00:00+00:00
[2023-07-23T00:11:36.279+0000] {processor.py:179} INFO - Processing /home/airflow/.local/lib/python3.7/site-packages/airflow/example_dags/example_bash_operator.py took 0.069 seconds
[2023-07-23T00:12:06.361+0000] {processor.py:157} INFO - Started process (PID=2903) to work on /home/airflow/.local/lib/python3.7/site-packages/airflow/example_dags/example_bash_operator.py
[2023-07-23T00:12:06.362+0000] {processor.py:826} INFO - Processing file /home/airflow/.local/lib/python3.7/site-packages/airflow/example_dags/example_bash_operator.py for tasks to queue
[2023-07-23T00:12:06.363+0000] {logging_mixin.py:150} INFO - [2023-07-23T00:12:06.362+0000] {dagbag.py:541} INFO - Filling up the DagBag from /home/airflow/.local/lib/python3.7/site-packages/airflow/example_dags/example_bash_operator.py
[2023-07-23T00:12:06.372+0000] {processor.py:836} INFO - DAG(s) dict_keys(['example_bash_operator']) retrieved from /home/airflow/.local/lib/python3.7/site-packages/airflow/example_dags/example_bash_operator.py
[2023-07-23T00:12:06.396+0000] {logging_mixin.py:150} INFO - [2023-07-23T00:12:06.396+0000] {dag.py:2742} INFO - Sync 1 DAGs
[2023-07-23T00:12:06.413+0000] {logging_mixin.py:150} INFO - [2023-07-23T00:12:06.412+0000] {dag.py:3508} INFO - Setting next_dagrun for example_bash_operator to 2023-07-22T00:00:00+00:00, run_after=2023-07-23T00:00:00+00:00
[2023-07-23T00:12:06.424+0000] {processor.py:179} INFO - Processing /home/airflow/.local/lib/python3.7/site-packages/airflow/example_dags/example_bash_operator.py took 0.066 seconds
[2023-07-23T00:12:36.679+0000] {processor.py:157} INFO - Started process (PID=2969) to work on /home/airflow/.local/lib/python3.7/site-packages/airflow/example_dags/example_bash_operator.py
[2023-07-23T00:12:36.681+0000] {processor.py:826} INFO - Processing file /home/airflow/.local/lib/python3.7/site-packages/airflow/example_dags/example_bash_operator.py for tasks to queue
[2023-07-23T00:12:36.683+0000] {logging_mixin.py:150} INFO - [2023-07-23T00:12:36.682+0000] {dagbag.py:541} INFO - Filling up the DagBag from /home/airflow/.local/lib/python3.7/site-packages/airflow/example_dags/example_bash_operator.py
[2023-07-23T00:12:36.694+0000] {processor.py:836} INFO - DAG(s) dict_keys(['example_bash_operator']) retrieved from /home/airflow/.local/lib/python3.7/site-packages/airflow/example_dags/example_bash_operator.py
[2023-07-23T00:12:36.726+0000] {logging_mixin.py:150} INFO - [2023-07-23T00:12:36.726+0000] {dag.py:2742} INFO - Sync 1 DAGs
[2023-07-23T00:12:36.823+0000] {logging_mixin.py:150} INFO - [2023-07-23T00:12:36.823+0000] {dag.py:3508} INFO - Setting next_dagrun for example_bash_operator to 2023-07-22T00:00:00+00:00, run_after=2023-07-23T00:00:00+00:00
[2023-07-23T00:12:36.839+0000] {processor.py:179} INFO - Processing /home/airflow/.local/lib/python3.7/site-packages/airflow/example_dags/example_bash_operator.py took 0.162 seconds
[2023-07-23T00:13:07.341+0000] {processor.py:157} INFO - Started process (PID=3031) to work on /home/airflow/.local/lib/python3.7/site-packages/airflow/example_dags/example_bash_operator.py
[2023-07-23T00:13:07.344+0000] {processor.py:826} INFO - Processing file /home/airflow/.local/lib/python3.7/site-packages/airflow/example_dags/example_bash_operator.py for tasks to queue
[2023-07-23T00:13:07.345+0000] {logging_mixin.py:150} INFO - [2023-07-23T00:13:07.345+0000] {dagbag.py:541} INFO - Filling up the DagBag from /home/airflow/.local/lib/python3.7/site-packages/airflow/example_dags/example_bash_operator.py
[2023-07-23T00:13:07.354+0000] {processor.py:836} INFO - DAG(s) dict_keys(['example_bash_operator']) retrieved from /home/airflow/.local/lib/python3.7/site-packages/airflow/example_dags/example_bash_operator.py
[2023-07-23T00:13:07.404+0000] {logging_mixin.py:150} INFO - [2023-07-23T00:13:07.404+0000] {dag.py:2742} INFO - Sync 1 DAGs
[2023-07-23T00:13:07.436+0000] {logging_mixin.py:150} INFO - [2023-07-23T00:13:07.435+0000] {dag.py:3508} INFO - Setting next_dagrun for example_bash_operator to 2023-07-22T00:00:00+00:00, run_after=2023-07-23T00:00:00+00:00
[2023-07-23T00:13:07.450+0000] {processor.py:179} INFO - Processing /home/airflow/.local/lib/python3.7/site-packages/airflow/example_dags/example_bash_operator.py took 0.111 seconds
[2023-07-23T00:13:37.743+0000] {processor.py:157} INFO - Started process (PID=3094) to work on /home/airflow/.local/lib/python3.7/site-packages/airflow/example_dags/example_bash_operator.py
[2023-07-23T00:13:37.745+0000] {processor.py:826} INFO - Processing file /home/airflow/.local/lib/python3.7/site-packages/airflow/example_dags/example_bash_operator.py for tasks to queue
[2023-07-23T00:13:37.745+0000] {logging_mixin.py:150} INFO - [2023-07-23T00:13:37.745+0000] {dagbag.py:541} INFO - Filling up the DagBag from /home/airflow/.local/lib/python3.7/site-packages/airflow/example_dags/example_bash_operator.py
[2023-07-23T00:13:37.755+0000] {processor.py:836} INFO - DAG(s) dict_keys(['example_bash_operator']) retrieved from /home/airflow/.local/lib/python3.7/site-packages/airflow/example_dags/example_bash_operator.py
[2023-07-23T00:13:37.781+0000] {logging_mixin.py:150} INFO - [2023-07-23T00:13:37.781+0000] {dag.py:2742} INFO - Sync 1 DAGs
[2023-07-23T00:13:37.810+0000] {logging_mixin.py:150} INFO - [2023-07-23T00:13:37.810+0000] {dag.py:3508} INFO - Setting next_dagrun for example_bash_operator to 2023-07-22T00:00:00+00:00, run_after=2023-07-23T00:00:00+00:00
[2023-07-23T00:13:37.829+0000] {processor.py:179} INFO - Processing /home/airflow/.local/lib/python3.7/site-packages/airflow/example_dags/example_bash_operator.py took 0.088 seconds
[2023-07-23T00:14:07.985+0000] {processor.py:157} INFO - Started process (PID=3159) to work on /home/airflow/.local/lib/python3.7/site-packages/airflow/example_dags/example_bash_operator.py
[2023-07-23T00:14:07.987+0000] {processor.py:826} INFO - Processing file /home/airflow/.local/lib/python3.7/site-packages/airflow/example_dags/example_bash_operator.py for tasks to queue
[2023-07-23T00:14:07.988+0000] {logging_mixin.py:150} INFO - [2023-07-23T00:14:07.987+0000] {dagbag.py:541} INFO - Filling up the DagBag from /home/airflow/.local/lib/python3.7/site-packages/airflow/example_dags/example_bash_operator.py
[2023-07-23T00:14:07.997+0000] {processor.py:836} INFO - DAG(s) dict_keys(['example_bash_operator']) retrieved from /home/airflow/.local/lib/python3.7/site-packages/airflow/example_dags/example_bash_operator.py
[2023-07-23T00:14:08.030+0000] {logging_mixin.py:150} INFO - [2023-07-23T00:14:08.030+0000] {dag.py:2742} INFO - Sync 1 DAGs
[2023-07-23T00:14:08.059+0000] {logging_mixin.py:150} INFO - [2023-07-23T00:14:08.059+0000] {dag.py:3508} INFO - Setting next_dagrun for example_bash_operator to 2023-07-22T00:00:00+00:00, run_after=2023-07-23T00:00:00+00:00
[2023-07-23T00:14:08.073+0000] {processor.py:179} INFO - Processing /home/airflow/.local/lib/python3.7/site-packages/airflow/example_dags/example_bash_operator.py took 0.090 seconds
[2023-07-23T00:14:39.019+0000] {processor.py:157} INFO - Started process (PID=3222) to work on /home/airflow/.local/lib/python3.7/site-packages/airflow/example_dags/example_bash_operator.py
[2023-07-23T00:14:39.020+0000] {processor.py:826} INFO - Processing file /home/airflow/.local/lib/python3.7/site-packages/airflow/example_dags/example_bash_operator.py for tasks to queue
[2023-07-23T00:14:39.021+0000] {logging_mixin.py:150} INFO - [2023-07-23T00:14:39.021+0000] {dagbag.py:541} INFO - Filling up the DagBag from /home/airflow/.local/lib/python3.7/site-packages/airflow/example_dags/example_bash_operator.py
[2023-07-23T00:14:39.031+0000] {processor.py:836} INFO - DAG(s) dict_keys(['example_bash_operator']) retrieved from /home/airflow/.local/lib/python3.7/site-packages/airflow/example_dags/example_bash_operator.py
[2023-07-23T00:14:39.055+0000] {logging_mixin.py:150} INFO - [2023-07-23T00:14:39.055+0000] {dag.py:2742} INFO - Sync 1 DAGs
[2023-07-23T00:14:39.073+0000] {logging_mixin.py:150} INFO - [2023-07-23T00:14:39.073+0000] {dag.py:3508} INFO - Setting next_dagrun for example_bash_operator to 2023-07-22T00:00:00+00:00, run_after=2023-07-23T00:00:00+00:00
[2023-07-23T00:14:39.084+0000] {processor.py:179} INFO - Processing /home/airflow/.local/lib/python3.7/site-packages/airflow/example_dags/example_bash_operator.py took 0.068 seconds
[2023-07-23T00:15:09.957+0000] {processor.py:157} INFO - Started process (PID=3284) to work on /home/airflow/.local/lib/python3.7/site-packages/airflow/example_dags/example_bash_operator.py
[2023-07-23T00:15:09.958+0000] {processor.py:826} INFO - Processing file /home/airflow/.local/lib/python3.7/site-packages/airflow/example_dags/example_bash_operator.py for tasks to queue
[2023-07-23T00:15:09.959+0000] {logging_mixin.py:150} INFO - [2023-07-23T00:15:09.959+0000] {dagbag.py:541} INFO - Filling up the DagBag from /home/airflow/.local/lib/python3.7/site-packages/airflow/example_dags/example_bash_operator.py
[2023-07-23T00:15:09.968+0000] {processor.py:836} INFO - DAG(s) dict_keys(['example_bash_operator']) retrieved from /home/airflow/.local/lib/python3.7/site-packages/airflow/example_dags/example_bash_operator.py
[2023-07-23T00:15:09.994+0000] {logging_mixin.py:150} INFO - [2023-07-23T00:15:09.994+0000] {dag.py:2742} INFO - Sync 1 DAGs
[2023-07-23T00:15:10.011+0000] {logging_mixin.py:150} INFO - [2023-07-23T00:15:10.011+0000] {dag.py:3508} INFO - Setting next_dagrun for example_bash_operator to 2023-07-22T00:00:00+00:00, run_after=2023-07-23T00:00:00+00:00
[2023-07-23T00:15:10.022+0000] {processor.py:179} INFO - Processing /home/airflow/.local/lib/python3.7/site-packages/airflow/example_dags/example_bash_operator.py took 0.068 seconds
[2023-07-23T00:15:41.029+0000] {processor.py:157} INFO - Started process (PID=3354) to work on /home/airflow/.local/lib/python3.7/site-packages/airflow/example_dags/example_bash_operator.py
[2023-07-23T00:15:41.031+0000] {processor.py:826} INFO - Processing file /home/airflow/.local/lib/python3.7/site-packages/airflow/example_dags/example_bash_operator.py for tasks to queue
[2023-07-23T00:15:41.032+0000] {logging_mixin.py:150} INFO - [2023-07-23T00:15:41.032+0000] {dagbag.py:541} INFO - Filling up the DagBag from /home/airflow/.local/lib/python3.7/site-packages/airflow/example_dags/example_bash_operator.py
[2023-07-23T00:15:41.042+0000] {processor.py:836} INFO - DAG(s) dict_keys(['example_bash_operator']) retrieved from /home/airflow/.local/lib/python3.7/site-packages/airflow/example_dags/example_bash_operator.py
[2023-07-23T00:15:41.068+0000] {logging_mixin.py:150} INFO - [2023-07-23T00:15:41.068+0000] {dag.py:2742} INFO - Sync 1 DAGs
[2023-07-23T00:15:41.087+0000] {logging_mixin.py:150} INFO - [2023-07-23T00:15:41.087+0000] {dag.py:3508} INFO - Setting next_dagrun for example_bash_operator to 2023-07-22T00:00:00+00:00, run_after=2023-07-23T00:00:00+00:00
[2023-07-23T00:15:41.100+0000] {processor.py:179} INFO - Processing /home/airflow/.local/lib/python3.7/site-packages/airflow/example_dags/example_bash_operator.py took 0.074 seconds
[2023-07-23T00:16:11.945+0000] {processor.py:157} INFO - Started process (PID=3418) to work on /home/airflow/.local/lib/python3.7/site-packages/airflow/example_dags/example_bash_operator.py
[2023-07-23T00:16:11.946+0000] {processor.py:826} INFO - Processing file /home/airflow/.local/lib/python3.7/site-packages/airflow/example_dags/example_bash_operator.py for tasks to queue
[2023-07-23T00:16:11.947+0000] {logging_mixin.py:150} INFO - [2023-07-23T00:16:11.947+0000] {dagbag.py:541} INFO - Filling up the DagBag from /home/airflow/.local/lib/python3.7/site-packages/airflow/example_dags/example_bash_operator.py
[2023-07-23T00:16:11.957+0000] {processor.py:836} INFO - DAG(s) dict_keys(['example_bash_operator']) retrieved from /home/airflow/.local/lib/python3.7/site-packages/airflow/example_dags/example_bash_operator.py
[2023-07-23T00:16:11.987+0000] {logging_mixin.py:150} INFO - [2023-07-23T00:16:11.986+0000] {dag.py:2742} INFO - Sync 1 DAGs
[2023-07-23T00:16:12.010+0000] {logging_mixin.py:150} INFO - [2023-07-23T00:16:12.010+0000] {dag.py:3508} INFO - Setting next_dagrun for example_bash_operator to 2023-07-22T00:00:00+00:00, run_after=2023-07-23T00:00:00+00:00
[2023-07-23T00:16:12.022+0000] {processor.py:179} INFO - Processing /home/airflow/.local/lib/python3.7/site-packages/airflow/example_dags/example_bash_operator.py took 0.080 seconds
[2023-07-23T00:16:42.608+0000] {processor.py:157} INFO - Started process (PID=3483) to work on /home/airflow/.local/lib/python3.7/site-packages/airflow/example_dags/example_bash_operator.py
[2023-07-23T00:16:42.609+0000] {processor.py:826} INFO - Processing file /home/airflow/.local/lib/python3.7/site-packages/airflow/example_dags/example_bash_operator.py for tasks to queue
[2023-07-23T00:16:42.610+0000] {logging_mixin.py:150} INFO - [2023-07-23T00:16:42.610+0000] {dagbag.py:541} INFO - Filling up the DagBag from /home/airflow/.local/lib/python3.7/site-packages/airflow/example_dags/example_bash_operator.py
[2023-07-23T00:16:42.620+0000] {processor.py:836} INFO - DAG(s) dict_keys(['example_bash_operator']) retrieved from /home/airflow/.local/lib/python3.7/site-packages/airflow/example_dags/example_bash_operator.py
[2023-07-23T00:16:42.645+0000] {logging_mixin.py:150} INFO - [2023-07-23T00:16:42.645+0000] {dag.py:2742} INFO - Sync 1 DAGs
[2023-07-23T00:16:42.663+0000] {logging_mixin.py:150} INFO - [2023-07-23T00:16:42.663+0000] {dag.py:3508} INFO - Setting next_dagrun for example_bash_operator to 2023-07-22T00:00:00+00:00, run_after=2023-07-23T00:00:00+00:00
[2023-07-23T00:16:42.676+0000] {processor.py:179} INFO - Processing /home/airflow/.local/lib/python3.7/site-packages/airflow/example_dags/example_bash_operator.py took 0.071 seconds
[2023-07-23T00:17:13.642+0000] {processor.py:157} INFO - Started process (PID=3546) to work on /home/airflow/.local/lib/python3.7/site-packages/airflow/example_dags/example_bash_operator.py
[2023-07-23T00:17:13.644+0000] {processor.py:826} INFO - Processing file /home/airflow/.local/lib/python3.7/site-packages/airflow/example_dags/example_bash_operator.py for tasks to queue
[2023-07-23T00:17:13.646+0000] {logging_mixin.py:150} INFO - [2023-07-23T00:17:13.645+0000] {dagbag.py:541} INFO - Filling up the DagBag from /home/airflow/.local/lib/python3.7/site-packages/airflow/example_dags/example_bash_operator.py
[2023-07-23T00:17:13.661+0000] {processor.py:836} INFO - DAG(s) dict_keys(['example_bash_operator']) retrieved from /home/airflow/.local/lib/python3.7/site-packages/airflow/example_dags/example_bash_operator.py
[2023-07-23T00:17:13.840+0000] {logging_mixin.py:150} INFO - [2023-07-23T00:17:13.839+0000] {dag.py:2742} INFO - Sync 1 DAGs
[2023-07-23T00:17:13.942+0000] {logging_mixin.py:150} INFO - [2023-07-23T00:17:13.941+0000] {dag.py:3508} INFO - Setting next_dagrun for example_bash_operator to 2023-07-22T00:00:00+00:00, run_after=2023-07-23T00:00:00+00:00
[2023-07-23T00:17:13.995+0000] {processor.py:179} INFO - Processing /home/airflow/.local/lib/python3.7/site-packages/airflow/example_dags/example_bash_operator.py took 0.358 seconds
[2023-07-23T00:17:44.318+0000] {processor.py:157} INFO - Started process (PID=3609) to work on /home/airflow/.local/lib/python3.7/site-packages/airflow/example_dags/example_bash_operator.py
[2023-07-23T00:17:44.320+0000] {processor.py:826} INFO - Processing file /home/airflow/.local/lib/python3.7/site-packages/airflow/example_dags/example_bash_operator.py for tasks to queue
[2023-07-23T00:17:44.320+0000] {logging_mixin.py:150} INFO - [2023-07-23T00:17:44.320+0000] {dagbag.py:541} INFO - Filling up the DagBag from /home/airflow/.local/lib/python3.7/site-packages/airflow/example_dags/example_bash_operator.py
[2023-07-23T00:17:44.331+0000] {processor.py:836} INFO - DAG(s) dict_keys(['example_bash_operator']) retrieved from /home/airflow/.local/lib/python3.7/site-packages/airflow/example_dags/example_bash_operator.py
[2023-07-23T00:17:44.358+0000] {logging_mixin.py:150} INFO - [2023-07-23T00:17:44.358+0000] {dag.py:2742} INFO - Sync 1 DAGs
[2023-07-23T00:17:44.375+0000] {logging_mixin.py:150} INFO - [2023-07-23T00:17:44.375+0000] {dag.py:3508} INFO - Setting next_dagrun for example_bash_operator to 2023-07-22T00:00:00+00:00, run_after=2023-07-23T00:00:00+00:00
[2023-07-23T00:17:44.386+0000] {processor.py:179} INFO - Processing /home/airflow/.local/lib/python3.7/site-packages/airflow/example_dags/example_bash_operator.py took 0.070 seconds
[2023-07-23T00:18:14.747+0000] {processor.py:157} INFO - Started process (PID=3672) to work on /home/airflow/.local/lib/python3.7/site-packages/airflow/example_dags/example_bash_operator.py
[2023-07-23T00:18:14.748+0000] {processor.py:826} INFO - Processing file /home/airflow/.local/lib/python3.7/site-packages/airflow/example_dags/example_bash_operator.py for tasks to queue
[2023-07-23T00:18:14.749+0000] {logging_mixin.py:150} INFO - [2023-07-23T00:18:14.749+0000] {dagbag.py:541} INFO - Filling up the DagBag from /home/airflow/.local/lib/python3.7/site-packages/airflow/example_dags/example_bash_operator.py
[2023-07-23T00:18:14.760+0000] {processor.py:836} INFO - DAG(s) dict_keys(['example_bash_operator']) retrieved from /home/airflow/.local/lib/python3.7/site-packages/airflow/example_dags/example_bash_operator.py
[2023-07-23T00:18:14.790+0000] {logging_mixin.py:150} INFO - [2023-07-23T00:18:14.790+0000] {dag.py:2742} INFO - Sync 1 DAGs
[2023-07-23T00:18:14.806+0000] {logging_mixin.py:150} INFO - [2023-07-23T00:18:14.806+0000] {dag.py:3508} INFO - Setting next_dagrun for example_bash_operator to 2023-07-22T00:00:00+00:00, run_after=2023-07-23T00:00:00+00:00
[2023-07-23T00:18:14.818+0000] {processor.py:179} INFO - Processing /home/airflow/.local/lib/python3.7/site-packages/airflow/example_dags/example_bash_operator.py took 0.073 seconds
[2023-07-23T00:18:45.592+0000] {processor.py:157} INFO - Started process (PID=3734) to work on /home/airflow/.local/lib/python3.7/site-packages/airflow/example_dags/example_bash_operator.py
[2023-07-23T00:18:45.596+0000] {processor.py:826} INFO - Processing file /home/airflow/.local/lib/python3.7/site-packages/airflow/example_dags/example_bash_operator.py for tasks to queue
[2023-07-23T00:18:45.598+0000] {logging_mixin.py:150} INFO - [2023-07-23T00:18:45.597+0000] {dagbag.py:541} INFO - Filling up the DagBag from /home/airflow/.local/lib/python3.7/site-packages/airflow/example_dags/example_bash_operator.py
[2023-07-23T00:18:45.612+0000] {processor.py:836} INFO - DAG(s) dict_keys(['example_bash_operator']) retrieved from /home/airflow/.local/lib/python3.7/site-packages/airflow/example_dags/example_bash_operator.py
[2023-07-23T00:18:45.661+0000] {logging_mixin.py:150} INFO - [2023-07-23T00:18:45.661+0000] {dag.py:2742} INFO - Sync 1 DAGs
[2023-07-23T00:18:45.692+0000] {logging_mixin.py:150} INFO - [2023-07-23T00:18:45.692+0000] {dag.py:3508} INFO - Setting next_dagrun for example_bash_operator to 2023-07-22T00:00:00+00:00, run_after=2023-07-23T00:00:00+00:00
[2023-07-23T00:18:45.706+0000] {processor.py:179} INFO - Processing /home/airflow/.local/lib/python3.7/site-packages/airflow/example_dags/example_bash_operator.py took 0.120 seconds
[2023-07-23T00:19:15.738+0000] {processor.py:157} INFO - Started process (PID=3798) to work on /home/airflow/.local/lib/python3.7/site-packages/airflow/example_dags/example_bash_operator.py
[2023-07-23T00:19:15.739+0000] {processor.py:826} INFO - Processing file /home/airflow/.local/lib/python3.7/site-packages/airflow/example_dags/example_bash_operator.py for tasks to queue
[2023-07-23T00:19:15.739+0000] {logging_mixin.py:150} INFO - [2023-07-23T00:19:15.739+0000] {dagbag.py:541} INFO - Filling up the DagBag from /home/airflow/.local/lib/python3.7/site-packages/airflow/example_dags/example_bash_operator.py
[2023-07-23T00:19:15.749+0000] {processor.py:836} INFO - DAG(s) dict_keys(['example_bash_operator']) retrieved from /home/airflow/.local/lib/python3.7/site-packages/airflow/example_dags/example_bash_operator.py
[2023-07-23T00:19:15.775+0000] {logging_mixin.py:150} INFO - [2023-07-23T00:19:15.774+0000] {dag.py:2742} INFO - Sync 1 DAGs
[2023-07-23T00:19:15.792+0000] {logging_mixin.py:150} INFO - [2023-07-23T00:19:15.792+0000] {dag.py:3508} INFO - Setting next_dagrun for example_bash_operator to 2023-07-22T00:00:00+00:00, run_after=2023-07-23T00:00:00+00:00
[2023-07-23T00:19:15.804+0000] {processor.py:179} INFO - Processing /home/airflow/.local/lib/python3.7/site-packages/airflow/example_dags/example_bash_operator.py took 0.068 seconds
[2023-07-23T00:19:47.485+0000] {processor.py:157} INFO - Started process (PID=3861) to work on /home/airflow/.local/lib/python3.7/site-packages/airflow/example_dags/example_bash_operator.py
[2023-07-23T00:19:47.487+0000] {processor.py:826} INFO - Processing file /home/airflow/.local/lib/python3.7/site-packages/airflow/example_dags/example_bash_operator.py for tasks to queue
[2023-07-23T00:19:47.490+0000] {logging_mixin.py:150} INFO - [2023-07-23T00:19:47.489+0000] {dagbag.py:541} INFO - Filling up the DagBag from /home/airflow/.local/lib/python3.7/site-packages/airflow/example_dags/example_bash_operator.py
[2023-07-23T00:19:47.566+0000] {processor.py:836} INFO - DAG(s) dict_keys(['example_bash_operator']) retrieved from /home/airflow/.local/lib/python3.7/site-packages/airflow/example_dags/example_bash_operator.py
[2023-07-23T00:19:47.659+0000] {logging_mixin.py:150} INFO - [2023-07-23T00:19:47.659+0000] {dag.py:2742} INFO - Sync 1 DAGs
[2023-07-23T00:19:47.709+0000] {logging_mixin.py:150} INFO - [2023-07-23T00:19:47.709+0000] {dag.py:3508} INFO - Setting next_dagrun for example_bash_operator to 2023-07-22T00:00:00+00:00, run_after=2023-07-23T00:00:00+00:00
[2023-07-23T00:19:47.780+0000] {processor.py:179} INFO - Processing /home/airflow/.local/lib/python3.7/site-packages/airflow/example_dags/example_bash_operator.py took 0.313 seconds
[2023-07-23T00:20:18.371+0000] {processor.py:157} INFO - Started process (PID=3924) to work on /home/airflow/.local/lib/python3.7/site-packages/airflow/example_dags/example_bash_operator.py
[2023-07-23T00:20:18.373+0000] {processor.py:826} INFO - Processing file /home/airflow/.local/lib/python3.7/site-packages/airflow/example_dags/example_bash_operator.py for tasks to queue
[2023-07-23T00:20:18.374+0000] {logging_mixin.py:150} INFO - [2023-07-23T00:20:18.374+0000] {dagbag.py:541} INFO - Filling up the DagBag from /home/airflow/.local/lib/python3.7/site-packages/airflow/example_dags/example_bash_operator.py
[2023-07-23T00:20:18.410+0000] {processor.py:836} INFO - DAG(s) dict_keys(['example_bash_operator']) retrieved from /home/airflow/.local/lib/python3.7/site-packages/airflow/example_dags/example_bash_operator.py
[2023-07-23T00:20:18.450+0000] {logging_mixin.py:150} INFO - [2023-07-23T00:20:18.450+0000] {dag.py:2742} INFO - Sync 1 DAGs
[2023-07-23T00:20:18.486+0000] {logging_mixin.py:150} INFO - [2023-07-23T00:20:18.486+0000] {dag.py:3508} INFO - Setting next_dagrun for example_bash_operator to 2023-07-22T00:00:00+00:00, run_after=2023-07-23T00:00:00+00:00
[2023-07-23T00:20:18.502+0000] {processor.py:179} INFO - Processing /home/airflow/.local/lib/python3.7/site-packages/airflow/example_dags/example_bash_operator.py took 0.133 seconds
[2023-07-23T00:20:48.609+0000] {processor.py:157} INFO - Started process (PID=3982) to work on /home/airflow/.local/lib/python3.7/site-packages/airflow/example_dags/example_bash_operator.py
[2023-07-23T00:20:48.611+0000] {processor.py:826} INFO - Processing file /home/airflow/.local/lib/python3.7/site-packages/airflow/example_dags/example_bash_operator.py for tasks to queue
[2023-07-23T00:20:48.612+0000] {logging_mixin.py:150} INFO - [2023-07-23T00:20:48.611+0000] {dagbag.py:541} INFO - Filling up the DagBag from /home/airflow/.local/lib/python3.7/site-packages/airflow/example_dags/example_bash_operator.py
[2023-07-23T00:20:48.627+0000] {processor.py:836} INFO - DAG(s) dict_keys(['example_bash_operator']) retrieved from /home/airflow/.local/lib/python3.7/site-packages/airflow/example_dags/example_bash_operator.py
[2023-07-23T00:20:48.670+0000] {logging_mixin.py:150} INFO - [2023-07-23T00:20:48.670+0000] {dag.py:2742} INFO - Sync 1 DAGs
[2023-07-23T00:20:48.695+0000] {logging_mixin.py:150} INFO - [2023-07-23T00:20:48.694+0000] {dag.py:3508} INFO - Setting next_dagrun for example_bash_operator to 2023-07-22T00:00:00+00:00, run_after=2023-07-23T00:00:00+00:00
[2023-07-23T00:20:48.715+0000] {processor.py:179} INFO - Processing /home/airflow/.local/lib/python3.7/site-packages/airflow/example_dags/example_bash_operator.py took 0.109 seconds
[2023-07-23T00:21:18.770+0000] {processor.py:157} INFO - Started process (PID=4043) to work on /home/airflow/.local/lib/python3.7/site-packages/airflow/example_dags/example_bash_operator.py
[2023-07-23T00:21:18.772+0000] {processor.py:826} INFO - Processing file /home/airflow/.local/lib/python3.7/site-packages/airflow/example_dags/example_bash_operator.py for tasks to queue
[2023-07-23T00:21:18.774+0000] {logging_mixin.py:150} INFO - [2023-07-23T00:21:18.773+0000] {dagbag.py:541} INFO - Filling up the DagBag from /home/airflow/.local/lib/python3.7/site-packages/airflow/example_dags/example_bash_operator.py
[2023-07-23T00:21:18.790+0000] {processor.py:836} INFO - DAG(s) dict_keys(['example_bash_operator']) retrieved from /home/airflow/.local/lib/python3.7/site-packages/airflow/example_dags/example_bash_operator.py
[2023-07-23T00:21:18.817+0000] {logging_mixin.py:150} INFO - [2023-07-23T00:21:18.817+0000] {dag.py:2742} INFO - Sync 1 DAGs
[2023-07-23T00:21:18.837+0000] {logging_mixin.py:150} INFO - [2023-07-23T00:21:18.836+0000] {dag.py:3508} INFO - Setting next_dagrun for example_bash_operator to 2023-07-22T00:00:00+00:00, run_after=2023-07-23T00:00:00+00:00
[2023-07-23T00:21:18.848+0000] {processor.py:179} INFO - Processing /home/airflow/.local/lib/python3.7/site-packages/airflow/example_dags/example_bash_operator.py took 0.084 seconds
[2023-07-23T00:21:49.759+0000] {processor.py:157} INFO - Started process (PID=4105) to work on /home/airflow/.local/lib/python3.7/site-packages/airflow/example_dags/example_bash_operator.py
[2023-07-23T00:21:49.761+0000] {processor.py:826} INFO - Processing file /home/airflow/.local/lib/python3.7/site-packages/airflow/example_dags/example_bash_operator.py for tasks to queue
[2023-07-23T00:21:49.763+0000] {logging_mixin.py:150} INFO - [2023-07-23T00:21:49.762+0000] {dagbag.py:541} INFO - Filling up the DagBag from /home/airflow/.local/lib/python3.7/site-packages/airflow/example_dags/example_bash_operator.py
[2023-07-23T00:21:49.782+0000] {processor.py:836} INFO - DAG(s) dict_keys(['example_bash_operator']) retrieved from /home/airflow/.local/lib/python3.7/site-packages/airflow/example_dags/example_bash_operator.py
[2023-07-23T00:21:49.813+0000] {logging_mixin.py:150} INFO - [2023-07-23T00:21:49.813+0000] {dag.py:2742} INFO - Sync 1 DAGs
[2023-07-23T00:21:49.835+0000] {logging_mixin.py:150} INFO - [2023-07-23T00:21:49.835+0000] {dag.py:3508} INFO - Setting next_dagrun for example_bash_operator to 2023-07-22T00:00:00+00:00, run_after=2023-07-23T00:00:00+00:00
[2023-07-23T00:21:49.850+0000] {processor.py:179} INFO - Processing /home/airflow/.local/lib/python3.7/site-packages/airflow/example_dags/example_bash_operator.py took 0.094 seconds
[2023-07-23T00:22:20.558+0000] {processor.py:157} INFO - Started process (PID=4168) to work on /home/airflow/.local/lib/python3.7/site-packages/airflow/example_dags/example_bash_operator.py
[2023-07-23T00:22:20.560+0000] {processor.py:826} INFO - Processing file /home/airflow/.local/lib/python3.7/site-packages/airflow/example_dags/example_bash_operator.py for tasks to queue
[2023-07-23T00:22:20.561+0000] {logging_mixin.py:150} INFO - [2023-07-23T00:22:20.561+0000] {dagbag.py:541} INFO - Filling up the DagBag from /home/airflow/.local/lib/python3.7/site-packages/airflow/example_dags/example_bash_operator.py
[2023-07-23T00:22:20.576+0000] {processor.py:836} INFO - DAG(s) dict_keys(['example_bash_operator']) retrieved from /home/airflow/.local/lib/python3.7/site-packages/airflow/example_dags/example_bash_operator.py
[2023-07-23T00:22:20.603+0000] {logging_mixin.py:150} INFO - [2023-07-23T00:22:20.603+0000] {dag.py:2742} INFO - Sync 1 DAGs
[2023-07-23T00:22:20.619+0000] {logging_mixin.py:150} INFO - [2023-07-23T00:22:20.619+0000] {dag.py:3508} INFO - Setting next_dagrun for example_bash_operator to 2023-07-22T00:00:00+00:00, run_after=2023-07-23T00:00:00+00:00
[2023-07-23T00:22:20.634+0000] {processor.py:179} INFO - Processing /home/airflow/.local/lib/python3.7/site-packages/airflow/example_dags/example_bash_operator.py took 0.081 seconds
[2023-07-23T00:22:51.298+0000] {processor.py:157} INFO - Started process (PID=4231) to work on /home/airflow/.local/lib/python3.7/site-packages/airflow/example_dags/example_bash_operator.py
[2023-07-23T00:22:51.299+0000] {processor.py:826} INFO - Processing file /home/airflow/.local/lib/python3.7/site-packages/airflow/example_dags/example_bash_operator.py for tasks to queue
[2023-07-23T00:22:51.301+0000] {logging_mixin.py:150} INFO - [2023-07-23T00:22:51.300+0000] {dagbag.py:541} INFO - Filling up the DagBag from /home/airflow/.local/lib/python3.7/site-packages/airflow/example_dags/example_bash_operator.py
[2023-07-23T00:22:51.315+0000] {processor.py:836} INFO - DAG(s) dict_keys(['example_bash_operator']) retrieved from /home/airflow/.local/lib/python3.7/site-packages/airflow/example_dags/example_bash_operator.py
[2023-07-23T00:22:51.341+0000] {logging_mixin.py:150} INFO - [2023-07-23T00:22:51.341+0000] {dag.py:2742} INFO - Sync 1 DAGs
[2023-07-23T00:22:51.357+0000] {logging_mixin.py:150} INFO - [2023-07-23T00:22:51.357+0000] {dag.py:3508} INFO - Setting next_dagrun for example_bash_operator to 2023-07-22T00:00:00+00:00, run_after=2023-07-23T00:00:00+00:00
[2023-07-23T00:22:51.451+0000] {processor.py:179} INFO - Processing /home/airflow/.local/lib/python3.7/site-packages/airflow/example_dags/example_bash_operator.py took 0.157 seconds
[2023-07-23T00:23:21.576+0000] {processor.py:157} INFO - Started process (PID=4295) to work on /home/airflow/.local/lib/python3.7/site-packages/airflow/example_dags/example_bash_operator.py
[2023-07-23T00:23:21.577+0000] {processor.py:826} INFO - Processing file /home/airflow/.local/lib/python3.7/site-packages/airflow/example_dags/example_bash_operator.py for tasks to queue
[2023-07-23T00:23:21.579+0000] {logging_mixin.py:150} INFO - [2023-07-23T00:23:21.578+0000] {dagbag.py:541} INFO - Filling up the DagBag from /home/airflow/.local/lib/python3.7/site-packages/airflow/example_dags/example_bash_operator.py
[2023-07-23T00:23:21.597+0000] {processor.py:836} INFO - DAG(s) dict_keys(['example_bash_operator']) retrieved from /home/airflow/.local/lib/python3.7/site-packages/airflow/example_dags/example_bash_operator.py
[2023-07-23T00:23:21.627+0000] {logging_mixin.py:150} INFO - [2023-07-23T00:23:21.627+0000] {dag.py:2742} INFO - Sync 1 DAGs
[2023-07-23T00:23:21.644+0000] {logging_mixin.py:150} INFO - [2023-07-23T00:23:21.644+0000] {dag.py:3508} INFO - Setting next_dagrun for example_bash_operator to 2023-07-22T00:00:00+00:00, run_after=2023-07-23T00:00:00+00:00
[2023-07-23T00:23:21.659+0000] {processor.py:179} INFO - Processing /home/airflow/.local/lib/python3.7/site-packages/airflow/example_dags/example_bash_operator.py took 0.087 seconds
[2023-07-23T00:23:51.965+0000] {processor.py:157} INFO - Started process (PID=4358) to work on /home/airflow/.local/lib/python3.7/site-packages/airflow/example_dags/example_bash_operator.py
[2023-07-23T00:23:51.967+0000] {processor.py:826} INFO - Processing file /home/airflow/.local/lib/python3.7/site-packages/airflow/example_dags/example_bash_operator.py for tasks to queue
[2023-07-23T00:23:51.969+0000] {logging_mixin.py:150} INFO - [2023-07-23T00:23:51.969+0000] {dagbag.py:541} INFO - Filling up the DagBag from /home/airflow/.local/lib/python3.7/site-packages/airflow/example_dags/example_bash_operator.py
[2023-07-23T00:23:51.992+0000] {processor.py:836} INFO - DAG(s) dict_keys(['example_bash_operator']) retrieved from /home/airflow/.local/lib/python3.7/site-packages/airflow/example_dags/example_bash_operator.py
[2023-07-23T00:23:52.033+0000] {logging_mixin.py:150} INFO - [2023-07-23T00:23:52.033+0000] {dag.py:2742} INFO - Sync 1 DAGs
[2023-07-23T00:23:52.053+0000] {logging_mixin.py:150} INFO - [2023-07-23T00:23:52.053+0000] {dag.py:3508} INFO - Setting next_dagrun for example_bash_operator to 2023-07-22T00:00:00+00:00, run_after=2023-07-23T00:00:00+00:00
[2023-07-23T00:23:52.068+0000] {processor.py:179} INFO - Processing /home/airflow/.local/lib/python3.7/site-packages/airflow/example_dags/example_bash_operator.py took 0.106 seconds
[2023-07-23T00:24:22.879+0000] {processor.py:157} INFO - Started process (PID=4422) to work on /home/airflow/.local/lib/python3.7/site-packages/airflow/example_dags/example_bash_operator.py
[2023-07-23T00:24:22.880+0000] {processor.py:826} INFO - Processing file /home/airflow/.local/lib/python3.7/site-packages/airflow/example_dags/example_bash_operator.py for tasks to queue
[2023-07-23T00:24:22.882+0000] {logging_mixin.py:150} INFO - [2023-07-23T00:24:22.881+0000] {dagbag.py:541} INFO - Filling up the DagBag from /home/airflow/.local/lib/python3.7/site-packages/airflow/example_dags/example_bash_operator.py
[2023-07-23T00:24:22.899+0000] {processor.py:836} INFO - DAG(s) dict_keys(['example_bash_operator']) retrieved from /home/airflow/.local/lib/python3.7/site-packages/airflow/example_dags/example_bash_operator.py
[2023-07-23T00:24:22.932+0000] {logging_mixin.py:150} INFO - [2023-07-23T00:24:22.931+0000] {dag.py:2742} INFO - Sync 1 DAGs
[2023-07-23T00:24:23.138+0000] {logging_mixin.py:150} INFO - [2023-07-23T00:24:23.138+0000] {dag.py:3508} INFO - Setting next_dagrun for example_bash_operator to 2023-07-22T00:00:00+00:00, run_after=2023-07-23T00:00:00+00:00
[2023-07-23T00:24:23.156+0000] {processor.py:179} INFO - Processing /home/airflow/.local/lib/python3.7/site-packages/airflow/example_dags/example_bash_operator.py took 0.282 seconds
[2023-07-23T00:24:53.239+0000] {processor.py:157} INFO - Started process (PID=4485) to work on /home/airflow/.local/lib/python3.7/site-packages/airflow/example_dags/example_bash_operator.py
[2023-07-23T00:24:53.241+0000] {processor.py:826} INFO - Processing file /home/airflow/.local/lib/python3.7/site-packages/airflow/example_dags/example_bash_operator.py for tasks to queue
[2023-07-23T00:24:53.242+0000] {logging_mixin.py:150} INFO - [2023-07-23T00:24:53.241+0000] {dagbag.py:541} INFO - Filling up the DagBag from /home/airflow/.local/lib/python3.7/site-packages/airflow/example_dags/example_bash_operator.py
[2023-07-23T00:24:53.254+0000] {processor.py:836} INFO - DAG(s) dict_keys(['example_bash_operator']) retrieved from /home/airflow/.local/lib/python3.7/site-packages/airflow/example_dags/example_bash_operator.py
[2023-07-23T00:24:53.291+0000] {logging_mixin.py:150} INFO - [2023-07-23T00:24:53.291+0000] {dag.py:2742} INFO - Sync 1 DAGs
[2023-07-23T00:24:53.310+0000] {logging_mixin.py:150} INFO - [2023-07-23T00:24:53.310+0000] {dag.py:3508} INFO - Setting next_dagrun for example_bash_operator to 2023-07-22T00:00:00+00:00, run_after=2023-07-23T00:00:00+00:00
[2023-07-23T00:24:53.406+0000] {processor.py:179} INFO - Processing /home/airflow/.local/lib/python3.7/site-packages/airflow/example_dags/example_bash_operator.py took 0.170 seconds
[2023-07-23T00:25:23.707+0000] {processor.py:157} INFO - Started process (PID=4549) to work on /home/airflow/.local/lib/python3.7/site-packages/airflow/example_dags/example_bash_operator.py
[2023-07-23T00:25:23.708+0000] {processor.py:826} INFO - Processing file /home/airflow/.local/lib/python3.7/site-packages/airflow/example_dags/example_bash_operator.py for tasks to queue
[2023-07-23T00:25:23.709+0000] {logging_mixin.py:150} INFO - [2023-07-23T00:25:23.709+0000] {dagbag.py:541} INFO - Filling up the DagBag from /home/airflow/.local/lib/python3.7/site-packages/airflow/example_dags/example_bash_operator.py
[2023-07-23T00:25:23.729+0000] {processor.py:836} INFO - DAG(s) dict_keys(['example_bash_operator']) retrieved from /home/airflow/.local/lib/python3.7/site-packages/airflow/example_dags/example_bash_operator.py
[2023-07-23T00:25:23.777+0000] {logging_mixin.py:150} INFO - [2023-07-23T00:25:23.777+0000] {dag.py:2742} INFO - Sync 1 DAGs
[2023-07-23T00:25:23.799+0000] {logging_mixin.py:150} INFO - [2023-07-23T00:25:23.799+0000] {dag.py:3508} INFO - Setting next_dagrun for example_bash_operator to 2023-07-22T00:00:00+00:00, run_after=2023-07-23T00:00:00+00:00
[2023-07-23T00:25:23.818+0000] {processor.py:179} INFO - Processing /home/airflow/.local/lib/python3.7/site-packages/airflow/example_dags/example_bash_operator.py took 0.115 seconds
[2023-07-23T00:25:54.597+0000] {processor.py:157} INFO - Started process (PID=4612) to work on /home/airflow/.local/lib/python3.7/site-packages/airflow/example_dags/example_bash_operator.py
[2023-07-23T00:25:54.599+0000] {processor.py:826} INFO - Processing file /home/airflow/.local/lib/python3.7/site-packages/airflow/example_dags/example_bash_operator.py for tasks to queue
[2023-07-23T00:25:54.600+0000] {logging_mixin.py:150} INFO - [2023-07-23T00:25:54.599+0000] {dagbag.py:541} INFO - Filling up the DagBag from /home/airflow/.local/lib/python3.7/site-packages/airflow/example_dags/example_bash_operator.py
[2023-07-23T00:25:54.615+0000] {processor.py:836} INFO - DAG(s) dict_keys(['example_bash_operator']) retrieved from /home/airflow/.local/lib/python3.7/site-packages/airflow/example_dags/example_bash_operator.py
[2023-07-23T00:25:54.645+0000] {logging_mixin.py:150} INFO - [2023-07-23T00:25:54.645+0000] {dag.py:2742} INFO - Sync 1 DAGs
[2023-07-23T00:25:54.768+0000] {logging_mixin.py:150} INFO - [2023-07-23T00:25:54.768+0000] {dag.py:3508} INFO - Setting next_dagrun for example_bash_operator to 2023-07-22T00:00:00+00:00, run_after=2023-07-23T00:00:00+00:00
[2023-07-23T00:25:54.782+0000] {processor.py:179} INFO - Processing /home/airflow/.local/lib/python3.7/site-packages/airflow/example_dags/example_bash_operator.py took 0.189 seconds
[2023-07-23T00:26:24.843+0000] {processor.py:157} INFO - Started process (PID=4675) to work on /home/airflow/.local/lib/python3.7/site-packages/airflow/example_dags/example_bash_operator.py
[2023-07-23T00:26:24.844+0000] {processor.py:826} INFO - Processing file /home/airflow/.local/lib/python3.7/site-packages/airflow/example_dags/example_bash_operator.py for tasks to queue
[2023-07-23T00:26:24.845+0000] {logging_mixin.py:150} INFO - [2023-07-23T00:26:24.845+0000] {dagbag.py:541} INFO - Filling up the DagBag from /home/airflow/.local/lib/python3.7/site-packages/airflow/example_dags/example_bash_operator.py
[2023-07-23T00:26:24.856+0000] {processor.py:836} INFO - DAG(s) dict_keys(['example_bash_operator']) retrieved from /home/airflow/.local/lib/python3.7/site-packages/airflow/example_dags/example_bash_operator.py
[2023-07-23T00:26:24.883+0000] {logging_mixin.py:150} INFO - [2023-07-23T00:26:24.883+0000] {dag.py:2742} INFO - Sync 1 DAGs
[2023-07-23T00:26:24.902+0000] {logging_mixin.py:150} INFO - [2023-07-23T00:26:24.901+0000] {dag.py:3508} INFO - Setting next_dagrun for example_bash_operator to 2023-07-22T00:00:00+00:00, run_after=2023-07-23T00:00:00+00:00
[2023-07-23T00:26:24.994+0000] {processor.py:179} INFO - Processing /home/airflow/.local/lib/python3.7/site-packages/airflow/example_dags/example_bash_operator.py took 0.155 seconds
[2023-07-23T00:26:55.316+0000] {processor.py:157} INFO - Started process (PID=4738) to work on /home/airflow/.local/lib/python3.7/site-packages/airflow/example_dags/example_bash_operator.py
[2023-07-23T00:26:55.317+0000] {processor.py:826} INFO - Processing file /home/airflow/.local/lib/python3.7/site-packages/airflow/example_dags/example_bash_operator.py for tasks to queue
[2023-07-23T00:26:55.317+0000] {logging_mixin.py:150} INFO - [2023-07-23T00:26:55.317+0000] {dagbag.py:541} INFO - Filling up the DagBag from /home/airflow/.local/lib/python3.7/site-packages/airflow/example_dags/example_bash_operator.py
[2023-07-23T00:26:55.327+0000] {processor.py:836} INFO - DAG(s) dict_keys(['example_bash_operator']) retrieved from /home/airflow/.local/lib/python3.7/site-packages/airflow/example_dags/example_bash_operator.py
[2023-07-23T00:26:55.351+0000] {logging_mixin.py:150} INFO - [2023-07-23T00:26:55.351+0000] {dag.py:2742} INFO - Sync 1 DAGs
[2023-07-23T00:26:55.367+0000] {logging_mixin.py:150} INFO - [2023-07-23T00:26:55.367+0000] {dag.py:3508} INFO - Setting next_dagrun for example_bash_operator to 2023-07-22T00:00:00+00:00, run_after=2023-07-23T00:00:00+00:00
[2023-07-23T00:26:55.379+0000] {processor.py:179} INFO - Processing /home/airflow/.local/lib/python3.7/site-packages/airflow/example_dags/example_bash_operator.py took 0.066 seconds
[2023-07-23T00:27:26.538+0000] {processor.py:157} INFO - Started process (PID=4801) to work on /home/airflow/.local/lib/python3.7/site-packages/airflow/example_dags/example_bash_operator.py
[2023-07-23T00:27:26.540+0000] {processor.py:826} INFO - Processing file /home/airflow/.local/lib/python3.7/site-packages/airflow/example_dags/example_bash_operator.py for tasks to queue
[2023-07-23T00:27:26.542+0000] {logging_mixin.py:150} INFO - [2023-07-23T00:27:26.541+0000] {dagbag.py:541} INFO - Filling up the DagBag from /home/airflow/.local/lib/python3.7/site-packages/airflow/example_dags/example_bash_operator.py
[2023-07-23T00:27:26.558+0000] {processor.py:836} INFO - DAG(s) dict_keys(['example_bash_operator']) retrieved from /home/airflow/.local/lib/python3.7/site-packages/airflow/example_dags/example_bash_operator.py
[2023-07-23T00:27:26.653+0000] {logging_mixin.py:150} INFO - [2023-07-23T00:27:26.653+0000] {dag.py:2742} INFO - Sync 1 DAGs
[2023-07-23T00:27:27.014+0000] {logging_mixin.py:150} INFO - [2023-07-23T00:27:27.014+0000] {dag.py:3508} INFO - Setting next_dagrun for example_bash_operator to 2023-07-22T00:00:00+00:00, run_after=2023-07-23T00:00:00+00:00
[2023-07-23T00:27:27.028+0000] {processor.py:179} INFO - Processing /home/airflow/.local/lib/python3.7/site-packages/airflow/example_dags/example_bash_operator.py took 0.496 seconds
[2023-07-23T00:27:57.721+0000] {processor.py:157} INFO - Started process (PID=4864) to work on /home/airflow/.local/lib/python3.7/site-packages/airflow/example_dags/example_bash_operator.py
[2023-07-23T00:27:57.722+0000] {processor.py:826} INFO - Processing file /home/airflow/.local/lib/python3.7/site-packages/airflow/example_dags/example_bash_operator.py for tasks to queue
[2023-07-23T00:27:57.724+0000] {logging_mixin.py:150} INFO - [2023-07-23T00:27:57.723+0000] {dagbag.py:541} INFO - Filling up the DagBag from /home/airflow/.local/lib/python3.7/site-packages/airflow/example_dags/example_bash_operator.py
[2023-07-23T00:27:57.737+0000] {processor.py:836} INFO - DAG(s) dict_keys(['example_bash_operator']) retrieved from /home/airflow/.local/lib/python3.7/site-packages/airflow/example_dags/example_bash_operator.py
[2023-07-23T00:27:57.765+0000] {logging_mixin.py:150} INFO - [2023-07-23T00:27:57.765+0000] {dag.py:2742} INFO - Sync 1 DAGs
[2023-07-23T00:27:57.782+0000] {logging_mixin.py:150} INFO - [2023-07-23T00:27:57.782+0000] {dag.py:3508} INFO - Setting next_dagrun for example_bash_operator to 2023-07-22T00:00:00+00:00, run_after=2023-07-23T00:00:00+00:00
[2023-07-23T00:27:57.940+0000] {processor.py:179} INFO - Processing /home/airflow/.local/lib/python3.7/site-packages/airflow/example_dags/example_bash_operator.py took 0.224 seconds
