[2023-07-23T00:00:03.535+0000] {processor.py:157} INFO - Started process (PID=1405) to work on /home/airflow/.local/lib/python3.7/site-packages/airflow/example_dags/example_latest_only_with_trigger.py
[2023-07-23T00:00:03.542+0000] {processor.py:826} INFO - Processing file /home/airflow/.local/lib/python3.7/site-packages/airflow/example_dags/example_latest_only_with_trigger.py for tasks to queue
[2023-07-23T00:00:03.571+0000] {logging_mixin.py:150} INFO - [2023-07-23T00:00:03.570+0000] {dagbag.py:541} INFO - Filling up the DagBag from /home/airflow/.local/lib/python3.7/site-packages/airflow/example_dags/example_latest_only_with_trigger.py
[2023-07-23T00:00:03.699+0000] {processor.py:836} INFO - DAG(s) dict_keys(['latest_only_with_trigger']) retrieved from /home/airflow/.local/lib/python3.7/site-packages/airflow/example_dags/example_latest_only_with_trigger.py
[2023-07-23T00:00:03.898+0000] {logging_mixin.py:150} INFO - [2023-07-23T00:00:03.897+0000] {dag.py:2742} INFO - Sync 1 DAGs
[2023-07-23T00:00:03.990+0000] {logging_mixin.py:150} INFO - [2023-07-23T00:00:03.990+0000] {dag.py:3508} INFO - Setting next_dagrun for latest_only_with_trigger to 2023-07-22T20:00:03.989368+00:00, run_after=2023-07-23T00:00:03.989368+00:00
[2023-07-23T00:00:04.166+0000] {processor.py:179} INFO - Processing /home/airflow/.local/lib/python3.7/site-packages/airflow/example_dags/example_latest_only_with_trigger.py took 0.658 seconds
[2023-07-23T00:00:34.734+0000] {processor.py:157} INFO - Started process (PID=1471) to work on /home/airflow/.local/lib/python3.7/site-packages/airflow/example_dags/example_latest_only_with_trigger.py
[2023-07-23T00:00:34.735+0000] {processor.py:826} INFO - Processing file /home/airflow/.local/lib/python3.7/site-packages/airflow/example_dags/example_latest_only_with_trigger.py for tasks to queue
[2023-07-23T00:00:34.737+0000] {logging_mixin.py:150} INFO - [2023-07-23T00:00:34.736+0000] {dagbag.py:541} INFO - Filling up the DagBag from /home/airflow/.local/lib/python3.7/site-packages/airflow/example_dags/example_latest_only_with_trigger.py
[2023-07-23T00:00:34.744+0000] {processor.py:836} INFO - DAG(s) dict_keys(['latest_only_with_trigger']) retrieved from /home/airflow/.local/lib/python3.7/site-packages/airflow/example_dags/example_latest_only_with_trigger.py
[2023-07-23T00:00:34.772+0000] {logging_mixin.py:150} INFO - [2023-07-23T00:00:34.772+0000] {dag.py:2742} INFO - Sync 1 DAGs
[2023-07-23T00:00:34.791+0000] {logging_mixin.py:150} INFO - [2023-07-23T00:00:34.791+0000] {dag.py:3508} INFO - Setting next_dagrun for latest_only_with_trigger to 2023-07-22T20:00:34.791235+00:00, run_after=2023-07-23T00:00:34.791235+00:00
[2023-07-23T00:00:34.803+0000] {processor.py:179} INFO - Processing /home/airflow/.local/lib/python3.7/site-packages/airflow/example_dags/example_latest_only_with_trigger.py took 0.073 seconds
[2023-07-23T00:01:05.405+0000] {processor.py:157} INFO - Started process (PID=1542) to work on /home/airflow/.local/lib/python3.7/site-packages/airflow/example_dags/example_latest_only_with_trigger.py
[2023-07-23T00:01:05.406+0000] {processor.py:826} INFO - Processing file /home/airflow/.local/lib/python3.7/site-packages/airflow/example_dags/example_latest_only_with_trigger.py for tasks to queue
[2023-07-23T00:01:05.407+0000] {logging_mixin.py:150} INFO - [2023-07-23T00:01:05.406+0000] {dagbag.py:541} INFO - Filling up the DagBag from /home/airflow/.local/lib/python3.7/site-packages/airflow/example_dags/example_latest_only_with_trigger.py
[2023-07-23T00:01:05.412+0000] {processor.py:836} INFO - DAG(s) dict_keys(['latest_only_with_trigger']) retrieved from /home/airflow/.local/lib/python3.7/site-packages/airflow/example_dags/example_latest_only_with_trigger.py
[2023-07-23T00:01:05.435+0000] {logging_mixin.py:150} INFO - [2023-07-23T00:01:05.435+0000] {dag.py:2742} INFO - Sync 1 DAGs
[2023-07-23T00:01:05.452+0000] {logging_mixin.py:150} INFO - [2023-07-23T00:01:05.452+0000] {dag.py:3508} INFO - Setting next_dagrun for latest_only_with_trigger to 2023-07-22T20:01:05.452367+00:00, run_after=2023-07-23T00:01:05.452367+00:00
[2023-07-23T00:01:05.467+0000] {processor.py:179} INFO - Processing /home/airflow/.local/lib/python3.7/site-packages/airflow/example_dags/example_latest_only_with_trigger.py took 0.066 seconds
[2023-07-23T00:01:35.763+0000] {processor.py:157} INFO - Started process (PID=1605) to work on /home/airflow/.local/lib/python3.7/site-packages/airflow/example_dags/example_latest_only_with_trigger.py
[2023-07-23T00:01:35.765+0000] {processor.py:826} INFO - Processing file /home/airflow/.local/lib/python3.7/site-packages/airflow/example_dags/example_latest_only_with_trigger.py for tasks to queue
[2023-07-23T00:01:35.766+0000] {logging_mixin.py:150} INFO - [2023-07-23T00:01:35.766+0000] {dagbag.py:541} INFO - Filling up the DagBag from /home/airflow/.local/lib/python3.7/site-packages/airflow/example_dags/example_latest_only_with_trigger.py
[2023-07-23T00:01:35.783+0000] {processor.py:836} INFO - DAG(s) dict_keys(['latest_only_with_trigger']) retrieved from /home/airflow/.local/lib/python3.7/site-packages/airflow/example_dags/example_latest_only_with_trigger.py
[2023-07-23T00:01:35.843+0000] {logging_mixin.py:150} INFO - [2023-07-23T00:01:35.843+0000] {dag.py:2742} INFO - Sync 1 DAGs
[2023-07-23T00:01:35.880+0000] {logging_mixin.py:150} INFO - [2023-07-23T00:01:35.879+0000] {dag.py:3508} INFO - Setting next_dagrun for latest_only_with_trigger to 2023-07-22T20:01:35.879320+00:00, run_after=2023-07-23T00:01:35.879320+00:00
[2023-07-23T00:01:35.907+0000] {processor.py:179} INFO - Processing /home/airflow/.local/lib/python3.7/site-packages/airflow/example_dags/example_latest_only_with_trigger.py took 0.149 seconds
[2023-07-23T00:02:06.377+0000] {processor.py:157} INFO - Started process (PID=1669) to work on /home/airflow/.local/lib/python3.7/site-packages/airflow/example_dags/example_latest_only_with_trigger.py
[2023-07-23T00:02:06.379+0000] {processor.py:826} INFO - Processing file /home/airflow/.local/lib/python3.7/site-packages/airflow/example_dags/example_latest_only_with_trigger.py for tasks to queue
[2023-07-23T00:02:06.381+0000] {logging_mixin.py:150} INFO - [2023-07-23T00:02:06.381+0000] {dagbag.py:541} INFO - Filling up the DagBag from /home/airflow/.local/lib/python3.7/site-packages/airflow/example_dags/example_latest_only_with_trigger.py
[2023-07-23T00:02:06.392+0000] {processor.py:836} INFO - DAG(s) dict_keys(['latest_only_with_trigger']) retrieved from /home/airflow/.local/lib/python3.7/site-packages/airflow/example_dags/example_latest_only_with_trigger.py
[2023-07-23T00:02:06.431+0000] {logging_mixin.py:150} INFO - [2023-07-23T00:02:06.431+0000] {dag.py:2742} INFO - Sync 1 DAGs
[2023-07-23T00:02:06.456+0000] {logging_mixin.py:150} INFO - [2023-07-23T00:02:06.456+0000] {dag.py:3508} INFO - Setting next_dagrun for latest_only_with_trigger to 2023-07-22T20:02:06.455847+00:00, run_after=2023-07-23T00:02:06.455847+00:00
[2023-07-23T00:02:06.469+0000] {processor.py:179} INFO - Processing /home/airflow/.local/lib/python3.7/site-packages/airflow/example_dags/example_latest_only_with_trigger.py took 0.097 seconds
[2023-07-23T00:02:37.006+0000] {processor.py:157} INFO - Started process (PID=1736) to work on /home/airflow/.local/lib/python3.7/site-packages/airflow/example_dags/example_latest_only_with_trigger.py
[2023-07-23T00:02:37.008+0000] {processor.py:826} INFO - Processing file /home/airflow/.local/lib/python3.7/site-packages/airflow/example_dags/example_latest_only_with_trigger.py for tasks to queue
[2023-07-23T00:02:37.010+0000] {logging_mixin.py:150} INFO - [2023-07-23T00:02:37.009+0000] {dagbag.py:541} INFO - Filling up the DagBag from /home/airflow/.local/lib/python3.7/site-packages/airflow/example_dags/example_latest_only_with_trigger.py
[2023-07-23T00:02:37.021+0000] {processor.py:836} INFO - DAG(s) dict_keys(['latest_only_with_trigger']) retrieved from /home/airflow/.local/lib/python3.7/site-packages/airflow/example_dags/example_latest_only_with_trigger.py
[2023-07-23T00:02:37.077+0000] {logging_mixin.py:150} INFO - [2023-07-23T00:02:37.077+0000] {dag.py:2742} INFO - Sync 1 DAGs
[2023-07-23T00:02:37.105+0000] {logging_mixin.py:150} INFO - [2023-07-23T00:02:37.105+0000] {dag.py:3508} INFO - Setting next_dagrun for latest_only_with_trigger to 2023-07-22T20:02:37.105471+00:00, run_after=2023-07-23T00:02:37.105471+00:00
[2023-07-23T00:02:37.120+0000] {processor.py:179} INFO - Processing /home/airflow/.local/lib/python3.7/site-packages/airflow/example_dags/example_latest_only_with_trigger.py took 0.119 seconds
[2023-07-23T00:03:07.450+0000] {processor.py:157} INFO - Started process (PID=1800) to work on /home/airflow/.local/lib/python3.7/site-packages/airflow/example_dags/example_latest_only_with_trigger.py
[2023-07-23T00:03:07.454+0000] {processor.py:826} INFO - Processing file /home/airflow/.local/lib/python3.7/site-packages/airflow/example_dags/example_latest_only_with_trigger.py for tasks to queue
[2023-07-23T00:03:07.455+0000] {logging_mixin.py:150} INFO - [2023-07-23T00:03:07.455+0000] {dagbag.py:541} INFO - Filling up the DagBag from /home/airflow/.local/lib/python3.7/site-packages/airflow/example_dags/example_latest_only_with_trigger.py
[2023-07-23T00:03:07.482+0000] {processor.py:836} INFO - DAG(s) dict_keys(['latest_only_with_trigger']) retrieved from /home/airflow/.local/lib/python3.7/site-packages/airflow/example_dags/example_latest_only_with_trigger.py
[2023-07-23T00:03:07.518+0000] {logging_mixin.py:150} INFO - [2023-07-23T00:03:07.517+0000] {dag.py:2742} INFO - Sync 1 DAGs
[2023-07-23T00:03:07.612+0000] {logging_mixin.py:150} INFO - [2023-07-23T00:03:07.610+0000] {dag.py:3508} INFO - Setting next_dagrun for latest_only_with_trigger to 2023-07-22T20:03:07.609779+00:00, run_after=2023-07-23T00:03:07.609779+00:00
[2023-07-23T00:03:07.649+0000] {processor.py:179} INFO - Processing /home/airflow/.local/lib/python3.7/site-packages/airflow/example_dags/example_latest_only_with_trigger.py took 0.203 seconds
[2023-07-23T00:03:38.239+0000] {processor.py:157} INFO - Started process (PID=1863) to work on /home/airflow/.local/lib/python3.7/site-packages/airflow/example_dags/example_latest_only_with_trigger.py
[2023-07-23T00:03:38.241+0000] {processor.py:826} INFO - Processing file /home/airflow/.local/lib/python3.7/site-packages/airflow/example_dags/example_latest_only_with_trigger.py for tasks to queue
[2023-07-23T00:03:38.242+0000] {logging_mixin.py:150} INFO - [2023-07-23T00:03:38.241+0000] {dagbag.py:541} INFO - Filling up the DagBag from /home/airflow/.local/lib/python3.7/site-packages/airflow/example_dags/example_latest_only_with_trigger.py
[2023-07-23T00:03:38.250+0000] {processor.py:836} INFO - DAG(s) dict_keys(['latest_only_with_trigger']) retrieved from /home/airflow/.local/lib/python3.7/site-packages/airflow/example_dags/example_latest_only_with_trigger.py
[2023-07-23T00:03:38.284+0000] {logging_mixin.py:150} INFO - [2023-07-23T00:03:38.284+0000] {dag.py:2742} INFO - Sync 1 DAGs
[2023-07-23T00:03:38.318+0000] {logging_mixin.py:150} INFO - [2023-07-23T00:03:38.317+0000] {dag.py:3508} INFO - Setting next_dagrun for latest_only_with_trigger to 2023-07-22T20:03:38.317064+00:00, run_after=2023-07-23T00:03:38.317064+00:00
[2023-07-23T00:03:38.338+0000] {processor.py:179} INFO - Processing /home/airflow/.local/lib/python3.7/site-packages/airflow/example_dags/example_latest_only_with_trigger.py took 0.104 seconds
[2023-07-23T00:04:08.846+0000] {processor.py:157} INFO - Started process (PID=1927) to work on /home/airflow/.local/lib/python3.7/site-packages/airflow/example_dags/example_latest_only_with_trigger.py
[2023-07-23T00:04:08.848+0000] {processor.py:826} INFO - Processing file /home/airflow/.local/lib/python3.7/site-packages/airflow/example_dags/example_latest_only_with_trigger.py for tasks to queue
[2023-07-23T00:04:08.850+0000] {logging_mixin.py:150} INFO - [2023-07-23T00:04:08.849+0000] {dagbag.py:541} INFO - Filling up the DagBag from /home/airflow/.local/lib/python3.7/site-packages/airflow/example_dags/example_latest_only_with_trigger.py
[2023-07-23T00:04:08.857+0000] {processor.py:836} INFO - DAG(s) dict_keys(['latest_only_with_trigger']) retrieved from /home/airflow/.local/lib/python3.7/site-packages/airflow/example_dags/example_latest_only_with_trigger.py
[2023-07-23T00:04:08.890+0000] {logging_mixin.py:150} INFO - [2023-07-23T00:04:08.889+0000] {dag.py:2742} INFO - Sync 1 DAGs
[2023-07-23T00:04:08.912+0000] {logging_mixin.py:150} INFO - [2023-07-23T00:04:08.912+0000] {dag.py:3508} INFO - Setting next_dagrun for latest_only_with_trigger to 2023-07-22T20:04:08.912180+00:00, run_after=2023-07-23T00:04:08.912180+00:00
[2023-07-23T00:04:08.926+0000] {processor.py:179} INFO - Processing /home/airflow/.local/lib/python3.7/site-packages/airflow/example_dags/example_latest_only_with_trigger.py took 0.086 seconds
[2023-07-23T00:04:39.027+0000] {processor.py:157} INFO - Started process (PID=1989) to work on /home/airflow/.local/lib/python3.7/site-packages/airflow/example_dags/example_latest_only_with_trigger.py
[2023-07-23T00:04:39.028+0000] {processor.py:826} INFO - Processing file /home/airflow/.local/lib/python3.7/site-packages/airflow/example_dags/example_latest_only_with_trigger.py for tasks to queue
[2023-07-23T00:04:39.029+0000] {logging_mixin.py:150} INFO - [2023-07-23T00:04:39.029+0000] {dagbag.py:541} INFO - Filling up the DagBag from /home/airflow/.local/lib/python3.7/site-packages/airflow/example_dags/example_latest_only_with_trigger.py
[2023-07-23T00:04:39.034+0000] {processor.py:836} INFO - DAG(s) dict_keys(['latest_only_with_trigger']) retrieved from /home/airflow/.local/lib/python3.7/site-packages/airflow/example_dags/example_latest_only_with_trigger.py
[2023-07-23T00:04:39.052+0000] {logging_mixin.py:150} INFO - [2023-07-23T00:04:39.051+0000] {dag.py:2742} INFO - Sync 1 DAGs
[2023-07-23T00:04:39.066+0000] {logging_mixin.py:150} INFO - [2023-07-23T00:04:39.066+0000] {dag.py:3508} INFO - Setting next_dagrun for latest_only_with_trigger to 2023-07-22T20:04:39.066111+00:00, run_after=2023-07-23T00:04:39.066111+00:00
[2023-07-23T00:04:39.076+0000] {processor.py:179} INFO - Processing /home/airflow/.local/lib/python3.7/site-packages/airflow/example_dags/example_latest_only_with_trigger.py took 0.052 seconds
[2023-07-23T00:05:09.577+0000] {processor.py:157} INFO - Started process (PID=2047) to work on /home/airflow/.local/lib/python3.7/site-packages/airflow/example_dags/example_latest_only_with_trigger.py
[2023-07-23T00:05:09.579+0000] {processor.py:826} INFO - Processing file /home/airflow/.local/lib/python3.7/site-packages/airflow/example_dags/example_latest_only_with_trigger.py for tasks to queue
[2023-07-23T00:05:09.580+0000] {logging_mixin.py:150} INFO - [2023-07-23T00:05:09.580+0000] {dagbag.py:541} INFO - Filling up the DagBag from /home/airflow/.local/lib/python3.7/site-packages/airflow/example_dags/example_latest_only_with_trigger.py
[2023-07-23T00:05:09.586+0000] {processor.py:836} INFO - DAG(s) dict_keys(['latest_only_with_trigger']) retrieved from /home/airflow/.local/lib/python3.7/site-packages/airflow/example_dags/example_latest_only_with_trigger.py
[2023-07-23T00:05:09.608+0000] {logging_mixin.py:150} INFO - [2023-07-23T00:05:09.608+0000] {dag.py:2742} INFO - Sync 1 DAGs
[2023-07-23T00:05:09.633+0000] {logging_mixin.py:150} INFO - [2023-07-23T00:05:09.633+0000] {dag.py:3508} INFO - Setting next_dagrun for latest_only_with_trigger to 2023-07-22T20:05:09.633113+00:00, run_after=2023-07-23T00:05:09.633113+00:00
[2023-07-23T00:05:09.700+0000] {processor.py:179} INFO - Processing /home/airflow/.local/lib/python3.7/site-packages/airflow/example_dags/example_latest_only_with_trigger.py took 0.126 seconds
[2023-07-23T00:05:39.892+0000] {processor.py:157} INFO - Started process (PID=2110) to work on /home/airflow/.local/lib/python3.7/site-packages/airflow/example_dags/example_latest_only_with_trigger.py
[2023-07-23T00:05:39.893+0000] {processor.py:826} INFO - Processing file /home/airflow/.local/lib/python3.7/site-packages/airflow/example_dags/example_latest_only_with_trigger.py for tasks to queue
[2023-07-23T00:05:39.894+0000] {logging_mixin.py:150} INFO - [2023-07-23T00:05:39.894+0000] {dagbag.py:541} INFO - Filling up the DagBag from /home/airflow/.local/lib/python3.7/site-packages/airflow/example_dags/example_latest_only_with_trigger.py
[2023-07-23T00:05:39.900+0000] {processor.py:836} INFO - DAG(s) dict_keys(['latest_only_with_trigger']) retrieved from /home/airflow/.local/lib/python3.7/site-packages/airflow/example_dags/example_latest_only_with_trigger.py
[2023-07-23T00:05:39.919+0000] {logging_mixin.py:150} INFO - [2023-07-23T00:05:39.919+0000] {dag.py:2742} INFO - Sync 1 DAGs
[2023-07-23T00:05:39.935+0000] {logging_mixin.py:150} INFO - [2023-07-23T00:05:39.934+0000] {dag.py:3508} INFO - Setting next_dagrun for latest_only_with_trigger to 2023-07-22T20:05:39.934784+00:00, run_after=2023-07-23T00:05:39.934784+00:00
[2023-07-23T00:05:39.946+0000] {processor.py:179} INFO - Processing /home/airflow/.local/lib/python3.7/site-packages/airflow/example_dags/example_latest_only_with_trigger.py took 0.057 seconds
[2023-07-23T00:06:10.875+0000] {processor.py:157} INFO - Started process (PID=2173) to work on /home/airflow/.local/lib/python3.7/site-packages/airflow/example_dags/example_latest_only_with_trigger.py
[2023-07-23T00:06:10.878+0000] {processor.py:826} INFO - Processing file /home/airflow/.local/lib/python3.7/site-packages/airflow/example_dags/example_latest_only_with_trigger.py for tasks to queue
[2023-07-23T00:06:10.881+0000] {logging_mixin.py:150} INFO - [2023-07-23T00:06:10.880+0000] {dagbag.py:541} INFO - Filling up the DagBag from /home/airflow/.local/lib/python3.7/site-packages/airflow/example_dags/example_latest_only_with_trigger.py
[2023-07-23T00:06:10.889+0000] {processor.py:836} INFO - DAG(s) dict_keys(['latest_only_with_trigger']) retrieved from /home/airflow/.local/lib/python3.7/site-packages/airflow/example_dags/example_latest_only_with_trigger.py
[2023-07-23T00:06:10.917+0000] {logging_mixin.py:150} INFO - [2023-07-23T00:06:10.917+0000] {dag.py:2742} INFO - Sync 1 DAGs
[2023-07-23T00:06:10.940+0000] {logging_mixin.py:150} INFO - [2023-07-23T00:06:10.940+0000] {dag.py:3508} INFO - Setting next_dagrun for latest_only_with_trigger to 2023-07-22T20:06:10.940549+00:00, run_after=2023-07-23T00:06:10.940549+00:00
[2023-07-23T00:06:10.956+0000] {processor.py:179} INFO - Processing /home/airflow/.local/lib/python3.7/site-packages/airflow/example_dags/example_latest_only_with_trigger.py took 0.086 seconds
[2023-07-23T00:06:41.310+0000] {processor.py:157} INFO - Started process (PID=2236) to work on /home/airflow/.local/lib/python3.7/site-packages/airflow/example_dags/example_latest_only_with_trigger.py
[2023-07-23T00:06:41.312+0000] {processor.py:826} INFO - Processing file /home/airflow/.local/lib/python3.7/site-packages/airflow/example_dags/example_latest_only_with_trigger.py for tasks to queue
[2023-07-23T00:06:41.313+0000] {logging_mixin.py:150} INFO - [2023-07-23T00:06:41.313+0000] {dagbag.py:541} INFO - Filling up the DagBag from /home/airflow/.local/lib/python3.7/site-packages/airflow/example_dags/example_latest_only_with_trigger.py
[2023-07-23T00:06:41.320+0000] {processor.py:836} INFO - DAG(s) dict_keys(['latest_only_with_trigger']) retrieved from /home/airflow/.local/lib/python3.7/site-packages/airflow/example_dags/example_latest_only_with_trigger.py
[2023-07-23T00:06:41.339+0000] {logging_mixin.py:150} INFO - [2023-07-23T00:06:41.339+0000] {dag.py:2742} INFO - Sync 1 DAGs
[2023-07-23T00:06:41.354+0000] {logging_mixin.py:150} INFO - [2023-07-23T00:06:41.354+0000] {dag.py:3508} INFO - Setting next_dagrun for latest_only_with_trigger to 2023-07-22T20:06:41.354406+00:00, run_after=2023-07-23T00:06:41.354406+00:00
[2023-07-23T00:06:41.366+0000] {processor.py:179} INFO - Processing /home/airflow/.local/lib/python3.7/site-packages/airflow/example_dags/example_latest_only_with_trigger.py took 0.068 seconds
[2023-07-23T00:07:11.601+0000] {processor.py:157} INFO - Started process (PID=2299) to work on /home/airflow/.local/lib/python3.7/site-packages/airflow/example_dags/example_latest_only_with_trigger.py
[2023-07-23T00:07:11.602+0000] {processor.py:826} INFO - Processing file /home/airflow/.local/lib/python3.7/site-packages/airflow/example_dags/example_latest_only_with_trigger.py for tasks to queue
[2023-07-23T00:07:11.602+0000] {logging_mixin.py:150} INFO - [2023-07-23T00:07:11.602+0000] {dagbag.py:541} INFO - Filling up the DagBag from /home/airflow/.local/lib/python3.7/site-packages/airflow/example_dags/example_latest_only_with_trigger.py
[2023-07-23T00:07:11.608+0000] {processor.py:836} INFO - DAG(s) dict_keys(['latest_only_with_trigger']) retrieved from /home/airflow/.local/lib/python3.7/site-packages/airflow/example_dags/example_latest_only_with_trigger.py
[2023-07-23T00:07:11.626+0000] {logging_mixin.py:150} INFO - [2023-07-23T00:07:11.626+0000] {dag.py:2742} INFO - Sync 1 DAGs
[2023-07-23T00:07:11.641+0000] {logging_mixin.py:150} INFO - [2023-07-23T00:07:11.641+0000] {dag.py:3508} INFO - Setting next_dagrun for latest_only_with_trigger to 2023-07-22T20:07:11.641559+00:00, run_after=2023-07-23T00:07:11.641559+00:00
[2023-07-23T00:07:11.653+0000] {processor.py:179} INFO - Processing /home/airflow/.local/lib/python3.7/site-packages/airflow/example_dags/example_latest_only_with_trigger.py took 0.054 seconds
[2023-07-23T00:07:42.132+0000] {processor.py:157} INFO - Started process (PID=2363) to work on /home/airflow/.local/lib/python3.7/site-packages/airflow/example_dags/example_latest_only_with_trigger.py
[2023-07-23T00:07:42.133+0000] {processor.py:826} INFO - Processing file /home/airflow/.local/lib/python3.7/site-packages/airflow/example_dags/example_latest_only_with_trigger.py for tasks to queue
[2023-07-23T00:07:42.134+0000] {logging_mixin.py:150} INFO - [2023-07-23T00:07:42.134+0000] {dagbag.py:541} INFO - Filling up the DagBag from /home/airflow/.local/lib/python3.7/site-packages/airflow/example_dags/example_latest_only_with_trigger.py
[2023-07-23T00:07:42.141+0000] {processor.py:836} INFO - DAG(s) dict_keys(['latest_only_with_trigger']) retrieved from /home/airflow/.local/lib/python3.7/site-packages/airflow/example_dags/example_latest_only_with_trigger.py
[2023-07-23T00:07:42.160+0000] {logging_mixin.py:150} INFO - [2023-07-23T00:07:42.160+0000] {dag.py:2742} INFO - Sync 1 DAGs
[2023-07-23T00:07:42.175+0000] {logging_mixin.py:150} INFO - [2023-07-23T00:07:42.175+0000] {dag.py:3508} INFO - Setting next_dagrun for latest_only_with_trigger to 2023-07-22T20:07:42.174945+00:00, run_after=2023-07-23T00:07:42.174945+00:00
[2023-07-23T00:07:42.185+0000] {processor.py:179} INFO - Processing /home/airflow/.local/lib/python3.7/site-packages/airflow/example_dags/example_latest_only_with_trigger.py took 0.056 seconds
[2023-07-23T00:08:12.447+0000] {processor.py:157} INFO - Started process (PID=2429) to work on /home/airflow/.local/lib/python3.7/site-packages/airflow/example_dags/example_latest_only_with_trigger.py
[2023-07-23T00:08:12.448+0000] {processor.py:826} INFO - Processing file /home/airflow/.local/lib/python3.7/site-packages/airflow/example_dags/example_latest_only_with_trigger.py for tasks to queue
[2023-07-23T00:08:12.449+0000] {logging_mixin.py:150} INFO - [2023-07-23T00:08:12.449+0000] {dagbag.py:541} INFO - Filling up the DagBag from /home/airflow/.local/lib/python3.7/site-packages/airflow/example_dags/example_latest_only_with_trigger.py
[2023-07-23T00:08:12.454+0000] {processor.py:836} INFO - DAG(s) dict_keys(['latest_only_with_trigger']) retrieved from /home/airflow/.local/lib/python3.7/site-packages/airflow/example_dags/example_latest_only_with_trigger.py
[2023-07-23T00:08:12.473+0000] {logging_mixin.py:150} INFO - [2023-07-23T00:08:12.473+0000] {dag.py:2742} INFO - Sync 1 DAGs
[2023-07-23T00:08:12.488+0000] {logging_mixin.py:150} INFO - [2023-07-23T00:08:12.488+0000] {dag.py:3508} INFO - Setting next_dagrun for latest_only_with_trigger to 2023-07-22T20:08:12.488361+00:00, run_after=2023-07-23T00:08:12.488361+00:00
[2023-07-23T00:08:12.506+0000] {processor.py:179} INFO - Processing /home/airflow/.local/lib/python3.7/site-packages/airflow/example_dags/example_latest_only_with_trigger.py took 0.063 seconds
[2023-07-23T00:08:42.866+0000] {processor.py:157} INFO - Started process (PID=2493) to work on /home/airflow/.local/lib/python3.7/site-packages/airflow/example_dags/example_latest_only_with_trigger.py
[2023-07-23T00:08:42.867+0000] {processor.py:826} INFO - Processing file /home/airflow/.local/lib/python3.7/site-packages/airflow/example_dags/example_latest_only_with_trigger.py for tasks to queue
[2023-07-23T00:08:42.868+0000] {logging_mixin.py:150} INFO - [2023-07-23T00:08:42.868+0000] {dagbag.py:541} INFO - Filling up the DagBag from /home/airflow/.local/lib/python3.7/site-packages/airflow/example_dags/example_latest_only_with_trigger.py
[2023-07-23T00:08:42.873+0000] {processor.py:836} INFO - DAG(s) dict_keys(['latest_only_with_trigger']) retrieved from /home/airflow/.local/lib/python3.7/site-packages/airflow/example_dags/example_latest_only_with_trigger.py
[2023-07-23T00:08:42.891+0000] {logging_mixin.py:150} INFO - [2023-07-23T00:08:42.891+0000] {dag.py:2742} INFO - Sync 1 DAGs
[2023-07-23T00:08:42.906+0000] {logging_mixin.py:150} INFO - [2023-07-23T00:08:42.906+0000] {dag.py:3508} INFO - Setting next_dagrun for latest_only_with_trigger to 2023-07-22T20:08:42.906355+00:00, run_after=2023-07-23T00:08:42.906355+00:00
[2023-07-23T00:08:42.917+0000] {processor.py:179} INFO - Processing /home/airflow/.local/lib/python3.7/site-packages/airflow/example_dags/example_latest_only_with_trigger.py took 0.054 seconds
[2023-07-23T00:09:13.685+0000] {processor.py:157} INFO - Started process (PID=2556) to work on /home/airflow/.local/lib/python3.7/site-packages/airflow/example_dags/example_latest_only_with_trigger.py
[2023-07-23T00:09:13.686+0000] {processor.py:826} INFO - Processing file /home/airflow/.local/lib/python3.7/site-packages/airflow/example_dags/example_latest_only_with_trigger.py for tasks to queue
[2023-07-23T00:09:13.687+0000] {logging_mixin.py:150} INFO - [2023-07-23T00:09:13.687+0000] {dagbag.py:541} INFO - Filling up the DagBag from /home/airflow/.local/lib/python3.7/site-packages/airflow/example_dags/example_latest_only_with_trigger.py
[2023-07-23T00:09:13.692+0000] {processor.py:836} INFO - DAG(s) dict_keys(['latest_only_with_trigger']) retrieved from /home/airflow/.local/lib/python3.7/site-packages/airflow/example_dags/example_latest_only_with_trigger.py
[2023-07-23T00:09:13.709+0000] {logging_mixin.py:150} INFO - [2023-07-23T00:09:13.709+0000] {dag.py:2742} INFO - Sync 1 DAGs
[2023-07-23T00:09:13.724+0000] {logging_mixin.py:150} INFO - [2023-07-23T00:09:13.724+0000] {dag.py:3508} INFO - Setting next_dagrun for latest_only_with_trigger to 2023-07-22T20:09:13.724084+00:00, run_after=2023-07-23T00:09:13.724084+00:00
[2023-07-23T00:09:13.734+0000] {processor.py:179} INFO - Processing /home/airflow/.local/lib/python3.7/site-packages/airflow/example_dags/example_latest_only_with_trigger.py took 0.051 seconds
[2023-07-23T00:09:43.928+0000] {processor.py:157} INFO - Started process (PID=2621) to work on /home/airflow/.local/lib/python3.7/site-packages/airflow/example_dags/example_latest_only_with_trigger.py
[2023-07-23T00:09:43.929+0000] {processor.py:826} INFO - Processing file /home/airflow/.local/lib/python3.7/site-packages/airflow/example_dags/example_latest_only_with_trigger.py for tasks to queue
[2023-07-23T00:09:43.930+0000] {logging_mixin.py:150} INFO - [2023-07-23T00:09:43.930+0000] {dagbag.py:541} INFO - Filling up the DagBag from /home/airflow/.local/lib/python3.7/site-packages/airflow/example_dags/example_latest_only_with_trigger.py
[2023-07-23T00:09:43.935+0000] {processor.py:836} INFO - DAG(s) dict_keys(['latest_only_with_trigger']) retrieved from /home/airflow/.local/lib/python3.7/site-packages/airflow/example_dags/example_latest_only_with_trigger.py
[2023-07-23T00:09:43.955+0000] {logging_mixin.py:150} INFO - [2023-07-23T00:09:43.955+0000] {dag.py:2742} INFO - Sync 1 DAGs
[2023-07-23T00:09:43.972+0000] {logging_mixin.py:150} INFO - [2023-07-23T00:09:43.971+0000] {dag.py:3508} INFO - Setting next_dagrun for latest_only_with_trigger to 2023-07-22T20:09:43.971738+00:00, run_after=2023-07-23T00:09:43.971738+00:00
[2023-07-23T00:09:43.981+0000] {processor.py:179} INFO - Processing /home/airflow/.local/lib/python3.7/site-packages/airflow/example_dags/example_latest_only_with_trigger.py took 0.056 seconds
[2023-07-23T00:10:14.177+0000] {processor.py:157} INFO - Started process (PID=2684) to work on /home/airflow/.local/lib/python3.7/site-packages/airflow/example_dags/example_latest_only_with_trigger.py
[2023-07-23T00:10:14.179+0000] {processor.py:826} INFO - Processing file /home/airflow/.local/lib/python3.7/site-packages/airflow/example_dags/example_latest_only_with_trigger.py for tasks to queue
[2023-07-23T00:10:14.180+0000] {logging_mixin.py:150} INFO - [2023-07-23T00:10:14.179+0000] {dagbag.py:541} INFO - Filling up the DagBag from /home/airflow/.local/lib/python3.7/site-packages/airflow/example_dags/example_latest_only_with_trigger.py
[2023-07-23T00:10:14.184+0000] {processor.py:836} INFO - DAG(s) dict_keys(['latest_only_with_trigger']) retrieved from /home/airflow/.local/lib/python3.7/site-packages/airflow/example_dags/example_latest_only_with_trigger.py
[2023-07-23T00:10:14.201+0000] {logging_mixin.py:150} INFO - [2023-07-23T00:10:14.201+0000] {dag.py:2742} INFO - Sync 1 DAGs
[2023-07-23T00:10:14.215+0000] {logging_mixin.py:150} INFO - [2023-07-23T00:10:14.215+0000] {dag.py:3508} INFO - Setting next_dagrun for latest_only_with_trigger to 2023-07-22T20:10:14.215492+00:00, run_after=2023-07-23T00:10:14.215492+00:00
[2023-07-23T00:10:14.225+0000] {processor.py:179} INFO - Processing /home/airflow/.local/lib/python3.7/site-packages/airflow/example_dags/example_latest_only_with_trigger.py took 0.050 seconds
[2023-07-23T00:10:44.407+0000] {processor.py:157} INFO - Started process (PID=2747) to work on /home/airflow/.local/lib/python3.7/site-packages/airflow/example_dags/example_latest_only_with_trigger.py
[2023-07-23T00:10:44.408+0000] {processor.py:826} INFO - Processing file /home/airflow/.local/lib/python3.7/site-packages/airflow/example_dags/example_latest_only_with_trigger.py for tasks to queue
[2023-07-23T00:10:44.409+0000] {logging_mixin.py:150} INFO - [2023-07-23T00:10:44.409+0000] {dagbag.py:541} INFO - Filling up the DagBag from /home/airflow/.local/lib/python3.7/site-packages/airflow/example_dags/example_latest_only_with_trigger.py
[2023-07-23T00:10:44.414+0000] {processor.py:836} INFO - DAG(s) dict_keys(['latest_only_with_trigger']) retrieved from /home/airflow/.local/lib/python3.7/site-packages/airflow/example_dags/example_latest_only_with_trigger.py
[2023-07-23T00:10:44.431+0000] {logging_mixin.py:150} INFO - [2023-07-23T00:10:44.431+0000] {dag.py:2742} INFO - Sync 1 DAGs
[2023-07-23T00:10:44.446+0000] {logging_mixin.py:150} INFO - [2023-07-23T00:10:44.446+0000] {dag.py:3508} INFO - Setting next_dagrun for latest_only_with_trigger to 2023-07-22T20:10:44.446198+00:00, run_after=2023-07-23T00:10:44.446198+00:00
[2023-07-23T00:10:44.457+0000] {processor.py:179} INFO - Processing /home/airflow/.local/lib/python3.7/site-packages/airflow/example_dags/example_latest_only_with_trigger.py took 0.052 seconds
[2023-07-23T00:11:14.823+0000] {processor.py:157} INFO - Started process (PID=2810) to work on /home/airflow/.local/lib/python3.7/site-packages/airflow/example_dags/example_latest_only_with_trigger.py
[2023-07-23T00:11:14.824+0000] {processor.py:826} INFO - Processing file /home/airflow/.local/lib/python3.7/site-packages/airflow/example_dags/example_latest_only_with_trigger.py for tasks to queue
[2023-07-23T00:11:14.825+0000] {logging_mixin.py:150} INFO - [2023-07-23T00:11:14.825+0000] {dagbag.py:541} INFO - Filling up the DagBag from /home/airflow/.local/lib/python3.7/site-packages/airflow/example_dags/example_latest_only_with_trigger.py
[2023-07-23T00:11:14.831+0000] {processor.py:836} INFO - DAG(s) dict_keys(['latest_only_with_trigger']) retrieved from /home/airflow/.local/lib/python3.7/site-packages/airflow/example_dags/example_latest_only_with_trigger.py
[2023-07-23T00:11:14.853+0000] {logging_mixin.py:150} INFO - [2023-07-23T00:11:14.853+0000] {dag.py:2742} INFO - Sync 1 DAGs
[2023-07-23T00:11:14.871+0000] {logging_mixin.py:150} INFO - [2023-07-23T00:11:14.871+0000] {dag.py:3508} INFO - Setting next_dagrun for latest_only_with_trigger to 2023-07-22T20:11:14.871077+00:00, run_after=2023-07-23T00:11:14.871077+00:00
[2023-07-23T00:11:14.888+0000] {processor.py:179} INFO - Processing /home/airflow/.local/lib/python3.7/site-packages/airflow/example_dags/example_latest_only_with_trigger.py took 0.068 seconds
[2023-07-23T00:11:45.266+0000] {processor.py:157} INFO - Started process (PID=2872) to work on /home/airflow/.local/lib/python3.7/site-packages/airflow/example_dags/example_latest_only_with_trigger.py
[2023-07-23T00:11:45.267+0000] {processor.py:826} INFO - Processing file /home/airflow/.local/lib/python3.7/site-packages/airflow/example_dags/example_latest_only_with_trigger.py for tasks to queue
[2023-07-23T00:11:45.268+0000] {logging_mixin.py:150} INFO - [2023-07-23T00:11:45.268+0000] {dagbag.py:541} INFO - Filling up the DagBag from /home/airflow/.local/lib/python3.7/site-packages/airflow/example_dags/example_latest_only_with_trigger.py
[2023-07-23T00:11:45.273+0000] {processor.py:836} INFO - DAG(s) dict_keys(['latest_only_with_trigger']) retrieved from /home/airflow/.local/lib/python3.7/site-packages/airflow/example_dags/example_latest_only_with_trigger.py
[2023-07-23T00:11:45.290+0000] {logging_mixin.py:150} INFO - [2023-07-23T00:11:45.290+0000] {dag.py:2742} INFO - Sync 1 DAGs
[2023-07-23T00:11:45.305+0000] {logging_mixin.py:150} INFO - [2023-07-23T00:11:45.305+0000] {dag.py:3508} INFO - Setting next_dagrun for latest_only_with_trigger to 2023-07-22T20:11:45.305168+00:00, run_after=2023-07-23T00:11:45.305168+00:00
[2023-07-23T00:11:45.316+0000] {processor.py:179} INFO - Processing /home/airflow/.local/lib/python3.7/site-packages/airflow/example_dags/example_latest_only_with_trigger.py took 0.052 seconds
[2023-07-23T00:12:16.481+0000] {processor.py:157} INFO - Started process (PID=2936) to work on /home/airflow/.local/lib/python3.7/site-packages/airflow/example_dags/example_latest_only_with_trigger.py
[2023-07-23T00:12:16.482+0000] {processor.py:826} INFO - Processing file /home/airflow/.local/lib/python3.7/site-packages/airflow/example_dags/example_latest_only_with_trigger.py for tasks to queue
[2023-07-23T00:12:16.483+0000] {logging_mixin.py:150} INFO - [2023-07-23T00:12:16.483+0000] {dagbag.py:541} INFO - Filling up the DagBag from /home/airflow/.local/lib/python3.7/site-packages/airflow/example_dags/example_latest_only_with_trigger.py
[2023-07-23T00:12:16.490+0000] {processor.py:836} INFO - DAG(s) dict_keys(['latest_only_with_trigger']) retrieved from /home/airflow/.local/lib/python3.7/site-packages/airflow/example_dags/example_latest_only_with_trigger.py
[2023-07-23T00:12:16.513+0000] {logging_mixin.py:150} INFO - [2023-07-23T00:12:16.513+0000] {dag.py:2742} INFO - Sync 1 DAGs
[2023-07-23T00:12:16.592+0000] {logging_mixin.py:150} INFO - [2023-07-23T00:12:16.592+0000] {dag.py:3508} INFO - Setting next_dagrun for latest_only_with_trigger to 2023-07-22T20:12:16.591635+00:00, run_after=2023-07-23T00:12:16.591635+00:00
[2023-07-23T00:12:16.618+0000] {processor.py:179} INFO - Processing /home/airflow/.local/lib/python3.7/site-packages/airflow/example_dags/example_latest_only_with_trigger.py took 0.142 seconds
[2023-07-23T00:12:47.174+0000] {processor.py:157} INFO - Started process (PID=3000) to work on /home/airflow/.local/lib/python3.7/site-packages/airflow/example_dags/example_latest_only_with_trigger.py
[2023-07-23T00:12:47.176+0000] {processor.py:826} INFO - Processing file /home/airflow/.local/lib/python3.7/site-packages/airflow/example_dags/example_latest_only_with_trigger.py for tasks to queue
[2023-07-23T00:12:47.177+0000] {logging_mixin.py:150} INFO - [2023-07-23T00:12:47.176+0000] {dagbag.py:541} INFO - Filling up the DagBag from /home/airflow/.local/lib/python3.7/site-packages/airflow/example_dags/example_latest_only_with_trigger.py
[2023-07-23T00:12:47.183+0000] {processor.py:836} INFO - DAG(s) dict_keys(['latest_only_with_trigger']) retrieved from /home/airflow/.local/lib/python3.7/site-packages/airflow/example_dags/example_latest_only_with_trigger.py
[2023-07-23T00:12:47.205+0000] {logging_mixin.py:150} INFO - [2023-07-23T00:12:47.205+0000] {dag.py:2742} INFO - Sync 1 DAGs
[2023-07-23T00:12:47.227+0000] {logging_mixin.py:150} INFO - [2023-07-23T00:12:47.227+0000] {dag.py:3508} INFO - Setting next_dagrun for latest_only_with_trigger to 2023-07-22T20:12:47.226675+00:00, run_after=2023-07-23T00:12:47.226675+00:00
[2023-07-23T00:12:47.246+0000] {processor.py:179} INFO - Processing /home/airflow/.local/lib/python3.7/site-packages/airflow/example_dags/example_latest_only_with_trigger.py took 0.077 seconds
[2023-07-23T00:13:17.961+0000] {processor.py:157} INFO - Started process (PID=3063) to work on /home/airflow/.local/lib/python3.7/site-packages/airflow/example_dags/example_latest_only_with_trigger.py
[2023-07-23T00:13:17.964+0000] {processor.py:826} INFO - Processing file /home/airflow/.local/lib/python3.7/site-packages/airflow/example_dags/example_latest_only_with_trigger.py for tasks to queue
[2023-07-23T00:13:17.966+0000] {logging_mixin.py:150} INFO - [2023-07-23T00:13:17.965+0000] {dagbag.py:541} INFO - Filling up the DagBag from /home/airflow/.local/lib/python3.7/site-packages/airflow/example_dags/example_latest_only_with_trigger.py
[2023-07-23T00:13:17.981+0000] {processor.py:836} INFO - DAG(s) dict_keys(['latest_only_with_trigger']) retrieved from /home/airflow/.local/lib/python3.7/site-packages/airflow/example_dags/example_latest_only_with_trigger.py
[2023-07-23T00:13:18.021+0000] {logging_mixin.py:150} INFO - [2023-07-23T00:13:18.020+0000] {dag.py:2742} INFO - Sync 1 DAGs
[2023-07-23T00:13:18.048+0000] {logging_mixin.py:150} INFO - [2023-07-23T00:13:18.048+0000] {dag.py:3508} INFO - Setting next_dagrun for latest_only_with_trigger to 2023-07-22T20:13:18.048194+00:00, run_after=2023-07-23T00:13:18.048194+00:00
[2023-07-23T00:13:18.088+0000] {processor.py:179} INFO - Processing /home/airflow/.local/lib/python3.7/site-packages/airflow/example_dags/example_latest_only_with_trigger.py took 0.134 seconds
[2023-07-23T00:13:48.279+0000] {processor.py:157} INFO - Started process (PID=3126) to work on /home/airflow/.local/lib/python3.7/site-packages/airflow/example_dags/example_latest_only_with_trigger.py
[2023-07-23T00:13:48.282+0000] {processor.py:826} INFO - Processing file /home/airflow/.local/lib/python3.7/site-packages/airflow/example_dags/example_latest_only_with_trigger.py for tasks to queue
[2023-07-23T00:13:48.283+0000] {logging_mixin.py:150} INFO - [2023-07-23T00:13:48.283+0000] {dagbag.py:541} INFO - Filling up the DagBag from /home/airflow/.local/lib/python3.7/site-packages/airflow/example_dags/example_latest_only_with_trigger.py
[2023-07-23T00:13:48.291+0000] {processor.py:836} INFO - DAG(s) dict_keys(['latest_only_with_trigger']) retrieved from /home/airflow/.local/lib/python3.7/site-packages/airflow/example_dags/example_latest_only_with_trigger.py
[2023-07-23T00:13:48.314+0000] {logging_mixin.py:150} INFO - [2023-07-23T00:13:48.314+0000] {dag.py:2742} INFO - Sync 1 DAGs
[2023-07-23T00:13:48.331+0000] {logging_mixin.py:150} INFO - [2023-07-23T00:13:48.331+0000] {dag.py:3508} INFO - Setting next_dagrun for latest_only_with_trigger to 2023-07-22T20:13:48.331532+00:00, run_after=2023-07-23T00:13:48.331532+00:00
[2023-07-23T00:13:48.343+0000] {processor.py:179} INFO - Processing /home/airflow/.local/lib/python3.7/site-packages/airflow/example_dags/example_latest_only_with_trigger.py took 0.069 seconds
[2023-07-23T00:14:18.581+0000] {processor.py:157} INFO - Started process (PID=3190) to work on /home/airflow/.local/lib/python3.7/site-packages/airflow/example_dags/example_latest_only_with_trigger.py
[2023-07-23T00:14:18.585+0000] {processor.py:826} INFO - Processing file /home/airflow/.local/lib/python3.7/site-packages/airflow/example_dags/example_latest_only_with_trigger.py for tasks to queue
[2023-07-23T00:14:18.587+0000] {logging_mixin.py:150} INFO - [2023-07-23T00:14:18.587+0000] {dagbag.py:541} INFO - Filling up the DagBag from /home/airflow/.local/lib/python3.7/site-packages/airflow/example_dags/example_latest_only_with_trigger.py
[2023-07-23T00:14:18.603+0000] {processor.py:836} INFO - DAG(s) dict_keys(['latest_only_with_trigger']) retrieved from /home/airflow/.local/lib/python3.7/site-packages/airflow/example_dags/example_latest_only_with_trigger.py
[2023-07-23T00:14:18.639+0000] {logging_mixin.py:150} INFO - [2023-07-23T00:14:18.639+0000] {dag.py:2742} INFO - Sync 1 DAGs
[2023-07-23T00:14:18.664+0000] {logging_mixin.py:150} INFO - [2023-07-23T00:14:18.664+0000] {dag.py:3508} INFO - Setting next_dagrun for latest_only_with_trigger to 2023-07-22T20:14:18.664012+00:00, run_after=2023-07-23T00:14:18.664012+00:00
[2023-07-23T00:14:18.681+0000] {processor.py:179} INFO - Processing /home/airflow/.local/lib/python3.7/site-packages/airflow/example_dags/example_latest_only_with_trigger.py took 0.110 seconds
[2023-07-23T00:14:48.890+0000] {processor.py:157} INFO - Started process (PID=3253) to work on /home/airflow/.local/lib/python3.7/site-packages/airflow/example_dags/example_latest_only_with_trigger.py
[2023-07-23T00:14:48.895+0000] {processor.py:826} INFO - Processing file /home/airflow/.local/lib/python3.7/site-packages/airflow/example_dags/example_latest_only_with_trigger.py for tasks to queue
[2023-07-23T00:14:48.897+0000] {logging_mixin.py:150} INFO - [2023-07-23T00:14:48.897+0000] {dagbag.py:541} INFO - Filling up the DagBag from /home/airflow/.local/lib/python3.7/site-packages/airflow/example_dags/example_latest_only_with_trigger.py
[2023-07-23T00:14:48.905+0000] {processor.py:836} INFO - DAG(s) dict_keys(['latest_only_with_trigger']) retrieved from /home/airflow/.local/lib/python3.7/site-packages/airflow/example_dags/example_latest_only_with_trigger.py
[2023-07-23T00:14:48.929+0000] {logging_mixin.py:150} INFO - [2023-07-23T00:14:48.928+0000] {dag.py:2742} INFO - Sync 1 DAGs
[2023-07-23T00:14:48.961+0000] {logging_mixin.py:150} INFO - [2023-07-23T00:14:48.960+0000] {dag.py:3508} INFO - Setting next_dagrun for latest_only_with_trigger to 2023-07-22T20:14:48.960612+00:00, run_after=2023-07-23T00:14:48.960612+00:00
[2023-07-23T00:14:48.982+0000] {processor.py:179} INFO - Processing /home/airflow/.local/lib/python3.7/site-packages/airflow/example_dags/example_latest_only_with_trigger.py took 0.101 seconds
[2023-07-23T00:15:20.274+0000] {processor.py:157} INFO - Started process (PID=3316) to work on /home/airflow/.local/lib/python3.7/site-packages/airflow/example_dags/example_latest_only_with_trigger.py
[2023-07-23T00:15:20.276+0000] {processor.py:826} INFO - Processing file /home/airflow/.local/lib/python3.7/site-packages/airflow/example_dags/example_latest_only_with_trigger.py for tasks to queue
[2023-07-23T00:15:20.277+0000] {logging_mixin.py:150} INFO - [2023-07-23T00:15:20.276+0000] {dagbag.py:541} INFO - Filling up the DagBag from /home/airflow/.local/lib/python3.7/site-packages/airflow/example_dags/example_latest_only_with_trigger.py
[2023-07-23T00:15:20.282+0000] {processor.py:836} INFO - DAG(s) dict_keys(['latest_only_with_trigger']) retrieved from /home/airflow/.local/lib/python3.7/site-packages/airflow/example_dags/example_latest_only_with_trigger.py
[2023-07-23T00:15:20.303+0000] {logging_mixin.py:150} INFO - [2023-07-23T00:15:20.302+0000] {dag.py:2742} INFO - Sync 1 DAGs
[2023-07-23T00:15:20.321+0000] {logging_mixin.py:150} INFO - [2023-07-23T00:15:20.321+0000] {dag.py:3508} INFO - Setting next_dagrun for latest_only_with_trigger to 2023-07-22T20:15:20.321431+00:00, run_after=2023-07-23T00:15:20.321431+00:00
[2023-07-23T00:15:20.334+0000] {processor.py:179} INFO - Processing /home/airflow/.local/lib/python3.7/site-packages/airflow/example_dags/example_latest_only_with_trigger.py took 0.062 seconds
[2023-07-23T00:15:51.451+0000] {processor.py:157} INFO - Started process (PID=3379) to work on /home/airflow/.local/lib/python3.7/site-packages/airflow/example_dags/example_latest_only_with_trigger.py
[2023-07-23T00:15:51.453+0000] {processor.py:826} INFO - Processing file /home/airflow/.local/lib/python3.7/site-packages/airflow/example_dags/example_latest_only_with_trigger.py for tasks to queue
[2023-07-23T00:15:51.454+0000] {logging_mixin.py:150} INFO - [2023-07-23T00:15:51.453+0000] {dagbag.py:541} INFO - Filling up the DagBag from /home/airflow/.local/lib/python3.7/site-packages/airflow/example_dags/example_latest_only_with_trigger.py
[2023-07-23T00:15:51.461+0000] {processor.py:836} INFO - DAG(s) dict_keys(['latest_only_with_trigger']) retrieved from /home/airflow/.local/lib/python3.7/site-packages/airflow/example_dags/example_latest_only_with_trigger.py
[2023-07-23T00:15:51.482+0000] {logging_mixin.py:150} INFO - [2023-07-23T00:15:51.482+0000] {dag.py:2742} INFO - Sync 1 DAGs
[2023-07-23T00:15:51.500+0000] {logging_mixin.py:150} INFO - [2023-07-23T00:15:51.500+0000] {dag.py:3508} INFO - Setting next_dagrun for latest_only_with_trigger to 2023-07-22T20:15:51.500244+00:00, run_after=2023-07-23T00:15:51.500244+00:00
[2023-07-23T00:15:51.512+0000] {processor.py:179} INFO - Processing /home/airflow/.local/lib/python3.7/site-packages/airflow/example_dags/example_latest_only_with_trigger.py took 0.064 seconds
[2023-07-23T00:16:22.845+0000] {processor.py:157} INFO - Started process (PID=3443) to work on /home/airflow/.local/lib/python3.7/site-packages/airflow/example_dags/example_latest_only_with_trigger.py
[2023-07-23T00:16:22.847+0000] {processor.py:826} INFO - Processing file /home/airflow/.local/lib/python3.7/site-packages/airflow/example_dags/example_latest_only_with_trigger.py for tasks to queue
[2023-07-23T00:16:22.849+0000] {logging_mixin.py:150} INFO - [2023-07-23T00:16:22.848+0000] {dagbag.py:541} INFO - Filling up the DagBag from /home/airflow/.local/lib/python3.7/site-packages/airflow/example_dags/example_latest_only_with_trigger.py
[2023-07-23T00:16:22.856+0000] {processor.py:836} INFO - DAG(s) dict_keys(['latest_only_with_trigger']) retrieved from /home/airflow/.local/lib/python3.7/site-packages/airflow/example_dags/example_latest_only_with_trigger.py
[2023-07-23T00:16:22.879+0000] {logging_mixin.py:150} INFO - [2023-07-23T00:16:22.879+0000] {dag.py:2742} INFO - Sync 1 DAGs
[2023-07-23T00:16:22.896+0000] {logging_mixin.py:150} INFO - [2023-07-23T00:16:22.896+0000] {dag.py:3508} INFO - Setting next_dagrun for latest_only_with_trigger to 2023-07-22T20:16:22.896022+00:00, run_after=2023-07-23T00:16:22.896022+00:00
[2023-07-23T00:16:22.928+0000] {processor.py:179} INFO - Processing /home/airflow/.local/lib/python3.7/site-packages/airflow/example_dags/example_latest_only_with_trigger.py took 0.090 seconds
[2023-07-23T00:16:54.081+0000] {processor.py:157} INFO - Started process (PID=3507) to work on /home/airflow/.local/lib/python3.7/site-packages/airflow/example_dags/example_latest_only_with_trigger.py
[2023-07-23T00:16:54.083+0000] {processor.py:826} INFO - Processing file /home/airflow/.local/lib/python3.7/site-packages/airflow/example_dags/example_latest_only_with_trigger.py for tasks to queue
[2023-07-23T00:16:54.085+0000] {logging_mixin.py:150} INFO - [2023-07-23T00:16:54.085+0000] {dagbag.py:541} INFO - Filling up the DagBag from /home/airflow/.local/lib/python3.7/site-packages/airflow/example_dags/example_latest_only_with_trigger.py
[2023-07-23T00:16:54.120+0000] {processor.py:836} INFO - DAG(s) dict_keys(['latest_only_with_trigger']) retrieved from /home/airflow/.local/lib/python3.7/site-packages/airflow/example_dags/example_latest_only_with_trigger.py
[2023-07-23T00:16:54.164+0000] {logging_mixin.py:150} INFO - [2023-07-23T00:16:54.164+0000] {dag.py:2742} INFO - Sync 1 DAGs
[2023-07-23T00:16:54.213+0000] {logging_mixin.py:150} INFO - [2023-07-23T00:16:54.212+0000] {dag.py:3508} INFO - Setting next_dagrun for latest_only_with_trigger to 2023-07-22T20:16:54.212430+00:00, run_after=2023-07-23T00:16:54.212430+00:00
[2023-07-23T00:16:54.237+0000] {processor.py:179} INFO - Processing /home/airflow/.local/lib/python3.7/site-packages/airflow/example_dags/example_latest_only_with_trigger.py took 0.160 seconds
[2023-07-23T00:17:24.489+0000] {processor.py:157} INFO - Started process (PID=3566) to work on /home/airflow/.local/lib/python3.7/site-packages/airflow/example_dags/example_latest_only_with_trigger.py
[2023-07-23T00:17:24.491+0000] {processor.py:826} INFO - Processing file /home/airflow/.local/lib/python3.7/site-packages/airflow/example_dags/example_latest_only_with_trigger.py for tasks to queue
[2023-07-23T00:17:24.492+0000] {logging_mixin.py:150} INFO - [2023-07-23T00:17:24.492+0000] {dagbag.py:541} INFO - Filling up the DagBag from /home/airflow/.local/lib/python3.7/site-packages/airflow/example_dags/example_latest_only_with_trigger.py
[2023-07-23T00:17:24.502+0000] {processor.py:836} INFO - DAG(s) dict_keys(['latest_only_with_trigger']) retrieved from /home/airflow/.local/lib/python3.7/site-packages/airflow/example_dags/example_latest_only_with_trigger.py
[2023-07-23T00:17:24.578+0000] {logging_mixin.py:150} INFO - [2023-07-23T00:17:24.576+0000] {dag.py:2742} INFO - Sync 1 DAGs
[2023-07-23T00:17:24.616+0000] {logging_mixin.py:150} INFO - [2023-07-23T00:17:24.615+0000] {dag.py:3508} INFO - Setting next_dagrun for latest_only_with_trigger to 2023-07-22T20:17:24.615619+00:00, run_after=2023-07-23T00:17:24.615619+00:00
[2023-07-23T00:17:24.640+0000] {processor.py:179} INFO - Processing /home/airflow/.local/lib/python3.7/site-packages/airflow/example_dags/example_latest_only_with_trigger.py took 0.156 seconds
[2023-07-23T00:17:54.731+0000] {processor.py:157} INFO - Started process (PID=3629) to work on /home/airflow/.local/lib/python3.7/site-packages/airflow/example_dags/example_latest_only_with_trigger.py
[2023-07-23T00:17:54.733+0000] {processor.py:826} INFO - Processing file /home/airflow/.local/lib/python3.7/site-packages/airflow/example_dags/example_latest_only_with_trigger.py for tasks to queue
[2023-07-23T00:17:54.734+0000] {logging_mixin.py:150} INFO - [2023-07-23T00:17:54.734+0000] {dagbag.py:541} INFO - Filling up the DagBag from /home/airflow/.local/lib/python3.7/site-packages/airflow/example_dags/example_latest_only_with_trigger.py
[2023-07-23T00:17:54.740+0000] {processor.py:836} INFO - DAG(s) dict_keys(['latest_only_with_trigger']) retrieved from /home/airflow/.local/lib/python3.7/site-packages/airflow/example_dags/example_latest_only_with_trigger.py
[2023-07-23T00:17:54.759+0000] {logging_mixin.py:150} INFO - [2023-07-23T00:17:54.759+0000] {dag.py:2742} INFO - Sync 1 DAGs
[2023-07-23T00:17:54.774+0000] {logging_mixin.py:150} INFO - [2023-07-23T00:17:54.774+0000] {dag.py:3508} INFO - Setting next_dagrun for latest_only_with_trigger to 2023-07-22T20:17:54.774240+00:00, run_after=2023-07-23T00:17:54.774240+00:00
[2023-07-23T00:17:54.785+0000] {processor.py:179} INFO - Processing /home/airflow/.local/lib/python3.7/site-packages/airflow/example_dags/example_latest_only_with_trigger.py took 0.057 seconds
[2023-07-23T00:18:25.367+0000] {processor.py:157} INFO - Started process (PID=3692) to work on /home/airflow/.local/lib/python3.7/site-packages/airflow/example_dags/example_latest_only_with_trigger.py
[2023-07-23T00:18:25.369+0000] {processor.py:826} INFO - Processing file /home/airflow/.local/lib/python3.7/site-packages/airflow/example_dags/example_latest_only_with_trigger.py for tasks to queue
[2023-07-23T00:18:25.370+0000] {logging_mixin.py:150} INFO - [2023-07-23T00:18:25.369+0000] {dagbag.py:541} INFO - Filling up the DagBag from /home/airflow/.local/lib/python3.7/site-packages/airflow/example_dags/example_latest_only_with_trigger.py
[2023-07-23T00:18:25.376+0000] {processor.py:836} INFO - DAG(s) dict_keys(['latest_only_with_trigger']) retrieved from /home/airflow/.local/lib/python3.7/site-packages/airflow/example_dags/example_latest_only_with_trigger.py
[2023-07-23T00:18:25.409+0000] {logging_mixin.py:150} INFO - [2023-07-23T00:18:25.409+0000] {dag.py:2742} INFO - Sync 1 DAGs
[2023-07-23T00:18:25.438+0000] {logging_mixin.py:150} INFO - [2023-07-23T00:18:25.438+0000] {dag.py:3508} INFO - Setting next_dagrun for latest_only_with_trigger to 2023-07-22T20:18:25.437948+00:00, run_after=2023-07-23T00:18:25.437948+00:00
[2023-07-23T00:18:25.455+0000] {processor.py:179} INFO - Processing /home/airflow/.local/lib/python3.7/site-packages/airflow/example_dags/example_latest_only_with_trigger.py took 0.092 seconds
[2023-07-23T00:18:55.957+0000] {processor.py:157} INFO - Started process (PID=3754) to work on /home/airflow/.local/lib/python3.7/site-packages/airflow/example_dags/example_latest_only_with_trigger.py
[2023-07-23T00:18:55.958+0000] {processor.py:826} INFO - Processing file /home/airflow/.local/lib/python3.7/site-packages/airflow/example_dags/example_latest_only_with_trigger.py for tasks to queue
[2023-07-23T00:18:55.961+0000] {logging_mixin.py:150} INFO - [2023-07-23T00:18:55.961+0000] {dagbag.py:541} INFO - Filling up the DagBag from /home/airflow/.local/lib/python3.7/site-packages/airflow/example_dags/example_latest_only_with_trigger.py
[2023-07-23T00:18:55.971+0000] {processor.py:836} INFO - DAG(s) dict_keys(['latest_only_with_trigger']) retrieved from /home/airflow/.local/lib/python3.7/site-packages/airflow/example_dags/example_latest_only_with_trigger.py
[2023-07-23T00:18:55.999+0000] {logging_mixin.py:150} INFO - [2023-07-23T00:18:55.999+0000] {dag.py:2742} INFO - Sync 1 DAGs
[2023-07-23T00:18:56.016+0000] {logging_mixin.py:150} INFO - [2023-07-23T00:18:56.016+0000] {dag.py:3508} INFO - Setting next_dagrun for latest_only_with_trigger to 2023-07-22T20:18:56.016589+00:00, run_after=2023-07-23T00:18:56.016589+00:00
[2023-07-23T00:18:56.029+0000] {processor.py:179} INFO - Processing /home/airflow/.local/lib/python3.7/site-packages/airflow/example_dags/example_latest_only_with_trigger.py took 0.076 seconds
[2023-07-23T00:19:26.508+0000] {processor.py:157} INFO - Started process (PID=3817) to work on /home/airflow/.local/lib/python3.7/site-packages/airflow/example_dags/example_latest_only_with_trigger.py
[2023-07-23T00:19:26.511+0000] {processor.py:826} INFO - Processing file /home/airflow/.local/lib/python3.7/site-packages/airflow/example_dags/example_latest_only_with_trigger.py for tasks to queue
[2023-07-23T00:19:26.513+0000] {logging_mixin.py:150} INFO - [2023-07-23T00:19:26.512+0000] {dagbag.py:541} INFO - Filling up the DagBag from /home/airflow/.local/lib/python3.7/site-packages/airflow/example_dags/example_latest_only_with_trigger.py
[2023-07-23T00:19:26.530+0000] {processor.py:836} INFO - DAG(s) dict_keys(['latest_only_with_trigger']) retrieved from /home/airflow/.local/lib/python3.7/site-packages/airflow/example_dags/example_latest_only_with_trigger.py
[2023-07-23T00:19:26.587+0000] {logging_mixin.py:150} INFO - [2023-07-23T00:19:26.587+0000] {dag.py:2742} INFO - Sync 1 DAGs
[2023-07-23T00:19:26.614+0000] {logging_mixin.py:150} INFO - [2023-07-23T00:19:26.614+0000] {dag.py:3508} INFO - Setting next_dagrun for latest_only_with_trigger to 2023-07-22T20:19:26.614027+00:00, run_after=2023-07-23T00:19:26.614027+00:00
[2023-07-23T00:19:26.631+0000] {processor.py:179} INFO - Processing /home/airflow/.local/lib/python3.7/site-packages/airflow/example_dags/example_latest_only_with_trigger.py took 0.136 seconds
[2023-07-23T00:19:57.076+0000] {processor.py:157} INFO - Started process (PID=3880) to work on /home/airflow/.local/lib/python3.7/site-packages/airflow/example_dags/example_latest_only_with_trigger.py
[2023-07-23T00:19:57.083+0000] {processor.py:826} INFO - Processing file /home/airflow/.local/lib/python3.7/site-packages/airflow/example_dags/example_latest_only_with_trigger.py for tasks to queue
[2023-07-23T00:19:57.086+0000] {logging_mixin.py:150} INFO - [2023-07-23T00:19:57.085+0000] {dagbag.py:541} INFO - Filling up the DagBag from /home/airflow/.local/lib/python3.7/site-packages/airflow/example_dags/example_latest_only_with_trigger.py
[2023-07-23T00:19:57.135+0000] {processor.py:836} INFO - DAG(s) dict_keys(['latest_only_with_trigger']) retrieved from /home/airflow/.local/lib/python3.7/site-packages/airflow/example_dags/example_latest_only_with_trigger.py
[2023-07-23T00:19:57.204+0000] {logging_mixin.py:150} INFO - [2023-07-23T00:19:57.203+0000] {dag.py:2742} INFO - Sync 1 DAGs
[2023-07-23T00:19:57.289+0000] {logging_mixin.py:150} INFO - [2023-07-23T00:19:57.289+0000] {dag.py:3508} INFO - Setting next_dagrun for latest_only_with_trigger to 2023-07-22T20:19:57.289134+00:00, run_after=2023-07-23T00:19:57.289134+00:00
[2023-07-23T00:19:57.311+0000] {processor.py:179} INFO - Processing /home/airflow/.local/lib/python3.7/site-packages/airflow/example_dags/example_latest_only_with_trigger.py took 0.274 seconds
[2023-07-23T00:20:27.553+0000] {processor.py:157} INFO - Started process (PID=3943) to work on /home/airflow/.local/lib/python3.7/site-packages/airflow/example_dags/example_latest_only_with_trigger.py
[2023-07-23T00:20:27.555+0000] {processor.py:826} INFO - Processing file /home/airflow/.local/lib/python3.7/site-packages/airflow/example_dags/example_latest_only_with_trigger.py for tasks to queue
[2023-07-23T00:20:27.556+0000] {logging_mixin.py:150} INFO - [2023-07-23T00:20:27.556+0000] {dagbag.py:541} INFO - Filling up the DagBag from /home/airflow/.local/lib/python3.7/site-packages/airflow/example_dags/example_latest_only_with_trigger.py
[2023-07-23T00:20:27.564+0000] {processor.py:836} INFO - DAG(s) dict_keys(['latest_only_with_trigger']) retrieved from /home/airflow/.local/lib/python3.7/site-packages/airflow/example_dags/example_latest_only_with_trigger.py
[2023-07-23T00:20:27.589+0000] {logging_mixin.py:150} INFO - [2023-07-23T00:20:27.589+0000] {dag.py:2742} INFO - Sync 1 DAGs
[2023-07-23T00:20:27.607+0000] {logging_mixin.py:150} INFO - [2023-07-23T00:20:27.607+0000] {dag.py:3508} INFO - Setting next_dagrun for latest_only_with_trigger to 2023-07-22T20:20:27.606826+00:00, run_after=2023-07-23T00:20:27.606826+00:00
[2023-07-23T00:20:27.619+0000] {processor.py:179} INFO - Processing /home/airflow/.local/lib/python3.7/site-packages/airflow/example_dags/example_latest_only_with_trigger.py took 0.070 seconds
[2023-07-23T00:20:57.906+0000] {processor.py:157} INFO - Started process (PID=4006) to work on /home/airflow/.local/lib/python3.7/site-packages/airflow/example_dags/example_latest_only_with_trigger.py
[2023-07-23T00:20:57.907+0000] {processor.py:826} INFO - Processing file /home/airflow/.local/lib/python3.7/site-packages/airflow/example_dags/example_latest_only_with_trigger.py for tasks to queue
[2023-07-23T00:20:57.909+0000] {logging_mixin.py:150} INFO - [2023-07-23T00:20:57.908+0000] {dagbag.py:541} INFO - Filling up the DagBag from /home/airflow/.local/lib/python3.7/site-packages/airflow/example_dags/example_latest_only_with_trigger.py
[2023-07-23T00:20:57.917+0000] {processor.py:836} INFO - DAG(s) dict_keys(['latest_only_with_trigger']) retrieved from /home/airflow/.local/lib/python3.7/site-packages/airflow/example_dags/example_latest_only_with_trigger.py
[2023-07-23T00:20:57.939+0000] {logging_mixin.py:150} INFO - [2023-07-23T00:20:57.939+0000] {dag.py:2742} INFO - Sync 1 DAGs
[2023-07-23T00:20:57.954+0000] {logging_mixin.py:150} INFO - [2023-07-23T00:20:57.954+0000] {dag.py:3508} INFO - Setting next_dagrun for latest_only_with_trigger to 2023-07-22T20:20:57.954647+00:00, run_after=2023-07-23T00:20:57.954647+00:00
[2023-07-23T00:20:57.967+0000] {processor.py:179} INFO - Processing /home/airflow/.local/lib/python3.7/site-packages/airflow/example_dags/example_latest_only_with_trigger.py took 0.065 seconds
[2023-07-23T00:21:28.495+0000] {processor.py:157} INFO - Started process (PID=4069) to work on /home/airflow/.local/lib/python3.7/site-packages/airflow/example_dags/example_latest_only_with_trigger.py
[2023-07-23T00:21:28.497+0000] {processor.py:826} INFO - Processing file /home/airflow/.local/lib/python3.7/site-packages/airflow/example_dags/example_latest_only_with_trigger.py for tasks to queue
[2023-07-23T00:21:28.499+0000] {logging_mixin.py:150} INFO - [2023-07-23T00:21:28.498+0000] {dagbag.py:541} INFO - Filling up the DagBag from /home/airflow/.local/lib/python3.7/site-packages/airflow/example_dags/example_latest_only_with_trigger.py
[2023-07-23T00:21:28.508+0000] {processor.py:836} INFO - DAG(s) dict_keys(['latest_only_with_trigger']) retrieved from /home/airflow/.local/lib/python3.7/site-packages/airflow/example_dags/example_latest_only_with_trigger.py
[2023-07-23T00:21:28.537+0000] {logging_mixin.py:150} INFO - [2023-07-23T00:21:28.537+0000] {dag.py:2742} INFO - Sync 1 DAGs
[2023-07-23T00:21:28.559+0000] {logging_mixin.py:150} INFO - [2023-07-23T00:21:28.559+0000] {dag.py:3508} INFO - Setting next_dagrun for latest_only_with_trigger to 2023-07-22T20:21:28.558562+00:00, run_after=2023-07-23T00:21:28.558562+00:00
[2023-07-23T00:21:28.576+0000] {processor.py:179} INFO - Processing /home/airflow/.local/lib/python3.7/site-packages/airflow/example_dags/example_latest_only_with_trigger.py took 0.086 seconds
[2023-07-23T00:21:58.816+0000] {processor.py:157} INFO - Started process (PID=4131) to work on /home/airflow/.local/lib/python3.7/site-packages/airflow/example_dags/example_latest_only_with_trigger.py
[2023-07-23T00:21:58.817+0000] {processor.py:826} INFO - Processing file /home/airflow/.local/lib/python3.7/site-packages/airflow/example_dags/example_latest_only_with_trigger.py for tasks to queue
[2023-07-23T00:21:58.817+0000] {logging_mixin.py:150} INFO - [2023-07-23T00:21:58.817+0000] {dagbag.py:541} INFO - Filling up the DagBag from /home/airflow/.local/lib/python3.7/site-packages/airflow/example_dags/example_latest_only_with_trigger.py
[2023-07-23T00:21:58.822+0000] {processor.py:836} INFO - DAG(s) dict_keys(['latest_only_with_trigger']) retrieved from /home/airflow/.local/lib/python3.7/site-packages/airflow/example_dags/example_latest_only_with_trigger.py
[2023-07-23T00:21:58.839+0000] {logging_mixin.py:150} INFO - [2023-07-23T00:21:58.839+0000] {dag.py:2742} INFO - Sync 1 DAGs
[2023-07-23T00:21:58.858+0000] {logging_mixin.py:150} INFO - [2023-07-23T00:21:58.858+0000] {dag.py:3508} INFO - Setting next_dagrun for latest_only_with_trigger to 2023-07-22T20:21:58.857327+00:00, run_after=2023-07-23T00:21:58.857327+00:00
[2023-07-23T00:21:58.875+0000] {processor.py:179} INFO - Processing /home/airflow/.local/lib/python3.7/site-packages/airflow/example_dags/example_latest_only_with_trigger.py took 0.062 seconds
[2023-07-23T00:22:29.119+0000] {processor.py:157} INFO - Started process (PID=4194) to work on /home/airflow/.local/lib/python3.7/site-packages/airflow/example_dags/example_latest_only_with_trigger.py
[2023-07-23T00:22:29.120+0000] {processor.py:826} INFO - Processing file /home/airflow/.local/lib/python3.7/site-packages/airflow/example_dags/example_latest_only_with_trigger.py for tasks to queue
[2023-07-23T00:22:29.121+0000] {logging_mixin.py:150} INFO - [2023-07-23T00:22:29.121+0000] {dagbag.py:541} INFO - Filling up the DagBag from /home/airflow/.local/lib/python3.7/site-packages/airflow/example_dags/example_latest_only_with_trigger.py
[2023-07-23T00:22:29.127+0000] {processor.py:836} INFO - DAG(s) dict_keys(['latest_only_with_trigger']) retrieved from /home/airflow/.local/lib/python3.7/site-packages/airflow/example_dags/example_latest_only_with_trigger.py
[2023-07-23T00:22:29.146+0000] {logging_mixin.py:150} INFO - [2023-07-23T00:22:29.146+0000] {dag.py:2742} INFO - Sync 1 DAGs
[2023-07-23T00:22:29.165+0000] {logging_mixin.py:150} INFO - [2023-07-23T00:22:29.164+0000] {dag.py:3508} INFO - Setting next_dagrun for latest_only_with_trigger to 2023-07-22T20:22:29.164672+00:00, run_after=2023-07-23T00:22:29.164672+00:00
[2023-07-23T00:22:29.178+0000] {processor.py:179} INFO - Processing /home/airflow/.local/lib/python3.7/site-packages/airflow/example_dags/example_latest_only_with_trigger.py took 0.062 seconds
[2023-07-23T00:23:00.166+0000] {processor.py:157} INFO - Started process (PID=4257) to work on /home/airflow/.local/lib/python3.7/site-packages/airflow/example_dags/example_latest_only_with_trigger.py
[2023-07-23T00:23:00.167+0000] {processor.py:826} INFO - Processing file /home/airflow/.local/lib/python3.7/site-packages/airflow/example_dags/example_latest_only_with_trigger.py for tasks to queue
[2023-07-23T00:23:00.168+0000] {logging_mixin.py:150} INFO - [2023-07-23T00:23:00.168+0000] {dagbag.py:541} INFO - Filling up the DagBag from /home/airflow/.local/lib/python3.7/site-packages/airflow/example_dags/example_latest_only_with_trigger.py
[2023-07-23T00:23:00.174+0000] {processor.py:836} INFO - DAG(s) dict_keys(['latest_only_with_trigger']) retrieved from /home/airflow/.local/lib/python3.7/site-packages/airflow/example_dags/example_latest_only_with_trigger.py
[2023-07-23T00:23:00.196+0000] {logging_mixin.py:150} INFO - [2023-07-23T00:23:00.196+0000] {dag.py:2742} INFO - Sync 1 DAGs
[2023-07-23T00:23:00.217+0000] {logging_mixin.py:150} INFO - [2023-07-23T00:23:00.217+0000] {dag.py:3508} INFO - Setting next_dagrun for latest_only_with_trigger to 2023-07-22T20:23:00.216879+00:00, run_after=2023-07-23T00:23:00.216879+00:00
[2023-07-23T00:23:00.230+0000] {processor.py:179} INFO - Processing /home/airflow/.local/lib/python3.7/site-packages/airflow/example_dags/example_latest_only_with_trigger.py took 0.067 seconds
[2023-07-23T00:23:30.388+0000] {processor.py:157} INFO - Started process (PID=4320) to work on /home/airflow/.local/lib/python3.7/site-packages/airflow/example_dags/example_latest_only_with_trigger.py
[2023-07-23T00:23:30.389+0000] {processor.py:826} INFO - Processing file /home/airflow/.local/lib/python3.7/site-packages/airflow/example_dags/example_latest_only_with_trigger.py for tasks to queue
[2023-07-23T00:23:30.391+0000] {logging_mixin.py:150} INFO - [2023-07-23T00:23:30.390+0000] {dagbag.py:541} INFO - Filling up the DagBag from /home/airflow/.local/lib/python3.7/site-packages/airflow/example_dags/example_latest_only_with_trigger.py
[2023-07-23T00:23:30.397+0000] {processor.py:836} INFO - DAG(s) dict_keys(['latest_only_with_trigger']) retrieved from /home/airflow/.local/lib/python3.7/site-packages/airflow/example_dags/example_latest_only_with_trigger.py
[2023-07-23T00:23:30.417+0000] {logging_mixin.py:150} INFO - [2023-07-23T00:23:30.417+0000] {dag.py:2742} INFO - Sync 1 DAGs
[2023-07-23T00:23:30.435+0000] {logging_mixin.py:150} INFO - [2023-07-23T00:23:30.435+0000] {dag.py:3508} INFO - Setting next_dagrun for latest_only_with_trigger to 2023-07-22T20:23:30.435370+00:00, run_after=2023-07-23T00:23:30.435370+00:00
[2023-07-23T00:23:30.448+0000] {processor.py:179} INFO - Processing /home/airflow/.local/lib/python3.7/site-packages/airflow/example_dags/example_latest_only_with_trigger.py took 0.064 seconds
[2023-07-23T00:24:00.695+0000] {processor.py:157} INFO - Started process (PID=4383) to work on /home/airflow/.local/lib/python3.7/site-packages/airflow/example_dags/example_latest_only_with_trigger.py
[2023-07-23T00:24:00.697+0000] {processor.py:826} INFO - Processing file /home/airflow/.local/lib/python3.7/site-packages/airflow/example_dags/example_latest_only_with_trigger.py for tasks to queue
[2023-07-23T00:24:00.699+0000] {logging_mixin.py:150} INFO - [2023-07-23T00:24:00.698+0000] {dagbag.py:541} INFO - Filling up the DagBag from /home/airflow/.local/lib/python3.7/site-packages/airflow/example_dags/example_latest_only_with_trigger.py
[2023-07-23T00:24:00.707+0000] {processor.py:836} INFO - DAG(s) dict_keys(['latest_only_with_trigger']) retrieved from /home/airflow/.local/lib/python3.7/site-packages/airflow/example_dags/example_latest_only_with_trigger.py
[2023-07-23T00:24:00.730+0000] {logging_mixin.py:150} INFO - [2023-07-23T00:24:00.730+0000] {dag.py:2742} INFO - Sync 1 DAGs
[2023-07-23T00:24:00.750+0000] {logging_mixin.py:150} INFO - [2023-07-23T00:24:00.750+0000] {dag.py:3508} INFO - Setting next_dagrun for latest_only_with_trigger to 2023-07-22T20:24:00.749988+00:00, run_after=2023-07-23T00:24:00.749988+00:00
[2023-07-23T00:24:00.764+0000] {processor.py:179} INFO - Processing /home/airflow/.local/lib/python3.7/site-packages/airflow/example_dags/example_latest_only_with_trigger.py took 0.073 seconds
[2023-07-23T00:24:30.883+0000] {processor.py:157} INFO - Started process (PID=4447) to work on /home/airflow/.local/lib/python3.7/site-packages/airflow/example_dags/example_latest_only_with_trigger.py
[2023-07-23T00:24:30.885+0000] {processor.py:826} INFO - Processing file /home/airflow/.local/lib/python3.7/site-packages/airflow/example_dags/example_latest_only_with_trigger.py for tasks to queue
[2023-07-23T00:24:30.886+0000] {logging_mixin.py:150} INFO - [2023-07-23T00:24:30.886+0000] {dagbag.py:541} INFO - Filling up the DagBag from /home/airflow/.local/lib/python3.7/site-packages/airflow/example_dags/example_latest_only_with_trigger.py
[2023-07-23T00:24:30.896+0000] {processor.py:836} INFO - DAG(s) dict_keys(['latest_only_with_trigger']) retrieved from /home/airflow/.local/lib/python3.7/site-packages/airflow/example_dags/example_latest_only_with_trigger.py
[2023-07-23T00:24:30.924+0000] {logging_mixin.py:150} INFO - [2023-07-23T00:24:30.924+0000] {dag.py:2742} INFO - Sync 1 DAGs
[2023-07-23T00:24:30.945+0000] {logging_mixin.py:150} INFO - [2023-07-23T00:24:30.945+0000] {dag.py:3508} INFO - Setting next_dagrun for latest_only_with_trigger to 2023-07-22T20:24:30.945156+00:00, run_after=2023-07-23T00:24:30.945156+00:00
[2023-07-23T00:24:30.960+0000] {processor.py:179} INFO - Processing /home/airflow/.local/lib/python3.7/site-packages/airflow/example_dags/example_latest_only_with_trigger.py took 0.084 seconds
