[2023-07-23T00:00:05.220+0000] {processor.py:157} INFO - Started process (PID=1415) to work on /home/airflow/.local/lib/python3.7/site-packages/airflow/example_dags/tutorial.py
[2023-07-23T00:00:05.228+0000] {processor.py:826} INFO - Processing file /home/airflow/.local/lib/python3.7/site-packages/airflow/example_dags/tutorial.py for tasks to queue
[2023-07-23T00:00:05.233+0000] {logging_mixin.py:150} INFO - [2023-07-23T00:00:05.233+0000] {dagbag.py:541} INFO - Filling up the DagBag from /home/airflow/.local/lib/python3.7/site-packages/airflow/example_dags/tutorial.py
[2023-07-23T00:00:05.267+0000] {processor.py:836} INFO - DAG(s) dict_keys(['tutorial']) retrieved from /home/airflow/.local/lib/python3.7/site-packages/airflow/example_dags/tutorial.py
[2023-07-23T00:00:05.357+0000] {logging_mixin.py:150} INFO - [2023-07-23T00:00:05.357+0000] {dag.py:2742} INFO - Sync 1 DAGs
[2023-07-23T00:00:05.454+0000] {logging_mixin.py:150} INFO - [2023-07-23T00:00:05.454+0000] {dag.py:3508} INFO - Setting next_dagrun for tutorial to 2023-07-22T00:00:05.453716+00:00, run_after=2023-07-23T00:00:05.453716+00:00
[2023-07-23T00:00:05.475+0000] {processor.py:179} INFO - Processing /home/airflow/.local/lib/python3.7/site-packages/airflow/example_dags/tutorial.py took 0.290 seconds
[2023-07-23T00:00:35.964+0000] {processor.py:157} INFO - Started process (PID=1482) to work on /home/airflow/.local/lib/python3.7/site-packages/airflow/example_dags/tutorial.py
[2023-07-23T00:00:35.966+0000] {processor.py:826} INFO - Processing file /home/airflow/.local/lib/python3.7/site-packages/airflow/example_dags/tutorial.py for tasks to queue
[2023-07-23T00:00:35.966+0000] {logging_mixin.py:150} INFO - [2023-07-23T00:00:35.966+0000] {dagbag.py:541} INFO - Filling up the DagBag from /home/airflow/.local/lib/python3.7/site-packages/airflow/example_dags/tutorial.py
[2023-07-23T00:00:35.971+0000] {processor.py:836} INFO - DAG(s) dict_keys(['tutorial']) retrieved from /home/airflow/.local/lib/python3.7/site-packages/airflow/example_dags/tutorial.py
[2023-07-23T00:00:35.991+0000] {logging_mixin.py:150} INFO - [2023-07-23T00:00:35.991+0000] {dag.py:2742} INFO - Sync 1 DAGs
[2023-07-23T00:00:36.007+0000] {logging_mixin.py:150} INFO - [2023-07-23T00:00:36.007+0000] {dag.py:3508} INFO - Setting next_dagrun for tutorial to 2023-07-22T00:00:36.007608+00:00, run_after=2023-07-23T00:00:36.007608+00:00
[2023-07-23T00:00:36.021+0000] {processor.py:179} INFO - Processing /home/airflow/.local/lib/python3.7/site-packages/airflow/example_dags/tutorial.py took 0.059 seconds
[2023-07-23T00:01:06.603+0000] {processor.py:157} INFO - Started process (PID=1545) to work on /home/airflow/.local/lib/python3.7/site-packages/airflow/example_dags/tutorial.py
[2023-07-23T00:01:06.604+0000] {processor.py:826} INFO - Processing file /home/airflow/.local/lib/python3.7/site-packages/airflow/example_dags/tutorial.py for tasks to queue
[2023-07-23T00:01:06.605+0000] {logging_mixin.py:150} INFO - [2023-07-23T00:01:06.604+0000] {dagbag.py:541} INFO - Filling up the DagBag from /home/airflow/.local/lib/python3.7/site-packages/airflow/example_dags/tutorial.py
[2023-07-23T00:01:06.609+0000] {processor.py:836} INFO - DAG(s) dict_keys(['tutorial']) retrieved from /home/airflow/.local/lib/python3.7/site-packages/airflow/example_dags/tutorial.py
[2023-07-23T00:01:06.627+0000] {logging_mixin.py:150} INFO - [2023-07-23T00:01:06.627+0000] {dag.py:2742} INFO - Sync 1 DAGs
[2023-07-23T00:01:06.641+0000] {logging_mixin.py:150} INFO - [2023-07-23T00:01:06.641+0000] {dag.py:3508} INFO - Setting next_dagrun for tutorial to 2023-07-22T00:01:06.641094+00:00, run_after=2023-07-23T00:01:06.641094+00:00
[2023-07-23T00:01:06.651+0000] {processor.py:179} INFO - Processing /home/airflow/.local/lib/python3.7/site-packages/airflow/example_dags/tutorial.py took 0.051 seconds
[2023-07-23T00:01:37.111+0000] {processor.py:157} INFO - Started process (PID=1608) to work on /home/airflow/.local/lib/python3.7/site-packages/airflow/example_dags/tutorial.py
[2023-07-23T00:01:37.112+0000] {processor.py:826} INFO - Processing file /home/airflow/.local/lib/python3.7/site-packages/airflow/example_dags/tutorial.py for tasks to queue
[2023-07-23T00:01:37.113+0000] {logging_mixin.py:150} INFO - [2023-07-23T00:01:37.113+0000] {dagbag.py:541} INFO - Filling up the DagBag from /home/airflow/.local/lib/python3.7/site-packages/airflow/example_dags/tutorial.py
[2023-07-23T00:01:37.118+0000] {processor.py:836} INFO - DAG(s) dict_keys(['tutorial']) retrieved from /home/airflow/.local/lib/python3.7/site-packages/airflow/example_dags/tutorial.py
[2023-07-23T00:01:37.136+0000] {logging_mixin.py:150} INFO - [2023-07-23T00:01:37.135+0000] {dag.py:2742} INFO - Sync 1 DAGs
[2023-07-23T00:01:37.150+0000] {logging_mixin.py:150} INFO - [2023-07-23T00:01:37.150+0000] {dag.py:3508} INFO - Setting next_dagrun for tutorial to 2023-07-22T00:01:37.150187+00:00, run_after=2023-07-23T00:01:37.150187+00:00
[2023-07-23T00:01:37.160+0000] {processor.py:179} INFO - Processing /home/airflow/.local/lib/python3.7/site-packages/airflow/example_dags/tutorial.py took 0.052 seconds
[2023-07-23T00:02:07.668+0000] {processor.py:157} INFO - Started process (PID=1673) to work on /home/airflow/.local/lib/python3.7/site-packages/airflow/example_dags/tutorial.py
[2023-07-23T00:02:07.669+0000] {processor.py:826} INFO - Processing file /home/airflow/.local/lib/python3.7/site-packages/airflow/example_dags/tutorial.py for tasks to queue
[2023-07-23T00:02:07.670+0000] {logging_mixin.py:150} INFO - [2023-07-23T00:02:07.670+0000] {dagbag.py:541} INFO - Filling up the DagBag from /home/airflow/.local/lib/python3.7/site-packages/airflow/example_dags/tutorial.py
[2023-07-23T00:02:07.677+0000] {processor.py:836} INFO - DAG(s) dict_keys(['tutorial']) retrieved from /home/airflow/.local/lib/python3.7/site-packages/airflow/example_dags/tutorial.py
[2023-07-23T00:02:07.695+0000] {logging_mixin.py:150} INFO - [2023-07-23T00:02:07.695+0000] {dag.py:2742} INFO - Sync 1 DAGs
[2023-07-23T00:02:07.746+0000] {logging_mixin.py:150} INFO - [2023-07-23T00:02:07.745+0000] {dag.py:3508} INFO - Setting next_dagrun for tutorial to 2023-07-22T00:02:07.745277+00:00, run_after=2023-07-23T00:02:07.745277+00:00
[2023-07-23T00:02:07.784+0000] {processor.py:179} INFO - Processing /home/airflow/.local/lib/python3.7/site-packages/airflow/example_dags/tutorial.py took 0.119 seconds
[2023-07-23T00:02:38.406+0000] {processor.py:157} INFO - Started process (PID=1739) to work on /home/airflow/.local/lib/python3.7/site-packages/airflow/example_dags/tutorial.py
[2023-07-23T00:02:38.407+0000] {processor.py:826} INFO - Processing file /home/airflow/.local/lib/python3.7/site-packages/airflow/example_dags/tutorial.py for tasks to queue
[2023-07-23T00:02:38.411+0000] {logging_mixin.py:150} INFO - [2023-07-23T00:02:38.410+0000] {dagbag.py:541} INFO - Filling up the DagBag from /home/airflow/.local/lib/python3.7/site-packages/airflow/example_dags/tutorial.py
[2023-07-23T00:02:38.417+0000] {processor.py:836} INFO - DAG(s) dict_keys(['tutorial']) retrieved from /home/airflow/.local/lib/python3.7/site-packages/airflow/example_dags/tutorial.py
[2023-07-23T00:02:38.439+0000] {logging_mixin.py:150} INFO - [2023-07-23T00:02:38.439+0000] {dag.py:2742} INFO - Sync 1 DAGs
[2023-07-23T00:02:38.474+0000] {logging_mixin.py:150} INFO - [2023-07-23T00:02:38.473+0000] {dag.py:3508} INFO - Setting next_dagrun for tutorial to 2023-07-22T00:02:38.473721+00:00, run_after=2023-07-23T00:02:38.473721+00:00
[2023-07-23T00:02:38.488+0000] {processor.py:179} INFO - Processing /home/airflow/.local/lib/python3.7/site-packages/airflow/example_dags/tutorial.py took 0.085 seconds
[2023-07-23T00:03:08.944+0000] {processor.py:157} INFO - Started process (PID=1803) to work on /home/airflow/.local/lib/python3.7/site-packages/airflow/example_dags/tutorial.py
[2023-07-23T00:03:08.945+0000] {processor.py:826} INFO - Processing file /home/airflow/.local/lib/python3.7/site-packages/airflow/example_dags/tutorial.py for tasks to queue
[2023-07-23T00:03:08.946+0000] {logging_mixin.py:150} INFO - [2023-07-23T00:03:08.946+0000] {dagbag.py:541} INFO - Filling up the DagBag from /home/airflow/.local/lib/python3.7/site-packages/airflow/example_dags/tutorial.py
[2023-07-23T00:03:08.954+0000] {processor.py:836} INFO - DAG(s) dict_keys(['tutorial']) retrieved from /home/airflow/.local/lib/python3.7/site-packages/airflow/example_dags/tutorial.py
[2023-07-23T00:03:08.990+0000] {logging_mixin.py:150} INFO - [2023-07-23T00:03:08.990+0000] {dag.py:2742} INFO - Sync 1 DAGs
[2023-07-23T00:03:09.024+0000] {logging_mixin.py:150} INFO - [2023-07-23T00:03:09.024+0000] {dag.py:3508} INFO - Setting next_dagrun for tutorial to 2023-07-22T00:03:09.023985+00:00, run_after=2023-07-23T00:03:09.023985+00:00
[2023-07-23T00:03:09.040+0000] {processor.py:179} INFO - Processing /home/airflow/.local/lib/python3.7/site-packages/airflow/example_dags/tutorial.py took 0.099 seconds
[2023-07-23T00:03:39.520+0000] {processor.py:157} INFO - Started process (PID=1866) to work on /home/airflow/.local/lib/python3.7/site-packages/airflow/example_dags/tutorial.py
[2023-07-23T00:03:39.522+0000] {processor.py:826} INFO - Processing file /home/airflow/.local/lib/python3.7/site-packages/airflow/example_dags/tutorial.py for tasks to queue
[2023-07-23T00:03:39.522+0000] {logging_mixin.py:150} INFO - [2023-07-23T00:03:39.522+0000] {dagbag.py:541} INFO - Filling up the DagBag from /home/airflow/.local/lib/python3.7/site-packages/airflow/example_dags/tutorial.py
[2023-07-23T00:03:39.528+0000] {processor.py:836} INFO - DAG(s) dict_keys(['tutorial']) retrieved from /home/airflow/.local/lib/python3.7/site-packages/airflow/example_dags/tutorial.py
[2023-07-23T00:03:39.549+0000] {logging_mixin.py:150} INFO - [2023-07-23T00:03:39.548+0000] {dag.py:2742} INFO - Sync 1 DAGs
[2023-07-23T00:03:39.568+0000] {logging_mixin.py:150} INFO - [2023-07-23T00:03:39.568+0000] {dag.py:3508} INFO - Setting next_dagrun for tutorial to 2023-07-22T00:03:39.568016+00:00, run_after=2023-07-23T00:03:39.568016+00:00
[2023-07-23T00:03:39.582+0000] {processor.py:179} INFO - Processing /home/airflow/.local/lib/python3.7/site-packages/airflow/example_dags/tutorial.py took 0.065 seconds
[2023-07-23T00:04:10.097+0000] {processor.py:157} INFO - Started process (PID=1930) to work on /home/airflow/.local/lib/python3.7/site-packages/airflow/example_dags/tutorial.py
[2023-07-23T00:04:10.098+0000] {processor.py:826} INFO - Processing file /home/airflow/.local/lib/python3.7/site-packages/airflow/example_dags/tutorial.py for tasks to queue
[2023-07-23T00:04:10.099+0000] {logging_mixin.py:150} INFO - [2023-07-23T00:04:10.099+0000] {dagbag.py:541} INFO - Filling up the DagBag from /home/airflow/.local/lib/python3.7/site-packages/airflow/example_dags/tutorial.py
[2023-07-23T00:04:10.104+0000] {processor.py:836} INFO - DAG(s) dict_keys(['tutorial']) retrieved from /home/airflow/.local/lib/python3.7/site-packages/airflow/example_dags/tutorial.py
[2023-07-23T00:04:10.121+0000] {logging_mixin.py:150} INFO - [2023-07-23T00:04:10.121+0000] {dag.py:2742} INFO - Sync 1 DAGs
[2023-07-23T00:04:10.136+0000] {logging_mixin.py:150} INFO - [2023-07-23T00:04:10.136+0000] {dag.py:3508} INFO - Setting next_dagrun for tutorial to 2023-07-22T00:04:10.136075+00:00, run_after=2023-07-23T00:04:10.136075+00:00
[2023-07-23T00:04:10.146+0000] {processor.py:179} INFO - Processing /home/airflow/.local/lib/python3.7/site-packages/airflow/example_dags/tutorial.py took 0.051 seconds
[2023-07-23T00:04:40.651+0000] {processor.py:157} INFO - Started process (PID=1993) to work on /home/airflow/.local/lib/python3.7/site-packages/airflow/example_dags/tutorial.py
[2023-07-23T00:04:40.653+0000] {processor.py:826} INFO - Processing file /home/airflow/.local/lib/python3.7/site-packages/airflow/example_dags/tutorial.py for tasks to queue
[2023-07-23T00:04:40.655+0000] {logging_mixin.py:150} INFO - [2023-07-23T00:04:40.654+0000] {dagbag.py:541} INFO - Filling up the DagBag from /home/airflow/.local/lib/python3.7/site-packages/airflow/example_dags/tutorial.py
[2023-07-23T00:04:40.663+0000] {processor.py:836} INFO - DAG(s) dict_keys(['tutorial']) retrieved from /home/airflow/.local/lib/python3.7/site-packages/airflow/example_dags/tutorial.py
[2023-07-23T00:04:40.728+0000] {logging_mixin.py:150} INFO - [2023-07-23T00:04:40.727+0000] {dag.py:2742} INFO - Sync 1 DAGs
[2023-07-23T00:04:40.770+0000] {logging_mixin.py:150} INFO - [2023-07-23T00:04:40.770+0000] {dag.py:3508} INFO - Setting next_dagrun for tutorial to 2023-07-22T00:04:40.769539+00:00, run_after=2023-07-23T00:04:40.769539+00:00
[2023-07-23T00:04:40.794+0000] {processor.py:179} INFO - Processing /home/airflow/.local/lib/python3.7/site-packages/airflow/example_dags/tutorial.py took 0.146 seconds
[2023-07-23T00:05:10.867+0000] {processor.py:157} INFO - Started process (PID=2055) to work on /home/airflow/.local/lib/python3.7/site-packages/airflow/example_dags/tutorial.py
[2023-07-23T00:05:10.868+0000] {processor.py:826} INFO - Processing file /home/airflow/.local/lib/python3.7/site-packages/airflow/example_dags/tutorial.py for tasks to queue
[2023-07-23T00:05:10.869+0000] {logging_mixin.py:150} INFO - [2023-07-23T00:05:10.868+0000] {dagbag.py:541} INFO - Filling up the DagBag from /home/airflow/.local/lib/python3.7/site-packages/airflow/example_dags/tutorial.py
[2023-07-23T00:05:10.874+0000] {processor.py:836} INFO - DAG(s) dict_keys(['tutorial']) retrieved from /home/airflow/.local/lib/python3.7/site-packages/airflow/example_dags/tutorial.py
[2023-07-23T00:05:10.891+0000] {logging_mixin.py:150} INFO - [2023-07-23T00:05:10.891+0000] {dag.py:2742} INFO - Sync 1 DAGs
[2023-07-23T00:05:10.907+0000] {logging_mixin.py:150} INFO - [2023-07-23T00:05:10.906+0000] {dag.py:3508} INFO - Setting next_dagrun for tutorial to 2023-07-22T00:05:10.906748+00:00, run_after=2023-07-23T00:05:10.906748+00:00
[2023-07-23T00:05:10.918+0000] {processor.py:179} INFO - Processing /home/airflow/.local/lib/python3.7/site-packages/airflow/example_dags/tutorial.py took 0.054 seconds
[2023-07-23T00:05:42.042+0000] {processor.py:157} INFO - Started process (PID=2118) to work on /home/airflow/.local/lib/python3.7/site-packages/airflow/example_dags/tutorial.py
[2023-07-23T00:05:42.045+0000] {processor.py:826} INFO - Processing file /home/airflow/.local/lib/python3.7/site-packages/airflow/example_dags/tutorial.py for tasks to queue
[2023-07-23T00:05:42.046+0000] {logging_mixin.py:150} INFO - [2023-07-23T00:05:42.046+0000] {dagbag.py:541} INFO - Filling up the DagBag from /home/airflow/.local/lib/python3.7/site-packages/airflow/example_dags/tutorial.py
[2023-07-23T00:05:42.057+0000] {processor.py:836} INFO - DAG(s) dict_keys(['tutorial']) retrieved from /home/airflow/.local/lib/python3.7/site-packages/airflow/example_dags/tutorial.py
[2023-07-23T00:05:42.153+0000] {logging_mixin.py:150} INFO - [2023-07-23T00:05:42.153+0000] {dag.py:2742} INFO - Sync 1 DAGs
[2023-07-23T00:05:42.186+0000] {logging_mixin.py:150} INFO - [2023-07-23T00:05:42.186+0000] {dag.py:3508} INFO - Setting next_dagrun for tutorial to 2023-07-22T00:05:42.185989+00:00, run_after=2023-07-23T00:05:42.185989+00:00
[2023-07-23T00:05:42.203+0000] {processor.py:179} INFO - Processing /home/airflow/.local/lib/python3.7/site-packages/airflow/example_dags/tutorial.py took 0.166 seconds
[2023-07-23T00:06:13.066+0000] {processor.py:157} INFO - Started process (PID=2176) to work on /home/airflow/.local/lib/python3.7/site-packages/airflow/example_dags/tutorial.py
[2023-07-23T00:06:13.068+0000] {processor.py:826} INFO - Processing file /home/airflow/.local/lib/python3.7/site-packages/airflow/example_dags/tutorial.py for tasks to queue
[2023-07-23T00:06:13.070+0000] {logging_mixin.py:150} INFO - [2023-07-23T00:06:13.069+0000] {dagbag.py:541} INFO - Filling up the DagBag from /home/airflow/.local/lib/python3.7/site-packages/airflow/example_dags/tutorial.py
[2023-07-23T00:06:13.081+0000] {processor.py:836} INFO - DAG(s) dict_keys(['tutorial']) retrieved from /home/airflow/.local/lib/python3.7/site-packages/airflow/example_dags/tutorial.py
[2023-07-23T00:06:13.114+0000] {logging_mixin.py:150} INFO - [2023-07-23T00:06:13.114+0000] {dag.py:2742} INFO - Sync 1 DAGs
[2023-07-23T00:06:13.139+0000] {logging_mixin.py:150} INFO - [2023-07-23T00:06:13.138+0000] {dag.py:3508} INFO - Setting next_dagrun for tutorial to 2023-07-22T00:06:13.138670+00:00, run_after=2023-07-23T00:06:13.138670+00:00
[2023-07-23T00:06:13.155+0000] {processor.py:179} INFO - Processing /home/airflow/.local/lib/python3.7/site-packages/airflow/example_dags/tutorial.py took 0.096 seconds
[2023-07-23T00:06:43.485+0000] {processor.py:157} INFO - Started process (PID=2239) to work on /home/airflow/.local/lib/python3.7/site-packages/airflow/example_dags/tutorial.py
[2023-07-23T00:06:43.488+0000] {processor.py:826} INFO - Processing file /home/airflow/.local/lib/python3.7/site-packages/airflow/example_dags/tutorial.py for tasks to queue
[2023-07-23T00:06:43.491+0000] {logging_mixin.py:150} INFO - [2023-07-23T00:06:43.490+0000] {dagbag.py:541} INFO - Filling up the DagBag from /home/airflow/.local/lib/python3.7/site-packages/airflow/example_dags/tutorial.py
[2023-07-23T00:06:43.605+0000] {processor.py:836} INFO - DAG(s) dict_keys(['tutorial']) retrieved from /home/airflow/.local/lib/python3.7/site-packages/airflow/example_dags/tutorial.py
[2023-07-23T00:06:43.676+0000] {logging_mixin.py:150} INFO - [2023-07-23T00:06:43.675+0000] {dag.py:2742} INFO - Sync 1 DAGs
[2023-07-23T00:06:43.703+0000] {logging_mixin.py:150} INFO - [2023-07-23T00:06:43.703+0000] {dag.py:3508} INFO - Setting next_dagrun for tutorial to 2023-07-22T00:06:43.702525+00:00, run_after=2023-07-23T00:06:43.702525+00:00
[2023-07-23T00:06:43.720+0000] {processor.py:179} INFO - Processing /home/airflow/.local/lib/python3.7/site-packages/airflow/example_dags/tutorial.py took 0.241 seconds
[2023-07-23T00:07:13.933+0000] {processor.py:157} INFO - Started process (PID=2302) to work on /home/airflow/.local/lib/python3.7/site-packages/airflow/example_dags/tutorial.py
[2023-07-23T00:07:13.935+0000] {processor.py:826} INFO - Processing file /home/airflow/.local/lib/python3.7/site-packages/airflow/example_dags/tutorial.py for tasks to queue
[2023-07-23T00:07:13.936+0000] {logging_mixin.py:150} INFO - [2023-07-23T00:07:13.936+0000] {dagbag.py:541} INFO - Filling up the DagBag from /home/airflow/.local/lib/python3.7/site-packages/airflow/example_dags/tutorial.py
[2023-07-23T00:07:13.950+0000] {processor.py:836} INFO - DAG(s) dict_keys(['tutorial']) retrieved from /home/airflow/.local/lib/python3.7/site-packages/airflow/example_dags/tutorial.py
[2023-07-23T00:07:14.005+0000] {logging_mixin.py:150} INFO - [2023-07-23T00:07:14.005+0000] {dag.py:2742} INFO - Sync 1 DAGs
[2023-07-23T00:07:14.032+0000] {logging_mixin.py:150} INFO - [2023-07-23T00:07:14.032+0000] {dag.py:3508} INFO - Setting next_dagrun for tutorial to 2023-07-22T00:07:14.032283+00:00, run_after=2023-07-23T00:07:14.032283+00:00
[2023-07-23T00:07:14.052+0000] {processor.py:179} INFO - Processing /home/airflow/.local/lib/python3.7/site-packages/airflow/example_dags/tutorial.py took 0.124 seconds
[2023-07-23T00:07:44.249+0000] {processor.py:157} INFO - Started process (PID=2366) to work on /home/airflow/.local/lib/python3.7/site-packages/airflow/example_dags/tutorial.py
[2023-07-23T00:07:44.251+0000] {processor.py:826} INFO - Processing file /home/airflow/.local/lib/python3.7/site-packages/airflow/example_dags/tutorial.py for tasks to queue
[2023-07-23T00:07:44.252+0000] {logging_mixin.py:150} INFO - [2023-07-23T00:07:44.252+0000] {dagbag.py:541} INFO - Filling up the DagBag from /home/airflow/.local/lib/python3.7/site-packages/airflow/example_dags/tutorial.py
[2023-07-23T00:07:44.261+0000] {processor.py:836} INFO - DAG(s) dict_keys(['tutorial']) retrieved from /home/airflow/.local/lib/python3.7/site-packages/airflow/example_dags/tutorial.py
[2023-07-23T00:07:44.285+0000] {logging_mixin.py:150} INFO - [2023-07-23T00:07:44.285+0000] {dag.py:2742} INFO - Sync 1 DAGs
[2023-07-23T00:07:44.301+0000] {logging_mixin.py:150} INFO - [2023-07-23T00:07:44.301+0000] {dag.py:3508} INFO - Setting next_dagrun for tutorial to 2023-07-22T00:07:44.301657+00:00, run_after=2023-07-23T00:07:44.301657+00:00
[2023-07-23T00:07:44.312+0000] {processor.py:179} INFO - Processing /home/airflow/.local/lib/python3.7/site-packages/airflow/example_dags/tutorial.py took 0.070 seconds
[2023-07-23T00:08:14.795+0000] {processor.py:157} INFO - Started process (PID=2434) to work on /home/airflow/.local/lib/python3.7/site-packages/airflow/example_dags/tutorial.py
[2023-07-23T00:08:14.799+0000] {processor.py:826} INFO - Processing file /home/airflow/.local/lib/python3.7/site-packages/airflow/example_dags/tutorial.py for tasks to queue
[2023-07-23T00:08:14.801+0000] {logging_mixin.py:150} INFO - [2023-07-23T00:08:14.800+0000] {dagbag.py:541} INFO - Filling up the DagBag from /home/airflow/.local/lib/python3.7/site-packages/airflow/example_dags/tutorial.py
[2023-07-23T00:08:14.815+0000] {processor.py:836} INFO - DAG(s) dict_keys(['tutorial']) retrieved from /home/airflow/.local/lib/python3.7/site-packages/airflow/example_dags/tutorial.py
[2023-07-23T00:08:14.859+0000] {logging_mixin.py:150} INFO - [2023-07-23T00:08:14.859+0000] {dag.py:2742} INFO - Sync 1 DAGs
[2023-07-23T00:08:14.884+0000] {logging_mixin.py:150} INFO - [2023-07-23T00:08:14.883+0000] {dag.py:3508} INFO - Setting next_dagrun for tutorial to 2023-07-22T00:08:14.883727+00:00, run_after=2023-07-23T00:08:14.883727+00:00
[2023-07-23T00:08:14.897+0000] {processor.py:179} INFO - Processing /home/airflow/.local/lib/python3.7/site-packages/airflow/example_dags/tutorial.py took 0.110 seconds
[2023-07-23T00:08:45.052+0000] {processor.py:157} INFO - Started process (PID=2497) to work on /home/airflow/.local/lib/python3.7/site-packages/airflow/example_dags/tutorial.py
[2023-07-23T00:08:45.055+0000] {processor.py:826} INFO - Processing file /home/airflow/.local/lib/python3.7/site-packages/airflow/example_dags/tutorial.py for tasks to queue
[2023-07-23T00:08:45.056+0000] {logging_mixin.py:150} INFO - [2023-07-23T00:08:45.056+0000] {dagbag.py:541} INFO - Filling up the DagBag from /home/airflow/.local/lib/python3.7/site-packages/airflow/example_dags/tutorial.py
[2023-07-23T00:08:45.067+0000] {processor.py:836} INFO - DAG(s) dict_keys(['tutorial']) retrieved from /home/airflow/.local/lib/python3.7/site-packages/airflow/example_dags/tutorial.py
[2023-07-23T00:08:45.091+0000] {logging_mixin.py:150} INFO - [2023-07-23T00:08:45.091+0000] {dag.py:2742} INFO - Sync 1 DAGs
[2023-07-23T00:08:45.109+0000] {logging_mixin.py:150} INFO - [2023-07-23T00:08:45.109+0000] {dag.py:3508} INFO - Setting next_dagrun for tutorial to 2023-07-22T00:08:45.109463+00:00, run_after=2023-07-23T00:08:45.109463+00:00
[2023-07-23T00:08:45.121+0000] {processor.py:179} INFO - Processing /home/airflow/.local/lib/python3.7/site-packages/airflow/example_dags/tutorial.py took 0.075 seconds
[2023-07-23T00:09:15.877+0000] {processor.py:157} INFO - Started process (PID=2561) to work on /home/airflow/.local/lib/python3.7/site-packages/airflow/example_dags/tutorial.py
[2023-07-23T00:09:15.880+0000] {processor.py:826} INFO - Processing file /home/airflow/.local/lib/python3.7/site-packages/airflow/example_dags/tutorial.py for tasks to queue
[2023-07-23T00:09:15.882+0000] {logging_mixin.py:150} INFO - [2023-07-23T00:09:15.882+0000] {dagbag.py:541} INFO - Filling up the DagBag from /home/airflow/.local/lib/python3.7/site-packages/airflow/example_dags/tutorial.py
[2023-07-23T00:09:15.894+0000] {processor.py:836} INFO - DAG(s) dict_keys(['tutorial']) retrieved from /home/airflow/.local/lib/python3.7/site-packages/airflow/example_dags/tutorial.py
[2023-07-23T00:09:15.916+0000] {logging_mixin.py:150} INFO - [2023-07-23T00:09:15.916+0000] {dag.py:2742} INFO - Sync 1 DAGs
[2023-07-23T00:09:15.931+0000] {logging_mixin.py:150} INFO - [2023-07-23T00:09:15.931+0000] {dag.py:3508} INFO - Setting next_dagrun for tutorial to 2023-07-22T00:09:15.931486+00:00, run_after=2023-07-23T00:09:15.931486+00:00
[2023-07-23T00:09:15.944+0000] {processor.py:179} INFO - Processing /home/airflow/.local/lib/python3.7/site-packages/airflow/example_dags/tutorial.py took 0.073 seconds
[2023-07-23T00:09:46.092+0000] {processor.py:157} INFO - Started process (PID=2625) to work on /home/airflow/.local/lib/python3.7/site-packages/airflow/example_dags/tutorial.py
[2023-07-23T00:09:46.094+0000] {processor.py:826} INFO - Processing file /home/airflow/.local/lib/python3.7/site-packages/airflow/example_dags/tutorial.py for tasks to queue
[2023-07-23T00:09:46.097+0000] {logging_mixin.py:150} INFO - [2023-07-23T00:09:46.096+0000] {dagbag.py:541} INFO - Filling up the DagBag from /home/airflow/.local/lib/python3.7/site-packages/airflow/example_dags/tutorial.py
[2023-07-23T00:09:46.107+0000] {processor.py:836} INFO - DAG(s) dict_keys(['tutorial']) retrieved from /home/airflow/.local/lib/python3.7/site-packages/airflow/example_dags/tutorial.py
[2023-07-23T00:09:46.137+0000] {logging_mixin.py:150} INFO - [2023-07-23T00:09:46.137+0000] {dag.py:2742} INFO - Sync 1 DAGs
[2023-07-23T00:09:46.159+0000] {logging_mixin.py:150} INFO - [2023-07-23T00:09:46.158+0000] {dag.py:3508} INFO - Setting next_dagrun for tutorial to 2023-07-22T00:09:46.158658+00:00, run_after=2023-07-23T00:09:46.158658+00:00
[2023-07-23T00:09:46.172+0000] {processor.py:179} INFO - Processing /home/airflow/.local/lib/python3.7/site-packages/airflow/example_dags/tutorial.py took 0.087 seconds
[2023-07-23T00:10:16.304+0000] {processor.py:157} INFO - Started process (PID=2688) to work on /home/airflow/.local/lib/python3.7/site-packages/airflow/example_dags/tutorial.py
[2023-07-23T00:10:16.305+0000] {processor.py:826} INFO - Processing file /home/airflow/.local/lib/python3.7/site-packages/airflow/example_dags/tutorial.py for tasks to queue
[2023-07-23T00:10:16.307+0000] {logging_mixin.py:150} INFO - [2023-07-23T00:10:16.306+0000] {dagbag.py:541} INFO - Filling up the DagBag from /home/airflow/.local/lib/python3.7/site-packages/airflow/example_dags/tutorial.py
[2023-07-23T00:10:16.315+0000] {processor.py:836} INFO - DAG(s) dict_keys(['tutorial']) retrieved from /home/airflow/.local/lib/python3.7/site-packages/airflow/example_dags/tutorial.py
[2023-07-23T00:10:16.336+0000] {logging_mixin.py:150} INFO - [2023-07-23T00:10:16.336+0000] {dag.py:2742} INFO - Sync 1 DAGs
[2023-07-23T00:10:16.351+0000] {logging_mixin.py:150} INFO - [2023-07-23T00:10:16.351+0000] {dag.py:3508} INFO - Setting next_dagrun for tutorial to 2023-07-22T00:10:16.351280+00:00, run_after=2023-07-23T00:10:16.351280+00:00
[2023-07-23T00:10:16.362+0000] {processor.py:179} INFO - Processing /home/airflow/.local/lib/python3.7/site-packages/airflow/example_dags/tutorial.py took 0.064 seconds
[2023-07-23T00:10:46.623+0000] {processor.py:157} INFO - Started process (PID=2751) to work on /home/airflow/.local/lib/python3.7/site-packages/airflow/example_dags/tutorial.py
[2023-07-23T00:10:46.624+0000] {processor.py:826} INFO - Processing file /home/airflow/.local/lib/python3.7/site-packages/airflow/example_dags/tutorial.py for tasks to queue
[2023-07-23T00:10:46.626+0000] {logging_mixin.py:150} INFO - [2023-07-23T00:10:46.626+0000] {dagbag.py:541} INFO - Filling up the DagBag from /home/airflow/.local/lib/python3.7/site-packages/airflow/example_dags/tutorial.py
[2023-07-23T00:10:46.634+0000] {processor.py:836} INFO - DAG(s) dict_keys(['tutorial']) retrieved from /home/airflow/.local/lib/python3.7/site-packages/airflow/example_dags/tutorial.py
[2023-07-23T00:10:46.656+0000] {logging_mixin.py:150} INFO - [2023-07-23T00:10:46.655+0000] {dag.py:2742} INFO - Sync 1 DAGs
[2023-07-23T00:10:46.670+0000] {logging_mixin.py:150} INFO - [2023-07-23T00:10:46.670+0000] {dag.py:3508} INFO - Setting next_dagrun for tutorial to 2023-07-22T00:10:46.670607+00:00, run_after=2023-07-23T00:10:46.670607+00:00
[2023-07-23T00:10:46.683+0000] {processor.py:179} INFO - Processing /home/airflow/.local/lib/python3.7/site-packages/airflow/example_dags/tutorial.py took 0.065 seconds
[2023-07-23T00:11:17.001+0000] {processor.py:157} INFO - Started process (PID=2814) to work on /home/airflow/.local/lib/python3.7/site-packages/airflow/example_dags/tutorial.py
[2023-07-23T00:11:17.003+0000] {processor.py:826} INFO - Processing file /home/airflow/.local/lib/python3.7/site-packages/airflow/example_dags/tutorial.py for tasks to queue
[2023-07-23T00:11:17.005+0000] {logging_mixin.py:150} INFO - [2023-07-23T00:11:17.004+0000] {dagbag.py:541} INFO - Filling up the DagBag from /home/airflow/.local/lib/python3.7/site-packages/airflow/example_dags/tutorial.py
[2023-07-23T00:11:17.012+0000] {processor.py:836} INFO - DAG(s) dict_keys(['tutorial']) retrieved from /home/airflow/.local/lib/python3.7/site-packages/airflow/example_dags/tutorial.py
[2023-07-23T00:11:17.039+0000] {logging_mixin.py:150} INFO - [2023-07-23T00:11:17.039+0000] {dag.py:2742} INFO - Sync 1 DAGs
[2023-07-23T00:11:17.059+0000] {logging_mixin.py:150} INFO - [2023-07-23T00:11:17.059+0000] {dag.py:3508} INFO - Setting next_dagrun for tutorial to 2023-07-22T00:11:17.059365+00:00, run_after=2023-07-23T00:11:17.059365+00:00
[2023-07-23T00:11:17.074+0000] {processor.py:179} INFO - Processing /home/airflow/.local/lib/python3.7/site-packages/airflow/example_dags/tutorial.py took 0.079 seconds
[2023-07-23T00:11:47.403+0000] {processor.py:157} INFO - Started process (PID=2876) to work on /home/airflow/.local/lib/python3.7/site-packages/airflow/example_dags/tutorial.py
[2023-07-23T00:11:47.405+0000] {processor.py:826} INFO - Processing file /home/airflow/.local/lib/python3.7/site-packages/airflow/example_dags/tutorial.py for tasks to queue
[2023-07-23T00:11:47.407+0000] {logging_mixin.py:150} INFO - [2023-07-23T00:11:47.406+0000] {dagbag.py:541} INFO - Filling up the DagBag from /home/airflow/.local/lib/python3.7/site-packages/airflow/example_dags/tutorial.py
[2023-07-23T00:11:47.414+0000] {processor.py:836} INFO - DAG(s) dict_keys(['tutorial']) retrieved from /home/airflow/.local/lib/python3.7/site-packages/airflow/example_dags/tutorial.py
[2023-07-23T00:11:47.434+0000] {logging_mixin.py:150} INFO - [2023-07-23T00:11:47.434+0000] {dag.py:2742} INFO - Sync 1 DAGs
[2023-07-23T00:11:47.449+0000] {logging_mixin.py:150} INFO - [2023-07-23T00:11:47.449+0000] {dag.py:3508} INFO - Setting next_dagrun for tutorial to 2023-07-22T00:11:47.449549+00:00, run_after=2023-07-23T00:11:47.449549+00:00
[2023-07-23T00:11:47.461+0000] {processor.py:179} INFO - Processing /home/airflow/.local/lib/python3.7/site-packages/airflow/example_dags/tutorial.py took 0.062 seconds
[2023-07-23T00:12:17.847+0000] {processor.py:157} INFO - Started process (PID=2940) to work on /home/airflow/.local/lib/python3.7/site-packages/airflow/example_dags/tutorial.py
[2023-07-23T00:12:17.849+0000] {processor.py:826} INFO - Processing file /home/airflow/.local/lib/python3.7/site-packages/airflow/example_dags/tutorial.py for tasks to queue
[2023-07-23T00:12:17.850+0000] {logging_mixin.py:150} INFO - [2023-07-23T00:12:17.850+0000] {dagbag.py:541} INFO - Filling up the DagBag from /home/airflow/.local/lib/python3.7/site-packages/airflow/example_dags/tutorial.py
[2023-07-23T00:12:17.859+0000] {processor.py:836} INFO - DAG(s) dict_keys(['tutorial']) retrieved from /home/airflow/.local/lib/python3.7/site-packages/airflow/example_dags/tutorial.py
[2023-07-23T00:12:17.908+0000] {logging_mixin.py:150} INFO - [2023-07-23T00:12:17.908+0000] {dag.py:2742} INFO - Sync 1 DAGs
[2023-07-23T00:12:17.933+0000] {logging_mixin.py:150} INFO - [2023-07-23T00:12:17.933+0000] {dag.py:3508} INFO - Setting next_dagrun for tutorial to 2023-07-22T00:12:17.933377+00:00, run_after=2023-07-23T00:12:17.933377+00:00
[2023-07-23T00:12:17.955+0000] {processor.py:179} INFO - Processing /home/airflow/.local/lib/python3.7/site-packages/airflow/example_dags/tutorial.py took 0.113 seconds
[2023-07-23T00:12:48.314+0000] {processor.py:157} INFO - Started process (PID=3003) to work on /home/airflow/.local/lib/python3.7/site-packages/airflow/example_dags/tutorial.py
[2023-07-23T00:12:48.319+0000] {processor.py:826} INFO - Processing file /home/airflow/.local/lib/python3.7/site-packages/airflow/example_dags/tutorial.py for tasks to queue
[2023-07-23T00:12:48.321+0000] {logging_mixin.py:150} INFO - [2023-07-23T00:12:48.321+0000] {dagbag.py:541} INFO - Filling up the DagBag from /home/airflow/.local/lib/python3.7/site-packages/airflow/example_dags/tutorial.py
[2023-07-23T00:12:48.331+0000] {processor.py:836} INFO - DAG(s) dict_keys(['tutorial']) retrieved from /home/airflow/.local/lib/python3.7/site-packages/airflow/example_dags/tutorial.py
[2023-07-23T00:12:48.362+0000] {logging_mixin.py:150} INFO - [2023-07-23T00:12:48.362+0000] {dag.py:2742} INFO - Sync 1 DAGs
[2023-07-23T00:12:48.381+0000] {logging_mixin.py:150} INFO - [2023-07-23T00:12:48.381+0000] {dag.py:3508} INFO - Setting next_dagrun for tutorial to 2023-07-22T00:12:48.381381+00:00, run_after=2023-07-23T00:12:48.381381+00:00
[2023-07-23T00:12:48.394+0000] {processor.py:179} INFO - Processing /home/airflow/.local/lib/python3.7/site-packages/airflow/example_dags/tutorial.py took 0.087 seconds
[2023-07-23T00:13:18.586+0000] {processor.py:157} INFO - Started process (PID=3066) to work on /home/airflow/.local/lib/python3.7/site-packages/airflow/example_dags/tutorial.py
[2023-07-23T00:13:18.587+0000] {processor.py:826} INFO - Processing file /home/airflow/.local/lib/python3.7/site-packages/airflow/example_dags/tutorial.py for tasks to queue
[2023-07-23T00:13:18.588+0000] {logging_mixin.py:150} INFO - [2023-07-23T00:13:18.588+0000] {dagbag.py:541} INFO - Filling up the DagBag from /home/airflow/.local/lib/python3.7/site-packages/airflow/example_dags/tutorial.py
[2023-07-23T00:13:18.596+0000] {processor.py:836} INFO - DAG(s) dict_keys(['tutorial']) retrieved from /home/airflow/.local/lib/python3.7/site-packages/airflow/example_dags/tutorial.py
[2023-07-23T00:13:18.621+0000] {logging_mixin.py:150} INFO - [2023-07-23T00:13:18.621+0000] {dag.py:2742} INFO - Sync 1 DAGs
[2023-07-23T00:13:18.642+0000] {logging_mixin.py:150} INFO - [2023-07-23T00:13:18.642+0000] {dag.py:3508} INFO - Setting next_dagrun for tutorial to 2023-07-22T00:13:18.642228+00:00, run_after=2023-07-23T00:13:18.642228+00:00
[2023-07-23T00:13:18.658+0000] {processor.py:179} INFO - Processing /home/airflow/.local/lib/python3.7/site-packages/airflow/example_dags/tutorial.py took 0.077 seconds
[2023-07-23T00:13:49.534+0000] {processor.py:157} INFO - Started process (PID=3130) to work on /home/airflow/.local/lib/python3.7/site-packages/airflow/example_dags/tutorial.py
[2023-07-23T00:13:49.535+0000] {processor.py:826} INFO - Processing file /home/airflow/.local/lib/python3.7/site-packages/airflow/example_dags/tutorial.py for tasks to queue
[2023-07-23T00:13:49.536+0000] {logging_mixin.py:150} INFO - [2023-07-23T00:13:49.535+0000] {dagbag.py:541} INFO - Filling up the DagBag from /home/airflow/.local/lib/python3.7/site-packages/airflow/example_dags/tutorial.py
[2023-07-23T00:13:49.542+0000] {processor.py:836} INFO - DAG(s) dict_keys(['tutorial']) retrieved from /home/airflow/.local/lib/python3.7/site-packages/airflow/example_dags/tutorial.py
[2023-07-23T00:13:49.563+0000] {logging_mixin.py:150} INFO - [2023-07-23T00:13:49.563+0000] {dag.py:2742} INFO - Sync 1 DAGs
[2023-07-23T00:13:49.583+0000] {logging_mixin.py:150} INFO - [2023-07-23T00:13:49.583+0000] {dag.py:3508} INFO - Setting next_dagrun for tutorial to 2023-07-22T00:13:49.583227+00:00, run_after=2023-07-23T00:13:49.583227+00:00
[2023-07-23T00:13:49.600+0000] {processor.py:179} INFO - Processing /home/airflow/.local/lib/python3.7/site-packages/airflow/example_dags/tutorial.py took 0.069 seconds
[2023-07-23T00:14:19.658+0000] {processor.py:157} INFO - Started process (PID=3193) to work on /home/airflow/.local/lib/python3.7/site-packages/airflow/example_dags/tutorial.py
[2023-07-23T00:14:19.660+0000] {processor.py:826} INFO - Processing file /home/airflow/.local/lib/python3.7/site-packages/airflow/example_dags/tutorial.py for tasks to queue
[2023-07-23T00:14:19.662+0000] {logging_mixin.py:150} INFO - [2023-07-23T00:14:19.661+0000] {dagbag.py:541} INFO - Filling up the DagBag from /home/airflow/.local/lib/python3.7/site-packages/airflow/example_dags/tutorial.py
[2023-07-23T00:14:19.673+0000] {processor.py:836} INFO - DAG(s) dict_keys(['tutorial']) retrieved from /home/airflow/.local/lib/python3.7/site-packages/airflow/example_dags/tutorial.py
[2023-07-23T00:14:19.694+0000] {logging_mixin.py:150} INFO - [2023-07-23T00:14:19.694+0000] {dag.py:2742} INFO - Sync 1 DAGs
[2023-07-23T00:14:19.712+0000] {logging_mixin.py:150} INFO - [2023-07-23T00:14:19.712+0000] {dag.py:3508} INFO - Setting next_dagrun for tutorial to 2023-07-22T00:14:19.712110+00:00, run_after=2023-07-23T00:14:19.712110+00:00
[2023-07-23T00:14:19.724+0000] {processor.py:179} INFO - Processing /home/airflow/.local/lib/python3.7/site-packages/airflow/example_dags/tutorial.py took 0.071 seconds
[2023-07-23T00:14:50.102+0000] {processor.py:157} INFO - Started process (PID=3256) to work on /home/airflow/.local/lib/python3.7/site-packages/airflow/example_dags/tutorial.py
[2023-07-23T00:14:50.103+0000] {processor.py:826} INFO - Processing file /home/airflow/.local/lib/python3.7/site-packages/airflow/example_dags/tutorial.py for tasks to queue
[2023-07-23T00:14:50.105+0000] {logging_mixin.py:150} INFO - [2023-07-23T00:14:50.105+0000] {dagbag.py:541} INFO - Filling up the DagBag from /home/airflow/.local/lib/python3.7/site-packages/airflow/example_dags/tutorial.py
[2023-07-23T00:14:50.135+0000] {processor.py:836} INFO - DAG(s) dict_keys(['tutorial']) retrieved from /home/airflow/.local/lib/python3.7/site-packages/airflow/example_dags/tutorial.py
[2023-07-23T00:14:50.182+0000] {logging_mixin.py:150} INFO - [2023-07-23T00:14:50.182+0000] {dag.py:2742} INFO - Sync 1 DAGs
[2023-07-23T00:14:50.216+0000] {logging_mixin.py:150} INFO - [2023-07-23T00:14:50.216+0000] {dag.py:3508} INFO - Setting next_dagrun for tutorial to 2023-07-22T00:14:50.215693+00:00, run_after=2023-07-23T00:14:50.215693+00:00
[2023-07-23T00:14:50.288+0000] {processor.py:179} INFO - Processing /home/airflow/.local/lib/python3.7/site-packages/airflow/example_dags/tutorial.py took 0.190 seconds
[2023-07-23T00:15:20.437+0000] {processor.py:157} INFO - Started process (PID=3319) to work on /home/airflow/.local/lib/python3.7/site-packages/airflow/example_dags/tutorial.py
[2023-07-23T00:15:20.439+0000] {processor.py:826} INFO - Processing file /home/airflow/.local/lib/python3.7/site-packages/airflow/example_dags/tutorial.py for tasks to queue
[2023-07-23T00:15:20.440+0000] {logging_mixin.py:150} INFO - [2023-07-23T00:15:20.440+0000] {dagbag.py:541} INFO - Filling up the DagBag from /home/airflow/.local/lib/python3.7/site-packages/airflow/example_dags/tutorial.py
[2023-07-23T00:15:20.457+0000] {processor.py:836} INFO - DAG(s) dict_keys(['tutorial']) retrieved from /home/airflow/.local/lib/python3.7/site-packages/airflow/example_dags/tutorial.py
[2023-07-23T00:15:20.481+0000] {logging_mixin.py:150} INFO - [2023-07-23T00:15:20.481+0000] {dag.py:2742} INFO - Sync 1 DAGs
[2023-07-23T00:15:20.499+0000] {logging_mixin.py:150} INFO - [2023-07-23T00:15:20.499+0000] {dag.py:3508} INFO - Setting next_dagrun for tutorial to 2023-07-22T00:15:20.499317+00:00, run_after=2023-07-23T00:15:20.499317+00:00
[2023-07-23T00:15:20.510+0000] {processor.py:179} INFO - Processing /home/airflow/.local/lib/python3.7/site-packages/airflow/example_dags/tutorial.py took 0.077 seconds
[2023-07-23T00:15:51.545+0000] {processor.py:157} INFO - Started process (PID=3382) to work on /home/airflow/.local/lib/python3.7/site-packages/airflow/example_dags/tutorial.py
[2023-07-23T00:15:51.546+0000] {processor.py:826} INFO - Processing file /home/airflow/.local/lib/python3.7/site-packages/airflow/example_dags/tutorial.py for tasks to queue
[2023-07-23T00:15:51.547+0000] {logging_mixin.py:150} INFO - [2023-07-23T00:15:51.547+0000] {dagbag.py:541} INFO - Filling up the DagBag from /home/airflow/.local/lib/python3.7/site-packages/airflow/example_dags/tutorial.py
[2023-07-23T00:15:51.552+0000] {processor.py:836} INFO - DAG(s) dict_keys(['tutorial']) retrieved from /home/airflow/.local/lib/python3.7/site-packages/airflow/example_dags/tutorial.py
[2023-07-23T00:15:51.574+0000] {logging_mixin.py:150} INFO - [2023-07-23T00:15:51.574+0000] {dag.py:2742} INFO - Sync 1 DAGs
[2023-07-23T00:15:51.592+0000] {logging_mixin.py:150} INFO - [2023-07-23T00:15:51.592+0000] {dag.py:3508} INFO - Setting next_dagrun for tutorial to 2023-07-22T00:15:51.592137+00:00, run_after=2023-07-23T00:15:51.592137+00:00
[2023-07-23T00:15:51.603+0000] {processor.py:179} INFO - Processing /home/airflow/.local/lib/python3.7/site-packages/airflow/example_dags/tutorial.py took 0.061 seconds
[2023-07-23T00:16:23.605+0000] {processor.py:157} INFO - Started process (PID=3446) to work on /home/airflow/.local/lib/python3.7/site-packages/airflow/example_dags/tutorial.py
[2023-07-23T00:16:23.607+0000] {processor.py:826} INFO - Processing file /home/airflow/.local/lib/python3.7/site-packages/airflow/example_dags/tutorial.py for tasks to queue
[2023-07-23T00:16:23.609+0000] {logging_mixin.py:150} INFO - [2023-07-23T00:16:23.608+0000] {dagbag.py:541} INFO - Filling up the DagBag from /home/airflow/.local/lib/python3.7/site-packages/airflow/example_dags/tutorial.py
[2023-07-23T00:16:23.617+0000] {processor.py:836} INFO - DAG(s) dict_keys(['tutorial']) retrieved from /home/airflow/.local/lib/python3.7/site-packages/airflow/example_dags/tutorial.py
[2023-07-23T00:16:23.644+0000] {logging_mixin.py:150} INFO - [2023-07-23T00:16:23.644+0000] {dag.py:2742} INFO - Sync 1 DAGs
[2023-07-23T00:16:23.674+0000] {logging_mixin.py:150} INFO - [2023-07-23T00:16:23.674+0000] {dag.py:3508} INFO - Setting next_dagrun for tutorial to 2023-07-22T00:16:23.673818+00:00, run_after=2023-07-23T00:16:23.673818+00:00
[2023-07-23T00:16:23.709+0000] {processor.py:179} INFO - Processing /home/airflow/.local/lib/python3.7/site-packages/airflow/example_dags/tutorial.py took 0.108 seconds
[2023-07-23T00:16:54.805+0000] {processor.py:157} INFO - Started process (PID=3511) to work on /home/airflow/.local/lib/python3.7/site-packages/airflow/example_dags/tutorial.py
[2023-07-23T00:16:54.811+0000] {processor.py:826} INFO - Processing file /home/airflow/.local/lib/python3.7/site-packages/airflow/example_dags/tutorial.py for tasks to queue
[2023-07-23T00:16:54.814+0000] {logging_mixin.py:150} INFO - [2023-07-23T00:16:54.813+0000] {dagbag.py:541} INFO - Filling up the DagBag from /home/airflow/.local/lib/python3.7/site-packages/airflow/example_dags/tutorial.py
[2023-07-23T00:16:54.827+0000] {processor.py:836} INFO - DAG(s) dict_keys(['tutorial']) retrieved from /home/airflow/.local/lib/python3.7/site-packages/airflow/example_dags/tutorial.py
[2023-07-23T00:16:54.882+0000] {logging_mixin.py:150} INFO - [2023-07-23T00:16:54.882+0000] {dag.py:2742} INFO - Sync 1 DAGs
[2023-07-23T00:16:54.913+0000] {logging_mixin.py:150} INFO - [2023-07-23T00:16:54.913+0000] {dag.py:3508} INFO - Setting next_dagrun for tutorial to 2023-07-22T00:16:54.912879+00:00, run_after=2023-07-23T00:16:54.912879+00:00
[2023-07-23T00:16:54.930+0000] {processor.py:179} INFO - Processing /home/airflow/.local/lib/python3.7/site-packages/airflow/example_dags/tutorial.py took 0.155 seconds
[2023-07-23T00:17:26.304+0000] {processor.py:157} INFO - Started process (PID=3576) to work on /home/airflow/.local/lib/python3.7/site-packages/airflow/example_dags/tutorial.py
[2023-07-23T00:17:26.306+0000] {processor.py:826} INFO - Processing file /home/airflow/.local/lib/python3.7/site-packages/airflow/example_dags/tutorial.py for tasks to queue
[2023-07-23T00:17:26.307+0000] {logging_mixin.py:150} INFO - [2023-07-23T00:17:26.307+0000] {dagbag.py:541} INFO - Filling up the DagBag from /home/airflow/.local/lib/python3.7/site-packages/airflow/example_dags/tutorial.py
[2023-07-23T00:17:26.316+0000] {processor.py:836} INFO - DAG(s) dict_keys(['tutorial']) retrieved from /home/airflow/.local/lib/python3.7/site-packages/airflow/example_dags/tutorial.py
[2023-07-23T00:17:26.360+0000] {logging_mixin.py:150} INFO - [2023-07-23T00:17:26.360+0000] {dag.py:2742} INFO - Sync 1 DAGs
[2023-07-23T00:17:26.394+0000] {logging_mixin.py:150} INFO - [2023-07-23T00:17:26.394+0000] {dag.py:3508} INFO - Setting next_dagrun for tutorial to 2023-07-22T00:17:26.393092+00:00, run_after=2023-07-23T00:17:26.393092+00:00
[2023-07-23T00:17:26.427+0000] {processor.py:179} INFO - Processing /home/airflow/.local/lib/python3.7/site-packages/airflow/example_dags/tutorial.py took 0.128 seconds
[2023-07-23T00:17:57.471+0000] {processor.py:157} INFO - Started process (PID=3638) to work on /home/airflow/.local/lib/python3.7/site-packages/airflow/example_dags/tutorial.py
[2023-07-23T00:17:57.491+0000] {processor.py:826} INFO - Processing file /home/airflow/.local/lib/python3.7/site-packages/airflow/example_dags/tutorial.py for tasks to queue
[2023-07-23T00:17:57.503+0000] {logging_mixin.py:150} INFO - [2023-07-23T00:17:57.501+0000] {dagbag.py:541} INFO - Filling up the DagBag from /home/airflow/.local/lib/python3.7/site-packages/airflow/example_dags/tutorial.py
[2023-07-23T00:17:57.533+0000] {processor.py:836} INFO - DAG(s) dict_keys(['tutorial']) retrieved from /home/airflow/.local/lib/python3.7/site-packages/airflow/example_dags/tutorial.py
[2023-07-23T00:17:57.586+0000] {logging_mixin.py:150} INFO - [2023-07-23T00:17:57.586+0000] {dag.py:2742} INFO - Sync 1 DAGs
[2023-07-23T00:17:57.612+0000] {logging_mixin.py:150} INFO - [2023-07-23T00:17:57.612+0000] {dag.py:3508} INFO - Setting next_dagrun for tutorial to 2023-07-22T00:17:57.612052+00:00, run_after=2023-07-23T00:17:57.612052+00:00
[2023-07-23T00:17:57.645+0000] {processor.py:179} INFO - Processing /home/airflow/.local/lib/python3.7/site-packages/airflow/example_dags/tutorial.py took 0.184 seconds
[2023-07-23T00:18:27.746+0000] {processor.py:157} INFO - Started process (PID=3697) to work on /home/airflow/.local/lib/python3.7/site-packages/airflow/example_dags/tutorial.py
[2023-07-23T00:18:27.747+0000] {processor.py:826} INFO - Processing file /home/airflow/.local/lib/python3.7/site-packages/airflow/example_dags/tutorial.py for tasks to queue
[2023-07-23T00:18:27.748+0000] {logging_mixin.py:150} INFO - [2023-07-23T00:18:27.748+0000] {dagbag.py:541} INFO - Filling up the DagBag from /home/airflow/.local/lib/python3.7/site-packages/airflow/example_dags/tutorial.py
[2023-07-23T00:18:27.754+0000] {processor.py:836} INFO - DAG(s) dict_keys(['tutorial']) retrieved from /home/airflow/.local/lib/python3.7/site-packages/airflow/example_dags/tutorial.py
[2023-07-23T00:18:27.771+0000] {logging_mixin.py:150} INFO - [2023-07-23T00:18:27.770+0000] {dag.py:2742} INFO - Sync 1 DAGs
[2023-07-23T00:18:27.785+0000] {logging_mixin.py:150} INFO - [2023-07-23T00:18:27.785+0000] {dag.py:3508} INFO - Setting next_dagrun for tutorial to 2023-07-22T00:18:27.785456+00:00, run_after=2023-07-23T00:18:27.785456+00:00
[2023-07-23T00:18:27.796+0000] {processor.py:179} INFO - Processing /home/airflow/.local/lib/python3.7/site-packages/airflow/example_dags/tutorial.py took 0.052 seconds
[2023-07-23T00:18:58.236+0000] {processor.py:157} INFO - Started process (PID=3759) to work on /home/airflow/.local/lib/python3.7/site-packages/airflow/example_dags/tutorial.py
[2023-07-23T00:18:58.237+0000] {processor.py:826} INFO - Processing file /home/airflow/.local/lib/python3.7/site-packages/airflow/example_dags/tutorial.py for tasks to queue
[2023-07-23T00:18:58.237+0000] {logging_mixin.py:150} INFO - [2023-07-23T00:18:58.237+0000] {dagbag.py:541} INFO - Filling up the DagBag from /home/airflow/.local/lib/python3.7/site-packages/airflow/example_dags/tutorial.py
[2023-07-23T00:18:58.243+0000] {processor.py:836} INFO - DAG(s) dict_keys(['tutorial']) retrieved from /home/airflow/.local/lib/python3.7/site-packages/airflow/example_dags/tutorial.py
[2023-07-23T00:18:58.259+0000] {logging_mixin.py:150} INFO - [2023-07-23T00:18:58.259+0000] {dag.py:2742} INFO - Sync 1 DAGs
[2023-07-23T00:18:58.274+0000] {logging_mixin.py:150} INFO - [2023-07-23T00:18:58.273+0000] {dag.py:3508} INFO - Setting next_dagrun for tutorial to 2023-07-22T00:18:58.273729+00:00, run_after=2023-07-23T00:18:58.273729+00:00
[2023-07-23T00:18:58.285+0000] {processor.py:179} INFO - Processing /home/airflow/.local/lib/python3.7/site-packages/airflow/example_dags/tutorial.py took 0.051 seconds
[2023-07-23T00:19:29.179+0000] {processor.py:157} INFO - Started process (PID=3822) to work on /home/airflow/.local/lib/python3.7/site-packages/airflow/example_dags/tutorial.py
[2023-07-23T00:19:29.181+0000] {processor.py:826} INFO - Processing file /home/airflow/.local/lib/python3.7/site-packages/airflow/example_dags/tutorial.py for tasks to queue
[2023-07-23T00:19:29.182+0000] {logging_mixin.py:150} INFO - [2023-07-23T00:19:29.182+0000] {dagbag.py:541} INFO - Filling up the DagBag from /home/airflow/.local/lib/python3.7/site-packages/airflow/example_dags/tutorial.py
[2023-07-23T00:19:29.199+0000] {processor.py:836} INFO - DAG(s) dict_keys(['tutorial']) retrieved from /home/airflow/.local/lib/python3.7/site-packages/airflow/example_dags/tutorial.py
[2023-07-23T00:19:29.222+0000] {logging_mixin.py:150} INFO - [2023-07-23T00:19:29.222+0000] {dag.py:2742} INFO - Sync 1 DAGs
[2023-07-23T00:19:29.241+0000] {logging_mixin.py:150} INFO - [2023-07-23T00:19:29.241+0000] {dag.py:3508} INFO - Setting next_dagrun for tutorial to 2023-07-22T00:19:29.241256+00:00, run_after=2023-07-23T00:19:29.241256+00:00
[2023-07-23T00:19:29.255+0000] {processor.py:179} INFO - Processing /home/airflow/.local/lib/python3.7/site-packages/airflow/example_dags/tutorial.py took 0.080 seconds
[2023-07-23T00:19:59.550+0000] {processor.py:157} INFO - Started process (PID=3885) to work on /home/airflow/.local/lib/python3.7/site-packages/airflow/example_dags/tutorial.py
[2023-07-23T00:19:59.551+0000] {processor.py:826} INFO - Processing file /home/airflow/.local/lib/python3.7/site-packages/airflow/example_dags/tutorial.py for tasks to queue
[2023-07-23T00:19:59.552+0000] {logging_mixin.py:150} INFO - [2023-07-23T00:19:59.552+0000] {dagbag.py:541} INFO - Filling up the DagBag from /home/airflow/.local/lib/python3.7/site-packages/airflow/example_dags/tutorial.py
[2023-07-23T00:19:59.558+0000] {processor.py:836} INFO - DAG(s) dict_keys(['tutorial']) retrieved from /home/airflow/.local/lib/python3.7/site-packages/airflow/example_dags/tutorial.py
[2023-07-23T00:19:59.581+0000] {logging_mixin.py:150} INFO - [2023-07-23T00:19:59.581+0000] {dag.py:2742} INFO - Sync 1 DAGs
[2023-07-23T00:19:59.596+0000] {logging_mixin.py:150} INFO - [2023-07-23T00:19:59.596+0000] {dag.py:3508} INFO - Setting next_dagrun for tutorial to 2023-07-22T00:19:59.596664+00:00, run_after=2023-07-23T00:19:59.596664+00:00
[2023-07-23T00:19:59.608+0000] {processor.py:179} INFO - Processing /home/airflow/.local/lib/python3.7/site-packages/airflow/example_dags/tutorial.py took 0.060 seconds
[2023-07-23T00:20:29.798+0000] {processor.py:157} INFO - Started process (PID=3948) to work on /home/airflow/.local/lib/python3.7/site-packages/airflow/example_dags/tutorial.py
[2023-07-23T00:20:29.799+0000] {processor.py:826} INFO - Processing file /home/airflow/.local/lib/python3.7/site-packages/airflow/example_dags/tutorial.py for tasks to queue
[2023-07-23T00:20:29.800+0000] {logging_mixin.py:150} INFO - [2023-07-23T00:20:29.800+0000] {dagbag.py:541} INFO - Filling up the DagBag from /home/airflow/.local/lib/python3.7/site-packages/airflow/example_dags/tutorial.py
[2023-07-23T00:20:29.805+0000] {processor.py:836} INFO - DAG(s) dict_keys(['tutorial']) retrieved from /home/airflow/.local/lib/python3.7/site-packages/airflow/example_dags/tutorial.py
[2023-07-23T00:20:29.823+0000] {logging_mixin.py:150} INFO - [2023-07-23T00:20:29.823+0000] {dag.py:2742} INFO - Sync 1 DAGs
[2023-07-23T00:20:29.838+0000] {logging_mixin.py:150} INFO - [2023-07-23T00:20:29.838+0000] {dag.py:3508} INFO - Setting next_dagrun for tutorial to 2023-07-22T00:20:29.838163+00:00, run_after=2023-07-23T00:20:29.838163+00:00
[2023-07-23T00:20:29.849+0000] {processor.py:179} INFO - Processing /home/airflow/.local/lib/python3.7/site-packages/airflow/example_dags/tutorial.py took 0.054 seconds
[2023-07-23T00:21:00.235+0000] {processor.py:157} INFO - Started process (PID=4011) to work on /home/airflow/.local/lib/python3.7/site-packages/airflow/example_dags/tutorial.py
[2023-07-23T00:21:00.236+0000] {processor.py:826} INFO - Processing file /home/airflow/.local/lib/python3.7/site-packages/airflow/example_dags/tutorial.py for tasks to queue
[2023-07-23T00:21:00.237+0000] {logging_mixin.py:150} INFO - [2023-07-23T00:21:00.236+0000] {dagbag.py:541} INFO - Filling up the DagBag from /home/airflow/.local/lib/python3.7/site-packages/airflow/example_dags/tutorial.py
[2023-07-23T00:21:00.242+0000] {processor.py:836} INFO - DAG(s) dict_keys(['tutorial']) retrieved from /home/airflow/.local/lib/python3.7/site-packages/airflow/example_dags/tutorial.py
[2023-07-23T00:21:00.259+0000] {logging_mixin.py:150} INFO - [2023-07-23T00:21:00.259+0000] {dag.py:2742} INFO - Sync 1 DAGs
[2023-07-23T00:21:00.273+0000] {logging_mixin.py:150} INFO - [2023-07-23T00:21:00.273+0000] {dag.py:3508} INFO - Setting next_dagrun for tutorial to 2023-07-22T00:21:00.273483+00:00, run_after=2023-07-23T00:21:00.273483+00:00
[2023-07-23T00:21:00.284+0000] {processor.py:179} INFO - Processing /home/airflow/.local/lib/python3.7/site-packages/airflow/example_dags/tutorial.py took 0.052 seconds
[2023-07-23T00:21:30.787+0000] {processor.py:157} INFO - Started process (PID=4074) to work on /home/airflow/.local/lib/python3.7/site-packages/airflow/example_dags/tutorial.py
[2023-07-23T00:21:30.788+0000] {processor.py:826} INFO - Processing file /home/airflow/.local/lib/python3.7/site-packages/airflow/example_dags/tutorial.py for tasks to queue
[2023-07-23T00:21:30.789+0000] {logging_mixin.py:150} INFO - [2023-07-23T00:21:30.789+0000] {dagbag.py:541} INFO - Filling up the DagBag from /home/airflow/.local/lib/python3.7/site-packages/airflow/example_dags/tutorial.py
[2023-07-23T00:21:30.795+0000] {processor.py:836} INFO - DAG(s) dict_keys(['tutorial']) retrieved from /home/airflow/.local/lib/python3.7/site-packages/airflow/example_dags/tutorial.py
[2023-07-23T00:21:30.813+0000] {logging_mixin.py:150} INFO - [2023-07-23T00:21:30.812+0000] {dag.py:2742} INFO - Sync 1 DAGs
[2023-07-23T00:21:30.829+0000] {logging_mixin.py:150} INFO - [2023-07-23T00:21:30.829+0000] {dag.py:3508} INFO - Setting next_dagrun for tutorial to 2023-07-22T00:21:30.828855+00:00, run_after=2023-07-23T00:21:30.828855+00:00
[2023-07-23T00:21:30.840+0000] {processor.py:179} INFO - Processing /home/airflow/.local/lib/python3.7/site-packages/airflow/example_dags/tutorial.py took 0.056 seconds
[2023-07-23T00:22:01.083+0000] {processor.py:157} INFO - Started process (PID=4136) to work on /home/airflow/.local/lib/python3.7/site-packages/airflow/example_dags/tutorial.py
[2023-07-23T00:22:01.086+0000] {processor.py:826} INFO - Processing file /home/airflow/.local/lib/python3.7/site-packages/airflow/example_dags/tutorial.py for tasks to queue
[2023-07-23T00:22:01.088+0000] {logging_mixin.py:150} INFO - [2023-07-23T00:22:01.087+0000] {dagbag.py:541} INFO - Filling up the DagBag from /home/airflow/.local/lib/python3.7/site-packages/airflow/example_dags/tutorial.py
[2023-07-23T00:22:01.098+0000] {processor.py:836} INFO - DAG(s) dict_keys(['tutorial']) retrieved from /home/airflow/.local/lib/python3.7/site-packages/airflow/example_dags/tutorial.py
[2023-07-23T00:22:01.119+0000] {logging_mixin.py:150} INFO - [2023-07-23T00:22:01.119+0000] {dag.py:2742} INFO - Sync 1 DAGs
[2023-07-23T00:22:01.134+0000] {logging_mixin.py:150} INFO - [2023-07-23T00:22:01.134+0000] {dag.py:3508} INFO - Setting next_dagrun for tutorial to 2023-07-22T00:22:01.134226+00:00, run_after=2023-07-23T00:22:01.134226+00:00
[2023-07-23T00:22:01.146+0000] {processor.py:179} INFO - Processing /home/airflow/.local/lib/python3.7/site-packages/airflow/example_dags/tutorial.py took 0.065 seconds
[2023-07-23T00:22:31.484+0000] {processor.py:157} INFO - Started process (PID=4199) to work on /home/airflow/.local/lib/python3.7/site-packages/airflow/example_dags/tutorial.py
[2023-07-23T00:22:31.487+0000] {processor.py:826} INFO - Processing file /home/airflow/.local/lib/python3.7/site-packages/airflow/example_dags/tutorial.py for tasks to queue
[2023-07-23T00:22:31.488+0000] {logging_mixin.py:150} INFO - [2023-07-23T00:22:31.487+0000] {dagbag.py:541} INFO - Filling up the DagBag from /home/airflow/.local/lib/python3.7/site-packages/airflow/example_dags/tutorial.py
[2023-07-23T00:22:31.496+0000] {processor.py:836} INFO - DAG(s) dict_keys(['tutorial']) retrieved from /home/airflow/.local/lib/python3.7/site-packages/airflow/example_dags/tutorial.py
[2023-07-23T00:22:31.521+0000] {logging_mixin.py:150} INFO - [2023-07-23T00:22:31.521+0000] {dag.py:2742} INFO - Sync 1 DAGs
[2023-07-23T00:22:31.539+0000] {logging_mixin.py:150} INFO - [2023-07-23T00:22:31.539+0000] {dag.py:3508} INFO - Setting next_dagrun for tutorial to 2023-07-22T00:22:31.539223+00:00, run_after=2023-07-23T00:22:31.539223+00:00
[2023-07-23T00:22:31.551+0000] {processor.py:179} INFO - Processing /home/airflow/.local/lib/python3.7/site-packages/airflow/example_dags/tutorial.py took 0.071 seconds
[2023-07-23T00:23:02.601+0000] {processor.py:157} INFO - Started process (PID=4262) to work on /home/airflow/.local/lib/python3.7/site-packages/airflow/example_dags/tutorial.py
[2023-07-23T00:23:02.602+0000] {processor.py:826} INFO - Processing file /home/airflow/.local/lib/python3.7/site-packages/airflow/example_dags/tutorial.py for tasks to queue
[2023-07-23T00:23:02.603+0000] {logging_mixin.py:150} INFO - [2023-07-23T00:23:02.603+0000] {dagbag.py:541} INFO - Filling up the DagBag from /home/airflow/.local/lib/python3.7/site-packages/airflow/example_dags/tutorial.py
[2023-07-23T00:23:02.609+0000] {processor.py:836} INFO - DAG(s) dict_keys(['tutorial']) retrieved from /home/airflow/.local/lib/python3.7/site-packages/airflow/example_dags/tutorial.py
[2023-07-23T00:23:02.626+0000] {logging_mixin.py:150} INFO - [2023-07-23T00:23:02.626+0000] {dag.py:2742} INFO - Sync 1 DAGs
[2023-07-23T00:23:02.640+0000] {logging_mixin.py:150} INFO - [2023-07-23T00:23:02.640+0000] {dag.py:3508} INFO - Setting next_dagrun for tutorial to 2023-07-22T00:23:02.640311+00:00, run_after=2023-07-23T00:23:02.640311+00:00
[2023-07-23T00:23:02.650+0000] {processor.py:179} INFO - Processing /home/airflow/.local/lib/python3.7/site-packages/airflow/example_dags/tutorial.py took 0.052 seconds
[2023-07-23T00:23:33.007+0000] {processor.py:157} INFO - Started process (PID=4328) to work on /home/airflow/.local/lib/python3.7/site-packages/airflow/example_dags/tutorial.py
[2023-07-23T00:23:33.009+0000] {processor.py:826} INFO - Processing file /home/airflow/.local/lib/python3.7/site-packages/airflow/example_dags/tutorial.py for tasks to queue
[2023-07-23T00:23:33.009+0000] {logging_mixin.py:150} INFO - [2023-07-23T00:23:33.009+0000] {dagbag.py:541} INFO - Filling up the DagBag from /home/airflow/.local/lib/python3.7/site-packages/airflow/example_dags/tutorial.py
[2023-07-23T00:23:33.015+0000] {processor.py:836} INFO - DAG(s) dict_keys(['tutorial']) retrieved from /home/airflow/.local/lib/python3.7/site-packages/airflow/example_dags/tutorial.py
[2023-07-23T00:23:33.039+0000] {logging_mixin.py:150} INFO - [2023-07-23T00:23:33.039+0000] {dag.py:2742} INFO - Sync 1 DAGs
[2023-07-23T00:23:33.057+0000] {logging_mixin.py:150} INFO - [2023-07-23T00:23:33.057+0000] {dag.py:3508} INFO - Setting next_dagrun for tutorial to 2023-07-22T00:23:33.057144+00:00, run_after=2023-07-23T00:23:33.057144+00:00
[2023-07-23T00:23:33.068+0000] {processor.py:179} INFO - Processing /home/airflow/.local/lib/python3.7/site-packages/airflow/example_dags/tutorial.py took 0.064 seconds
[2023-07-23T00:24:03.185+0000] {processor.py:157} INFO - Started process (PID=4391) to work on /home/airflow/.local/lib/python3.7/site-packages/airflow/example_dags/tutorial.py
[2023-07-23T00:24:03.186+0000] {processor.py:826} INFO - Processing file /home/airflow/.local/lib/python3.7/site-packages/airflow/example_dags/tutorial.py for tasks to queue
[2023-07-23T00:24:03.187+0000] {logging_mixin.py:150} INFO - [2023-07-23T00:24:03.186+0000] {dagbag.py:541} INFO - Filling up the DagBag from /home/airflow/.local/lib/python3.7/site-packages/airflow/example_dags/tutorial.py
[2023-07-23T00:24:03.191+0000] {processor.py:836} INFO - DAG(s) dict_keys(['tutorial']) retrieved from /home/airflow/.local/lib/python3.7/site-packages/airflow/example_dags/tutorial.py
[2023-07-23T00:24:03.208+0000] {logging_mixin.py:150} INFO - [2023-07-23T00:24:03.208+0000] {dag.py:2742} INFO - Sync 1 DAGs
[2023-07-23T00:24:03.223+0000] {logging_mixin.py:150} INFO - [2023-07-23T00:24:03.222+0000] {dag.py:3508} INFO - Setting next_dagrun for tutorial to 2023-07-22T00:24:03.222765+00:00, run_after=2023-07-23T00:24:03.222765+00:00
[2023-07-23T00:24:03.233+0000] {processor.py:179} INFO - Processing /home/airflow/.local/lib/python3.7/site-packages/airflow/example_dags/tutorial.py took 0.051 seconds
[2023-07-23T00:24:33.416+0000] {processor.py:157} INFO - Started process (PID=4456) to work on /home/airflow/.local/lib/python3.7/site-packages/airflow/example_dags/tutorial.py
[2023-07-23T00:24:33.417+0000] {processor.py:826} INFO - Processing file /home/airflow/.local/lib/python3.7/site-packages/airflow/example_dags/tutorial.py for tasks to queue
[2023-07-23T00:24:33.418+0000] {logging_mixin.py:150} INFO - [2023-07-23T00:24:33.418+0000] {dagbag.py:541} INFO - Filling up the DagBag from /home/airflow/.local/lib/python3.7/site-packages/airflow/example_dags/tutorial.py
[2023-07-23T00:24:33.423+0000] {processor.py:836} INFO - DAG(s) dict_keys(['tutorial']) retrieved from /home/airflow/.local/lib/python3.7/site-packages/airflow/example_dags/tutorial.py
[2023-07-23T00:24:33.439+0000] {logging_mixin.py:150} INFO - [2023-07-23T00:24:33.439+0000] {dag.py:2742} INFO - Sync 1 DAGs
[2023-07-23T00:24:33.454+0000] {logging_mixin.py:150} INFO - [2023-07-23T00:24:33.453+0000] {dag.py:3508} INFO - Setting next_dagrun for tutorial to 2023-07-22T00:24:33.453771+00:00, run_after=2023-07-23T00:24:33.453771+00:00
[2023-07-23T00:24:33.464+0000] {processor.py:179} INFO - Processing /home/airflow/.local/lib/python3.7/site-packages/airflow/example_dags/tutorial.py took 0.051 seconds
