[2023-07-23T00:00:22.416+0000] {processor.py:157} INFO - Started process (PID=1440) to work on /home/airflow/.local/lib/python3.7/site-packages/airflow/example_dags/tutorial_dag.py
[2023-07-23T00:00:22.451+0000] {processor.py:826} INFO - Processing file /home/airflow/.local/lib/python3.7/site-packages/airflow/example_dags/tutorial_dag.py for tasks to queue
[2023-07-23T00:00:22.460+0000] {logging_mixin.py:150} INFO - [2023-07-23T00:00:22.459+0000] {dagbag.py:541} INFO - Filling up the DagBag from /home/airflow/.local/lib/python3.7/site-packages/airflow/example_dags/tutorial_dag.py
[2023-07-23T00:00:22.471+0000] {processor.py:836} INFO - DAG(s) dict_keys(['tutorial_dag']) retrieved from /home/airflow/.local/lib/python3.7/site-packages/airflow/example_dags/tutorial_dag.py
[2023-07-23T00:00:22.514+0000] {logging_mixin.py:150} INFO - [2023-07-23T00:00:22.514+0000] {dag.py:2742} INFO - Sync 1 DAGs
[2023-07-23T00:00:22.536+0000] {logging_mixin.py:150} INFO - [2023-07-23T00:00:22.536+0000] {dag.py:3508} INFO - Setting next_dagrun for tutorial_dag to None, run_after=None
[2023-07-23T00:00:22.566+0000] {processor.py:179} INFO - Processing /home/airflow/.local/lib/python3.7/site-packages/airflow/example_dags/tutorial_dag.py took 0.190 seconds
[2023-07-23T00:00:52.689+0000] {processor.py:157} INFO - Started process (PID=1503) to work on /home/airflow/.local/lib/python3.7/site-packages/airflow/example_dags/tutorial_dag.py
[2023-07-23T00:00:52.691+0000] {processor.py:826} INFO - Processing file /home/airflow/.local/lib/python3.7/site-packages/airflow/example_dags/tutorial_dag.py for tasks to queue
[2023-07-23T00:00:52.691+0000] {logging_mixin.py:150} INFO - [2023-07-23T00:00:52.691+0000] {dagbag.py:541} INFO - Filling up the DagBag from /home/airflow/.local/lib/python3.7/site-packages/airflow/example_dags/tutorial_dag.py
[2023-07-23T00:00:52.695+0000] {processor.py:836} INFO - DAG(s) dict_keys(['tutorial_dag']) retrieved from /home/airflow/.local/lib/python3.7/site-packages/airflow/example_dags/tutorial_dag.py
[2023-07-23T00:00:52.716+0000] {logging_mixin.py:150} INFO - [2023-07-23T00:00:52.716+0000] {dag.py:2742} INFO - Sync 1 DAGs
[2023-07-23T00:00:52.735+0000] {logging_mixin.py:150} INFO - [2023-07-23T00:00:52.735+0000] {dag.py:3508} INFO - Setting next_dagrun for tutorial_dag to None, run_after=None
[2023-07-23T00:00:52.749+0000] {processor.py:179} INFO - Processing /home/airflow/.local/lib/python3.7/site-packages/airflow/example_dags/tutorial_dag.py took 0.062 seconds
[2023-07-23T00:01:22.867+0000] {processor.py:157} INFO - Started process (PID=1566) to work on /home/airflow/.local/lib/python3.7/site-packages/airflow/example_dags/tutorial_dag.py
[2023-07-23T00:01:22.869+0000] {processor.py:826} INFO - Processing file /home/airflow/.local/lib/python3.7/site-packages/airflow/example_dags/tutorial_dag.py for tasks to queue
[2023-07-23T00:01:22.870+0000] {logging_mixin.py:150} INFO - [2023-07-23T00:01:22.869+0000] {dagbag.py:541} INFO - Filling up the DagBag from /home/airflow/.local/lib/python3.7/site-packages/airflow/example_dags/tutorial_dag.py
[2023-07-23T00:01:22.876+0000] {processor.py:836} INFO - DAG(s) dict_keys(['tutorial_dag']) retrieved from /home/airflow/.local/lib/python3.7/site-packages/airflow/example_dags/tutorial_dag.py
[2023-07-23T00:01:22.917+0000] {logging_mixin.py:150} INFO - [2023-07-23T00:01:22.917+0000] {dag.py:2742} INFO - Sync 1 DAGs
[2023-07-23T00:01:22.939+0000] {logging_mixin.py:150} INFO - [2023-07-23T00:01:22.939+0000] {dag.py:3508} INFO - Setting next_dagrun for tutorial_dag to None, run_after=None
[2023-07-23T00:01:22.952+0000] {processor.py:179} INFO - Processing /home/airflow/.local/lib/python3.7/site-packages/airflow/example_dags/tutorial_dag.py took 0.088 seconds
[2023-07-23T00:01:52.990+0000] {processor.py:157} INFO - Started process (PID=1628) to work on /home/airflow/.local/lib/python3.7/site-packages/airflow/example_dags/tutorial_dag.py
[2023-07-23T00:01:52.991+0000] {processor.py:826} INFO - Processing file /home/airflow/.local/lib/python3.7/site-packages/airflow/example_dags/tutorial_dag.py for tasks to queue
[2023-07-23T00:01:52.992+0000] {logging_mixin.py:150} INFO - [2023-07-23T00:01:52.992+0000] {dagbag.py:541} INFO - Filling up the DagBag from /home/airflow/.local/lib/python3.7/site-packages/airflow/example_dags/tutorial_dag.py
[2023-07-23T00:01:52.996+0000] {processor.py:836} INFO - DAG(s) dict_keys(['tutorial_dag']) retrieved from /home/airflow/.local/lib/python3.7/site-packages/airflow/example_dags/tutorial_dag.py
[2023-07-23T00:01:53.014+0000] {logging_mixin.py:150} INFO - [2023-07-23T00:01:53.014+0000] {dag.py:2742} INFO - Sync 1 DAGs
[2023-07-23T00:01:53.038+0000] {logging_mixin.py:150} INFO - [2023-07-23T00:01:53.038+0000] {dag.py:3508} INFO - Setting next_dagrun for tutorial_dag to None, run_after=None
[2023-07-23T00:01:53.054+0000] {processor.py:179} INFO - Processing /home/airflow/.local/lib/python3.7/site-packages/airflow/example_dags/tutorial_dag.py took 0.067 seconds
[2023-07-23T00:02:23.509+0000] {processor.py:157} INFO - Started process (PID=1693) to work on /home/airflow/.local/lib/python3.7/site-packages/airflow/example_dags/tutorial_dag.py
[2023-07-23T00:02:23.510+0000] {processor.py:826} INFO - Processing file /home/airflow/.local/lib/python3.7/site-packages/airflow/example_dags/tutorial_dag.py for tasks to queue
[2023-07-23T00:02:23.511+0000] {logging_mixin.py:150} INFO - [2023-07-23T00:02:23.511+0000] {dagbag.py:541} INFO - Filling up the DagBag from /home/airflow/.local/lib/python3.7/site-packages/airflow/example_dags/tutorial_dag.py
[2023-07-23T00:02:23.515+0000] {processor.py:836} INFO - DAG(s) dict_keys(['tutorial_dag']) retrieved from /home/airflow/.local/lib/python3.7/site-packages/airflow/example_dags/tutorial_dag.py
[2023-07-23T00:02:23.535+0000] {logging_mixin.py:150} INFO - [2023-07-23T00:02:23.534+0000] {dag.py:2742} INFO - Sync 1 DAGs
[2023-07-23T00:02:23.550+0000] {logging_mixin.py:150} INFO - [2023-07-23T00:02:23.550+0000] {dag.py:3508} INFO - Setting next_dagrun for tutorial_dag to None, run_after=None
[2023-07-23T00:02:23.562+0000] {processor.py:179} INFO - Processing /home/airflow/.local/lib/python3.7/site-packages/airflow/example_dags/tutorial_dag.py took 0.056 seconds
[2023-07-23T00:02:54.420+0000] {processor.py:157} INFO - Started process (PID=1761) to work on /home/airflow/.local/lib/python3.7/site-packages/airflow/example_dags/tutorial_dag.py
[2023-07-23T00:02:54.422+0000] {processor.py:826} INFO - Processing file /home/airflow/.local/lib/python3.7/site-packages/airflow/example_dags/tutorial_dag.py for tasks to queue
[2023-07-23T00:02:54.424+0000] {logging_mixin.py:150} INFO - [2023-07-23T00:02:54.424+0000] {dagbag.py:541} INFO - Filling up the DagBag from /home/airflow/.local/lib/python3.7/site-packages/airflow/example_dags/tutorial_dag.py
[2023-07-23T00:02:54.430+0000] {processor.py:836} INFO - DAG(s) dict_keys(['tutorial_dag']) retrieved from /home/airflow/.local/lib/python3.7/site-packages/airflow/example_dags/tutorial_dag.py
[2023-07-23T00:02:54.452+0000] {logging_mixin.py:150} INFO - [2023-07-23T00:02:54.452+0000] {dag.py:2742} INFO - Sync 1 DAGs
[2023-07-23T00:02:54.469+0000] {logging_mixin.py:150} INFO - [2023-07-23T00:02:54.469+0000] {dag.py:3508} INFO - Setting next_dagrun for tutorial_dag to None, run_after=None
[2023-07-23T00:02:54.481+0000] {processor.py:179} INFO - Processing /home/airflow/.local/lib/python3.7/site-packages/airflow/example_dags/tutorial_dag.py took 0.064 seconds
[2023-07-23T00:03:24.826+0000] {processor.py:157} INFO - Started process (PID=1824) to work on /home/airflow/.local/lib/python3.7/site-packages/airflow/example_dags/tutorial_dag.py
[2023-07-23T00:03:24.828+0000] {processor.py:826} INFO - Processing file /home/airflow/.local/lib/python3.7/site-packages/airflow/example_dags/tutorial_dag.py for tasks to queue
[2023-07-23T00:03:24.830+0000] {logging_mixin.py:150} INFO - [2023-07-23T00:03:24.829+0000] {dagbag.py:541} INFO - Filling up the DagBag from /home/airflow/.local/lib/python3.7/site-packages/airflow/example_dags/tutorial_dag.py
[2023-07-23T00:03:24.836+0000] {processor.py:836} INFO - DAG(s) dict_keys(['tutorial_dag']) retrieved from /home/airflow/.local/lib/python3.7/site-packages/airflow/example_dags/tutorial_dag.py
[2023-07-23T00:03:24.859+0000] {logging_mixin.py:150} INFO - [2023-07-23T00:03:24.859+0000] {dag.py:2742} INFO - Sync 1 DAGs
[2023-07-23T00:03:24.875+0000] {logging_mixin.py:150} INFO - [2023-07-23T00:03:24.875+0000] {dag.py:3508} INFO - Setting next_dagrun for tutorial_dag to None, run_after=None
[2023-07-23T00:03:24.887+0000] {processor.py:179} INFO - Processing /home/airflow/.local/lib/python3.7/site-packages/airflow/example_dags/tutorial_dag.py took 0.066 seconds
[2023-07-23T00:03:55.188+0000] {processor.py:157} INFO - Started process (PID=1887) to work on /home/airflow/.local/lib/python3.7/site-packages/airflow/example_dags/tutorial_dag.py
[2023-07-23T00:03:55.190+0000] {processor.py:826} INFO - Processing file /home/airflow/.local/lib/python3.7/site-packages/airflow/example_dags/tutorial_dag.py for tasks to queue
[2023-07-23T00:03:55.191+0000] {logging_mixin.py:150} INFO - [2023-07-23T00:03:55.190+0000] {dagbag.py:541} INFO - Filling up the DagBag from /home/airflow/.local/lib/python3.7/site-packages/airflow/example_dags/tutorial_dag.py
[2023-07-23T00:03:55.195+0000] {processor.py:836} INFO - DAG(s) dict_keys(['tutorial_dag']) retrieved from /home/airflow/.local/lib/python3.7/site-packages/airflow/example_dags/tutorial_dag.py
[2023-07-23T00:03:55.220+0000] {logging_mixin.py:150} INFO - [2023-07-23T00:03:55.220+0000] {dag.py:2742} INFO - Sync 1 DAGs
[2023-07-23T00:03:55.238+0000] {logging_mixin.py:150} INFO - [2023-07-23T00:03:55.238+0000] {dag.py:3508} INFO - Setting next_dagrun for tutorial_dag to None, run_after=None
[2023-07-23T00:03:55.251+0000] {processor.py:179} INFO - Processing /home/airflow/.local/lib/python3.7/site-packages/airflow/example_dags/tutorial_dag.py took 0.066 seconds
[2023-07-23T00:04:25.659+0000] {processor.py:157} INFO - Started process (PID=1951) to work on /home/airflow/.local/lib/python3.7/site-packages/airflow/example_dags/tutorial_dag.py
[2023-07-23T00:04:25.661+0000] {processor.py:826} INFO - Processing file /home/airflow/.local/lib/python3.7/site-packages/airflow/example_dags/tutorial_dag.py for tasks to queue
[2023-07-23T00:04:25.663+0000] {logging_mixin.py:150} INFO - [2023-07-23T00:04:25.663+0000] {dagbag.py:541} INFO - Filling up the DagBag from /home/airflow/.local/lib/python3.7/site-packages/airflow/example_dags/tutorial_dag.py
[2023-07-23T00:04:25.675+0000] {processor.py:836} INFO - DAG(s) dict_keys(['tutorial_dag']) retrieved from /home/airflow/.local/lib/python3.7/site-packages/airflow/example_dags/tutorial_dag.py
[2023-07-23T00:04:25.696+0000] {logging_mixin.py:150} INFO - [2023-07-23T00:04:25.696+0000] {dag.py:2742} INFO - Sync 1 DAGs
[2023-07-23T00:04:25.712+0000] {logging_mixin.py:150} INFO - [2023-07-23T00:04:25.712+0000] {dag.py:3508} INFO - Setting next_dagrun for tutorial_dag to None, run_after=None
[2023-07-23T00:04:25.728+0000] {processor.py:179} INFO - Processing /home/airflow/.local/lib/python3.7/site-packages/airflow/example_dags/tutorial_dag.py took 0.073 seconds
[2023-07-23T00:04:56.141+0000] {processor.py:157} INFO - Started process (PID=2014) to work on /home/airflow/.local/lib/python3.7/site-packages/airflow/example_dags/tutorial_dag.py
[2023-07-23T00:04:56.143+0000] {processor.py:826} INFO - Processing file /home/airflow/.local/lib/python3.7/site-packages/airflow/example_dags/tutorial_dag.py for tasks to queue
[2023-07-23T00:04:56.144+0000] {logging_mixin.py:150} INFO - [2023-07-23T00:04:56.144+0000] {dagbag.py:541} INFO - Filling up the DagBag from /home/airflow/.local/lib/python3.7/site-packages/airflow/example_dags/tutorial_dag.py
[2023-07-23T00:04:56.150+0000] {processor.py:836} INFO - DAG(s) dict_keys(['tutorial_dag']) retrieved from /home/airflow/.local/lib/python3.7/site-packages/airflow/example_dags/tutorial_dag.py
[2023-07-23T00:04:56.171+0000] {logging_mixin.py:150} INFO - [2023-07-23T00:04:56.171+0000] {dag.py:2742} INFO - Sync 1 DAGs
[2023-07-23T00:04:56.194+0000] {logging_mixin.py:150} INFO - [2023-07-23T00:04:56.194+0000] {dag.py:3508} INFO - Setting next_dagrun for tutorial_dag to None, run_after=None
[2023-07-23T00:04:56.209+0000] {processor.py:179} INFO - Processing /home/airflow/.local/lib/python3.7/site-packages/airflow/example_dags/tutorial_dag.py took 0.073 seconds
[2023-07-23T00:05:26.440+0000] {processor.py:157} INFO - Started process (PID=2077) to work on /home/airflow/.local/lib/python3.7/site-packages/airflow/example_dags/tutorial_dag.py
[2023-07-23T00:05:26.441+0000] {processor.py:826} INFO - Processing file /home/airflow/.local/lib/python3.7/site-packages/airflow/example_dags/tutorial_dag.py for tasks to queue
[2023-07-23T00:05:26.442+0000] {logging_mixin.py:150} INFO - [2023-07-23T00:05:26.442+0000] {dagbag.py:541} INFO - Filling up the DagBag from /home/airflow/.local/lib/python3.7/site-packages/airflow/example_dags/tutorial_dag.py
[2023-07-23T00:05:26.446+0000] {processor.py:836} INFO - DAG(s) dict_keys(['tutorial_dag']) retrieved from /home/airflow/.local/lib/python3.7/site-packages/airflow/example_dags/tutorial_dag.py
[2023-07-23T00:05:26.466+0000] {logging_mixin.py:150} INFO - [2023-07-23T00:05:26.466+0000] {dag.py:2742} INFO - Sync 1 DAGs
[2023-07-23T00:05:26.481+0000] {logging_mixin.py:150} INFO - [2023-07-23T00:05:26.481+0000] {dag.py:3508} INFO - Setting next_dagrun for tutorial_dag to None, run_after=None
[2023-07-23T00:05:26.493+0000] {processor.py:179} INFO - Processing /home/airflow/.local/lib/python3.7/site-packages/airflow/example_dags/tutorial_dag.py took 0.056 seconds
[2023-07-23T00:05:56.835+0000] {processor.py:157} INFO - Started process (PID=2140) to work on /home/airflow/.local/lib/python3.7/site-packages/airflow/example_dags/tutorial_dag.py
[2023-07-23T00:05:56.837+0000] {processor.py:826} INFO - Processing file /home/airflow/.local/lib/python3.7/site-packages/airflow/example_dags/tutorial_dag.py for tasks to queue
[2023-07-23T00:05:56.839+0000] {logging_mixin.py:150} INFO - [2023-07-23T00:05:56.839+0000] {dagbag.py:541} INFO - Filling up the DagBag from /home/airflow/.local/lib/python3.7/site-packages/airflow/example_dags/tutorial_dag.py
[2023-07-23T00:05:56.844+0000] {processor.py:836} INFO - DAG(s) dict_keys(['tutorial_dag']) retrieved from /home/airflow/.local/lib/python3.7/site-packages/airflow/example_dags/tutorial_dag.py
[2023-07-23T00:05:56.878+0000] {logging_mixin.py:150} INFO - [2023-07-23T00:05:56.878+0000] {dag.py:2742} INFO - Sync 1 DAGs
[2023-07-23T00:05:56.904+0000] {logging_mixin.py:150} INFO - [2023-07-23T00:05:56.904+0000] {dag.py:3508} INFO - Setting next_dagrun for tutorial_dag to None, run_after=None
[2023-07-23T00:05:56.920+0000] {processor.py:179} INFO - Processing /home/airflow/.local/lib/python3.7/site-packages/airflow/example_dags/tutorial_dag.py took 0.088 seconds
[2023-07-23T00:06:27.571+0000] {processor.py:157} INFO - Started process (PID=2203) to work on /home/airflow/.local/lib/python3.7/site-packages/airflow/example_dags/tutorial_dag.py
[2023-07-23T00:06:27.572+0000] {processor.py:826} INFO - Processing file /home/airflow/.local/lib/python3.7/site-packages/airflow/example_dags/tutorial_dag.py for tasks to queue
[2023-07-23T00:06:27.573+0000] {logging_mixin.py:150} INFO - [2023-07-23T00:06:27.573+0000] {dagbag.py:541} INFO - Filling up the DagBag from /home/airflow/.local/lib/python3.7/site-packages/airflow/example_dags/tutorial_dag.py
[2023-07-23T00:06:27.578+0000] {processor.py:836} INFO - DAG(s) dict_keys(['tutorial_dag']) retrieved from /home/airflow/.local/lib/python3.7/site-packages/airflow/example_dags/tutorial_dag.py
[2023-07-23T00:06:27.603+0000] {logging_mixin.py:150} INFO - [2023-07-23T00:06:27.602+0000] {dag.py:2742} INFO - Sync 1 DAGs
[2023-07-23T00:06:27.621+0000] {logging_mixin.py:150} INFO - [2023-07-23T00:06:27.621+0000] {dag.py:3508} INFO - Setting next_dagrun for tutorial_dag to None, run_after=None
[2023-07-23T00:06:27.634+0000] {processor.py:179} INFO - Processing /home/airflow/.local/lib/python3.7/site-packages/airflow/example_dags/tutorial_dag.py took 0.065 seconds
[2023-07-23T00:06:58.020+0000] {processor.py:157} INFO - Started process (PID=2266) to work on /home/airflow/.local/lib/python3.7/site-packages/airflow/example_dags/tutorial_dag.py
[2023-07-23T00:06:58.022+0000] {processor.py:826} INFO - Processing file /home/airflow/.local/lib/python3.7/site-packages/airflow/example_dags/tutorial_dag.py for tasks to queue
[2023-07-23T00:06:58.023+0000] {logging_mixin.py:150} INFO - [2023-07-23T00:06:58.023+0000] {dagbag.py:541} INFO - Filling up the DagBag from /home/airflow/.local/lib/python3.7/site-packages/airflow/example_dags/tutorial_dag.py
[2023-07-23T00:06:58.028+0000] {processor.py:836} INFO - DAG(s) dict_keys(['tutorial_dag']) retrieved from /home/airflow/.local/lib/python3.7/site-packages/airflow/example_dags/tutorial_dag.py
[2023-07-23T00:06:58.049+0000] {logging_mixin.py:150} INFO - [2023-07-23T00:06:58.049+0000] {dag.py:2742} INFO - Sync 1 DAGs
[2023-07-23T00:06:58.065+0000] {logging_mixin.py:150} INFO - [2023-07-23T00:06:58.065+0000] {dag.py:3508} INFO - Setting next_dagrun for tutorial_dag to None, run_after=None
[2023-07-23T00:06:58.078+0000] {processor.py:179} INFO - Processing /home/airflow/.local/lib/python3.7/site-packages/airflow/example_dags/tutorial_dag.py took 0.061 seconds
[2023-07-23T00:07:28.423+0000] {processor.py:157} INFO - Started process (PID=2329) to work on /home/airflow/.local/lib/python3.7/site-packages/airflow/example_dags/tutorial_dag.py
[2023-07-23T00:07:28.424+0000] {processor.py:826} INFO - Processing file /home/airflow/.local/lib/python3.7/site-packages/airflow/example_dags/tutorial_dag.py for tasks to queue
[2023-07-23T00:07:28.426+0000] {logging_mixin.py:150} INFO - [2023-07-23T00:07:28.425+0000] {dagbag.py:541} INFO - Filling up the DagBag from /home/airflow/.local/lib/python3.7/site-packages/airflow/example_dags/tutorial_dag.py
[2023-07-23T00:07:28.430+0000] {processor.py:836} INFO - DAG(s) dict_keys(['tutorial_dag']) retrieved from /home/airflow/.local/lib/python3.7/site-packages/airflow/example_dags/tutorial_dag.py
[2023-07-23T00:07:28.449+0000] {logging_mixin.py:150} INFO - [2023-07-23T00:07:28.449+0000] {dag.py:2742} INFO - Sync 1 DAGs
[2023-07-23T00:07:28.466+0000] {logging_mixin.py:150} INFO - [2023-07-23T00:07:28.466+0000] {dag.py:3508} INFO - Setting next_dagrun for tutorial_dag to None, run_after=None
[2023-07-23T00:07:28.478+0000] {processor.py:179} INFO - Processing /home/airflow/.local/lib/python3.7/site-packages/airflow/example_dags/tutorial_dag.py took 0.057 seconds
[2023-07-23T00:07:58.649+0000] {processor.py:157} INFO - Started process (PID=2393) to work on /home/airflow/.local/lib/python3.7/site-packages/airflow/example_dags/tutorial_dag.py
[2023-07-23T00:07:58.651+0000] {processor.py:826} INFO - Processing file /home/airflow/.local/lib/python3.7/site-packages/airflow/example_dags/tutorial_dag.py for tasks to queue
[2023-07-23T00:07:58.652+0000] {logging_mixin.py:150} INFO - [2023-07-23T00:07:58.652+0000] {dagbag.py:541} INFO - Filling up the DagBag from /home/airflow/.local/lib/python3.7/site-packages/airflow/example_dags/tutorial_dag.py
[2023-07-23T00:07:58.657+0000] {processor.py:836} INFO - DAG(s) dict_keys(['tutorial_dag']) retrieved from /home/airflow/.local/lib/python3.7/site-packages/airflow/example_dags/tutorial_dag.py
[2023-07-23T00:07:58.684+0000] {logging_mixin.py:150} INFO - [2023-07-23T00:07:58.684+0000] {dag.py:2742} INFO - Sync 1 DAGs
[2023-07-23T00:07:58.703+0000] {logging_mixin.py:150} INFO - [2023-07-23T00:07:58.702+0000] {dag.py:3508} INFO - Setting next_dagrun for tutorial_dag to None, run_after=None
[2023-07-23T00:07:58.716+0000] {processor.py:179} INFO - Processing /home/airflow/.local/lib/python3.7/site-packages/airflow/example_dags/tutorial_dag.py took 0.071 seconds
[2023-07-23T00:08:29.866+0000] {processor.py:157} INFO - Started process (PID=2460) to work on /home/airflow/.local/lib/python3.7/site-packages/airflow/example_dags/tutorial_dag.py
[2023-07-23T00:08:29.870+0000] {processor.py:826} INFO - Processing file /home/airflow/.local/lib/python3.7/site-packages/airflow/example_dags/tutorial_dag.py for tasks to queue
[2023-07-23T00:08:29.873+0000] {logging_mixin.py:150} INFO - [2023-07-23T00:08:29.873+0000] {dagbag.py:541} INFO - Filling up the DagBag from /home/airflow/.local/lib/python3.7/site-packages/airflow/example_dags/tutorial_dag.py
[2023-07-23T00:08:29.896+0000] {processor.py:836} INFO - DAG(s) dict_keys(['tutorial_dag']) retrieved from /home/airflow/.local/lib/python3.7/site-packages/airflow/example_dags/tutorial_dag.py
[2023-07-23T00:08:29.958+0000] {logging_mixin.py:150} INFO - [2023-07-23T00:08:29.958+0000] {dag.py:2742} INFO - Sync 1 DAGs
[2023-07-23T00:08:30.019+0000] {logging_mixin.py:150} INFO - [2023-07-23T00:08:30.019+0000] {dag.py:3508} INFO - Setting next_dagrun for tutorial_dag to None, run_after=None
[2023-07-23T00:08:30.069+0000] {processor.py:179} INFO - Processing /home/airflow/.local/lib/python3.7/site-packages/airflow/example_dags/tutorial_dag.py took 0.210 seconds
[2023-07-23T00:09:00.906+0000] {processor.py:157} INFO - Started process (PID=2519) to work on /home/airflow/.local/lib/python3.7/site-packages/airflow/example_dags/tutorial_dag.py
[2023-07-23T00:09:00.908+0000] {processor.py:826} INFO - Processing file /home/airflow/.local/lib/python3.7/site-packages/airflow/example_dags/tutorial_dag.py for tasks to queue
[2023-07-23T00:09:00.910+0000] {logging_mixin.py:150} INFO - [2023-07-23T00:09:00.910+0000] {dagbag.py:541} INFO - Filling up the DagBag from /home/airflow/.local/lib/python3.7/site-packages/airflow/example_dags/tutorial_dag.py
[2023-07-23T00:09:00.917+0000] {processor.py:836} INFO - DAG(s) dict_keys(['tutorial_dag']) retrieved from /home/airflow/.local/lib/python3.7/site-packages/airflow/example_dags/tutorial_dag.py
[2023-07-23T00:09:00.946+0000] {logging_mixin.py:150} INFO - [2023-07-23T00:09:00.945+0000] {dag.py:2742} INFO - Sync 1 DAGs
[2023-07-23T00:09:00.985+0000] {logging_mixin.py:150} INFO - [2023-07-23T00:09:00.985+0000] {dag.py:3508} INFO - Setting next_dagrun for tutorial_dag to None, run_after=None
[2023-07-23T00:09:01.007+0000] {processor.py:179} INFO - Processing /home/airflow/.local/lib/python3.7/site-packages/airflow/example_dags/tutorial_dag.py took 0.106 seconds
[2023-07-23T00:09:31.946+0000] {processor.py:157} INFO - Started process (PID=2582) to work on /home/airflow/.local/lib/python3.7/site-packages/airflow/example_dags/tutorial_dag.py
[2023-07-23T00:09:31.951+0000] {processor.py:826} INFO - Processing file /home/airflow/.local/lib/python3.7/site-packages/airflow/example_dags/tutorial_dag.py for tasks to queue
[2023-07-23T00:09:31.953+0000] {logging_mixin.py:150} INFO - [2023-07-23T00:09:31.952+0000] {dagbag.py:541} INFO - Filling up the DagBag from /home/airflow/.local/lib/python3.7/site-packages/airflow/example_dags/tutorial_dag.py
[2023-07-23T00:09:31.986+0000] {processor.py:836} INFO - DAG(s) dict_keys(['tutorial_dag']) retrieved from /home/airflow/.local/lib/python3.7/site-packages/airflow/example_dags/tutorial_dag.py
[2023-07-23T00:09:32.047+0000] {logging_mixin.py:150} INFO - [2023-07-23T00:09:32.047+0000] {dag.py:2742} INFO - Sync 1 DAGs
[2023-07-23T00:09:32.119+0000] {logging_mixin.py:150} INFO - [2023-07-23T00:09:32.119+0000] {dag.py:3508} INFO - Setting next_dagrun for tutorial_dag to None, run_after=None
[2023-07-23T00:09:32.135+0000] {processor.py:179} INFO - Processing /home/airflow/.local/lib/python3.7/site-packages/airflow/example_dags/tutorial_dag.py took 0.210 seconds
[2023-07-23T00:10:02.797+0000] {processor.py:157} INFO - Started process (PID=2646) to work on /home/airflow/.local/lib/python3.7/site-packages/airflow/example_dags/tutorial_dag.py
[2023-07-23T00:10:02.800+0000] {processor.py:826} INFO - Processing file /home/airflow/.local/lib/python3.7/site-packages/airflow/example_dags/tutorial_dag.py for tasks to queue
[2023-07-23T00:10:02.802+0000] {logging_mixin.py:150} INFO - [2023-07-23T00:10:02.801+0000] {dagbag.py:541} INFO - Filling up the DagBag from /home/airflow/.local/lib/python3.7/site-packages/airflow/example_dags/tutorial_dag.py
[2023-07-23T00:10:02.808+0000] {processor.py:836} INFO - DAG(s) dict_keys(['tutorial_dag']) retrieved from /home/airflow/.local/lib/python3.7/site-packages/airflow/example_dags/tutorial_dag.py
[2023-07-23T00:10:02.849+0000] {logging_mixin.py:150} INFO - [2023-07-23T00:10:02.849+0000] {dag.py:2742} INFO - Sync 1 DAGs
[2023-07-23T00:10:02.875+0000] {logging_mixin.py:150} INFO - [2023-07-23T00:10:02.874+0000] {dag.py:3508} INFO - Setting next_dagrun for tutorial_dag to None, run_after=None
[2023-07-23T00:10:02.948+0000] {processor.py:179} INFO - Processing /home/airflow/.local/lib/python3.7/site-packages/airflow/example_dags/tutorial_dag.py took 0.160 seconds
[2023-07-23T00:10:33.797+0000] {processor.py:157} INFO - Started process (PID=2709) to work on /home/airflow/.local/lib/python3.7/site-packages/airflow/example_dags/tutorial_dag.py
[2023-07-23T00:10:33.800+0000] {processor.py:826} INFO - Processing file /home/airflow/.local/lib/python3.7/site-packages/airflow/example_dags/tutorial_dag.py for tasks to queue
[2023-07-23T00:10:33.801+0000] {logging_mixin.py:150} INFO - [2023-07-23T00:10:33.801+0000] {dagbag.py:541} INFO - Filling up the DagBag from /home/airflow/.local/lib/python3.7/site-packages/airflow/example_dags/tutorial_dag.py
[2023-07-23T00:10:33.808+0000] {processor.py:836} INFO - DAG(s) dict_keys(['tutorial_dag']) retrieved from /home/airflow/.local/lib/python3.7/site-packages/airflow/example_dags/tutorial_dag.py
[2023-07-23T00:10:33.833+0000] {logging_mixin.py:150} INFO - [2023-07-23T00:10:33.833+0000] {dag.py:2742} INFO - Sync 1 DAGs
[2023-07-23T00:10:33.850+0000] {logging_mixin.py:150} INFO - [2023-07-23T00:10:33.850+0000] {dag.py:3508} INFO - Setting next_dagrun for tutorial_dag to None, run_after=None
[2023-07-23T00:10:33.861+0000] {processor.py:179} INFO - Processing /home/airflow/.local/lib/python3.7/site-packages/airflow/example_dags/tutorial_dag.py took 0.072 seconds
[2023-07-23T00:11:04.611+0000] {processor.py:157} INFO - Started process (PID=2772) to work on /home/airflow/.local/lib/python3.7/site-packages/airflow/example_dags/tutorial_dag.py
[2023-07-23T00:11:04.613+0000] {processor.py:826} INFO - Processing file /home/airflow/.local/lib/python3.7/site-packages/airflow/example_dags/tutorial_dag.py for tasks to queue
[2023-07-23T00:11:04.615+0000] {logging_mixin.py:150} INFO - [2023-07-23T00:11:04.615+0000] {dagbag.py:541} INFO - Filling up the DagBag from /home/airflow/.local/lib/python3.7/site-packages/airflow/example_dags/tutorial_dag.py
[2023-07-23T00:11:04.622+0000] {processor.py:836} INFO - DAG(s) dict_keys(['tutorial_dag']) retrieved from /home/airflow/.local/lib/python3.7/site-packages/airflow/example_dags/tutorial_dag.py
[2023-07-23T00:11:04.648+0000] {logging_mixin.py:150} INFO - [2023-07-23T00:11:04.648+0000] {dag.py:2742} INFO - Sync 1 DAGs
[2023-07-23T00:11:04.665+0000] {logging_mixin.py:150} INFO - [2023-07-23T00:11:04.665+0000] {dag.py:3508} INFO - Setting next_dagrun for tutorial_dag to None, run_after=None
[2023-07-23T00:11:04.676+0000] {processor.py:179} INFO - Processing /home/airflow/.local/lib/python3.7/site-packages/airflow/example_dags/tutorial_dag.py took 0.070 seconds
[2023-07-23T00:11:34.989+0000] {processor.py:157} INFO - Started process (PID=2835) to work on /home/airflow/.local/lib/python3.7/site-packages/airflow/example_dags/tutorial_dag.py
[2023-07-23T00:11:34.991+0000] {processor.py:826} INFO - Processing file /home/airflow/.local/lib/python3.7/site-packages/airflow/example_dags/tutorial_dag.py for tasks to queue
[2023-07-23T00:11:34.993+0000] {logging_mixin.py:150} INFO - [2023-07-23T00:11:34.992+0000] {dagbag.py:541} INFO - Filling up the DagBag from /home/airflow/.local/lib/python3.7/site-packages/airflow/example_dags/tutorial_dag.py
[2023-07-23T00:11:34.999+0000] {processor.py:836} INFO - DAG(s) dict_keys(['tutorial_dag']) retrieved from /home/airflow/.local/lib/python3.7/site-packages/airflow/example_dags/tutorial_dag.py
[2023-07-23T00:11:35.021+0000] {logging_mixin.py:150} INFO - [2023-07-23T00:11:35.021+0000] {dag.py:2742} INFO - Sync 1 DAGs
[2023-07-23T00:11:35.038+0000] {logging_mixin.py:150} INFO - [2023-07-23T00:11:35.038+0000] {dag.py:3508} INFO - Setting next_dagrun for tutorial_dag to None, run_after=None
[2023-07-23T00:11:35.049+0000] {processor.py:179} INFO - Processing /home/airflow/.local/lib/python3.7/site-packages/airflow/example_dags/tutorial_dag.py took 0.065 seconds
[2023-07-23T00:12:05.077+0000] {processor.py:157} INFO - Started process (PID=2898) to work on /home/airflow/.local/lib/python3.7/site-packages/airflow/example_dags/tutorial_dag.py
[2023-07-23T00:12:05.078+0000] {processor.py:826} INFO - Processing file /home/airflow/.local/lib/python3.7/site-packages/airflow/example_dags/tutorial_dag.py for tasks to queue
[2023-07-23T00:12:05.079+0000] {logging_mixin.py:150} INFO - [2023-07-23T00:12:05.079+0000] {dagbag.py:541} INFO - Filling up the DagBag from /home/airflow/.local/lib/python3.7/site-packages/airflow/example_dags/tutorial_dag.py
[2023-07-23T00:12:05.082+0000] {processor.py:836} INFO - DAG(s) dict_keys(['tutorial_dag']) retrieved from /home/airflow/.local/lib/python3.7/site-packages/airflow/example_dags/tutorial_dag.py
[2023-07-23T00:12:05.100+0000] {logging_mixin.py:150} INFO - [2023-07-23T00:12:05.100+0000] {dag.py:2742} INFO - Sync 1 DAGs
[2023-07-23T00:12:05.115+0000] {logging_mixin.py:150} INFO - [2023-07-23T00:12:05.115+0000] {dag.py:3508} INFO - Setting next_dagrun for tutorial_dag to None, run_after=None
[2023-07-23T00:12:05.125+0000] {processor.py:179} INFO - Processing /home/airflow/.local/lib/python3.7/site-packages/airflow/example_dags/tutorial_dag.py took 0.050 seconds
[2023-07-23T00:12:36.271+0000] {processor.py:157} INFO - Started process (PID=2963) to work on /home/airflow/.local/lib/python3.7/site-packages/airflow/example_dags/tutorial_dag.py
[2023-07-23T00:12:36.273+0000] {processor.py:826} INFO - Processing file /home/airflow/.local/lib/python3.7/site-packages/airflow/example_dags/tutorial_dag.py for tasks to queue
[2023-07-23T00:12:36.275+0000] {logging_mixin.py:150} INFO - [2023-07-23T00:12:36.274+0000] {dagbag.py:541} INFO - Filling up the DagBag from /home/airflow/.local/lib/python3.7/site-packages/airflow/example_dags/tutorial_dag.py
[2023-07-23T00:12:36.281+0000] {processor.py:836} INFO - DAG(s) dict_keys(['tutorial_dag']) retrieved from /home/airflow/.local/lib/python3.7/site-packages/airflow/example_dags/tutorial_dag.py
[2023-07-23T00:12:36.357+0000] {logging_mixin.py:150} INFO - [2023-07-23T00:12:36.357+0000] {dag.py:2742} INFO - Sync 1 DAGs
[2023-07-23T00:12:36.428+0000] {logging_mixin.py:150} INFO - [2023-07-23T00:12:36.428+0000] {dag.py:3508} INFO - Setting next_dagrun for tutorial_dag to None, run_after=None
[2023-07-23T00:12:36.449+0000] {processor.py:179} INFO - Processing /home/airflow/.local/lib/python3.7/site-packages/airflow/example_dags/tutorial_dag.py took 0.181 seconds
[2023-07-23T00:13:07.122+0000] {processor.py:157} INFO - Started process (PID=3025) to work on /home/airflow/.local/lib/python3.7/site-packages/airflow/example_dags/tutorial_dag.py
[2023-07-23T00:13:07.124+0000] {processor.py:826} INFO - Processing file /home/airflow/.local/lib/python3.7/site-packages/airflow/example_dags/tutorial_dag.py for tasks to queue
[2023-07-23T00:13:07.124+0000] {logging_mixin.py:150} INFO - [2023-07-23T00:13:07.124+0000] {dagbag.py:541} INFO - Filling up the DagBag from /home/airflow/.local/lib/python3.7/site-packages/airflow/example_dags/tutorial_dag.py
[2023-07-23T00:13:07.129+0000] {processor.py:836} INFO - DAG(s) dict_keys(['tutorial_dag']) retrieved from /home/airflow/.local/lib/python3.7/site-packages/airflow/example_dags/tutorial_dag.py
[2023-07-23T00:13:07.148+0000] {logging_mixin.py:150} INFO - [2023-07-23T00:13:07.148+0000] {dag.py:2742} INFO - Sync 1 DAGs
[2023-07-23T00:13:07.164+0000] {logging_mixin.py:150} INFO - [2023-07-23T00:13:07.164+0000] {dag.py:3508} INFO - Setting next_dagrun for tutorial_dag to None, run_after=None
[2023-07-23T00:13:07.175+0000] {processor.py:179} INFO - Processing /home/airflow/.local/lib/python3.7/site-packages/airflow/example_dags/tutorial_dag.py took 0.056 seconds
[2023-07-23T00:13:37.480+0000] {processor.py:157} INFO - Started process (PID=3088) to work on /home/airflow/.local/lib/python3.7/site-packages/airflow/example_dags/tutorial_dag.py
[2023-07-23T00:13:37.481+0000] {processor.py:826} INFO - Processing file /home/airflow/.local/lib/python3.7/site-packages/airflow/example_dags/tutorial_dag.py for tasks to queue
[2023-07-23T00:13:37.483+0000] {logging_mixin.py:150} INFO - [2023-07-23T00:13:37.482+0000] {dagbag.py:541} INFO - Filling up the DagBag from /home/airflow/.local/lib/python3.7/site-packages/airflow/example_dags/tutorial_dag.py
[2023-07-23T00:13:37.487+0000] {processor.py:836} INFO - DAG(s) dict_keys(['tutorial_dag']) retrieved from /home/airflow/.local/lib/python3.7/site-packages/airflow/example_dags/tutorial_dag.py
[2023-07-23T00:13:37.509+0000] {logging_mixin.py:150} INFO - [2023-07-23T00:13:37.509+0000] {dag.py:2742} INFO - Sync 1 DAGs
[2023-07-23T00:13:37.530+0000] {logging_mixin.py:150} INFO - [2023-07-23T00:13:37.530+0000] {dag.py:3508} INFO - Setting next_dagrun for tutorial_dag to None, run_after=None
[2023-07-23T00:13:37.543+0000] {processor.py:179} INFO - Processing /home/airflow/.local/lib/python3.7/site-packages/airflow/example_dags/tutorial_dag.py took 0.067 seconds
[2023-07-23T00:14:07.752+0000] {processor.py:157} INFO - Started process (PID=3153) to work on /home/airflow/.local/lib/python3.7/site-packages/airflow/example_dags/tutorial_dag.py
[2023-07-23T00:14:07.754+0000] {processor.py:826} INFO - Processing file /home/airflow/.local/lib/python3.7/site-packages/airflow/example_dags/tutorial_dag.py for tasks to queue
[2023-07-23T00:14:07.755+0000] {logging_mixin.py:150} INFO - [2023-07-23T00:14:07.754+0000] {dagbag.py:541} INFO - Filling up the DagBag from /home/airflow/.local/lib/python3.7/site-packages/airflow/example_dags/tutorial_dag.py
[2023-07-23T00:14:07.759+0000] {processor.py:836} INFO - DAG(s) dict_keys(['tutorial_dag']) retrieved from /home/airflow/.local/lib/python3.7/site-packages/airflow/example_dags/tutorial_dag.py
[2023-07-23T00:14:07.779+0000] {logging_mixin.py:150} INFO - [2023-07-23T00:14:07.779+0000] {dag.py:2742} INFO - Sync 1 DAGs
[2023-07-23T00:14:07.795+0000] {logging_mixin.py:150} INFO - [2023-07-23T00:14:07.795+0000] {dag.py:3508} INFO - Setting next_dagrun for tutorial_dag to None, run_after=None
[2023-07-23T00:14:07.807+0000] {processor.py:179} INFO - Processing /home/airflow/.local/lib/python3.7/site-packages/airflow/example_dags/tutorial_dag.py took 0.057 seconds
[2023-07-23T00:14:38.793+0000] {processor.py:157} INFO - Started process (PID=3216) to work on /home/airflow/.local/lib/python3.7/site-packages/airflow/example_dags/tutorial_dag.py
[2023-07-23T00:14:38.796+0000] {processor.py:826} INFO - Processing file /home/airflow/.local/lib/python3.7/site-packages/airflow/example_dags/tutorial_dag.py for tasks to queue
[2023-07-23T00:14:38.797+0000] {logging_mixin.py:150} INFO - [2023-07-23T00:14:38.797+0000] {dagbag.py:541} INFO - Filling up the DagBag from /home/airflow/.local/lib/python3.7/site-packages/airflow/example_dags/tutorial_dag.py
[2023-07-23T00:14:38.803+0000] {processor.py:836} INFO - DAG(s) dict_keys(['tutorial_dag']) retrieved from /home/airflow/.local/lib/python3.7/site-packages/airflow/example_dags/tutorial_dag.py
[2023-07-23T00:14:38.832+0000] {logging_mixin.py:150} INFO - [2023-07-23T00:14:38.832+0000] {dag.py:2742} INFO - Sync 1 DAGs
[2023-07-23T00:14:38.849+0000] {logging_mixin.py:150} INFO - [2023-07-23T00:14:38.849+0000] {dag.py:3508} INFO - Setting next_dagrun for tutorial_dag to None, run_after=None
[2023-07-23T00:14:38.862+0000] {processor.py:179} INFO - Processing /home/airflow/.local/lib/python3.7/site-packages/airflow/example_dags/tutorial_dag.py took 0.072 seconds
[2023-07-23T00:15:09.694+0000] {processor.py:157} INFO - Started process (PID=3278) to work on /home/airflow/.local/lib/python3.7/site-packages/airflow/example_dags/tutorial_dag.py
[2023-07-23T00:15:09.697+0000] {processor.py:826} INFO - Processing file /home/airflow/.local/lib/python3.7/site-packages/airflow/example_dags/tutorial_dag.py for tasks to queue
[2023-07-23T00:15:09.699+0000] {logging_mixin.py:150} INFO - [2023-07-23T00:15:09.698+0000] {dagbag.py:541} INFO - Filling up the DagBag from /home/airflow/.local/lib/python3.7/site-packages/airflow/example_dags/tutorial_dag.py
[2023-07-23T00:15:09.707+0000] {processor.py:836} INFO - DAG(s) dict_keys(['tutorial_dag']) retrieved from /home/airflow/.local/lib/python3.7/site-packages/airflow/example_dags/tutorial_dag.py
[2023-07-23T00:15:09.739+0000] {logging_mixin.py:150} INFO - [2023-07-23T00:15:09.739+0000] {dag.py:2742} INFO - Sync 1 DAGs
[2023-07-23T00:15:09.760+0000] {logging_mixin.py:150} INFO - [2023-07-23T00:15:09.760+0000] {dag.py:3508} INFO - Setting next_dagrun for tutorial_dag to None, run_after=None
[2023-07-23T00:15:09.774+0000] {processor.py:179} INFO - Processing /home/airflow/.local/lib/python3.7/site-packages/airflow/example_dags/tutorial_dag.py took 0.115 seconds
[2023-07-23T00:15:40.732+0000] {processor.py:157} INFO - Started process (PID=3348) to work on /home/airflow/.local/lib/python3.7/site-packages/airflow/example_dags/tutorial_dag.py
[2023-07-23T00:15:40.733+0000] {processor.py:826} INFO - Processing file /home/airflow/.local/lib/python3.7/site-packages/airflow/example_dags/tutorial_dag.py for tasks to queue
[2023-07-23T00:15:40.734+0000] {logging_mixin.py:150} INFO - [2023-07-23T00:15:40.734+0000] {dagbag.py:541} INFO - Filling up the DagBag from /home/airflow/.local/lib/python3.7/site-packages/airflow/example_dags/tutorial_dag.py
[2023-07-23T00:15:40.738+0000] {processor.py:836} INFO - DAG(s) dict_keys(['tutorial_dag']) retrieved from /home/airflow/.local/lib/python3.7/site-packages/airflow/example_dags/tutorial_dag.py
[2023-07-23T00:15:40.759+0000] {logging_mixin.py:150} INFO - [2023-07-23T00:15:40.759+0000] {dag.py:2742} INFO - Sync 1 DAGs
[2023-07-23T00:15:40.785+0000] {logging_mixin.py:150} INFO - [2023-07-23T00:15:40.785+0000] {dag.py:3508} INFO - Setting next_dagrun for tutorial_dag to None, run_after=None
[2023-07-23T00:15:40.823+0000] {processor.py:179} INFO - Processing /home/airflow/.local/lib/python3.7/site-packages/airflow/example_dags/tutorial_dag.py took 0.094 seconds
[2023-07-23T00:16:11.695+0000] {processor.py:157} INFO - Started process (PID=3412) to work on /home/airflow/.local/lib/python3.7/site-packages/airflow/example_dags/tutorial_dag.py
[2023-07-23T00:16:11.696+0000] {processor.py:826} INFO - Processing file /home/airflow/.local/lib/python3.7/site-packages/airflow/example_dags/tutorial_dag.py for tasks to queue
[2023-07-23T00:16:11.699+0000] {logging_mixin.py:150} INFO - [2023-07-23T00:16:11.698+0000] {dagbag.py:541} INFO - Filling up the DagBag from /home/airflow/.local/lib/python3.7/site-packages/airflow/example_dags/tutorial_dag.py
[2023-07-23T00:16:11.704+0000] {processor.py:836} INFO - DAG(s) dict_keys(['tutorial_dag']) retrieved from /home/airflow/.local/lib/python3.7/site-packages/airflow/example_dags/tutorial_dag.py
[2023-07-23T00:16:11.726+0000] {logging_mixin.py:150} INFO - [2023-07-23T00:16:11.726+0000] {dag.py:2742} INFO - Sync 1 DAGs
[2023-07-23T00:16:11.746+0000] {logging_mixin.py:150} INFO - [2023-07-23T00:16:11.746+0000] {dag.py:3508} INFO - Setting next_dagrun for tutorial_dag to None, run_after=None
[2023-07-23T00:16:11.760+0000] {processor.py:179} INFO - Processing /home/airflow/.local/lib/python3.7/site-packages/airflow/example_dags/tutorial_dag.py took 0.068 seconds
[2023-07-23T00:16:42.342+0000] {processor.py:157} INFO - Started process (PID=3477) to work on /home/airflow/.local/lib/python3.7/site-packages/airflow/example_dags/tutorial_dag.py
[2023-07-23T00:16:42.344+0000] {processor.py:826} INFO - Processing file /home/airflow/.local/lib/python3.7/site-packages/airflow/example_dags/tutorial_dag.py for tasks to queue
[2023-07-23T00:16:42.345+0000] {logging_mixin.py:150} INFO - [2023-07-23T00:16:42.345+0000] {dagbag.py:541} INFO - Filling up the DagBag from /home/airflow/.local/lib/python3.7/site-packages/airflow/example_dags/tutorial_dag.py
[2023-07-23T00:16:42.352+0000] {processor.py:836} INFO - DAG(s) dict_keys(['tutorial_dag']) retrieved from /home/airflow/.local/lib/python3.7/site-packages/airflow/example_dags/tutorial_dag.py
[2023-07-23T00:16:42.383+0000] {logging_mixin.py:150} INFO - [2023-07-23T00:16:42.383+0000] {dag.py:2742} INFO - Sync 1 DAGs
[2023-07-23T00:16:42.402+0000] {logging_mixin.py:150} INFO - [2023-07-23T00:16:42.402+0000] {dag.py:3508} INFO - Setting next_dagrun for tutorial_dag to None, run_after=None
[2023-07-23T00:16:42.417+0000] {processor.py:179} INFO - Processing /home/airflow/.local/lib/python3.7/site-packages/airflow/example_dags/tutorial_dag.py took 0.080 seconds
[2023-07-23T00:17:13.319+0000] {processor.py:157} INFO - Started process (PID=3540) to work on /home/airflow/.local/lib/python3.7/site-packages/airflow/example_dags/tutorial_dag.py
[2023-07-23T00:17:13.321+0000] {processor.py:826} INFO - Processing file /home/airflow/.local/lib/python3.7/site-packages/airflow/example_dags/tutorial_dag.py for tasks to queue
[2023-07-23T00:17:13.321+0000] {logging_mixin.py:150} INFO - [2023-07-23T00:17:13.321+0000] {dagbag.py:541} INFO - Filling up the DagBag from /home/airflow/.local/lib/python3.7/site-packages/airflow/example_dags/tutorial_dag.py
[2023-07-23T00:17:13.326+0000] {processor.py:836} INFO - DAG(s) dict_keys(['tutorial_dag']) retrieved from /home/airflow/.local/lib/python3.7/site-packages/airflow/example_dags/tutorial_dag.py
[2023-07-23T00:17:13.347+0000] {logging_mixin.py:150} INFO - [2023-07-23T00:17:13.347+0000] {dag.py:2742} INFO - Sync 1 DAGs
[2023-07-23T00:17:13.370+0000] {logging_mixin.py:150} INFO - [2023-07-23T00:17:13.370+0000] {dag.py:3508} INFO - Setting next_dagrun for tutorial_dag to None, run_after=None
[2023-07-23T00:17:13.388+0000] {processor.py:179} INFO - Processing /home/airflow/.local/lib/python3.7/site-packages/airflow/example_dags/tutorial_dag.py took 0.071 seconds
[2023-07-23T00:17:44.088+0000] {processor.py:157} INFO - Started process (PID=3603) to work on /home/airflow/.local/lib/python3.7/site-packages/airflow/example_dags/tutorial_dag.py
[2023-07-23T00:17:44.089+0000] {processor.py:826} INFO - Processing file /home/airflow/.local/lib/python3.7/site-packages/airflow/example_dags/tutorial_dag.py for tasks to queue
[2023-07-23T00:17:44.090+0000] {logging_mixin.py:150} INFO - [2023-07-23T00:17:44.090+0000] {dagbag.py:541} INFO - Filling up the DagBag from /home/airflow/.local/lib/python3.7/site-packages/airflow/example_dags/tutorial_dag.py
[2023-07-23T00:17:44.094+0000] {processor.py:836} INFO - DAG(s) dict_keys(['tutorial_dag']) retrieved from /home/airflow/.local/lib/python3.7/site-packages/airflow/example_dags/tutorial_dag.py
[2023-07-23T00:17:44.114+0000] {logging_mixin.py:150} INFO - [2023-07-23T00:17:44.114+0000] {dag.py:2742} INFO - Sync 1 DAGs
[2023-07-23T00:17:44.131+0000] {logging_mixin.py:150} INFO - [2023-07-23T00:17:44.131+0000] {dag.py:3508} INFO - Setting next_dagrun for tutorial_dag to None, run_after=None
[2023-07-23T00:17:44.143+0000] {processor.py:179} INFO - Processing /home/airflow/.local/lib/python3.7/site-packages/airflow/example_dags/tutorial_dag.py took 0.057 seconds
[2023-07-23T00:18:14.487+0000] {processor.py:157} INFO - Started process (PID=3666) to work on /home/airflow/.local/lib/python3.7/site-packages/airflow/example_dags/tutorial_dag.py
[2023-07-23T00:18:14.489+0000] {processor.py:826} INFO - Processing file /home/airflow/.local/lib/python3.7/site-packages/airflow/example_dags/tutorial_dag.py for tasks to queue
[2023-07-23T00:18:14.489+0000] {logging_mixin.py:150} INFO - [2023-07-23T00:18:14.489+0000] {dagbag.py:541} INFO - Filling up the DagBag from /home/airflow/.local/lib/python3.7/site-packages/airflow/example_dags/tutorial_dag.py
[2023-07-23T00:18:14.494+0000] {processor.py:836} INFO - DAG(s) dict_keys(['tutorial_dag']) retrieved from /home/airflow/.local/lib/python3.7/site-packages/airflow/example_dags/tutorial_dag.py
[2023-07-23T00:18:14.513+0000] {logging_mixin.py:150} INFO - [2023-07-23T00:18:14.512+0000] {dag.py:2742} INFO - Sync 1 DAGs
[2023-07-23T00:18:14.529+0000] {logging_mixin.py:150} INFO - [2023-07-23T00:18:14.529+0000] {dag.py:3508} INFO - Setting next_dagrun for tutorial_dag to None, run_after=None
[2023-07-23T00:18:14.540+0000] {processor.py:179} INFO - Processing /home/airflow/.local/lib/python3.7/site-packages/airflow/example_dags/tutorial_dag.py took 0.055 seconds
[2023-07-23T00:18:45.299+0000] {processor.py:157} INFO - Started process (PID=3728) to work on /home/airflow/.local/lib/python3.7/site-packages/airflow/example_dags/tutorial_dag.py
[2023-07-23T00:18:45.300+0000] {processor.py:826} INFO - Processing file /home/airflow/.local/lib/python3.7/site-packages/airflow/example_dags/tutorial_dag.py for tasks to queue
[2023-07-23T00:18:45.302+0000] {logging_mixin.py:150} INFO - [2023-07-23T00:18:45.301+0000] {dagbag.py:541} INFO - Filling up the DagBag from /home/airflow/.local/lib/python3.7/site-packages/airflow/example_dags/tutorial_dag.py
[2023-07-23T00:18:45.305+0000] {processor.py:836} INFO - DAG(s) dict_keys(['tutorial_dag']) retrieved from /home/airflow/.local/lib/python3.7/site-packages/airflow/example_dags/tutorial_dag.py
[2023-07-23T00:18:45.324+0000] {logging_mixin.py:150} INFO - [2023-07-23T00:18:45.324+0000] {dag.py:2742} INFO - Sync 1 DAGs
[2023-07-23T00:18:45.340+0000] {logging_mixin.py:150} INFO - [2023-07-23T00:18:45.340+0000] {dag.py:3508} INFO - Setting next_dagrun for tutorial_dag to None, run_after=None
[2023-07-23T00:18:45.351+0000] {processor.py:179} INFO - Processing /home/airflow/.local/lib/python3.7/site-packages/airflow/example_dags/tutorial_dag.py took 0.054 seconds
[2023-07-23T00:19:15.484+0000] {processor.py:157} INFO - Started process (PID=3792) to work on /home/airflow/.local/lib/python3.7/site-packages/airflow/example_dags/tutorial_dag.py
[2023-07-23T00:19:15.486+0000] {processor.py:826} INFO - Processing file /home/airflow/.local/lib/python3.7/site-packages/airflow/example_dags/tutorial_dag.py for tasks to queue
[2023-07-23T00:19:15.487+0000] {logging_mixin.py:150} INFO - [2023-07-23T00:19:15.486+0000] {dagbag.py:541} INFO - Filling up the DagBag from /home/airflow/.local/lib/python3.7/site-packages/airflow/example_dags/tutorial_dag.py
[2023-07-23T00:19:15.491+0000] {processor.py:836} INFO - DAG(s) dict_keys(['tutorial_dag']) retrieved from /home/airflow/.local/lib/python3.7/site-packages/airflow/example_dags/tutorial_dag.py
[2023-07-23T00:19:15.510+0000] {logging_mixin.py:150} INFO - [2023-07-23T00:19:15.509+0000] {dag.py:2742} INFO - Sync 1 DAGs
[2023-07-23T00:19:15.527+0000] {logging_mixin.py:150} INFO - [2023-07-23T00:19:15.527+0000] {dag.py:3508} INFO - Setting next_dagrun for tutorial_dag to None, run_after=None
[2023-07-23T00:19:15.539+0000] {processor.py:179} INFO - Processing /home/airflow/.local/lib/python3.7/site-packages/airflow/example_dags/tutorial_dag.py took 0.057 seconds
[2023-07-23T00:19:46.009+0000] {processor.py:157} INFO - Started process (PID=3848) to work on /home/airflow/.local/lib/python3.7/site-packages/airflow/example_dags/tutorial_dag.py
[2023-07-23T00:19:46.010+0000] {processor.py:826} INFO - Processing file /home/airflow/.local/lib/python3.7/site-packages/airflow/example_dags/tutorial_dag.py for tasks to queue
[2023-07-23T00:19:46.011+0000] {logging_mixin.py:150} INFO - [2023-07-23T00:19:46.011+0000] {dagbag.py:541} INFO - Filling up the DagBag from /home/airflow/.local/lib/python3.7/site-packages/airflow/example_dags/tutorial_dag.py
[2023-07-23T00:19:46.017+0000] {processor.py:836} INFO - DAG(s) dict_keys(['tutorial_dag']) retrieved from /home/airflow/.local/lib/python3.7/site-packages/airflow/example_dags/tutorial_dag.py
[2023-07-23T00:19:46.043+0000] {logging_mixin.py:150} INFO - [2023-07-23T00:19:46.043+0000] {dag.py:2742} INFO - Sync 1 DAGs
[2023-07-23T00:19:46.059+0000] {logging_mixin.py:150} INFO - [2023-07-23T00:19:46.058+0000] {dag.py:3508} INFO - Setting next_dagrun for tutorial_dag to None, run_after=None
[2023-07-23T00:19:46.073+0000] {processor.py:179} INFO - Processing /home/airflow/.local/lib/python3.7/site-packages/airflow/example_dags/tutorial_dag.py took 0.068 seconds
[2023-07-23T00:20:16.571+0000] {processor.py:157} INFO - Started process (PID=3911) to work on /home/airflow/.local/lib/python3.7/site-packages/airflow/example_dags/tutorial_dag.py
[2023-07-23T00:20:16.572+0000] {processor.py:826} INFO - Processing file /home/airflow/.local/lib/python3.7/site-packages/airflow/example_dags/tutorial_dag.py for tasks to queue
[2023-07-23T00:20:16.574+0000] {logging_mixin.py:150} INFO - [2023-07-23T00:20:16.574+0000] {dagbag.py:541} INFO - Filling up the DagBag from /home/airflow/.local/lib/python3.7/site-packages/airflow/example_dags/tutorial_dag.py
[2023-07-23T00:20:16.579+0000] {processor.py:836} INFO - DAG(s) dict_keys(['tutorial_dag']) retrieved from /home/airflow/.local/lib/python3.7/site-packages/airflow/example_dags/tutorial_dag.py
[2023-07-23T00:20:16.598+0000] {logging_mixin.py:150} INFO - [2023-07-23T00:20:16.598+0000] {dag.py:2742} INFO - Sync 1 DAGs
[2023-07-23T00:20:16.613+0000] {logging_mixin.py:150} INFO - [2023-07-23T00:20:16.613+0000] {dag.py:3508} INFO - Setting next_dagrun for tutorial_dag to None, run_after=None
[2023-07-23T00:20:16.625+0000] {processor.py:179} INFO - Processing /home/airflow/.local/lib/python3.7/site-packages/airflow/example_dags/tutorial_dag.py took 0.056 seconds
[2023-07-23T00:20:47.208+0000] {processor.py:157} INFO - Started process (PID=3974) to work on /home/airflow/.local/lib/python3.7/site-packages/airflow/example_dags/tutorial_dag.py
[2023-07-23T00:20:47.209+0000] {processor.py:826} INFO - Processing file /home/airflow/.local/lib/python3.7/site-packages/airflow/example_dags/tutorial_dag.py for tasks to queue
[2023-07-23T00:20:47.210+0000] {logging_mixin.py:150} INFO - [2023-07-23T00:20:47.210+0000] {dagbag.py:541} INFO - Filling up the DagBag from /home/airflow/.local/lib/python3.7/site-packages/airflow/example_dags/tutorial_dag.py
[2023-07-23T00:20:47.215+0000] {processor.py:836} INFO - DAG(s) dict_keys(['tutorial_dag']) retrieved from /home/airflow/.local/lib/python3.7/site-packages/airflow/example_dags/tutorial_dag.py
[2023-07-23T00:20:47.234+0000] {logging_mixin.py:150} INFO - [2023-07-23T00:20:47.234+0000] {dag.py:2742} INFO - Sync 1 DAGs
[2023-07-23T00:20:47.250+0000] {logging_mixin.py:150} INFO - [2023-07-23T00:20:47.250+0000] {dag.py:3508} INFO - Setting next_dagrun for tutorial_dag to None, run_after=None
[2023-07-23T00:20:47.262+0000] {processor.py:179} INFO - Processing /home/airflow/.local/lib/python3.7/site-packages/airflow/example_dags/tutorial_dag.py took 0.058 seconds
[2023-07-23T00:21:17.521+0000] {processor.py:157} INFO - Started process (PID=4037) to work on /home/airflow/.local/lib/python3.7/site-packages/airflow/example_dags/tutorial_dag.py
[2023-07-23T00:21:17.523+0000] {processor.py:826} INFO - Processing file /home/airflow/.local/lib/python3.7/site-packages/airflow/example_dags/tutorial_dag.py for tasks to queue
[2023-07-23T00:21:17.524+0000] {logging_mixin.py:150} INFO - [2023-07-23T00:21:17.524+0000] {dagbag.py:541} INFO - Filling up the DagBag from /home/airflow/.local/lib/python3.7/site-packages/airflow/example_dags/tutorial_dag.py
[2023-07-23T00:21:17.529+0000] {processor.py:836} INFO - DAG(s) dict_keys(['tutorial_dag']) retrieved from /home/airflow/.local/lib/python3.7/site-packages/airflow/example_dags/tutorial_dag.py
[2023-07-23T00:21:17.552+0000] {logging_mixin.py:150} INFO - [2023-07-23T00:21:17.552+0000] {dag.py:2742} INFO - Sync 1 DAGs
[2023-07-23T00:21:17.569+0000] {logging_mixin.py:150} INFO - [2023-07-23T00:21:17.569+0000] {dag.py:3508} INFO - Setting next_dagrun for tutorial_dag to None, run_after=None
[2023-07-23T00:21:17.581+0000] {processor.py:179} INFO - Processing /home/airflow/.local/lib/python3.7/site-packages/airflow/example_dags/tutorial_dag.py took 0.062 seconds
[2023-07-23T00:21:48.527+0000] {processor.py:157} INFO - Started process (PID=4099) to work on /home/airflow/.local/lib/python3.7/site-packages/airflow/example_dags/tutorial_dag.py
[2023-07-23T00:21:48.528+0000] {processor.py:826} INFO - Processing file /home/airflow/.local/lib/python3.7/site-packages/airflow/example_dags/tutorial_dag.py for tasks to queue
[2023-07-23T00:21:48.529+0000] {logging_mixin.py:150} INFO - [2023-07-23T00:21:48.529+0000] {dagbag.py:541} INFO - Filling up the DagBag from /home/airflow/.local/lib/python3.7/site-packages/airflow/example_dags/tutorial_dag.py
[2023-07-23T00:21:48.533+0000] {processor.py:836} INFO - DAG(s) dict_keys(['tutorial_dag']) retrieved from /home/airflow/.local/lib/python3.7/site-packages/airflow/example_dags/tutorial_dag.py
[2023-07-23T00:21:48.561+0000] {logging_mixin.py:150} INFO - [2023-07-23T00:21:48.561+0000] {dag.py:2742} INFO - Sync 1 DAGs
[2023-07-23T00:21:48.577+0000] {logging_mixin.py:150} INFO - [2023-07-23T00:21:48.577+0000] {dag.py:3508} INFO - Setting next_dagrun for tutorial_dag to None, run_after=None
[2023-07-23T00:21:48.593+0000] {processor.py:179} INFO - Processing /home/airflow/.local/lib/python3.7/site-packages/airflow/example_dags/tutorial_dag.py took 0.068 seconds
[2023-07-23T00:22:19.310+0000] {processor.py:157} INFO - Started process (PID=4162) to work on /home/airflow/.local/lib/python3.7/site-packages/airflow/example_dags/tutorial_dag.py
[2023-07-23T00:22:19.312+0000] {processor.py:826} INFO - Processing file /home/airflow/.local/lib/python3.7/site-packages/airflow/example_dags/tutorial_dag.py for tasks to queue
[2023-07-23T00:22:19.312+0000] {logging_mixin.py:150} INFO - [2023-07-23T00:22:19.312+0000] {dagbag.py:541} INFO - Filling up the DagBag from /home/airflow/.local/lib/python3.7/site-packages/airflow/example_dags/tutorial_dag.py
[2023-07-23T00:22:19.317+0000] {processor.py:836} INFO - DAG(s) dict_keys(['tutorial_dag']) retrieved from /home/airflow/.local/lib/python3.7/site-packages/airflow/example_dags/tutorial_dag.py
[2023-07-23T00:22:19.336+0000] {logging_mixin.py:150} INFO - [2023-07-23T00:22:19.336+0000] {dag.py:2742} INFO - Sync 1 DAGs
[2023-07-23T00:22:19.352+0000] {logging_mixin.py:150} INFO - [2023-07-23T00:22:19.352+0000] {dag.py:3508} INFO - Setting next_dagrun for tutorial_dag to None, run_after=None
[2023-07-23T00:22:19.364+0000] {processor.py:179} INFO - Processing /home/airflow/.local/lib/python3.7/site-packages/airflow/example_dags/tutorial_dag.py took 0.056 seconds
[2023-07-23T00:22:49.916+0000] {processor.py:157} INFO - Started process (PID=4225) to work on /home/airflow/.local/lib/python3.7/site-packages/airflow/example_dags/tutorial_dag.py
[2023-07-23T00:22:49.918+0000] {processor.py:826} INFO - Processing file /home/airflow/.local/lib/python3.7/site-packages/airflow/example_dags/tutorial_dag.py for tasks to queue
[2023-07-23T00:22:49.919+0000] {logging_mixin.py:150} INFO - [2023-07-23T00:22:49.918+0000] {dagbag.py:541} INFO - Filling up the DagBag from /home/airflow/.local/lib/python3.7/site-packages/airflow/example_dags/tutorial_dag.py
[2023-07-23T00:22:49.923+0000] {processor.py:836} INFO - DAG(s) dict_keys(['tutorial_dag']) retrieved from /home/airflow/.local/lib/python3.7/site-packages/airflow/example_dags/tutorial_dag.py
[2023-07-23T00:22:49.948+0000] {logging_mixin.py:150} INFO - [2023-07-23T00:22:49.948+0000] {dag.py:2742} INFO - Sync 1 DAGs
[2023-07-23T00:22:49.972+0000] {logging_mixin.py:150} INFO - [2023-07-23T00:22:49.972+0000] {dag.py:3508} INFO - Setting next_dagrun for tutorial_dag to None, run_after=None
[2023-07-23T00:22:49.992+0000] {processor.py:179} INFO - Processing /home/airflow/.local/lib/python3.7/site-packages/airflow/example_dags/tutorial_dag.py took 0.078 seconds
[2023-07-23T00:23:20.354+0000] {processor.py:157} INFO - Started process (PID=4289) to work on /home/airflow/.local/lib/python3.7/site-packages/airflow/example_dags/tutorial_dag.py
[2023-07-23T00:23:20.356+0000] {processor.py:826} INFO - Processing file /home/airflow/.local/lib/python3.7/site-packages/airflow/example_dags/tutorial_dag.py for tasks to queue
[2023-07-23T00:23:20.356+0000] {logging_mixin.py:150} INFO - [2023-07-23T00:23:20.356+0000] {dagbag.py:541} INFO - Filling up the DagBag from /home/airflow/.local/lib/python3.7/site-packages/airflow/example_dags/tutorial_dag.py
[2023-07-23T00:23:20.361+0000] {processor.py:836} INFO - DAG(s) dict_keys(['tutorial_dag']) retrieved from /home/airflow/.local/lib/python3.7/site-packages/airflow/example_dags/tutorial_dag.py
[2023-07-23T00:23:20.380+0000] {logging_mixin.py:150} INFO - [2023-07-23T00:23:20.379+0000] {dag.py:2742} INFO - Sync 1 DAGs
[2023-07-23T00:23:20.395+0000] {logging_mixin.py:150} INFO - [2023-07-23T00:23:20.395+0000] {dag.py:3508} INFO - Setting next_dagrun for tutorial_dag to None, run_after=None
[2023-07-23T00:23:20.407+0000] {processor.py:179} INFO - Processing /home/airflow/.local/lib/python3.7/site-packages/airflow/example_dags/tutorial_dag.py took 0.056 seconds
[2023-07-23T00:23:50.724+0000] {processor.py:157} INFO - Started process (PID=4353) to work on /home/airflow/.local/lib/python3.7/site-packages/airflow/example_dags/tutorial_dag.py
[2023-07-23T00:23:50.726+0000] {processor.py:826} INFO - Processing file /home/airflow/.local/lib/python3.7/site-packages/airflow/example_dags/tutorial_dag.py for tasks to queue
[2023-07-23T00:23:50.728+0000] {logging_mixin.py:150} INFO - [2023-07-23T00:23:50.728+0000] {dagbag.py:541} INFO - Filling up the DagBag from /home/airflow/.local/lib/python3.7/site-packages/airflow/example_dags/tutorial_dag.py
[2023-07-23T00:23:50.734+0000] {processor.py:836} INFO - DAG(s) dict_keys(['tutorial_dag']) retrieved from /home/airflow/.local/lib/python3.7/site-packages/airflow/example_dags/tutorial_dag.py
[2023-07-23T00:23:50.762+0000] {logging_mixin.py:150} INFO - [2023-07-23T00:23:50.762+0000] {dag.py:2742} INFO - Sync 1 DAGs
[2023-07-23T00:23:50.782+0000] {logging_mixin.py:150} INFO - [2023-07-23T00:23:50.781+0000] {dag.py:3508} INFO - Setting next_dagrun for tutorial_dag to None, run_after=None
[2023-07-23T00:23:50.793+0000] {processor.py:179} INFO - Processing /home/airflow/.local/lib/python3.7/site-packages/airflow/example_dags/tutorial_dag.py took 0.075 seconds
[2023-07-23T00:24:21.645+0000] {processor.py:157} INFO - Started process (PID=4416) to work on /home/airflow/.local/lib/python3.7/site-packages/airflow/example_dags/tutorial_dag.py
[2023-07-23T00:24:21.647+0000] {processor.py:826} INFO - Processing file /home/airflow/.local/lib/python3.7/site-packages/airflow/example_dags/tutorial_dag.py for tasks to queue
[2023-07-23T00:24:21.648+0000] {logging_mixin.py:150} INFO - [2023-07-23T00:24:21.647+0000] {dagbag.py:541} INFO - Filling up the DagBag from /home/airflow/.local/lib/python3.7/site-packages/airflow/example_dags/tutorial_dag.py
[2023-07-23T00:24:21.652+0000] {processor.py:836} INFO - DAG(s) dict_keys(['tutorial_dag']) retrieved from /home/airflow/.local/lib/python3.7/site-packages/airflow/example_dags/tutorial_dag.py
[2023-07-23T00:24:21.673+0000] {logging_mixin.py:150} INFO - [2023-07-23T00:24:21.673+0000] {dag.py:2742} INFO - Sync 1 DAGs
[2023-07-23T00:24:21.695+0000] {logging_mixin.py:150} INFO - [2023-07-23T00:24:21.695+0000] {dag.py:3508} INFO - Setting next_dagrun for tutorial_dag to None, run_after=None
[2023-07-23T00:24:21.710+0000] {processor.py:179} INFO - Processing /home/airflow/.local/lib/python3.7/site-packages/airflow/example_dags/tutorial_dag.py took 0.067 seconds
[2023-07-23T00:24:51.772+0000] {processor.py:157} INFO - Started process (PID=4479) to work on /home/airflow/.local/lib/python3.7/site-packages/airflow/example_dags/tutorial_dag.py
[2023-07-23T00:24:51.773+0000] {processor.py:826} INFO - Processing file /home/airflow/.local/lib/python3.7/site-packages/airflow/example_dags/tutorial_dag.py for tasks to queue
[2023-07-23T00:24:51.774+0000] {logging_mixin.py:150} INFO - [2023-07-23T00:24:51.774+0000] {dagbag.py:541} INFO - Filling up the DagBag from /home/airflow/.local/lib/python3.7/site-packages/airflow/example_dags/tutorial_dag.py
[2023-07-23T00:24:51.778+0000] {processor.py:836} INFO - DAG(s) dict_keys(['tutorial_dag']) retrieved from /home/airflow/.local/lib/python3.7/site-packages/airflow/example_dags/tutorial_dag.py
[2023-07-23T00:24:51.798+0000] {logging_mixin.py:150} INFO - [2023-07-23T00:24:51.798+0000] {dag.py:2742} INFO - Sync 1 DAGs
[2023-07-23T00:24:51.816+0000] {logging_mixin.py:150} INFO - [2023-07-23T00:24:51.816+0000] {dag.py:3508} INFO - Setting next_dagrun for tutorial_dag to None, run_after=None
[2023-07-23T00:24:51.828+0000] {processor.py:179} INFO - Processing /home/airflow/.local/lib/python3.7/site-packages/airflow/example_dags/tutorial_dag.py took 0.059 seconds
[2023-07-23T00:25:22.327+0000] {processor.py:157} INFO - Started process (PID=4543) to work on /home/airflow/.local/lib/python3.7/site-packages/airflow/example_dags/tutorial_dag.py
[2023-07-23T00:25:22.328+0000] {processor.py:826} INFO - Processing file /home/airflow/.local/lib/python3.7/site-packages/airflow/example_dags/tutorial_dag.py for tasks to queue
[2023-07-23T00:25:22.329+0000] {logging_mixin.py:150} INFO - [2023-07-23T00:25:22.329+0000] {dagbag.py:541} INFO - Filling up the DagBag from /home/airflow/.local/lib/python3.7/site-packages/airflow/example_dags/tutorial_dag.py
[2023-07-23T00:25:22.333+0000] {processor.py:836} INFO - DAG(s) dict_keys(['tutorial_dag']) retrieved from /home/airflow/.local/lib/python3.7/site-packages/airflow/example_dags/tutorial_dag.py
[2023-07-23T00:25:22.353+0000] {logging_mixin.py:150} INFO - [2023-07-23T00:25:22.353+0000] {dag.py:2742} INFO - Sync 1 DAGs
[2023-07-23T00:25:22.370+0000] {logging_mixin.py:150} INFO - [2023-07-23T00:25:22.370+0000] {dag.py:3508} INFO - Setting next_dagrun for tutorial_dag to None, run_after=None
[2023-07-23T00:25:22.418+0000] {processor.py:179} INFO - Processing /home/airflow/.local/lib/python3.7/site-packages/airflow/example_dags/tutorial_dag.py took 0.094 seconds
[2023-07-23T00:25:53.208+0000] {processor.py:157} INFO - Started process (PID=4606) to work on /home/airflow/.local/lib/python3.7/site-packages/airflow/example_dags/tutorial_dag.py
[2023-07-23T00:25:53.210+0000] {processor.py:826} INFO - Processing file /home/airflow/.local/lib/python3.7/site-packages/airflow/example_dags/tutorial_dag.py for tasks to queue
[2023-07-23T00:25:53.212+0000] {logging_mixin.py:150} INFO - [2023-07-23T00:25:53.212+0000] {dagbag.py:541} INFO - Filling up the DagBag from /home/airflow/.local/lib/python3.7/site-packages/airflow/example_dags/tutorial_dag.py
[2023-07-23T00:25:53.219+0000] {processor.py:836} INFO - DAG(s) dict_keys(['tutorial_dag']) retrieved from /home/airflow/.local/lib/python3.7/site-packages/airflow/example_dags/tutorial_dag.py
[2023-07-23T00:25:53.242+0000] {logging_mixin.py:150} INFO - [2023-07-23T00:25:53.242+0000] {dag.py:2742} INFO - Sync 1 DAGs
[2023-07-23T00:25:53.263+0000] {logging_mixin.py:150} INFO - [2023-07-23T00:25:53.262+0000] {dag.py:3508} INFO - Setting next_dagrun for tutorial_dag to None, run_after=None
[2023-07-23T00:25:53.388+0000] {processor.py:179} INFO - Processing /home/airflow/.local/lib/python3.7/site-packages/airflow/example_dags/tutorial_dag.py took 0.183 seconds
[2023-07-23T00:26:24.366+0000] {processor.py:157} INFO - Started process (PID=4669) to work on /home/airflow/.local/lib/python3.7/site-packages/airflow/example_dags/tutorial_dag.py
[2023-07-23T00:26:24.369+0000] {processor.py:826} INFO - Processing file /home/airflow/.local/lib/python3.7/site-packages/airflow/example_dags/tutorial_dag.py for tasks to queue
[2023-07-23T00:26:24.372+0000] {logging_mixin.py:150} INFO - [2023-07-23T00:26:24.371+0000] {dagbag.py:541} INFO - Filling up the DagBag from /home/airflow/.local/lib/python3.7/site-packages/airflow/example_dags/tutorial_dag.py
[2023-07-23T00:26:24.384+0000] {processor.py:836} INFO - DAG(s) dict_keys(['tutorial_dag']) retrieved from /home/airflow/.local/lib/python3.7/site-packages/airflow/example_dags/tutorial_dag.py
[2023-07-23T00:26:24.429+0000] {logging_mixin.py:150} INFO - [2023-07-23T00:26:24.429+0000] {dag.py:2742} INFO - Sync 1 DAGs
[2023-07-23T00:26:24.471+0000] {logging_mixin.py:150} INFO - [2023-07-23T00:26:24.471+0000] {dag.py:3508} INFO - Setting next_dagrun for tutorial_dag to None, run_after=None
[2023-07-23T00:26:24.498+0000] {processor.py:179} INFO - Processing /home/airflow/.local/lib/python3.7/site-packages/airflow/example_dags/tutorial_dag.py took 0.139 seconds
[2023-07-23T00:26:55.101+0000] {processor.py:157} INFO - Started process (PID=4732) to work on /home/airflow/.local/lib/python3.7/site-packages/airflow/example_dags/tutorial_dag.py
[2023-07-23T00:26:55.102+0000] {processor.py:826} INFO - Processing file /home/airflow/.local/lib/python3.7/site-packages/airflow/example_dags/tutorial_dag.py for tasks to queue
[2023-07-23T00:26:55.103+0000] {logging_mixin.py:150} INFO - [2023-07-23T00:26:55.103+0000] {dagbag.py:541} INFO - Filling up the DagBag from /home/airflow/.local/lib/python3.7/site-packages/airflow/example_dags/tutorial_dag.py
[2023-07-23T00:26:55.108+0000] {processor.py:836} INFO - DAG(s) dict_keys(['tutorial_dag']) retrieved from /home/airflow/.local/lib/python3.7/site-packages/airflow/example_dags/tutorial_dag.py
[2023-07-23T00:26:55.128+0000] {logging_mixin.py:150} INFO - [2023-07-23T00:26:55.128+0000] {dag.py:2742} INFO - Sync 1 DAGs
[2023-07-23T00:26:55.143+0000] {logging_mixin.py:150} INFO - [2023-07-23T00:26:55.143+0000] {dag.py:3508} INFO - Setting next_dagrun for tutorial_dag to None, run_after=None
[2023-07-23T00:26:55.154+0000] {processor.py:179} INFO - Processing /home/airflow/.local/lib/python3.7/site-packages/airflow/example_dags/tutorial_dag.py took 0.056 seconds
[2023-07-23T00:27:25.732+0000] {processor.py:157} INFO - Started process (PID=4795) to work on /home/airflow/.local/lib/python3.7/site-packages/airflow/example_dags/tutorial_dag.py
[2023-07-23T00:27:25.734+0000] {processor.py:826} INFO - Processing file /home/airflow/.local/lib/python3.7/site-packages/airflow/example_dags/tutorial_dag.py for tasks to queue
[2023-07-23T00:27:25.735+0000] {logging_mixin.py:150} INFO - [2023-07-23T00:27:25.735+0000] {dagbag.py:541} INFO - Filling up the DagBag from /home/airflow/.local/lib/python3.7/site-packages/airflow/example_dags/tutorial_dag.py
[2023-07-23T00:27:25.741+0000] {processor.py:836} INFO - DAG(s) dict_keys(['tutorial_dag']) retrieved from /home/airflow/.local/lib/python3.7/site-packages/airflow/example_dags/tutorial_dag.py
[2023-07-23T00:27:25.767+0000] {logging_mixin.py:150} INFO - [2023-07-23T00:27:25.766+0000] {dag.py:2742} INFO - Sync 1 DAGs
[2023-07-23T00:27:25.877+0000] {logging_mixin.py:150} INFO - [2023-07-23T00:27:25.877+0000] {dag.py:3508} INFO - Setting next_dagrun for tutorial_dag to None, run_after=None
[2023-07-23T00:27:25.889+0000] {processor.py:179} INFO - Processing /home/airflow/.local/lib/python3.7/site-packages/airflow/example_dags/tutorial_dag.py took 0.161 seconds
[2023-07-23T00:27:56.348+0000] {processor.py:157} INFO - Started process (PID=4858) to work on /home/airflow/.local/lib/python3.7/site-packages/airflow/example_dags/tutorial_dag.py
[2023-07-23T00:27:56.349+0000] {processor.py:826} INFO - Processing file /home/airflow/.local/lib/python3.7/site-packages/airflow/example_dags/tutorial_dag.py for tasks to queue
[2023-07-23T00:27:56.350+0000] {logging_mixin.py:150} INFO - [2023-07-23T00:27:56.350+0000] {dagbag.py:541} INFO - Filling up the DagBag from /home/airflow/.local/lib/python3.7/site-packages/airflow/example_dags/tutorial_dag.py
[2023-07-23T00:27:56.357+0000] {processor.py:836} INFO - DAG(s) dict_keys(['tutorial_dag']) retrieved from /home/airflow/.local/lib/python3.7/site-packages/airflow/example_dags/tutorial_dag.py
[2023-07-23T00:27:56.386+0000] {logging_mixin.py:150} INFO - [2023-07-23T00:27:56.385+0000] {dag.py:2742} INFO - Sync 1 DAGs
[2023-07-23T00:27:56.411+0000] {logging_mixin.py:150} INFO - [2023-07-23T00:27:56.411+0000] {dag.py:3508} INFO - Setting next_dagrun for tutorial_dag to None, run_after=None
[2023-07-23T00:27:56.429+0000] {processor.py:179} INFO - Processing /home/airflow/.local/lib/python3.7/site-packages/airflow/example_dags/tutorial_dag.py took 0.085 seconds
