[2023-07-18T19:05:56.968+0000] {processor.py:157} INFO - Started process (PID=86) to work on /home/airflow/.local/lib/python3.7/site-packages/airflow/example_dags/plugins/event_listener.py
[2023-07-18T19:05:56.974+0000] {processor.py:826} INFO - Processing file /home/airflow/.local/lib/python3.7/site-packages/airflow/example_dags/plugins/event_listener.py for tasks to queue
[2023-07-18T19:05:56.979+0000] {logging_mixin.py:150} INFO - [2023-07-18T19:05:56.977+0000] {dagbag.py:541} INFO - Filling up the DagBag from /home/airflow/.local/lib/python3.7/site-packages/airflow/example_dags/plugins/event_listener.py
[2023-07-18T19:05:56.996+0000] {processor.py:838} WARNING - No viable dags retrieved from /home/airflow/.local/lib/python3.7/site-packages/airflow/example_dags/plugins/event_listener.py
[2023-07-18T19:05:57.085+0000] {processor.py:179} INFO - Processing /home/airflow/.local/lib/python3.7/site-packages/airflow/example_dags/plugins/event_listener.py took 0.124 seconds
[2023-07-18T19:06:27.395+0000] {processor.py:157} INFO - Started process (PID=141) to work on /home/airflow/.local/lib/python3.7/site-packages/airflow/example_dags/plugins/event_listener.py
[2023-07-18T19:06:27.398+0000] {processor.py:826} INFO - Processing file /home/airflow/.local/lib/python3.7/site-packages/airflow/example_dags/plugins/event_listener.py for tasks to queue
[2023-07-18T19:06:27.400+0000] {logging_mixin.py:150} INFO - [2023-07-18T19:06:27.399+0000] {dagbag.py:541} INFO - Filling up the DagBag from /home/airflow/.local/lib/python3.7/site-packages/airflow/example_dags/plugins/event_listener.py
[2023-07-18T19:06:27.404+0000] {processor.py:838} WARNING - No viable dags retrieved from /home/airflow/.local/lib/python3.7/site-packages/airflow/example_dags/plugins/event_listener.py
[2023-07-18T19:06:27.418+0000] {processor.py:179} INFO - Processing /home/airflow/.local/lib/python3.7/site-packages/airflow/example_dags/plugins/event_listener.py took 0.031 seconds
[2023-07-18T19:08:04.637+0000] {processor.py:157} INFO - Started process (PID=79) to work on /home/airflow/.local/lib/python3.7/site-packages/airflow/example_dags/plugins/event_listener.py
[2023-07-18T19:08:04.641+0000] {processor.py:826} INFO - Processing file /home/airflow/.local/lib/python3.7/site-packages/airflow/example_dags/plugins/event_listener.py for tasks to queue
[2023-07-18T19:08:04.645+0000] {logging_mixin.py:150} INFO - [2023-07-18T19:08:04.644+0000] {dagbag.py:541} INFO - Filling up the DagBag from /home/airflow/.local/lib/python3.7/site-packages/airflow/example_dags/plugins/event_listener.py
[2023-07-18T19:08:04.657+0000] {processor.py:838} WARNING - No viable dags retrieved from /home/airflow/.local/lib/python3.7/site-packages/airflow/example_dags/plugins/event_listener.py
[2023-07-18T19:08:04.796+0000] {processor.py:179} INFO - Processing /home/airflow/.local/lib/python3.7/site-packages/airflow/example_dags/plugins/event_listener.py took 0.165 seconds
[2023-07-18T19:08:35.871+0000] {processor.py:157} INFO - Started process (PID=141) to work on /home/airflow/.local/lib/python3.7/site-packages/airflow/example_dags/plugins/event_listener.py
[2023-07-18T19:08:35.906+0000] {processor.py:826} INFO - Processing file /home/airflow/.local/lib/python3.7/site-packages/airflow/example_dags/plugins/event_listener.py for tasks to queue
[2023-07-18T19:08:35.917+0000] {logging_mixin.py:150} INFO - [2023-07-18T19:08:35.915+0000] {dagbag.py:541} INFO - Filling up the DagBag from /home/airflow/.local/lib/python3.7/site-packages/airflow/example_dags/plugins/event_listener.py
[2023-07-18T19:08:35.926+0000] {processor.py:838} WARNING - No viable dags retrieved from /home/airflow/.local/lib/python3.7/site-packages/airflow/example_dags/plugins/event_listener.py
[2023-07-18T19:08:36.056+0000] {processor.py:179} INFO - Processing /home/airflow/.local/lib/python3.7/site-packages/airflow/example_dags/plugins/event_listener.py took 0.212 seconds
[2023-07-18T19:09:51.417+0000] {processor.py:157} INFO - Started process (PID=213) to work on /home/airflow/.local/lib/python3.7/site-packages/airflow/example_dags/plugins/event_listener.py
[2023-07-18T19:09:51.518+0000] {processor.py:826} INFO - Processing file /home/airflow/.local/lib/python3.7/site-packages/airflow/example_dags/plugins/event_listener.py for tasks to queue
[2023-07-18T19:09:51.716+0000] {logging_mixin.py:150} INFO - [2023-07-18T19:09:51.685+0000] {dagbag.py:541} INFO - Filling up the DagBag from /home/airflow/.local/lib/python3.7/site-packages/airflow/example_dags/plugins/event_listener.py
[2023-07-18T19:09:52.474+0000] {processor.py:838} WARNING - No viable dags retrieved from /home/airflow/.local/lib/python3.7/site-packages/airflow/example_dags/plugins/event_listener.py
[2023-07-18T19:09:56.219+0000] {processor.py:179} INFO - Processing /home/airflow/.local/lib/python3.7/site-packages/airflow/example_dags/plugins/event_listener.py took 5.486 seconds
[2023-07-18T19:10:29.668+0000] {processor.py:157} INFO - Started process (PID=283) to work on /home/airflow/.local/lib/python3.7/site-packages/airflow/example_dags/plugins/event_listener.py
[2023-07-18T19:10:29.715+0000] {processor.py:826} INFO - Processing file /home/airflow/.local/lib/python3.7/site-packages/airflow/example_dags/plugins/event_listener.py for tasks to queue
[2023-07-18T19:10:29.730+0000] {logging_mixin.py:150} INFO - [2023-07-18T19:10:29.727+0000] {dagbag.py:541} INFO - Filling up the DagBag from /home/airflow/.local/lib/python3.7/site-packages/airflow/example_dags/plugins/event_listener.py
[2023-07-18T19:10:29.978+0000] {processor.py:838} WARNING - No viable dags retrieved from /home/airflow/.local/lib/python3.7/site-packages/airflow/example_dags/plugins/event_listener.py
[2023-07-18T19:10:30.294+0000] {processor.py:179} INFO - Processing /home/airflow/.local/lib/python3.7/site-packages/airflow/example_dags/plugins/event_listener.py took 0.756 seconds
[2023-07-18T19:11:02.734+0000] {processor.py:157} INFO - Started process (PID=345) to work on /home/airflow/.local/lib/python3.7/site-packages/airflow/example_dags/plugins/event_listener.py
[2023-07-18T19:11:02.736+0000] {processor.py:826} INFO - Processing file /home/airflow/.local/lib/python3.7/site-packages/airflow/example_dags/plugins/event_listener.py for tasks to queue
[2023-07-18T19:11:02.741+0000] {logging_mixin.py:150} INFO - [2023-07-18T19:11:02.740+0000] {dagbag.py:541} INFO - Filling up the DagBag from /home/airflow/.local/lib/python3.7/site-packages/airflow/example_dags/plugins/event_listener.py
[2023-07-18T19:11:02.749+0000] {processor.py:838} WARNING - No viable dags retrieved from /home/airflow/.local/lib/python3.7/site-packages/airflow/example_dags/plugins/event_listener.py
[2023-07-18T19:11:02.770+0000] {processor.py:179} INFO - Processing /home/airflow/.local/lib/python3.7/site-packages/airflow/example_dags/plugins/event_listener.py took 0.040 seconds
[2023-07-18T19:11:38.336+0000] {processor.py:157} INFO - Started process (PID=411) to work on /home/airflow/.local/lib/python3.7/site-packages/airflow/example_dags/plugins/event_listener.py
[2023-07-18T19:11:38.338+0000] {processor.py:826} INFO - Processing file /home/airflow/.local/lib/python3.7/site-packages/airflow/example_dags/plugins/event_listener.py for tasks to queue
[2023-07-18T19:11:38.340+0000] {logging_mixin.py:150} INFO - [2023-07-18T19:11:38.340+0000] {dagbag.py:541} INFO - Filling up the DagBag from /home/airflow/.local/lib/python3.7/site-packages/airflow/example_dags/plugins/event_listener.py
[2023-07-18T19:11:38.345+0000] {processor.py:838} WARNING - No viable dags retrieved from /home/airflow/.local/lib/python3.7/site-packages/airflow/example_dags/plugins/event_listener.py
[2023-07-18T19:11:38.370+0000] {processor.py:179} INFO - Processing /home/airflow/.local/lib/python3.7/site-packages/airflow/example_dags/plugins/event_listener.py took 0.039 seconds
[2023-07-18T19:12:46.812+0000] {processor.py:157} INFO - Started process (PID=496) to work on /home/airflow/.local/lib/python3.7/site-packages/airflow/example_dags/plugins/event_listener.py
[2023-07-18T19:12:46.816+0000] {processor.py:826} INFO - Processing file /home/airflow/.local/lib/python3.7/site-packages/airflow/example_dags/plugins/event_listener.py for tasks to queue
[2023-07-18T19:12:46.822+0000] {logging_mixin.py:150} INFO - [2023-07-18T19:12:46.821+0000] {dagbag.py:541} INFO - Filling up the DagBag from /home/airflow/.local/lib/python3.7/site-packages/airflow/example_dags/plugins/event_listener.py
[2023-07-18T19:12:46.827+0000] {processor.py:838} WARNING - No viable dags retrieved from /home/airflow/.local/lib/python3.7/site-packages/airflow/example_dags/plugins/event_listener.py
[2023-07-18T19:12:46.886+0000] {processor.py:179} INFO - Processing /home/airflow/.local/lib/python3.7/site-packages/airflow/example_dags/plugins/event_listener.py took 0.078 seconds
[2023-07-18T19:17:35.563+0000] {processor.py:157} INFO - Started process (PID=615) to work on /home/airflow/.local/lib/python3.7/site-packages/airflow/example_dags/plugins/event_listener.py
[2023-07-18T19:17:35.612+0000] {processor.py:826} INFO - Processing file /home/airflow/.local/lib/python3.7/site-packages/airflow/example_dags/plugins/event_listener.py for tasks to queue
[2023-07-18T19:17:35.657+0000] {logging_mixin.py:150} INFO - [2023-07-18T19:17:35.642+0000] {dagbag.py:541} INFO - Filling up the DagBag from /home/airflow/.local/lib/python3.7/site-packages/airflow/example_dags/plugins/event_listener.py
[2023-07-18T19:17:35.859+0000] {processor.py:838} WARNING - No viable dags retrieved from /home/airflow/.local/lib/python3.7/site-packages/airflow/example_dags/plugins/event_listener.py
[2023-07-18T19:17:36.403+0000] {processor.py:179} INFO - Processing /home/airflow/.local/lib/python3.7/site-packages/airflow/example_dags/plugins/event_listener.py took 1.010 seconds
